Comando: /home/mpvreal/Code/Faculdade/tcc/llvm/build/bin/llc --march=aarch64 --regalloc=greedy -o -
Heurística: div(cost,pow(degree,2))
function@set_data_,0,0,0,0,0,8,0,0,0,0,8
function@set_data_tile_,0,0,0,0,0,34,0,0,0,0,34
function@get_3dfld_,109,0,0,44,0,203,42.0264,0,22.7136,0,199.727
function@close_io_,0,0,0,0,0,43,0,0,0,0,18.3929
function@_QMdiag_modPdiag,0,0,0,0,0,8,0,0,0,0,8
function@_QMdiag_modPdiag_tile,188,2,0,87,0,125,6387.06,1.75562,265.64,0,4698.52
function@_QMmod_mixingPallocate_mixing,12,0,0,12,0,33,12,0,12,0,32
function@_QMmod_mixingPinitialize_mixing,7,0,0,6,0,40,262.12,0,31.56,0,15255.8
function@_QMset_zeta_modPset_zeta,0,0,0,0,0,8,0,0,0,0,8
function@_QMset_zeta_modPset_zeta_tile,13,0,0,7,0,31,3.55882,0,2.19118,0,63.3676
function@_QMdef_var_modPdef_var,125,0,0,10,0,675,5.26353,0,3.80475,0,178.173
function@_QMnf_fread3d_bry_modPnf_fread3d_bry,16,0,0,15,0,44,41.7248,0,22.9908,0,9044.34
function@_QMnrutilParray_copy_r,0,0,0,0,0,0,0,0,0,0,0
function@_QMnrutilParray_copy_d,0,0,0,0,0,0,0,0,0,0,0
function@_QMnrutilParray_copy_i,0,0,0,0,0,0,0,0,0,0,0
function@_QMnrutilParth_r,2,0,0,1,0,15,10,0,5,0,56.6471
function@_QMnrutilParth_d,2,0,0,1,0,15,10,0,5,0,56.6471
function@_QMnrutilParth_i,0,0,0,0,0,15,0,0,0,0,56.6471
function@_QMnrutilPnrerror,0,0,0,0,0,8,0,0,0,0,8
function@_QMnrutilPreallocate_rv,0,0,0,0,0,16,0,0,0,0,7.38281
function@_QMnrutilPreallocate_iv,0,0,0,0,0,16,0,0,0,0,7.38281
function@_QMnrutilPreallocate_hv,0,0,0,0,0,23,0,0,0,0,8.39233
function@_QMnrutilPreallocate_rm,1,0,0,1,0,33,0.244141,0,0.625,0,79.3438
function@_QMnrutilPreallocate_im,1,0,0,1,0,33,0.244141,0,0.625,0,79.3438
function@_QMlmd_vmix_modPlmd_vmix,0,0,0,0,0,12,0,0,0,0,12
function@_QMlmd_vmix_modPlmd_vmix_tile,446,5,0,141,0,35,66138.3,165.8,4899.92,0,17554.9
function@_QMlmd_vmix_modPlmd_finish,0,0,0,0,0,0,0,0,0,0,0
function@_QMlmd_vmix_modPlmd_finish_tile,25,0,0,14,0,18,56.2,0,13.2154,0,635.554
function@_QMnf_fwrite3d_bry_modPnf_fwrite3d_bry,46,0,0,21,0,50,6234.05,0,132.524,0,14100.8
function@my_wtime_,0,0,0,0,0,0,0,0,0,0,0
function@lmd_swfrac_tile_,33,1,0,26,0,16,1493.2,3.15,749.55,0,1235.2
function@_QMstate_initialize_modPstate_initialize,1,0,0,1,0,38,0.384615,0,0.384615,0,14616.4
function@get_cycle_,40,0,0,17,0,56,23.4576,0,17,0,69.9443
function@wrt_info_,353,0,0,9,0,666,3.44597,0,4.75001,0,26.4655
function@_QMt3dmix_modPt3dmix2,0,0,0,0,0,8,0,0,0,0,8
function@_QMt3dmix_modPt3dmix2_tile,377,9,0,119,0,27,974010,5603.5,47390.3,0,13874.3
function@_QMini_fields_modPini_fields,0,0,0,0,0,0,0,0,0,0,0
function@_QMini_fields_modPini_fields_tile,366,4,0,110,0,124,2772.55,21.3929,211.321,0,5865.18
function@_QMini_fields_modPini_zeta,0,0,0,0,0,0,0,0,0,0,0
function@_QMini_fields_modPini_zeta_tile,24,0,0,14,0,65,16.1927,0,12.1009,0,74.5688
function@set_scoord_,7,0,0,5,0,41,31.3176,0,0.952941,0,214.871
function@_QMset_3dfld_modPset_3dfld_tile,91,1,0,25,0,82,34.8179,3.66323,15.055,0,709.405
function@initial_,0,0,0,0,0,23,0,0,0,0,17.7568
function@initial_..omp_par.9,0,0,0,0,0,8,0,0,0,0,48.5
function@initial_..omp_par.8,1,0,0,1,0,10,1,0,1,0,880.75
function@initial_..omp_par.7,1,0,0,1,0,10,1,0,1,0,880.75
function@initial_..omp_par.6,1,0,0,1,0,9,1,0,1,0,454.167
function@initial_..omp_par.5,1,0,0,1,0,9,1,0,1,0,454.167
function@initial_..omp_par.4,1,0,0,1,0,10,1,0,1,0,880.75
function@initial_..omp_par.3,1,0,0,1,0,9,1,0,1,0,454.167
function@initial_..omp_par.2,1,0,0,1,0,10,1,0,1,0,880.75
function@initial_..omp_par.1,1,0,0,1,0,10,1,0,1,0,880.75
function@initial_..omp_par,0,0,0,0,0,8,0,0,0,0,48.5
function@lubksb_,0,0,0,0,0,6,0,0,0,0,40.55
function@_QMran_statePran_init,0,0,0,0,0,3,0,0,0,0,3
function@_QMran_statePran_seed,0,0,0,0,0,3,0,0,0,0,3
function@_QMmod_gridPallocate_grid,31,0,0,6,0,56,31,0,6,0,55
function@_QMmod_gridPinitialize_grid,0,0,0,0,0,10,0,0,0,0,664.4
function@_QMpre_step3d_modPpre_step3d,0,0,0,0,0,8,0,0,0,0,8
function@_QMpre_step3d_modPpre_step3d_tile,1609,17,0,376,0,175,1.10866e+06,4051.91,28225.3,0,610914
function@checkdefs_,0,0,0,0,0,378,0,0,0,0,1791.88
function@_QQmain,0,0,0,0,0,8,0,0,0,0,8
function@checkvars_,58,0,0,11,0,304,62.5598,0,7.40624,0,1244.09
function@get_2dfld_,107,0,0,42,0,241,35.9237,0,22.7575,0,230.885
function@_QMnf_fread3d_modPnf_fread3d,38,0,0,14,0,51,11.438,0,12.0716,0,119.93
function@gasdev_s_,0,0,0,0,0,2,0,0,0,0,1.5
function@gasdev_v_,52,0,0,28,0,61,284.571,0,72.555,0,616.525
function@def_dim_,0,0,0,0,0,34,0,0,0,0,21.8824
function@inp_par_,2,0,0,1,0,76,0.688525,0,0.5,0,22.541
function@read_phypar_,377,0,0,11,0,2098,6.61033,0,8.089,0,337.397
function@decode_line_,18,0,0,12,0,61,17.7857,0,4.63265,0,50.6837
function@load_i1_,0,0,0,0,0,0,0,0,0,0,0
function@load_l1_,0,0,0,0,0,2,0,0,0,0,2
function@load_r1_,0,0,0,0,0,0,0,0,0,0,0
function@load_i_,0,0,0,0,0,9,0,0,0,0,2.51471
function@load_l_,1,0,0,1,0,28,0.309524,0,0.309524,0,149.619
function@load_r_,0,0,0,0,0,9,0,0,0,0,2.66667
function@get_varcoords_,80,0,0,14,0,80,10.0757,0,9.99805,0,59.1632
function@_QMexchange_2d_modPexchange_p2d_tile,0,0,0,0,0,4,0,0,0,0,1.47059
function@_QMexchange_2d_modPexchange_r2d_tile,0,0,0,0,0,4,0,0,0,0,1.47059
function@_QMexchange_2d_modPexchange_u2d_tile,0,0,0,0,0,4,0,0,0,0,1.47059
function@_QMexchange_2d_modPexchange_v2d_tile,0,0,0,0,0,4,0,0,0,0,1.47059
function@_QMshapiro_modPshapiro2d_tile,20,0,0,9,0,49,7.03297,0,3.76923,0,319.022
function@_QMshapiro_modPshapiro3d_tile,65,5,0,26,0,26,1974.83,217.417,58.8333,0,5438.17
function@set_ngfld_,3,0,0,2,0,47,2,0,2,0,44.2389
function@_QMuv3dmix_modPuv3dmix2,0,0,0,0,0,8,0,0,0,0,8
function@_QMuv3dmix_modPuv3dmix2_tile,386,4,0,185,0,28,373803,141.417,17292.3,0,36474.2
function@_QMocean_control_modProms_initialize,0,0,0,0,0,14,0,0,0,0,10.0484
function@_QMocean_control_modProms_initialize..omp_par,0,0,0,0,0,8,0,0,0,0,48.5
function@_QMocean_control_modProms_run,0,0,0,0,0,10,0,0,0,0,10
function@_QMocean_control_modProms_finalize,0,0,0,0,0,8,0,0,0,0,8
function@_QMocean_control_modProms_finalize..omp_par,0,0,0,0,0,8,0,0,0,0,48.5
function@_QMstep2d_modPstep2d,179,0,0,178,0,5,179,0,178,0,5
function@_QMstep2d_modPstep2d_tile,2243,27,0,526,0,391,11685.3,36.177,422.96,0,2373.24
function@_QMmod_forcesPallocate_forces,10,0,0,5,0,22,10,0,5,0,21
function@_QMmod_forcesPinitialize_forces,0,0,0,0,0,2,0,0,0,0,12.75
function@_QMnf_fwrite2d_modPnf_fwrite2d,1,0,0,1,0,35,0.388889,0,1,0,34.5
function@_QMu3dbc_modPu3dbc,0,0,0,0,0,1,0,0,0,0,1
function@_QMu3dbc_modPu3dbc_tile,0,0,0,0,0,12,0,0,0,0,37.7778
function@def_his_,192,0,0,22,0,574,34.7022,0,1.45315,0,176.005
function@_QMmetrics_modPmetrics,18,0,0,18,0,0,18,0,18,0,0
function@_QMmetrics_modPmetrics_tile,781,6,0,292,0,344,3731.51,7.84615,561.246,0,1310.42
function@_QMt3dbc_modPt3dbc,0,0,0,0,0,3,0,0,0,0,3
function@_QMt3dbc_modPt3dbc_tile,0,0,0,0,0,12,0,0,0,0,37.7778
function@set_weights_,0,0,0,0,0,66,0,0,0,0,3721.05
function@_QMnf_fwrite4d_modPnf_fwrite4d,37,0,0,23,0,33,362.083,0,47.375,0,6767.75
function@_QMwvelocity_modPwvelocity,5,0,0,5,0,0,5,0,5,0,0
function@_QMwvelocity_modPwvelocity_tile,463,6,0,151,0,47,32756.4,284,1039.19,0,15666.3
function@_QMbulk_flux_modPbulk_flux,12,0,0,12,0,6,12,0,12,0,6
function@_QMbulk_flux_modPbulk_flux_tile,606,2,0,262,0,274,252256,6.24719,39788.8,0,148813
function@_QMbulk_flux_modPbulk_psiu,0,0,0,0,0,12,0,0,0,0,6.5
function@_QMbulk_flux_modPbulk_psit,0,0,0,0,0,10,0,0,0,0,5.5
function@_QMnf_fwrite3d_modPnf_fwrite3d,6,0,0,5,0,39,2.64423,0,4.625,0,362.442
function@get_state_,35,0,0,7,0,353,0.773752,0,2.20848,0,30.6938
function@_QMutility_modPnrng,9,2,0,9,1,10,2.8489,0.935897,1.94048,0.467949,8.56227
function@_QMutility_modPurng,0,0,0,0,0,0,0,0,0,0,0
function@checkadj_,0,0,0,0,0,86,0,0,0,0,70
function@_QManalytical_modPana_btflux,0,0,0,0,0,2,0,0,0,0,2
function@_QManalytical_modPana_btflux_tile,0,0,0,0,0,18,0,0,0,0,26.3497
function@_QManalytical_modPana_cloud,0,0,0,0,0,2,0,0,0,0,2
function@_QManalytical_modPana_cloud_tile,0,0,0,0,0,21,0,0,0,0,58.3
function@_QManalytical_modPana_grid,14,0,0,14,0,1,14,0,14,0,1
function@_QManalytical_modPana_grid_tile,294,2,0,146,0,195,1810.47,2.775,329.075,0,1468.77
function@_QManalytical_modPana_humid,0,0,0,0,0,2,0,0,0,0,2
function@_QManalytical_modPana_humid_tile,0,0,0,0,0,21,0,0,0,0,58.3
function@_QManalytical_modPana_initial,0,0,0,0,0,2,0,0,0,0,1.5
function@_QManalytical_modPana_nlminitial_tile,104,0,0,37,0,65,12064.6,0,570.025,0,34970.3
function@_QManalytical_modPana_pair,0,0,0,0,0,2,0,0,0,0,2
function@_QManalytical_modPana_pair_tile,0,0,0,0,0,21,0,0,0,0,58.3
function@_QManalytical_modPana_rain,0,0,0,0,0,2,0,0,0,0,2
function@_QManalytical_modPana_rain_tile,0,0,0,0,0,21,0,0,0,0,58.3
function@_QManalytical_modPana_srflux,0,0,0,0,0,2,0,0,0,0,2
function@_QManalytical_modPana_srflux_tile,71,0,0,50,0,9,3633.93,0,80.5,0,207.45
function@_QManalytical_modPana_stflux,0,0,0,0,0,2,0,0,0,0,2
function@_QManalytical_modPana_stflux_tile,0,0,0,0,0,22,0,0,0,0,33.1534
function@_QManalytical_modPana_tair,0,0,0,0,0,2,0,0,0,0,2
function@_QManalytical_modPana_tair_tile,0,0,0,0,0,21,0,0,0,0,58.3
function@_QManalytical_modPana_winds,0,0,0,0,0,2,0,0,0,0,2
function@_QManalytical_modPana_winds_tile,53,1,0,33,0,16,822.3,1.575,154.65,0,396.375
function@_QMbc_bry3d_modPbc_r3d_bry_tile,0,0,0,0,0,10,0,0,0,0,0.901961
function@_QMbc_bry3d_modPbc_u3d_bry_tile,0,0,0,0,0,10,0,0,0,0,0.892157
function@_QMbc_bry3d_modPbc_v3d_bry_tile,0,0,0,0,0,10,0,0,0,0,0.892157
function@get_data_,0,0,0,0,0,5,0,0,0,0,5
function@_QMstep3d_t_modPstep3d_t,0,0,0,0,0,8,0,0,0,0,8
function@_QMstep3d_t_modPstep3d_t_tile,672,10,0,205,0,170,1.17835e+06,5649.57,49649.3,0,984437
function@_QMmod_netcdfPnetcdf_get_dim,0,0,0,0,0,8,0,0,0,0,8
function@_QMmod_netcdfPnetcdf_check_dim,0,0,0,0,0,8,0,0,0,0,8
function@_QMmod_netcdfPnetcdf_check_var,0,0,0,0,0,8,0,0,0,0,8
function@_QMmod_netcdfPnetcdf_inq_var,0,0,0,0,0,8,0,0,0,0,8
function@_QMmod_netcdfPnetcdf_inq_varid,0,0,0,0,0,8,0,0,0,0,8
function@_QMmod_netcdfPnetcdf_get_fatt,0,0,0,0,0,8,0,0,0,0,8
function@_QMmod_netcdfPnetcdf_get_fvar_0d,0,0,0,0,0,8,0,0,0,0,8
function@_QMmod_netcdfPnetcdf_get_fvar_1d,0,0,0,0,0,8,0,0,0,0,8
function@_QMmod_netcdfPnetcdf_get_fvar_2d,0,0,0,0,0,8,0,0,0,0,8
function@_QMmod_netcdfPnetcdf_get_fvar_3d,0,0,0,0,0,8,0,0,0,0,8
function@_QMmod_netcdfPnetcdf_get_fvar_4d,0,0,0,0,0,8,0,0,0,0,8
function@_QMmod_netcdfPnetcdf_get_ivar_0d,0,0,0,0,0,8,0,0,0,0,8
function@_QMmod_netcdfPnetcdf_get_ivar_1d,0,0,0,0,0,8,0,0,0,0,8
function@_QMmod_netcdfPnetcdf_get_ivar_2d,0,0,0,0,0,8,0,0,0,0,8
function@_QMmod_netcdfPnetcdf_get_svar_0d,0,0,0,0,0,8,0,0,0,0,8
function@_QMmod_netcdfPnetcdf_get_svar_1d,0,0,0,0,0,8,0,0,0,0,8
function@_QMmod_netcdfPnetcdf_put_fvar_0d,0,0,0,0,0,8,0,0,0,0,8
function@_QMmod_netcdfPnetcdf_put_fvar_1d,0,0,0,0,0,8,0,0,0,0,8
function@_QMmod_netcdfPnetcdf_put_fvar_2d,0,0,0,0,0,8,0,0,0,0,8
function@_QMmod_netcdfPnetcdf_put_fvar_3d,0,0,0,0,0,8,0,0,0,0,8
function@_QMmod_netcdfPnetcdf_put_fvar_4d,0,0,0,0,0,8,0,0,0,0,8
function@_QMmod_netcdfPnetcdf_put_ivar_0d,0,0,0,0,0,8,0,0,0,0,8
function@_QMmod_netcdfPnetcdf_put_ivar_1d,0,0,0,0,0,8,0,0,0,0,8
function@_QMmod_netcdfPnetcdf_put_ivar_2d,0,0,0,0,0,8,0,0,0,0,8
function@_QMmod_netcdfPnetcdf_put_lvar_0d,0,0,0,0,0,8,0,0,0,0,8
function@_QMmod_netcdfPnetcdf_put_lvar_1d,0,0,0,0,0,8,0,0,0,0,8
function@_QMmod_netcdfPnetcdf_put_lvar_2d,0,0,0,0,0,8,0,0,0,0,8
function@_QMmod_netcdfPnetcdf_put_svar_0d,0,0,0,0,0,8,0,0,0,0,8
function@_QMmod_netcdfPnetcdf_put_svar_1d,0,0,0,0,0,8,0,0,0,0,8
function@_QMmod_netcdfPnetcdf_close,0,0,0,0,0,8,0,0,0,0,8
function@_QMmod_netcdfPnetcdf_create,0,0,0,0,0,8,0,0,0,0,8
function@_QMmod_netcdfPnetcdf_enddef,0,0,0,0,0,8,0,0,0,0,8
function@_QMmod_netcdfPnetcdf_open,0,0,0,0,0,8,0,0,0,0,8
function@_QMmod_netcdfPnetcdf_redef,0,0,0,0,0,8,0,0,0,0,8
function@_QMmod_netcdfPnetcdf_sync,0,0,0,0,0,8,0,0,0,0,8
function@_QMlmd_skpp_modPlmd_skpp,0,0,0,0,0,0,0,0,0,0,0
function@_QMlmd_skpp_modPlmd_skpp_tile,1584,8,0,390,0,221,354776,137.841,13226.6,0,31079.7
function@_QMnf_fread4d_modPnf_fread4d,62,0,0,35,0,41,305.024,0,30.6341,0,1979.51
function@wclock_on_,0,0,0,0,0,15,0,0,0,0,14.381
function@wclock_off_,0,0,0,0,0,14,0,0,0,0,14
function@mod_arrays_,0,0,0,0,0,9,0,0,0,0,9
function@mod_arrays_..omp_par,0,0,0,0,0,9,0,0,0,0,28.5833
function@_QMinterpolate_modPlinterp2d,0,0,0,0,0,0,0,0,0,0,0
function@_QMinterpolate_modPcinterp2d,15,0,0,15,0,11,1830.75,0,477.667,0,1921.25
function@_QMinterpolate_modPhindices,67,0,0,35,0,40,6995.03,0,719.971,0,6971.44
function@_QMinterpolate_modPtry_range,28,0,0,11,0,41,6.79396,0,6.2735,0,10.8663
function@_QMinterpolate_modPinside,0,0,0,0,0,8,0,0,0,0,58.2209
function@_QMbc_3d_modPbc_r3d_tile,8,0,0,6,0,22,6.98765,0,6,0,37.8765
function@_QMbc_3d_modPbc_u3d_tile,1,0,0,1,0,12,1,0,1,0,25.5802
function@_QMbc_3d_modPbc_v3d_tile,1,0,0,1,0,28,1,0,1,0,50.6667
function@_QMbc_3d_modPbc_w3d_tile,8,0,0,6,0,22,6.98765,0,6,0,37.8765
function@wrt_his_,54,0,0,10,0,258,2.13677,0,0.618164,0,30.1706
function@_QMmod_couplingPallocate_coupling,5,0,0,5,0,15,5,0,5,0,14
function@_QMmod_couplingPinitialize_coupling,0,0,0,0,0,2,0,0,0,0,12.75
function@_QMnf_fwrite2d_bry_modPnf_fwrite2d_bry,23,0,0,11,0,36,410.714,0,7.95238,0,614.571
function@_QMwhite_noise_modPwhite_noise1d,0,0,0,0,0,48,0,0,0,0,18.8485
function@_QMwhite_noise_modPwhite_noise2d,10,0,0,6,0,30,3.97895,0,6,0,44.8421
function@_QMwhite_noise_modPwhite_noise2d_bry,8,0,0,3,0,41,1.99023,0,3,0,15.873
function@_QMwhite_noise_modPwhite_noise3d,13,0,0,7,0,39,4.68421,0,7,0,468.592
function@_QMwhite_noise_modPwhite_noise3d_bry,11,0,0,5,0,38,3.26316,0,4.32895,0,38.5395
function@get_ngfld_,101,0,0,35,0,203,29.3469,0,17.4418,0,143.947
function@regrid_,46,0,0,25,0,66,14.8947,0,18.9368,0,73.8737
function@_QMv3dbc_modPv3dbc,0,0,0,0,0,1,0,0,0,0,1
function@_QMv3dbc_modPv3dbc_tile,0,0,0,0,0,12,0,0,0,0,37.7778
function@_QMstate_dotprod_modPstate_dotprod,58,0,0,23,0,45,448.95,0,20.6,0,11389.7
function@get_bounds_,0,0,0,0,0,13,0,0,0,0,13
function@get_domain_,17,0,0,5,0,29,4.5,0,5,0,29
function@get_iobounds_,0,0,0,0,0,0,0,0,0,0,0
function@get_tile_,0,0,0,0,0,0,0,0,0,0,0
function@tile_bounds_1d_,0,0,0,0,0,0,0,0,0,0,0
function@tile_bounds_2d_,0,0,0,0,0,0,0,0,0,0,0
function@var_bounds_,0,0,0,0,0,0,0,0,0,0,0
function@_QMset_massflux_modPset_massflux,10,0,0,10,0,4,10,0,10,0,4
function@_QMset_massflux_modPset_massflux_tile,60,0,0,26,0,19,1603.24,0,48.9524,0,18.619
function@_QMzetabc_modPzetabc,0,0,0,0,0,1,0,0,0,0,1
function@_QMzetabc_modPzetabc_tile,0,0,0,0,0,4,0,0,0,0,1.47059
function@_QMbc_2d_modPbc_r2d_tile,0,0,0,0,0,12,0,0,0,0,0.667482
function@_QMbc_2d_modPbc_u2d_tile,0,0,0,0,0,4,0,0,0,0,1.47059
function@_QMbc_2d_modPbc_v2d_tile,0,0,0,0,0,15,0,0,0,0,0.823529
function@_QMnf_fread2d_modPnf_fread2d,184,0,0,80,0,91,11.0042,0,15.4148,0,20.8201
function@_QMv2dbc_modPv2dbc,0,0,0,0,0,1,0,0,0,0,1
function@_QMv2dbc_modPv2dbc_tile,0,0,0,0,0,4,0,0,0,0,1.47059
function@_QMrhs3d_modPrhs3d,0,0,0,0,0,16,0,0,0,0,16
function@_QMrhs3d_modPrhs3d_tile,1406,24,0,325,0,177,99159.1,688,3099.67,0,44240.8
function@def_rst_,0,0,0,0,0,3,0,0,0,0,3
function@_QMmod_paramPinitialize_param,0,0,0,0,0,0,0,0,0,0,0
function@_QMset_2dfld_modPset_2dfld_tile,22,0,0,10,0,91,4.55326,0,8.20962,0,52.701
function@_QMrho_eos_modPrho_eos,6,0,0,6,0,4,6,0,6,0,4
function@_QMrho_eos_modPrho_eos_tile,610,7,0,226,0,122,616346,228.381,66015.4,0,42677.9
function@_QMstiffness_modPstiffness,0,0,0,0,0,0,0,0,0,0,0
function@_QMstiffness_modPstiffness_tile,22,0,0,9,0,70,7.77982,0,7.00917,0,21396.4
function@_QMprsgrd_modPprsgrd,0,0,0,0,0,8,0,0,0,0,8
function@_QMprsgrd_modPprsgrd_tile,433,7,0,160,0,103,95979.7,272.583,3705.17,0,33740.8
function@_QMu2dbc_modPu2dbc,0,0,0,0,0,1,0,0,0,0,1
function@_QMu2dbc_modPu2dbc_tile,0,0,0,0,0,4,0,0,0,0,1.47059
function@def_info_,613,0,0,43,0,437,10.7015,0,7.85742,0,336.783
function@_QMstate_scale_modPstate_scale,6,0,0,3,0,40,17.7385,0,3,0,14618.4
function@_QMmod_ncparamPinitialize_ncparam,15,0,0,14,0,583,157.336,0,90.7655,0,4099.7
function@_QMmod_scalarsPinitialize_scalars,0,0,0,0,0,25,0,0,0,0,17.6863
function@_QMnf_fread2d_bry_modPnf_fread2d_bry,7,0,0,7,0,38,6.30275,0,7,0,476.349
function@_QMstate_addition_modPstate_addition,70,0,0,34,0,14,8060.18,0,158,0,7564.72
function@wrt_rst_,0,0,0,0,0,153,0,0,0,0,16.9751
function@_QMomega_modPomega,0,0,0,0,0,8,0,0,0,0,8
function@_QMomega_modPomega_tile,112,4,0,35,0,52,3078.81,69.3333,97.5238,0,7006
function@_QMomega_modPscale_omega,13,0,0,8,0,17,78.6462,0,10.7385,0,937.461
function@_QMextract_sta_modPextract_sta2d,12,0,0,3,0,30,2.19608,0,3,0,36.3333
function@_QMextract_sta_modPextract_sta3d,129,0,0,52,0,98,84.6244,0,10.5634,0,86.5493
function@checkerror_,1,0,0,1,0,44,0.47619,0,0.47619,0,32.0952
function@output_,0,0,0,0,0,24,0,0,0,0,16.1718
function@_QMexchange_3d_modPexchange_p3d_tile,0,0,0,0,0,12,0,0,0,0,25.5802
function@_QMexchange_3d_modPexchange_r3d_tile,0,0,0,0,0,12,0,0,0,0,25.5802
function@_QMexchange_3d_modPexchange_u3d_tile,0,0,0,0,0,12,0,0,0,0,25.5802
function@_QMexchange_3d_modPexchange_v3d_tile,0,0,0,0,0,12,0,0,0,0,25.5802
function@_QMexchange_3d_modPexchange_w3d_tile,0,0,0,0,0,12,0,0,0,0,25.5802
function@get_date_,0,0,0,0,0,4,0,0,0,0,4
function@day_code_,0,0,0,0,0,4,0,0,0,0,1.32
function@caldate_,0,0,0,0,0,24,0,0,0,0,9.21765
function@ref_att_,0,0,0,0,0,30,0,0,0,0,30
function@time_string_,0,0,0,0,0,12,0,0,0,0,12
function@_QMset_vbc_modPset_vbc,0,0,0,0,0,8,0,0,0,0,8
function@_QMset_vbc_modPset_vbc_tile,59,0,0,25,0,23,143.225,0,21.575,0,467.475
function@_QMset_depth_modPset_depth,0,0,0,0,0,0,0,0,0,0,0
function@_QMset_depth_modPset_depth_tile,217,3,0,85,0,35,5091.18,11.5263,450.868,0,1667.16
function@_QMstate_product_modPstate_product,107,2,0,49,0,45,20512.4,63.95,199,0,12454.6
function@_QMstrings_modPfind_string,3,0,0,3,0,12,20.6154,0,2.61538,0,83.8846
function@_QMstrings_modPlowercase,0,0,0,0,0,10,0,0,0,0,47.5
function@_QMstrings_modPuppercase,0,0,0,0,0,10,0,0,0,0,47.5
function@_QMstep3d_uv_modPstep3d_uv,25,0,0,25,0,5,25,0,25,0,5
function@_QMstep3d_uv_modPstep3d_uv_tile,1492,25,0,328,0,220,67879.8,524.75,7904.33,0,30971.8
function@ludcmp_,0,0,0,0,0,21,0,0,0,0,362.35
function@_QMstate_copy_modPstate_copy,52,0,0,25,0,23,852.975,0,45.6,0,14694.3
function@ran1_s_,0,0,0,0,0,3,0,0,0,0,3
function@ran1_v_,0,0,0,0,0,3,0,0,0,0,3
function@_QMmod_parallelPinitialize_parallel,0,0,0,0,0,13,0,0,0,0,13
function@main3d_,0,0,0,0,0,22,0,0,0,0,12.4922
function@main3d_..omp_par.13,1,0,0,1,0,9,1,0,1,0,454.167
function@main3d_..omp_par.12,1,0,0,1,0,9,1,0,1,0,283.5
function@main3d_..omp_par.11,1,0,0,1,0,9,1,0,1,0,283.5
function@main3d_..omp_par.10,1,0,0,1,0,9,1,0,1,0,454.167
function@main3d_..omp_par.9,1,0,0,1,0,9,1,0,1,0,283.5
function@main3d_..omp_par.8,1,0,0,1,0,9,1,0,1,0,283.5
function@main3d_..omp_par.7,1,0,0,1,0,9,1,0,1,0,283.5
function@main3d_..omp_par.6,1,0,0,1,0,9,1,0,1,0,454.167
function@main3d_..omp_par.5,1,0,0,1,0,11,1,0,1,0,795.333
function@main3d_..omp_par.4,1,0,0,1,0,10,1,0,1,0,880.75
function@main3d_..omp_par.3,1,0,0,1,0,11,1,0,1,0,1307.33
function@main3d_..omp_par.2,1,0,0,1,0,10,1,0,1,0,539.417
function@main3d_..omp_par.1,1,0,0,1,0,10,1,0,1,0,880.75
function@main3d_..omp_par,1,0,0,1,0,9,1,0,1,0,454.167
function@_QMbc_bry2d_modPbc_r2d_bry_tile,0,0,0,0,0,0,0,0,0,0,0
function@_QMbc_bry2d_modPbc_u2d_bry_tile,0,0,0,0,0,0,0,0,0,0,0
function@_QMbc_bry2d_modPbc_v2d_bry_tile,0,0,0,0,0,0,0,0,0,0,0
function@_QMmod_oceanPallocate_ocean,28,0,0,19,0,31,28,0,19,0,30
function@_QMmod_oceanPinitialize_ocean,1,0,0,1,0,15,10.2,0,10.2,0,8555.4
