Comando: /home/mpvreal/Code/Faculdade/tcc/llvm/build/bin/llc --march=x86 --regalloc=basic -o -
Heurística: original
function@_ZN11TimeControlC2Eiiii,0,0,0,0,0,0,0,0,0,0,0
function@_ZN11TimeControl13set_boardsizeEi,0,0,0,0,0,0,0,0,0,0,0
function@_ZN11TimeControl5startEi,0,0,0,0,0,0,0,0,0,0,0
function@_ZN11TimeControl4stopEi,0,0,0,0,0,1,0,0,0,0,1
function@_ZN11TimeControl12time_forfeitEi,0,0,0,0,0,0,0,0,0,0,0
function@_ZN11TimeControl13display_timesEv,0,0,0,0,0,16,0,0,0,0,16
function@_ZN11TimeControl17max_time_for_moveEi,0,0,0,0,0,4,0,0,0,0,1.75926
function@_ZN11TimeControl11adjust_timeEiii,0,0,0,0,0,0,0,0,0,0,0
function@_ZN11TimeControl12get_maintimeEv,0,0,0,0,0,1,0,0,0,0,1
function@_ZN11TimeControl18get_remaining_timeEi,0,0,0,0,0,0,0,0,0,0,0
function@_ZN9SGFParser14chop_from_fileENSt7__cxx1112basic_stringIcSt11char_traitsIcESaIcEEEi,7,5,0,3,5,5,78.4969,32.8198,31.9988,3.93742,4.05357e-05
function@_ZN9SGFParser19parse_property_nameERNSt7__cxx1119basic_istringstreamIcSt11char_traitsIcESaIcEEE,9,2,0,5,0,4,115.894,15.2536,54.8797,0,16.2536
function@_ZN9SGFParser20parse_property_valueERNSt7__cxx1119basic_istringstreamIcSt11char_traitsIcESaIcEEERNS0_12basic_stringIcS3_S4_EE,6,3,0,5,0,1,44,10,21.25,0,8
function@_ZN9SGFParser5parseERNSt7__cxx1119basic_istringstreamIcSt11char_traitsIcESaIcEEEP7SGFTree,9,4,0,6,2,19,300.484,64.4501,129.231,0.378878,364.851
function@_ZN7SGFTreeC2ERKS_,2,3,0,2,1,10,1,1.62469,1.99969,1,43.862
function@_ZN7SGFTreeD2Ev,0,0,0,0,0,0,0,0,0,0,0
function@_ZNSt8auto_ptrI7SGFTreeED2Ev,0,0,0,0,0,0,0,0,0,0,0
function@_ZN9SGFParser19count_games_in_fileENSt7__cxx1112basic_stringIcSt11char_traitsIcESaIcEEE,0,0,0,0,0,5,0,0,0,0,0.999999
function@_ZN7KoStateC2ERKS_,3,1,0,2,4,13,1.99875,0.000499281,1.99906,2.62461,6.87373
function@_ZNSt6vectorI7SGFTreeSaIS0_EED2Ev,0,0,0,0,0,0,0,0,0,0,0
function@_ZN7KoStateD2Ev,0,0,0,0,0,0,0,0,0,0,0
function@__clang_call_terminate,0,0,0,0,0,0,0,0,0,0,0
function@_ZSt16__do_uninit_copyIN9__gnu_cxx17__normal_iteratorIPK7SGFTreeSt6vectorIS2_SaIS2_EEEEPS2_ET0_T_SB_SA_,30,11,0,8,2,12,510.889,143.59,101.025,39.6001,841.513
function@_ZSt8_DestroyI7SGFTreeEvPT_,0,0,0,0,0,0,0,0,0,0,0
function@_ZNSt8_Rb_treeINSt7__cxx1112basic_stringIcSt11char_traitsIcESaIcEEESt4pairIKS5_S5_ESt10_Select1stIS8_ESt4lessIS5_ESaIS8_EE7_M_copyILb0ENSE_11_Alloc_nodeEEEPSt13_Rb_tree_nodeIS8_ESJ_PSt18_Rb_tree_node_baseRT0_,10,0,0,1,0,8,6.87498,0,1,0,59.9953
function@_ZNSt8_Rb_treeINSt7__cxx1112basic_stringIcSt11char_traitsIcESaIcEEESt4pairIKS5_S5_ESt10_Select1stIS8_ESt4lessIS5_ESaIS8_EE8_M_eraseEPSt13_Rb_tree_nodeIS8_E,0,0,0,0,0,1,0,0,0,0,21.25
function@_ZNSt4pairIKNSt7__cxx1112basic_stringIcSt11char_traitsIcESaIcEEES5_EC2ERKS7_,4,3,0,3,0,9,2.83333,0.833334,2.5,0,6.33333
function@_ZN4Time8timediffES_S_,0,0,0,0,0,0,0,0,0,0,0
function@_ZN4TimeC2Ev,0,0,0,0,0,0,0,0,0,0,0
function@_ZN7UCTNodeC2Eii,0,0,0,0,0,0,0,0,0,0,0
function@_ZN7UCTNodeD2Ev,0,0,0,0,0,1,0,0,0,0,20
function@_ZN7UCTNode9get_mutexEv,0,0,0,0,0,0,0,0,0,0,0
function@__clang_call_terminate,0,0,0,0,0,0,0,0,0,0,0
function@_ZNK7UCTNode11first_visitEv,0,0,0,0,0,0,0,0,0,0,0
function@_ZN7UCTNode10link_childEPS_,0,0,0,0,0,0,0,0,0,0,0
function@_ZN7UCTNode15create_childrenER9FastStateb,42,16,0,12,25,14,6.08371,6.28357,1.50729,3.80853,16.2986
function@_ZNK7UCTNode12has_childrenEv,0,0,0,0,0,0,0,0,0,0,0
function@_ZN7UCTNode10set_extendEi,0,0,0,0,0,0,0,0,0,0,0
function@_ZN7UCTNode13kill_superkosER7KoState,1,0,0,1,0,9,6.2497,0,0.625,0,115.987
function@_ZNK7UCTNode8get_moveEv,0,0,0,0,0,0,0,0,0,0,0
function@_ZN7KoStateC2ERKS_,3,1,0,2,4,13,1.99875,0.000499281,1.99906,2.62461,6.87373
function@_ZN7UCTNode12delete_childEPS_,0,0,0,0,0,2,0,0,0,0,10.1587
function@_ZN7KoStateD2Ev,0,0,0,0,0,0,0,0,0,0,0
function@_ZN7UCTNode8set_moveEi,0,0,0,0,0,0,0,0,0,0,0
function@_ZN7UCTNode6updateER7Playouti,0,0,0,0,0,1,0,0,0,0,9.53673e-07
function@_ZNK7UCTNode13get_blackwinsEv,0,0,0,0,0,0,0,0,0,0,0
function@_ZN7UCTNode10set_visitsEi,0,0,0,0,0,0,0,0,0,0,0
function@_ZN7UCTNode13set_blackwinsEi,0,0,0,0,0,0,0,0,0,0,0
function@_ZNK7UCTNode11get_winrateEi,0,0,0,0,0,2,0,0,0,0,2
function@_ZNK7UCTNode10get_visitsEv,0,0,0,0,0,0,0,0,0,0,0
function@_ZNK7UCTNode12get_raverateEv,0,0,0,0,0,0,0,0,0,0,0
function@_ZNK7UCTNode14get_ravevisitsEv,0,0,0,0,0,0,0,0,0,0,0
function@_ZNK7UCTNode9do_extendEv,0,0,0,0,0,0,0,0,0,0,0
function@_ZN7UCTNode16uct_select_childEi,2,4,0,3,3,5,0.62963,1.40741,1.01852,0.62963,2.55556
function@_ZN7UCTNode5validEv,0,0,0,0,0,0,0,0,0,0,0
function@_ZN7UCTNode13sort_childrenEi,42,20,0,12,7,21,236.246,133.81,107.561,9.49986,70.6238
function@_ZN7UCTNode15get_first_childEv,0,0,0,0,0,0,0,0,0,0,0
function@_ZN7UCTNode11get_siblingEv,0,0,0,0,0,0,0,0,0,0,0
function@_ZN7UCTNode14get_pass_childEv,0,0,0,0,0,2,0,0,0,0,1.30769
function@_ZN7UCTNode16get_nopass_childEv,0,0,0,0,0,2,0,0,0,0,1.30769
function@_ZN7UCTNode10invalidateEv,0,0,0,0,0,0,0,0,0,0,0
function@_ZN7UCTNode10updateRAVEER7Playouti,0,0,0,0,0,0,0,0,0,0,0
function@_ZSt13__stable_sortIN9__gnu_cxx17__normal_iteratorIPN5boost6tuples5tupleIiiP7UCTNodeNS3_9null_typeES7_S7_S7_S7_S7_S7_EESt6vectorIS8_SaIS8_EEEENS0_5__ops15_Iter_comp_iterI8NodeCompEEEvT_SI_T0_,13,17,0,7,9,10,4.86685,11.7974,7.42432,8.54027,26.792
function@_ZSt21__inplace_stable_sortIN9__gnu_cxx17__normal_iteratorIPN5boost6tuples5tupleIiiP7UCTNodeNS3_9null_typeES7_S7_S7_S7_S7_S7_EESt6vectorIS8_SaIS8_EEEENS0_5__ops15_Iter_comp_iterI8NodeCompEEEvT_SI_T0_,2,5,0,3,2,5,1,3,2,1.5,3
function@_ZSt29__stable_sort_adaptive_resizeIN9__gnu_cxx17__normal_iteratorIPN5boost6tuples5tupleIiiP7UCTNodeNS3_9null_typeES7_S7_S7_S7_S7_S7_EESt6vectorIS8_SaIS8_EEEES9_lNS0_5__ops15_Iter_comp_iterI8NodeCompEEEvT_SI_T0_T1_T2_,0,2,0,1,0,4,0,1,1,0,4
function@_ZSt24__merge_sort_with_bufferIN9__gnu_cxx17__normal_iteratorIPN5boost6tuples5tupleIiiP7UCTNodeNS3_9null_typeES7_S7_S7_S7_S7_S7_EESt6vectorIS8_SaIS8_EEEES9_NS0_5__ops15_Iter_comp_iterI8NodeCompEEEvT_SI_T0_T1_,60,32,0,19,14,38,52031.1,13927.1,986,14136.2,18207.8
function@_ZSt16__merge_adaptiveIN9__gnu_cxx17__normal_iteratorIPN5boost6tuples5tupleIiiP7UCTNodeNS3_9null_typeES7_S7_S7_S7_S7_S7_EESt6vectorIS8_SaIS8_EEEElS9_NS0_5__ops15_Iter_comp_iterI8NodeCompEEEvT_SI_SI_T0_SJ_T1_T2_,19,7,0,9,13,15,55.093,4.82946,4.47287,34.969,16.8062
function@_ZSt16__insertion_sortIN9__gnu_cxx17__normal_iteratorIPN5boost6tuples5tupleIiiP7UCTNodeNS3_9null_typeES7_S7_S7_S7_S7_S7_EESt6vectorIS8_SaIS8_EEEENS0_5__ops15_Iter_comp_iterI8NodeCompEEEvT_SI_T0_,18,4,0,8,5,5,285.707,131.244,258.024,134.976,122.585
function@_ZSt12__move_mergeIN9__gnu_cxx17__normal_iteratorIPN5boost6tuples5tupleIiiP7UCTNodeNS3_9null_typeES7_S7_S7_S7_S7_S7_EESt6vectorIS8_SaIS8_EEEES9_NS0_5__ops15_Iter_comp_iterI8NodeCompEEET0_T_SJ_SJ_SJ_SI_T1_,18,11,0,5,7,18,214.781,56.6562,29,58.1875,89.375
function@_ZSt12__move_mergeIPN5boost6tuples5tupleIiiP7UCTNodeNS1_9null_typeES5_S5_S5_S5_S5_S5_EEN9__gnu_cxx17__normal_iteratorIS7_St6vectorIS6_SaIS6_EEEENS8_5__ops15_Iter_comp_iterI8NodeCompEEET0_T_SJ_SJ_SJ_SI_T1_,31,11,0,7,11,14,277.156,41.375,21.625,76.0625,86.875
function@_ZSt30__move_merge_adaptive_backwardIN9__gnu_cxx17__normal_iteratorIPN5boost6tuples5tupleIiiP7UCTNodeNS3_9null_typeES7_S7_S7_S7_S7_S7_EESt6vectorIS8_SaIS8_EEEES9_SD_NS0_5__ops15_Iter_comp_iterI8NodeCompEEEvT_SI_T0_SJ_T1_T2_,22,2,0,13,5,11,78.4296,0.598592,19.3979,8.21244,9.08216
function@_ZSt22__merge_without_bufferIN9__gnu_cxx17__normal_iteratorIPN5boost6tuples5tupleIiiP7UCTNodeNS3_9null_typeES7_S7_S7_S7_S7_S7_EESt6vectorIS8_SaIS8_EEEElNS0_5__ops15_Iter_comp_iterI8NodeCompEEEvT_SI_SI_T0_SJ_T1_,64,34,0,37,18,12,828.853,542.912,557.907,154.527,191.935
function@_ZNSt3_V28__rotateIN9__gnu_cxx17__normal_iteratorIPN5boost6tuples5tupleIiiP7UCTNodeNS4_9null_typeES8_S8_S8_S8_S8_S8_EESt6vectorIS9_SaIS9_EEEEEET_SF_SF_SF_St26random_access_iterator_tag,82,17,0,40,9,11,1359.84,133.16,540.222,102.802,87.9876
function@_ZSt23__merge_adaptive_resizeIN9__gnu_cxx17__normal_iteratorIPN5boost6tuples5tupleIiiP7UCTNodeNS3_9null_typeES7_S7_S7_S7_S7_S7_EESt6vectorIS8_SaIS8_EEEElS9_NS0_5__ops15_Iter_comp_iterI8NodeCompEEEvT_SI_SI_T0_SJ_T1_SJ_T2_,52,39,0,39,17,12,1655.94,1115.06,1131,298.469,390
function@_ZSt17__rotate_adaptiveIN9__gnu_cxx17__normal_iteratorIPN5boost6tuples5tupleIiiP7UCTNodeNS3_9null_typeES7_S7_S7_S7_S7_S7_EESt6vectorIS8_SaIS8_EEEES9_lET_SE_SE_SE_T1_SF_T0_SF_,49,21,0,19,19,43,106.61,18.625,20.7868,22.0956,47.1765
function@_ZN3SMP5MutexC2Ev,0,0,0,0,0,0,0,0,0,0,0
function@_ZN3SMP4LockC2ERNS_5MutexE,0,0,0,0,0,0,0,0,0,0,0
function@_ZN3SMP4LockD2Ev,0,0,0,0,0,0,0,0,0,0,0
function@_ZN3SMP12get_num_cpusEv,0,0,0,0,0,0,0,0,0,0,0
function@_ZN12MCOwnerTable7get_MCOEv,0,0,0,0,0,5,0,0,0,0,2.125
function@_ZN12MCOwnerTableC2Ev,0,0,0,0,0,2,0,0,0,0,1
function@_ZN12MCOwnerTable6updateERSt6bitsetILm441EE,13,4,0,8,7,3,371.75,125,221,220,96
function@_ZN12MCOwnerTable9get_scoreEii,0,0,0,0,0,0,0,0,0,0,0
function@_ZN12MCOwnerTable5clearEv,0,0,0,0,0,0,0,0,0,0,0
function@_ZN12MCOwnerTable9is_primedEv,0,0,0,0,0,0,0,0,0,0,0
function@_ZNSt6vectorIiSaIiEE17_M_default_appendEm,7,6,0,3,0,5,2.1875,2.26562,1.5625,0,1.44531
function@_ZNSt7__cxx1112basic_stringIcSt11char_traitsIcESaIcEEC2IS3_EEPKcRKS3_,0,0,0,0,0,6,0,0,0,0,5.16666
function@__cxx_global_array_dtor,0,0,0,0,0,0,0,0,0,0,0
function@_ZN3GTP13get_life_listB5cxx11ER9GameStateb,33,27,0,15,9,34,4480.95,5433.41,2494.86,1384.22,4144.8
function@_ZNSt6vectorINSt7__cxx1112basic_stringIcSt11char_traitsIcESaIcEEESaIS5_EED2Ev,0,0,0,0,0,0,0,0,0,0,0
function@_ZN3GTP7executeER9GameStateNSt7__cxx1112basic_stringIcSt11char_traitsIcESaIcEEE,25,4,0,10,7,105,63.5599,9.96445,30.1592,10.4782,50.5933
function@_ZSteqIcSt11char_traitsIcESaIcEEbRKNSt7__cxx1112basic_stringIT_T0_T1_EEPKS5_,0,0,0,0,0,1,0,0,0,0,0.5
function@_ZNSt8auto_ptrI9UCTSearchED2Ev,0,0,0,0,0,0,0,0,0,0,0
function@_ZN9GameStateaSEOS_,2,2,0,1,0,1,1.33333,2,1,0,1
function@_ZN9GameStateD2Ev,0,0,0,0,0,0,0,0,0,0,0
function@_ZNSt8auto_ptrI7SGFTreeED2Ev,0,0,0,0,0,0,0,0,0,0,0
function@_ZN9FastStateaSEOS_,0,0,0,0,0,1,0,0,0,0,1
function@__clang_call_terminate,0,0,0,0,0,0,0,0,0,0,0
function@_ZSt16__introsort_loopIN9__gnu_cxx17__normal_iteratorIPNSt7__cxx1112basic_stringIcSt11char_traitsIcESaIcEEESt6vectorIS7_SaIS7_EEEElNS0_5__ops15_Iter_less_iterEEvT_SF_T0_T1_,13,15,0,8,4,9,42120.9,34563.3,766.182,24.6349,53285.6
function@_ZSt11__make_heapIN9__gnu_cxx17__normal_iteratorIPNSt7__cxx1112basic_stringIcSt11char_traitsIcESaIcEEESt6vectorIS7_SaIS7_EEEENS0_5__ops15_Iter_less_iterEEvT_SF_RT0_,9,4,0,5,4,1,61.4983,48.9986,33.9991,3,1.51396e-05
function@_ZSt10__pop_heapIN9__gnu_cxx17__normal_iteratorIPNSt7__cxx1112basic_stringIcSt11char_traitsIcESaIcEEESt6vectorIS7_SaIS7_EEEENS0_5__ops15_Iter_less_iterEEvT_SF_SF_RT0_,5,4,0,4,1,2,2.74963,2.24988,3.37481,1,0.000188351
function@_ZSt13__adjust_heapIN9__gnu_cxx17__normal_iteratorIPNSt7__cxx1112basic_stringIcSt11char_traitsIcESaIcEEESt6vectorIS7_SaIS7_EEEElS7_NS0_5__ops15_Iter_less_iterEEvT_T0_SG_T1_T2_,97,27,0,44,19,9,473.488,156.502,236.354,88.9375,67.9012
function@_ZSt11__push_heapIN9__gnu_cxx17__normal_iteratorIPNSt7__cxx1112basic_stringIcSt11char_traitsIcESaIcEEESt6vectorIS7_SaIS7_EEEElS7_NS0_5__ops14_Iter_less_valEEvT_T0_SG_T1_RT2_,54,13,0,19,5,9,186.918,55.7698,102.636,17.9841,30.6066
function@_ZSt22__move_median_to_firstIN9__gnu_cxx17__normal_iteratorIPNSt7__cxx1112basic_stringIcSt11char_traitsIcESaIcEEESt6vectorIS7_SaIS7_EEEENS0_5__ops15_Iter_less_iterEEvT_SF_SF_SF_T0_,22,33,0,12,6,13,9.42857,12.4821,5.85714,1.41071,6.67857
function@_ZSt16__insertion_sortIN9__gnu_cxx17__normal_iteratorIPNSt7__cxx1112basic_stringIcSt11char_traitsIcESaIcEEESt6vectorIS7_SaIS7_EEEENS0_5__ops15_Iter_less_iterEEvT_SF_T0_,22,11,0,15,3,10,379.919,254.883,345.605,17.1875,264.778
function@_ZSt25__unguarded_linear_insertIN9__gnu_cxx17__normal_iteratorIPNSt7__cxx1112basic_stringIcSt11char_traitsIcESaIcEEESt6vectorIS7_SaIS7_EEEENS0_5__ops14_Val_less_iterEEvT_T0_,4,4,0,1,0,12,38.75,87.375,32,0,204.035
function@_ZSt8__uniqueIN9__gnu_cxx17__normal_iteratorIPNSt7__cxx1112basic_stringIcSt11char_traitsIcESaIcEEESt6vectorIS7_SaIS7_EEEENS0_5__ops19_Iter_equal_to_iterEET_SF_SF_T0_,10,4,0,6,1,4,10.9834,5.77538,11.9735,0.513209,10.3937
function@_ZNSt6vectorINSt7__cxx1112basic_stringIcSt11char_traitsIcESaIcEEESaIS5_EE8_M_eraseEN9__gnu_cxx17__normal_iteratorIPS5_S7_EESB_,8,7,0,6,2,10,14.5551,15.2699,19.7727,0.624817,35.7881
function@_ZNSt8_Rb_treeINSt7__cxx1112basic_stringIcSt11char_traitsIcESaIcEEESt4pairIKS5_S5_ESt10_Select1stIS8_ESt4lessIS5_ESaIS8_EE8_M_eraseEPSt13_Rb_tree_nodeIS8_E,0,0,0,0,0,1,0,0,0,0,21.25
function@_ZSt8_DestroyI7SGFTreeEvPT_,0,0,0,0,0,0,0,0,0,0,0
function@_GLOBAL__sub_I_GTP.cpp,0,0,0,0,0,4,0,0,0,0,3.81469e-06
function@_ZN7Matcher11get_MatcherEv,0,0,0,0,0,3,0,0,0,0,1.375
function@_ZN7Matcher11set_MatcherEPS_,0,0,0,0,0,0,0,0,0,0,0
function@_ZN7MatcherC2Ev,19,16,0,12,4,17,504.708,377.283,135.922,65.9626,3934.72
function@_ZNSt3mapIifSt4lessIiESaISt4pairIKifEEE6insertIRS2_IifEEENSt9enable_ifIXsr16is_constructibleIS4_T_EE5valueES2_ISt17_Rb_tree_iteratorIS4_EbEE4typeEOSB_,8,4,0,5,1,4,24.7471,2.00806,3.60937,0.195312,2
function@_ZN7Matcher4clipEi,0,0,0,0,0,0,0,0,0,0,0
function@_ZNSt3mapIifSt4lessIiESaISt4pairIKifEEED2Ev,0,0,0,0,0,0,0,0,0,0,0
function@_ZN5boost5arrayISt6vectorIhSaIhEELm2EED2Ev,0,0,0,0,0,0,0,0,0,0,0
function@_ZN7Matcher7matchesEii,0,0,0,0,0,0,0,0,0,0,0
function@__clang_call_terminate,0,0,0,0,0,0,0,0,0,0,0
function@_ZNSt8_Rb_treeIiSt4pairIKifESt10_Select1stIS2_ESt4lessIiESaIS2_EE8_M_eraseEPSt13_Rb_tree_nodeIS2_E,0,0,0,0,0,1,0,0,0,0,21.25
function@_ZNSt6vectorIhSaIhEE17_M_default_appendEm,8,6,0,4,1,6,2.57812,2.26562,1.875,0.195312,1.75781
function@_ZNSt8_Rb_treeIiSt4pairIKifESt10_Select1stIS2_ESt4lessIiESaIS2_EE29_M_get_insert_hint_unique_posESt23_Rb_tree_const_iteratorIS2_ERS1_,7,2,0,13,4,15,1.56063,0.146457,1.23622,0.47874,9.88819
function@_ZN7PlayoutC2Ev,0,0,0,0,0,0,0,0,0,0,0
function@_ZN7Playout9get_scoreEv,0,0,0,0,0,0,0,0,0,0,0
function@_ZN7Playout15set_final_scoreEf,0,0,0,0,0,0,0,0,0,0,0
function@_ZN7Playout3runER9FastStateb,9,17,0,11,4,13,14.371,705.927,20.6305,13.6305,1699.24
function@_ZN7Playout11passthroughEii,0,0,0,0,0,1,0,0,0,0,0.619048
function@_ZN7Playout20do_playout_benchmarkER9GameState,5,0,0,5,0,4,67,0,67,0,333.556
function@_ZN7Playout8mc_ownerER9FastStatei,12,4,0,6,4,4,164.855,40.2439,42.3559,60.0355,51.9826
function@main,8,0,0,17,2,14,4.02024e-05,0,5.96045e-06,3.41302e-05,1.00221
function@_ZN9GameStateC2Ev,0,0,0,0,0,1,0,0,0,0,9.53674e-07
function@_ZN9GameStateaSEOS_,2,2,0,1,0,1,1.33333,2,1,0,1
function@_ZN9GameStateD2Ev,0,0,0,0,0,0,0,0,0,0,0
function@_ZNSt8auto_ptrI9UCTSearchED2Ev,0,0,0,0,0,0,0,0,0,0,0
function@_ZNSt8auto_ptrI7SGFTreeED2Ev,0,0,0,0,0,0,0,0,0,0,0
function@_ZNSt8auto_ptrI9GameStateED2Ev,0,0,0,0,0,0,0,0,0,0,0
function@_ZNSt6vectorI7KoStateSaIS0_EED2Ev,0,0,0,0,0,0,0,0,0,0,0
function@__clang_call_terminate,0,0,0,0,0,0,0,0,0,0,0
function@_ZN7KoStateD2Ev,0,0,0,0,0,0,0,0,0,0,0
function@_ZN9FastStateaSEOS_,0,0,0,0,0,1,0,0,0,0,1
function@_ZNSt8_Rb_treeINSt7__cxx1112basic_stringIcSt11char_traitsIcESaIcEEESt4pairIKS5_S5_ESt10_Select1stIS8_ESt4lessIS5_ESaIS8_EE8_M_eraseEPSt13_Rb_tree_nodeIS8_E,0,0,0,0,0,1,0,0,0,0,21.25
function@_ZSt8_DestroyI7SGFTreeEvPT_,0,0,0,0,0,0,0,0,0,0,0
function@_ZN9UCTSearchC2ER9GameState,0,0,0,0,0,0,0,0,0,0,0
function@_ZN9UCTSearch11set_runflagEPb,0,0,0,0,0,0,0,0,0,0,0
function@_ZN9UCTSearch15play_simulationER7KoStateP7UCTNode,0,3,0,1,0,4,0,1.75,1,0,2.875
function@_ZN9UCTSearch10dump_statsER9GameStateR7UCTNode,44,2,0,16,6,21,85.9901,7.95907,26.2468,8.73686,10.935
function@_ZN9UCTSearch6get_pvB5cxx11ER9GameStateR7UCTNode,3,5,0,3,0,10,0.583333,1.08333,1,0,2.04167
function@_ZN9GameStateD2Ev,0,0,0,0,0,0,0,0,0,0,0
function@_ZN9UCTSearch13get_best_moveEi,6,5,0,6,0,8,2.51327,0.54646,2.08407,0,3.18805
function@_ZN9UCTSearch13dump_analysisEv,7,2,0,2,0,8,6.99875,2,2,0,3.62469
function@_ZN9UCTSearch10is_runningEv,0,0,0,0,0,0,0,0,0,0,0
function@_ZN9UCTWorkerclEv,0,0,0,0,0,1,0,0,0,0,3.03984e-05
function@_ZN7KoStateC2ERKS_,3,1,0,2,4,13,1.99875,0.000499281,1.99906,2.62461,6.87373
function@_ZN7KoStateD2Ev,0,0,0,0,0,0,0,0,0,0,0
function@_ZN9UCTSearch9get_scoreEv,0,0,0,0,0,0,0,0,0,0,0
function@_ZN9UCTSearch5thinkEii,8,1,0,2,1,5,42.9686,28.061,1.75391,0.876953,29.4995
function@_ZN9UCTSearch6ponderEv,0,0,0,0,0,1,0,0,0,0,1.89543e-05
function@_ZN9UCTSearch15set_visit_limitEi,0,0,0,0,0,0,0,0,0,0,0
function@_ZN9UCTSearch13set_analyzingEb,0,0,0,0,0,0,0,0,0,0,0
function@_ZN9UCTSearch9set_quietEb,0,0,0,0,0,0,0,0,0,0,0
function@__clang_call_terminate,0,0,0,0,0,0,0,0,0,0,0
function@_ZNSt20__uninitialized_copyILb0EE13__uninit_copyIN9__gnu_cxx17__normal_iteratorIPK7KoStateSt6vectorIS4_SaIS4_EEEEPS4_EET0_T_SD_SC_,0,0,0,0,0,2,0,0,0,0,1
function@_ZN7KoState9init_gameEif,42,4,0,12,8,4,15.3437,1.5,6.71875,3,1.5
function@_ZN7KoState10legal_moveEi,2,13,0,4,0,22,0.230469,7.33832,0.656249,0,6.89052
function@_ZN7KoStateC2ERKS_,3,1,0,2,4,13,1.99875,0.000499281,1.99906,2.62461,6.87373
function@_ZN7KoState9play_moveEi,0,0,0,0,0,0,0,0,0,0,0
function@_ZN7KoState7superkoEv,5,8,0,5,4,16,4.90654,15.4206,6.00935,0.775701,19.5327
function@_ZN7KoStateD2Ev,0,0,0,0,0,0,0,0,0,0,0
function@_ZN7KoState7superkoEy,8,9,0,6,4,18,6.75701,6.97196,6.37383,2.18692,10.8598
function@_ZN7KoState10reset_gameEv,42,4,0,12,8,4,15.3437,1.5,6.71875,3,1.5
function@_ZN7KoState9play_passEv,26,4,0,8,6,10,8.34374,1.5,2.71875,2.25,3.75
function@_ZN7KoState9play_moveEii,45,4,0,9,6,10,9.79687,0.749999,1.85937,1.125,1.875
function@_ZN5Utils17input_causes_stopEv,0,0,0,0,0,0,0,0,0,0,0
function@_ZN5Utils13input_pendingEv,0,0,0,0,0,0,0,0,0,0,0
function@_ZN5Utils8myprintfEPKcz,0,0,0,0,0,0,0,0,0,0,0
function@_ZN5Utils10gtp_printfEiPKcz,0,0,0,0,0,0,0,0,0,0,0
function@_ZN5Utils15gtp_fail_printfEiPKcz,0,0,0,0,0,0,0,0,0,0,0
function@_ZN6Random7get_RngEv,0,0,0,0,0,0,0,0,0,0,0
function@_ZN6RandomC2Ei,0,0,0,0,0,0,0,0,0,0,0
function@_ZN6Random10seedrandomEj,0,0,0,0,0,0,0,0,0,0,0
function@_ZN6Random7randintEt,0,0,0,0,0,3,0,0,0,0,3
function@_ZN6Random6randomEv,0,0,0,0,0,2,0,0,0,0,2
function@_ZN9FastBoard13get_boardsizeEv,0,0,0,0,0,0,0,0,0,0,0
function@_ZN9FastBoard10get_vertexEii,0,0,0,0,0,0,0,0,0,0,0
function@_ZN9FastBoard10get_squareEi,0,0,0,0,0,0,0,0,0,0,0
function@_ZN9FastBoard10set_squareEiNS_8square_tE,0,0,0,0,0,0,0,0,0,0,0
function@_ZN9FastBoard10get_squareEii,0,0,0,0,0,0,0,0,0,0,0
function@_ZN9FastBoard10set_squareEiiNS_8square_tE,0,0,0,0,0,0,0,0,0,0,0
function@_ZN9FastBoard11reset_boardEi,32,9,0,13,7,14,2127.12,637.6,1037.96,243.84,870.72
function@_ZN9FastBoard10is_suicideEii,4,17,0,11,2,3,0.0703812,0.294721,0.22434,0.0439883,1.02639
function@_ZN9FastBoard16count_plibertiesEi,0,0,0,0,0,0,0,0,0,0,0
function@_ZN9FastBoard13add_neighbourEii,6,0,0,2,1,0,3.875,0,2,1,0
function@_ZN9FastBoard16remove_neighbourEii,6,0,0,2,1,0,3.875,0,2,1,0
function@_ZN9FastBoard16count_neighboursEii,0,0,0,0,0,0,0,0,0,0,0
function@_ZN9FastBoard15fast_ss_suicideEii,2,0,0,1,2,0,1.07843,0,0.0784314,1.07843,0
function@_ZN9FastBoard18remove_string_fastEi,0,0,0,0,0,1,0,0,0,0,1
function@_ZN9FastBoard16calc_reach_colorEi,60,33,0,20,13,46,29948.4,14933.4,2997.07,7764.92,22916.2
function@_ZNSt6vectorIbSaIbEEaSERKS1_,46,17,0,24,25,10,244.476,68.1007,129.865,62.1687,39.615
function@_ZN9FastBoard21percentual_area_scoreEf,0,0,0,0,0,0,0,0,0,0,0
function@_ZN9FastBoard10area_scoreEf,13,7,0,10,5,10,3612.25,1702.23,594.874,1320.62,3841.48
function@_ZN9FastBoard17estimate_mc_scoreEf,0,0,0,0,0,0,0,0,0,0,0
function@_ZN9FastBoard14final_mc_scoreEf,2,6,0,4,5,3,0.588235,13.3922,2.58824,10.6078,30.0588
function@_ZN9FastBoard11remove_deadEv,5,6,0,2,1,4,2.99956,3.9995,1.62468,1,2.62543
function@_ZN9FastBoard9influenceEv,0,0,0,0,0,3,0,0,0,0,0.999999
function@_ZN9FastBoard9run_bouzyEii,76,19,0,33,25,13,3075.28,510.354,1325.62,1291.81,1654.37
function@_ZN9FastBoard4moyoEv,0,0,0,0,0,3,0,0,0,0,0.999999
function@_ZN9FastBoard4areaEv,0,0,0,0,0,3,0,0,0,0,0.999999
function@_ZNSt6vectorIiSaIiEEaSERKS1_,14,14,0,8,2,7,2.81277,4.10069,3.90618,1.25,2.49969
function@_ZN9FastBoard11display_mapESt6vectorIiSaIiEE,0,0,0,0,0,1,0,0,0,0,0.666667
function@_ZN9FastBoard4evalEf,11,9,0,9,8,2,2571.25,722.234,1922.62,1621.25,340
function@_ZN9FastBoard13display_boardEi,24,27,0,15,9,3,667.25,1079.1,300.875,274.35,233.225
function@_ZN9FastBoard9starpointEiii,2,5,0,3,3,4,0.967742,2.41935,1.45161,1.45161,2.70968
function@_ZN9FastBoard17display_libertiesEi,37,43,0,26,21,2,1736.12,2275.47,482.618,407.206,40.1176
function@_ZN9FastBoard13merge_stringsEii,10,0,0,2,0,0,160,0,2,0,0
function@_ZN9FastBoard16update_board_eyeEii,13,5,0,2,11,1,2065,657,44,903,192
function@_ZN9FastBoard17update_board_fastEii,21,12,0,5,13,1,2.69062,9.74194,1.8695,6.50293,0.139296
function@_ZN9FastBoard6is_eyeEii,0,0,0,0,0,2,0,0,0,0,1.25
function@_ZN9FastBoard17predict_solid_eyeEiii,8,5,0,5,4,0,0.101562,0.0664057,0.0781244,0.0585933,0
function@_ZN9FastBoard11no_eye_fillEi,0,0,0,0,0,2,0,0,0,0,1.25
function@_ZN9FastBoard12move_to_textB5cxx11Ei,0,0,0,0,0,5,0,0,0,0,3
function@_ZN9FastBoard16move_to_text_sgfB5cxx11Ei,0,0,0,0,0,5,0,0,0,0,3
function@_ZN9FastBoard9starpointEii,2,5,0,3,3,4,0.967742,2.41935,1.45161,1.45161,2.70968
function@_ZN9FastBoard13get_prisonersEi,0,0,0,0,0,0,0,0,0,0,0
function@_ZN9FastBoard13black_to_moveEv,0,0,0,0,0,0,0,0,0,0,0
function@_ZN9FastBoard11get_to_moveEv,0,0,0,0,0,0,0,0,0,0,0
function@_ZN9FastBoard11get_groupidEi,0,0,0,0,0,0,0,0,0,0,0
function@_ZN9FastBoard17get_string_stonesEi,17,8,0,7,3,8,111.998,135.997,50.2491,13.9998,55.499
function@_ZN9FastBoard10get_stringB5cxx11Ei,1,1,0,1,0,9,1,0.000153519,1,0,64.9905
function@_ZN9FastBoard13fast_in_atariEi,0,0,0,0,0,0,0,0,0,0,0
function@_ZN9FastBoard8in_atariEi,1,0,0,1,0,1,3.01754,0,0.491228,0,0.491228
function@_ZN9FastBoard15kill_neighboursEiRN5boost5arrayIiLm24EEERi,70,16,0,32,10,0,1623.7,274.431,820.017,26.951,0
function@_ZN9FastBoard11saving_sizeEii,30,4,0,12,1,1,28.1412,7.43529,9.77647,0.670588,1
function@_ZN9FastBoard10self_atariEii,4,7,0,3,2,5,0.760986,1.42407,1.75,0.398438,0.170366
function@_ZN9FastBoard11string_sizeEi,0,0,0,0,0,0,0,0,0,0,0
function@_ZN9FastBoard24save_critical_neighboursEiiRN5boost5arrayIiLm24EEERi,22,10,0,10,6,2,221.703,90.4363,82.4999,38.9999,2.4375
function@_ZN9FastBoard7get_dirEi,0,0,0,0,0,0,0,0,0,0,0
function@_ZN9FastBoard13get_extra_dirEi,0,0,0,0,0,0,0,0,0,0,0
function@_ZN9FastBoard15kill_or_connectEii,1,4,0,1,1,0,1,0.929412,1,1,0
function@_ZN9FastBoard20add_string_libertiesILi3EEEviRN5boost5arrayIiXT_EEERi,20,8,0,8,4,4,307.375,234.875,64.75,43.25,213.375
function@_ZN9FastBoard16get_pattern_fastEi,0,0,0,0,0,2,0,0,0,0,2
function@_ZN9FastBoard24get_pattern_fast_augmentEi,11,5,0,13,15,0,11,5,13,15,0
function@_ZN9FastBoard12get_pattern3Eib,73,37,0,56,38,1,69,37,52,38,1
function@_ZN9FastBoard20get_pattern3_augmentEib,49,17,0,26,8,6,62.2193,21.9825,21.9649,6,6
function@_ZN9FastBoard25get_pattern3_augment_specEiib,92,53,0,71,61,6,88,53,67,61,6
function@_ZN9FastBoard12get_pattern4Eib,11,13,0,15,2,5,7.5,13,10.5,2,4.5
function@_ZN9FastBoard12get_pattern5Eibb,377,196,0,221,177,5,366.5,195.5,204.5,168.5,5
function@_ZN9FastBoard17add_pattern_movesEiiRN5boost5arrayIiLm24EEERi,0,0,0,0,0,0,0,0,0,0,0
function@_ZN9FastBoard19add_global_capturesEiRN5boost5arrayIiLm24EEERi,9,4,0,4,1,0,73.05,23.05,26.8,0.6,0
function@_ZN9FastBoard11try_captureEiiRN5boost5arrayIiLm24EEERi,0,0,0,0,0,1,0,0,0,0,0.305785
function@_ZN9FastBoard12capture_sizeEii,0,0,0,0,0,2,0,0,0,0,1.61667
function@_ZN9FastBoard14get_stone_listB5cxx11Ev,1,3,0,1,2,8,1,419.351,1,20.5955,399.38
function@_ZN9FastBoard6get_xyEi,0,0,0,0,0,1,0,0,0,0,1
function@_ZN9FastBoard18minimum_elib_countEii,0,0,0,0,0,1,0,0,0,0,0.5
function@_ZN9FastBoard15nbr_criticalityEii,0,0,0,0,0,0,0,0,0,0,0
function@_ZN9FastBoard16count_rlibertiesEi,0,0,0,0,0,0,0,0,0,0,0
function@_ZN9FastBoard19check_losing_ladderEiii,7,15,0,9,6,12,2.28945,9.22691,4.07862,0.832996,3.03398
function@_ZN9FastBoard20add_string_libertiesILi2EEEviRN5boost5arrayIiXT_EEERi,20,8,0,8,4,4,307.375,234.875,64.75,43.25,213.375
function@_ZN9FastBoard18merged_string_sizeEii,0,0,0,0,0,1,0,0,0,0,0.999999
function@_ZN9FastBoard17get_neighbour_idsEi,65,19,0,28,17,14,26.4053,14.2301,9.19034,6.21701,16.7976
function@_ZN9FastBoard16predict_is_aliveEii,53,33,0,24,23,28,606.75,258.333,255.917,173.25,261.167
function@_ZN9FastBoard9get_emptyEv,0,0,0,0,0,0,0,0,0,0,0
function@_ZN9FastBoard13augment_chainERSt6vectorIiSaIiEEi,85,30,0,20,23,32,3743.31,1501.02,785.183,1578.34,1585.78
function@_ZN9FastBoard20get_augmented_stringEi,0,1,0,1,2,5,0,19.9988,0.999999,1.625,39.9976
function@_ZN9FastBoard16dilate_libertiesERSt6vectorIiSaIiEE,47,26,0,19,14,27,313.488,129.995,87.8717,46.2483,76.8721
function@_ZN9FastBoard18get_nearby_enemiesERSt6vectorIiSaIiEE,71,40,0,26,34,20,3954.28,1868.95,1472.5,463.38,1323.47
function@_ZN9FastBoard12predict_killEii,0,0,0,0,0,1,0,0,0,0,1
function@_ZNSt11__copy_moveILb0ELb0ESt26random_access_iterator_tagE8__copy_mIPiSt20back_insert_iteratorISt6vectorIiSaIiEEEEET0_T_SA_S9_,15,6,0,8,8,6,114.186,75.9991,54.8744,45.7495,38.437
function@_ZSt16__introsort_loopIN9__gnu_cxx17__normal_iteratorIPiSt6vectorIiSaIiEEEElNS0_5__ops15_Iter_less_iterEEvT_S9_T0_T1_,25,13,0,15,15,7,1244.63,357.079,464.194,295.893,185.635
function@_ZSt22__final_insertion_sortIN9__gnu_cxx17__normal_iteratorIPiSt6vectorIiSaIiEEEENS0_5__ops15_Iter_less_iterEEvT_S9_T0_,10,1,0,5,3,10,74,7.996,18.5,26.5,58.002
function@_ZSt11__make_heapIN9__gnu_cxx17__normal_iteratorIPiSt6vectorIiSaIiEEEENS0_5__ops15_Iter_less_iterEEvT_S9_RT0_,42,17,0,17,18,15,1293.12,706.531,578.406,605.531,702.219
function@_ZN9GameState9init_gameEif,5,1,0,1,0,0,3.25,1,1,0,0
function@_ZN9GameState10reset_gameEv,0,0,0,0,0,1,0,0,0,0,0.625
function@_ZN9GameState12forward_moveEv,6,1,0,2,2,2,3,1,1.5,2,2
function@_ZN9GameState9undo_moveEv,0,0,0,0,0,0,0,0,0,0,0
function@_ZN9GameState6rewindEv,0,0,0,0,0,0,0,0,0,0,0
function@_ZN9GameState9play_moveEi,0,0,0,0,0,0,0,0,0,0,0
function@_ZN9GameState9play_moveEii,1,6,0,2,1,5,1,3.09412,2,0.494118,2.49412
function@_ZN9GameState9play_passEv,0,0,0,0,0,0,0,0,0,0,0
function@_ZN9GameState13play_textmoveENSt7__cxx1112basic_stringIcSt11char_traitsIcESaIcEEES5_,4,6,0,3,6,10,0.270181,0.587646,1.28369,0.968424,3.20028
function@_ZN9GameState10stop_clockEi,0,0,0,0,0,0,0,0,0,0,0
function@_ZN9GameState11start_clockEi,0,0,0,0,0,0,0,0,0,0,0
function@_ZN9GameState13display_stateEv,0,0,0,0,0,0,0,0,0,0,0
function@_ZN9GameState15get_timecontrolEv,0,0,0,0,0,0,0,0,0,0,0
function@_ZN9GameState15set_timecontrolEiii,0,0,0,0,0,0,0,0,0,0,0
function@_ZN9GameState15set_timecontrolE11TimeControl,0,0,0,0,0,0,0,0,0,0,0
function@_ZN9GameState11adjust_timeEiii,0,0,0,0,0,0,0,0,0,0,0
function@_ZN9GameState19anchor_game_historyEv,0,0,0,0,0,1,0,0,0,0,0.619048
function@_ZN9GameState18set_fixed_handicapEi,0,6,0,1,3,4,0,0.152344,0.0625,0.1875,1.54688
function@_ZN9GameState14valid_handicapEi,0,0,0,0,0,1,0,0,0,0,1
function@_ZN9GameState19place_free_handicapEi,0,0,0,0,0,7,0,0,0,0,42.9965
function@_ZNSt8auto_ptrI9UCTSearchED2Ev,0,0,0,0,0,0,0,0,0,0,0
function@_ZN9FastStateaSERKS_,0,0,0,0,0,1,0,0,0,0,1
function@_ZNSt6vectorIySaIyEEaSERKS1_,14,14,0,8,2,7,2.81277,4.10069,3.90618,1.25,2.49969
function@_ZNSt6vectorIiSaIiEEaSERKS1_,14,14,0,8,2,7,2.81277,4.10069,3.90618,1.25,2.49969
function@__clang_call_terminate,0,0,0,0,0,0,0,0,0,0,0
function@_ZNSt6vectorI7KoStateSaIS0_EE17_M_realloc_insertIJRKS0_EEEvN9__gnu_cxx17__normal_iteratorIPS0_S2_EEDpOT_,5,10,0,3,1,9,4.24999,27.625,2.625,1,7.625
function@_ZN7KoStateC2ERKS_,3,1,0,2,4,13,1.99875,0.000499281,1.99906,2.62461,6.87373
function@_ZNSt6vectorI7KoStateSaIS0_EE17_M_default_appendEm,12,10,0,4,3,5,51.25,3.75,1.75781,0.742187,2.07031
function@_ZN9FastState9init_gameEif,0,0,0,0,0,0,0,0,0,0,0
function@_ZN9FastState8set_komiEf,0,0,0,0,0,0,0,0,0,0,0
function@_ZN9FastState10reset_gameEv,0,0,0,0,0,0,0,0,0,0,0
function@_ZN9FastState11reset_boardEv,0,0,0,0,0,0,0,0,0,0,0
function@_ZN9FastState16play_random_moveEv,0,0,0,0,0,0,0,0,0,0,0
function@_ZN9FastState16play_random_moveEi,21,29,0,11,9,15,12.0268,13.8656,4.75846,1.65987,17.737
function@_ZN9FastState14generate_movesEi,43,12,0,12,18,15,85.8596,19.3121,32.4525,25.5152,81.5198
function@_ZN9FastState8try_moveEiib,0,0,0,0,0,1,0,0,0,0,1
function@_ZN9FastState15walk_empty_listEiib,0,0,0,0,0,15,0,0,0,0,67.8955
function@_ZN9FastState14play_move_fastEi,0,0,0,0,0,1,0,0,0,0,1
function@_ZN9FastState16increment_passesEv,0,0,0,0,0,0,0,0,0,0,0
function@_ZN9FastState10set_passesEi,0,0,0,0,0,0,0,0,0,0,0
function@_ZN9FastState9play_passEv,0,0,0,0,0,0,0,0,0,0,0
function@_ZN9FastState10get_passesEv,0,0,0,0,0,0,0,0,0,0,0
function@_ZN9FastState9play_moveEi,0,0,0,0,0,0,0,0,0,0,0
function@_ZN9FastState9play_moveEii,0,0,0,0,0,0,0,0,0,0,0
function@_ZN9FastState11get_movenumEv,0,0,0,0,0,0,0,0,0,0,0
function@_ZN9FastState17estimate_mc_scoreEv,0,0,0,0,0,0,0,0,0,0,0
function@_ZN9FastState18calculate_mc_scoreEv,0,0,0,0,0,0,0,0,0,0,0
function@_ZN9FastState21percentual_area_scoreEv,0,0,0,0,0,0,0,0,0,0,0
function@_ZN9FastState13get_last_moveEv,0,0,0,0,0,0,0,0,0,0,0
function@_ZN9FastState17get_prevlast_moveEv,0,0,0,0,0,0,0,0,0,0,0
function@_ZN9FastState11get_to_moveEv,0,0,0,0,0,0,0,0,0,0,0
function@_ZN9FastState11set_to_moveEi,0,0,0,0,0,0,0,0,0,0,0
function@_ZN9FastState13display_stateEv,0,0,0,0,0,0,0,0,0,0,0
function@_ZN9FastState12move_to_textB5cxx11Ei,0,0,0,0,0,1,0,0,0,0,1
function@_ZN9FastState9mark_deadEv,15,1,0,4,2,21,14952.4,28.3353,4,29.3353,55820.4
function@_ZN9FastState15final_score_mapEv,19,16,0,6,11,33,7202.09,3983.36,970.432,2060.82,9583.58
function@_ZN9FastState11final_scoreEv,4,6,0,2,4,18,2875.78,1022.71,1.99691,1021.08,6711.7
function@_ZN9FastState8get_komiEv,0,0,0,0,0,0,0,0,0,0,0
function@_ZN9FastState12get_handicapEv,0,0,0,0,0,0,0,0,0,0,0
function@_ZN9FastState12set_handicapEi,0,0,0,0,0,0,0,0,0,0,0
function@_ZN9FastState10get_komoveEv,0,0,0,0,0,0,0,0,0,0,0
function@_ZNSt6vectorIiSaIiEE17_M_default_appendEm,7,6,0,3,0,5,2.1875,2.26562,1.5625,0,1.44531
function@_ZN9FullBoard13remove_stringEi,17,1,0,11,0,1,541.875,31.875,258,0,1
function@_ZN9FullBoard12calc_ko_hashEv,3,6,0,4,1,3,0.607843,12.6863,1.7451,0.294118,21.0392
function@_ZN9FullBoard9calc_hashEv,9,5,0,8,2,3,15.451,13.2353,14.451,1.29412,21.0392
function@_ZN9FullBoard8get_hashEv,0,0,0,0,0,1,0,0,0,0,1
function@_ZN9FullBoard11get_ko_hashEv,0,0,0,0,0,1,0,0,0,0,1
function@_ZN9FullBoard12update_boardEii,12,8,0,6,9,1,526.857,458.952,231.476,491.429,1
function@_ZN9FullBoard13display_boardEi,0,0,0,0,0,0,0,0,0,0,0
function@_ZN9FullBoard11reset_boardEi,16,9,0,13,4,5,27.2549,15,25.098,3.31373,41.0784
function@_ZN9FullBoard15predict_ko_hashEii,116,33,0,46,52,44,87.75,39.8897,54.25,59,56.5294
function@_ZN6TTable6get_TTEv,0,0,0,0,0,5,0,0,0,0,2.125
function@_ZN6TTableC2Ei,1,1,0,1,0,4,0.999999,0.25,0.999999,0,3
function@_ZN6TTable6updateEyPK7UCTNode,0,0,0,0,0,2,0,0,0,0,1
function@_ZN6TTable4syncEyP7UCTNode,0,1,0,1,0,2,0,0.5,0.5,0,1
function@_ZN7TTEntryC2Ev,0,0,0,0,0,0,0,0,0,0,0
function@_ZNSt6vectorI7TTEntrySaIS0_EE17_M_default_appendEm,2,8,0,3,5,8,0.507812,3.00781,2.25,2.1875,2.46094
function@_ZN7Zobrist12init_zobristER6Random,0,0,0,0,0,17,0,0,0,0,387.5
function@_ZN7SGFTreeC2Ev,0,0,0,0,0,0,0,0,0,0,0
function@_ZN7SGFTree9get_stateEv,0,0,0,0,0,0,0,0,0,0,0
function@_ZN7SGFTree9get_childEj,0,0,0,0,0,1,0,0,0,0,1
function@_ZN7SGFTree12get_mainlineEj,1,1,0,2,0,7,15.9995,9.99968,10.9997,0,63.9981
function@_ZN7SGFTree8get_moveEi,12,11,0,8,2,22,24.6365,48.2863,13.6013,1.23804,95.1496
function@_ZN9GameStateD2Ev,0,0,0,0,0,0,0,0,0,0,0
function@_ZN7SGFTree23get_state_from_mainlineEj,0,0,0,0,0,2,0,0,0,0,16.9677
function@_ZN7SGFTree20count_mainline_movesEv,0,0,0,0,0,2,0,0,0,0,33
function@_ZN7SGFTree16load_from_stringENSt7__cxx1112basic_stringIcSt11char_traitsIcESaIcEEE,0,0,0,0,0,1,0,0,0,0,2.74181e-06
function@_ZN7SGFTree15populate_statesEv,46,47,0,26,0,49,249.15,185.768,187.976,0,406.334
function@_ZN7SGFTree14load_from_fileENSt7__cxx1112basic_stringIcSt11char_traitsIcESaIcEEEi,0,0,0,0,0,13,0,0,0,0,7.66666
function@_ZN7SGFTree16string_to_vertexENSt7__cxx1112basic_stringIcSt11char_traitsIcESaIcEEE,0,0,0,0,0,1,0,0,0,0,0.566406
function@_ZN7SGFTree10apply_moveEii,0,0,0,0,0,0,0,0,0,0,0
function@_ZN7SGFTree9set_stateER7KoState,0,0,0,0,0,0,0,0,0,0,0
function@_ZN7SGFTree10apply_moveEi,0,0,0,0,0,1,0,0,0,0,1
function@_ZN7SGFTree12add_propertyENSt7__cxx1112basic_stringIcSt11char_traitsIcESaIcEEES5_,0,0,0,0,0,1,0,0,0,0,9.53673e-07
function@_ZNSt4pairINSt7__cxx1112basic_stringIcSt11char_traitsIcESaIcEEES5_ED2Ev,0,0,0,0,0,0,0,0,0,0,0
function@_ZN7SGFTree9add_childES_,0,0,0,0,0,3,0,0,0,0,2.46875
function@__clang_call_terminate,0,0,0,0,0,0,0,0,0,0,0
function@_ZNSt6vectorI7KoStateSaIS0_EED2Ev,0,0,0,0,0,0,0,0,0,0,0
function@_ZN7KoStateD2Ev,0,0,0,0,0,0,0,0,0,0,0
function@_ZN9FastStateaSERKS_,0,0,0,0,0,1,0,0,0,0,1
function@_ZNSt6vectorIySaIyEEaSERKS1_,14,14,0,8,2,7,2.81277,4.10069,3.90618,1.25,2.49969
function@_ZNSt6vectorIiSaIiEEaSERKS1_,14,14,0,8,2,7,2.81277,4.10069,3.90618,1.25,2.49969
function@_ZNSt4pairINSt7__cxx1112basic_stringIcSt11char_traitsIcESaIcEEES5_EC2IRS5_S8_Lb1EEEOT_OT0_,4,3,0,3,0,9,2.83333,0.833334,2.5,0,6.33333
function@_ZNSt8_Rb_treeINSt7__cxx1112basic_stringIcSt11char_traitsIcESaIcEEESt4pairIKS5_S5_ESt10_Select1stIS8_ESt4lessIS5_ESaIS8_EE11equal_rangeERS7_,26,21,0,11,1,15,137.069,118.911,45.2178,1,51.5545
function@_ZNSt8_Rb_treeINSt7__cxx1112basic_stringIcSt11char_traitsIcESaIcEEESt4pairIKS5_S5_ESt10_Select1stIS8_ESt4lessIS5_ESaIS8_EE16_M_emplace_equalIJS6_IS5_S5_EEEESt17_Rb_tree_iteratorIS8_EDpOT_,27,17,0,16,3,8,119.576,65.2121,50.0303,0.818182,77.8182
function@_ZSt19__relocate_object_aI7SGFTreeS0_SaIS0_EEvPT_PT0_RT1_,0,0,0,0,0,2,0,0,0,0,1
function@_ZNSt6vectorI7SGFTreeSaIS0_EED2Ev,0,0,0,0,0,0,0,0,0,0,0
function@_ZNSt8_Rb_treeINSt7__cxx1112basic_stringIcSt11char_traitsIcESaIcEEESt4pairIKS5_S5_ESt10_Select1stIS8_ESt4lessIS5_ESaIS8_EE8_M_eraseEPSt13_Rb_tree_nodeIS8_E,0,0,0,0,0,1,0,0,0,0,21.25
function@_ZSt8_DestroyI7SGFTreeEvPT_,0,0,0,0,0,0,0,0,0,0,0
function@_ZNSt6vectorI7SGFTreeSaIS0_EE17_M_realloc_insertIJRKS0_EEEvN9__gnu_cxx17__normal_iteratorIPS0_S2_EEDpOT_,6,12,0,5,2,7,24.25,48.6249,4.625,21,5.625
function@_ZN7SGFTreeC2ERKS_,2,3,0,2,1,10,1,1.62469,1.99969,1,43.862
function@_ZN7KoStateC2ERKS_,3,1,0,2,4,13,1.99875,0.000499281,1.99906,2.62461,6.87373
function@_ZSt16__do_uninit_copyIN9__gnu_cxx17__normal_iteratorIPK7SGFTreeSt6vectorIS2_SaIS2_EEEEPS2_ET0_T_SB_SA_,30,11,0,8,2,12,510.889,143.59,101.025,39.6001,841.513
function@_ZNSt8_Rb_treeINSt7__cxx1112basic_stringIcSt11char_traitsIcESaIcEEESt4pairIKS5_S5_ESt10_Select1stIS8_ESt4lessIS5_ESaIS8_EE7_M_copyILb0ENSE_11_Alloc_nodeEEEPSt13_Rb_tree_nodeIS8_ESJ_PSt18_Rb_tree_node_baseRT0_,10,0,0,1,0,8,6.87498,0,1,0,59.9953
function@_ZNSt4pairIKNSt7__cxx1112basic_stringIcSt11char_traitsIcESaIcEEES5_EC2ERKS7_,4,3,0,3,0,9,2.83333,0.833334,2.5,0,6.33333
