Comando: /home/mpvreal/Code/Faculdade/tcc/llvm/build/bin/llc --march=x86-64 --regalloc=basic --priority-function=original -o -
Heurística: original
function@_Z4makeP7state_ti,41,18,0,11,0,15,15.6547,7.31596,6.51466,0,7.43322
function@_Z6unmakeP7state_ti,0,0,0,0,0,8,0,0,0,0,5.52941
function@_Z14drawn_endgamesP7state_tiii,25,25,0,5,0,116,2.14102,5.78098,3.21089,0,7.60176
function@_Z8clear_ttv,0,0,0,0,0,0,0,0,0,0,0
function@_Z11clear_dp_ttv,0,0,0,0,0,0,0,0,0,0,0
function@_Z18initialize_zobristP7state_t,0,0,0,0,0,15,0,0,0,0,447.25
function@_Z15initialize_hashP7state_t,0,0,0,0,0,0,0,0,0,0,0
function@_Z7StoreTTP7state_tiiijiiii,0,1,0,1,0,13,0,0.75,1,0,7.625
function@_Z7ProbeTTP7state_tPiiiPjS1_S1_S1_S1_i,0,0,0,0,0,6,0,0,0,0,5.94118
function@_Z10alloc_hashv,0,0,0,0,0,4,0,0,0,0,4
function@_Z9free_hashv,0,0,0,0,0,0,0,0,0,0,0
function@_Z8psq_evalP7state_tP12t_eval_comps,0,0,0,0,0,0,0,0,0,0,0
function@_Z14init_psq_scoreP7state_t,0,0,0,0,0,2,0,0,0,0,21
function@_Z18preprocess_preparev,0,0,0,0,0,0,0,0,0,0,0
function@_Z9gen_quietP7state_tPi,8,6,0,6,3,22,43.25,1241,62.625,37.5,1346
function@_Z11add_capturePiiiiii,0,0,0,0,0,0,0,0,0,0,0
function@_Z8add_movePiiii,0,0,0,0,0,0,0,0,0,0,0
function@_Z15add_king_castlePiiii,0,0,0,0,0,0,0,0,0,0,0
function@_Z3genP7state_tPi,79,1,0,2,0,30,1406.99,0.999999,2,0,1490.15
function@_Z12gen_capturesP7state_tPi,8,6,0,6,3,23,43.25,1241,62.625,37.5,1391.3
function@_Z15gen_good_checksP7state_tPi,29,5,0,5,1,17,1797.5,81,5,1,2981
function@_Z16gen_check_blocksP7state_tPii,4,6,0,2,2,25,1.625,62,1.75,1.5,1434.5
function@_Z12gen_evasionsP7state_tPii,0,0,0,0,0,12,0,0,0,0,29.125
function@_Z13PrintBitboardy,0,0,0,0,0,2,0,0,0,0,32.875
function@_Z17PrintRotBitboardsP7state_t,0,0,0,0,0,2,0,0,0,0,32.875
function@_Z17PrintAllBitboardsP7state_t,0,0,0,0,0,14,0,0,0,0,415.375
function@_Z22SetupPrecalculatedDatav,40,50,0,27,10,104,959,1280,616,258,3278.21
function@_Z16SetupCastleMasksP7state_t,0,0,0,0,0,0,0,0,0,0,0
function@_Z11RankAttacksyj,0,0,0,0,0,2,0,0,0,0,2
function@_Z11FileAttacksyj,0,0,0,0,0,1,0,0,0,0,1
function@_Z15DiagonalAttacksyj,0,0,0,0,0,1,0,0,0,0,1
function@_Z15AntiDiagAttacksyj,0,0,0,0,0,1,0,0,0,0,1
function@_Z13BishopAttacksP7state_ti,0,0,0,0,0,1,0,0,0,0,1
function@_Z11RookAttacksP7state_ti,0,0,0,0,0,7,0,0,0,0,7
function@_Z5fevalP7state_tiP12t_eval_comps,304,72,0,96,22,78,1972.31,339.438,594.799,33.75,1027.67
function@_Z4evalP7state_tiii,5,1,0,2,0,16,3.61618,0.667603,1.78027,0,12.1225
function@_Z13retrieve_evalP7state_t,0,0,0,0,0,1,0,0,0,0,1
function@_Z4ranki,0,0,0,0,0,0,0,0,0,0,0
function@_Z4filei,0,0,0,0,0,0,0,0,0,0,0
function@_Z8sum_distii,0,0,0,0,0,5,0,0,0,0,5
function@_Z12taxicab_distii,0,0,0,0,0,5,0,0,0,0,5
function@_Z16taxicab_dist_bitii,0,0,0,0,0,5,0,0,0,0,5
function@_Z11check_phaseP11gamestate_tP7state_t,3,1,0,1,3,5,1,0.853516,1,2.66667,27.6667
function@_Z12elo_to_depthi,0,0,0,0,0,0,0,0,0,0,0
function@_Z14elo_to_blunderi,0,0,0,0,0,1,0,0,0,0,1
function@_Z12compact_movei,0,0,0,0,0,4,0,0,0,0,4
function@_Z4logLi,0,0,0,0,0,3,0,0,0,0,17.4375
function@_Z14dumpsearchstatP7state_t,0,0,0,0,0,0,0,0,0,0,0
function@_Z13allocate_timeP11gamestate_ti,0,0,0,0,0,6,0,0,0,0,1.125
function@_Z11comp_to_sanP7state_tiPc,31,12,0,9,0,34,5.28911,1.40173,7.51887,0,36.8234
function@_Z13comp_to_coordP7state_tiPc,11,0,0,2,0,22,0.93865,0,1.25153,0,11.2577
function@_Z13display_boardP7state_ti,0,0,0,0,0,4,0,0,0,0,33.875
function@_Z8myprintfPKcz,0,0,0,0,0,6,0,0,0,0,3.79688
function@_Z9init_gameP11gamestate_tP7state_t,0,0,0,0,0,3,0,0,0,0,3
function@_Z18reset_piece_squareP7state_t,0,0,0,0,0,0,0,0,0,0,0
function@_Z7is_movePc,0,0,0,0,0,2,0,0,0,0,2
function@_Z20extract_current_pathP7state_t,0,0,0,0,0,10,0,0,0,0,81
function@_Z19extract_ponder_moveP7state_t,0,0,0,0,0,18,0,0,0,0,36.9062
function@_Z24extract_current_bestlineP7state_t,0,0,0,0,0,3,0,0,0,0,3
function@_ZL15hash_extract_pvP7state_tiPc,0,0,0,0,0,24,0,0,0,0,29.7741
function@_Z12stringize_pvP7state_tPc,0,0,0,0,0,1,0,0,0,0,1
function@_Z13post_thinkingP7state_tiiPci,0,0,0,0,0,26,0,0,0,0,10.9375
function@_Z9rdifftimeii,0,0,0,0,0,0,0,0,0,0,0
function@_Z5rtimev,0,0,0,0,0,0,0,0,0,0,0
function@_Z16post_fh_thinkingP7state_tiiPci,0,0,0,0,0,19,0,0,0,0,8.75
function@_Z16post_fl_thinkingP7state_tiiPci,0,0,0,0,0,17,0,0,0,0,7.4375
function@_Z21post_multipv_thinkingP7state_tiii,4,2,0,3,1,31,264.375,0.75,8.75,8,436.5
function@_Z6rinputPciP8_IO_FILE,0,0,0,0,0,16,0,0,0,0,52.2109
function@_Z8start_upv,0,0,0,0,0,0,0,0,0,0,0
function@_Z12verify_coordP7state_tPcPi,0,1,0,1,0,12,0,20,0.625,0,107.5
function@_Z17input_causes_stopv,0,0,0,0,0,17,0,0,0,0,3.88615
function@_Z9interruptv,0,0,0,0,0,0,0,0,0,0,0
function@_Z11reset_boardP7state_t,0,0,0,0,0,0,0,0,0,0,0
function@_Z15make_text_movesP11gamestate_tP7state_tPc,2,2,0,3,0,13,12.9123,13.3356,7.70616,0,63.6116
function@_Z8myrandomv,0,0,0,0,0,2,0,0,0,0,2
function@_Z7mysrandj,0,0,0,0,0,0,0,0,0,0,0
function@_Z7qsearchP7state_tiiii,111,40,0,40,16,39,12.6905,4.77001,6.22827,1.6576,11.261
function@_ZL17search_time_checkP7state_t,0,0,0,0,0,9,0,0,0,0,1.23166
function@_ZL16fast_order_movesP7state_tPiS1_ij,0,1,0,1,0,11,0,20.0735,0.617647,0,62.3088
function@_ZL15remove_one_fastPiS_S_i,0,0,0,0,0,9,0,0,0,0,9.74118
function@_Z6searchP7state_tiiiii,310,98,0,98,51,117,3.67322,0.56485,2.42278,0.155128,6.16113
function@_ZL11order_movesP7state_tPiS1_ij,49,9,0,13,2,14,112.146,42.2917,53.25,1.5,61.8958
function@_ZL12history_goodP7state_tii,0,0,0,0,0,6,0,0,0,0,5
function@_Z14rootmovesearchP7state_tiiiii,0,0,0,0,0,0,0,0,0,0,0
function@_Z11search_rootP7state_tiii,41,29,0,24,27,60,255.642,84.6063,48.9715,49.5502,158.182
function@_Z21reset_search_countersP7state_t,0,0,0,0,0,0,0,0,0,0,0
function@_Z17reset_search_dataP7state_t,0,0,0,0,0,2,0,0,0,0,2
function@_Z5thinkP11gamestate_tP7state_t,15,9,0,21,3,43,12.3261,5.08465,14.0228,0.491061,89.9173
function@_Z7is_drawP11gamestate_tP7state_t,0,0,0,0,0,6,0,0,0,0,4.48295
function@_Z21insufficient_materialP7state_t,0,0,0,0,0,0,0,0,0,0,0
function@_Z11is_attackedP7state_tii,0,0,0,0,0,23,0,0,0,0,3.22692
function@_Z8in_checkP7state_t,0,0,0,0,0,0,0,0,0,0,0
function@_Z10attacks_toP7state_ti,1,3,0,3,1,11,1,3,3,1,7.95238
function@main,0,0,0,0,0,9,0,0,0,0,9
function@_Z8PopCounty,0,0,0,0,0,0,0,0,0,0,0
function@_Z9FindFirsty,0,0,0,0,0,0,0,0,0,0,0
function@_Z15FindFirstRemovePy,0,0,0,0,0,2,0,0,0,0,2
function@_Z8FindLasty,0,0,0,0,0,2,0,0,0,0,2
function@_Z13ThickPopCounty,0,0,0,0,0,0,0,0,0,0,0
function@_Z15init_parametersP11gamestate_t,0,0,0,0,0,0,0,0,0,0,0
function@_Z13clear_pawn_ttv,0,0,0,0,0,0,0,0,0,0,0
function@_Z5scaleiii,0,0,0,0,0,1,0,0,0,0,1
function@_Z16static_pawn_evalP7state_t,158,20,0,34,13,30,224.538,47.0801,52.8574,52.8711,136.307
function@_Z11check_legalP7state_ti,0,0,0,0,0,10,0,0,0,0,91.6562
function@_Z20check_castle_blockerP7state_ti,0,0,0,0,0,5,0,0,0,0,1.19528
function@_Z3seeP7state_tiiii,43,8,0,11,3,17,156.223,17.9705,9.1875,40.3351,121.312
function@_Z14setup_epd_lineP11gamestate_tP7state_tPKc,98,6,0,9,13,4,146.219,76.0234,7.76562,23.8906,58.4844
function@_Z14check_solutionP7state_tPci,0,0,0,0,0,9,0,0,0,0,7.23438
function@_Z17run_epd_testsuiteP11gamestate_tP7state_tPKc,0,0,0,0,0,22,0,0,0,0,186.5
function@_Z15position_to_fenP7state_tPc,0,0,0,0,0,4,0,0,0,0,3.24706
