Comando: /home/mpvreal/Code/Faculdade/tcc/llvm/build/bin/llc --march=x86-64 --regalloc=basic -o -
Heurística: div(cost,mul(area,pow(degree,2)))
function@main,50,47,0,63,27,115,0.165573,0.377514,5.09632,1.42279,79.7454
function@SigIntHandler,0,0,0,0,0,0,0,0,0,0,0
function@Help,0,0,0,0,0,12,0,0,0,0,8.5
function@x264_adaptive_quant_frame,87,26,0,25,12,28,1856.65,334.878,203.206,17.0344,511.958
function@x264_macroblock_tree_read,0,0,0,0,0,13,0,0,0,0,10.229
function@x264_reference_build_list_optimal,0,0,0,0,0,7,0,0,0,0,100.5
function@x264_ratecontrol_init_reconfigurable,1,1,0,3,0,10,0.381579,0.381579,0.759868,0,3.22697
function@x264_ratecontrol_new,302,8,0,16,10,139,81.5737,3.81037,2.39169,1.14119,9.22525
function@x264_strcat_filename,0,0,0,0,0,11,0,0,0,0,9.66667
function@init_pass2,204,97,0,135,16,31,11117.1,10057.2,7182.53,11.5427,2550.07
function@clip_qscale,20,13,0,15,0,8,4.46777,8.59763,5.4563,0,29.8701
function@x264_ratecontrol_summary,0,1,0,2,0,3,0,0.154412,0.147059,0,1.30882
function@x264_ratecontrol_delete,0,0,0,0,0,4,0,0,0,0,2.4
function@x264_ratecontrol_start,3,1,0,7,0,8,1.02637,0.624999,2.02637,0,3.43743
function@rate_estimate_qscale,79,44,0,60,2,19,128.85,72.5635,61.5824,0.0391484,5.42342
function@x264_ratecontrol_mb,19,11,0,21,0,18,4.89503,4.29006,2.8758,0,6.5016
function@predict_row_size_sum,9,5,0,11,0,9,56.7143,36.7143,53.6667,0,5.07143
function@x264_ratecontrol_qp,0,0,0,0,0,0,0,0,0,0,0
function@x264_ratecontrol_mb_qp,0,0,0,0,0,0,0,0,0,0,0
function@x264_ratecontrol_slice_type,0,0,0,0,0,5,0,0,0,0,2.80882
function@x264_ratecontrol_set_weights,0,0,0,0,0,1,0,0,0,0,1
function@x264_ratecontrol_end,11,12,0,14,0,8,1.91608,3.7821,5.06537,0,2.77221
function@x264_hrd_fullness,4,5,0,2,0,2,3,4.5,2,0,1.75
function@x264_threads_normalize_predictors,0,0,0,0,0,4,0,0,0,0,2.325
function@x264_threads_distribute_ratecontrol,0,0,0,0,0,16,0,0,0,0,50.653
function@x264_threads_merge_ratecontrol,25,1,0,4,0,5,115.801,3.91912,22.0074,0,11.8603
function@x264_thread_sync_ratecontrol,0,0,0,0,0,1,0,0,0,0,1
function@x264_mb_encode_i4x4,0,0,0,0,0,18,0,0,0,0,8.125
function@x264_mb_encode_i8x8,0,0,0,0,0,21,0,0,0,0,10.9844
function@x264_mb_encode_8x8_chroma,73,14,0,16,8,58,342.73,72.1641,40.6797,50.2566,450.449
function@x264_mb_optimize_chroma_dc,0,3,0,1,0,13,0,1.13725,0.490196,0,338.882
function@x264_predict_lossless_8x8_chroma,20,0,0,2,0,4,8,0,1.33333,0,1.33333
function@x264_predict_lossless_4x4,0,0,0,0,0,5,0,0,0,0,3.66667
function@x264_predict_lossless_8x8,0,0,0,0,0,8,0,0,0,0,4
function@x264_predict_lossless_16x16,0,0,0,0,0,3,0,0,0,0,1.66667
function@x264_macroblock_encode,505,25,0,17,15,122,126.241,8.78044,7.48741,4.50381,35.5347
function@x264_macroblock_probe_skip,18,16,0,19,7,25,33.8811,18.866,16.275,12.0268,111.074
function@x264_noise_reduction_update,0,0,0,0,0,61,0,0,0,0,138.381
function@x264_macroblock_encode_p8x8,32,26,0,15,15,87,12.3329,8.33203,7.60767,3.97842,14.9057
function@x264_macroblock_encode_p4x4,0,0,0,0,0,16,0,0,0,0,6.40625
function@x264_lookahead_init,0,0,0,0,0,11,0,0,0,0,5.52927
function@x264_lookahead_delete,0,0,0,0,0,2,0,0,0,0,1.66667
function@x264_lookahead_put_frame,0,0,0,0,0,0,0,0,0,0,0
function@x264_lookahead_is_empty,0,0,0,0,0,0,0,0,0,0,0
function@x264_lookahead_get_frames,0,0,0,0,0,9,0,0,0,0,32.5052
function@x264_me_search_ref,1174,437,0,482,78,130,1480.64,803.444,390.105,29.4651,392.445
function@refine_subpel,322,95,0,72,7,68,240.191,87.1383,65.7219,5.48654,96.6333
function@x264_me_refine_qpel,0,0,0,0,0,0,0,0,0,0,0
function@x264_me_refine_qpel_refdupe,0,0,0,0,0,2,0,0,0,0,2
function@x264_me_refine_bidir_satd,0,0,0,0,0,0,0,0,0,0,0
function@x264_me_refine_bidir,161,74,0,56,16,45,803.535,461.144,150.088,79.4553,369.766
function@x264_me_refine_bidir_rd,0,0,0,0,0,2,0,0,0,0,2
function@x264_me_refine_qpel_rd,277,103,0,111,12,47,85.3978,33.2005,38.449,5.2118,17.4732
function@x264_sps_init,0,0,0,0,0,5,0,0,0,0,5
function@x264_sps_write,0,0,0,0,0,189,0,0,0,0,94.907
function@x264_pps_init,0,0,0,0,0,2,0,0,0,0,2
function@x264_pps_write,0,0,0,0,0,64,0,0,0,0,44.9286
function@scaling_list_write,0,0,0,0,0,16,0,0,0,0,18.241
function@x264_sei_recovery_point_write,0,0,0,0,0,15,0,0,0,0,13.125
function@x264_sei_write_header,0,0,0,0,0,6,0,0,0,0,4.6
function@x264_sei_write,0,0,0,0,0,11,0,0,0,0,8.3125
function@x264_sei_version_write,0,0,0,0,0,28,0,0,0,0,49.8889
function@x264_sei_buffering_period_write,0,0,0,0,0,16,0,0,0,0,13.24
function@x264_sei_pic_timing_write,0,0,0,0,0,11,0,0,0,0,8.84
function@x264_filler_write,0,0,0,0,0,9,0,0,0,0,35.3125
function@x264_validate_levels,2,10,0,3,0,24,2,5.35938,3,0,9.01562
function@x264_encoder_open_96,7,4,0,7,5,70,0.152457,0.17561,0.199903,0.26843,10.3636
function@x264_validate_parameters,4,2,0,2,0,47,0.0676681,0.033834,0.033834,0,4.0385
function@x264_set_aspect_ratio,0,0,0,0,0,6,0,0,0,0,14.793
function@mbcmp_init,0,0,0,0,0,1,0,0,0,0,1
function@x264_encoder_reconfig,0,0,0,0,0,11,0,0,0,0,7.23529
function@x264_encoder_parameters,0,0,0,0,0,2,0,0,0,0,2
function@x264_encoder_headers,0,0,0,0,0,18,0,0,0,0,10.3786
function@x264_nal_start,0,0,0,0,0,1,0,0,0,0,1
function@x264_nal_end,0,0,0,0,0,4,0,0,0,0,2.80952
function@x264_encoder_encapsulate_nals,0,0,0,0,0,14,0,0,0,0,19.9762
function@x264_weighted_reference_duplicate,0,0,0,0,0,8,0,0,0,0,5.5
function@x264_encoder_intra_refresh,0,0,0,0,0,0,0,0,0,0,0
function@x264_encoder_encode,44,9,0,37,13,129,8.72248,1.95084,6.82283,1.06494,291.72
function@x264_encoder_frame_end,22,3,0,20,1,55,10.2014,0.857403,9.88114,0.178626,350.471
function@x264_reference_check_reorder,0,0,0,0,0,2,0,0,0,0,8.2381
function@x264_threaded_slices_write,7,2,0,3,1,25,77.725,28.65,11.225,16.375,373.25
function@x264_slices_write,403,22,0,33,20,195,1392.9,135.853,268.768,54.3025,815.1
function@x264_slice_header_init,0,0,0,0,0,8,0,0,0,0,42.6412
function@x264_fdec_filter_row,14,14,0,6,11,30,12.549,7.97059,3.39216,7.29412,32.1765
function@x264_encoder_close,343,77,0,90,17,48,21796.1,31886.3,17390.7,5302.77,12871.9
function@x264_encoder_delayed_frames,0,0,0,0,0,3,0,0,0,0,2.48387
function@x264_macroblock_write_cavlc,695,1,0,7,1,79,290.329,0.499797,3.65527,5.00122,35.9943
function@bs_write_ue,0,0,0,0,0,2,0,0,0,0,2
function@bs_write_te,0,0,0,0,0,2,0,0,0,0,1.5
function@cavlc_mb_mvd,0,0,0,0,0,10,0,0,0,0,9
function@block_residual_write_cavlc,2,4,0,4,1,18,2,10.5,3.25,0.25,27.875
function@block_residual_write_cavlc_escape,0,0,0,0,0,19,0,0,0,0,12.3937
function@x264_cabac_mb_skip,0,0,0,0,0,3,0,0,0,0,3
function@x264_macroblock_write_cabac,287,6,0,17,19,243,106.668,4.54531,11.259,4.16111,95.0921
function@x264_cabac_mb_ref,0,0,0,0,0,5,0,0,0,0,23.9048
function@x264_cabac_mb_mvd,0,0,0,0,0,18,0,0,0,0,18
function@block_residual_write_cabac,11,10,0,9,1,27,28.3552,76.4234,6.5,0.194647,836.229
function@x264_cabac_mb_type_intra,2,0,0,2,0,24,0.494118,0,1.24706,0,8
function@x264_cabac_mb_mvd_cpn,0,0,0,0,0,26,0,0,0,0,15.8824
function@x264_rd_cost_part,64,48,0,31,18,108,18.5812,7.07964,7.62793,2.22575,44.7365
function@x264_rd_cost_mb,3,4,0,7,0,70,3,4,7,0,13.0973
function@ssd_plane,20,3,0,7,5,17,3.50549,2.11538,3.39011,2.27473,6.0989
function@x264_macroblock_size_cabac,413,10,0,10,29,290,154.896,3.40556,3.33194,3.09809,93.7945
function@x264_cabac_mb_ref,0,0,0,0,0,6,0,0,0,0,22.64
function@x264_cabac_mb8x8_mvd,0,9,0,9,0,72,0,1.8,1.8,0,16
function@x264_cabac_mb_mvd_cpn,0,0,0,0,0,4,0,0,0,0,2.23529
function@block_residual_write_cabac_internal,7,7,0,4,0,14,25.6667,29.7937,4,0,38
function@cavlc_mb_mvd,0,0,0,0,0,6,0,0,0,0,6
function@cavlc_mb8x8_mvd,0,0,0,0,0,22,0,0,0,0,6
function@block_residual_write_cavlc,2,0,0,1,0,18,2,0,1,0,38
function@x264_macroblock_luma_write_cavlc,0,1,0,1,0,12,0,15.9375,0.5,0,64.6875
function@x264_rdo_init,31,0,0,31,15,11,244.125,0,31,15,1870.62
function@x264_quant_dc_trellis,0,0,0,0,0,8,0,0,0,0,6
function@quant_trellis_cabac,140,19,0,33,6,27,4497.32,1310.54,552.119,70.5556,3334.33
function@x264_quant_4x4_trellis,0,0,0,0,0,8,0,0,0,0,8
function@x264_quant_8x8_trellis,0,0,0,0,0,4,0,0,0,0,4
function@x264_analyse_init_costs,4,3,0,2,0,12,0.937133,7.96857,0.468567,0,9.76069
function@x264_analyse_free_costs,0,0,0,0,0,1,0,0,0,0,1
function@x264_analyse_weight_frame,2,1,0,3,1,3,6.36,3.18,0.64,0.16,7.36
function@x264_macroblock_analyse,1153,135,0,189,48,156,482.194,101.282,23.9,10.6938,192.204
function@x264_mb_analyse_intra,204,24,0,32,10,41,2380.33,414.597,109.727,44.9023,1606.63
function@x264_intra_rd,0,0,0,0,0,14,0,0,0,0,8.25
function@x264_intra_rd_refine,263,23,0,66,16,48,14461.7,2212,2786.82,717.333,2932.99
function@x264_mb_analyse_init_qp,0,0,0,0,0,2,0,0,0,0,2
function@x264_mb_analyse_inter_p8x8_mixed_ref,29,15,0,19,2,14,9575.18,13170.1,290.554,64,11754.5
function@x264_mb_analyse_inter_p8x8,24,5,0,13,2,10,590.19,35.4762,74.5714,33.4762,230.333
function@x264_mb_cache_mv_p8x8,0,0,0,0,0,9,0,0,0,0,5.4
function@x264_mb_analyse_inter_p16x8,32,7,0,10,1,14,486.032,115.874,152.905,21.5579,178.516
function@x264_mb_analyse_inter_p8x16,35,16,0,9,2,21,611.705,277.221,121.568,42.7789,276.189
function@x264_mb_analyse_intra_chroma,0,0,0,0,0,8,0,0,0,0,21.25
function@x264_mb_analyse_transform_rd,0,0,0,0,0,11,0,0,0,0,5.12545
function@x264_analyse_update_cache,0,0,0,0,0,58,0,0,0,0,6.54403
function@x264_mb_analyse_b_rd,0,0,0,0,0,23,0,0,0,0,7.4375
function@x264_mb_analyse_inter_b8x8_mixed_ref,100,23,0,30,2,16,10398.7,5218.73,273.879,64,4129
function@x264_mb_analyse_inter_b8x8,116,3,0,22,2,17,3712,96,487,64,482
function@x264_mb_analyse_inter_b16x8,65,13,0,24,2,17,811.96,186.413,205.048,31.5079,213.302
function@x264_mb_analyse_inter_b8x16,43,23,0,17,2,27,552.635,316.444,213.302,31.5079,289.893
function@x264_refine_bidir,0,0,0,0,0,15,0,0,0,0,2.65409
function@x264_rd_cost_i8x8_chroma,1,4,0,4,0,30,0.999999,3,4,0,12.7485
function@x264_mb_analyse_inter_p4x4_chroma,67,6,0,15,3,43,24.8333,4.66667,10.3333,1.66667,15.9583
function@x264_mb_cache_mv_b8x8,0,0,0,0,0,11,0,0,0,0,8.11765
function@x264_weight_plane_analyse,11,9,0,6,4,5,17.381,350.214,4.61905,11.0714,328.048
function@x264_weights_analyse,136,39,0,43,21,28,18629.4,3906.67,268.147,411.944,17403.1
function@x264_slicetype_frame_cost,31,11,0,11,3,27,457.782,6.56348,8.54785,1.52148,852.424
function@x264_slicetype_mb_cost,158,36,0,31,12,78,110.758,51.0938,35.6562,6.875,42.1406
function@x264_slicetype_analyse,233,111,0,70,24,103,16803,1393.56,224.297,10.7981,5865.41
function@scenecut,10,7,0,4,0,15,22.625,8.175,4,0,64
function@scenecut_internal,3,2,0,2,0,15,2.24706,1.75294,2,0,12.1647
function@x264_macroblock_tree_propagate,132,43,0,52,4,18,4338.48,1478.75,1118.66,2.875,727.547
function@x264_slicetype_frame_cost_recalculate,0,0,0,0,0,3,0,0,0,0,128.952
function@x264_slicetype_decide,15,9,0,8,0,35,14.3489,11.2479,7.60173,0,90.0079
function@x264_rc_analyse_slice,8,0,0,3,2,17,22.7103,0,2.38621,0.110345,17.131
function@mk_create_writer,0,0,0,0,0,12,0,0,0,0,16.1149
function@mk_create_context,0,0,0,0,0,5,0,0,0,0,4.375
function@mk_writeHeader,41,3,0,6,2,70,6.49198,0.453465,4.34894,1,29.1396
function@mk_write_uint,0,0,0,0,0,15,0,0,0,0,13.6925
function@mk_write_string,0,0,0,0,0,13,0,0,0,0,16.0154
function@mk_close_context,0,0,0,0,0,8,0,0,0,0,7.54545
function@mk_flush_context_id,0,0,0,0,0,4,0,0,0,0,8.47692
function@mk_write_float,0,0,0,0,0,8,0,0,0,0,42.6719
function@mk_write_bin,0,0,0,0,0,11,0,0,0,0,31.04
function@mk_flush_context_data,0,0,0,0,0,7,0,0,0,0,8.56881
function@mk_write_id,3,1,0,1,1,12,0.767614,0.139679,1,1,20.4957
function@mk_write_size,3,0,0,2,1,14,0.14956,0,0.174487,0.124633,19.2581
function@mk_start_frame,0,0,0,0,0,2,0,0,0,0,2
function@mk_flush_frame,15,0,0,7,3,22,2.16907,0,1.09485,0.591753,19.6062
function@mk_close_cluster,3,1,0,1,0,5,0.359281,0.389222,0.389222,0,4.65868
function@mk_set_frame_flags,0,0,0,0,0,0,0,0,0,0,0
function@mk_add_frame_data,0,0,0,0,0,7,0,0,0,0,14.0661
function@mk_close,14,2,0,5,0,19,4.70698,1.01395,3.06977,0,101.423
function@open_file,0,0,0,0,0,6,0,0,0,0,4.85294
function@set_param,0,0,0,0,0,21,0,0,0,0,70.1868
function@write_headers,19,3,0,10,5,4,2.60482,0.43501,1.31866,1.31027,1.30608
function@write_frame,0,0,0,0,0,6,0,0,0,0,5.71429
function@close_file,0,0,0,0,0,7,0,0,0,0,6
function@open_file,0,0,0,0,0,4,0,0,0,0,3.61765
function@set_param,0,0,0,0,0,0,0,0,0,0,0
function@write_headers,0,0,0,0,0,4,0,0,0,0,4
function@write_frame,0,0,0,0,0,5,0,0,0,0,5
function@close_file,0,0,0,0,0,0,0,0,0,0,0
function@dbl2int,0,0,0,0,0,0,0,0,0,0,0
function@x264_put_byte,0,0,0,0,0,4,0,0,0,0,18.84
function@flv_append_data,0,0,0,0,0,6,0,0,0,0,20.5476
function@x264_put_be32,0,0,0,0,0,16,0,0,0,0,71.9524
function@x264_put_be64,0,0,0,0,0,6,0,0,0,0,6
function@x264_put_be16,0,0,0,0,0,8,0,0,0,0,36.4762
function@x264_put_be24,0,0,0,0,0,12,0,0,0,0,54.2143
function@x264_put_tag,0,0,0,0,0,4,0,0,0,0,353.833
function@x264_put_amf_string,2,0,0,1,0,10,1.80952,0,1,0,52.9048
function@x264_put_amf_double,1,0,0,1,0,7,1,0,1,0,21.84
function@flv_create_writer,0,0,0,0,0,6,0,0,0,0,4.23529
function@rewrite_amf_be24,0,0,0,0,0,2,0,0,0,0,2
function@flv_flush_data,0,0,0,0,0,2,0,0,0,0,2
function@open_file,0,0,0,0,0,12,0,0,0,0,7.52941
function@set_param,0,0,0,0,0,30,0,0,0,0,30
function@write_headers,4,1,0,2,0,29,2.85714,0.619048,1.61905,0,18.7143
function@write_frame,2,1,0,3,1,25,2,0.626728,2.62673,1,22.7005
function@close_file,2,1,0,1,0,20,1.25,0.390625,0.625,0,13.6719
function@open_file,0,0,0,0,0,4,0,0,0,0,3.54286
function@get_frame_total,0,0,0,0,0,0,0,0,0,0,0
function@read_frame,0,0,0,0,0,5,0,0,0,0,4
function@release_frame,0,0,0,0,0,0,0,0,0,0,0
function@close_file,0,0,0,0,0,2,0,0,0,0,2
function@open_file,2,0,0,1,2,12,1.33929,0,1,1.33929,10.5179
function@get_frame_total,0,0,0,0,0,6,0,0,0,0,5
function@read_frame,0,0,0,0,0,4,0,0,0,0,4
function@close_file,0,0,0,0,0,2,0,0,0,0,1.4
function@open_file,121,48,0,33,9,107,47.1887,29.2286,8.55495,2.91119,465.551
function@get_frame_total,0,0,0,0,0,0,0,0,0,0,0
function@read_frame,0,0,0,0,0,8,0,0,0,0,7.02941
function@release_frame,0,0,0,0,0,0,0,0,0,0,0
function@close_file,0,0,0,0,0,2,0,0,0,0,2
function@correct_fps,2,0,0,1,0,17,2,0,1,0,105.714
function@try_mkv_timebase_den,2,1,0,2,0,9,37.6872,18.8436,19.4692,0,981.886
function@open_file,2,2,0,4,3,26,0.121181,0.111607,1.15346,0.148809,6.2898
function@get_frame_total,0,0,0,0,0,8,0,0,0,0,7
function@read_frame,0,0,0,0,0,5,0,0,0,0,4.5
function@close_file,0,0,0,0,0,2,0,0,0,0,1.4
function@x264_mdate,0,0,0,0,0,0,0,0,0,0,0
function@x264_pixel_ssd_wxh,37,31,0,25,8,14,756.588,173.196,13,17.9412,371.471
function@x264_pixel_ssim_wxh,53,16,0,38,5,10,22035.3,479.635,619.27,65.619,4685.3
function@x264_pixel_init,0,0,0,0,0,1,0,0,0,0,1
function@x264_pixel_sad_16x16,0,0,0,0,0,2,0,0,0,0,2
function@x264_pixel_sad_16x8,0,0,0,0,0,1,0,0,0,0,1
function@x264_pixel_sad_8x16,0,0,0,0,0,2,0,0,0,0,2
function@x264_pixel_sad_8x8,0,0,0,0,0,1,0,0,0,0,1
function@x264_pixel_sad_8x4,0,0,0,0,0,0,0,0,0,0,0
function@x264_pixel_sad_4x8,0,0,0,0,0,0,0,0,0,0,0
function@x264_pixel_sad_4x4,0,0,0,0,0,0,0,0,0,0,0
function@x264_pixel_sad_x3_16x16,0,0,0,0,0,14,0,0,0,0,14
function@x264_pixel_sad_x3_16x8,0,0,0,0,0,14,0,0,0,0,14
function@x264_pixel_sad_x3_8x16,0,0,0,0,0,4,0,0,0,0,4
function@x264_pixel_sad_x3_8x8,0,0,0,0,0,3,0,0,0,0,3
function@x264_pixel_sad_x3_8x4,0,0,0,0,0,14,0,0,0,0,14
function@x264_pixel_sad_x3_4x8,0,0,0,0,0,14,0,0,0,0,14
function@x264_pixel_sad_x3_4x4,0,0,0,0,0,53,0,0,0,0,53
function@x264_pixel_sad_x4_16x16,0,0,0,0,0,17,0,0,0,0,17
function@x264_pixel_sad_x4_16x8,0,0,0,0,0,17,0,0,0,0,17
function@x264_pixel_sad_x4_8x16,0,0,0,0,0,4,0,0,0,0,4
function@x264_pixel_sad_x4_8x8,0,0,0,0,0,3,0,0,0,0,3
function@x264_pixel_sad_x4_8x4,0,0,0,0,0,17,0,0,0,0,17
function@x264_pixel_sad_x4_4x8,0,0,0,0,0,17,0,0,0,0,17
function@x264_pixel_sad_x4_4x4,0,0,0,0,0,68,0,0,0,0,68
function@x264_pixel_ssd_16x16,0,0,0,0,0,2,0,0,0,0,2
function@x264_pixel_ssd_16x8,0,0,0,0,0,1,0,0,0,0,1
function@x264_pixel_ssd_8x16,0,0,0,0,0,2,0,0,0,0,2
function@x264_pixel_ssd_8x8,0,0,0,0,0,1,0,0,0,0,1
function@x264_pixel_ssd_8x4,0,0,0,0,0,1,0,0,0,0,1
function@x264_pixel_ssd_4x8,0,0,0,0,0,0,0,0,0,0,0
function@x264_pixel_ssd_4x4,0,0,0,0,0,0,0,0,0,0,0
function@x264_pixel_satd_16x16,28,4,0,10,0,14,28,4,10,0,14
function@x264_pixel_satd_16x8,11,0,0,3,0,10,11,0,3,0,10
function@x264_pixel_satd_8x16,8,1,0,3,0,11,8,1,3,0,11
function@x264_pixel_satd_8x8,0,0,0,0,0,11,0,0,0,0,11
function@x264_pixel_satd_8x4,37,8,0,27,0,33,37,8,27,0,33
function@x264_pixel_satd_4x8,0,0,0,0,0,11,0,0,0,0,11
function@x264_pixel_satd_4x4,0,0,0,0,0,2,0,0,0,0,2
function@x264_pixel_satd_x3_16x16,0,0,0,0,0,14,0,0,0,0,14
function@x264_pixel_satd_x3_16x8,20,3,0,9,0,25,20,3,9,0,25
function@x264_pixel_satd_x3_8x16,20,9,0,13,0,27,20,9,13,0,27
function@x264_pixel_satd_x3_8x8,7,0,0,3,2,20,7,0,3,2,20
function@x264_pixel_satd_x3_8x4,0,0,0,0,0,14,0,0,0,0,14
function@x264_pixel_satd_x3_4x8,7,0,0,3,2,20,7,0,3,2,20
function@x264_pixel_satd_x3_4x4,0,0,0,0,0,14,0,0,0,0,14
function@x264_pixel_satd_x4_16x16,0,0,0,0,0,17,0,0,0,0,17
function@x264_pixel_satd_x4_16x8,27,4,0,10,0,29,27,4,10,0,29
function@x264_pixel_satd_x4_8x16,25,8,0,12,3,36,25,8,12,3,36
function@x264_pixel_satd_x4_8x8,4,1,0,3,2,27,4,1,3,2,27
function@x264_pixel_satd_x4_8x4,0,0,0,0,0,17,0,0,0,0,17
function@x264_pixel_satd_x4_4x8,4,1,0,3,2,27,4,1,3,2,27
function@x264_pixel_satd_x4_4x4,0,0,0,0,0,17,0,0,0,0,17
function@x264_pixel_hadamard_ac_16x16,0,0,0,0,0,13,0,0,0,0,13
function@x264_pixel_hadamard_ac_16x8,0,0,0,0,0,10,0,0,0,0,10
function@x264_pixel_hadamard_ac_8x16,0,0,0,0,0,9,0,0,0,0,9
function@x264_pixel_hadamard_ac_8x8,0,0,0,0,0,3,0,0,0,0,3
function@x264_pixel_ads4,0,0,0,0,0,4,0,0,0,0,4
function@x264_pixel_ads2,0,0,0,0,0,8,0,0,0,0,85.1429
function@x264_pixel_ads1,0,0,0,0,0,6,0,0,0,0,44.5714
function@x264_pixel_sa8d_16x16,9,1,0,3,0,9,9,1,3,0,9
function@x264_pixel_sa8d_8x8,0,0,0,0,0,0,0,0,0,0,0
function@x264_pixel_var_16x16,0,0,0,0,0,6,0,0,0,0,129.5
function@x264_pixel_var_8x8,0,0,0,0,0,2,0,0,0,0,2
function@ssim_4x4x2_core,70,1,0,12,3,30,2231.25,31.875,135.5,95.625,956.25
function@ssim_end4,0,0,0,0,0,7,0,0,0,0,84.1429
function@pixel_var2_8x8,0,0,0,0,0,2,0,0,0,0,2
function@pixel_hadamard_ac,19,19,0,12,5,0,19,19,12,5,0
function@sa8d_8x8,0,0,0,0,0,2,0,0,0,0,2
function@x264_frame_new,57,13,0,18,4,28,15.348,3.53336,8.64961,2.6257,13.501
function@x264_frame_delete,0,0,0,0,0,2,0,0,0,0,2
function@x264_frame_copy_picture,0,0,0,0,0,31,0,0,0,0,7.81675
function@x264_frame_expand_border,175,70,0,73,24,63,2786.91,869.559,218.559,365.529,2987.44
function@x264_frame_expand_border_filtered,610,76,0,164,23,3,9335.62,1626.48,242.048,54.4762,11.0952
function@x264_frame_expand_border_lowres,91,55,0,5,1,135,3864.62,2048.12,97.625,31.875,4281.12
function@x264_frame_expand_border_mod16,9,6,0,5,5,4,951.583,386.5,62.3333,93.25,35.75
function@x264_frame_cond_broadcast,0,0,0,0,0,0,0,0,0,0,0
function@x264_frame_cond_wait,0,0,0,0,0,0,0,0,0,0,0
function@x264_frame_push,0,0,0,0,0,0,0,0,0,0,0
function@x264_frame_pop,0,0,0,0,0,0,0,0,0,0,0
function@x264_frame_unshift,0,0,0,0,0,7,0,0,0,0,56.5882
function@x264_frame_shift,0,0,0,0,0,1,0,0,0,0,1
function@x264_frame_push_unused,0,0,0,0,0,0,0,0,0,0,0
function@x264_frame_pop_unused,0,0,0,0,0,2,0,0,0,0,1.38095
function@x264_frame_push_blank_unused,0,0,0,0,0,0,0,0,0,0,0
function@x264_frame_pop_blank_unused,0,0,0,0,0,0,0,0,0,0,0
function@x264_frame_sort,0,0,0,0,0,4,0,0,0,0,12.75
function@x264_weight_scale_plane,3,7,0,6,0,7,422.7,473.9,16.55,0,1232.05
function@x264_frame_delete_list,0,0,0,0,0,2,0,0,0,0,1.61905
function@x264_synch_frame_list_init,0,0,0,0,0,5,0,0,0,0,3.38095
function@x264_synch_frame_list_delete,0,0,0,0,0,1,0,0,0,0,0.619048
function@x264_synch_frame_list_push,0,0,0,0,0,0,0,0,0,0,0
function@x264_macroblock_cache_mv_4_4,0,0,0,0,0,1,0,0,0,0,1
function@x264_macroblock_cache_mv_2_4,0,0,0,0,0,1,0,0,0,0,1
function@x264_macroblock_cache_mv_4_2,0,0,0,0,0,1,0,0,0,0,1
function@x264_macroblock_cache_mv_2_2,0,0,0,0,0,1,0,0,0,0,1
function@x264_macroblock_cache_mv_2_1,0,0,0,0,0,1,0,0,0,0,1
function@x264_macroblock_cache_mv_1_2,0,0,0,0,0,0,0,0,0,0,0
function@x264_macroblock_cache_mv_1_1,0,0,0,0,0,0,0,0,0,0,0
function@x264_macroblock_cache_mvd_4_4,0,0,0,0,0,2,0,0,0,0,2
function@x264_macroblock_cache_mvd_2_4,0,0,0,0,0,1,0,0,0,0,1
function@x264_macroblock_cache_mvd_4_2,0,0,0,0,0,2,0,0,0,0,2
function@x264_macroblock_cache_mvd_2_2,0,0,0,0,0,1,0,0,0,0,1
function@x264_macroblock_cache_mvd_2_1,0,0,0,0,0,1,0,0,0,0,1
function@x264_macroblock_cache_mvd_1_2,0,0,0,0,0,0,0,0,0,0,0
function@x264_macroblock_cache_mvd_1_1,0,0,0,0,0,0,0,0,0,0,0
function@x264_macroblock_cache_ref_4_4,0,0,0,0,0,0,0,0,0,0,0
function@x264_macroblock_cache_ref_2_4,0,0,0,0,0,1,0,0,0,0,1
function@x264_macroblock_cache_ref_4_2,0,0,0,0,0,0,0,0,0,0,0
function@x264_macroblock_cache_ref_2_2,0,0,0,0,0,1,0,0,0,0,1
function@x264_macroblock_cache_ref_2_1,0,0,0,0,0,1,0,0,0,0,1
function@x264_macroblock_cache_ref_1_2,0,0,0,0,0,0,0,0,0,0,0
function@x264_macroblock_cache_ref_1_1,0,0,0,0,0,0,0,0,0,0,0
function@x264_mb_mc_8x8,0,0,0,0,0,40,0,0,0,0,6.98113
function@x264_mb_mc_0xywh,15,2,0,7,3,15,13.8571,2,6.61905,3,13.0952
function@x264_mb_mc_01xywh,34,10,0,21,3,15,33.625,10,20.625,3,15
function@x264_mb_mc_1xywh,8,5,0,7,0,12,8,5,7,0,12
function@x264_mb_mc,0,0,0,0,0,20,0,0,0,0,3.59341
function@x264_macroblock_cache_allocate,0,0,0,0,0,24,0,0,0,0,5.18835
function@x264_macroblock_cache_free,0,0,0,0,0,1,0,0,0,0,1
function@x264_macroblock_thread_allocate,0,0,0,0,0,6,0,0,0,0,6.65116
function@x264_macroblock_thread_free,0,0,0,0,0,1,0,0,0,0,1
function@x264_macroblock_slice_init,0,0,0,0,0,9,0,0,0,0,41.0735
function@x264_macroblock_thread_init,0,0,0,0,0,0,0,0,0,0,0
function@x264_prefetch_fenc,0,0,0,0,0,6,0,0,0,0,6
function@x264_macroblock_cache_load,43,29,0,23,6,35,73.7206,84.4706,12.8137,2.93627,37.4755
function@x264_macroblock_load_pic_pointers,31,3,0,8,1,19,112.086,2,6.5625,0.625,35.0586
function@x264_macroblock_cache_load_neighbours_deblock,0,0,0,0,0,1,0,0,0,0,1
function@x264_macroblock_cache_load_deblock,5,3,0,5,3,5,2.4159,0.929664,0.220183,0.122324,1.48624
function@x264_macroblock_cache_save,23,1,0,5,0,15,5.22059,0.5,4.5,0,12.8873
function@x264_macroblock_bipred_init,2,1,0,3,2,11,15.9375,7.96875,0.65625,15.9375,32449.8
function@x264_frame_deblock_row,136,37,0,45,18,70,763.287,327.629,365.927,157.513,287.9
function@x264_deblock_init,0,0,0,0,0,0,0,0,0,0,0
function@deblock_v_luma_c,0,0,0,0,0,3,0,0,0,0,3
function@deblock_h_luma_c,0,0,0,0,0,4,0,0,0,0,4
function@deblock_v_chroma_c,0,0,0,0,0,3,0,0,0,0,3
function@deblock_h_chroma_c,0,0,0,0,0,4,0,0,0,0,4
function@deblock_v_luma_intra_c,0,0,0,0,0,2,0,0,0,0,2
function@deblock_h_luma_intra_c,0,0,0,0,0,3,0,0,0,0,3
function@deblock_v_chroma_intra_c,0,0,0,0,0,2,0,0,0,0,2
function@deblock_h_chroma_intra_c,0,0,0,0,0,3,0,0,0,0,3
function@deblock_strength_c,9,20,0,3,2,37,118.865,188.973,2.62162,21.1081,1636.3
function@deblock_luma_c,16,3,0,7,3,16,1075.38,68.625,85.875,33.875,2076.38
function@deblock_chroma_c,6,1,0,3,1,19,31.5,11.875,3,1,149.625
function@deblock_luma_intra_c,17,2,0,10,4,14,25.625,35.75,10,4,92.75
function@deblock_chroma_intra_c,0,0,0,0,0,46,0,0,0,0,25.5
function@x264_cqm_init,172,36,0,39,41,79,43.3459,21.1052,1.74257,3.72488,126.268
function@x264_cqm_delete,0,0,0,0,0,1,0,0,0,0,1
function@x264_cqm_parse_file,0,0,0,0,0,33,0,0,0,0,82.0952
function@x264_cqm_parse_jmlist,7,2,0,4,0,20,2.30355,1.02847,3.625,0,8.92647
function@x264_cpu_detect,0,0,0,0,0,0,0,0,0,0,0
function@x264_cpu_num_processors,0,0,0,0,0,0,0,0,0,0,0
function@spec_strdup,0,0,0,0,0,8,0,0,0,0,7.33333
function@x264_param_default,0,0,0,0,0,2,0,0,0,0,2
function@x264_log_default,0,0,0,0,0,4,0,0,0,0,4
function@x264_param_default_preset,6,0,0,1,2,33,1.942,0,0.388486,0.776972,41.3505
function@x264_log,0,0,0,0,0,4,0,0,0,0,2.52941
function@x264_malloc,0,0,0,0,0,4,0,0,0,0,3
function@x264_free,0,0,0,0,0,0,0,0,0,0,0
function@x264_param_apply_fastfirstpass,0,0,0,0,0,0,0,0,0,0,0
function@x264_param_apply_profile,0,0,0,0,0,8,0,0,0,0,4.51034
function@x264_param_parse,172,5,0,5,140,334,12.1799,3.125,2.77148,0.639138,53.3793
function@x264_atobool,0,0,0,0,0,9,0,0,0,0,5.50224
function@parse_enum,0,0,0,0,0,5,0,0,0,0,14.1538
function@parse_cqm,0,3,0,1,0,9,0,1.3386,1,0,25.1596
function@x264_picture_alloc,0,0,0,0,0,7,0,0,0,0,5.61905
function@x264_picture_clean,0,0,0,0,0,1,0,0,0,0,1
function@x264_nal_encode,0,0,0,0,0,6,0,0,0,0,28.9524
function@x264_reduce_fraction,0,0,0,0,0,7,0,0,0,0,32.5952
function@x264_slurp_file,0,0,0,0,0,15,0,0,0,0,6.22936
function@x264_param2string,0,0,0,0,0,56,0,0,0,0,28.9901
function@x264_plane_copy_c,3,7,0,2,0,17,1.23529,54.2647,1.61765,0,159.941
function@x264_frame_init_lowres,0,0,0,0,0,20,0,0,0,0,24.5784
function@x264_mc_init,0,0,0,0,0,0,0,0,0,0,0
function@mc_luma,11,38,0,19,10,52,9.09442,132.897,6.56223,2.58798,196.262
function@get_ref,38,17,0,13,5,35,59.884,89.6186,4.68299,9.43557,169.804
function@mc_chroma,14,6,0,8,2,7,35.35,57.3,10.35,0.8,375.45
function@pixel_avg_16x16,0,0,0,0,0,4,0,0,0,0,3
function@pixel_avg_16x8,0,0,0,0,0,4,0,0,0,0,3
function@pixel_avg_8x16,0,0,0,0,0,4,0,0,0,0,3
function@pixel_avg_8x8,0,0,0,0,0,4,0,0,0,0,3
function@pixel_avg_8x4,0,0,0,0,0,2,0,0,0,0,1.5
function@pixel_avg_4x8,32,0,0,32,0,7,16,0,16,0,66.75
function@pixel_avg_4x4,0,0,0,0,0,18,0,0,0,0,10
function@pixel_avg_4x2,0,0,0,0,0,12,0,0,0,0,8
function@pixel_avg_2x4,0,0,0,0,0,10,0,0,0,0,6
function@pixel_avg_2x2,0,0,0,0,0,7,0,0,0,0,5
function@x264_weight_cache,0,0,0,0,0,0,0,0,0,0,0
function@mc_copy_w16,0,0,0,0,0,1,0,0,0,0,0.64
function@mc_copy_w8,0,0,0,0,0,1,0,0,0,0,0.64
function@mc_copy_w4,0,0,0,0,0,1,0,0,0,0,0.64
function@hpel_filter,148,101,0,71,34,5,1933.34,1612.59,296.254,189.299,837.63
function@prefetch_fenc_null,0,0,0,0,0,0,0,0,0,0,0
function@prefetch_ref_null,0,0,0,0,0,0,0,0,0,0,0
function@memzero_aligned,0,0,0,0,0,0,0,0,0,0,0
function@frame_init_lowres_core,65,40,0,21,44,3,3191.68,614.135,33.5157,282.741,353.516
function@integral_init4h,0,0,0,0,0,7,0,0,0,0,11.7188
function@integral_init8h,0,0,0,0,0,7,0,0,0,0,11.7188
function@integral_init4v,0,0,0,0,0,16,0,0,0,0,4.69141
function@integral_init8v,0,0,0,0,0,5,0,0,0,0,0.717647
function@mbtree_propagate_cost,0,0,0,0,0,9,0,0,0,0,68.6667
function@pixel_avg_weight_wxh,0,0,0,0,0,21,0,0,0,0,104.68
function@mc_weight_w2,0,0,0,0,0,5,0,0,0,0,28.0588
function@mc_weight_w4,0,0,0,0,0,7,0,0,0,0,53.1176
function@mc_weight_w8,0,0,0,0,0,11,0,0,0,0,103.235
function@mc_weight_w12,0,0,0,0,0,15,0,0,0,0,153.353
function@mc_weight_w16,0,0,0,0,0,19,0,0,0,0,203.471
function@mc_weight_w20,6,1,0,1,1,7,232.088,12.5294,0.382353,12.5294,229.206
function@x264_frame_filter,26,14,0,13,3,10,51.4118,12.2794,7.55882,0.470588,6.89706
function@x264_dct_init,0,0,0,0,0,0,0,0,0,0,0
function@sub4x4_dct,38,12,0,30,0,0,38,12,30,0,0
function@add4x4_idct,0,0,0,0,0,8,0,0,0,0,8
function@sub8x8_dct,0,0,0,0,0,9,0,0,0,0,9
function@sub8x8_dct_dc,0,0,0,0,0,3,0,0,0,0,3
function@add8x8_idct,0,0,0,0,0,6,0,0,0,0,6
function@add8x8_idct_dc,0,0,0,0,0,4,0,0,0,0,4
function@sub16x16_dct,0,0,0,0,0,9,0,0,0,0,9
function@add16x16_idct,0,0,0,0,0,6,0,0,0,0,6
function@add16x16_idct_dc,0,0,0,0,0,4,0,0,0,0,4
function@sub8x8_dct8,49,51,0,48,0,0,49,51,48,0,0
function@add8x8_idct8,0,0,0,0,0,10,0,0,0,0,257
function@sub16x16_dct8,0,0,0,0,0,9,0,0,0,0,9
function@add16x16_idct8,0,0,0,0,0,6,0,0,0,0,6
function@dct4x4dc,14,11,0,15,1,5,14,11,15,1,5
function@idct4x4dc,12,9,0,13,0,8,12,9,13,0,8
function@add4x4_idct_dc,0,0,0,0,0,0,0,0,0,0,0
function@x264_dct_init_weights,0,0,0,0,0,0,0,0,0,0,0
function@x264_zigzag_init,0,0,0,0,0,0,0,0,0,0,0
function@zigzag_scan_8x8_field,0,0,0,0,0,0,0,0,0,0,0
function@zigzag_scan_4x4_field,0,0,0,0,0,0,0,0,0,0,0
function@zigzag_sub_8x8_field,0,0,0,0,0,3,0,0,0,0,3
function@zigzag_sub_4x4_field,0,0,0,0,0,3,0,0,0,0,3
function@zigzag_sub_4x4ac_field,0,0,0,0,0,3,0,0,0,0,3
function@zigzag_scan_8x8_frame,0,0,0,0,0,0,0,0,0,0,0
function@zigzag_scan_4x4_frame,0,0,0,0,0,0,0,0,0,0,0
function@zigzag_sub_8x8_frame,0,0,0,0,0,3,0,0,0,0,3
function@zigzag_sub_4x4_frame,0,0,0,0,0,3,0,0,0,0,3
function@zigzag_sub_4x4ac_frame,0,0,0,0,0,3,0,0,0,0,3
function@zigzag_interleave_8x8_cavlc,0,0,0,0,0,1,0,0,0,0,1
function@x264_cabac_context_init,0,0,0,0,0,2,0,0,0,0,16.9375
function@x264_cabac_encode_init_core,0,0,0,0,0,0,0,0,0,0,0
function@x264_cabac_encode_init,0,0,0,0,0,0,0,0,0,0,0
function@x264_cabac_encode_decision_c,0,0,0,0,0,14,0,0,0,0,10.0864
function@x264_cabac_encode_bypass_c,0,0,0,0,0,7,0,0,0,0,2.65686
function@x264_cabac_encode_ue_bypass,0,0,0,0,0,15,0,0,0,0,181.812
function@x264_cabac_encode_terminal_c,0,0,0,0,0,10,0,0,0,0,6.08642
function@x264_cabac_encode_flush,0,0,0,0,0,22,0,0,0,0,8.65031
function@x264_init_vlc_tables,0,0,0,0,0,7,0,0,0,0,3423.12
function@x264_predict_16x16_init,0,0,0,0,0,0,0,0,0,0,0
function@predict_16x16_v,0,0,0,0,0,0,0,0,0,0,0
function@predict_16x16_h,0,0,0,0,0,0,0,0,0,0,0
function@predict_16x16_dc,0,0,0,0,0,1,0,0,0,0,1
function@predict_16x16_p,0,0,0,0,0,4,0,0,0,0,4
function@predict_16x16_dc_left,0,0,0,0,0,0,0,0,0,0,0
function@predict_16x16_dc_top,0,0,0,0,0,0,0,0,0,0,0
function@predict_16x16_dc_128,0,0,0,0,0,0,0,0,0,0,0
function@x264_predict_8x8c_init,0,0,0,0,0,0,0,0,0,0,0
function@predict_8x8c_v,0,0,0,0,0,0,0,0,0,0,0
function@predict_8x8c_h,0,0,0,0,0,0,0,0,0,0,0
function@predict_8x8c_dc,0,0,0,0,0,1,0,0,0,0,1
function@predict_8x8c_p,0,0,0,0,0,5,0,0,0,0,5
function@predict_8x8c_dc_left,0,0,0,0,0,0,0,0,0,0,0
function@predict_8x8c_dc_top,0,0,0,0,0,0,0,0,0,0,0
function@predict_8x8c_dc_128,0,0,0,0,0,0,0,0,0,0,0
function@x264_predict_8x8_init,0,0,0,0,0,0,0,0,0,0,0
function@predict_8x8_v,0,0,0,0,0,0,0,0,0,0,0
function@predict_8x8_h,0,0,0,0,0,1,0,0,0,0,1
function@predict_8x8_dc,0,0,0,0,0,1,0,0,0,0,1
function@predict_8x8_ddl,0,0,0,0,0,1,0,0,0,0,1
function@predict_8x8_ddr,0,0,0,0,0,2,0,0,0,0,2
function@predict_8x8_vr,7,1,0,3,0,2,7,1,3,0,2
function@predict_8x8_hd,4,3,0,4,1,7,4,3,4,1,7
function@predict_8x8_vl,0,0,0,0,0,1,0,0,0,0,1
function@predict_8x8_hu,0,0,0,0,0,2,0,0,0,0,2
function@predict_8x8_dc_left,0,0,0,0,0,1,0,0,0,0,1
function@predict_8x8_dc_top,0,0,0,0,0,1,0,0,0,0,1
function@predict_8x8_dc_128,0,0,0,0,0,0,0,0,0,0,0
function@predict_8x8_filter,0,0,0,0,0,4,0,0,0,0,3
function@x264_predict_4x4_init,0,0,0,0,0,0,0,0,0,0,0
function@predict_4x4_v,0,0,0,0,0,0,0,0,0,0,0
function@predict_4x4_h,0,0,0,0,0,0,0,0,0,0,0
function@predict_4x4_dc,0,0,0,0,0,0,0,0,0,0,0
function@predict_4x4_ddl,0,0,0,0,0,1,0,0,0,0,1
function@predict_4x4_ddr,0,0,0,0,0,1,0,0,0,0,1
function@predict_4x4_vr,0,0,0,0,0,1,0,0,0,0,1
function@predict_4x4_hd,0,0,0,0,0,1,0,0,0,0,1
function@predict_4x4_vl,0,0,0,0,0,2,0,0,0,0,2
function@predict_4x4_hu,0,0,0,0,0,1,0,0,0,0,1
function@predict_4x4_dc_left,0,0,0,0,0,0,0,0,0,0,0
function@predict_4x4_dc_top,0,0,0,0,0,0,0,0,0,0,0
function@predict_4x4_dc_128,0,0,0,0,0,0,0,0,0,0,0
function@x264_quant_init,0,0,0,0,0,0,0,0,0,0,0
function@quant_8x8,0,0,0,0,0,3,0,0,0,0,3
function@quant_4x4,0,0,0,0,0,3,0,0,0,0,3
function@quant_4x4_dc,8,4,0,12,14,25,5.52381,4,5.52381,6.57143,13.381
function@quant_2x2_dc,0,0,0,0,0,9,0,0,0,0,4.66667
function@dequant_4x4,0,0,0,0,0,12,0,0,0,0,8
function@dequant_4x4_dc,0,0,0,0,0,4,0,0,0,0,3.5
function@dequant_8x8,0,0,0,0,0,4,0,0,0,0,4
function@x264_denoise_dct,0,0,0,0,0,6,0,0,0,0,31.5397
function@x264_decimate_score15,0,0,0,0,0,4,0,0,0,0,19.7076
function@x264_decimate_score16,0,0,0,0,0,3,0,0,0,0,29.3322
function@x264_decimate_score64,0,0,0,0,0,3,0,0,0,0,29.342
function@x264_coeff_last4,0,0,0,0,0,0,0,0,0,0,0
function@x264_coeff_last15,0,0,0,0,0,2,0,0,0,0,16.8146
function@x264_coeff_last16,0,0,0,0,0,2,0,0,0,0,16.453
function@x264_coeff_last64,0,0,0,0,0,2,0,0,0,0,16.746
function@x264_coeff_level_run4,0,0,0,0,0,11,0,0,0,0,6.93636
function@x264_coeff_level_run15,0,0,0,0,0,9,0,0,0,0,20.3275
function@x264_coeff_level_run16,0,0,0,0,0,9,0,0,0,0,19.9903
function@x264_mb_predict_mv,0,0,0,0,0,12,0,0,0,0,8.5
function@x264_mb_predict_mv_16x16,0,0,0,0,0,9,0,0,0,0,6.77953
function@x264_mb_predict_mv_pskip,0,0,0,0,0,9,0,0,0,0,3.08309
function@x264_mb_predict_mv_direct16x16,32,24,0,25,27,53,6.2844,6.20811,3.99236,3.30161,12.9994
function@x264_mb_predict_mv_ref16x16,0,0,0,0,0,14,0,0,0,0,8.49451
function@RBSPtoSODB,0,0,0,0,0,3,0,0,0,0,3
function@EBSPtoRBSP,0,0,0,0,0,8,0,0,0,0,8.28979
function@intrapred8x8_mbaff,457,84,0,118,17,342,41.2038,7.21718,12.3305,1.11865,34.9625
function@LowPassForIntra8x8Pred,0,0,0,0,0,3,0,0,0,0,3
function@init_motion_vector_prediction,0,0,0,0,0,0,0,0,0,0,0
function@GetMotionVectorPredictorMBAFF,19,12,0,10,7,24,6.3451,4.3451,4.67451,2.12941,6.9451
function@GetMotionVectorPredictorNormal,10,0,0,1,0,13,1.08516,0,1,0,3.92857
function@set_ec_flag,0,0,0,0,0,0,0,0,0,0,0
function@reset_ec_flags,0,0,0,0,0,0,0,0,0,0,0
function@get_concealed_element,0,0,0,0,0,1,0,0,0,0,1
function@mb_pred_intra4x4,20,5,0,6,1,54,103.661,26.3701,6,1,336.551
function@mb_pred_intra16x16,0,0,0,0,0,9,0,0,0,0,7.66667
function@mb_pred_intra8x8,1,0,0,1,1,21,0.333333,0,1,0.333333,20.3333
function@mb_pred_skip,0,0,0,0,0,8,0,0,0,0,8
function@set_chroma_vector,0,0,0,0,0,21,0,0,0,0,2.03738
function@mb_pred_sp_skip,0,0,0,0,0,9,0,0,0,0,9
function@mb_pred_p_inter8x8,12,4,0,8,2,19,258.625,127.75,7.5,1.5,390.25
function@mb_pred_p_inter16x16,0,0,0,0,0,10,0,0,0,0,10
function@mb_pred_p_inter16x8,0,0,0,0,0,13,0,0,0,0,13
function@mb_pred_p_inter8x16,0,0,0,0,0,13,0,0,0,0,13
function@mb_pred_b_d8x8temporal,44,3,0,11,4,15,9534.25,1056.38,73,1120,6146.42
function@mb_pred_b_d4x4temporal,35,3,0,10,3,12,4443.58,1056.38,41,96,1282.62
function@mb_pred_b_d8x8spatial,25,2,0,6,3,21,511.25,16.375,21,32.5,153.75
function@mb_pred_b_d4x4spatial,36,2,0,7,3,22,3282.38,32.375,7,65,4071.62
function@mb_pred_b_inter8x8,50,1,0,10,4,17,2357.28,32,44.6875,44.1875,615.5
function@mb_pred_ipcm,10,0,0,4,0,8,5.27586,0,1.27586,0,5.28736
function@constructTiff,0,0,0,0,0,0,0,0,0,0,0
function@destructTiff,0,0,0,0,0,1,0,0,0,0,1
function@horizontal_half_1chan_cosite,77,11,0,26,16,14,4960.92,2112.92,18,31.25,1580.75
function@vertical_half_1chan,90,35,0,42,14,21,3953.67,1522.6,46.5476,16.4762,588.857
function@ReadTIFFImage,65,66,0,32,6,106,3.81152,2.20098,3.36029,0.231683,19.8179
function@getU16,0,0,0,0,0,0,0,0,0,0,0
function@getU32,0,0,0,0,0,1,0,0,0,0,1
function@getSwappedU16,0,0,0,0,0,1,0,0,0,0,1
function@getSwappedU32,0,0,0,0,0,1,0,0,0,0,1
function@getIntArray,0,0,0,0,0,2,0,0,0,0,1.07843
function@DeblockPicture,0,0,0,0,0,5,0,0,0,0,65.75
function@DeblockMb,120,5,0,11,3,52,160.56,13.8796,6.42188,0.69043,100.282
function@DeblockPicturePartially,0,0,0,0,0,7,0,0,0,0,51.8125
function@init_Deblock,0,0,0,0,0,44,0,0,0,0,451.892
function@forward4x4,40,12,0,23,2,14,40,12,23,2,14
function@inverse4x4,45,10,0,27,2,13,45,10,27,2,13
function@hadamard4x4,29,5,0,15,0,1,29,5,15,0,1
function@ihadamard4x4,27,5,0,16,0,9,27,5,16,0,9
function@hadamard4x2,0,0,0,0,0,1,0,0,0,0,1
function@ihadamard4x2,3,1,0,2,0,3,3,1,2,0,3
function@hadamard2x2,0,0,0,0,0,1,0,0,0,0,1
function@ihadamard2x2,0,0,0,0,0,0,0,0,0,0,0
function@forward8x8,50,4,0,14,8,15,856,97,107,39,449
function@inverse8x8,48,2,0,12,9,27,792,33,12,71,833
function@set_chroma_qp,0,0,0,0,0,1,0,0,0,0,1
function@update_qp,0,0,0,0,0,2,0,0,0,0,2
function@invScaleCoeff,0,0,0,0,0,6,0,0,0,0,5.28
function@start_macroblock,0,0,0,0,0,7,0,0,0,0,6.625
function@exit_macroblock,0,0,0,0,0,6,0,0,0,0,4.11837
function@setup_slice_methods,0,0,0,0,0,2,0,0,0,0,1.16471
function@interpret_mb_mode_P,0,0,0,0,0,2,0,0,0,0,0.583333
function@read_motion_info_from_NAL_p_slice,6,0,0,1,0,7,5.5,0,1,0,7
function@read_one_macroblock_p_slice,16,3,0,11,0,35,8.13135,0.711342,5.06103,0,11.7779
function@decode_one_component_p_slice,0,0,0,0,0,5,0,0,0,0,0.555556
function@decode_one_component_sp_slice,0,0,0,0,0,6,0,0,0,0,0.666667
function@interpret_mb_mode_B,0,0,0,0,0,0,0,0,0,0,0
function@read_motion_info_from_NAL_b_slice,50,0,0,3,0,19,38,0,3,0,18.5
function@read_one_macroblock_b_slice,29,3,0,10,0,34,12.0817,0.711342,4.39437,0,10.7128
function@decode_one_component_b_slice,0,0,0,0,0,5,0,0,0,0,0.546875
function@interpret_mb_mode_I,0,0,0,0,0,1,0,0,0,0,0.333333
function@read_one_macroblock_i_slice,8,0,0,4,0,10,5.04687,0,2,0,5.90137
function@decode_one_component_i_slice,0,0,0,0,0,1,0,0,0,0,0.2
function@interpret_mb_mode_SI,0,0,0,0,0,1,0,0,0,0,0.25
function@read_CBP_and_coeffs_from_NAL_CABAC_444,57,12,0,12,3,32,87.6775,10.0374,9.75,0.512764,78.2635
function@read_CBP_and_coeffs_from_NAL_CABAC_422,158,30,0,49,23,38,2449.97,309.338,113.454,76.3917,1515.05
function@read_CBP_and_coeffs_from_NAL_CABAC_400,17,2,0,5,0,23,5.75516,0.52577,2.62473,0,12.4681
function@read_CBP_and_coeffs_from_NAL_CABAC_420,253,28,0,36,18,21,1664.61,442.752,39.7799,25.6273,342.738
function@read_CBP_and_coeffs_from_NAL_CAVLC_444,41,2,0,7,2,37,36.6777,2,4.49973,1,16.049
function@read_CBP_and_coeffs_from_NAL_CAVLC_422,188,21,0,38,13,20,1046.79,91.2654,92.2397,25.3175,964.893
function@read_CBP_and_coeffs_from_NAL_CAVLC_400,9,2,0,5,0,18,3.46569,1.2914,3.49973,0,8.68444
function@read_CBP_and_coeffs_from_NAL_CAVLC_420,181,22,0,28,9,16,681.541,81.7249,34.8424,5.59219,6.48652
function@readMBRefPictureIdx,8,8,0,7,1,11,992.875,2848.12,37.875,31.875,5009.5
function@readMBMotionVectors,144,54,0,63,25,21,9.59334e+06,7.09568e+06,670744,29700,1.50636e+07
function@readRefPictureIdx_Null,0,0,0,0,0,0,0,0,0,0,0
function@readRefPictureIdx_FLC,0,0,0,0,0,2,0,0,0,0,2
function@readRefPictureIdx_VLC,0,0,0,0,0,2,0,0,0,0,2
function@get_neighbors,12,1,0,4,0,17,9.2549,0.156863,4,0,15.7059
function@field_flag_inference,0,0,0,0,0,0,0,0,0,0,0
function@SetB8Mode,0,0,0,0,0,0,0,0,0,0,0
function@init_macroblock,0,0,0,0,0,0,0,0,0,0,0
function@skip_macroblock,14,0,0,2,0,10,132,0,2,0,8.25
function@read_ipred_modes,37,11,0,22,5,5,25244.3,6240.97,398.636,158.061,4501.33
function@concealIPCMcoeffs,0,0,0,0,0,1,0,0,0,0,1
function@read_IPCM_coeffs_from_NAL,0,0,0,0,0,22,0,0,0,0,310.727
function@reset_coeffs,0,0,0,0,0,0,0,0,0,0,0
function@read_delta_quant,0,0,0,0,0,6,0,0,0,0,6
function@readCompCoeff8x8MB_CABAC,0,0,0,0,0,27,0,0,0,0,15
function@readCompCoeff4x4MB_CABAC,57,5,0,15,4,43,6443.74,14.2794,47.3971,21.0735,35122.9
function@readCompCoeff8x8_CABAC,23,1,0,11,0,15,28.4902,6.15686,5.88235,0,38.9608
function@readCompCoeff8x8_CABAC_lossless,11,0,0,4,1,12,28.9174,0,2.49541,0.623853,25.7523
function@readCompCoeff4x4SMB_CABAC,41,10,0,13,1,8,36706.5,16124,297.333,390.048,33311.3
function@readCoeff4x4_CAVLC,35,3,0,13,7,30,28.46,1.9375,6,1.41667,40.1432
function@readCompCoeff4x4MB_CAVLC,69,12,0,25,18,31,51751.6,27916,1247.71,2155.92,30128
function@readCompCoeff8x8MB_CAVLC,77,8,0,27,13,30,60674,13056,1833.33,1762.67,37826
function@predict_nnz,15,0,0,3,0,13,6.06836,0,3,0,10.5654
function@predict_nnz_chroma,8,1,0,3,1,9,3.13086,0.376953,1.5,0.376953,6.5
function@decode_one_macroblock,0,0,0,0,0,20,0,0,0,0,7.82353
function@init_cur_imgy,0,0,0,0,0,2,0,0,0,0,2
function@change_plane_JV,0,0,0,0,0,0,0,0,0,0,0
function@make_frame_picture_JV,0,0,0,0,0,4,0,0,0,0,1.63158
function@ercConcealInterFrame,88,30,0,29,8,25,7869.37,1936.47,552.447,111.105,3858.85
function@concealByTrial,80,20,0,30,19,1,5873.58,1296.38,1061.93,1080.87,1
function@concealByCopy,44,13,0,25,7,23,94.625,30,19.4688,5.25,64.0312
function@buildPredRegionYUV,322,80,0,66,14,17,7.51611e+06,1.24185e+07,334390,51659.3,4.1856e+06
function@edgeDistortion,400,14,0,296,11,38,1499.81,28.7143,774.714,45.9048,291.714
function@copyPredMB,75,28,0,39,11,9,229.882,131.392,29.8627,36.4902,14.6863
function@conceal_lost_frames,5,2,0,4,1,10,41.8125,16.9375,10.4375,7.9375,106.062
function@copy_to_conceal,201,72,0,81,16,52,14099.7,5383.51,4273.36,950.724,2161.34
function@init_lists_for_non_reference_loss,10,5,0,6,1,18,5.5625,5.04688,3.03125,0.5,43.9688
function@update_ref_list_for_concealment,0,0,0,0,0,2,0,0,0,0,1.3
function@compare_pic_by_pic_num_desc,0,0,0,0,0,0,0,0,0,0,0
function@compare_pic_by_poc_desc,0,0,0,0,0,0,0,0,0,0,0
function@compare_pic_by_poc_asc,0,0,0,0,0,0,0,0,0,0,0
function@compare_pic_by_lt_pic_num_asc,0,0,0,0,0,0,0,0,0,0,0
function@get_pic_from_dpb,0,0,0,0,0,4,0,0,0,0,2.69565
function@comp,0,0,0,0,0,0,0,0,0,0,0
function@init_node,0,0,0,0,0,2,0,0,0,0,2
function@print_node,0,0,0,0,0,0,0,0,0,0,0
function@print_list,0,0,0,0,0,1,0,0,0,0,1
function@delete_list,0,0,0,0,0,3,0,0,0,0,37.5882
function@conceal_non_ref_pics,4,2,0,2,1,12,26.12,11.2,1.32,10.2,117.68
function@sliding_window_poc_management,0,0,0,0,0,1,0,0,0,0,7.96875
function@write_lost_non_ref_pic,0,0,0,0,0,1,0,0,0,0,0.3125
function@write_lost_ref_after_idr,0,0,0,0,0,5,0,0,0,0,3.7619
function@intra4x4_pred_mbaff,198,29,0,43,0,73,16.3705,1.95351,6.1,0,9.29138
function@arideco_create_decoding_environment,0,0,0,0,0,2,0,0,0,0,2
function@arideco_delete_decoding_environment,0,0,0,0,0,0,0,0,0,0,0
function@arideco_done_decoding,0,0,0,0,0,0,0,0,0,0,0
function@getbyte,0,0,0,0,0,0,0,0,0,0,0
function@getword,0,0,0,0,0,0,0,0,0,0,0
function@arideco_start_decoding,0,0,0,0,0,1,0,0,0,0,1
function@arideco_bits_read,0,0,0,0,0,0,0,0,0,0,0
function@biari_decode_symbol,0,0,0,0,0,10,0,0,0,0,7.92857
function@biari_decode_symbol_eq_prob,0,0,0,0,0,1,0,0,0,0,0.380952
function@biari_decode_final,0,0,0,0,0,2,0,0,0,0,2
function@biari_init_context,0,0,0,0,0,0,0,0,0,0,0
function@InterpretSEIMessage,8,0,0,2,0,55,12,0,2,0,1250.5
function@interpret_buffering_period_info,0,0,0,0,0,11,0,0,0,0,38.875
function@interpret_picture_timing_info,0,0,0,0,0,28,0,0,0,0,42.2941
function@interpret_pan_scan_rect_info,0,0,0,0,0,13,0,0,0,0,37.0588
function@interpret_filler_payload_info,0,0,0,0,0,0,0,0,0,0,0
function@interpret_user_data_registered_itu_t_t35_info,0,0,0,0,0,0,0,0,0,0,0
function@interpret_user_data_unregistered_info,0,0,0,0,0,0,0,0,0,0,0
function@interpret_recovery_point_info,0,0,0,0,0,10,0,0,0,0,10
function@interpret_dec_ref_pic_marking_repetition_info,4,0,0,3,0,13,4,0,3,0,11.5882
function@interpret_spare_pic,28,14,0,13,17,14,3387.97,4060.58,333.622,889.991,7796.25
function@interpret_scene_information,0,0,0,0,0,7,0,0,0,0,6.5
function@interpret_subsequence_info,0,0,0,0,0,11,0,0,0,0,10.6667
function@interpret_subsequence_layer_characteristics_info,0,0,0,0,0,9,0,0,0,0,69.75
function@interpret_subsequence_characteristics_info,0,0,0,0,0,17,0,0,0,0,76.4167
function@interpret_full_frame_freeze_info,0,0,0,0,0,5,0,0,0,0,5
function@interpret_full_frame_freeze_release_info,0,0,0,0,0,0,0,0,0,0,0
function@interpret_full_frame_snapshot_info,0,0,0,0,0,5,0,0,0,0,5
function@interpret_progressive_refinement_start_info,0,0,0,0,0,6,0,0,0,0,6
function@interpret_progressive_refinement_end_info,0,0,0,0,0,5,0,0,0,0,5
function@interpret_motion_constrained_slice_group_set_info,0,0,0,0,0,13,0,0,0,0,53.1667
function@interpret_film_grain_characteristics_info,3,3,0,6,0,52,8.81379,8.81379,9.08276,0,332.786
function@interpret_deblocking_filter_display_preference_info,0,0,0,0,0,8,0,0,0,0,6.14286
function@interpret_stereo_video_info_info,0,0,0,0,0,9,0,0,0,0,8.38095
function@interpret_tone_mapping,27,18,0,14,0,47,3.0772,1.11973,3.3625,0,21.198
function@interpret_post_filter_hints_info,0,0,0,0,0,18,0,0,0,0,3084
function@interpret_frame_packing_arrangement_info,0,0,0,0,0,24,0,0,0,0,12.7143
function@interpret_reserved_info,0,0,0,0,0,0,0,0,0,0,0
function@tone_map,0,0,0,0,0,4,0,0,0,0,3.5
function@init_tone_mapping_sei,0,0,0,0,0,0,0,0,0,0,0
function@update_tone_mapping_sei,0,0,0,0,0,0,0,0,0,0,0
function@error,0,0,0,0,0,3,0,0,0,0,3
function@FreeDecPicList,0,0,0,0,0,3,0,0,0,0,43.5
function@init_frext,0,0,0,0,0,6,0,0,0,0,4.85714
function@AllocPartition,0,0,0,0,0,4,0,0,0,0,22.9988
function@FreePartition,0,0,0,0,0,2,0,0,0,0,2
function@malloc_slice,0,0,0,0,0,5,0,0,0,0,5
function@init_global_buffers,0,0,0,0,0,17,0,0,0,0,24.5179
function@free_global_buffers,0,0,0,0,0,2,0,0,0,0,2
function@report_stats_on_error,0,0,0,0,0,0,0,0,0,0,0
function@ClearDecPicList,0,0,0,0,0,5,0,0,0,0,14.8824
function@GetOneAvailDecPicFromList,0,0,0,0,0,4,0,0,0,0,17.7143
function@OpenDecoder,0,0,0,0,0,17,0,0,0,0,14.3824
function@DecodeOneFrame,0,0,0,0,0,8,0,0,0,0,10.4636
function@FinitDecoder,0,0,0,0,0,5,0,0,0,0,5.01695
function@CloseDecoder,23,1,0,3,0,26,12.1875,0.234375,1.25,0,27.4219
function@free_slice,0,0,0,0,0,4,0,0,0,0,4
function@init_all_macroblocks,0,0,0,0,0,0,0,0,0,0,0
function@init_slice,0,0,0,0,0,7,0,0,0,0,4.75
function@reorder_lists,0,0,0,0,0,4,0,0,0,0,2.31085
function@decode_slice,32,16,0,25,12,13,11108.7,1099.94,905.758,992.355,1030.74
function@decode_one_slice,0,0,0,0,0,7,0,0,0,0,98.75
function@decode_one_frame,16,2,0,6,0,34,79.1373,29.8469,35.9338,0,141.177
function@init_picture,0,0,0,0,0,30,0,0,0,0,15.614
function@read_new_slice,14,2,0,7,0,52,11.19,7.02369,9.53366,0,137.016
function@CopySliceInfo,0,0,0,0,0,0,0,0,0,0,0
function@exit_picture,217,17,0,30,10,57,869.894,22.8505,24.0678,42.9163,298.817
function@copy_dec_picture_JV,0,0,0,0,0,4,0,0,0,0,3.23529
function@buffer2img,27,45,0,21,1,43,95.8899,81.6514,6.58715,0.0733945,149.211
function@compute_SSE,2,4,0,5,0,6,12.9118,31.3235,2.52941,0,19.0294
function@calculate_frame_no,0,0,0,0,0,4,0,0,0,0,3.38095
function@find_snr,55,10,0,14,2,16,515.757,62.5397,33.2334,1.94118,640.98
function@is_new_picture,0,0,0,0,0,2,0,0,0,0,2
function@pad_buf,59,38,0,22,7,14,270.989,114.927,22.9817,33.1832,88.1282
function@pad_dec_picture,0,0,0,0,0,12,0,0,0,0,8.19048
function@frame_postprocessing,0,0,0,0,0,0,0,0,0,0,0
function@field_postprocessing,0,0,0,0,0,1,0,0,0,0,1
function@ercWriteMBMODEandMV,18,0,0,2,2,30,3.45833,0,1.25,0.25,7.16667
function@init_old_slice,0,0,0,0,0,0,0,0,0,0,0
function@GetVOIdx,0,0,0,0,0,5,0,0,0,0,8.63415
function@get_maxViewIdx,0,0,0,0,0,3,0,0,0,0,3
function@intrapred16x16,0,0,0,0,0,0,0,0,0,0,0
function@ParseSizeFromString,7,0,0,3,0,30,3.90418,0,2.20011,0,42.2334
function@ParseFrameNoFormatFromString,1,0,0,1,0,14,0.097838,0,0.625,0,79.4862
function@OpenFrameFile,0,0,0,0,0,16,0,0,0,0,16
function@OpenFiles,0,0,0,0,0,6,0,0,0,0,2.57143
function@CloseFiles,0,0,0,0,0,1,0,0,0,0,1
function@ParseVideoType,0,0,0,0,0,6,0,0,0,0,4.25287
function@compute_residue,3,6,0,8,0,5,25.9,44.5,4.4,0,18.3
function@sample_reconstruct,18,9,0,17,2,11,123.4,45.95,8.6,13.15,567.6
function@JMDecHelpExit,0,0,0,0,0,0,0,0,0,0,0
function@ParseCommand,22,2,0,6,0,44,21.8413,0.230017,3.01353,0,117.123
function@get_colocated_info_4x4,0,0,0,0,0,5,0,0,0,0,1.2522
function@get_colocated_info_8x8,0,0,0,0,0,20,0,0,0,0,4.64587
function@update_direct_types,0,0,0,0,0,0,0,0,0,0,0
function@update_direct_mv_info_spatial_8x8,29,1,0,5,1,2,103.484,7.5,10.375,7.5,15
function@update_direct_mv_info_temporal,118,12,0,35,13,41,5.03302e+06,644206,74714.5,67258.2,1.18879e+06
function@update_direct_mv_info_spatial_4x4,24,11,0,22,10,4,7743.12,6335,2819.38,5892.5,616.625
function@intrapred,0,0,0,0,0,0,0,0,0,0,0
function@itrans8x8,1,0,0,1,0,23,15.9375,0,0.5,0,132
function@fmo_init,62,17,0,20,4,63,23.384,64.8144,6.41657,1.07282,902.398
function@FmoFinit,0,0,0,0,0,1,0,0,0,0,1
function@FmoGetNumberOfSliceGroup,0,0,0,0,0,0,0,0,0,0,0
function@FmoGetLastMBOfPicture,0,0,0,0,0,1,0,0,0,0,1
function@FmoGetLastMBInSliceGroup,0,0,0,0,0,1,0,0,0,0,1
function@FmoGetSliceGroupId,0,0,0,0,0,0,0,0,0,0,0
function@FmoGetNextMBNr,0,0,0,0,0,2,0,0,0,0,17.5333
function@intrapred8x8_normal,375,40,0,84,22,143,33.5382,3.18476,8.46562,1.33203,15.4625
function@LowPassForIntra8x8Pred,0,0,0,0,0,3,0,0,0,0,3
function@itrans4x4,0,0,0,0,0,8,0,0,0,0,8
function@itrans4x4_ls,0,0,0,0,0,2,0,0,0,0,2
function@Inv_Residual_trans_4x4,75,6,0,26,4,2,41,2,12.6667,1.33333,2
function@Inv_Residual_trans_8x8,1,4,0,2,1,1,32,2,2,1,1
function@Inv_Residual_trans_16x16,143,12,0,35,7,0,948.5,20.6667,114.875,18.2917,0
function@Inv_Residual_trans_Chroma,0,0,0,0,0,15,0,0,0,0,18.5938
function@itrans_2,0,0,0,0,0,17,0,0,0,0,17
function@itrans_sp,78,33,0,15,2,48,391,33,13.8125,1,773
function@itrans_sp_cr,74,4,0,12,5,36,117653,13.6813,8.08242,35.1429,123163
function@iMBtrans4x4,0,0,0,0,0,70,0,0,0,0,24.8235
function@copy_image_data_16x16,0,0,0,0,0,0,0,0,0,0,0
function@iMBtrans8x8,0,0,0,0,0,11,0,0,0,0,10.381
function@iTransform,121,6,0,27,11,44,875.418,9.03279,26.0738,7.18852,704.279
function@copy_image_data,13,4,0,10,1,4,23.92,12.48,5.2,0.32,21.72
function@copy_image_data_8x8,0,0,0,0,0,0,0,0,0,0,0
function@copy_image_data_4x4,0,0,0,0,0,1,0,0,0,0,1
function@CheckVertMV,0,0,0,0,0,3,0,0,0,0,3
function@initBitsFile,0,0,0,0,0,4,0,0,0,0,2
function@read_next_nalu,0,0,0,0,0,6,0,0,0,0,4.74699
function@CheckZeroByteNonVCL,0,0,0,0,0,0,0,0,0,0,0
function@CheckZeroByteVCL,0,0,0,0,0,0,0,0,0,0,0
function@nal_unit_header_mvc_extension,0,0,0,0,0,9,0,0,0,0,9
function@nal_unit_header_svc_extension,0,0,0,0,0,0,0,0,0,0,0
function@prefix_nal_unit_svc,0,0,0,0,0,0,0,0,0,0,0
function@main,0,0,0,0,0,11,0,0,0,0,51.277
function@set_loop_filter_functions_normal,0,0,0,0,0,0,0,0,0,0,0
function@GetStrengthVer,64,72,0,52,22,26,1.27255,2.26099,1.92954,0.451522,3.59104
function@GetStrengthHor,98,69,0,64,19,30,1.28156,0.833824,1.98841,0.157711,3.8629
function@EdgeLoopLumaVer,20,38,0,16,8,74,430.192,475.185,86.7483,41.5894,988.265
function@EdgeLoopLumaHor,92,36,0,29,10,72,750.993,459.914,111.146,37.7682,989.027
function@EdgeLoopChromaVer,5,7,0,5,0,14,1.83544,5.91139,2.48101,0,33.4937
function@EdgeLoopChromaHor,7,5,0,6,3,12,4.34831,1.80899,2.48315,0.674157,29.2472
function@AllocNALU,0,0,0,0,0,4,0,0,0,0,3.38095
function@FreeNALU,0,0,0,0,0,2,0,0,0,0,1.61905
function@intrapred_16x16_mbaff,95,6,0,30,5,68,14.5625,0.646484,3.19375,0.7,15.375
function@init_contexts,68,0,0,3,4,390,188.792,0,2,32.9583,2671.67
function@malloc_annex_b,0,0,0,0,0,2,0,0,0,0,2
function@init_annex_b,0,0,0,0,0,0,0,0,0,0,0
function@free_annex_b,0,0,0,0,0,1,0,0,0,0,1
function@GetAnnexbNALU,14,0,0,1,0,13,1.06309,0,1,0,17.5291
function@OpenAnnexBFile,0,0,0,0,0,7,0,0,0,0,5.14286
function@CloseAnnexBFile,0,0,0,0,0,0,0,0,0,0,0
function@ResetAnnexB,0,0,0,0,0,0,0,0,0,0,0
function@GetConfigFileContent,0,0,0,0,0,19,0,0,0,0,6.53402
function@ParseContent,9,0,0,3,0,15,20.7371,0,2.3125,0,213.944
function@InitParams,0,0,0,0,0,1,0,0,0,0,21.25
function@TestParams,0,0,0,0,0,15,0,0,0,0,16.8333
function@DisplayParams,0,0,0,0,0,4,0,0,0,0,4
function@intra4x4_pred_normal,88,19,0,23,0,41,7.64199,1.26523,4.1,0,6.02912
function@gettime,0,0,0,0,0,0,0,0,0,0,0
function@timediff,0,0,0,0,0,0,0,0,0,0,0
function@timenorm,0,0,0,0,0,2,0,0,0,0,2
function@ercInit,0,0,0,0,0,6,0,0,0,0,6
function@ercClose,0,0,0,0,0,3,0,0,0,0,2.6
function@ercOpen,0,0,0,0,0,2,0,0,0,0,2
function@ercSetErrorConcealment,0,0,0,0,0,0,0,0,0,0,0
function@ercReset,0,0,0,0,0,13,0,0,0,0,5.14483
function@ercStartSegment,0,0,0,0,0,0,0,0,0,0,0
function@ercStopSegment,0,0,0,0,0,0,0,0,0,0,0
function@ercMarkCurrSegmentLost,0,0,0,0,0,7,0,0,0,0,42.4118
function@ercMarkCurrSegmentOK,0,0,0,0,0,7,0,0,0,0,43.12
function@ercMarkCurrMBConcealed,0,0,0,0,0,6,0,0,0,0,3.28899
function@reorder_short_term,0,0,0,0,0,8,0,0,0,0,22.5529
function@reorder_long_term,0,0,0,0,0,9,0,0,0,0,23.5529
function@init_lists_i_slice_mvc,0,0,0,0,0,0,0,0,0,0,0
function@init_lists_p_slice_mvc,25,4,0,12,2,21,33.4679,0.746177,6.55963,1.44954,24.7187
function@compare_pic_by_pic_num_desc,0,0,0,0,0,0,0,0,0,0,0
function@compare_pic_by_lt_pic_num_asc,0,0,0,0,0,0,0,0,0,0,0
function@compare_fs_by_frame_num_desc,0,0,0,0,0,0,0,0,0,0,0
function@compare_fs_by_lt_pic_idx_asc,0,0,0,0,0,0,0,0,0,0,0
function@init_lists_b_slice_mvc,64,24,0,17,2,44,181.74,13.6116,11.5138,0.308868,33.1315
function@compare_pic_by_poc_desc,0,0,0,0,0,0,0,0,0,0,0
function@compare_pic_by_poc_asc,0,0,0,0,0,0,0,0,0,0,0
function@compare_fs_by_poc_desc,0,0,0,0,0,0,0,0,0,0,0
function@compare_fs_by_poc_asc,0,0,0,0,0,0,0,0,0,0,0
function@init_lists_mvc,81,34,0,23,3,66,38.967,4.56105,5.78816,0.461538,17.8266
function@reorder_ref_pic_list_mvc,51,12,0,24,2,17,196.158,37.042,31.375,1.25,110.046
function@reorder_lists_mvc,0,0,0,0,0,5,0,0,0,0,3.31085
function@ReadFrameConcatenated,1,0,0,2,0,18,0.494533,0,0.891616,0,54.6001
function@ReadFrameSeparate,1,0,0,0,2,17,0.999999,0,0,1.17707,55.1001
function@Scaling_List,2,0,0,1,0,12,12.72,0,1,0,72.96
function@InterpretSPS,90,1,0,4,0,15,512.208,15.7778,3.48611,0,1112.28
function@InitVUI,0,0,0,0,0,0,0,0,0,0,0
function@ReadVUI,0,0,0,0,0,36,0,0,0,0,16.925
function@ReadHRDParameters,0,0,0,0,0,11,0,0,0,0,103.625
function@InterpretPPS,32,1,0,2,0,18,136.307,7.84034,1.2437,0,562.66
function@PPSConsistencyCheck,0,0,0,0,0,0,0,0,0,0,0
function@SPSConsistencyCheck,0,0,0,0,0,0,0,0,0,0,0
function@SubsetSPSConsistencyCheck,0,0,0,0,0,0,0,0,0,0,0
function@MakePPSavailable,0,0,0,0,0,4,0,0,0,0,4
function@CleanUpPPS,0,0,0,0,0,1,0,0,0,0,1
function@MakeSPSavailable,0,0,0,0,0,2,0,0,0,0,2
function@ProcessSPS,0,0,0,0,0,13,0,0,0,0,10.8678
function@get_max_dec_frame_buf_size,0,0,0,0,0,3,0,0,0,0,3
function@ProcessSubsetSPS,11,0,0,2,0,17,8.52632,0,2,0,20.3421
function@reset_subset_sps,0,0,0,0,0,2,0,0,0,0,7.01923
function@seq_parameter_set_mvc_extension,0,0,0,0,0,62,0,0,0,0,6393.21
function@mvc_vui_parameters_extension,0,0,0,0,0,41,0,0,0,0,913.206
function@ProcessPPS,0,0,0,0,0,13,0,0,0,0,11.3853
function@reset_format_info,0,0,0,0,0,5,0,0,0,0,4.23529
function@activate_sps,0,0,0,0,0,15,0,0,0,0,9.53893
function@activate_pps,0,0,0,0,0,3,0,0,0,0,2.4
function@UseParameterSet,0,0,0,0,0,7,0,0,0,0,4.38095
function@MemAlloc1D,0,0,0,0,0,3,0,0,0,0,2.61905
function@hrd_parameters,0,0,0,0,0,12,0,0,0,0,72.75
function@init_subset_sps_list,0,0,0,0,0,4,0,0,0,0,3.32
function@GetBaseViewId,0,0,0,0,0,0,0,0,0,0,0
function@initInput,0,0,0,0,0,0,0,0,0,0,0
function@testEndian,0,0,0,0,0,0,0,0,0,0,0
function@buf2img_endian,18,16,0,19,2,32,23.0469,35.25,4.125,0.25,35.8438
function@buf2img_basic,58,46,0,36,8,30,390.102,209.738,13.6172,20.3281,495.758
function@buf2img_bitshift,53,33,0,40,7,33,424.145,223.401,20.6738,19.25,952.839
function@fillPlane,0,0,0,0,0,8,0,0,0,0,10.45
function@AllocateFrameMemory,0,0,0,0,0,3,0,0,0,0,3
function@DeleteFrameMemory,0,0,0,0,0,1,0,0,0,0,1
function@read_one_frame,127,34,0,34,5,24,138.211,55.2385,28.156,5.85321,49.844
function@pad_borders,6,19,0,8,8,34,1.45098,25.2157,3.72549,1.60784,107.784
function@init_top_bot_planes,3,0,0,1,0,13,0.75,0,1,0,9
function@no_mem_exit,0,0,0,0,0,3,0,0,0,0,3
function@free_top_bot_planes,0,0,0,0,0,2,0,0,0,0,2
function@get_mem2Ddist,0,0,0,0,0,12,0,0,0,0,8
function@get_mem2Dlm,0,0,0,0,0,11,0,0,0,0,7
function@free_mem2Ddist,0,0,0,0,0,2,0,0,0,0,1.61765
function@free_mem2Dlm,0,0,0,0,0,2,0,0,0,0,1.61765
function@get_mem2Dmp,0,0,0,0,0,12,0,0,0,0,8
function@get_mem3Dmp,0,0,0,0,0,13,0,0,0,0,11.25
function@free_mem2Dmp,0,0,0,0,0,2,0,0,0,0,1.61765
function@free_mem3Dmp,0,0,0,0,0,3,0,0,0,0,2.01852
function@get_mem2Dquant,0,0,0,0,0,10,0,0,0,0,6.75
function@get_mem3Dquant,0,0,0,0,0,13,0,0,0,0,11.25
function@get_mem4Dquant,3,5,0,4,0,11,3,4,4,0,10
function@get_mem5Dquant,2,0,0,2,0,13,2,0,2,0,11.25
function@free_mem2Dquant,0,0,0,0,0,2,0,0,0,0,1.61765
function@free_mem3Dquant,0,0,0,0,0,3,0,0,0,0,2.01852
function@free_mem4Dquant,0,0,0,0,0,4,0,0,0,0,2.25287
function@free_mem5Dquant,0,0,0,0,0,2,0,0,0,0,1.61905
function@get_mem2D_spp,0,0,0,0,0,10,0,0,0,0,7
function@get_mem3D_spp,0,0,0,0,0,13,0,0,0,0,11.25
function@get_mem2Dmv,0,0,0,0,0,10,0,0,0,0,7
function@get_mem3Dmv,0,0,0,0,0,13,0,0,0,0,11.25
function@get_mem4Dmv,3,5,0,4,0,11,3,4,4,0,10
function@get_mem5Dmv,2,0,0,2,0,13,2,0,2,0,11.25
function@get_mem6Dmv,9,4,0,8,1,13,9,3,8,1,9.5
function@get_mem7Dmv,2,0,0,2,0,11,2,0,2,0,10.5
function@free_mem2D_spp,0,0,0,0,0,2,0,0,0,0,1.61765
function@free_mem3D_spp,0,0,0,0,0,3,0,0,0,0,2.01852
function@free_mem2Dmv,0,0,0,0,0,2,0,0,0,0,1.61765
function@free_mem3Dmv,0,0,0,0,0,3,0,0,0,0,2.01852
function@free_mem4Dmv,0,0,0,0,0,4,0,0,0,0,2.25287
function@free_mem5Dmv,0,0,0,0,0,2,0,0,0,0,1.61905
function@free_mem6Dmv,0,0,0,0,0,3,0,0,0,0,2
function@free_mem7Dmv,0,0,0,0,0,4,0,0,0,0,2.25926
function@get_mem1Dpel,0,0,0,0,0,4,0,0,0,0,2.7619
function@get_mem2Dpel,0,0,0,0,0,10,0,0,0,0,7
function@get_mem2DpelWithPad,0,0,0,0,0,10,0,0,0,0,7
function@get_mem3Dpel,0,0,0,0,0,13,0,0,0,0,11.25
function@get_mem3DpelWithPad,3,0,0,2,0,13,2.5,0,2,0,11.25
function@get_mem3DpelWithPadSeparately,2,0,0,2,0,10,40.5714,0,2,0,47.3333
function@get_mem4Dpel,3,5,0,4,0,11,3,4,4,0,10
function@get_mem4DpelWithPad,6,5,0,5,0,14,5.5,4,5,0,11.75
function@get_mem4DpelWithPadSeparately,4,7,0,6,2,10,41.9375,24.9688,5.625,1.625,46.1875
function@get_mem5Dpel,2,0,0,2,0,13,2,0,2,0,11.25
function@get_mem5DpelWithPad,2,0,0,2,0,11,2,0,2,0,10.5
function@get_mem5DpelWithPadSeparately,2,0,0,2,0,11,2,0,2,0,10.5
function@free_mem1Dpel,0,0,0,0,0,0,0,0,0,0,0
function@free_mem2Dpel,0,0,0,0,0,2,0,0,0,0,1.61765
function@free_mem2DpelWithPad,0,0,0,0,0,2,0,0,0,0,2
function@free_mem3Dpel,0,0,0,0,0,3,0,0,0,0,2.01852
function@free_mem3DpelWithPad,0,0,0,0,0,3,0,0,0,0,2.62963
function@free_mem3DpelWithPadSeparately,0,0,0,0,0,2,0,0,0,0,1.61905
function@free_mem4Dpel,0,0,0,0,0,4,0,0,0,0,2.25287
function@free_mem4DpelWithPad,0,0,0,0,0,2,0,0,0,0,1.61905
function@free_mem4DpelWithPadSeparately,2,1,0,1,0,1,1.23529,1,1,0,0.382353
function@free_mem5Dpel,0,0,0,0,0,2,0,0,0,0,1.61905
function@free_mem5DpelWithPad,0,0,0,0,0,3,0,0,0,0,2
function@free_mem5DpelWithPadSeparately,0,0,0,0,0,2,0,0,0,0,1.61905
function@new_mem2D,0,0,0,0,0,11,0,0,0,0,8
function@get_mem2D,0,0,0,0,0,11,0,0,0,0,8
function@new_mem2Dint,0,0,0,0,0,14,0,0,0,0,16.4688
function@get_mem2Dint,0,0,0,0,0,10,0,0,0,0,7
function@get_mem2DintWithPad,0,0,0,0,0,11,0,0,0,0,7.25
function@get_mem2Dint64,0,0,0,0,0,10,0,0,0,0,7
function@get_mem2Ddistblk,0,0,0,0,0,10,0,0,0,0,7
function@get_mem3D,0,0,0,0,0,13,0,0,0,0,11.25
function@get_mem4D,3,5,0,4,0,11,3,4,4,0,10
function@get_mem3Dint,0,0,0,0,0,13,0,0,0,0,11.25
function@get_mem3Dint64,0,0,0,0,0,13,0,0,0,0,11.25
function@get_mem3Ddistblk,0,0,0,0,0,13,0,0,0,0,11.25
function@get_mem4Dint,3,5,0,4,0,11,3,4,4,0,10
function@get_mem4Dint64,3,5,0,4,0,11,3,4,4,0,10
function@get_mem4Ddistblk,3,5,0,4,0,11,3,4,4,0,10
function@get_mem5Dint,2,0,0,2,0,13,2,0,2,0,11.25
function@free_mem2D,0,0,0,0,0,2,0,0,0,0,1.61765
function@free_mem2Dint,0,0,0,0,0,2,0,0,0,0,1.61765
function@free_mem2DintWithPad,0,0,0,0,0,2,0,0,0,0,2
function@free_mem2Dint64,0,0,0,0,0,2,0,0,0,0,1.61765
function@free_mem3D,0,0,0,0,0,3,0,0,0,0,2.01852
function@free_mem4D,0,0,0,0,0,4,0,0,0,0,2.25287
function@free_mem3Dint,0,0,0,0,0,3,0,0,0,0,2.01852
function@free_mem3Dint64,0,0,0,0,0,3,0,0,0,0,2.01852
function@free_mem3Ddistblk,0,0,0,0,0,3,0,0,0,0,2.01852
function@free_mem2Ddistblk,0,0,0,0,0,2,0,0,0,0,1.61765
function@free_mem4Dint,0,0,0,0,0,4,0,0,0,0,2.25287
function@free_mem4Dint64,0,0,0,0,0,4,0,0,0,0,2.25287
function@free_mem4Ddistblk,0,0,0,0,0,4,0,0,0,0,2.25287
function@free_mem5Dint,0,0,0,0,0,2,0,0,0,0,1.61905
function@new_mem2Duint16,0,0,0,0,0,14,0,0,0,0,16.4688
function@get_mem2Duint16,0,0,0,0,0,10,0,0,0,0,7
function@get_mem3Duint16,0,0,0,0,0,13,0,0,0,0,11.25
function@get_mem4Duint16,3,5,0,4,0,11,3,4,4,0,10
function@get_mem2Dshort,0,0,0,0,0,10,0,0,0,0,7
function@get_mem3Dshort,0,0,0,0,0,13,0,0,0,0,11.25
function@get_mem4Dshort,3,5,0,4,0,11,3,4,4,0,10
function@get_mem5Dshort,2,0,0,2,0,13,2,0,2,0,11.25
function@get_mem6Dshort,9,4,0,8,1,13,9,3,8,1,9.5
function@get_mem7Dshort,2,0,0,2,0,11,2,0,2,0,10.5
function@free_mem2Duint16,0,0,0,0,0,2,0,0,0,0,1.61765
function@free_mem3Duint16,0,0,0,0,0,3,0,0,0,0,2.01852
function@free_mem4Duint16,0,0,0,0,0,4,0,0,0,0,2.25287
function@free_mem2Dshort,0,0,0,0,0,2,0,0,0,0,1.61765
function@free_mem3Dshort,0,0,0,0,0,3,0,0,0,0,2.01852
function@free_mem4Dshort,0,0,0,0,0,4,0,0,0,0,2.25287
function@free_mem5Dshort,0,0,0,0,0,2,0,0,0,0,1.61905
function@free_mem6Dshort,0,0,0,0,0,3,0,0,0,0,2
function@free_mem7Dshort,0,0,0,0,0,4,0,0,0,0,2.25926
function@get_mem2Ddouble,0,0,0,0,0,10,0,0,0,0,7
function@get_mem1Dodouble,0,0,0,0,0,7,0,0,0,0,5.7619
function@get_mem2Dodouble,0,0,0,0,0,11,0,0,0,0,8
function@get_mem3Dodouble,4,12,0,5,0,12,14.8438,20.8438,3.75,0,1104.88
function@get_offset_mem2Dshort,0,0,0,0,0,16,0,0,0,0,12.25
function@get_mem3Doint,4,12,0,5,0,12,14.8438,20.8438,3.75,0,1104.88
function@get_mem2Doint,0,0,0,0,0,11,0,0,0,0,8
function@get_mem3Ddouble,3,1,0,3,1,12,1.70312,10,1.9375,0.3125,9.07812
function@free_mem2Ddouble,0,0,0,0,0,2,0,0,0,0,1.61765
function@free_mem1Dodouble,0,0,0,0,0,0,0,0,0,0,0
function@free_mem2Dodouble,0,0,0,0,0,3,0,0,0,0,2.23529
function@free_mem3Dodouble,1,2,0,1,0,4,0.294118,0.911765,1,0,12.2647
function@free_mem3Doint,1,2,0,1,0,4,0.294118,0.911765,1,0,12.2647
function@free_mem2Doint,0,0,0,0,0,3,0,0,0,0,2.23529
function@free_offset_mem2Dshort,0,0,0,0,0,3,0,0,0,0,2.23529
function@free_mem3Ddouble,0,0,0,0,0,3,0,0,0,0,2.01852
function@get_mem2Dolm,0,0,0,0,0,12,0,0,0,0,8
function@free_mem2Dolm,0,0,0,0,0,2,0,0,0,0,1.61765
function@CheckAvailabilityOfNeighborsCABAC,0,0,0,0,0,5,0,0,0,0,5
function@cabac_new_slice,0,0,0,0,0,0,0,0,0,0,0
function@create_contexts_MotionInfo,0,0,0,0,0,2,0,0,0,0,2
function@create_contexts_TextureInfo,0,0,0,0,0,2,0,0,0,0,2
function@delete_contexts_MotionInfo,0,0,0,0,0,0,0,0,0,0,0
function@delete_contexts_TextureInfo,0,0,0,0,0,0,0,0,0,0,0
function@readFieldModeInfo_CABAC,0,0,0,0,0,3,0,0,0,0,3
function@check_next_mb_and_get_field_mode_CABAC_p_slice,74,0,0,15,0,8,68.5,0,15,0,7.5
function@read_skip_flag_CABAC_p_slice,0,0,0,0,0,2,0,0,0,0,2
function@check_next_mb_and_get_field_mode_CABAC_b_slice,70,0,0,14,2,7,64.5,0,14,1,6.5
function@read_skip_flag_CABAC_b_slice,0,0,0,0,0,2,0,0,0,0,2
function@read_MVD_CABAC,15,3,0,8,6,30,12.375,2.5,7.25,2.28646,143.096
function@readB8_typeInfo_CABAC_p_slice,0,0,0,0,0,6,0,0,0,0,3.83929
function@readB8_typeInfo_CABAC_b_slice,0,0,0,0,0,19,0,0,0,0,7.2069
function@readMB_transform_size_flag_CABAC,0,0,0,0,0,2,0,0,0,0,2
function@readMB_typeInfo_CABAC_i_slice,4,0,0,1,0,21,1.87462,0,1,0,4.59633
function@readMB_typeInfo_CABAC_p_slice,0,0,0,0,0,23,0,0,0,0,7.33945
function@readMB_typeInfo_CABAC_b_slice,6,3,0,6,0,28,0.254771,0.491412,0.673664,0,8.3626
function@readIntraPredMode_CABAC,0,0,0,0,0,9,0,0,0,0,6
function@readRefFrame_CABAC,4,0,0,2,0,11,1.01562,0,2,0,33.625
function@read_dQuant_CABAC,0,0,0,0,0,7,0,0,0,0,29.575
function@read_CBP_CABAC,25,0,0,6,0,5,17.7917,0,6,0,3.625
function@readCIPredMode_CABAC,0,0,0,0,0,7,0,0,0,0,5
function@set_read_and_store_CBP,0,0,0,0,0,0,0,0,0,0,0
function@read_and_store_CBP_block_bit_444,60,10,0,21,10,18,15.8613,6.25,12.0172,5.19375,9.59375
function@read_and_store_CBP_block_bit_normal,63,1,0,31,2,57,6.01875,0.0624999,4.8375,0.4,10.625
function@readRunLevel_CABAC,44,7,0,14,6,29,98.2768,26.3058,16.2975,15.1446,381.14
function@readSyntaxElement_CABAC,0,0,0,0,0,8,0,0,0,0,8
function@cabac_startcode_follows,0,0,0,0,0,1,0,0,0,0,0.619048
function@readIPCM_CABAC,130,16,0,29,6,25,3110.11,390.074,120.127,132.074,821.446
function@ue_v,0,0,0,0,0,1,0,0,0,0,0.999999
function@linfo_ue,0,0,0,0,0,1,0,0,0,0,1
function@readSyntaxElement_VLC,0,0,0,0,0,7,0,0,0,0,16.0177
function@se_v,0,0,0,0,0,1,0,0,0,0,0.999999
function@linfo_se,0,0,0,0,0,3,0,0,0,0,3
function@u_v,0,0,0,0,0,8,0,0,0,0,18.4706
function@readSyntaxElement_FLC,0,0,0,0,0,8,0,0,0,0,18.4706
function@i_v,0,0,0,0,0,8,0,0,0,0,18.4706
function@u_1,0,0,0,0,0,2,0,0,0,0,1.5
function@linfo_cbp_intra_normal,0,0,0,0,0,1,0,0,0,0,1
function@linfo_cbp_intra_other,0,0,0,0,0,1,0,0,0,0,1
function@linfo_cbp_inter_normal,0,0,0,0,0,1,0,0,0,0,1
function@linfo_cbp_inter_other,0,0,0,0,0,1,0,0,0,0,1
function@linfo_levrun_inter,0,0,0,0,0,9,0,0,0,0,6.5
function@linfo_levrun_c2x2,0,0,0,0,0,9,0,0,0,0,6.5
function@GetVLCSymbol,0,0,0,0,0,7,0,0,0,0,16.6235
function@readSyntaxElement_UVLC,0,0,0,0,0,1,0,0,0,0,1
function@readSyntaxElement_Intra4x4PredictionMode,0,0,0,0,0,5,0,0,0,0,4.19048
function@GetVLCSymbol_IntraMode,0,0,0,0,0,3,0,0,0,0,3
function@more_rbsp_data,0,0,0,0,0,3,0,0,0,0,2.5
function@uvlc_startcode_follows,0,0,0,0,0,3,0,0,0,0,2.4902
function@GetBits,0,0,0,0,0,9,0,0,0,0,18.9608
function@readSyntaxElement_NumCoeffTrailingOnes,21,1,0,6,1,29,8.75,0.25,3,0.25,19.75
function@ShowBits,0,0,0,0,0,7,0,0,0,0,17.4706
function@readSyntaxElement_NumCoeffTrailingOnesChromaDC,0,0,0,0,0,22,0,0,0,0,36.9999
function@readSyntaxElement_Level_VLC0,3,1,0,2,0,25,0.176471,0.0588235,0.117647,0,26.7294
function@readSyntaxElement_Level_VLCN,9,4,0,3,2,24,7.10236,1.68504,3,0.488189,40.2992
function@readSyntaxElement_TotalZeros,0,0,0,0,0,19,0,0,0,0,5.99275
function@readSyntaxElement_TotalZerosChromaDC,0,0,0,0,0,19,0,0,0,0,5.99275
function@readSyntaxElement_Run,0,0,0,0,0,19,0,0,0,0,5.99275
function@init_process_image,0,0,0,0,0,0,0,0,0,0,0
function@clear_process_image,0,0,0,0,0,0,0,0,0,0,0
function@process_image,0,0,0,0,0,5,0,0,0,0,2.44118
function@MuxImages,41,12,0,27,3,39,123.562,126.625,11.3125,0.8125,1714.97
function@FilterImageSep,63,55,0,36,3,19,336.655,667.27,241.167,0.568965,1663.71
function@intrapred_16x16_normal,10,1,0,5,0,22,2,0.2,1,0,6.02088
function@AllocPPS,0,0,0,0,0,2,0,0,0,0,2
function@AllocSPS,0,0,0,0,0,2,0,0,0,0,2
function@FreePPS,0,0,0,0,0,2,0,0,0,0,2
function@FreeSPS,0,0,0,0,0,0,0,0,0,0,0
function@sps_is_equal,0,0,0,0,0,7,0,0,0,0,3.02289
function@pps_is_equal,0,0,0,0,0,14,0,0,0,0,3.84687
function@CeilLog2,0,0,0,0,0,2,0,0,0,0,20.9048
function@CeilLog2_sf,0,0,0,0,0,2,0,0,0,0,20.9048
function@FirstPartOfSliceHeader,0,0,0,0,0,5,0,0,0,0,4.61905
function@RestOfSliceHeader,90,0,0,14,0,71,82.5022,0,6.37445,0,171.802
function@dec_ref_pic_marking,0,0,0,0,0,15,0,0,0,0,193.059
function@decode_poc,0,0,0,0,0,16,0,0,0,0,2.98036
function@dumppoc,0,0,0,0,0,1,0,0,0,0,1
function@picture_order,0,0,0,0,0,0,0,0,0,0,0
function@ercConcealIntraFrame,3,0,0,1,0,18,0.722222,0,1,0,8.12963
function@concealBlocks,110,85,0,62,6,13,41198.1,56787.5,3947.38,164.267,11852.8
function@ercCollect8PredBlocks,24,6,0,7,1,8,7.90909,2.12023,7,1,8
function@ercPixConcealIMB,74,43,0,26,4,57,975.507,63.983,9.06492,1.17311,535.893
function@ercCollectColumnBlocks,0,0,0,0,0,3,0,0,0,0,3
function@write_picture,111,68,0,57,8,60,22.6362,10.1318,12.2631,2.01562,7.13362
function@img2buf_endian,0,0,0,0,0,9,0,0,0,0,14.9844
function@img2buf_normal,23,25,0,19,3,33,230.294,32.4941,14.9529,7.51765,493.729
function@init_out_buffer,0,0,0,0,0,1,0,0,0,0,1
function@uninit_out_buffer,0,0,0,0,0,1,0,0,0,0,1
function@clear_picture,0,0,0,0,0,20,0,0,0,0,25.5
function@write_unpaired_field,0,0,0,0,0,48,0,0,0,0,32.35
function@flush_direct_output,0,0,0,0,0,2,0,0,0,0,2
function@write_stored_frame,0,0,0,0,0,6,0,0,0,0,4.32
function@direct_output,0,0,0,0,0,17,0,0,0,0,5.90196
function@allocate_pred_mem,0,0,0,0,0,6,0,0,0,0,6
function@free_pred_mem,0,0,0,0,0,1,0,0,0,0,1
function@get_block_luma,105,38,0,41,4,60,21.5206,11.0901,3.14504,0.754199,23.6382
function@get_luma_01,88,18,0,29,11,32,744.049,192.528,91.7362,61.9877,37.6933
function@get_luma_02,62,12,0,25,4,43,1249.26,161.123,66.4938,114.568,270.259
function@get_luma_03,88,18,0,30,12,32,744.049,192.528,92.1288,74.5522,37.6933
function@get_luma_21,62,17,0,30,3,12,834.969,196,42.5312,16.1875,303.594
function@get_luma_22,54,17,0,25,2,12,479.219,196,26.125,8.21875,211.594
function@get_luma_23,62,17,0,30,3,12,834.969,196,42.5312,16.1875,303.594
function@get_luma_12,38,19,0,20,1,11,168.392,211.431,8.13725,10.0392,240.863
function@get_luma_32,38,19,0,20,1,11,168.392,211.431,8.13725,10.0392,240.863
function@get_luma_11,95,30,0,35,7,34,343.019,122.014,34.1483,15.0048,277.675
function@get_luma_13,95,31,0,36,7,34,343.019,222.354,34.5359,15.0048,277.675
function@get_luma_31,95,30,0,35,7,34,343.019,122.014,34.1483,15.0048,277.675
function@get_luma_33,95,31,0,36,7,34,343.019,222.354,34.5359,15.0048,277.675
function@intra_cr_decoding,64,1,0,7,2,37,7009.75,31.875,68.75,32.875,3992.75
function@prepare_direct_params,1,0,0,1,0,16,0.625,0,1,0,8.67432
function@perform_mc,652,265,0,224,42,146,235.57,230.728,50.4717,5.62897,525.626
function@get_block_chroma,186,107,0,71,29,66,206.255,250.438,14.5887,19.6747,185.785
function@intrapred8x8,0,0,0,0,0,11,0,0,0,0,8
function@intrapred_chroma_ver_mbaff,5,4,0,4,0,12,1.98877,5.86182,2.29907,0,38.8794
function@intrapred_chroma,246,159,0,73,15,145,166.055,102.806,21.4607,1.37851,125.581
function@intrapred_chroma_mbaff,152,81,0,57,28,88,1602.64,244.035,144.011,17.9188,415.036
function@intra_chroma_DC_all_mbaff,0,0,0,0,0,7,0,0,0,0,5.85294
function@set_loop_filter_functions_mbaff,0,0,0,0,0,0,0,0,0,0,0
function@GetStrengthVerMBAff,52,39,0,34,9,89,42.5543,3.69288,8.80753,0.541956,72.621
function@GetStrengthHorMBAff,20,12,0,10,1,38,21.7554,0.431349,6.36865,0.0444945,35.5636
function@EdgeLoopLumaVerMBAff,66,29,0,35,3,23,116.492,47.5039,24.2695,0.976562,64.7754
function@EdgeLoopLumaHorMBAff,49,32,0,35,6,26,28.8601,29.9536,17.4907,2.41168,25.6483
function@EdgeLoopChromaVerMBAff,21,9,0,14,0,18,173.018,66.2716,14.3833,0,142.107
function@EdgeLoopChromaHorMBAff,14,10,0,11,4,18,29.2298,12.7083,9.12939,2.59595,36.2904
function@get_non_aff_neighbor_luma,0,0,0,0,0,1,0,0,0,0,1
function@get_non_aff_neighbor_chroma,0,0,0,0,0,0,0,0,0,0,0
function@init_qp_process,0,0,0,0,0,7,0,0,0,0,8.46032
function@free_qp_matrices,0,0,0,0,0,1,0,0,0,0,1
function@assign_quant_params,0,0,0,0,0,6,0,0,0,0,48.3214
function@CalculateQuant4x4Param,34,45,0,19,0,0,1083.75,1434.38,574.75,0,0
function@CalculateQuant8x8Param,10,0,0,10,0,25,7,0,7,0,16.5
function@set_dequant8x8,0,0,0,0,0,0,0,0,0,0,0
function@OpenRTPFile,0,0,0,0,0,6,0,0,0,0,4.14286
function@CloseRTPFile,0,0,0,0,0,1,0,0,0,0,1
function@GetRTPNALU,0,0,0,0,0,11,0,0,0,0,8.48
function@RTPReadPacket,0,0,0,0,0,12,0,0,0,0,8.5
function@DecomposeRTPpacket,0,0,0,0,0,0,0,0,0,0,0
function@DumpRTPHeader,0,0,0,0,0,1,0,0,0,0,1
function@dump_dpb,0,0,0,0,0,0,0,0,0,0,0
function@getDpbSize,0,0,0,0,0,3,0,0,0,0,2.60886
function@check_num_ref,0,0,0,0,0,0,0,0,0,0,0
function@init_dpb,0,0,0,0,0,15,0,0,0,0,29.9412
function@free_dpb,0,0,0,0,0,3,0,0,0,0,9.34375
function@GetMaxDecFrameBuffering,0,0,0,0,0,4,0,0,0,0,13.625
function@alloc_frame_store,0,0,0,0,0,2,0,0,0,0,2
function@alloc_storable_picture,28,7,0,6,0,22,24.7143,6.61905,5.61905,0,17.0476
function@re_init_dpb,0,0,0,0,0,9,0,0,0,0,12.1905
function@free_frame_store,0,0,0,0,0,2,0,0,0,0,1.61905
function@free_storable_picture,0,0,0,0,0,2,0,0,0,0,1.625
function@alloc_pic_motion,0,0,0,0,0,1,0,0,0,0,1
function@free_pic_motion,0,0,0,0,0,1,0,0,0,0,1
function@is_short_ref,0,0,0,0,0,0,0,0,0,0,0
function@is_long_ref,0,0,0,0,0,0,0,0,0,0,0
function@gen_pic_list_from_frame_list,16,2,0,4,0,15,33.3846,1.79487,4,0,719.564
function@update_pic_num,0,0,0,0,0,4,0,0,0,0,10.2367
function@init_lists_i_slice,0,0,0,0,0,0,0,0,0,0,0
function@init_lists_p_slice,15,3,0,4,0,48,73.9725,0.996942,3.62385,0,1045.1
function@compare_pic_by_pic_num_desc,0,0,0,0,0,0,0,0,0,0,0
function@compare_pic_by_lt_pic_num_asc,0,0,0,0,0,0,0,0,0,0,0
function@compare_fs_by_frame_num_desc,0,0,0,0,0,0,0,0,0,0,0
function@compare_fs_by_lt_pic_idx_asc,0,0,0,0,0,0,0,0,0,0,0
function@append_interview_list,5,0,0,3,0,8,6.92857,0,3,0,26.5893
function@init_lists_b_slice,57,18,0,14,1,99,169.761,10.4159,8.48624,0.0917431,1875.94
function@compare_pic_by_poc_desc,0,0,0,0,0,0,0,0,0,0,0
function@compare_pic_by_poc_asc,0,0,0,0,0,0,0,0,0,0,0
function@compare_fs_by_poc_desc,0,0,0,0,0,0,0,0,0,0,0
function@compare_fs_by_poc_asc,0,0,0,0,0,0,0,0,0,0,0
function@init_lists,84,34,0,23,3,138,40.5727,4.56105,5.41331,0.461538,792.055
function@init_mbaff_lists,0,0,0,0,0,1,0,0,0,0,1
function@get_short_term_pic,0,0,0,0,0,2,0,0,0,0,2
function@get_long_term_pic,0,0,0,0,0,2,0,0,0,0,2
function@reorder_ref_pic_list,21,1,0,7,0,6,97.5,1,6.5,0,32.5
function@update_ref_list,0,0,0,0,0,4,0,0,0,0,3
function@update_ltref_list,0,0,0,0,0,4,0,0,0,0,3
function@mm_update_max_long_term_frame_idx,0,0,0,0,0,4,0,0,0,0,4
function@store_picture_in_dpb,56,2,0,4,5,66,21.7291,1.01548,2.35733,6.49407,49.187
function@insert_picture_in_dpb,0,0,0,0,0,13,0,0,0,0,5.33742
function@remove_unused_frame_from_dpb,0,0,0,0,0,3,0,0,0,0,2.09453
function@output_one_frame_from_dpb,0,0,0,0,0,14,0,0,0,0,13.0813
function@flush_dpb,0,0,0,0,0,7,0,0,0,0,98.4412
function@unmark_for_reference,0,0,0,0,0,1,0,0,0,0,1
function@unmark_long_term_field_for_reference_by_frame_idx,0,0,0,0,0,5,0,0,0,0,5
function@dpb_split_field,9,2,0,2,2,26,4.57353,3.92647,2,0.735294,371.676
function@dpb_combine_field,0,0,0,0,0,4,0,0,0,0,4
function@remove_frame_from_dpb,0,0,0,0,0,7,0,0,0,0,21.9524
function@dpb_combine_field_yuv,0,0,0,0,0,4,0,0,0,0,3.23214
function@alloc_ref_pic_list_reordering_buffer,0,0,0,0,0,9,0,0,0,0,4.3125
function@free_ref_pic_list_reordering_buffer,0,0,0,0,0,1,0,0,0,0,1
function@fill_frame_num_gap,1,0,0,1,0,9,1,0,1,0,92.625
function@compute_colocated,0,0,0,0,0,4,0,0,0,0,190.176
function@mb_is_available,0,0,0,0,0,1,0,0,0,0,1
function@CheckAvailabilityOfNeighbors,0,0,0,0,0,4,0,0,0,0,2.62455
function@get_mb_block_pos_normal,0,0,0,0,0,1,0,0,0,0,1
function@get_mb_block_pos_mbaff,0,0,0,0,0,2,0,0,0,0,2
function@get_mb_pos,0,0,0,0,0,7,0,0,0,0,7
function@getNonAffNeighbour,0,0,0,0,0,3,0,0,0,0,3
function@getAffNeighbour,0,0,0,0,0,10,0,0,0,0,4.17073
function@get4x4Neighbour,0,0,0,0,0,2,0,0,0,0,2
function@get4x4NeighbourBase,0,0,0,0,0,2,0,0,0,0,2
function@main,113,13,0,50,16,90,295.382,8.21522,41.9535,6.4533,921.237
function@get_version,0,0,0,0,0,15,0,0,0,0,8.49999
function@spec_strdup,0,0,0,0,0,10,0,0,0,0,9
function@printUsage,0,0,0,0,0,1,0,0,0,0,1
function@load_image_file,0,0,0,0,0,26,0,0,0,0,19.6406
function@init_targa,0,0,0,0,0,12,0,0,0,0,26.64
function@dump_tga,0,0,0,0,0,29,0,0,0,0,456.333
function@dump_header,0,0,0,0,0,3,0,0,0,0,2.5
function@computeSSIM,149,77,0,66,22,30,1.93566e+06,1.38043e+06,217784,16758.3,188895
function@mean,0,0,0,0,0,1,0,0,0,0,0.6
function@variance,0,0,0,0,0,2,0,0,0,0,1.6
function@covariance,0,0,0,0,0,3,0,0,0,0,2.32
function@read_yuv_file,39,2,0,6,0,39,197.582,2,4.70128,0,942.064
function@read_tga_file,1,2,0,2,0,48,0.999998,20.9993,13.4996,0,1437.5
