Comando: /home/mpvreal/Code/Faculdade/tcc/llvm/build/bin/llc --march=aarch64 --regalloc=basic -o -
Heurística: original
function@set_data_,0,0,0,0,0,8,0,0,0,0,8
function@set_data_tile_,0,0,0,0,0,34,0,0,0,0,34
function@get_3dfld_,165,0,0,50,0,111,39.9386,0,23.1622,0,154.117
function@set_ngfldr_,0,0,0,0,0,0,0,0,0,0,0
function@close_io_,0,0,0,0,0,43,0,0,0,0,18.3929
function@_QMdiag_modPdiag,0,0,0,0,0,8,0,0,0,0,8
function@_QMdiag_modPdiag_tile,361,2,0,75,0,78,38601.5,1.75562,242.733,0,4727.44
function@_QMmod_mixingPallocate_mixing,62,0,0,14,0,6,61.5,0,14,0,5
function@_QMmod_mixingPinitialize_mixing,46,0,0,9,0,30,4798.96,0,33.36,0,14788.6
function@_QMset_zeta_modPset_zeta,0,0,0,0,0,8,0,0,0,0,8
function@_QMset_zeta_modPset_zeta_tile,25,0,0,11,0,24,294.029,0,30.8088,0,46.6912
function@def_impulse_,0,0,0,0,0,0,0,0,0,0,0
function@get_3dfldr_,0,0,0,0,0,0,0,0,0,0,0
function@_QMdef_var_modPdef_var,191,0,0,22,0,520,10.3256,0,6.93505,0,189.184
function@_QMnf_fread3d_bry_modPnf_fread3d_bry,33,0,0,14,0,34,2462.22,0,16.7706,0,9013.94
function@_QMnrutilParray_copy_r,0,0,0,0,0,0,0,0,0,0,0
function@_QMnrutilParray_copy_d,0,0,0,0,0,0,0,0,0,0,0
function@_QMnrutilParray_copy_i,0,0,0,0,0,0,0,0,0,0,0
function@_QMnrutilParth_r,3,0,0,2,0,15,88.098,0,5.15686,0,56.6471
function@_QMnrutilParth_d,3,0,0,2,0,15,88.098,0,5.15686,0,56.6471
function@_QMnrutilParth_i,0,0,0,0,0,15,0,0,0,0,56.6471
function@_QMnrutilPnrerror,0,0,0,0,0,8,0,0,0,0,8
function@_QMnrutilPreallocate_rv,0,0,0,0,0,16,0,0,0,0,7.38281
function@_QMnrutilPreallocate_iv,0,0,0,0,0,16,0,0,0,0,7.38281
function@_QMnrutilPreallocate_hv,0,0,0,0,0,23,0,0,0,0,8.39233
function@_QMnrutilPreallocate_rm,4,0,0,1,0,32,2.11328,0,1,0,78.7188
function@_QMnrutilPreallocate_im,4,0,0,1,0,32,2.11328,0,1,0,78.7188
function@_QMlmd_vmix_modPlmd_vmix,0,0,0,0,0,12,0,0,0,0,12
function@_QMlmd_vmix_modPlmd_vmix_tile,696,5,0,239,0,17,171213,165.8,10721.7,0,4392.72
function@_QMlmd_vmix_modPlmd_finish,0,0,0,0,0,0,0,0,0,0,0
function@_QMlmd_vmix_modPlmd_finish_tile,33,0,0,15,0,20,1471.91,0,17.3692,0,371.292
function@wrt_floats_,0,0,0,0,0,0,0,0,0,0,0
function@_QMnf_fwrite3d_bry_modPnf_fwrite3d_bry,80,0,0,34,0,42,19571.3,0,1500.19,0,14164.6
function@my_flush_,0,0,0,0,0,0,0,0,0,0,0
function@my_getpid_,0,0,0,0,0,0,0,0,0,0,0
function@my_numthreads_,0,0,0,0,0,0,0,0,0,0,0
function@my_threadnum_,0,0,0,0,0,0,0,0,0,0,0
function@my_wtime_,0,0,0,0,0,0,0,0,0,0,0
function@wrt_station_,0,0,0,0,0,0,0,0,0,0,0
function@lmd_swfrac_tile_,56,1,0,29,0,8,2944.95,3.15,853.9,0,722.7
function@_QMstate_initialize_modPstate_initialize,2,0,0,1,0,37,7.84615,0,0.384615,0,14609.6
function@get_cycle_,56,0,0,18,0,43,37.2663,0,17.3123,0,50.6223
function@wrt_info_,334,0,0,38,0,582,13.5557,0,5.84033,0,16.25
function@_QMt3dmix_modPt3dmix2,0,0,0,0,0,8,0,0,0,0,8
function@_QMt3dmix_modPt3dmix2_tile,536,9,0,123,0,19,2.63887e+06,5603.5,166546,0,4686.58
function@_QMini_fields_modPini_fields,0,0,0,0,0,0,0,0,0,0,0
function@_QMini_fields_modPini_fields_tile,600,4,0,113,0,57,23657.1,21.3929,550.875,0,6014.86
function@_QMini_fields_modPini_zeta,0,0,0,0,0,0,0,0,0,0,0
function@_QMini_fields_modPini_zeta_tile,75,0,0,17,0,34,73.9541,0,15.1009,0,43.3027
function@set_scoord_,50,0,0,5,0,33,152.765,0,6.75294,0,183.553
function@_QMset_3dfld_modPset_3dfld_tile,140,1,0,46,0,88,4515.09,3.66323,548.234,0,576.048
function@obs_read_,0,0,0,0,0,0,0,0,0,0,0
function@wrt_error_,0,0,0,0,0,0,0,0,0,0,0
function@initial_,0,0,0,0,0,23,0,0,0,0,17.7568
function@initial_..omp_par.9,0,0,0,0,0,8,0,0,0,0,48.5
function@initial_..omp_par.8,3,0,0,1,0,7,3,0,1,0,877.75
function@initial_..omp_par.7,3,0,0,1,0,7,3,0,1,0,877.75
function@initial_..omp_par.6,3,0,0,1,0,6,3,0,1,0,451.167
function@initial_..omp_par.5,3,0,0,1,0,6,3,0,1,0,451.167
function@initial_..omp_par.4,3,0,0,1,0,7,3,0,1,0,877.75
function@initial_..omp_par.3,3,0,0,1,0,6,3,0,1,0,451.167
function@initial_..omp_par.2,3,0,0,1,0,7,3,0,1,0,877.75
function@initial_..omp_par.1,3,0,0,1,0,7,3,0,1,0,877.75
function@initial_..omp_par,0,0,0,0,0,8,0,0,0,0,48.5
function@lubksb_,0,0,0,0,0,6,0,0,0,0,40.55
function@_QMran_statePran_init,0,0,0,0,0,3,0,0,0,0,3
function@_QMran_statePran_seed,0,0,0,0,0,3,0,0,0,0,3
function@_QMmod_gridPallocate_grid,59,0,0,9,0,51,58.5,0,9,0,50
function@_QMmod_gridPinitialize_grid,0,0,0,0,0,11,0,0,0,0,665.4
function@_QMpre_step3d_modPpre_step3d,5,0,0,1,0,4,5,0,1,0,4
function@_QMpre_step3d_modPpre_step3d_tile,2371,17,0,460,0,89,6.29454e+06,6809.53,135463,0,547321
function@checkdefs_,0,0,0,0,0,378,0,0,0,0,1791.88
function@_QQmain,0,0,0,0,0,8,0,0,0,0,8
function@set_diags_,0,0,0,0,0,0,0,0,0,0,0
function@checkvars_,108,0,0,23,0,219,441.638,0,117.937,0,503.054
function@main2d_,0,0,0,0,0,0,0,0,0,0,0
function@get_2dfld_,163,0,0,52,0,166,42.1678,0,23.4889,0,187.917
function@_QMnf_fread3d_modPnf_fread3d,43,0,0,16,0,36,912.988,0,15.4991,0,69.0977
function@def_tides_,0,0,0,0,0,0,0,0,0,0,0
function@gasdev_s_,0,0,0,0,0,2,0,0,0,0,1.5
function@gasdev_v_,149,0,0,30,0,46,1664.98,0,89.305,0,129.81
function@def_dim_,0,0,0,0,0,34,0,0,0,0,21.8824
function@inp_par_,3,0,0,1,0,72,0.565574,0,0.188525,0,21.1639
function@read_phypar_,318,0,0,75,0,2023,21.8704,0,6.17998,0,329.276
function@decode_line_,20,0,0,11,0,53,14.6633,0,4.52041,0,43.6122
function@load_i1_,0,0,0,0,0,0,0,0,0,0,0
function@load_l1_,0,0,0,0,0,2,0,0,0,0,2
function@load_r1_,0,0,0,0,0,0,0,0,0,0,0
function@load_i_,0,0,0,0,0,9,0,0,0,0,2.51471
function@load_l_,6,0,0,3,0,24,3.11905,0,1.80952,0,129.214
function@load_r_,0,0,0,0,0,9,0,0,0,0,2.66667
function@get_varcoords_,78,0,0,14,0,66,20.0611,0,10.8139,0,42.0186
function@_QMexchange_2d_modPexchange_p2d_tile,0,0,0,0,0,4,0,0,0,0,1.47059
function@_QMexchange_2d_modPexchange_r2d_tile,0,0,0,0,0,4,0,0,0,0,1.47059
function@_QMexchange_2d_modPexchange_u2d_tile,0,0,0,0,0,4,0,0,0,0,1.47059
function@_QMexchange_2d_modPexchange_v2d_tile,0,0,0,0,0,4,0,0,0,0,1.47059
function@_QMshapiro_modPshapiro2d_tile,51,0,0,14,0,54,3585.03,0,667.901,0,319.901
function@_QMshapiro_modPshapiro3d_tile,127,2,0,27,0,25,5657.25,48.8333,167.917,0,4920
function@congrad_,0,0,0,0,0,0,0,0,0,0,0
function@obs_depth_,0,0,0,0,0,0,0,0,0,0,0
function@set_ngfld_,10,0,0,1,0,39,2.29204,0,1,0,38.8938
function@get_2dfldr_,0,0,0,0,0,0,0,0,0,0,0
function@_QMuv3dmix_modPuv3dmix2,0,0,0,0,0,8,0,0,0,0,8
function@_QMuv3dmix_modPuv3dmix2_tile,510,4,0,169,0,11,443211,141.417,4587.42,0,3474.42
function@_QMocean_control_modProms_initialize,0,0,0,0,0,14,0,0,0,0,10.0484
function@_QMocean_control_modProms_initialize..omp_par,0,0,0,0,0,8,0,0,0,0,48.5
function@_QMocean_control_modProms_run,0,0,0,0,0,10,0,0,0,0,10
function@_QMocean_control_modProms_finalize,0,0,0,0,0,8,0,0,0,0,8
function@_QMocean_control_modProms_finalize..omp_par,0,0,0,0,0,8,0,0,0,0,48.5
function@def_hessian_,0,0,0,0,0,0,0,0,0,0,0
function@_QMstep2d_modPstep2d,462,0,0,183,0,0,462,0,183,0,0
function@_QMstep2d_modPstep2d_tile,3968,15,0,1031,0,249,77630.5,14.7619,16842.5,0,1454.74
function@_QMmod_forcesPallocate_forces,22,0,0,7,0,17,21.5,0,7,0,16
function@_QMmod_forcesPinitialize_forces,0,0,0,0,0,3,0,0,0,0,13.75
function@def_lanczos_,0,0,0,0,0,0,0,0,0,0,0
function@_QMnf_fwrite2d_modPnf_fwrite2d,1,0,0,1,0,34,0.625,0,1,0,33.875
function@_QMu3dbc_modPu3dbc,0,0,0,0,0,1,0,0,0,0,1
function@_QMu3dbc_modPu3dbc_tile,0,0,0,0,0,12,0,0,0,0,37.7778
function@def_his_,810,0,0,56,0,416,106.883,0,31.9225,0,83.915
function@_QMmetrics_modPmetrics,46,0,0,42,0,0,46,0,42,0,0
function@_QMmetrics_modPmetrics_tile,1620,6,0,378,0,101,28446.9,7.84615,3334.86,0,621.785
function@_QMt3dbc_modPt3dbc,0,0,0,0,0,3,0,0,0,0,3
function@_QMt3dbc_modPt3dbc_tile,0,0,0,0,0,12,0,0,0,0,37.7778
function@set_weights_,0,0,0,0,0,65,0,0,0,0,3700.74
function@_QMnf_fwrite4d_modPnf_fwrite4d,58,0,0,25,0,34,4764.24,0,42.9722,0,6685.24
function@def_station_,0,0,0,0,0,0,0,0,0,0,0
function@_QMwvelocity_modPwvelocity,3,0,0,2,0,0,3,0,2,0,0
function@_QMwvelocity_modPwvelocity_tile,651,6,0,139,0,16,70809.7,284,973.857,0,7010.71
function@_QMbulk_flux_modPbulk_flux,17,0,0,9,0,0,17,0,9,0,0
function@_QMbulk_flux_modPbulk_flux_tile,914,2,0,270,0,193,363503,6.24719,33240.8,0,176123
function@_QMbulk_flux_modPbulk_psiu,0,0,0,0,0,12,0,0,0,0,6.5
function@_QMbulk_flux_modPbulk_psit,0,0,0,0,0,10,0,0,0,0,5.5
function@_QMnf_fwrite3d_modPnf_fwrite3d,11,0,0,6,0,29,14.2115,0,5.24038,0,349.058
function@get_state_,94,0,0,8,0,294,9.69804,0,5.26005,0,19.7112
function@_QMutility_modPnrng,19,3,0,12,1,7,5.65476,1.40385,3.46612,0.467949,6.28114
function@_QMutility_modPurng,0,0,0,0,0,0,0,0,0,0,0
function@obs_initial_,0,0,0,0,0,0,0,0,0,0,0
function@checkadj_,0,0,0,0,0,86,0,0,0,0,70
function@def_diags_,0,0,0,0,0,0,0,0,0,0,0
function@_QManalytical_modPana_btflux,0,0,0,0,0,2,0,0,0,0,2
function@_QManalytical_modPana_btflux_tile,0,0,0,0,0,18,0,0,0,0,26.3497
function@_QManalytical_modPana_cloud,0,0,0,0,0,2,0,0,0,0,2
function@_QManalytical_modPana_cloud_tile,0,0,0,0,0,17,0,0,0,0,55.9
function@_QManalytical_modPana_grid,17,0,0,16,0,2,17,0,16,0,2
function@_QManalytical_modPana_grid_tile,606,2,0,160,0,85,8660.65,2.775,813.775,0,1239.83
function@_QManalytical_modPana_humid,0,0,0,0,0,2,0,0,0,0,2
function@_QManalytical_modPana_humid_tile,0,0,0,0,0,17,0,0,0,0,55.9
function@_QManalytical_modPana_initial,0,0,0,0,0,2,0,0,0,0,1.5
function@_QManalytical_modPana_nlminitial_tile,191,0,0,41,0,52,29612.5,0,612.55,0,42355.6
function@_QManalytical_modPana_pair,0,0,0,0,0,2,0,0,0,0,2
function@_QManalytical_modPana_pair_tile,0,0,0,0,0,17,0,0,0,0,55.9
function@_QManalytical_modPana_rain,0,0,0,0,0,2,0,0,0,0,2
function@_QManalytical_modPana_rain_tile,0,0,0,0,0,17,0,0,0,0,55.9
function@_QManalytical_modPana_srflux,0,0,0,0,0,2,0,0,0,0,2
function@_QManalytical_modPana_srflux_tile,88,0,0,55,0,4,5664.2,0,502.625,0,206.025
function@_QManalytical_modPana_stflux,0,0,0,0,0,2,0,0,0,0,2
function@_QManalytical_modPana_stflux_tile,0,0,0,0,0,23,0,0,0,0,31.3497
function@_QManalytical_modPana_tair,0,0,0,0,0,2,0,0,0,0,2
function@_QManalytical_modPana_tair_tile,0,0,0,0,0,17,0,0,0,0,55.9
function@_QManalytical_modPana_winds,0,0,0,0,0,2,0,0,0,0,2
function@_QManalytical_modPana_winds_tile,81,1,0,36,0,5,2611.9,1.575,155.275,0,386.975
function@_QMbc_bry3d_modPbc_r3d_bry_tile,0,0,0,0,0,14,0,0,0,0,2.21569
function@_QMbc_bry3d_modPbc_u3d_bry_tile,0,0,0,0,0,14,0,0,0,0,2.21569
function@_QMbc_bry3d_modPbc_v3d_bry_tile,0,0,0,0,0,14,0,0,0,0,2.21569
function@get_data_,0,0,0,0,0,5,0,0,0,0,5
function@_QMstep3d_t_modPstep3d_t,0,0,0,0,0,8,0,0,0,0,8
function@_QMstep3d_t_modPstep3d_t_tile,1033,15,0,191,0,55,4.43014e+06,12152.7,201257,0,852170
function@_QMmod_netcdfPnetcdf_get_dim,0,0,0,0,0,8,0,0,0,0,8
function@_QMmod_netcdfPnetcdf_check_dim,0,0,0,0,0,8,0,0,0,0,8
function@_QMmod_netcdfPnetcdf_check_var,0,0,0,0,0,8,0,0,0,0,8
function@_QMmod_netcdfPnetcdf_inq_var,0,0,0,0,0,8,0,0,0,0,8
function@_QMmod_netcdfPnetcdf_inq_varid,0,0,0,0,0,8,0,0,0,0,8
function@_QMmod_netcdfPnetcdf_get_fatt,0,0,0,0,0,8,0,0,0,0,8
function@_QMmod_netcdfPnetcdf_get_fvar_0d,0,0,0,0,0,8,0,0,0,0,8
function@_QMmod_netcdfPnetcdf_get_fvar_1d,0,0,0,0,0,8,0,0,0,0,8
function@_QMmod_netcdfPnetcdf_get_fvar_2d,0,0,0,0,0,8,0,0,0,0,8
function@_QMmod_netcdfPnetcdf_get_fvar_3d,0,0,0,0,0,8,0,0,0,0,8
function@_QMmod_netcdfPnetcdf_get_fvar_4d,0,0,0,0,0,8,0,0,0,0,8
function@_QMmod_netcdfPnetcdf_get_ivar_0d,0,0,0,0,0,8,0,0,0,0,8
function@_QMmod_netcdfPnetcdf_get_ivar_1d,0,0,0,0,0,8,0,0,0,0,8
function@_QMmod_netcdfPnetcdf_get_ivar_2d,0,0,0,0,0,8,0,0,0,0,8
function@_QMmod_netcdfPnetcdf_get_svar_0d,0,0,0,0,0,8,0,0,0,0,8
function@_QMmod_netcdfPnetcdf_get_svar_1d,0,0,0,0,0,8,0,0,0,0,8
function@_QMmod_netcdfPnetcdf_put_fvar_0d,0,0,0,0,0,8,0,0,0,0,8
function@_QMmod_netcdfPnetcdf_put_fvar_1d,0,0,0,0,0,8,0,0,0,0,8
function@_QMmod_netcdfPnetcdf_put_fvar_2d,0,0,0,0,0,8,0,0,0,0,8
function@_QMmod_netcdfPnetcdf_put_fvar_3d,0,0,0,0,0,8,0,0,0,0,8
function@_QMmod_netcdfPnetcdf_put_fvar_4d,0,0,0,0,0,8,0,0,0,0,8
function@_QMmod_netcdfPnetcdf_put_ivar_0d,0,0,0,0,0,8,0,0,0,0,8
function@_QMmod_netcdfPnetcdf_put_ivar_1d,0,0,0,0,0,8,0,0,0,0,8
function@_QMmod_netcdfPnetcdf_put_ivar_2d,0,0,0,0,0,8,0,0,0,0,8
function@_QMmod_netcdfPnetcdf_put_lvar_0d,0,0,0,0,0,8,0,0,0,0,8
function@_QMmod_netcdfPnetcdf_put_lvar_1d,0,0,0,0,0,8,0,0,0,0,8
function@_QMmod_netcdfPnetcdf_put_lvar_2d,0,0,0,0,0,8,0,0,0,0,8
function@_QMmod_netcdfPnetcdf_put_svar_0d,0,0,0,0,0,8,0,0,0,0,8
function@_QMmod_netcdfPnetcdf_put_svar_1d,0,0,0,0,0,8,0,0,0,0,8
function@_QMmod_netcdfPnetcdf_close,0,0,0,0,0,8,0,0,0,0,8
function@_QMmod_netcdfPnetcdf_create,0,0,0,0,0,8,0,0,0,0,8
function@_QMmod_netcdfPnetcdf_enddef,0,0,0,0,0,8,0,0,0,0,8
function@_QMmod_netcdfPnetcdf_open,0,0,0,0,0,8,0,0,0,0,8
function@_QMmod_netcdfPnetcdf_openid,0,0,0,0,0,0,0,0,0,0,0
function@_QMmod_netcdfPnetcdf_redef,0,0,0,0,0,8,0,0,0,0,8
function@_QMmod_netcdfPnetcdf_sync,0,0,0,0,0,8,0,0,0,0,8
function@nf90_get_var_,0,0,0,0,0,0,0,0,0,0,0
function@nf90_put_var_,0,0,0,0,0,0,0,0,0,0,0
function@nf90_def_var_,0,0,0,0,0,0,0,0,0,0,0
function@nf90_put_att_,0,0,0,0,0,0,0,0,0,0,0
function@nf90_get_dim_,0,0,0,0,0,0,0,0,0,0,0
function@nf90_def_dim_,0,0,0,0,0,0,0,0,0,0,0
function@nf90_strerror_,0,0,0,0,0,0,0,0,0,0,0
function@_QMlmd_skpp_modPlmd_skpp,0,0,0,0,0,0,0,0,0,0,0
function@_QMlmd_skpp_modPlmd_skpp_tile,2240,6,0,523,0,149,749146,106.421,24452,0,32319.8
function@get_grid_,0,0,0,0,0,0,0,0,0,0,0
function@wrt_gst_,0,0,0,0,0,0,0,0,0,0,0
function@_QMnf_fread4d_modPnf_fread4d,80,0,0,38,0,35,2349.63,0,29.3049,0,1489.69
function@grid_coords_,0,0,0,0,0,0,0,0,0,0,0
function@wclock_on_,0,0,0,0,0,15,0,0,0,0,14.381
function@wclock_off_,0,0,0,0,0,14,0,0,0,0,14
function@rep_matrix_,0,0,0,0,0,0,0,0,0,0,0
function@mod_arrays_,0,0,0,0,0,9,0,0,0,0,9
function@mod_arrays_..omp_par,0,0,0,0,0,9,0,0,0,0,28.5833
function@def_error_,0,0,0,0,0,0,0,0,0,0,0
function@def_norm_,0,0,0,0,0,0,0,0,0,0,0
function@def_gst_,0,0,0,0,0,0,0,0,0,0,0
function@_QMinterpolate_modPlinterp2d,0,0,0,0,0,1,0,0,0,0,0.666667
function@_QMinterpolate_modPcinterp2d,44,0,0,17,0,5,10079,0,3202.33,0,853.667
function@_QMinterpolate_modPhindices,109,0,0,38,0,34,23052.2,0,782.912,0,5885.5
function@_QMinterpolate_modPtry_range,70,0,0,18,0,25,42.8281,0,9.14896,0,4.9359
function@_QMinterpolate_modPinside,0,0,0,0,0,8,0,0,0,0,58.2209
function@_QMbc_3d_modPbc_r3d_tile,22,0,0,10,0,18,240.309,0,122.642,0,33.7531
function@_QMbc_3d_modPbc_u3d_tile,0,0,0,0,0,8,0,0,0,0,25.1852
function@_QMbc_3d_modPbc_v3d_tile,4,0,0,1,0,23,3.33333,0,0.0987654,0,48.7037
function@_QMbc_3d_modPbc_w3d_tile,22,0,0,10,0,18,240.309,0,122.642,0,33.7531
function@stats_modobs_,0,0,0,0,0,0,0,0,0,0,0
function@wrt_hessian_,0,0,0,0,0,0,0,0,0,0,0
function@wrt_his_,133,0,0,21,0,213,9.94187,0,3.09057,0,26.2079
function@_QMmod_couplingPallocate_coupling,11,0,0,5,0,10,10.5,0,5,0,9
function@_QMmod_couplingPinitialize_coupling,0,0,0,0,0,2,0,0,0,0,12.75
function@_QMnf_fwrite2d_bry_modPnf_fwrite2d_bry,35,0,0,10,0,34,1262.67,0,369.952,0,440.19
function@_QMwhite_noise_modPwhite_noise1d,0,0,0,0,0,44,0,0,0,0,18.5668
function@_QMwhite_noise_modPwhite_noise2d,20,0,0,9,0,28,54.1368,0,7,0,40.8632
function@_QMwhite_noise_modPwhite_noise2d_bry,5,0,0,3,0,35,2.32899,0,3,0,13.5912
function@_QMwhite_noise_modPwhite_noise3d,43,0,0,8,0,35,688.553,0,6.6579,0,366.171
function@_QMwhite_noise_modPwhite_noise3d_bry,20,0,0,5,0,34,40.2895,0,5,0,29.4605
function@get_ngfld_,132,0,0,30,0,177,48.822,0,14.5734,0,124.263
function@regrid_,66,0,0,18,0,50,25.8421,0,16.4842,0,69.0105
function@_QMv3dbc_modPv3dbc,0,0,0,0,0,1,0,0,0,0,1
function@_QMv3dbc_modPv3dbc_tile,0,0,0,0,0,12,0,0,0,0,37.7778
function@_QMstate_dotprod_modPstate_dotprod,86,0,0,24,0,34,1067.47,0,36.8,0,11125.4
function@my_abort_,0,0,0,0,0,0,0,0,0,0,0
function@get_bounds_,0,0,0,0,0,13,0,0,0,0,13
function@get_domain_,10,0,0,2,0,24,5.12941,0,2,0,24
function@get_iobounds_,0,0,0,0,0,0,0,0,0,0,0
function@get_tile_,0,0,0,0,0,0,0,0,0,0,0
function@tile_bounds_1d_,0,0,0,0,0,0,0,0,0,0,0
function@tile_bounds_2d_,0,0,0,0,0,0,0,0,0,0,0
function@var_bounds_,0,0,0,0,0,0,0,0,0,0,0
function@_QMset_massflux_modPset_massflux,15,0,0,8,0,2,15,0,8,0,2
function@_QMset_massflux_modPset_massflux_tile,100,0,0,29,0,5,3729.52,0,117.762,0,528.095
function@_QMzetabc_modPzetabc,0,0,0,0,0,1,0,0,0,0,1
function@_QMzetabc_modPzetabc_tile,0,0,0,0,0,4,0,0,0,0,1.47059
function@_QMbc_2d_modPbc_r2d_tile,0,0,0,0,0,10,0,0,0,0,0.493888
function@_QMbc_2d_modPbc_u2d_tile,0,0,0,0,0,4,0,0,0,0,1.47059
function@_QMbc_2d_modPbc_v2d_tile,0,0,0,0,0,14,0,0,0,0,0.784314
function@_QMnf_fread2d_modPnf_fread2d,345,0,0,65,0,71,56.0233,0,15.6222,0,16.4307
function@def_mod_,0,0,0,0,0,0,0,0,0,0,0
function@def_ini_,0,0,0,0,0,0,0,0,0,0,0
function@_QMv2dbc_modPv2dbc,0,0,0,0,0,1,0,0,0,0,1
function@_QMv2dbc_modPv2dbc_tile,0,0,0,0,0,4,0,0,0,0,1.47059
function@_QMrhs3d_modPrhs3d,0,0,0,0,0,16,0,0,0,0,16
function@_QMrhs3d_modPrhs3d_tile,2201,24,0,339,0,86,580452,688,3190.48,0,37550.8
function@def_rst_,0,0,0,0,0,3,0,0,0,0,3
function@_QMmod_paramPinitialize_param,0,0,0,0,0,0,0,0,0,0,0
function@get_ngfldr_,0,0,0,0,0,0,0,0,0,0,0
function@_QMset_2dfld_modPset_2dfld_tile,47,1,0,21,0,88,230.338,0.182131,42.8402,0,47.5172
function@_QMrho_eos_modPrho_eos,40,0,0,8,0,2,40,0,8,0,2
function@_QMrho_eos_modPrho_eos_tile,821,7,0,174,0,46,849539,228.381,52722.5,0,36596.8
function@_QMstiffness_modPstiffness,0,0,0,0,0,0,0,0,0,0,0
function@_QMstiffness_modPstiffness_tile,41,0,0,10,0,44,688.679,0,10.9725,0,20968.1
function@get_idata_,0,0,0,0,0,0,0,0,0,0,0
function@_QMprsgrd_modPprsgrd,0,0,0,0,0,8,0,0,0,0,8
function@_QMprsgrd_modPprsgrd_tile,682,10,0,141,0,51,379363,643.083,1227.58,0,29132.7
function@def_avg_,0,0,0,0,0,0,0,0,0,0,0
function@_QMu2dbc_modPu2dbc,0,0,0,0,0,1,0,0,0,0,1
function@_QMu2dbc_modPu2dbc_tile,0,0,0,0,0,4,0,0,0,0,1.47059
function@def_info_,1328,0,0,60,0,402,83.2491,0,36.9199,0,322.135
function@_QMstate_scale_modPstate_scale,14,0,0,4,0,31,242.892,0,3.38462,0,14393.9
function@wrt_diags_,0,0,0,0,0,0,0,0,0,0,0
function@_QMmod_ncparamPinitialize_ncparam,357,0,0,186,0,547,586.449,0,186.532,0,3000.95
function@_QMmod_scalarsPinitialize_scalars,0,0,0,0,0,27,0,0,0,0,19.6863
function@obs_cost_,0,0,0,0,0,0,0,0,0,0,0
function@_QMnf_fread2d_bry_modPnf_fread2d_bry,16,0,0,7,0,30,70.6605,0,7,0,411.982
function@_QMstate_addition_modPstate_addition,97,0,0,34,0,19,3765.57,0,234.7,0,14284.7
function@wrt_tides_,0,0,0,0,0,0,0,0,0,0,0
function@wrt_rst_,53,0,0,4,0,119,7.3251,0,2.01883,0,13.1678
function@_QMomega_modPomega,0,0,0,0,0,8,0,0,0,0,8
function@_QMomega_modPomega_tile,235,4,0,49,0,18,43566.8,69.3333,1081.38,0,4675.71
function@_QMomega_modPscale_omega,21,0,0,9,0,12,884.046,0,17.9692,0,639.185
function@wrt_impulse_,0,0,0,0,0,0,0,0,0,0,0
function@_QMextract_sta_modPextract_sta2d,17,0,0,2,0,19,9.5098,0,2,0,30.8628
function@_QMextract_sta_modPextract_sta3d,375,0,0,163,0,50,372.991,0,83.2864,0,60.3756
function@get_gst_,0,0,0,0,0,0,0,0,0,0,0
function@checkerror_,0,0,0,0,0,43,0,0,0,0,31.619
function@output_,0,0,0,0,0,24,0,0,0,0,16.1718
function@_QMexchange_3d_modPexchange_p3d_tile,0,0,0,0,0,8,0,0,0,0,25.1852
function@_QMexchange_3d_modPexchange_r3d_tile,0,0,0,0,0,8,0,0,0,0,25.1852
function@_QMexchange_3d_modPexchange_u3d_tile,0,0,0,0,0,8,0,0,0,0,25.1852
function@_QMexchange_3d_modPexchange_v3d_tile,0,0,0,0,0,8,0,0,0,0,25.1852
function@_QMexchange_3d_modPexchange_w3d_tile,0,0,0,0,0,8,0,0,0,0,25.1852
function@def_floats_,0,0,0,0,0,0,0,0,0,0,0
function@get_date_,0,0,0,0,0,4,0,0,0,0,4
function@day_code_,0,0,0,0,0,4,0,0,0,0,1.32
function@caldate_,0,0,0,0,0,24,0,0,0,0,9.21765
function@ref_att_,0,0,0,0,0,30,0,0,0,0,30
function@time_string_,0,0,0,0,0,12,0,0,0,0,12
function@_QMset_vbc_modPset_vbc,0,0,0,0,0,8,0,0,0,0,8
function@_QMset_vbc_modPset_vbc_tile,142,0,0,67,0,25,17395.8,0,3774.88,0,454.125
function@_QMset_depth_modPset_depth,0,0,0,0,0,0,0,0,0,0,0
function@_QMset_depth_modPset_depth_tile,319,3,0,87,0,17,31287.2,11.5263,340.263,0,1715.21
function@_QMstate_product_modPstate_product,154,1,0,48,0,42,27845.8,819.175,159.45,0,7672.2
function@wrt_avg_,0,0,0,0,0,0,0,0,0,0,0
function@_QMstrings_modPfind_string,3,0,0,3,0,13,30.1154,0,11.8077,0,84.8846
function@_QMstrings_modPlowercase,0,0,0,0,0,10,0,0,0,0,47.5
function@_QMstrings_modPuppercase,0,0,0,0,0,10,0,0,0,0,47.5
function@_QMstep3d_uv_modPstep3d_uv,76,0,0,14,0,0,76,0,14,0,0
function@_QMstep3d_uv_modPstep3d_uv_tile,2078,31,0,303,0,51,291839,589.417,8176.75,0,26863.8
function@ludcmp_,0,0,0,0,0,22,0,0,0,0,363.525
function@obs_write_,0,0,0,0,0,0,0,0,0,0,0
function@_QMstate_copy_modPstate_copy,81,0,0,25,0,22,2918.8,0,95.575,0,14408.5
function@ran1_s_,0,0,0,0,0,3,0,0,0,0,3
function@ran1_v_,0,0,0,0,0,3,0,0,0,0,3
function@_QMmod_parallelPinitialize_parallel,0,0,0,0,0,13,0,0,0,0,13
function@main3d_,38,0,0,3,0,20,18.9727,0,2.02734,0,11.3633
function@main3d_..omp_par.13,3,0,0,1,0,6,3,0,1,0,451.167
function@main3d_..omp_par.12,3,0,0,1,0,6,3,0,1,0,280.5
function@main3d_..omp_par.11,3,0,0,1,0,6,3,0,1,0,280.5
function@main3d_..omp_par.10,3,0,0,1,0,6,3,0,1,0,451.167
function@main3d_..omp_par.9,3,0,0,1,0,6,3,0,1,0,280.5
function@main3d_..omp_par.8,3,0,0,1,0,6,3,0,1,0,280.5
function@main3d_..omp_par.7,3,0,0,1,0,6,3,0,1,0,280.5
function@main3d_..omp_par.6,3,0,0,1,0,6,3,0,1,0,451.167
function@main3d_..omp_par.5,7,0,0,2,0,7,26.5833,0,2,0,791.667
function@main3d_..omp_par.4,3,0,0,1,0,7,3,0,1,0,877.75
function@main3d_..omp_par.3,3,0,0,1,0,8,3,0,1,0,1304.33
function@main3d_..omp_par.2,7,0,0,2,0,6,26.5833,0,2,0,535.75
function@main3d_..omp_par.1,3,0,0,1,0,7,3,0,1,0,877.75
function@main3d_..omp_par,3,0,0,1,0,6,3,0,1,0,451.167
function@_QMbc_bry2d_modPbc_r2d_bry_tile,0,0,0,0,0,0,0,0,0,0,0
function@_QMbc_bry2d_modPbc_u2d_bry_tile,0,0,0,0,0,0,0,0,0,0,0
function@_QMbc_bry2d_modPbc_v2d_bry_tile,0,0,0,0,0,0,0,0,0,0,0
function@wrt_ini_,0,0,0,0,0,0,0,0,0,0,0
function@_QMmod_oceanPallocate_ocean,62,0,0,13,0,13,61.5,0,13,0,12
function@_QMmod_oceanPinitialize_ocean,13,0,0,6,0,13,193.72,0,22.52,0,8542.12
