Comando: /home/mpvreal/Code/Faculdade/tcc/llvm/build/bin/llc --march=aarch64 --regalloc=greedy -o -
Heurística: original
function@set_data_,0,0,0,0,0,8,0,0,0,0,8
function@set_data_tile_,0,0,0,0,0,34,0,0,0,0,34
function@get_3dfld_,104,0,0,41,0,206,48.9953,0,21.524,0,198.756
function@close_io_,0,0,0,0,0,43,0,0,0,0,18.3929
function@_QMdiag_modPdiag,0,0,0,0,0,8,0,0,0,0,8
function@_QMdiag_modPdiag_tile,177,2,0,86,0,113,6493.1,1.75562,281.312,0,7770.69
function@_QMmod_mixingPallocate_mixing,12,0,0,12,0,30,12,0,12,0,29
function@_QMmod_mixingPinitialize_mixing,11,0,0,5,0,40,805.96,0,31.24,0,14928.8
function@_QMset_zeta_modPset_zeta,0,0,0,0,0,8,0,0,0,0,8
function@_QMset_zeta_modPset_zeta_tile,7,1,0,8,0,24,2.70588,1.55882,1.52941,0,56.6176
function@_QMdef_var_modPdef_var,116,0,0,6,0,614,4.86012,0,4.49958,0,81.3926
function@_QMnf_fread3d_bry_modPnf_fread3d_bry,17,0,0,15,0,40,41.8349,0,22.9908,0,9033.18
function@_QMnrutilParray_copy_r,0,0,0,0,0,0,0,0,0,0,0
function@_QMnrutilParray_copy_d,0,0,0,0,0,0,0,0,0,0,0
function@_QMnrutilParray_copy_i,0,0,0,0,0,0,0,0,0,0,0
function@_QMnrutilParth_r,2,0,0,1,0,15,10,0,5,0,56.6471
function@_QMnrutilParth_d,2,0,0,1,0,15,10,0,5,0,56.6471
function@_QMnrutilParth_i,0,0,0,0,0,15,0,0,0,0,56.6471
function@_QMnrutilPnrerror,0,0,0,0,0,8,0,0,0,0,8
function@_QMnrutilPreallocate_rv,0,0,0,0,0,16,0,0,0,0,7.38281
function@_QMnrutilPreallocate_iv,0,0,0,0,0,16,0,0,0,0,7.38281
function@_QMnrutilPreallocate_hv,0,0,0,0,0,23,0,0,0,0,8.39233
function@_QMnrutilPreallocate_rm,1,0,0,1,0,33,0.244141,0,0.625,0,79.3438
function@_QMnrutilPreallocate_im,1,0,0,1,0,33,0.244141,0,0.625,0,79.3438
function@_QMlmd_vmix_modPlmd_vmix,0,0,0,0,0,12,0,0,0,0,12
function@_QMlmd_vmix_modPlmd_vmix_tile,376,5,0,154,0,156,60893.8,165.8,5499.83,0,22542.6
function@_QMlmd_vmix_modPlmd_finish,0,0,0,0,0,0,0,0,0,0,0
function@_QMlmd_vmix_modPlmd_finish_tile,25,0,0,14,0,19,62.4462,0,12.6,0,639.492
function@_QMnf_fwrite3d_bry_modPnf_fwrite3d_bry,46,0,0,21,0,49,6234.05,0,132.524,0,14099.8
function@my_wtime_,0,0,0,0,0,0,0,0,0,0,0
function@lmd_swfrac_tile_,33,1,0,26,0,12,1493.2,3.15,749.55,0,1196.55
function@_QMstate_initialize_modPstate_initialize,2,0,0,1,0,41,1,0,1,0,14617.8
function@get_cycle_,39,0,0,17,0,56,22.4576,0,17,0,73.9952
function@wrt_info_,381,0,0,9,0,630,4.39593,0,4.25015,0,25.4649
function@_QMt3dmix_modPt3dmix2,0,0,0,0,0,8,0,0,0,0,8
function@_QMt3dmix_modPt3dmix2_tile,383,9,0,123,0,36,986958,5603.5,54868.7,0,33819.8
function@_QMini_fields_modPini_fields,0,0,0,0,0,0,0,0,0,0,0
function@_QMini_fields_modPini_fields_tile,370,4,0,110,0,124,2814.93,21.3929,185.375,0,5957.7
function@_QMini_fields_modPini_zeta,0,0,0,0,0,0,0,0,0,0,0
function@_QMini_fields_modPini_zeta_tile,23,0,0,15,0,56,14.1835,0,12.4679,0,66.578
function@set_scoord_,7,0,0,5,0,38,31.3176,0,0.952941,0,199.835
function@_QMset_3dfld_modPset_3dfld_tile,87,1,0,26,0,92,26.5155,3.66323,13.3299,0,726.388
function@initial_,0,0,0,0,0,23,0,0,0,0,17.7568
function@initial_..omp_par.9,0,0,0,0,0,8,0,0,0,0,48.5
function@initial_..omp_par.8,1,0,0,1,0,10,1,0,1,0,880.75
function@initial_..omp_par.7,1,0,0,1,0,10,1,0,1,0,880.75
function@initial_..omp_par.6,1,0,0,1,0,9,1,0,1,0,454.167
function@initial_..omp_par.5,1,0,0,1,0,9,1,0,1,0,454.167
function@initial_..omp_par.4,1,0,0,1,0,10,1,0,1,0,880.75
function@initial_..omp_par.3,1,0,0,1,0,9,1,0,1,0,454.167
function@initial_..omp_par.2,1,0,0,1,0,10,1,0,1,0,880.75
function@initial_..omp_par.1,1,0,0,1,0,10,1,0,1,0,880.75
function@initial_..omp_par,0,0,0,0,0,8,0,0,0,0,48.5
function@lubksb_,0,0,0,0,0,6,0,0,0,0,40.55
function@_QMran_statePran_init,0,0,0,0,0,3,0,0,0,0,3
function@_QMran_statePran_seed,0,0,0,0,0,3,0,0,0,0,3
function@_QMmod_gridPallocate_grid,32,0,0,7,0,56,32,0,7,0,55
function@_QMmod_gridPinitialize_grid,0,0,0,0,0,10,0,0,0,0,664.4
function@_QMpre_step3d_modPpre_step3d,0,0,0,0,0,8,0,0,0,0,8
function@_QMpre_step3d_modPpre_step3d_tile,1470,18,0,395,0,322,983429,4083.88,29927.8,0,701002
function@checkdefs_,0,0,0,0,0,378,0,0,0,0,1791.88
function@_QQmain,0,0,0,0,0,8,0,0,0,0,8
function@checkvars_,63,0,0,12,0,307,162.53,0,13.9062,0,1098.39
function@get_2dfld_,114,0,0,39,0,243,35.4714,0,20.7676,0,217.289
function@_QMnf_fread3d_modPnf_fread3d,29,0,0,13,0,48,9.7801,0,12.4991,0,119.794
function@gasdev_s_,0,0,0,0,0,2,0,0,0,0,1.5
function@gasdev_v_,54,0,0,28,0,56,284.491,0,73.055,0,629.291
function@def_dim_,0,0,0,0,0,34,0,0,0,0,21.8824
function@inp_par_,2,0,0,1,0,72,0.688525,0,0.5,0,21.1639
function@read_phypar_,352,0,0,11,0,1952,6.6551,0,8.089,0,325.556
function@decode_line_,21,0,0,13,0,66,13.4694,0,3.84694,0,61.6939
function@load_i1_,0,0,0,0,0,0,0,0,0,0,0
function@load_l1_,0,0,0,0,0,2,0,0,0,0,2
function@load_r1_,0,0,0,0,0,0,0,0,0,0,0
function@load_i_,0,0,0,0,0,8,0,0,0,0,2.01471
function@load_l_,1,0,0,1,0,27,0.309524,0,0.309524,0,149.119
function@load_r_,0,0,0,0,0,8,0,0,0,0,2.16667
function@get_varcoords_,70,0,0,14,0,89,9.26038,0,10.4983,0,61.4411
function@_QMexchange_2d_modPexchange_p2d_tile,0,0,0,0,0,3,0,0,0,0,1.31373
function@_QMexchange_2d_modPexchange_r2d_tile,0,0,0,0,0,3,0,0,0,0,1.31373
function@_QMexchange_2d_modPexchange_u2d_tile,0,0,0,0,0,3,0,0,0,0,1.31373
function@_QMexchange_2d_modPexchange_v2d_tile,0,0,0,0,0,3,0,0,0,0,1.31373
function@_QMshapiro_modPshapiro2d_tile,10,0,0,9,0,60,3.41758,0,3,0,323.055
function@_QMshapiro_modPshapiro3d_tile,55,5,0,25,0,31,1654.92,217.417,57.8333,0,5693.42
function@set_ngfld_,3,0,0,2,0,47,2,0,2,0,45.1239
function@_QMuv3dmix_modPuv3dmix2,0,0,0,0,0,8,0,0,0,0,8
function@_QMuv3dmix_modPuv3dmix2_tile,379,4,0,188,0,68,333272,141.417,7860.17,0,147775
function@_QMocean_control_modProms_initialize,0,0,0,0,0,14,0,0,0,0,10.0484
function@_QMocean_control_modProms_initialize..omp_par,0,0,0,0,0,8,0,0,0,0,48.5
function@_QMocean_control_modProms_run,0,0,0,0,0,10,0,0,0,0,10
function@_QMocean_control_modProms_finalize,0,0,0,0,0,8,0,0,0,0,8
function@_QMocean_control_modProms_finalize..omp_par,0,0,0,0,0,8,0,0,0,0,48.5
function@_QMstep2d_modPstep2d,181,0,0,180,0,5,181,0,180,0,5
function@_QMstep2d_modPstep2d_tile,2207,28,0,521,0,558,13493.6,36.5434,385.399,0,7510.07
function@_QMmod_forcesPallocate_forces,10,0,0,5,0,22,10,0,5,0,21
function@_QMmod_forcesPinitialize_forces,0,0,0,0,0,2,0,0,0,0,12.75
function@_QMnf_fwrite2d_modPnf_fwrite2d,1,0,0,1,0,35,0.388889,0,1,0,34.5
function@_QMu3dbc_modPu3dbc,0,0,0,0,0,1,0,0,0,0,1
function@_QMu3dbc_modPu3dbc_tile,0,0,0,0,0,12,0,0,0,0,37.7778
function@def_his_,184,0,0,16,0,591,16.4522,0,1.46095,0,204.54
function@_QMmetrics_modPmetrics,18,0,0,18,0,0,18,0,18,0,0
function@_QMmetrics_modPmetrics_tile,791,6,0,306,0,367,4182.31,7.84615,606.877,0,902.385
function@_QMt3dbc_modPt3dbc,0,0,0,0,0,3,0,0,0,0,3
function@_QMt3dbc_modPt3dbc_tile,0,0,0,0,0,12,0,0,0,0,37.7778
function@set_weights_,0,0,0,0,0,63,0,0,0,0,3699.74
function@_QMnf_fwrite4d_modPnf_fwrite4d,36,0,0,22,0,36,948.986,0,34.6667,0,6477.54
function@_QMwvelocity_modPwvelocity,2,0,0,2,0,3,2,0,2,0,3
function@_QMwvelocity_modPwvelocity_tile,458,6,0,154,0,61,30926.1,284,944.095,0,22321.5
function@_QMbulk_flux_modPbulk_flux,9,0,0,9,0,5,9,0,9,0,5
function@_QMbulk_flux_modPbulk_flux_tile,597,2,0,260,0,234,251582,6.24719,40182.1,0,138560
function@_QMbulk_flux_modPbulk_psiu,0,0,0,0,0,12,0,0,0,0,6.5
function@_QMbulk_flux_modPbulk_psit,0,0,0,0,0,10,0,0,0,0,5.5
function@_QMnf_fwrite3d_modPnf_fwrite3d,6,0,0,5,0,34,2.64423,0,5,0,359.865
function@get_state_,58,0,0,7,0,344,0.888166,0,1.48825,0,32.0892
function@_QMutility_modPnrng,9,2,0,9,1,10,2.8489,0.935897,1.94048,0.467949,8.56227
function@_QMutility_modPurng,0,0,0,0,0,0,0,0,0,0,0
function@checkadj_,0,0,0,0,0,86,0,0,0,0,70
function@_QManalytical_modPana_btflux,0,0,0,0,0,2,0,0,0,0,2
function@_QManalytical_modPana_btflux_tile,0,0,0,0,0,13,0,0,0,0,26.0552
function@_QManalytical_modPana_cloud,0,0,0,0,0,2,0,0,0,0,2
function@_QManalytical_modPana_cloud_tile,0,0,0,0,0,17,0,0,0,0,55.9
function@_QManalytical_modPana_grid,17,0,0,17,0,1,17,0,17,0,1
function@_QManalytical_modPana_grid_tile,338,2,0,163,0,179,1795.75,2.775,347.975,0,1821.67
function@_QManalytical_modPana_humid,0,0,0,0,0,2,0,0,0,0,2
function@_QManalytical_modPana_humid_tile,0,0,0,0,0,17,0,0,0,0,55.9
function@_QManalytical_modPana_initial,0,0,0,0,0,2,0,0,0,0,1.5
function@_QManalytical_modPana_nlminitial_tile,98,0,0,37,0,68,11528.2,0,570.625,0,34849
function@_QManalytical_modPana_pair,0,0,0,0,0,2,0,0,0,0,2
function@_QManalytical_modPana_pair_tile,0,0,0,0,0,17,0,0,0,0,55.9
function@_QManalytical_modPana_rain,0,0,0,0,0,2,0,0,0,0,2
function@_QManalytical_modPana_rain_tile,0,0,0,0,0,17,0,0,0,0,55.9
function@_QManalytical_modPana_srflux,0,0,0,0,0,2,0,0,0,0,2
function@_QManalytical_modPana_srflux_tile,71,0,0,49,0,6,3633.93,0,79.875,0,206.85
function@_QManalytical_modPana_stflux,0,0,0,0,0,2,0,0,0,0,2
function@_QManalytical_modPana_stflux_tile,0,0,0,0,0,19,0,0,0,0,32.0552
function@_QManalytical_modPana_tair,0,0,0,0,0,2,0,0,0,0,2
function@_QManalytical_modPana_tair_tile,0,0,0,0,0,17,0,0,0,0,55.9
function@_QManalytical_modPana_winds,0,0,0,0,0,2,0,0,0,0,2
function@_QManalytical_modPana_winds_tile,51,1,0,31,0,15,1033.3,1.575,141.875,0,396.175
function@_QMbc_bry3d_modPbc_r3d_bry_tile,0,0,0,0,0,0,0,0,0,0,0
function@_QMbc_bry3d_modPbc_u3d_bry_tile,0,0,0,0,0,0,0,0,0,0,0
function@_QMbc_bry3d_modPbc_v3d_bry_tile,0,0,0,0,0,0,0,0,0,0,0
function@get_data_,0,0,0,0,0,5,0,0,0,0,5
function@_QMstep3d_t_modPstep3d_t,0,0,0,0,0,8,0,0,0,0,8
function@_QMstep3d_t_modPstep3d_t_tile,701,11,0,202,0,160,1.22159e+06,6909.88,39008.9,0,982605
function@_QMmod_netcdfPnetcdf_get_dim,0,0,0,0,0,8,0,0,0,0,8
function@_QMmod_netcdfPnetcdf_check_dim,0,0,0,0,0,8,0,0,0,0,8
function@_QMmod_netcdfPnetcdf_check_var,0,0,0,0,0,8,0,0,0,0,8
function@_QMmod_netcdfPnetcdf_inq_var,0,0,0,0,0,8,0,0,0,0,8
function@_QMmod_netcdfPnetcdf_inq_varid,0,0,0,0,0,8,0,0,0,0,8
function@_QMmod_netcdfPnetcdf_get_fatt,0,0,0,0,0,8,0,0,0,0,8
function@_QMmod_netcdfPnetcdf_get_fvar_0d,0,0,0,0,0,8,0,0,0,0,8
function@_QMmod_netcdfPnetcdf_get_fvar_1d,0,0,0,0,0,8,0,0,0,0,8
function@_QMmod_netcdfPnetcdf_get_fvar_2d,0,0,0,0,0,8,0,0,0,0,8
function@_QMmod_netcdfPnetcdf_get_fvar_3d,0,0,0,0,0,8,0,0,0,0,8
function@_QMmod_netcdfPnetcdf_get_fvar_4d,0,0,0,0,0,8,0,0,0,0,8
function@_QMmod_netcdfPnetcdf_get_ivar_0d,0,0,0,0,0,8,0,0,0,0,8
function@_QMmod_netcdfPnetcdf_get_ivar_1d,0,0,0,0,0,8,0,0,0,0,8
function@_QMmod_netcdfPnetcdf_get_ivar_2d,0,0,0,0,0,8,0,0,0,0,8
function@_QMmod_netcdfPnetcdf_get_svar_0d,0,0,0,0,0,8,0,0,0,0,8
function@_QMmod_netcdfPnetcdf_get_svar_1d,0,0,0,0,0,8,0,0,0,0,8
function@_QMmod_netcdfPnetcdf_put_fvar_0d,0,0,0,0,0,8,0,0,0,0,8
function@_QMmod_netcdfPnetcdf_put_fvar_1d,0,0,0,0,0,8,0,0,0,0,8
function@_QMmod_netcdfPnetcdf_put_fvar_2d,0,0,0,0,0,8,0,0,0,0,8
function@_QMmod_netcdfPnetcdf_put_fvar_3d,0,0,0,0,0,8,0,0,0,0,8
function@_QMmod_netcdfPnetcdf_put_fvar_4d,0,0,0,0,0,8,0,0,0,0,8
function@_QMmod_netcdfPnetcdf_put_ivar_0d,0,0,0,0,0,8,0,0,0,0,8
function@_QMmod_netcdfPnetcdf_put_ivar_1d,0,0,0,0,0,8,0,0,0,0,8
function@_QMmod_netcdfPnetcdf_put_ivar_2d,0,0,0,0,0,8,0,0,0,0,8
function@_QMmod_netcdfPnetcdf_put_lvar_0d,0,0,0,0,0,8,0,0,0,0,8
function@_QMmod_netcdfPnetcdf_put_lvar_1d,0,0,0,0,0,8,0,0,0,0,8
function@_QMmod_netcdfPnetcdf_put_lvar_2d,0,0,0,0,0,8,0,0,0,0,8
function@_QMmod_netcdfPnetcdf_put_svar_0d,0,0,0,0,0,8,0,0,0,0,8
function@_QMmod_netcdfPnetcdf_put_svar_1d,0,0,0,0,0,8,0,0,0,0,8
function@_QMmod_netcdfPnetcdf_close,0,0,0,0,0,8,0,0,0,0,8
function@_QMmod_netcdfPnetcdf_create,0,0,0,0,0,8,0,0,0,0,8
function@_QMmod_netcdfPnetcdf_enddef,0,0,0,0,0,8,0,0,0,0,8
function@_QMmod_netcdfPnetcdf_open,0,0,0,0,0,8,0,0,0,0,8
function@_QMmod_netcdfPnetcdf_redef,0,0,0,0,0,8,0,0,0,0,8
function@_QMmod_netcdfPnetcdf_sync,0,0,0,0,0,8,0,0,0,0,8
function@_QMlmd_skpp_modPlmd_skpp,0,0,0,0,0,0,0,0,0,0,0
function@_QMlmd_skpp_modPlmd_skpp_tile,1570,7,0,382,0,269,362363,137.692,13165.1,0,34402.9
function@_QMnf_fread4d_modPnf_fread4d,62,0,0,34,0,36,705.951,0,28.5122,0,2008.55
function@wclock_on_,0,0,0,0,0,15,0,0,0,0,14.381
function@wclock_off_,0,0,0,0,0,14,0,0,0,0,14
function@mod_arrays_,0,0,0,0,0,9,0,0,0,0,9
function@mod_arrays_..omp_par,0,0,0,0,0,9,0,0,0,0,28.5833
function@_QMinterpolate_modPlinterp2d,0,0,0,0,0,0,0,0,0,0,0
function@_QMinterpolate_modPcinterp2d,11,0,0,11,0,6,977.75,0,49.5,0,1279.5
function@_QMinterpolate_modPhindices,71,1,0,39,0,38,7006.97,8.02941,831.177,0,6612.56
function@_QMinterpolate_modPtry_range,31,0,0,17,0,64,5.77808,0,4.81319,0,10.9887
function@_QMinterpolate_modPinside,0,0,0,0,0,8,0,0,0,0,58.2209
function@_QMbc_3d_modPbc_r3d_tile,6,0,0,4,0,20,4.98765,0,4,0,37.679
function@_QMbc_3d_modPbc_u3d_tile,0,0,0,0,0,9,0,0,0,0,25.284
function@_QMbc_3d_modPbc_v3d_tile,1,0,0,1,0,26,1,0,1,0,50.4691
function@_QMbc_3d_modPbc_w3d_tile,6,0,0,4,0,20,4.98765,0,4,0,37.679
function@wrt_his_,47,0,0,10,0,267,2.21859,0,0.618164,0,30.4287
function@_QMmod_couplingPallocate_coupling,5,0,0,5,0,15,5,0,5,0,14
function@_QMmod_couplingPinitialize_coupling,0,0,0,0,0,2,0,0,0,0,12.75
function@_QMnf_fwrite2d_bry_modPnf_fwrite2d_bry,17,0,0,9,0,38,195,0,6.71429,0,716.095
function@_QMwhite_noise_modPwhite_noise1d,0,0,0,0,0,43,0,0,0,0,18.5537
function@_QMwhite_noise_modPwhite_noise2d,6,0,0,4,0,30,2.65263,0,4,0,44.1789
function@_QMwhite_noise_modPwhite_noise2d_bry,3,0,0,1,0,39,0.662866,0,1,0,16.4723
function@_QMwhite_noise_modPwhite_noise3d,12,0,0,8,0,33,4.35526,0,5.98684,0,350.829
function@_QMwhite_noise_modPwhite_noise3d_bry,8,0,0,4,0,37,2.61842,0,3.32895,0,32.2763
function@get_ngfld_,84,0,0,33,0,206,28.6765,0,14.3432,0,139.063
function@regrid_,50,0,0,29,0,54,16.5053,0,21.4211,0,67.3684
function@_QMv3dbc_modPv3dbc,0,0,0,0,0,1,0,0,0,0,1
function@_QMv3dbc_modPv3dbc_tile,0,0,0,0,0,12,0,0,0,0,37.7778
function@_QMstate_dotprod_modPstate_dotprod,60,0,0,24,0,43,456.875,0,20.9,0,11388.4
function@get_bounds_,0,0,0,0,0,13,0,0,0,0,13
function@get_domain_,18,0,0,5,0,29,4.48824,0,5,0,29
function@get_iobounds_,0,0,0,0,0,0,0,0,0,0,0
function@get_tile_,0,0,0,0,0,0,0,0,0,0,0
function@tile_bounds_1d_,0,0,0,0,0,0,0,0,0,0,0
function@tile_bounds_2d_,0,0,0,0,0,0,0,0,0,0,0
function@var_bounds_,0,0,0,0,0,0,0,0,0,0,0
function@_QMset_massflux_modPset_massflux,7,0,0,7,0,4,7,0,7,0,4
function@_QMset_massflux_modPset_massflux_tile,56,0,0,25,0,30,1095.43,0,48.3333,0,1541.43
function@_QMzetabc_modPzetabc,0,0,0,0,0,1,0,0,0,0,1
function@_QMzetabc_modPzetabc_tile,0,0,0,0,0,2,0,0,0,0,0.313726
function@_QMbc_2d_modPbc_r2d_tile,0,0,0,0,0,10,0,0,0,0,0.493888
function@_QMbc_2d_modPbc_u2d_tile,0,0,0,0,0,3,0,0,0,0,1.31373
function@_QMbc_2d_modPbc_v2d_tile,0,0,0,0,0,14,0,0,0,0,0.784314
function@_QMnf_fread2d_modPnf_fread2d,168,0,0,93,0,96,10.8656,0,15.0741,0,21.2783
function@_QMv2dbc_modPv2dbc,0,0,0,0,0,1,0,0,0,0,1
function@_QMv2dbc_modPv2dbc_tile,0,0,0,0,0,2,0,0,0,0,0.313726
function@_QMrhs3d_modPrhs3d,0,0,0,0,0,16,0,0,0,0,16
function@_QMrhs3d_modPrhs3d_tile,1266,24,0,325,0,275,129333,688,2812.62,0,22428.6
function@def_rst_,0,0,0,0,0,3,0,0,0,0,3
function@_QMmod_paramPinitialize_param,0,0,0,0,0,0,0,0,0,0,0
function@_QMset_2dfld_modPset_2dfld_tile,15,1,0,8,0,90,2.24742,0.182131,4.41924,0,53.1168
function@_QMrho_eos_modPrho_eos,6,0,0,6,0,4,6,0,6,0,4
function@_QMrho_eos_modPrho_eos_tile,640,7,0,210,0,189,625560,228.381,50934.7,0,160246
function@_QMstiffness_modPstiffness,0,0,0,0,0,0,0,0,0,0,0
function@_QMstiffness_modPstiffness_tile,14,0,0,9,0,73,7.80734,0,6.57798,0,21397.4
function@_QMprsgrd_modPprsgrd,0,0,0,0,0,8,0,0,0,0,8
function@_QMprsgrd_modPprsgrd_tile,431,7,0,154,0,104,99929.8,272.583,2823.08,0,94697.7
function@_QMu2dbc_modPu2dbc,0,0,0,0,0,1,0,0,0,0,1
function@_QMu2dbc_modPu2dbc_tile,0,0,0,0,0,3,0,0,0,0,1.31373
function@def_info_,623,0,0,46,0,461,12.1499,0,8.3291,0,334.466
function@_QMstate_scale_modPstate_scale,6,0,0,2,0,42,17.7385,0,2,0,14618.8
function@_QMmod_ncparamPinitialize_ncparam,12,0,0,22,0,619,141.781,0,89.7655,0,4214.1
function@_QMmod_scalarsPinitialize_scalars,0,0,0,0,0,25,0,0,0,0,17.6863
function@_QMnf_fread2d_bry_modPnf_fread2d_bry,6,0,0,6,0,39,5.49541,0,6,0,477.532
function@_QMstate_addition_modPstate_addition,63,0,0,34,0,20,1237.2,0,157.4,0,14387.1
function@wrt_rst_,6,0,0,2,0,150,0.518314,0,0.501158,0,15.8095
function@_QMomega_modPomega,0,0,0,0,0,8,0,0,0,0,8
function@_QMomega_modPomega_tile,121,4,0,35,0,50,3825.86,69.3333,85.0952,0,6600.48
function@_QMomega_modPscale_omega,12,0,0,8,0,15,47.1538,0,13.6769,0,960.954
function@_QMextract_sta_modPextract_sta2d,10,0,0,3,0,30,2.19608,0,3,0,36.3333
function@_QMextract_sta_modPextract_sta3d,141,0,0,49,0,100,80.277,0,10.5822,0,87.5446
function@checkerror_,0,0,0,0,0,43,0,0,0,0,31.619
function@output_,0,0,0,0,0,24,0,0,0,0,16.1718
function@_QMexchange_3d_modPexchange_p3d_tile,0,0,0,0,0,10,0,0,0,0,25.3827
function@_QMexchange_3d_modPexchange_r3d_tile,0,0,0,0,0,10,0,0,0,0,25.3827
function@_QMexchange_3d_modPexchange_u3d_tile,0,0,0,0,0,10,0,0,0,0,25.3827
function@_QMexchange_3d_modPexchange_v3d_tile,0,0,0,0,0,10,0,0,0,0,25.3827
function@_QMexchange_3d_modPexchange_w3d_tile,0,0,0,0,0,10,0,0,0,0,25.3827
function@get_date_,0,0,0,0,0,4,0,0,0,0,4
function@day_code_,0,0,0,0,0,4,0,0,0,0,1.32
function@caldate_,0,0,0,0,0,24,0,0,0,0,9.21765
function@ref_att_,0,0,0,0,0,30,0,0,0,0,30
function@time_string_,0,0,0,0,0,12,0,0,0,0,12
function@_QMset_vbc_modPset_vbc,0,0,0,0,0,8,0,0,0,0,8
function@_QMset_vbc_modPset_vbc_tile,51,0,0,24,0,28,92.2,0,18.4,0,108.9
function@_QMset_depth_modPset_depth,0,0,0,0,0,0,0,0,0,0,0
function@_QMset_depth_modPset_depth_tile,188,3,0,86,0,62,4485.24,11.5263,508.842,0,2059.42
function@_QMstate_product_modPstate_product,100,3,0,49,0,51,13342.9,883.125,199,0,21989.8
function@_QMstrings_modPfind_string,3,0,0,3,0,12,20.6154,0,2.61538,0,83.8846
function@_QMstrings_modPlowercase,0,0,0,0,0,10,0,0,0,0,47.5
function@_QMstrings_modPuppercase,0,0,0,0,0,10,0,0,0,0,47.5
function@_QMstep3d_uv_modPstep3d_uv,19,0,0,19,0,5,19,0,19,0,5
function@_QMstep3d_uv_modPstep3d_uv_tile,1516,31,0,351,0,132,94791.8,589.417,9120.33,0,27389.2
function@ludcmp_,0,0,0,0,0,22,0,0,0,0,363.525
function@_QMstate_copy_modPstate_copy,48,0,0,27,0,31,665.425,0,41.575,0,15010.9
function@ran1_s_,0,0,0,0,0,3,0,0,0,0,3
function@ran1_v_,0,0,0,0,0,3,0,0,0,0,3
function@_QMmod_parallelPinitialize_parallel,0,0,0,0,0,13,0,0,0,0,13
function@main3d_,0,0,0,0,0,22,0,0,0,0,12.4922
function@main3d_..omp_par.13,1,0,0,1,0,9,1,0,1,0,454.167
function@main3d_..omp_par.12,1,0,0,1,0,9,1,0,1,0,283.5
function@main3d_..omp_par.11,1,0,0,1,0,9,1,0,1,0,283.5
function@main3d_..omp_par.10,1,0,0,1,0,9,1,0,1,0,454.167
function@main3d_..omp_par.9,1,0,0,1,0,9,1,0,1,0,283.5
function@main3d_..omp_par.8,1,0,0,1,0,9,1,0,1,0,283.5
function@main3d_..omp_par.7,1,0,0,1,0,9,1,0,1,0,283.5
function@main3d_..omp_par.6,1,0,0,1,0,9,1,0,1,0,454.167
function@main3d_..omp_par.5,1,0,0,1,0,11,1,0,1,0,795.333
function@main3d_..omp_par.4,1,0,0,1,0,10,1,0,1,0,880.75
function@main3d_..omp_par.3,1,0,0,1,0,11,1,0,1,0,1307.33
function@main3d_..omp_par.2,1,0,0,1,0,10,1,0,1,0,539.417
function@main3d_..omp_par.1,1,0,0,1,0,10,1,0,1,0,880.75
function@main3d_..omp_par,1,0,0,1,0,9,1,0,1,0,454.167
function@_QMbc_bry2d_modPbc_r2d_bry_tile,0,0,0,0,0,0,0,0,0,0,0
function@_QMbc_bry2d_modPbc_u2d_bry_tile,0,0,0,0,0,0,0,0,0,0,0
function@_QMbc_bry2d_modPbc_v2d_bry_tile,0,0,0,0,0,0,0,0,0,0,0
function@_QMmod_oceanPallocate_ocean,22,0,0,15,0,30,22,0,15,0,29
function@_QMmod_oceanPinitialize_ocean,1,0,0,1,0,17,10.2,0,10.2,0,8575.8
