Comando: /home/mpvreal/Code/Faculdade/tcc/llvm/build/bin/llc --march=x86-64 --regalloc=basic -o -
Heurística: div(cost,pow(degree,2))
function@_Z8clear_ttv,0,0,0,0,0,0,0,0,0,0,0
function@_Z11clear_dp_ttv,0,0,0,0,0,0,0,0,0,0,0
function@_Z18initialize_zobristP7state_t,0,0,0,0,0,15,0,0,0,0,447.25
function@_Z15initialize_hashP7state_t,0,0,0,0,0,0,0,0,0,0,0
function@_Z7StoreTTP7state_tiiijiiii,1,1,0,2,0,12,0.75,0.375,2,0,6.625
function@_Z7ProbeTTP7state_tPiiiPjS1_S1_S1_S1_i,0,0,0,0,0,7,0,0,0,0,6.94118
function@_Z10alloc_hashv,0,0,0,0,0,4,0,0,0,0,4
function@_Z9free_hashv,0,0,0,0,0,0,0,0,0,0,0
function@_Z4makeP7state_ti,23,11,0,22,0,18,9.73778,7.2671,11.2997,0,11.2671
function@_Z6unmakeP7state_ti,0,0,0,0,0,8,0,0,0,0,5.52941
function@_Z14setup_epd_lineP11gamestate_tP7state_tPKc,98,6,0,10,13,6,50.0938,77.3359,11.0312,23.8906,60.4844
function@_Z14check_solutionP7state_tPci,0,0,0,0,0,9,0,0,0,0,7.23438
function@_Z17run_epd_testsuiteP11gamestate_tP7state_tPKc,0,0,0,0,0,22,0,0,0,0,186.5
function@_Z15position_to_fenP7state_tPc,0,0,0,0,0,4,0,0,0,0,3.24706
function@_Z13clear_pawn_ttv,0,0,0,0,0,0,0,0,0,0,0
function@_Z5scaleiii,0,0,0,0,0,0,0,0,0,0,0
function@_Z16static_pawn_evalP7state_t,162,28,0,37,13,31,244.375,69.6191,72.3822,52.8711,138.65
function@_Z7qsearchP7state_tiiii,82,39,0,56,16,54,3.46639,5.44472,6.92465,0.674185,14.6846
function@_ZL17search_time_checkP7state_t,0,0,0,0,0,11,0,0,0,0,1.26216
function@_ZL16fast_order_movesP7state_tPiS1_ij,8,0,0,1,0,10,10.5882,0,1,0,61.3088
function@_ZL15remove_one_fastPiS_S_i,0,0,0,0,0,9,0,0,0,0,9.74118
function@_Z6searchP7state_tiiiii,135,110,0,131,80,167,0.868015,0.676574,0.653107,0.510358,8.79712
function@_ZL11order_movesP7state_tPiS1_ij,24,8,0,17,2,19,66.0833,39.2708,12.7292,1.5,66.8333
function@_ZL12history_goodP7state_tii,0,0,0,0,0,6,0,0,0,0,5
function@_Z14rootmovesearchP7state_tiiiii,0,0,0,0,0,0,0,0,0,0,0
function@_Z11search_rootP7state_tiii,66,30,0,30,19,52,92.3262,89.9529,59.2679,32.9652,145.755
function@_Z21reset_search_countersP7state_t,0,0,0,0,0,0,0,0,0,0,0
function@_Z17reset_search_dataP7state_t,0,0,0,0,0,3,0,0,0,0,2.66667
function@_Z5thinkP11gamestate_tP7state_t,11,7,0,13,1,58,9.07866,2.06195,9.97156,0.429688,118.048
function@_Z8PopCounty,0,0,0,0,0,0,0,0,0,0,0
function@_Z9FindFirsty,0,0,0,0,0,0,0,0,0,0,0
function@_Z15FindFirstRemovePy,0,0,0,0,0,2,0,0,0,0,2
function@_Z8FindLasty,0,0,0,0,0,2,0,0,0,0,2
function@_Z13ThickPopCounty,0,0,0,0,0,0,0,0,0,0,0
function@_Z5fevalP7state_tiP12t_eval_comps,296,72,0,85,33,78,2013.63,318.75,530.812,17.625,1012.94
function@_Z4evalP7state_tiii,5,1,0,2,0,19,3.61618,0.890137,1.78027,0,15.0126
function@_Z13retrieve_evalP7state_t,0,0,0,0,0,1,0,0,0,0,1
function@_Z4ranki,0,0,0,0,0,0,0,0,0,0,0
function@_Z4filei,0,0,0,0,0,0,0,0,0,0,0
function@_Z8sum_distii,0,0,0,0,0,4,0,0,0,0,4
function@_Z12taxicab_distii,0,0,0,0,0,4,0,0,0,0,4
function@_Z16taxicab_dist_bitii,0,0,0,0,0,4,0,0,0,0,4
function@_Z11check_phaseP11gamestate_tP7state_t,3,1,0,1,3,5,1,0.640137,1,2.66667,27.6667
function@_Z11check_legalP7state_ti,0,0,0,0,0,10,0,0,0,0,91.6562
function@_Z20check_castle_blockerP7state_ti,0,0,0,0,0,6,0,0,0,0,2.19528
function@_Z3seeP7state_tiiii,15,7,0,11,3,17,73.3964,29.8159,9.5,21.1073,121.312
function@_Z9gen_quietP7state_tPi,6,6,0,3,1,28,3.625,62,3,1,1465
function@_Z11add_capturePiiiiii,0,0,0,0,0,0,0,0,0,0,0
function@_Z8add_movePiiii,0,0,0,0,0,0,0,0,0,0,0
function@_Z15add_king_castlePiiii,0,0,0,0,0,0,0,0,0,0,0
function@_Z3genP7state_tPi,6,4,0,3,1,37,3.625,61,3,1,1532.15
function@_Z12gen_capturesP7state_tPi,6,7,0,3,0,32,2.625,62.625,2,0,1550.3
function@_Z15gen_good_checksP7state_tPi,7,6,0,5,1,20,25.625,101,5,1,3782
function@_Z16gen_check_blocksP7state_tPii,4,1,0,1,0,23,1.625,0.999999,1,0,1394.5
function@_Z12gen_evasionsP7state_tPii,0,0,0,0,0,12,0,0,0,0,29.125
function@_Z8psq_evalP7state_tP12t_eval_comps,0,0,0,0,0,1,0,0,0,0,1
function@_Z14init_psq_scoreP7state_t,0,0,0,0,0,2,0,0,0,0,21
function@_Z18preprocess_preparev,0,0,0,0,0,0,0,0,0,0,0
function@_Z13PrintBitboardy,0,0,0,0,0,2,0,0,0,0,32.875
function@_Z17PrintRotBitboardsP7state_t,0,0,0,0,0,2,0,0,0,0,32.875
function@_Z17PrintAllBitboardsP7state_t,0,0,0,0,0,14,0,0,0,0,415.375
function@_Z22SetupPrecalculatedDatav,31,67,0,23,4,110,837,1834,519,128,3335.21
function@_Z16SetupCastleMasksP7state_t,0,0,0,0,0,0,0,0,0,0,0
function@_Z11RankAttacksyj,0,0,0,0,0,2,0,0,0,0,2
function@_Z11FileAttacksyj,0,0,0,0,0,3,0,0,0,0,3
function@_Z15DiagonalAttacksyj,0,0,0,0,0,1,0,0,0,0,1
function@_Z15AntiDiagAttacksyj,0,0,0,0,0,1,0,0,0,0,1
function@_Z13BishopAttacksP7state_ti,0,0,0,0,0,2,0,0,0,0,2
function@_Z11RookAttacksP7state_ti,0,0,0,0,0,6,0,0,0,0,6
function@_Z12elo_to_depthi,0,0,0,0,0,0,0,0,0,0,0
function@_Z14elo_to_blunderi,0,0,0,0,0,0,0,0,0,0,0
function@_Z12compact_movei,0,0,0,0,0,3,0,0,0,0,3
function@_Z4logLi,0,0,0,0,0,3,0,0,0,0,17.4375
function@_Z14dumpsearchstatP7state_t,0,0,0,0,0,0,0,0,0,0,0
function@_Z13allocate_timeP11gamestate_ti,0,0,0,0,0,5,0,0,0,0,0.897059
function@_Z11comp_to_sanP7state_tiPc,39,5,0,7,2,32,10.6797,2.75472,6.07812,0.514633,33.0923
function@_Z13comp_to_coordP7state_tiPc,19,0,0,3,0,16,2.31288,0,2.25153,0,10.2577
function@_Z13display_boardP7state_ti,0,0,0,0,0,4,0,0,0,0,33.875
function@_Z8myprintfPKcz,0,0,0,0,0,6,0,0,0,0,3.79688
function@_Z9init_gameP11gamestate_tP7state_t,0,0,0,0,0,3,0,0,0,0,3
function@_Z18reset_piece_squareP7state_t,0,0,0,0,0,0,0,0,0,0,0
function@_Z7is_movePc,0,0,0,0,0,1,0,0,0,0,1
function@_Z20extract_current_pathP7state_t,0,0,0,0,0,10,0,0,0,0,81
function@_Z19extract_ponder_moveP7state_t,0,0,0,0,0,16,0,0,0,0,36.4062
function@_Z24extract_current_bestlineP7state_t,0,0,0,0,0,3,0,0,0,0,3
function@_ZL15hash_extract_pvP7state_tiPc,0,0,0,0,0,24,0,0,0,0,29.7741
function@_Z12stringize_pvP7state_tPc,0,0,0,0,0,1,0,0,0,0,1
function@_Z13post_thinkingP7state_tiiPci,0,0,0,0,0,30,0,0,0,0,11.5625
function@_Z9rdifftimeii,0,0,0,0,0,0,0,0,0,0,0
function@_Z5rtimev,0,0,0,0,0,0,0,0,0,0,0
function@_Z16post_fh_thinkingP7state_tiiPci,0,0,0,0,0,25,0,0,0,0,9.6875
function@_Z16post_fl_thinkingP7state_tiiPci,0,0,0,0,0,21,0,0,0,0,8.0625
function@_Z21post_multipv_thinkingP7state_tiii,6,2,0,4,2,37,17.75,0.75,1.5,16,685.5
function@_Z6rinputPciP8_IO_FILE,0,0,0,0,0,16,0,0,0,0,52.2109
function@_Z8start_upv,0,0,0,0,0,0,0,0,0,0,0
function@_Z12verify_coordP7state_tPcPi,1,0,0,1,0,11,4.6875,0,1,0,106.5
function@_Z17input_causes_stopv,0,0,0,0,0,16,0,0,0,0,3.76897
function@_Z9interruptv,0,0,0,0,0,0,0,0,0,0,0
function@_Z11reset_boardP7state_t,0,0,0,0,0,0,0,0,0,0,0
function@_Z15make_text_movesP11gamestate_tP7state_tPc,1,0,0,1,0,12,6.45616,0,0.625,0,56.9471
function@_Z8myrandomv,0,0,0,0,0,2,0,0,0,0,2
function@_Z7mysrandj,0,0,0,0,0,0,0,0,0,0,0
function@main,0,0,0,0,0,9,0,0,0,0,9
function@_Z7is_drawP11gamestate_tP7state_t,0,0,0,0,0,7,0,0,0,0,5.48295
function@_Z21insufficient_materialP7state_t,0,0,0,0,0,0,0,0,0,0,0
function@_Z11is_attackedP7state_tii,0,0,0,0,0,23,0,0,0,0,3.22692
function@_Z8in_checkP7state_t,0,0,0,0,0,0,0,0,0,0,0
function@_Z10attacks_toP7state_ti,4,1,0,2,1,7,2.47619,1,2,1,5.47619
function@_Z14drawn_endgamesP7state_tiii,41,22,0,7,1,96,1.05846,3.6065,4.07225,0.00199909,8.19773
function@_Z15init_parametersP11gamestate_t,0,0,0,0,0,0,0,0,0,0,0
