Comando: /home/mpvreal/Code/Faculdade/tcc/llvm/build/bin/llc --march=x86-64 --regalloc=greedy -o -
Heurística: div(cost,pow(degree,2))
function@_Z8clear_ttv,0,0,0,0,0,0,0,0,0,0,0
function@_Z11clear_dp_ttv,0,0,0,0,0,0,0,0,0,0,0
function@_Z18initialize_zobristP7state_t,0,0,0,0,0,15,0,0,0,0,447.25
function@_Z15initialize_hashP7state_t,0,0,0,0,0,0,0,0,0,0,0
function@_Z7StoreTTP7state_tiiijiiii,1,1,0,2,0,9,0.75,0.375,2,0,3.625
function@_Z7ProbeTTP7state_tPiiiPjS1_S1_S1_S1_i,0,0,0,0,0,2,0,0,0,0,1.94118
function@_Z10alloc_hashv,0,0,0,0,0,4,0,0,0,0,4
function@_Z9free_hashv,0,0,0,0,0,0,0,0,0,0,0
function@_Z4makeP7state_ti,8,0,0,5,0,16,3.53909,0,5,0,9.2671
function@_Z6unmakeP7state_ti,0,0,0,0,0,7,0,0,0,0,4.52941
function@_Z14setup_epd_lineP11gamestate_tP7state_tPKc,47,2,0,14,10,11,21,3.25,14.4219,6,65.4844
function@_Z14check_solutionP7state_tPci,0,0,0,0,0,9,0,0,0,0,7.23438
function@_Z17run_epd_testsuiteP11gamestate_tP7state_tPKc,0,0,0,0,0,22,0,0,0,0,186.5
function@_Z15position_to_fenP7state_tPc,0,0,0,0,0,4,0,0,0,0,3.24706
function@_Z5scaleiii,0,0,0,0,0,0,0,0,0,0,0
function@_Z16static_pawn_evalP7state_t,61,6,0,32,0,44,104.814,11.2793,60.7305,0,156.092
function@_Z7qsearchP7state_tiiii,33,22,0,25,8,100,1.167,4.21212,0.832427,0.3094,20.0821
function@_ZL17search_time_checkP7state_t,0,0,0,0,0,9,0,0,0,0,1.23166
function@_ZL16fast_order_movesP7state_tPiS1_ij,6,0,0,1,0,10,8.60294,0,1,0,61.3088
function@_ZL15remove_one_fastPiS_S_i,0,0,0,0,0,6,0,0,0,0,6.74118
function@_Z6searchP7state_tiiiii,148,52,0,83,22,221,0.40106,0.221602,0.322568,0.0632215,9.42219
function@_ZL11order_movesP7state_tPiS1_ij,25,6,0,13,0,18,41.3958,37.5208,9.5625,0,65.0208
function@_ZL12history_goodP7state_tii,0,0,0,0,0,4,0,0,0,0,3
function@_Z14rootmovesearchP7state_tiiiii,0,0,0,0,0,0,0,0,0,0,0
function@_Z11search_rootP7state_tiii,42,19,0,19,10,76,50.2739,55.0276,40.2661,18.11,172.5
function@_Z21reset_search_countersP7state_t,0,0,0,0,0,0,0,0,0,0,0
function@_Z17reset_search_dataP7state_t,0,0,0,0,0,2,0,0,0,0,2
function@_Z5thinkP11gamestate_tP7state_t,6,1,0,8,0,79,4.07675,0.147329,8.18977,0,107.075
function@_Z8PopCounty,0,0,0,0,0,0,0,0,0,0,0
function@_Z9FindFirsty,0,0,0,0,0,0,0,0,0,0,0
function@_Z15FindFirstRemovePy,0,0,0,0,0,1,0,0,0,0,1
function@_Z8FindLasty,0,0,0,0,0,2,0,0,0,0,2
function@_Z13ThickPopCounty,0,0,0,0,0,0,0,0,0,0,0
function@_Z5fevalP7state_tiP12t_eval_comps,136,35,0,68,0,129,549.941,79.4375,197.688,0,1438.36
function@_Z4evalP7state_tiii,2,0,0,2,0,18,0.94577,0,1.78027,0,13.9028
function@_Z13retrieve_evalP7state_t,0,0,0,0,0,1,0,0,0,0,1
function@_Z4ranki,0,0,0,0,0,0,0,0,0,0,0
function@_Z4filei,0,0,0,0,0,0,0,0,0,0,0
function@_Z8sum_distii,0,0,0,0,0,4,0,0,0,0,4
function@_Z12taxicab_distii,0,0,0,0,0,4,0,0,0,0,4
function@_Z16taxicab_dist_bitii,0,0,0,0,0,4,0,0,0,0,4
function@_Z11check_phaseP11gamestate_tP7state_t,4,0,0,1,2,5,1.25,0,0.625,2.29167,27.6667
function@_Z11check_legalP7state_ti,0,0,0,0,0,10,0,0,0,0,91.6562
function@_Z20check_castle_blockerP7state_ti,0,0,0,0,0,5,0,0,0,0,1.19528
function@_Z3seeP7state_tiiii,15,0,0,9,0,22,118.028,0,7.5,0,164.022
function@_Z9gen_quietP7state_tPi,2,1,0,1,0,27,0.625,0.999999,1,0,1427
function@_Z11add_capturePiiiiii,0,0,0,0,0,0,0,0,0,0,0
function@_Z8add_movePiiii,0,0,0,0,0,0,0,0,0,0,0
function@_Z15add_king_castlePiiii,0,0,0,0,0,0,0,0,0,0,0
function@_Z3genP7state_tPi,1,0,0,1,0,37,1,0,1,0,1474.78
function@_Z12gen_capturesP7state_tPi,0,1,0,1,0,34,0,0.999999,1,0,1493.93
function@_Z15gen_good_checksP7state_tPi,3,6,0,5,0,20,21.625,101,5,0,3763
function@_Z16gen_check_blocksP7state_tPii,2,1,0,1,0,24,0.625,0.999999,1,0,1408
function@_Z12gen_evasionsP7state_tPii,0,0,0,0,0,12,0,0,0,0,29.125
function@_Z8psq_evalP7state_tP12t_eval_comps,0,0,0,0,0,0,0,0,0,0,0
function@_Z14init_psq_scoreP7state_t,0,0,0,0,0,2,0,0,0,0,21
function@_Z18preprocess_preparev,0,0,0,0,0,0,0,0,0,0,0
function@_Z13PrintBitboardy,0,0,0,0,0,2,0,0,0,0,32.875
function@_Z17PrintRotBitboardsP7state_t,0,0,0,0,0,2,0,0,0,0,32.875
function@_Z17PrintAllBitboardsP7state_t,0,0,0,0,0,14,0,0,0,0,415.375
function@_Z22SetupPrecalculatedDatav,21,10,0,28,0,117,548,227,741,0,3559.21
function@_Z16SetupCastleMasksP7state_t,0,0,0,0,0,0,0,0,0,0,0
function@_Z11RankAttacksyj,0,0,0,0,0,2,0,0,0,0,2
function@_Z11FileAttacksyj,0,0,0,0,0,1,0,0,0,0,1
function@_Z15DiagonalAttacksyj,0,0,0,0,0,0,0,0,0,0,0
function@_Z15AntiDiagAttacksyj,0,0,0,0,0,0,0,0,0,0,0
function@_Z13BishopAttacksP7state_ti,0,0,0,0,0,1,0,0,0,0,1
function@_Z11RookAttacksP7state_ti,0,0,0,0,0,6,0,0,0,0,6
function@_Z12elo_to_depthi,0,0,0,0,0,0,0,0,0,0,0
function@_Z14elo_to_blunderi,0,0,0,0,0,0,0,0,0,0,0
function@_Z12compact_movei,0,0,0,0,0,3,0,0,0,0,3
function@_Z4logLi,0,0,0,0,0,2,0,0,0,0,16.4375
function@_Z13allocate_timeP11gamestate_ti,0,0,0,0,0,5,0,0,0,0,0.897059
function@_Z11comp_to_sanP7state_tiPc,34,1,0,6,0,50,2.04131,0.109277,2.5,0,41.1234
function@_Z13comp_to_coordP7state_tiPc,17,0,0,3,0,15,1.56442,0,1.8773,0,9.6319
function@_Z13display_boardP7state_ti,0,0,0,0,0,4,0,0,0,0,33.875
function@_Z8myprintfPKcz,0,0,0,0,0,6,0,0,0,0,3.79688
function@_Z9init_gameP11gamestate_tP7state_t,0,0,0,0,0,3,0,0,0,0,3
function@_Z18reset_piece_squareP7state_t,0,0,0,0,0,0,0,0,0,0,0
function@_Z7is_movePc,0,0,0,0,0,1,0,0,0,0,1
function@_Z20extract_current_pathP7state_t,0,0,0,0,0,10,0,0,0,0,81
function@_Z19extract_ponder_moveP7state_t,0,0,0,0,0,16,0,0,0,0,36.4062
function@_Z24extract_current_bestlineP7state_t,0,0,0,0,0,3,0,0,0,0,3
function@_ZL15hash_extract_pvP7state_tiPc,0,0,0,0,0,24,0,0,0,0,29.7741
function@_Z12stringize_pvP7state_tPc,0,0,0,0,0,1,0,0,0,0,1
function@_Z13post_thinkingP7state_tiiPci,0,0,0,0,0,26,0,0,0,0,10.9375
function@_Z16post_fh_thinkingP7state_tiiPci,0,0,0,0,0,19,0,0,0,0,8.75
function@_Z16post_fl_thinkingP7state_tiiPci,0,0,0,0,0,17,0,0,0,0,7.4375
function@_Z21post_multipv_thinkingP7state_tiii,3,1,0,4,0,32,144,0.25,24.25,0,684.5
function@_Z6rinputPciP8_IO_FILE,0,0,0,0,0,16,0,0,0,0,52.2109
function@_Z12verify_coordP7state_tPcPi,1,0,0,1,0,11,4.6875,0,1,0,106.5
function@_Z17input_causes_stopv,0,0,0,0,0,16,0,0,0,0,3.76897
function@_Z11reset_boardP7state_t,0,0,0,0,0,0,0,0,0,0,0
function@_Z15make_text_movesP11gamestate_tP7state_tPc,1,0,0,1,0,12,6.45616,0,0.625,0,56.9471
function@_Z8myrandomv,0,0,0,0,0,1,0,0,0,0,1
function@_Z7mysrandj,0,0,0,0,0,0,0,0,0,0,0
function@main,0,0,0,0,0,9,0,0,0,0,9
function@_Z7is_drawP11gamestate_tP7state_t,0,0,0,0,0,4,0,0,0,0,2.48295
function@_Z21insufficient_materialP7state_t,0,0,0,0,0,0,0,0,0,0,0
function@_Z11is_attackedP7state_tii,0,0,0,0,0,30,0,0,0,0,2.29825
function@_Z8in_checkP7state_t,0,0,0,0,0,0,0,0,0,0,0
function@_Z10attacks_toP7state_ti,4,0,0,2,0,10,2,0,2,0,7.33333
function@_Z14drawn_endgamesP7state_tiii,84,1,0,19,0,137,1.17122,0.0175709,1.13952,0,10.3899
function@_Z15init_parametersP11gamestate_t,0,0,0,0,0,0,0,0,0,0,0
