Comando: /home/mpvreal/Code/Faculdade/tcc/llvm/build/bin/llc --march=x86 --regalloc=basic -o -
Heurística: div(cost,pow(degree,2))
function@set_data_,0,0,0,0,0,0,0,0,0,0,0
function@set_data_tile_,0,0,0,0,0,0,0,0,0,0,0
function@get_3dfld_,87,50,0,42,53,62,21.8087,20.7699,24.145,27.3145,140.036
function@set_ngfldr_,0,0,0,0,0,0,0,0,0,0,0
function@close_io_,0,0,0,0,0,14,0,0,0,0,3.52679
function@_QMdiag_modPdiag,222,0,0,142,0,6,222,0,142,0,6
function@_QMdiag_modPdiag_tile,689,239,0,292,207,77,95763.2,35602.2,14307.6,12955.3,22311.6
function@_QMmod_mixingPallocate_mixing,185,38,0,40,55,14,185,38,36,50,14
function@_QMmod_mixingPinitialize_mixing,318,79,0,169,61,36,4.47502e+06,1.08366e+06,1.94245e+06,358902,106252
function@_QMset_zeta_modPset_zeta,71,0,0,33,0,3,71,0,33,0,3
function@_QMset_zeta_modPset_zeta_tile,135,31,0,65,36,16,5975.15,867.368,1258.18,1242.91,1082.59
function@def_impulse_,0,0,0,0,0,0,0,0,0,0,0
function@get_3dfldr_,0,0,0,0,0,0,0,0,0,0,0
function@_QMdef_var_modPdef_var,34,20,0,33,12,123,12.5833,4.38177,5.86428,1.1428,163.225
function@_QMnf_fread3d_bry_modPnf_fread3d_bry,176,83,0,101,89,36,1.02388e+06,721381,114274,224523,457384
function@_QMnrutilParray_copy_r,16,2,0,5,2,8,173.44,13.4,2.96,13.4,65.24
function@_QMnrutilParray_copy_d,16,2,0,5,2,8,173.44,13.4,2.96,13.4,65.24
function@_QMnrutilParray_copy_i,17,2,0,6,2,8,186.2,13.4,15.72,13.4,65.24
function@_QMnrutilParth_r,15,79,0,14,49,10,91.3333,3222.22,182.873,1297.08,195.824
function@_QMnrutilParth_d,43,20,0,14,34,10,1476.47,281.304,182.873,544.284,195.824
function@_QMnrutilParth_i,82,22,0,47,59,7,3264.32,333.049,1745.22,1684.26,140.951
function@_QMnrutilPnrerror,0,0,0,0,0,1,0,0,0,0,1
function@_QMnrutilPreallocate_rv,42,29,0,19,7,19,224.648,142.484,51.0391,20.2344,119.75
function@_QMnrutilPreallocate_iv,38,28,0,15,6,21,202.773,148.344,35.2188,21.4551,130.688
function@_QMnrutilPreallocate_hv,362,51,0,108,27,23,1107.92,142.126,292.021,48.1969,88.4115
function@_QMnrutilPreallocate_rm,57,54,0,36,25,17,3515.94,3026.7,404.477,342.92,1955.44
function@_QMnrutilPreallocate_im,65,50,0,40,32,18,5540.94,2476.7,1579.48,1475.11,680.438
function@_QMlmd_vmix_modPlmd_vmix,330,0,0,154,0,5,330,0,154,0,5
function@_QMlmd_vmix_modPlmd_vmix_tile,1678,453,0,848,370,61,985347,239151,154089,98136.2,81146
function@_QMlmd_vmix_modPlmd_finish,149,0,0,64,0,3,149,0,64,0,3
function@_QMlmd_vmix_modPlmd_finish_tile,93,44,0,74,35,27,68762.8,57753.7,1814,1866.4,64948.8
function@wrt_floats_,0,0,0,0,0,0,0,0,0,0,0
function@_QMnf_fwrite3d_bry_modPnf_fwrite3d_bry,282,95,0,137,109,17,765536,323409,105458,190150,147739
function@my_flush_,0,0,0,0,0,0,0,0,0,0,0
function@my_getpid_,0,0,0,0,0,0,0,0,0,0,0
function@my_numthreads_,0,0,0,0,0,0,0,0,0,0,0
function@my_threadnum_,0,0,0,0,0,0,0,0,0,0,0
function@my_wtime_,0,0,0,0,0,0,0,0,0,0,0
function@wrt_station_,0,0,0,0,0,0,0,0,0,0,0
function@lmd_swfrac_tile_,136,34,0,59,67,14,12779.7,3169.2,1353.2,4579.6,1782.95
function@_QMstate_initialize_modPstate_initialize,157,78,0,118,58,45,291868,814579,22753.3,21001.9,693687
function@get_cycle_,26,16,0,10,22,16,82.8136,38.0387,17.1162,63.2712,42.9952
function@wrt_info_,686,18,0,330,6,166,2.00001,1.00001,2,1.5,3.00046
function@_QMt3dmix_modPt3dmix2,460,0,0,140,0,5,460,0,140,0,5
function@_QMt3dmix_modPt3dmix2_tile,1705,472,0,526,444,217,3.50663e+07,7.64533e+06,3.31254e+06,4.35829e+06,4.25531e+06
function@_QMini_fields_modPini_fields,272,0,0,233,0,9,272,0,233,0,9
function@_QMini_fields_modPini_fields_tile,885,287,0,391,235,79,534617,568848,246157,141887,98062.5
function@_QMini_fields_modPini_zeta,85,0,0,40,0,1,85,0,40,0,1
function@_QMini_fields_modPini_zeta_tile,83,39,0,65,32,26,2608.6,2833.94,1076.6,628.835,1344
function@set_scoord_,140,49,0,28,69,58,474.835,129.2,67.0235,136.071,238.612
function@_QMset_3dfld_modPset_3dfld_tile,428,176,0,227,159,58,47762.9,17883.6,10183.9,7368.41,17890.6
function@obs_read_,0,0,0,0,0,0,0,0,0,0,0
function@wrt_error_,0,0,0,0,0,0,0,0,0,0,0
function@initial_,0,0,0,0,0,2,0,0,0,0,1.62162
function@initial_..omp_par.9,0,0,0,0,0,1,0,0,0,0,1
function@initial_..omp_par.8,8,7,0,6,1,6,140.562,424.875,24.9375,0.625,864.625
function@initial_..omp_par.7,8,8,0,6,1,6,140.562,824.812,24.9375,0.625,864.625
function@initial_..omp_par.6,8,7,0,6,1,6,140.562,424.875,24.9375,0.625,864.625
function@initial_..omp_par.5,8,7,0,6,1,6,140.562,424.875,24.9375,0.625,864.625
function@initial_..omp_par.4,8,7,0,6,1,6,140.562,424.875,24.9375,0.625,864.625
function@initial_..omp_par.3,8,7,0,6,1,6,140.562,424.875,24.9375,0.625,864.625
function@initial_..omp_par.2,8,7,0,6,1,6,140.562,424.875,24.9375,0.625,864.625
function@initial_..omp_par.1,8,7,0,6,1,6,140.562,424.875,24.9375,0.625,864.625
function@initial_..omp_par,0,0,0,0,0,1,0,0,0,0,1
function@lubksb_,29,17,0,14,17,19,841.35,489.2,103.55,398.1,654.25
function@_QMran_statePran_init,0,0,0,0,0,1,0,0,0,0,1
function@_QMran_statePran_seed,0,0,0,0,0,1,0,0,0,0,1
function@_QMmod_gridPallocate_grid,580,102,0,90,139,57,579,102,76,124,57
function@_QMmod_gridPinitialize_grid,311,116,0,42,20,57,97128.5,76094,17900.8,549,29495.7
function@_QMpre_step3d_modPpre_step3d,1285,3,0,446,0,7,1285,3,446,0,7
function@_QMpre_step3d_modPpre_step3d_tile,4870,1727,0,2219,1501,379,3.37171e+07,9.96068e+06,6.14402e+06,3.61366e+06,4.35223e+06
function@checkdefs_,3,54,0,53,48,361,2.125,54,52.5,24,1891
function@_QQmain,0,0,0,0,0,1,0,0,0,0,1
function@set_diags_,0,0,0,0,0,0,0,0,0,0,0
function@checkvars_,31,15,0,15,10,47,144.275,409.06,222.106,10.8935,666.047
function@main2d_,0,0,0,0,0,0,0,0,0,0,0
function@get_2dfld_,94,76,0,59,62,62,33.6229,67.4108,37.8256,29.0586,159.929
function@_QMnf_fread3d_modPnf_fread3d,162,49,0,75,52,22,11401.3,2897.76,261.747,4012.44,2523.02
function@def_tides_,0,0,0,0,0,0,0,0,0,0,0
function@gasdev_s_,15,0,0,0,6,0,147,0,0,49.5,0
function@gasdev_v_,666,107,0,88,181,66,27915.2,4073.17,2567.5,4617.49,2140
function@def_dim_,0,0,0,0,0,5,0,0,0,0,3.21875
function@inp_par_,164,76,0,112,31,50,519.967,207.951,657.377,121.123,239.229
function@read_phypar_,554,403,0,339,246,602,24.4401,478.766,47.0116,418.928,105.303
function@decode_line_,37,52,0,29,35,46,39.9439,39.2143,17.2857,21.449,147.245
function@load_i1_,0,0,0,0,0,2,0,0,0,0,1.5
function@load_l1_,0,0,0,0,0,2,0,0,0,0,2
function@load_r1_,0,0,0,0,0,2,0,0,0,0,1.5
function@load_i_,68,16,0,39,39,12,125.044,42.5637,83.4706,68.8529,54.4069
function@load_l_,7,11,0,9,12,3,3.61905,83.1429,43.6905,33.5476,20.7857
function@load_r_,27,7,0,5,28,12,101.961,16,11.902,102.833,36.3235
function@get_varcoords_,116,69,0,60,123,51,82.022,29.5635,24.3447,27.4219,97.3311
function@_QMexchange_2d_modPexchange_p2d_tile,41,39,0,33,19,17,66.7451,156.49,44.7647,13.2157,44.2745
function@_QMexchange_2d_modPexchange_r2d_tile,41,39,0,33,19,17,66.7451,156.49,44.7647,13.2157,44.2745
function@_QMexchange_2d_modPexchange_u2d_tile,41,39,0,33,19,17,66.7451,156.49,44.7647,13.2157,44.2745
function@_QMexchange_2d_modPexchange_v2d_tile,41,39,0,33,19,17,66.7451,156.49,44.7647,13.2157,44.2745
function@_QMshapiro_modPshapiro2d_tile,350,129,0,150,97,42,16507.2,4077.4,1709.77,1567.96,2421.36
function@_QMshapiro_modPshapiro3d_tile,367,135,0,157,101,47,344643,81475.9,34848.5,36007.1,48095.4
function@congrad_,0,0,0,0,0,0,0,0,0,0,0
function@obs_depth_,0,0,0,0,0,0,0,0,0,0,0
function@set_ngfld_,168,69,0,78,104,29,2723.66,603.518,911.212,638.518,1075.46
function@get_2dfldr_,0,0,0,0,0,0,0,0,0,0,0
function@_QMuv3dmix_modPuv3dmix2,813,0,0,238,0,5,813,0,238,0,5
function@_QMuv3dmix_modPuv3dmix2_tile,1080,303,0,499,278,89,1.76898e+06,477593,208279,182466,140061
function@_QMocean_control_modProms_initialize,0,0,0,0,0,2,0,0,0,0,1.20968
function@_QMocean_control_modProms_initialize..omp_par,0,0,0,0,0,1,0,0,0,0,1
function@_QMocean_control_modProms_run,0,0,0,0,0,1,0,0,0,0,1
function@_QMocean_control_modProms_finalize,0,0,0,0,0,1,0,0,0,0,1
function@_QMocean_control_modProms_finalize..omp_par,0,0,0,0,0,1,0,0,0,0,1
function@def_hessian_,0,0,0,0,0,0,0,0,0,0,0
function@_QMstep2d_modPstep2d,1670,0,0,516,0,7,1670,0,516,0,7
function@_QMstep2d_modPstep2d_tile,7330,2488,0,3022,1970,576,193132,54698.4,31489.2,19979.2,17680
function@_QMmod_forcesPallocate_forces,226,35,0,37,59,16,226,35,31,52.5,16
function@_QMmod_forcesPinitialize_forces,58,48,0,24,12,13,43456.9,47732.6,4751.82,4565.33,20486.4
function@def_lanczos_,0,0,0,0,0,0,0,0,0,0,0
function@_QMnf_fwrite2d_modPnf_fwrite2d,117,40,0,60,30,9,1455.56,592.361,486.181,291.958,102.625
function@_QMu3dbc_modPu3dbc,52,0,0,24,0,2,52,0,24,0,2
function@_QMu3dbc_modPu3dbc_tile,86,29,0,54,37,19,3367.77,1443.44,1275.56,1835.77,825.815
function@def_his_,92,61,0,68,24,74,48.5938,57.211,39.8673,1.55274,88.4013
function@_QMmetrics_modPmetrics,1322,0,0,333,0,7,1322,0,333,0,7
function@_QMmetrics_modPmetrics_tile,2409,644,0,1070,705,107,126419,59716.5,14609.2,21053.6,21002.3
function@_QMt3dbc_modPt3dbc,64,0,0,30,0,2,64,0,30,0,2
function@_QMt3dbc_modPt3dbc_tile,86,37,0,60,39,15,3171.82,2252.43,1484.72,2038.01,617.272
function@set_weights_,104,45,0,38,58,53,7234.34,2136.28,530.562,1544.09,5521.25
function@_QMnf_fwrite4d_modPnf_fwrite4d,174,62,0,98,53,12,719876,195591,143014,158121,87801.5
function@def_station_,0,0,0,0,0,0,0,0,0,0,0
function@_QMwvelocity_modPwvelocity,471,0,0,174,0,7,471,0,174,0,7
function@_QMwvelocity_modPwvelocity_tile,1349,440,0,550,351,91,1.052e+06,272999,167056,91674.4,99179.9
function@_QMbulk_flux_modPbulk_flux,847,1,0,251,0,7,847,1,251,0,7
function@_QMbulk_flux_modPbulk_flux_tile,1908,253,0,351,602,99,1.11645e+06,34382.9,15653.8,315834,33320.7
function@_QMbulk_flux_modPbulk_psiu,37,0,0,0,14,1,19,0,0,7.5,0.25
function@_QMbulk_flux_modPbulk_psit,28,0,0,0,11,0,14.5,0,0,5.75,0
function@_QMnf_fwrite3d_modPnf_fwrite3d,152,54,0,88,41,11,36214.9,9706.28,7221.47,7897.98,4429.78
function@get_state_,143,31,0,129,29,59,3.00958,2.89711,1.82355,1.72358,7.60879
function@_QMutility_modPnrng,38,13,0,16,20,2,26.3571,12.3489,11.5852,7.1044,0.935897
function@_QMutility_modPurng,5,6,0,5,1,20,6.80247,12.8889,0.91358,0.0987654,59.8025
function@obs_initial_,0,0,0,0,0,0,0,0,0,0,0
function@checkadj_,0,4,0,4,0,23,0,4,4,0,21
function@def_diags_,0,0,0,0,0,0,0,0,0,0,0
function@_QManalytical_modPana_btflux,40,0,0,18,0,2,40,0,18,0,2
function@_QManalytical_modPana_btflux_tile,72,41,0,46,19,33,897.202,1445.66,48.4417,16.3742,1234.13
function@_QManalytical_modPana_cloud,28,0,0,12,0,4,28,0,12,0,4
function@_QManalytical_modPana_cloud_tile,45,23,0,29,16,17,407.45,990.8,56.05,48.875,1159.15
function@_QManalytical_modPana_grid,679,0,0,170,0,7,679,0,170,0,7
function@_QManalytical_modPana_grid_tile,1197,389,0,573,316,72,52911.5,16477.3,8894.8,5648.59,5986.73
function@_QManalytical_modPana_humid,28,0,0,12,0,4,28,0,12,0,4
function@_QManalytical_modPana_humid_tile,45,23,0,29,16,17,407.45,990.8,56.05,48.875,1159.15
function@_QManalytical_modPana_initial,187,0,0,160,0,3,96.5,0,80.5,0,3
function@_QManalytical_modPana_nlminitial_tile,342,155,0,202,127,76,91319.9,109499,20336.1,20104.9,62121.7
function@_QManalytical_modPana_pair,28,0,0,12,0,4,28,0,12,0,4
function@_QManalytical_modPana_pair_tile,45,23,0,29,16,17,407.45,990.8,56.05,48.875,1159.15
function@_QManalytical_modPana_rain,28,0,0,12,0,4,28,0,12,0,4
function@_QManalytical_modPana_rain_tile,45,23,0,29,16,17,407.45,990.8,56.05,48.875,1159.15
function@_QManalytical_modPana_srflux,243,0,0,74,0,3,243,0,74,0,3
function@_QManalytical_modPana_srflux_tile,346,56,0,90,112,37,16139.3,3050.42,584.375,4267.95,2800.93
function@_QManalytical_modPana_stflux,40,0,0,18,0,4,40,0,18,0,4
function@_QManalytical_modPana_stflux_tile,78,42,0,52,22,33,903.202,1446.66,53.9387,18.8712,1234.13
function@_QManalytical_modPana_tair,28,0,0,12,0,4,28,0,12,0,4
function@_QManalytical_modPana_tair_tile,45,23,0,29,16,17,407.45,990.8,56.05,48.875,1159.15
function@_QManalytical_modPana_winds,100,0,0,40,0,4,100,0,40,0,4
function@_QManalytical_modPana_winds_tile,117,46,0,64,28,12,4030.05,2858.93,897,360.55,903.375
function@_QMbc_bry3d_modPbc_r3d_bry_tile,107,92,0,83,49,113,127.5,165.225,62.4216,23.7941,120.098
function@_QMbc_bry3d_modPbc_u3d_bry_tile,122,110,0,99,66,102,109.402,205.373,69.8627,15.7255,115.176
function@_QMbc_bry3d_modPbc_v3d_bry_tile,124,106,0,97,68,102,109.676,204.99,69.7549,15.9118,115.176
function@get_data_,0,0,0,0,0,0,0,0,0,0,0
function@_QMstep3d_t_modPstep3d_t,508,0,0,158,0,7,508,0,158,0,7
function@_QMstep3d_t_modPstep3d_t_tile,2675,858,0,1066,788,245,4.55014e+07,1.20306e+07,7.77375e+06,5.25352e+06,5.46241e+06
function@_QMmod_netcdfPnetcdf_get_dim,0,0,0,0,0,1,0,0,0,0,1
function@_QMmod_netcdfPnetcdf_check_dim,0,0,0,0,0,1,0,0,0,0,1
function@_QMmod_netcdfPnetcdf_check_var,0,0,0,0,0,1,0,0,0,0,1
function@_QMmod_netcdfPnetcdf_inq_var,0,0,0,0,0,1,0,0,0,0,1
function@_QMmod_netcdfPnetcdf_inq_varid,0,0,0,0,0,1,0,0,0,0,1
function@_QMmod_netcdfPnetcdf_get_fatt,0,0,0,0,0,1,0,0,0,0,1
function@_QMmod_netcdfPnetcdf_get_fvar_0d,0,0,0,0,0,1,0,0,0,0,1
function@_QMmod_netcdfPnetcdf_get_fvar_1d,0,0,0,0,0,1,0,0,0,0,1
function@_QMmod_netcdfPnetcdf_get_fvar_2d,0,0,0,0,0,1,0,0,0,0,1
function@_QMmod_netcdfPnetcdf_get_fvar_3d,0,0,0,0,0,1,0,0,0,0,1
function@_QMmod_netcdfPnetcdf_get_fvar_4d,0,0,0,0,0,1,0,0,0,0,1
function@_QMmod_netcdfPnetcdf_get_ivar_0d,0,0,0,0,0,1,0,0,0,0,1
function@_QMmod_netcdfPnetcdf_get_ivar_1d,0,0,0,0,0,1,0,0,0,0,1
function@_QMmod_netcdfPnetcdf_get_ivar_2d,0,0,0,0,0,1,0,0,0,0,1
function@_QMmod_netcdfPnetcdf_get_svar_0d,0,0,0,0,0,1,0,0,0,0,1
function@_QMmod_netcdfPnetcdf_get_svar_1d,0,0,0,0,0,1,0,0,0,0,1
function@_QMmod_netcdfPnetcdf_put_fvar_0d,0,0,0,0,0,1,0,0,0,0,1
function@_QMmod_netcdfPnetcdf_put_fvar_1d,0,0,0,0,0,1,0,0,0,0,1
function@_QMmod_netcdfPnetcdf_put_fvar_2d,0,0,0,0,0,1,0,0,0,0,1
function@_QMmod_netcdfPnetcdf_put_fvar_3d,0,0,0,0,0,1,0,0,0,0,1
function@_QMmod_netcdfPnetcdf_put_fvar_4d,0,0,0,0,0,1,0,0,0,0,1
function@_QMmod_netcdfPnetcdf_put_ivar_0d,0,0,0,0,0,1,0,0,0,0,1
function@_QMmod_netcdfPnetcdf_put_ivar_1d,0,0,0,0,0,1,0,0,0,0,1
function@_QMmod_netcdfPnetcdf_put_ivar_2d,0,0,0,0,0,1,0,0,0,0,1
function@_QMmod_netcdfPnetcdf_put_lvar_0d,0,0,0,0,0,1,0,0,0,0,1
function@_QMmod_netcdfPnetcdf_put_lvar_1d,0,0,0,0,0,1,0,0,0,0,1
function@_QMmod_netcdfPnetcdf_put_lvar_2d,0,0,0,0,0,1,0,0,0,0,1
function@_QMmod_netcdfPnetcdf_put_svar_0d,0,0,0,0,0,1,0,0,0,0,1
function@_QMmod_netcdfPnetcdf_put_svar_1d,0,0,0,0,0,1,0,0,0,0,1
function@_QMmod_netcdfPnetcdf_close,0,0,0,0,0,1,0,0,0,0,1
function@_QMmod_netcdfPnetcdf_create,0,0,0,0,0,1,0,0,0,0,1
function@_QMmod_netcdfPnetcdf_enddef,0,0,0,0,0,1,0,0,0,0,1
function@_QMmod_netcdfPnetcdf_open,0,0,0,0,0,1,0,0,0,0,1
function@_QMmod_netcdfPnetcdf_openid,0,0,0,0,0,0,0,0,0,0,0
function@_QMmod_netcdfPnetcdf_redef,0,0,0,0,0,1,0,0,0,0,1
function@_QMmod_netcdfPnetcdf_sync,0,0,0,0,0,1,0,0,0,0,1
function@nf90_get_var_,0,0,0,0,0,0,0,0,0,0,0
function@nf90_put_var_,0,0,0,0,0,0,0,0,0,0,0
function@nf90_def_var_,0,0,0,0,0,0,0,0,0,0,0
function@nf90_put_att_,0,0,0,0,0,0,0,0,0,0,0
function@nf90_get_dim_,0,0,0,0,0,0,0,0,0,0,0
function@nf90_def_dim_,0,0,0,0,0,0,0,0,0,0,0
function@nf90_strerror_,0,0,0,0,0,0,0,0,0,0,0
function@_QMlmd_skpp_modPlmd_skpp,1081,0,0,342,0,7,1081,0,342,0,7
function@_QMlmd_skpp_modPlmd_skpp_tile,4115,1271,0,1780,1035,320,1.8842e+06,570104,257381,249147,178165
function@get_grid_,0,0,0,0,0,0,0,0,0,0,0
function@wrt_gst_,0,0,0,0,0,0,0,0,0,0,0
function@_QMnf_fread4d_modPnf_fread4d,190,64,0,96,67,19,234886,60550.8,5160.59,82871.4,51792
function@grid_coords_,0,0,0,0,0,0,0,0,0,0,0
function@wclock_on_,0,4,0,2,0,4,0,2.7619,2,0,14.5238
function@wclock_off_,6,2,0,2,2,3,3.28571,1.09524,2,1.09524,2.71429
function@rep_matrix_,0,0,0,0,0,0,0,0,0,0,0
function@mod_arrays_,0,0,0,0,0,1,0,0,0,0,1
function@mod_arrays_..omp_par,7,6,0,5,1,7,120.625,24.9375,23.9375,0.625,884.562
function@def_error_,0,0,0,0,0,0,0,0,0,0,0
function@def_norm_,0,0,0,0,0,0,0,0,0,0,0
function@def_gst_,0,0,0,0,0,0,0,0,0,0,0
function@_QMinterpolate_modPlinterp2d,17,13,0,18,12,6,1081.19,2066.56,883.188,59.5625,1419.75
function@_QMinterpolate_modPcinterp2d,258,38,0,26,84,8,49920.7,6886.5,2492.81,14591.8,1200
function@_QMinterpolate_modPhindices,118,34,0,35,49,22,13762.4,11641.2,1448.24,1514.88,10966.6
function@_QMinterpolate_modPtry_range,355,96,0,134,117,28,977.712,341.113,347.171,208.6,136.592
function@_QMinterpolate_modPinside,31,15,0,7,18,13,287.233,157.977,8.96512,104.605,310.221
function@_QMbc_3d_modPbc_r3d_tile,213,77,0,95,63,34,4091.64,610.864,752.926,858.938,1273.85
function@_QMbc_3d_modPbc_u3d_tile,130,41,0,79,46,31,3689.8,579.21,984.839,672.889,1256.19
function@_QMbc_3d_modPbc_v3d_tile,122,53,0,67,46,31,411,981,63.7284,63.321,1145.57
function@_QMbc_3d_modPbc_w3d_tile,213,77,0,95,63,34,4091.64,610.864,752.926,858.938,1273.85
function@stats_modobs_,0,0,0,0,0,0,0,0,0,0,0
function@wrt_hessian_,0,0,0,0,0,0,0,0,0,0,0
function@wrt_his_,1049,122,0,477,85,66,58.1955,60.5141,22.476,3.30225,25.5485
function@_QMmod_couplingPallocate_coupling,105,17,0,21,30,11,104.5,17,17,27,11
function@_QMmod_couplingPinitialize_coupling,30,7,0,21,10,17,2305.55,424.8,457.1,418.175,1849.48
function@_QMnf_fwrite2d_bry_modPnf_fwrite2d_bry,208,67,0,77,76,20,47784.5,18643.5,10202.7,13986.7,7725.8
function@_QMwhite_noise_modPwhite_noise1d,158,59,0,49,81,44,81.3322,115.481,53.7606,40.3404,95.0391
function@_QMwhite_noise_modPwhite_noise2d,209,72,0,76,94,50,3696.3,1378.1,831.514,852.571,1766.78
function@_QMwhite_noise_modPwhite_noise2d_bry,192,59,0,55,91,52,107.287,120.612,51.9992,41.4259,118.889
function@_QMwhite_noise_modPwhite_noise3d,300,121,0,144,139,51,47922.6,33908.1,15913.3,14072.7,25658.4
function@_QMwhite_noise_modPwhite_noise3d_bry,282,104,0,123,127,45,4306.47,1389.43,1307.09,1451.72,942.632
function@get_ngfld_,102,66,0,59,61,51,100.188,68.1569,57.7824,29.387,94.7653
function@regrid_,59,96,0,34,55,24,2689.37,1165.91,1077.95,802.172,283.586
function@_QMv3dbc_modPv3dbc,52,0,0,24,0,2,52,0,24,0,2
function@_QMv3dbc_modPv3dbc_tile,61,27,0,36,23,23,940.494,1442.83,48.8642,28.1358,1241.67
function@_QMstate_dotprod_modPstate_dotprod,424,133,0,260,139,38,2.41714e+06,665460,661301,225606,368625
function@my_abort_,0,0,0,0,0,0,0,0,0,0,0
function@get_bounds_,0,0,0,0,0,1,0,0,0,0,1
function@get_domain_,0,0,0,0,0,2,0,0,0,0,1.07059
function@get_iobounds_,0,0,0,0,0,0,0,0,0,0,0
function@get_tile_,3,3,0,2,0,6,1.92,1.92,1.28,0,3.2
function@tile_bounds_1d_,0,0,0,0,0,3,0,0,0,0,1.25
function@tile_bounds_2d_,3,3,0,2,0,5,3,3,2,0,4
function@var_bounds_,0,0,0,0,0,0,0,0,0,0,0
function@_QMset_massflux_modPset_massflux,392,0,0,129,0,3,392,0,129,0,3
function@_QMset_massflux_modPset_massflux_tile,172,81,0,127,69,40,199100,137088,39493.1,22626.3,65816.1
function@_QMzetabc_modPzetabc,40,0,0,18,0,2,40,0,18,0,2
function@_QMzetabc_modPzetabc_tile,44,26,0,30,21,22,101.373,72.1961,49.3137,47.1961,35.0392
function@_QMbc_2d_modPbc_r2d_tile,118,62,0,45,62,27,78.3399,58.7653,36.5819,23.1002,51.8533
function@_QMbc_2d_modPbc_u2d_tile,71,27,0,30,23,23,122.98,39.2941,36.8235,32.6667,45.7255
function@_QMbc_2d_modPbc_v2d_tile,86,34,0,32,46,22,30.1491,53.3056,32.6504,11.2225,35.7531
function@_QMnf_fread2d_modPnf_fread2d,843,152,0,331,44,55,423.704,123.115,24.1603,109.326,119.835
function@def_mod_,0,0,0,0,0,0,0,0,0,0,0
function@def_ini_,0,0,0,0,0,0,0,0,0,0,0
function@_QMv2dbc_modPv2dbc,40,0,0,18,0,2,40,0,18,0,2
function@_QMv2dbc_modPv2dbc_tile,27,22,0,17,8,23,35.7451,71.5686,18.0588,10.9412,44.8824
function@_QMrhs3d_modPrhs3d,868,0,0,345,0,5,868,0,345,0,5
function@_QMrhs3d_modPrhs3d_tile,5038,1847,0,2384,1390,306,3.39095e+06,1.25749e+06,711161,418112,320655
function@def_rst_,0,0,0,0,0,1,0,0,0,0,1
function@_QMmod_paramPinitialize_param,0,0,0,0,0,0,0,0,0,0,0
function@get_ngfldr_,0,0,0,0,0,0,0,0,0,0,0
function@_QMset_2dfld_modPset_2dfld_tile,326,134,0,149,106,61,2387.87,823.857,461.553,439.167,902.067
function@_QMrho_eos_modPrho_eos,367,0,0,210,0,6,367,0,210,0,6
function@_QMrho_eos_modPrho_eos_tile,2779,407,0,429,860,144,4.28296e+06,254612,159506,1.2732e+06,153114
function@_QMstiffness_modPstiffness,118,0,0,51,0,1,118,0,51,0,1
function@_QMstiffness_modPstiffness_tile,255,115,0,132,99,63,151761,84975.8,2294.15,25845.5,122460
function@get_idata_,0,0,0,0,0,0,0,0,0,0,0
function@_QMprsgrd_modPprsgrd,514,0,0,148,0,5,514,0,148,0,5
function@_QMprsgrd_modPprsgrd_tile,1876,615,0,743,613,139,2.35807e+06,549801,272772,455604,284489
function@def_avg_,0,0,0,0,0,0,0,0,0,0,0
function@_QMu2dbc_modPu2dbc,40,0,0,18,0,2,40,0,18,0,2
function@_QMu2dbc_modPu2dbc_tile,44,26,0,30,21,22,101.373,72.1961,49.3137,47.1961,35.0392
function@def_info_,17,10,0,9,5,106,21.5627,42.3516,21.1563,15.7031,301.76
function@_QMstate_scale_modPstate_scale,190,93,0,138,73,37,1.09816e+06,1.25961e+06,379719,373872,467179
function@wrt_diags_,0,0,0,0,0,0,0,0,0,0,0
function@_QMmod_ncparamPinitialize_ncparam,704,267,0,176,248,190,3521.72,3232.59,1124.13,981.426,3520.9
function@_QMmod_scalarsPinitialize_scalars,308,54,0,69,45,49,1213.96,298.627,264.608,247.294,323.686
function@obs_cost_,0,0,0,0,0,0,0,0,0,0,0
function@_QMnf_fread2d_bry_modPnf_fread2d_bry,125,57,0,58,59,35,51710.7,36185.3,5597.75,11790.1,22893.7
function@_QMstate_addition_modPstate_addition,227,120,0,180,81,30,1.55884e+06,1.94753e+06,608758,282635,350396
function@wrt_tides_,0,0,0,0,0,0,0,0,0,0,0
function@wrt_rst_,181,50,0,162,30,40,2.42925,3.86371,5.24561,0.917467,3.81482
function@_QMomega_modPomega,168,0,0,78,0,5,168,0,78,0,5
function@_QMomega_modPomega_tile,503,189,0,222,133,49,301202,113411,61350.3,36333.1,34411.2
function@_QMomega_modPscale_omega,160,58,0,94,55,22,120668,42100.7,22584.4,10559.1,25493.7
function@wrt_impulse_,0,0,0,0,0,0,0,0,0,0,0
function@_QMextract_sta_modPextract_sta2d,166,97,0,70,55,34,514.98,181.49,64.2255,128.431,97.598
function@_QMextract_sta_modPextract_sta3d,936,360,0,398,252,98,1247.38,369.789,303.16,273.648,146.094
function@get_gst_,0,0,0,0,0,0,0,0,0,0,0
function@checkerror_,1,0,0,1,1,2,1,0,0.380952,1,1.47619
function@output_,0,1,0,1,1,7,0,0.118321,0.194656,0.118321,5.4542
function@_QMexchange_3d_modPexchange_p3d_tile,89,65,0,69,27,17,2457.7,4003.32,789.556,238.839,1124.8
function@_QMexchange_3d_modPexchange_r3d_tile,89,65,0,69,27,17,2457.7,4003.32,789.556,238.839,1124.8
function@_QMexchange_3d_modPexchange_u3d_tile,89,65,0,69,27,17,2457.7,4003.32,789.556,238.839,1124.8
function@_QMexchange_3d_modPexchange_v3d_tile,89,65,0,69,27,17,2457.7,4003.32,789.556,238.839,1124.8
function@_QMexchange_3d_modPexchange_w3d_tile,89,65,0,69,27,17,2457.7,4003.32,789.556,238.839,1124.8
function@def_floats_,0,0,0,0,0,0,0,0,0,0,0
function@get_date_,0,1,0,1,1,2,0,1,1,0.47619,2
function@day_code_,66,30,0,49,48,15,305.4,62.4,310.72,28.64,38
function@caldate_,22,0,0,0,7,17,4.71554,0,0,1.36364,2.38416
function@ref_att_,14,3,0,3,4,4,14,3,3,4,3
function@time_string_,0,1,0,1,0,7,0,1,1,0,7
function@_QMset_vbc_modPset_vbc,394,0,0,142,0,3,394,0,142,0,3
function@_QMset_vbc_modPset_vbc_tile,183,126,0,159,58,38,12692.6,17255.6,3747.3,3035.15,5346.8
function@_QMset_depth_modPset_depth,287,0,0,83,0,3,287,0,83,0,3
function@_QMset_depth_modPset_depth_tile,633,197,0,246,194,56,172609,37325.3,27596.4,19524.6,15050.2
function@_QMstate_product_modPstate_product,593,204,0,293,206,68,3.05611e+06,952420,576881,413912,713814
function@wrt_avg_,0,0,0,0,0,0,0,0,0,0,0
function@_QMstrings_modPfind_string,0,5,0,3,1,2,0,41.2692,21.3077,0.615385,19.9615
function@_QMstrings_modPlowercase,6,1,0,3,1,5,24.4375,19.9375,21.9375,0.5,41.875
function@_QMstrings_modPuppercase,6,1,0,3,1,5,24.4375,19.9375,21.9375,0.5,41.875
function@_QMstep3d_uv_modPstep3d_uv,866,0,0,320,0,7,866,0,320,0,7
function@_QMstep3d_uv_modPstep3d_uv_tile,4740,1427,0,1596,924,409,3.07315e+06,878001,579964,412760,338188
function@ludcmp_,126,67,0,51,70,26,12206.3,14159.7,4852.77,4554.74,7049.43
function@obs_write_,0,0,0,0,0,0,0,0,0,0,0
function@_QMstate_copy_modPstate_copy,196,107,0,164,70,38,656084,1.60757e+06,260394,147671,576905
function@ran1_s_,0,0,0,0,0,1,0,0,0,0,1
function@ran1_v_,0,0,0,0,0,1,0,0,0,0,1
function@_QMmod_parallelPinitialize_parallel,0,0,0,0,0,4,0,0,0,0,4
function@main3d_,1,2,0,2,1,5,0.996094,1.05859,1.05859,0.03125,4.17578
function@main3d_..omp_par.13,8,7,0,6,1,6,140.562,424.875,24.9375,0.625,864.625
function@main3d_..omp_par.12,8,7,0,6,1,7,140.562,264.875,24.9375,0.625,554.562
function@main3d_..omp_par.11,8,7,0,6,1,7,140.562,264.875,24.9375,0.625,554.562
function@main3d_..omp_par.10,8,7,0,6,1,6,140.562,424.875,24.9375,0.625,864.625
function@main3d_..omp_par.9,8,7,0,6,1,7,140.562,264.875,24.9375,0.625,554.562
function@main3d_..omp_par.8,8,7,0,6,1,7,140.562,264.875,24.9375,0.625,554.562
function@main3d_..omp_par.7,8,7,0,6,1,7,140.562,264.875,24.9375,0.625,554.562
function@main3d_..omp_par.6,8,7,0,6,1,6,140.562,424.875,24.9375,0.625,864.625
function@main3d_..omp_par.5,9,9,0,6,1,7,380.5,744.75,24.9375,0.625,554.562
function@main3d_..omp_par.4,8,8,0,6,1,6,140.562,824.812,24.9375,0.625,864.625
function@main3d_..omp_par.3,8,9,0,6,1,6,140.562,1224.75,24.9375,0.625,864.625
function@main3d_..omp_par.2,8,7,0,6,1,7,140.562,264.875,24.9375,0.625,554.562
function@main3d_..omp_par.1,8,7,0,6,1,6,140.562,424.875,24.9375,0.625,864.625
function@main3d_..omp_par,8,7,0,6,1,6,140.562,424.875,24.9375,0.625,864.625
function@_QMbc_bry2d_modPbc_r2d_bry_tile,6,8,0,3,0,9,2.09375,3.75,3,0,5.17188
function@_QMbc_bry2d_modPbc_u2d_bry_tile,9,9,0,5,2,12,2.79688,3.98438,4.23438,0.46875,6.64062
function@_QMbc_bry2d_modPbc_v2d_bry_tile,13,9,0,5,2,12,4.42188,3.98438,4.23438,0.46875,6.64062
function@wrt_ini_,0,0,0,0,0,0,0,0,0,0,0
function@_QMmod_oceanPallocate_ocean,261,55,0,65,75,16,259.5,55,59,67,16
function@_QMmod_oceanPinitialize_ocean,206,83,0,57,31,38,976237,777264,195581,96363,297989
