Comando: /home/mpvreal/Code/Faculdade/tcc/llvm/build/bin/llc --march=x86-64 --regalloc=basic -o -
Heurística: div(cost,mul(area,pow(degree,2)))
function@set_data_,0,0,0,0,0,8,0,0,0,0,8
function@set_data_tile_,0,0,0,0,0,34,0,0,0,0,34
function@get_3dfld_,176,24,0,48,11,158,50.1707,3.7768,14.6101,4.89001,163.408
function@set_ngfldr_,0,0,0,0,0,0,0,0,0,0,0
function@close_io_,0,0,0,0,0,39,0,0,0,0,14.3929
function@_QMdiag_modPdiag,59,0,0,13,0,6,59,0,13,0,6
function@_QMdiag_modPdiag_tile,318,178,0,150,52,78,34824,28753.9,6601.72,1705.06,17612.9
function@_QMmod_mixingPallocate_mixing,97,11,0,35,5,15,96.5,11,35,5,14
function@_QMmod_mixingPinitialize_mixing,129,42,0,18,4,54,466784,23682.6,135.68,11.32,633683
function@_QMset_zeta_modPset_zeta,2,0,0,1,0,8,2,0,1,0,8
function@_QMset_zeta_modPset_zeta_tile,54,13,0,27,8,15,127.809,65.8235,39.0441,1.95588,657.235
function@def_impulse_,0,0,0,0,0,0,0,0,0,0,0
function@get_3dfldr_,0,0,0,0,0,0,0,0,0,0,0
function@_QMdef_var_modPdef_var,101,0,0,7,0,534,7.40424,0,4.7806,0,195.869
function@_QMnf_fread3d_bry_modPnf_fread3d_bry,52,56,0,50,16,30,2233.87,45183.3,299.211,571.578,25635.5
function@_QMnrutilParray_copy_r,0,0,0,0,0,5,0,0,0,0,2.68
function@_QMnrutilParray_copy_d,0,0,0,0,0,5,0,0,0,0,2.68
function@_QMnrutilParray_copy_i,0,0,0,0,0,5,0,0,0,0,2.68
function@_QMnrutilParth_r,7,7,0,8,3,13,23.3039,95.3039,20.7843,9.38235,48.2353
function@_QMnrutilParth_d,7,7,0,8,3,13,23.3039,95.3039,20.7843,9.38235,48.2353
function@_QMnrutilParth_i,8,6,0,6,3,12,23.5196,20.0196,16.4804,9.38235,47.2353
function@_QMnrutilPnrerror,0,0,0,0,0,8,0,0,0,0,8
function@_QMnrutilPreallocate_rv,3,3,0,3,1,16,2.25,1.78125,2.625,0.390625,7.00781
function@_QMnrutilPreallocate_iv,3,3,0,3,1,16,2.25,1.78125,2.625,0.390625,7.00781
function@_QMnrutilPreallocate_hv,23,6,0,5,4,31,17.2812,10.1715,3.875,9.31091,7.02707
function@_QMnrutilPreallocate_rm,22,21,0,13,2,27,20.1641,58.373,9.25,0.488281,66.875
function@_QMnrutilPreallocate_im,22,21,0,13,2,27,20.1641,58.373,9.25,0.488281,66.875
function@_QMlmd_vmix_modPlmd_vmix,108,1,0,21,0,6,108,1,21,0,6
function@_QMlmd_vmix_modPlmd_vmix_tile,705,270,0,241,87,63,383403,127861,38157.2,8002.37,119023
function@_QMlmd_vmix_modPlmd_finish,62,0,0,11,0,3,62,0,11,0,3
function@_QMlmd_vmix_modPlmd_finish_tile,58,27,0,50,7,13,34005.2,9611.45,16966.8,253.692,40331.4
function@wrt_floats_,0,0,0,0,0,0,0,0,0,0,0
function@_QMnf_fwrite3d_bry_modPnf_fwrite3d_bry,97,52,0,52,31,28,21690.7,26299.9,4172.14,9782.24,73494.5
function@my_flush_,0,0,0,0,0,0,0,0,0,0,0
function@my_getpid_,0,0,0,0,0,0,0,0,0,0,0
function@my_numthreads_,0,0,0,0,0,0,0,0,0,0,0
function@my_threadnum_,0,0,0,0,0,0,0,0,0,0,0
function@my_wtime_,0,0,0,0,0,0,0,0,0,0,0
function@wrt_station_,0,0,0,0,0,0,0,0,0,0,0
function@lmd_swfrac_tile_,72,31,0,56,12,20,5974.3,3620.85,4517.45,19.15,2513.75
function@_QMstate_initialize_modPstate_initialize,61,41,0,48,9,28,12407.4,11427.3,4550.73,3286.6,240153
function@get_cycle_,28,5,0,11,3,49,20.3777,7.88136,9.96852,3,53.8475
function@wrt_info_,370,79,0,5,0,562,9.96533,3,5,0,10.9653
function@_QMt3dmix_modPt3dmix2,22,1,0,17,0,7,22,1,17,0,7
function@_QMt3dmix_modPt3dmix2_tile,580,314,0,222,86,142,1.11217e+07,3.69134e+06,968323,516222,3.44294e+06
function@_QMini_fields_modPini_fields,26,5,0,25,0,10,26,5,25,0,10
function@_QMini_fields_modPini_fields_tile,469,162,0,141,66,76,50711.6,18466.3,3068.59,499.571,103414
function@_QMini_fields_modPini_zeta,4,0,0,2,0,9,4,0,2,0,9
function@_QMini_fields_modPini_zeta_tile,50,17,0,21,6,18,89.2018,50.367,31.6055,2.36697,773.11
function@set_scoord_,136,33,0,103,1,58,510.765,101.812,361.882,0.152941,273.965
function@_QMset_3dfld_modPset_3dfld_tile,176,76,0,85,43,64,1780.11,2393.76,128.323,4.28179,8157.48
function@obs_read_,0,0,0,0,0,0,0,0,0,0,0
function@wrt_error_,0,0,0,0,0,0,0,0,0,0,0
function@initial_,0,0,0,0,0,13,0,0,0,0,9.75676
function@initial_..omp_par.9,0,0,0,0,0,7,0,0,0,0,67.75
function@initial_..omp_par.8,8,3,0,4,2,7,47.8333,35.5,3.66667,22.25,1336.17
function@initial_..omp_par.7,8,2,0,3,1,8,47.8333,22.25,3,1,1762.75
function@initial_..omp_par.6,8,2,0,3,1,6,47.8333,22.25,3,1,909.583
function@initial_..omp_par.5,8,2,0,3,1,6,47.8333,22.25,3,1,909.583
function@initial_..omp_par.4,8,3,0,4,2,7,47.8333,35.5,3.66667,22.25,1336.17
function@initial_..omp_par.3,8,2,0,3,1,6,47.8333,22.25,3,1,909.583
function@initial_..omp_par.2,8,3,0,4,2,7,47.8333,35.5,3.66667,22.25,1336.17
function@initial_..omp_par.1,8,3,0,4,2,7,47.8333,35.5,3.66667,22.25,1336.17
function@initial_..omp_par,0,0,0,0,0,7,0,0,0,0,67.75
function@lubksb_,0,0,0,0,0,13,0,0,0,0,68.5
function@_QMran_statePran_init,0,0,0,0,0,3,0,0,0,0,3
function@_QMran_statePran_seed,0,0,0,0,0,3,0,0,0,0,3
function@_QMmod_gridPallocate_grid,224,20,0,50,2,49,223.5,20,50,2,48
function@_QMmod_gridPinitialize_grid,9,57,0,12,5,116,663.04,9331.88,162.96,15.28,79729
function@_QMpre_step3d_modPpre_step3d,80,3,0,76,0,10,80,3,76,0,10
function@_QMpre_step3d_modPpre_step3d_tile,1854,1095,0,691,254,465,9.92014e+06,5.52966e+06,1.34998e+06,299398,3.48323e+06
function@checkdefs_,54,96,0,51,0,370,51.5,78,49.75,0,221.781
function@_QQmain,0,0,0,0,0,4,0,0,0,0,4
function@set_diags_,0,0,0,0,0,0,0,0,0,0,0
function@checkvars_,52,2,0,7,0,257,138.639,5.25,13.4062,0,696.752
function@main2d_,0,0,0,0,0,0,0,0,0,0,0
function@get_2dfld_,191,31,0,61,16,188,54.5433,5.5257,23.887,5.43723,147.085
function@_QMnf_fread3d_modPnf_fread3d,34,32,0,41,14,35,34.3546,921.273,23.8895,8.34593,948.311
function@def_tides_,0,0,0,0,0,0,0,0,0,0,0
function@gasdev_s_,16,2,0,11,0,3,178.5,8.75,145,0,33
function@gasdev_v_,148,42,0,32,8,31,918.906,79.0206,130.557,23.695,99.0046
function@def_dim_,1,0,0,1,0,26,0.21875,0,1,0,14.5312
function@inp_par_,23,8,0,23,2,143,82.3852,32.9836,106.295,8.30328,619.549
function@read_phypar_,263,10,0,41,5,2108,6.16624,3.88289,6.31155,0.194734,674.927
function@decode_line_,63,16,0,16,8,53,75.2866,15.4331,7.80892,3.94268,46.7197
function@load_i1_,0,0,0,0,0,1,0,0,0,0,1
function@load_l1_,0,0,0,0,0,4,0,0,0,0,4
function@load_r1_,0,0,0,0,0,1,0,0,0,0,1
function@load_i_,0,0,0,0,0,19,0,0,0,0,7.12745
function@load_l_,16,4,0,10,1,9,56.7619,2.5,16.1429,10.1429,63.1667
function@load_r_,0,0,0,0,0,21,0,0,0,0,7.73529
function@get_varcoords_,77,13,0,24,5,49,19.4561,4.58008,12.0801,2.05127,25.0884
function@_QMexchange_2d_modPexchange_p2d_tile,3,11,0,6,0,15,15,21.7451,12.1373,0,25.2549
function@_QMexchange_2d_modPexchange_r2d_tile,3,11,0,6,0,15,15,21.7451,12.1373,0,25.2549
function@_QMexchange_2d_modPexchange_u2d_tile,3,11,0,6,0,15,15,21.7451,12.1373,0,25.2549
function@_QMexchange_2d_modPexchange_v2d_tile,3,11,0,6,0,15,15,21.7451,12.1373,0,25.2549
function@_QMshapiro_modPshapiro2d_tile,90,69,0,47,17,45,154.297,1064.29,53.4945,4.97802,1459.47
function@_QMshapiro_modPshapiro3d_tile,87,79,0,47,31,51,8779.67,25439.1,874.25,452.583,30603.8
function@congrad_,0,0,0,0,0,0,0,0,0,0,0
function@obs_depth_,0,0,0,0,0,0,0,0,0,0,0
function@set_ngfld_,59,19,0,25,15,35,29.5059,163.835,25.8706,51.4235,397.871
function@get_2dfldr_,0,0,0,0,0,0,0,0,0,0,0
function@_QMuv3dmix_modPuv3dmix2,56,2,0,23,0,8,56,2,23,0,8
function@_QMuv3dmix_modPuv3dmix2_tile,494,242,0,313,99,68,729600,396339,65870.4,38190.2,184071
function@_QMocean_control_modProms_initialize,0,0,0,0,0,11,0,0,0,0,6.43548
function@_QMocean_control_modProms_initialize..omp_par,0,0,0,0,0,7,0,0,0,0,67.75
function@_QMocean_control_modProms_run,0,0,0,0,0,7,0,0,0,0,14.125
function@_QMocean_control_modProms_finalize,0,0,0,0,0,6,0,0,0,0,4.9375
function@_QMocean_control_modProms_finalize..omp_par,0,0,0,0,0,7,0,0,0,0,67.75
function@def_hessian_,0,0,0,0,0,0,0,0,0,0,0
function@_QMstep2d_modPstep2d,74,4,0,69,0,10,74,4,69,0,10
function@_QMstep2d_modPstep2d_tile,2858,1591,0,1072,502,618,66290,26690.7,8290.13,3821.31,16854.9
function@_QMmod_forcesPallocate_forces,92,9,0,24,2,21,91.5,9,24,2,20
function@_QMmod_forcesPinitialize_forces,14,7,0,11,6,46,4122.1,220.325,216.95,135.5,55502.7
function@def_lanczos_,0,0,0,0,0,0,0,0,0,0,0
function@_QMnf_fwrite2d_modPnf_fwrite2d,29,12,0,23,4,27,17.75,24.4722,11.6111,0.722222,97.2917
function@_QMu3dbc_modPu3dbc,16,0,0,9,0,2,16,0,9,0,2
function@_QMu3dbc_modPu3dbc_tile,17,21,0,18,2,15,40.0123,230.691,19.0247,0.197531,428.383
function@def_his_,187,41,0,50,34,474,20.0147,0.492208,2.50688,4.21562e-06,128.696
function@_QMmetrics_modPmetrics,5,2,0,4,0,8,5,2,4,0,8
function@_QMmetrics_modPmetrics_tile,1398,511,0,494,358,165,47841.4,16627.7,26962.8,1133.15,15026.8
function@_QMt3dbc_modPt3dbc,19,0,0,13,0,4,19,0,13,0,4
function@_QMt3dbc_modPt3dbc_tile,30,25,0,23,4,12,56.1111,232.481,19.642,0.395062,425.383
function@set_weights_,44,8,0,42,2,63,6094.86,1998.12,4066.76,10.4524,857.881
function@_QMnf_fwrite4d_modPnf_fwrite4d,71,32,0,52,18,25,10212.2,12881.3,2013.14,73.8889,31283
function@def_station_,0,0,0,0,0,0,0,0,0,0,0
function@_QMwvelocity_modPwvelocity,81,1,0,20,0,3,81,1,20,0,3
function@_QMwvelocity_modPwvelocity_tile,590,355,0,236,118,130,276082,177092,20090.2,7977.72,102780
function@_QMbulk_flux_modPbulk_flux,32,1,0,28,0,9,32,1,28,0,9
function@_QMbulk_flux_modPbulk_flux_tile,1191,491,0,819,83,102,914080,357193,681824,849.832,30442.8
function@_QMbulk_flux_modPbulk_psiu,33,14,0,35,0,3,17,7.5,18,0,2
function@_QMbulk_flux_modPbulk_psit,26,9,0,26,0,2,13.5,5,13.5,0,1.5
function@_QMnf_fwrite3d_modPnf_fwrite3d,42,23,0,37,15,26,319.413,571.019,110.673,13.2981,1702.81
function@get_state_,100,2,0,16,1,298,10.7292,0.0281781,7.12732,0.00132823,14.3697
function@_QMutility_modPnrng,45,12,0,26,0,3,20.1484,6.30128,17.1639,0,3.75
function@_QMutility_modPurng,0,0,0,0,0,8,0,0,0,0,20.8889
function@obs_initial_,0,0,0,0,0,0,0,0,0,0,0
function@checkadj_,0,0,0,0,0,82,0,0,0,0,66
function@def_diags_,0,0,0,0,0,0,0,0,0,0,0
function@_QManalytical_modPana_btflux,10,0,0,5,0,5,10,0,5,0,5
function@_QManalytical_modPana_btflux_tile,6,6,0,2,0,26,12.5276,1.71779,2,0,437.497
function@_QManalytical_modPana_cloud,0,0,0,0,0,8,0,0,0,0,8
function@_QManalytical_modPana_cloud_tile,16,2,0,9,1,14,21.775,0.825,6.225,0.2,249.625
function@_QManalytical_modPana_grid,5,0,0,2,0,8,4.75,0,2,0,8
function@_QManalytical_modPana_grid_tile,680,291,0,245,149,145,18379.1,8609.3,3315.67,1309.27,8396.03
function@_QManalytical_modPana_humid,0,0,0,0,0,8,0,0,0,0,8
function@_QManalytical_modPana_humid_tile,16,2,0,9,1,14,21.775,0.825,6.225,0.2,249.625
function@_QManalytical_modPana_initial,28,0,0,20,0,4,18,0,11.5,0,3.5
function@_QManalytical_modPana_nlminitial_tile,126,79,0,67,19,57,48329.9,48134.9,33672.3,776.05,22047.9
function@_QManalytical_modPana_pair,0,0,0,0,0,8,0,0,0,0,8
function@_QManalytical_modPana_pair_tile,16,2,0,9,1,14,21.775,0.825,6.225,0.2,249.625
function@_QManalytical_modPana_rain,0,0,0,0,0,8,0,0,0,0,8
function@_QManalytical_modPana_rain_tile,11,5,0,7,2,19,14.975,19.95,4.65,0.4,256.8
function@_QManalytical_modPana_srflux,0,0,0,0,0,9,0,0,0,0,9
function@_QManalytical_modPana_srflux_tile,224,85,0,165,17,20,8381.58,6112.45,6390.35,53.675,1554.35
function@_QManalytical_modPana_stflux,5,0,0,5,0,8,5,0,5,0,8
function@_QManalytical_modPana_stflux_tile,15,13,0,11,0,24,23.7853,26.0552,12.0675,0,433.239
function@_QManalytical_modPana_tair,0,0,0,0,0,8,0,0,0,0,8
function@_QManalytical_modPana_tair_tile,16,2,0,9,1,14,21.775,0.825,6.225,0.2,249.625
function@_QManalytical_modPana_winds,0,0,0,0,0,9,0,0,0,0,9
function@_QManalytical_modPana_winds_tile,79,26,0,50,8,22,2214.57,1323.88,771.45,2.45,1643.68
function@_QMbc_bry3d_modPbc_r3d_bry_tile,12,4,0,2,0,26,2.20588,1.7451,2,0,46.2941
function@_QMbc_bry3d_modPbc_u3d_bry_tile,20,4,0,3,1,27,5.21569,1.7451,3,0.0784314,47.2941
function@_QMbc_bry3d_modPbc_v3d_bry_tile,28,0,0,3,1,26,9.83333,0,3,0.0784314,46.2941
function@get_data_,0,0,0,0,0,5,0,0,0,0,5
function@_QMstep3d_t_modPstep3d_t,25,1,0,20,0,9,25,1,20,0,9
function@_QMstep3d_t_modPstep3d_t_tile,1085,582,0,378,146,182,1.49457e+07,6.39291e+06,1.12765e+06,629553,4.36459e+06
function@_QMmod_netcdfPnetcdf_get_dim,0,0,0,0,0,4,0,0,0,0,4
function@_QMmod_netcdfPnetcdf_check_dim,0,0,0,0,0,4,0,0,0,0,4
function@_QMmod_netcdfPnetcdf_check_var,0,0,0,0,0,4,0,0,0,0,4
function@_QMmod_netcdfPnetcdf_inq_var,0,0,0,0,0,4,0,0,0,0,4
function@_QMmod_netcdfPnetcdf_inq_varid,0,0,0,0,0,4,0,0,0,0,4
function@_QMmod_netcdfPnetcdf_get_fatt,0,0,0,0,0,4,0,0,0,0,4
function@_QMmod_netcdfPnetcdf_get_fvar_0d,0,0,0,0,0,4,0,0,0,0,4
function@_QMmod_netcdfPnetcdf_get_fvar_1d,0,0,0,0,0,4,0,0,0,0,4
function@_QMmod_netcdfPnetcdf_get_fvar_2d,0,0,0,0,0,4,0,0,0,0,4
function@_QMmod_netcdfPnetcdf_get_fvar_3d,0,0,0,0,0,4,0,0,0,0,4
function@_QMmod_netcdfPnetcdf_get_fvar_4d,0,0,0,0,0,4,0,0,0,0,4
function@_QMmod_netcdfPnetcdf_get_ivar_0d,0,0,0,0,0,4,0,0,0,0,4
function@_QMmod_netcdfPnetcdf_get_ivar_1d,0,0,0,0,0,4,0,0,0,0,4
function@_QMmod_netcdfPnetcdf_get_ivar_2d,0,0,0,0,0,4,0,0,0,0,4
function@_QMmod_netcdfPnetcdf_get_svar_0d,0,0,0,0,0,4,0,0,0,0,4
function@_QMmod_netcdfPnetcdf_get_svar_1d,0,0,0,0,0,4,0,0,0,0,4
function@_QMmod_netcdfPnetcdf_put_fvar_0d,0,0,0,0,0,4,0,0,0,0,4
function@_QMmod_netcdfPnetcdf_put_fvar_1d,0,0,0,0,0,4,0,0,0,0,4
function@_QMmod_netcdfPnetcdf_put_fvar_2d,0,0,0,0,0,4,0,0,0,0,4
function@_QMmod_netcdfPnetcdf_put_fvar_3d,0,0,0,0,0,4,0,0,0,0,4
function@_QMmod_netcdfPnetcdf_put_fvar_4d,0,0,0,0,0,4,0,0,0,0,4
function@_QMmod_netcdfPnetcdf_put_ivar_0d,0,0,0,0,0,4,0,0,0,0,4
function@_QMmod_netcdfPnetcdf_put_ivar_1d,0,0,0,0,0,4,0,0,0,0,4
function@_QMmod_netcdfPnetcdf_put_ivar_2d,0,0,0,0,0,4,0,0,0,0,4
function@_QMmod_netcdfPnetcdf_put_lvar_0d,0,0,0,0,0,4,0,0,0,0,4
function@_QMmod_netcdfPnetcdf_put_lvar_1d,0,0,0,0,0,4,0,0,0,0,4
function@_QMmod_netcdfPnetcdf_put_lvar_2d,0,0,0,0,0,4,0,0,0,0,4
function@_QMmod_netcdfPnetcdf_put_svar_0d,0,0,0,0,0,4,0,0,0,0,4
function@_QMmod_netcdfPnetcdf_put_svar_1d,0,0,0,0,0,4,0,0,0,0,4
function@_QMmod_netcdfPnetcdf_close,0,0,0,0,0,4,0,0,0,0,4
function@_QMmod_netcdfPnetcdf_create,0,0,0,0,0,4,0,0,0,0,4
function@_QMmod_netcdfPnetcdf_enddef,0,0,0,0,0,4,0,0,0,0,4
function@_QMmod_netcdfPnetcdf_open,0,0,0,0,0,4,0,0,0,0,4
function@_QMmod_netcdfPnetcdf_openid,0,0,0,0,0,0,0,0,0,0,0
function@_QMmod_netcdfPnetcdf_redef,0,0,0,0,0,4,0,0,0,0,4
function@_QMmod_netcdfPnetcdf_sync,0,0,0,0,0,4,0,0,0,0,4
function@nf90_get_var_,0,0,0,0,0,0,0,0,0,0,0
function@nf90_put_var_,0,0,0,0,0,0,0,0,0,0,0
function@nf90_def_var_,0,0,0,0,0,0,0,0,0,0,0
function@nf90_put_att_,0,0,0,0,0,0,0,0,0,0,0
function@nf90_get_dim_,0,0,0,0,0,0,0,0,0,0,0
function@nf90_def_dim_,0,0,0,0,0,0,0,0,0,0,0
function@nf90_strerror_,0,0,0,0,0,0,0,0,0,0,0
function@_QMlmd_skpp_modPlmd_skpp,94,0,0,51,0,10,94,0,51,0,10
function@_QMlmd_skpp_modPlmd_skpp_tile,1916,954,0,844,239,290,870185,487827,205992,25815.2,163949
function@get_grid_,0,0,0,0,0,0,0,0,0,0,0
function@wrt_gst_,0,0,0,0,0,0,0,0,0,0,0
function@_QMnf_fread4d_modPnf_fread4d,62,47,0,63,20,32,1426.66,19351.8,168.732,40.2927,18717.9
function@grid_coords_,0,0,0,0,0,0,0,0,0,0,0
function@wclock_on_,0,3,0,1,0,10,0,1.7619,1,0,9.38095
function@wclock_off_,6,3,0,4,0,9,3,1.80952,3.09524,0,8.71429
function@rep_matrix_,0,0,0,0,0,0,0,0,0,0,0
function@mod_arrays_,0,0,0,0,0,30,0,0,0,0,21.6667
function@mod_arrays_..omp_par,12,4,0,7,3,15,132.833,48.75,26.25,43.5,5580.08
function@def_error_,0,0,0,0,0,0,0,0,0,0,0
function@def_norm_,0,0,0,0,0,0,0,0,0,0,0
function@def_gst_,0,0,0,0,0,0,0,0,0,0,0
function@_QMinterpolate_modPlinterp2d,9,10,0,13,2,5,794.083,917.25,53.5,1.33333,642
function@_QMinterpolate_modPcinterp2d,69,63,0,51,7,45,13194.8,12871.7,6526.5,902.25,9600
function@_QMinterpolate_modPhindices,109,55,0,81,11,30,9756.79,12413.4,2932.76,542.088,9277.29
function@_QMinterpolate_modPtry_range,121,96,0,49,20,34,137.057,271.83,25.4084,6.42613,139.597
function@_QMinterpolate_modPinside,4,0,0,2,0,17,28.0465,0,2,0,241.372
function@_QMbc_3d_modPbc_r3d_tile,52,25,0,28,11,30,34.2099,42.679,22.716,1.90123,472.654
function@_QMbc_3d_modPbc_u3d_tile,31,16,0,19,3,20,21.8765,221.136,14.8519,0.506173,441.975
function@_QMbc_3d_modPbc_v3d_tile,26,13,0,22,4,27,20.4074,27.0988,13.9753,0.604938,252.148
function@_QMbc_3d_modPbc_w3d_tile,52,25,0,28,11,30,34.2099,42.679,22.716,1.90123,472.654
function@stats_modobs_,0,0,0,0,0,0,0,0,0,0,0
function@wrt_hessian_,0,0,0,0,0,0,0,0,0,0,0
function@wrt_his_,173,54,0,67,23,276,16.5537,6.77003,3.33483,0.533071,36.6643
function@_QMmod_couplingPallocate_coupling,47,4,0,13,0,10,46.5,4,13,0,9
function@_QMmod_couplingPinitialize_coupling,0,0,0,0,0,31,0,0,0,0,3713.58
function@_QMnf_fwrite2d_bry_modPnf_fwrite2d_bry,61,26,0,23,22,25,1307.48,1089.38,439.667,766.286,3847
function@_QMwhite_noise_modPwhite_noise1d,18,2,0,5,1,58,9.31026,0.156352,3.18241,0.0781759,71.7142
function@_QMwhite_noise_modPwhite_noise2d,27,15,0,17,3,38,202.82,52.6066,26.7295,8.36885,468.484
function@_QMwhite_noise_modPwhite_noise2d_bry,17,0,0,5,0,59,10.6963,0,4.10423,0,85.3461
function@_QMwhite_noise_modPwhite_noise3d,29,34,0,26,10,38,802.746,832.336,266.771,200.492,7983.92
function@_QMwhite_noise_modPwhite_noise3d_bry,23,19,0,20,5,53,38.0658,39.1711,21.8816,2.80263,452.184
function@get_ngfld_,181,30,0,60,11,156,81.3313,6.2825,36.2843,5.80327,94.4302
function@regrid_,54,41,0,30,25,50,52.7812,35.9141,21.4453,17.8516,90.2891
function@_QMv3dbc_modPv3dbc,16,0,0,9,0,2,16,0,9,0,2
function@_QMv3dbc_modPv3dbc_tile,15,15,0,16,3,14,34.5926,217.296,18.9136,0.506173,427.383
function@_QMstate_dotprod_modPstate_dotprod,168,73,0,91,10,43,47519.8,115171,1234.77,5122.95,278881
function@my_abort_,0,0,0,0,0,0,0,0,0,0,0
function@get_bounds_,0,0,0,0,0,7,0,0,0,0,7
function@get_domain_,13,0,0,4,0,17,6.88235,0,4,0,17
function@get_iobounds_,0,0,0,0,0,2,0,0,0,0,2
function@get_tile_,7,0,0,2,0,12,4.2381,0,2,0,8.95238
function@tile_bounds_1d_,0,0,0,0,0,7,0,0,0,0,5.5
function@tile_bounds_2d_,1,0,0,1,0,11,1,0,1,0,11
function@var_bounds_,0,0,0,0,0,1,0,0,0,0,1
function@_QMset_massflux_modPset_massflux,50,0,0,16,0,3,50,0,16,0,3
function@_QMset_massflux_modPset_massflux_tile,74,58,0,67,5,17,52126.2,36513.8,17663.8,255.762,33145.1
function@_QMzetabc_modPzetabc,10,0,0,5,0,5,10,0,5,0,5
function@_QMzetabc_modPzetabc_tile,7,8,0,3,0,11,3.62745,1.2549,3,0,23.7843
function@_QMbc_2d_modPbc_r2d_tile,36,10,0,18,7,34,32.9511,6.29095,11.0636,2.35697,29.5966
function@_QMbc_2d_modPbc_u2d_tile,21,4,0,8,0,14,12.2157,0.941177,8,0,26.7843
function@_QMbc_2d_modPbc_v2d_tile,10,9,0,9,11,25,11.1149,9.56724,5.68949,9.95355,19.1736
function@_QMnf_fread2d_modPnf_fread2d,255,88,0,159,3,42,24.6466,48.5492,21.4434,1.93439,48.1238
function@def_mod_,0,0,0,0,0,0,0,0,0,0,0
function@def_ini_,0,0,0,0,0,0,0,0,0,0,0
function@_QMv2dbc_modPv2dbc,10,0,0,5,0,5,10,0,5,0,5
function@_QMv2dbc_modPv2dbc_tile,2,4,0,2,0,11,2,0.627451,2,0,23.7843
function@_QMrhs3d_modPrhs3d,60,0,0,47,0,8,60,0,47,0,8
function@_QMrhs3d_modPrhs3d_tile,1824,1132,0,620,289,336,748935,749900,87379.9,32596.9,294642
function@def_rst_,0,0,0,0,0,3,0,0,0,0,3
function@_QMmod_paramPinitialize_param,0,0,0,0,0,0,0,0,0,0,0
function@get_ngfldr_,0,0,0,0,0,0,0,0,0,0,0
function@_QMset_2dfld_modPset_2dfld_tile,129,55,0,45,19,65,69.732,144.486,22.3024,3.95189,410.033
function@_QMrho_eos_modPrho_eos,36,0,0,31,0,8,36,0,31,0,8
function@_QMrho_eos_modPrho_eos_tile,904,459,0,516,63,258,1.0777e+06,531108,777187,7551.67,410316
function@_QMstiffness_modPstiffness,11,0,0,6,0,5,11,0,6,0,5
function@_QMstiffness_modPstiffness_tile,130,68,0,97,13,76,41970.2,1377.95,40993.6,11.0275,43246
function@get_idata_,0,0,0,0,0,0,0,0,0,0,0
function@_QMprsgrd_modPprsgrd,59,1,0,14,0,6,59,1,14,0,6
function@_QMprsgrd_modPprsgrd_tile,623,404,0,269,85,208,645331,348617,36477.9,7835.58,436226
function@def_avg_,0,0,0,0,0,0,0,0,0,0,0
function@_QMu2dbc_modPu2dbc,10,0,0,5,0,5,10,0,5,0,5
function@_QMu2dbc_modPu2dbc_tile,5,12,0,3,0,12,1.62745,2.19608,3,0,24.7843
function@def_info_,412,137,0,32,1,322,44.7066,26.375,24.5231,7.5,54.4539
function@_QMstate_scale_modPstate_scale,59,48,0,47,8,31,12381.8,18493.8,4501.8,3285.6,243565
function@wrt_diags_,0,0,0,0,0,0,0,0,0,0,0
function@_QMmod_ncparamPinitialize_ncparam,173,7,0,8,170,576,148.796,45.3358,31.683,38.0703,3284.88
function@_QMmod_scalarsPinitialize_scalars,28,1,0,11,0,20,23.902,1,10.2549,0,15.3529
function@obs_cost_,0,0,0,0,0,0,0,0,0,0,0
function@_QMnf_fread2d_bry_modPnf_fread2d_bry,33,34,0,30,9,28,127.734,1329.39,24.2752,20.4495,1222.72
function@_QMstate_addition_modPstate_addition,87,69,0,68,12,40,26327.1,47143.6,4561.75,3287.85,350761
function@wrt_tides_,0,0,0,0,0,0,0,0,0,0,0
function@wrt_rst_,68,11,0,14,1,147,4.90114,1.09331,2.08073,0.00115832,10.7871
function@_QMomega_modPomega,7,0,0,2,0,6,7,0,2,0,6
function@_QMomega_modPomega_tile,151,116,0,59,24,60,21103.4,64803.9,746.75,397.167,43798.2
function@_QMomega_modPscale_omega,43,32,0,35,16,27,1868.25,14181.2,182.415,145.262,21689.1
function@wrt_impulse_,0,0,0,0,0,0,0,0,0,0,0
function@_QMextract_sta_modPextract_sta2d,18,45,0,18,0,44,23.3235,53.902,12.2353,0,51.0392
function@_QMextract_sta_modPextract_sta3d,259,254,0,209,29,196,381.408,225.469,117.291,17.4695,164.587
function@get_gst_,0,0,0,0,0,0,0,0,0,0,0
function@checkerror_,3,0,0,3,0,35,1.42857,0,3,0,23.381
function@output_,3,0,0,1,0,19,0.368098,0,0.122699,0,8.47853
function@_QMexchange_3d_modPexchange_p3d_tile,30,17,0,26,8,14,557,330.963,239.79,7.7037,427.938
function@_QMexchange_3d_modPexchange_r3d_tile,30,17,0,26,8,14,557,330.963,239.79,7.7037,427.938
function@_QMexchange_3d_modPexchange_u3d_tile,30,17,0,26,8,14,557,330.963,239.79,7.7037,427.938
function@_QMexchange_3d_modPexchange_v3d_tile,30,17,0,26,8,14,557,330.963,239.79,7.7037,427.938
function@_QMexchange_3d_modPexchange_w3d_tile,30,17,0,26,8,14,557,330.963,239.79,7.7037,427.938
function@def_floats_,0,0,0,0,0,0,0,0,0,0,0
function@get_date_,0,0,0,0,0,6,0,0,0,0,5.2381
function@day_code_,0,0,0,0,0,10,0,0,0,0,8.96
function@caldate_,48,2,0,36,0,10,11.9294,0.247059,8.94706,0,5.48824
function@ref_att_,16,9,0,14,0,18,16,9,14,0,18
function@time_string_,0,0,0,0,0,15,0,0,0,0,15
function@_QMset_vbc_modPset_vbc,25,0,0,20,0,4,25,0,20,0,4
function@_QMset_vbc_modPset_vbc_tile,91,77,0,83,27,40,3443.78,5539.85,1071.17,1087.3,4769.93
function@_QMset_depth_modPset_depth,2,0,0,1,0,7,2,0,1,0,7
function@_QMset_depth_modPset_depth_tile,278,145,0,114,65,71,22993.3,33835.8,1019.61,638.368,34405.1
function@_QMstate_product_modPstate_product,181,108,0,98,35,84,46005,294887,1266.67,16.275,488206
function@wrt_avg_,0,0,0,0,0,0,0,0,0,0,0
function@_QMstrings_modPfind_string,5,2,0,4,3,8,22.6154,10.8077,4,1.92308,62.9231
function@_QMstrings_modPlowercase,0,0,0,0,0,13,0,0,0,0,50
function@_QMstrings_modPuppercase,0,0,0,0,0,13,0,0,0,0,50
function@_QMstep3d_uv_modPstep3d_uv,75,2,0,70,0,10,75,2,70,0,10
function@_QMstep3d_uv_modPstep3d_uv_tile,2080,1037,0,460,290,415,1.1411e+06,435271,110660,25716.7,250559
function@ludcmp_,30,14,0,15,4,31,560.015,1325.37,136.926,2.48529,669.147
function@obs_write_,0,0,0,0,0,0,0,0,0,0,0
function@_QMstate_copy_modPstate_copy,84,72,0,68,10,42,26035.8,58612.4,4380.65,4.65,350959
function@ran1_s_,0,0,0,0,0,3,0,0,0,0,3
function@ran1_v_,0,0,0,0,0,3,0,0,0,0,3
function@_QMmod_parallelPinitialize_parallel,0,0,0,0,0,10,0,0,0,0,10
function@main3d_,0,0,0,0,0,8,0,0,0,0,7.125
function@main3d_..omp_par.13,8,2,0,3,1,6,47.8333,22.25,3,1,909.583
function@main3d_..omp_par.12,8,2,0,3,1,8,47.8333,22.25,3,1,584.833
function@main3d_..omp_par.11,8,2,0,3,1,8,47.8333,22.25,3,1,584.833
function@main3d_..omp_par.10,8,2,0,3,1,6,47.8333,22.25,3,1,909.583
function@main3d_..omp_par.9,8,2,0,3,1,8,47.8333,22.25,3,1,584.833
function@main3d_..omp_par.8,8,2,0,3,1,8,47.8333,22.25,3,1,584.833
function@main3d_..omp_par.7,8,2,0,3,1,8,47.8333,22.25,3,1,584.833
function@main3d_..omp_par.6,8,2,0,3,1,6,47.8333,22.25,3,1,909.583
function@main3d_..omp_par.5,8,3,0,4,3,11,47.8333,30.1667,3.66667,22.9167,1607.83
function@main3d_..omp_par.4,8,2,0,3,1,8,47.8333,22.25,3,1,1762.75
function@main3d_..omp_par.3,8,2,0,3,1,10,47.8333,22.25,3,1,2615.92
function@main3d_..omp_par.2,8,3,0,4,3,8,47.8333,30.1667,3.66667,22.9167,840.083
function@main3d_..omp_par.1,8,3,0,4,2,7,47.8333,35.5,3.66667,22.25,1336.17
function@main3d_..omp_par,8,2,0,3,1,6,47.8333,22.25,3,1,909.583
function@_QMbc_bry2d_modPbc_r2d_bry_tile,0,0,0,0,0,11,0,0,0,0,7.9375
function@_QMbc_bry2d_modPbc_u2d_bry_tile,0,0,0,0,0,14,0,0,0,0,9.40625
function@_QMbc_bry2d_modPbc_v2d_bry_tile,0,0,0,0,0,14,0,0,0,0,9.40625
function@wrt_ini_,0,0,0,0,0,0,0,0,0,0,0
function@_QMmod_oceanPallocate_ocean,135,12,0,42,8,20,134.5,12,42,8,19
function@_QMmod_oceanPinitialize_ocean,11,48,0,15,5,95,5782.96,9572.88,378.24,15.28,1.14236e+06
