Comando: /home/mpvreal/Code/Faculdade/tcc/llvm/build/bin/llc --march=x86-64 --regalloc=greedy -o -
Heurística: div(cost,pow(degree,2))
function@writeout_,77,45,0,70,9,633,28690.8,11294.4,1256.87,339.75,55805.9
function@_QMplane_source_modPplane_source_init,2,0,0,2,0,132,2,0,2,0,4111.66
function@_QMplane_source_modPplane_source_read,18,11,0,21,0,197,284.039,473.859,143.971,0,2479.98
function@_QMplane_source_modPplane_source_apply,6,13,0,14,0,17,11.625,54.75,9.5,0,62.75
function@_QMplane_source_modPplane_source_end,0,0,0,0,0,0,0,0,0,0,0
function@_QMcommunicate_modPcom_init_mpi,0,0,0,0,0,3,0,0,0,0,3
function@_QMcommunicate_modPcommunicate_end,0,0,0,0,0,16,0,0,0,0,8.89412
function@init_,5,0,0,3,0,392,0.369141,0,0.369141,0,79.6115
function@_QMmur_modPmur_init,42,13,0,53,0,276,111.934,54.4495,13.6104,0,349.177
function@_QMmur_modPmur_updatee,605,136,0,293,16,139,322.298,111.099,62.7748,8.28477,124.914
function@_QMmur_modPmur_storee,62,56,0,54,2,100,48.1296,120.074,29.8889,1.31481,214.296
function@_QMmur_modPmur_end,0,0,0,0,0,72,0,0,0,0,10.3125
function@_QMmur_modPmur_set_mf_arrays,39,7,0,41,0,44,2729.75,872.65,377.8,0,3978.6
function@_QMupdate_modPupdate_init,0,0,0,0,0,2,0,0,0,0,2
function@_QMupdate_modPupdateh,344,197,0,234,166,89,21060.1,13140.1,2094.17,2878.36,13883.4
function@_QMupdate_modPupdatee,572,124,0,220,122,176,130725,50301.8,8538.03,6097.88,64582.4
function@_QMupdate_modPupdate_inith,113,89,0,99,7,73,1715.6,1880.93,198.931,112.412,4715.3
function@_QMupdate_modPupdate_inite,236,120,0,142,0,177,2341.5,3236.93,234.32,0,4989.14
function@_QMupml_modPupml_allocate,18,8,0,14,0,447,13.5882,8,14,0,376.353
function@_QMupml_modPcheck_allocate,0,0,0,0,0,22,0,0,0,0,2
function@_QMupml_modPupml_set_eps_arrays,54,13,0,57,0,144,5040.36,1627.83,555.429,0,1060.86
function@_QMupml_modPupml_init,2737,359,0,703,660,1583,2705.09,1311.18,761.723,96.9918,3565.16
function@_QMupml_modPupml_initb,110,103,0,165,0,138,7636.45,10105.2,2816.85,0,50963.4
function@_QMupml_modPupml_inith,269,198,0,161,1,121,8968.27,11359.6,877.675,20.475,7983.95
function@_QMupml_modPupml_updateh,656,458,0,662,158,299,1.37152e+06,300584,40894,1410.29,286330
function@_QMupml_modPupml_updatee,0,0,0,0,0,0,0,0,0,0,0
function@_QMupml_modPupml_updatee_homo,4432,864,0,1382,848,1048,1.53627e+06,337242,88818,10674.2,428531
function@_QMupml_modPupml_updatee_simple,5053,962,0,1520,857,1018,1.70818e+06,350703,76217.4,11869.8,399832
function@_QMupml_modPupml_initd,162,114,0,182,3,211,8728.32,11693.7,3181.78,41.0741,59407.2
function@_QMupml_modPupml_inite,372,241,0,168,4,179,10498.6,13455.7,1022.44,80.8889,11065.4
function@_QMupml_modPupml_end,0,0,0,0,0,450,0,0,0,0,241.667
function@_QMupml_modPcheck_deallocate,0,0,0,0,0,9,0,0,0,0,6.33333
function@_QMreadline_modPreadline,30,5,0,11,1,71,70.5924,4.875,10.625,0.375,237.538
function@_QMreadline_modPcheckifkeyword,0,0,0,0,0,5,0,0,0,0,32.4615
function@mpi_barrier_,0,0,0,0,0,6,0,0,0,0,6
function@mpi_bcast_,1,0,0,1,0,12,1,0,1,0,12
function@mpi_bcast_integers_,1,0,0,1,0,12,1,0,1,0,12
function@mpi_bcast_reals_,1,0,0,1,0,12,1,0,1,0,12
function@mpi_bcast_logical_,1,0,0,1,0,12,1,0,1,0,12
function@mpi_cart_rank_,0,0,0,0,0,9,0,0,0,0,9
function@mpi_cart_create_,1,0,0,1,0,13,1,0,1,0,13
function@mpi_cart_coords_,0,0,0,0,0,11,0,0,0,0,11
function@mpi_cart_shift_,1,0,0,1,0,13,1,0,1,0,13
function@mpi_comm_rank_,0,0,0,0,0,7,0,0,0,0,7
function@mpi_comm_size_,0,0,0,0,0,7,0,0,0,0,7
function@mpi_finalize_,0,0,0,0,0,0,0,0,0,0,0
function@mpi_init_,0,0,0,0,0,0,0,0,0,0,0
function@mpi_recv_,0,0,0,0,0,12,0,0,0,0,12
function@mpi_ssend_,1,0,0,1,0,13,1,0,1,0,13
function@mpi_bsend_,1,0,0,1,0,13,1,0,1,0,13
function@mpi_sendrecv_,1,0,0,1,0,21,1,0,1,0,21
function@mpi_wait_,0,0,0,0,0,7,0,0,0,0,7
function@mpi_isend_,1,0,0,1,0,13,1,0,1,0,13
function@mpi_wtick_,0,0,0,0,0,0,0,0,0,0,0
function@mpi_wtime_,0,0,0,0,0,0,0,0,0,0,0
function@mpi_buffer_attach_,0,0,0,0,0,7,0,0,0,0,7
function@mpi_buffer_detach_,0,0,0,0,0,7,0,0,0,0,7
function@mpi_pack_size_,0,0,0,0,0,10,0,0,0,0,10
function@mpi_gather_,0,0,0,0,0,14,0,0,0,0,14
function@mpi_type_struct_,2,0,0,2,0,14,2,0,2,0,14
function@mpi_type_commit_,0,0,0,0,0,5,0,0,0,0,5
function@mpi_type_extent_,0,0,0,0,0,6,0,0,0,0,6
function@mpi_type_free_,0,0,0,0,0,5,0,0,0,0,5
function@mpi_type_vector_,1,0,0,1,0,13,1,0,1,0,13
function@mpi_type_hvector_,1,0,0,1,0,13,1,0,1,0,13
function@mpi_irecv_,0,0,0,0,0,12,0,0,0,0,12
function@mpi_waitall_,0,0,0,0,0,9,0,0,0,0,9
function@mpi_sendrecv_replace_,1,0,0,1,0,21,1,0,1,0,21
function@mpi_bsend_init_,0,0,0,0,0,13,0,0,0,0,13
function@mpi_recv_init_,0,0,0,0,0,13,0,0,0,0,13
function@mpi_dims_create_,0,0,0,0,0,9,0,0,0,0,9
function@mpi_start_,0,0,0,0,0,6,0,0,0,0,6
function@mpi_allreduce_,0,0,0,0,0,0,0,0,0,0,0
function@mpi_reduce_,0,0,0,0,0,0,0,0,0,0,0
function@_QMhuygens_modPhuygens_init,0,0,0,0,0,2,0,0,0,0,2
function@_QMhuygens_modPhuygensh,464,113,0,233,3,378,305.357,133,118.179,3,895.036
function@_QMhuygens_modPhuygense,618,126,0,273,3,469,375.018,139.518,135.018,3,1116.98
function@_QMhuygens_modPuin,176,96,0,93,5,246,512.52,653.3,366.456,6.94444,3374.72
function@_QMmaterial_modPmat_init,429,127,0,370,94,504,2.08603e+06,491066,159337,347694,2.7555e+06
function@_QMmaterial_modPmat_updatee,95,117,0,130,6,72,201398,132486,13061.5,6,113504
function@calcflops_,0,0,0,0,0,0,0,0,0,0,0
function@_QMpower_modPpower_init,17,17,0,31,0,183,844.5,1424.88,307,0,1133.05
function@_QMpower_modPpower_stop,0,0,0,0,0,11,0,0,0,0,882.417
function@_QMpower_modPpower_dft,13,1,0,12,1,37,1189.63,202.259,45.7963,6.31482,18626.3
function@_QMpower_modPpower_print,15,0,0,10,0,79,40.0977,0,5.67188,0,298.295
function@_QMpower_modPpower_intere,8,8,0,8,0,36,2.66667,2.66667,8,0,5.33333
function@_QMpower_modPpower_interh,17,4,0,12,0,42,5.66667,1.33333,10,0,7.33333
function@_QMpower_modPread_power,6,1,0,4,0,313,22.9309,0.625,7.69321,0,13280.1
function@_QMpower_modPpower_updateh,50,17,0,43,2,16,69.725,36.8,31.375,3.375,20.85
function@timer_,0,0,0,0,0,11,0,0,0,0,7.57143
function@leapfrog_,73,36,0,45,3,165,471.59,1047.42,74.9219,1.875,2920.52
function@_QMpec_modPpec_read,5,0,0,3,0,110,7.27734,0,1.73828,0,262.027
function@_QMpec_modPpec_init,252,61,0,177,7,351,35419.8,4982.08,23639.7,324.753,147940
function@_QMpec_modPpec_apply,12,0,0,12,0,0,12,0,12,0,0
function@_QMpec_modPpec_end,0,0,0,0,0,9,0,0,0,0,3.6
function@_QQmain,10,16,0,26,0,193,6.25,21.875,16.25,0,316.289
