Comando: /home/mpvreal/Code/Faculdade/tcc/llvm/build/bin/llc --march=x86 --regalloc=greedy -o -
Heurística: div(cost,mul(area,pow(degree,2)))
function@flux_,27,0,0,8,0,14,27,0,8,0,14
function@flux_..omp_par.4,182,9,0,72,7,30,1.31479e+06,48669.4,242674,8015.5,114762
function@flux_..omp_par.3,77,15,0,42,4,20,27299.4,5231.56,4528.19,401.812,4495.12
function@flux_..omp_par.2,58,19,0,29,2,18,20863.1,6443.81,2474.75,1.25,5225.94
function@flux_..omp_par.1,387,102,0,90,198,57,468221,24336.5,82844.2,71554.6,70595.6
function@flux_..omp_par,58,19,0,29,2,18,20863.1,6443.81,2474.75,1.25,5225.94
function@_QQmain,0,2,0,2,0,28,0,2,2,0,26
function@jacobian_,5,0,0,0,3,0,5,0,0,3,0
function@jacobian_..omp_par,189,10,0,103,45,20,1.35614e+06,33419.4,258149,312013,66325.1
function@fill1_,0,0,0,0,0,1,0,0,0,0,1
function@fill1_..omp_par.1,13,5,0,17,2,3,2885.25,832.875,1265.94,1.25,800.5
function@fill1_..omp_par,19,9,0,21,2,7,29714.9,5183.31,9061.75,1.25,5600.94
function@shell_,74,25,0,42,8,78,354578,10867.9,15969.2,46.16,343756
function@shell_..omp_par.8,79,20,0,40,17,19,102121,26358.8,47285.4,13549.8,17887.6
function@shell_..omp_par.7,81,8,0,63,16,21,1.51629e+07,784820,2.65962e+06,3.32801e+06,825699
function@shell_..omp_par.6,79,8,0,57,5,18,4.83874e+08,3.27764e+07,5.81623e+07,8.19201e+06,3.30736e+07
function@shell_..omp_par.5,25,7,0,28,4,10,113915,16920.2,10366.6,16001.1,17483.1
function@shell_..omp_par.4,148,26,0,59,5,52,36449.7,14149.2,10064.7,140.75,13409.9
function@shell_..omp_par.3,26,5,0,28,1,15,62381.9,920.375,1870.19,0.625,50270.3
function@shell_..omp_par.2,44,32,0,41,12,17,89302.9,18923.2,10265.2,1275.25,17734.1
function@shell_..omp_par.1,10,7,0,10,1,5,610.438,414.938,32.125,0.625,365.375
function@shell_..omp_par,47,6,0,30,3,8,8.72976e+06,264682,801517,13.6875,544800
function@.omp.reduction.func,0,0,0,0,0,0,0,0,0,0,0
function@bi_cgstab_block_,39,0,0,8,4,25,442.312,0,8,18.4375,144.5
function@bi_cgstab_block_..omp_par.12,13,8,0,21,1,20,24503.3,98682,19011.8,0.625,209798
function@bi_cgstab_block_..omp_par.11,88,28,0,43,30,16,1.2601e+06,337216,184989,300256,489314
function@bi_cgstab_block_..omp_par.10,18,8,0,24,1,28,114504,98682,24013.4,0.625,303874
function@bi_cgstab_block_..omp_par.9,43,14,0,33,11,27,380606,96582.4,37361,174762,241188
function@bi_cgstab_block_..omp_par.8,17,8,0,23,1,24,114503,98682,24012.8,0.625,224797
function@bi_cgstab_block_..omp_par.7,56,24,0,41,14,15,1.12733e+06,364238,187988,68262.3,349314
function@bi_cgstab_block_..omp_par.6,17,8,0,23,1,24,114503,98682,24012.8,0.625,224797
function@bi_cgstab_block_..omp_par.5,22,7,0,25,3,10,1.15053e+06,18670.2,27526.5,263,336826
function@bi_cgstab_block_..omp_par,79,27,0,66,9,40,427945,157224,93678.8,14989.3,258979
function@mat_times_vec_,0,0,0,0,0,0,0,0,0,0,0
function@mat_times_vec_..omp_par,53,13,0,51,6,21,7.15163e+07,1.29739e+07,1.02716e+07,3.30026e+06,3.55809e+06
function@.omp.reduction.func,0,0,0,0,0,0,0,0,0,0,0
function@.omp.reduction.func.1,0,0,0,0,0,0,0,0,0,0,0
function@.omp.reduction.func.2,0,0,0,0,0,0,0,0,0,0,0
function@.omp.reduction.func.3,0,0,0,0,0,0,0,0,0,0,0
function@.omp.reduction.func.4,0,0,0,0,0,0,0,0,0,0,0
function@fill2_,0,0,0,0,0,0,0,0,0,0,0
function@fill2_..omp_par.1,8,5,0,12,3,4,885.562,832.875,851.312,13.6875,801.125
function@fill2_..omp_par,16,5,0,16,3,2,3705.06,832.875,1253.12,13.6875,400.562
