Comando: /home/mpvreal/Code/Faculdade/tcc/llvm/build/bin/llc --march=x86 --regalloc=basic -o -
Heurística: div(cost,mul(area,pow(degree,2)))
function@flux_,29,3,0,5,5,6,29,3,5,4,6
function@flux_..omp_par.4,311,20,0,59,22,11,2.30762e+06,25506.2,154574,73578.1,9062.5
function@flux_..omp_par.3,106,36,0,40,13,12,38106.9,10092.7,4123.31,2439.81,2462.44
function@flux_..omp_par.2,73,23,0,26,8,10,26082.9,5668.5,2081.06,839.438,2026.44
function@flux_..omp_par.1,676,172,0,83,218,8,1.17196e+06,21168.2,58156.7,95479.3,1787.5
function@flux_..omp_par,73,23,0,26,8,10,26082.9,5668.5,2081.06,839.438,2026.44
function@_QQmain,2,2,0,2,2,26,2,2,2,0.952381,24
function@jacobian_,7,0,0,0,3,0,7,0,0,3,0
function@jacobian_..omp_par,422,18,0,102,54,5,2.91586e+06,33219.5,258049,290826,774.688
function@fill1_,0,0,0,0,0,0,0,0,0,0,0
function@fill1_..omp_par.1,15,17,0,14,4,1,2499,3656.38,472.938,14.6875,399.938
function@fill1_..omp_par,26,15,0,17,12,3,31210.1,5731.5,1635.62,5064.19,4001.19
function@shell_,130,51,0,42,52,9,2.16238e+06,180253,502351,338699,169004
function@shell_..omp_par.8,125,26,0,36,34,7,232822,27349.1,40444.6,16742.6,8860.94
function@shell_..omp_par.7,143,25,0,54,36,13,2.74757e+07,1.79416e+06,2.36257e+06,4.14625e+06,33049.9
function@shell_..omp_par.6,128,18,0,48,22,8,8.03395e+08,3.30252e+07,3.30661e+07,2.56333e+07,8.20853e+06
function@shell_..omp_par.5,41,13,0,26,13,4,163598,16696.1,2516.06,17328,16001
function@shell_..omp_par.4,110,45,0,61,40,13,42851.3,15162.4,10475.8,2881.31,9347.5
function@shell_..omp_par.3,36,11,0,30,7,10,60872,4545.31,2121.12,1075.94,48420.6
function@shell_..omp_par.2,81,39,0,43,21,9,98805.8,18031.4,4263.81,3679.81,16595.2
function@shell_..omp_par.1,13,14,0,11,2,4,658.438,452.312,48.125,1.25,345.438
function@shell_..omp_par,67,11,0,26,13,3,1.18266e+07,512706,289516,281327,272000
function@.omp.reduction.func,0,0,0,0,0,0,0,0,0,0,0
function@bi_cgstab_block_,37,4,0,6,9,4,350.688,18.9375,6,22.9375,4
function@bi_cgstab_block_..omp_par.12,25,19,0,22,12,14,428586,42208.2,102513,83839.2,192578
function@bi_cgstab_block_..omp_par.11,122,45,0,43,56,4,2.96413e+06,308757,94064.2,579495,184387
function@bi_cgstab_block_..omp_par.10,33,20,0,25,14,21,748588,122208,105015,86339.6,286654
function@bi_cgstab_block_..omp_par.9,59,27,0,31,30,6,975048,127608,28562.2,234689,196012
function@bi_cgstab_block_..omp_par.8,30,19,0,23,12,14,751085,42208.2,102514,83839.2,192578
function@bi_cgstab_block_..omp_par.7,89,28,0,41,40,4,2.29608e+06,115014,83564.4,281563,184387
function@bi_cgstab_block_..omp_par.6,30,19,0,23,12,14,751085,42208.2,102514,83839.2,192578
function@bi_cgstab_block_..omp_par.5,31,19,0,26,13,5,1.32736e+06,338721,345526,182576,165013
function@bi_cgstab_block_..omp_par,166,46,0,69,59,7,3.42577e+06,169383,107462,113870,188033
function@mat_times_vec_,0,0,0,0,0,0,0,0,0,0,0
function@mat_times_vec_..omp_par,86,30,0,50,21,11,1.14109e+08,1.61897e+07,7.25156e+06,1.00573e+07,3.21604e+06
function@.omp.reduction.func,0,0,0,0,0,0,0,0,0,0,0
function@.omp.reduction.func.1,0,0,0,0,0,0,0,0,0,0,0
function@.omp.reduction.func.2,0,0,0,0,0,0,0,0,0,0,0
function@.omp.reduction.func.3,0,0,0,0,0,0,0,0,0,0,0
function@.omp.reduction.func.4,0,0,0,0,0,0,0,0,0,0,0
function@fill2_,0,0,0,0,0,0,0,0,0,0,0
function@fill2_..omp_par.1,18,10,0,10,6,4,4485.62,856.812,446.438,427.062,413.625
function@fill2_..omp_par,16,21,0,13,7,2,2488.19,5256.12,460.125,439.5,400.562
