Comando: /home/mpvreal/Code/Faculdade/tcc/llvm/build/bin/llc --march=aarch64 --regalloc=basic -o -
Heurística: original
function@main,73,0,0,54,0,114,0.306822,0,4.61527,0,117.196
function@SigIntHandler,0,0,0,0,0,0,0,0,0,0,0
function@Help,0,0,0,0,0,14,0,0,0,0,10.4375
function@x264_adaptive_quant_frame,38,0,0,17,0,20,815.275,0,196.385,0,238.901
function@x264_macroblock_tree_read,0,0,0,0,0,18,0,0,0,0,25.7522
function@x264_reference_build_list_optimal,0,0,0,0,0,3,0,0,0,0,1.75
function@x264_ratecontrol_init_reconfigurable,0,0,0,0,0,11,0,0,0,0,3.6546
function@x264_ratecontrol_new,98,0,0,11,0,198,426.832,0,1.81017,0,18.555
function@x264_strcat_filename,0,0,0,0,0,7,0,0,0,0,6.33333
function@init_pass2,209,0,0,51,0,99,13121.5,0,1294.26,0,4620.57
function@clip_qscale,0,0,0,0,0,21,0,0,0,0,9.7372
function@x264_ratecontrol_summary,0,0,0,0,0,3,0,0,0,0,1.30882
function@x264_ratecontrol_delete,0,0,0,0,0,4,0,0,0,0,2.4
function@x264_ratecontrol_start,0,0,0,0,0,19,0,0,0,0,7.8936
function@rate_estimate_qscale,28,0,0,9,0,41,84.5764,0,2.84375,0,31.3755
function@x264_ratecontrol_mb,3,0,0,1,0,21,0.939904,0,0.15625,0,8.88622
function@predict_row_size_sum,3,0,0,1,0,8,20.2031,0,0.5,0,23.9531
function@x264_ratecontrol_qp,0,0,0,0,0,0,0,0,0,0,0
function@x264_ratecontrol_mb_qp,0,0,0,0,0,0,0,0,0,0,0
function@x264_ratecontrol_slice_type,0,0,0,0,0,8,0,0,0,0,2.79412
function@x264_ratecontrol_set_weights,0,0,0,0,0,1,0,0,0,0,1
function@x264_ratecontrol_end,0,0,0,0,0,27,0,0,0,0,13.0364
function@x264_hrd_fullness,0,0,0,0,0,5,0,0,0,0,4.25
function@x264_threads_normalize_predictors,0,0,0,0,0,2,0,0,0,0,0.64
function@x264_threads_distribute_ratecontrol,0,0,0,0,0,19,0,0,0,0,37.3545
function@x264_threads_merge_ratecontrol,12,0,0,4,0,7,89.2941,0,13.9265,0,16.6471
function@x264_thread_sync_ratecontrol,0,0,0,0,0,0,0,0,0,0,0
function@x264_mb_encode_i4x4,0,0,0,0,0,10,0,0,0,0,5.17188
function@x264_mb_encode_i8x8,0,0,0,0,0,10,0,0,0,0,5.17188
function@x264_mb_encode_8x8_chroma,200,0,0,23,0,27,1183.01,0,167.52,0,143.436
function@x264_mb_optimize_chroma_dc,0,0,0,0,0,10,0,0,0,0,166.318
function@x264_predict_lossless_8x8_chroma,0,0,0,0,0,5,0,0,0,0,2.33333
function@x264_predict_lossless_4x4,0,0,0,0,0,4,0,0,0,0,2
function@x264_predict_lossless_8x8,0,0,0,0,0,5,0,0,0,0,2.33333
function@x264_predict_lossless_16x16,0,0,0,0,0,1,0,0,0,0,0.333333
function@x264_macroblock_encode,576,0,0,33,0,124,111.658,0,10.141,0,15.9964
function@x264_macroblock_probe_skip,63,0,0,13,0,33,153.097,0,18.0149,0,70.5632
function@x264_noise_reduction_update,0,0,0,0,0,2,0,0,0,0,1.5
function@x264_macroblock_encode_p8x8,78,0,0,8,0,81,23.8406,0,4.75,0,14.6525
function@x264_macroblock_encode_p4x4,0,0,0,0,0,9,0,0,0,0,4.17188
function@x264_lookahead_init,0,0,0,0,0,12,0,0,0,0,4.21062
function@x264_lookahead_delete,0,0,0,0,0,2,0,0,0,0,1.61905
function@x264_lookahead_put_frame,0,0,0,0,0,0,0,0,0,0,0
function@x264_lookahead_is_empty,0,0,0,0,0,1,0,0,0,0,0.619048
function@x264_lookahead_get_frames,0,0,0,0,0,8,0,0,0,0,29.6907
function@x264_me_search_ref,1219,6,0,316,0,62,1778.29,1.04191,325.27,0,56.2227
function@refine_subpel,349,0,0,50,0,73,314,0,56.4738,0,86.1005
function@x264_me_refine_qpel,0,0,0,0,0,0,0,0,0,0,0
function@x264_me_refine_qpel_refdupe,0,0,0,0,0,1,0,0,0,0,1
function@x264_me_refine_bidir_satd,0,0,0,0,0,0,0,0,0,0,0
function@x264_me_refine_bidir,183,2,0,56,0,17,1293.25,0.0781248,245.086,0,126.521
function@x264_me_refine_bidir_rd,0,0,0,0,0,2,0,0,0,0,2
function@x264_me_refine_qpel_rd,301,1,0,75,0,81,100.468,0.0621336,32.9011,0,14.941
function@x264_sps_init,0,0,0,0,0,4,0,0,0,0,1.67092
function@x264_sps_write,0,0,0,0,0,23,0,0,0,0,3.59162
function@x264_pps_init,0,0,0,0,0,67,0,0,0,0,12.8824
function@x264_pps_write,0,0,0,0,0,14,0,0,0,0,7.64286
function@scaling_list_write,0,0,0,0,0,9,0,0,0,0,11.0602
function@x264_sei_recovery_point_write,0,0,0,0,0,5,0,0,0,0,5
function@x264_sei_write_header,0,0,0,0,0,1,0,0,0,0,1
function@x264_sei_write,0,0,0,0,0,0,0,0,0,0,0
function@x264_sei_version_write,0,0,0,0,0,22,0,0,0,0,35.7037
function@x264_sei_buffering_period_write,0,0,0,0,0,5,0,0,0,0,5
function@x264_sei_pic_timing_write,0,0,0,0,0,6,0,0,0,0,5.4
function@x264_filler_write,0,0,0,0,0,1,0,0,0,0,19.9688
function@x264_validate_levels,0,0,0,0,0,14,0,0,0,0,6.13281
function@x264_encoder_open_96,6,0,0,5,0,64,0.50033,0,0.398971,0,11.5134
function@x264_validate_parameters,0,0,0,0,0,45,0,0,0,0,3.4359
function@x264_set_aspect_ratio,0,0,0,0,0,6,0,0,0,0,14.793
function@mbcmp_init,0,0,0,0,0,2,0,0,0,0,0.809524
function@x264_encoder_reconfig,0,0,0,0,0,18,0,0,0,0,9.21839
function@x264_encoder_parameters,0,0,0,0,0,1,0,0,0,0,1
function@x264_encoder_headers,0,0,0,0,0,15,0,0,0,0,8.99029
function@x264_nal_start,0,0,0,0,0,0,0,0,0,0,0
function@x264_nal_end,0,0,0,0,0,5,0,0,0,0,2.61905
function@x264_encoder_encapsulate_nals,0,0,0,0,0,19,0,0,0,0,20.0714
function@x264_weighted_reference_duplicate,0,0,0,0,0,7,0,0,0,0,5
function@x264_encoder_intra_refresh,0,0,0,0,0,0,0,0,0,0,0
function@x264_encoder_encode,29,0,0,18,0,134,10.3782,0,3.18335,0,282.525
function@x264_encoder_frame_end,0,0,0,0,0,56,0,0,0,0,118.787
function@x264_reference_hierarchy_reset,0,0,0,0,0,8,0,0,0,0,5.06626
function@x264_reference_check_reorder,0,0,0,0,0,2,0,0,0,0,7.95238
function@x264_threaded_slices_write,1,0,0,1,0,17,12.275,0,0.5,0,336.875
function@x264_slices_write,513,0,0,47,0,23,2012.27,0,201.821,0,68.1068
function@x264_slice_header_init,0,0,0,0,0,3,0,0,0,0,13.7294
function@x264_fdec_filter_row,8,0,0,4,0,21,49.6765,0,17.3039,0,22.2745
function@x264_encoder_close,253,0,0,37,0,90,24789.4,0,5222.12,0,39481.6
function@x264_encoder_delayed_frames,0,0,0,0,0,4,0,0,0,0,1.93548
function@x264_macroblock_write_cavlc,140,0,0,7,0,97,35.9731,0,12.8148,0,22.9927
function@bs_write_ue,0,0,0,0,0,0,0,0,0,0,0
function@bs_write_te,0,0,0,0,0,0,0,0,0,0,0
function@cavlc_mb_mvd,0,0,0,0,0,6,0,0,0,0,6
function@block_residual_write_cavlc,0,0,0,0,0,10,0,0,0,0,14.5
function@block_residual_write_cavlc_escape,0,0,0,0,0,5,0,0,0,0,2.35433
function@x264_cabac_mb_skip,0,0,0,0,0,3,0,0,0,0,2
function@x264_macroblock_write_cabac,285,0,0,35,0,362,88.8686,0,26.4608,0,149.37
function@x264_cabac_mb_ref,0,0,0,0,0,4,0,0,0,0,22.6667
function@x264_cabac_mb_mvd,0,0,0,0,0,14,0,0,0,0,14
function@block_residual_write_cabac,14,0,0,7,0,30,179.389,0,68,0,803.543
function@x264_cabac_mb_type_intra,0,0,0,0,0,27,0,0,0,0,11
function@x264_cabac_mb_mvd_cpn,0,0,0,0,0,22,0,0,0,0,13.2941
function@x264_rd_cost_part,88,0,0,28,0,86,49.8521,0,11.8088,0,22.1569
function@x264_rd_cost_mb,161,0,0,7,0,63,20.3902,0,6.28906,0,10.1914
function@ssd_plane,7,0,0,4,0,17,2.10989,0,1.6044,0,6.6978
function@x264_macroblock_size_cabac,294,0,0,42,0,144,52.5559,0,7.87182,0,43.8228
function@x264_cabac_mb_ref,0,0,0,0,0,1,0,0,0,0,0.380952
function@x264_cabac_mb8x8_mvd,18,0,0,1,0,46,3.6,0,1,0,10
function@x264_cabac_mb_mvd_cpn,0,0,0,0,0,0,0,0,0,0,0
function@block_residual_write_cabac_internal,0,0,0,0,0,8,0,0,0,0,17.5238
function@cavlc_mb_mvd,0,0,0,0,0,6,0,0,0,0,6
function@cavlc_mb8x8_mvd,0,0,0,0,0,18,0,0,0,0,4.4
function@block_residual_write_cavlc,0,0,0,0,0,4,0,0,0,0,4
function@x264_macroblock_luma_write_cavlc,9,0,0,6,0,8,64.6875,0,18.9375,0,27.75
function@x264_rdo_init,25,0,0,22,0,5,718,0,97.5,0,530.75
function@x264_quant_dc_trellis,0,0,0,0,0,2,0,0,0,0,2
function@quant_trellis_cabac,67,0,0,26,0,25,4528.88,0,814.127,0,990.46
function@x264_quant_4x4_trellis,0,0,0,0,0,3,0,0,0,0,3
function@x264_quant_8x8_trellis,0,0,0,0,0,1,0,0,0,0,1
function@x264_analyse_init_costs,0,0,0,0,0,13,0,0,0,0,18.6077
function@x264_analyse_free_costs,0,0,0,0,0,2,0,0,0,0,2
function@x264_analyse_weight_frame,0,0,0,0,0,7,0,0,0,0,20.08
function@x264_macroblock_analyse,1055,0,0,162,0,121,268.405,0,41.4106,0,28.0024
function@x264_mb_analyse_intra,123,0,0,27,0,40,1570.28,0,93.8281,0,1347.79
function@x264_intra_rd,0,0,0,0,0,13,0,0,0,0,7.78125
function@x264_intra_rd_refine,247,0,0,71,0,26,13711.7,0,2026.22,0,1731.94
function@x264_mb_analyse_init_qp,0,0,0,0,0,0,0,0,0,0,0
function@x264_mb_analyse_inter_p8x8_mixed_ref,63,0,0,15,0,12,22872.7,0,201,0,13170.1
function@x264_mb_analyse_inter_p8x8,58,0,0,21,0,1,1009.67,0,176.381,0,1
function@x264_mb_cache_mv_p8x8,0,0,0,0,0,0,0,0,0,0,0
function@x264_mb_analyse_inter_p16x8,22,0,0,10,0,13,329.421,0,92.2316,0,126.621
function@x264_mb_analyse_inter_p8x16,39,0,0,11,0,15,620.789,0,93.2316,0,158.958
function@x264_mb_analyse_intra_chroma,0,0,0,0,0,8,0,0,0,0,16.375
function@x264_mb_analyse_transform_rd,0,0,0,0,0,7,0,0,0,0,4.72115
function@x264_analyse_update_cache,0,0,0,0,0,29,0,0,0,0,4.06321
function@x264_mb_analyse_b_rd,0,0,0,0,0,23,0,0,0,0,7.4375
function@x264_mb_analyse_inter_b8x8_mixed_ref,82,0,0,25,0,13,13289.9,0,348.073,0,4009
function@x264_mb_analyse_inter_b8x8,68,0,0,33,0,17,2176,0,591,0,420
function@x264_mb_analyse_inter_b16x8,163,0,0,29,0,5,1318.83,0,150.032,0,65.0159
function@x264_mb_analyse_inter_b8x16,164,0,0,17,0,19,1502.91,0,85.1429,0,182.488
function@x264_refine_bidir,0,0,0,0,0,11,0,0,0,0,2.45283
function@x264_rd_cost_i8x8_chroma,2,0,0,2,0,29,6.34766,0,4.02832,0,10.0952
function@x264_mb_analyse_inter_p4x4_chroma,43,0,0,7,0,42,16.5833,0,5,0,12.5417
function@x264_mb_cache_mv_b8x8,0,0,0,0,0,2,0,0,0,0,0.676471
function@x264_weight_plane_analyse,8,0,0,2,0,9,330,0,1.30952,0,13.4524
function@x264_weights_analyse,101,1,0,50,0,32,7526.86,0.75,719.543,0,18582
function@x264_slicetype_frame_cost,19,0,0,8,0,22,432.658,0,4.04297,0,1270.75
function@x264_slicetype_mb_cost,184,0,0,29,0,58,71.9492,0,23.25,0,12.0586
function@x264_slicetype_analyse,233,2,0,46,0,106,4770.46,0.940809,87.3151,0,11638.8
function@scenecut,9,0,0,4,0,26,32.85,0,7.175,0,78.65
function@scenecut_internal,0,0,0,0,0,10,0,0,0,0,9.49412
function@x264_macroblock_tree_propagate,82,0,0,20,0,8,2297.31,0,637.875,0,55.8125
function@x264_slicetype_frame_cost_recalculate,0,0,0,0,0,6,0,0,0,0,967
function@x264_slicetype_decide,34,0,0,5,0,38,77.4354,0,13.7967,0,68.0462
function@x264_rc_analyse_slice,0,0,0,0,0,16,0,0,0,0,16.4483
function@mk_create_writer,0,0,0,0,0,15,0,0,0,0,16.8506
function@mk_create_context,0,0,0,0,0,4,0,0,0,0,3.14286
function@mk_writeHeader,130,0,0,3,0,64,9.38945,0,1.51562,0,32.63
function@mk_write_uint,0,0,0,0,0,9,0,0,0,0,11.5254
function@mk_write_string,0,0,0,0,0,12,0,0,0,0,15.1284
function@mk_close_context,0,0,0,0,0,9,0,0,0,0,7.67045
function@mk_flush_context_id,0,0,0,0,0,5,0,0,0,0,8.93578
function@mk_write_float,0,0,0,0,0,7,0,0,0,0,42.9688
function@mk_write_bin,0,0,0,0,0,9,0,0,0,0,29.5476
function@mk_flush_context_data,0,0,0,0,0,8,0,0,0,0,9.13761
function@mk_write_id,0,0,0,0,0,11,0,0,0,0,19.8084
function@mk_write_size,0,0,0,0,0,13,0,0,0,0,19.8211
function@mk_start_frame,0,0,0,0,0,3,0,0,0,0,2.61905
function@mk_flush_frame,0,0,0,0,0,15,0,0,0,0,17.0577
function@mk_close_cluster,0,0,0,0,0,9,0,0,0,0,4.55197
function@mk_set_frame_flags,0,0,0,0,0,3,0,0,0,0,1.64
function@mk_add_frame_data,0,0,0,0,0,8,0,0,0,0,13.7438
function@mk_close,0,0,0,0,0,19,0,0,0,0,101.26
function@open_file,0,0,0,0,0,6,0,0,0,0,4.23529
function@set_param,0,0,0,0,0,7,0,0,0,0,34.8529
function@write_headers,16,0,0,5,0,8,1.35744,0,0.703354,0,1.74423
function@write_frame,0,0,0,0,0,7,0,0,0,0,6.25
function@close_file,0,0,0,0,0,4,0,0,0,0,4
function@open_file,0,0,0,0,0,5,0,0,0,0,4.38235
function@set_param,0,0,0,0,0,0,0,0,0,0,0
function@write_headers,0,0,0,0,0,2,0,0,0,0,2
function@write_frame,0,0,0,0,0,4,0,0,0,0,4
function@close_file,0,0,0,0,0,0,0,0,0,0,0
function@dbl2int,0,0,0,0,0,1,0,0,0,0,1
function@x264_put_byte,0,0,0,0,0,3,0,0,0,0,18.36
function@flv_append_data,0,0,0,0,0,6,0,0,0,0,20.8571
function@x264_put_be32,0,0,0,0,0,9,0,0,0,0,69.381
function@x264_put_be64,0,0,0,0,0,5,0,0,0,0,5
function@x264_put_be16,0,0,0,0,0,5,0,0,0,0,35.2857
function@x264_put_be24,0,0,0,0,0,7,0,0,0,0,52.3333
function@x264_put_tag,0,0,0,0,0,3,0,0,0,0,343.25
function@x264_put_amf_string,0,0,0,0,0,10,0,0,0,0,55.1429
function@x264_put_amf_double,0,0,0,0,0,7,0,0,0,0,22.36
function@flv_create_writer,0,0,0,0,0,8,0,0,0,0,4.82353
function@rewrite_amf_be24,0,0,0,0,0,0,0,0,0,0,0
function@flv_flush_data,0,0,0,0,0,3,0,0,0,0,1.68
function@open_file,0,0,0,0,0,12,0,0,0,0,6.83333
function@set_param,0,0,0,0,0,29,0,0,0,0,29
function@write_headers,0,0,0,0,0,32,0,0,0,0,20.9524
function@write_frame,0,0,0,0,0,25,0,0,0,0,22.7005
function@close_file,0,0,0,0,0,22,0,0,0,0,14.5469
function@open_file,0,0,0,0,0,6,0,0,0,0,5.08571
function@get_frame_total,0,0,0,0,0,0,0,0,0,0,0
function@read_frame,0,0,0,0,0,5,0,0,0,0,3.875
function@release_frame,0,0,0,0,0,0,0,0,0,0,0
function@close_file,0,0,0,0,0,2,0,0,0,0,2
function@open_file,0,0,0,0,0,15,0,0,0,0,13.4286
function@get_frame_total,0,0,0,0,0,2,0,0,0,0,2
function@read_frame,0,0,0,0,0,4,0,0,0,0,3.24074
function@close_file,0,0,0,0,0,2,0,0,0,0,1.4
function@open_file,92,0,0,14,0,101,56.1568,0,12.3858,0,264.455
function@get_frame_total,0,0,0,0,0,0,0,0,0,0,0
function@read_frame,0,0,0,0,0,8,0,0,0,0,7.02941
function@release_frame,0,0,0,0,0,0,0,0,0,0,0
function@close_file,0,0,0,0,0,2,0,0,0,0,2
function@correct_fps,0,0,0,0,0,9,0,0,0,0,27.8571
function@try_mkv_timebase_den,0,0,0,0,0,8,0,0,0,0,511.787
function@open_file,1,0,0,1,0,29,0.0700281,0,1,0,6.40615
function@get_frame_total,0,0,0,0,0,4,0,0,0,0,4
function@read_frame,0,0,0,0,0,4,0,0,0,0,3.10814
function@close_file,0,0,0,0,0,2,0,0,0,0,1.4
function@x264_mdate,0,0,0,0,0,0,0,0,0,0,0
function@x264_pixel_ssd_wxh,50,0,0,12,0,50,818.451,0,18.2941,0,782.863
function@x264_pixel_ssim_wxh,51,0,0,30,0,19,5796.16,0,545.746,0,12890.1
function@x264_pixel_init,0,0,0,0,0,1,0,0,0,0,1
function@x264_pixel_sad_16x16,0,0,0,0,0,1,0,0,0,0,1
function@x264_pixel_sad_16x8,0,0,0,0,0,1,0,0,0,0,1
function@x264_pixel_sad_8x16,0,0,0,0,0,1,0,0,0,0,1
function@x264_pixel_sad_8x8,0,0,0,0,0,1,0,0,0,0,1
function@x264_pixel_sad_8x4,0,0,0,0,0,1,0,0,0,0,1
function@x264_pixel_sad_4x8,0,0,0,0,0,1,0,0,0,0,1
function@x264_pixel_sad_4x4,0,0,0,0,0,1,0,0,0,0,1
function@x264_pixel_sad_x3_16x16,0,0,0,0,0,14,0,0,0,0,14
function@x264_pixel_sad_x3_16x8,0,0,0,0,0,14,0,0,0,0,14
function@x264_pixel_sad_x3_8x16,0,0,0,0,0,0,0,0,0,0,0
function@x264_pixel_sad_x3_8x8,0,0,0,0,0,0,0,0,0,0,0
function@x264_pixel_sad_x3_8x4,0,0,0,0,0,14,0,0,0,0,14
function@x264_pixel_sad_x3_4x8,0,0,0,0,0,14,0,0,0,0,14
function@x264_pixel_sad_x3_4x4,0,0,0,0,0,0,0,0,0,0,0
function@x264_pixel_sad_x4_16x16,0,0,0,0,0,18,0,0,0,0,18
function@x264_pixel_sad_x4_16x8,0,0,0,0,0,18,0,0,0,0,18
function@x264_pixel_sad_x4_8x16,0,0,0,0,0,0,0,0,0,0,0
function@x264_pixel_sad_x4_8x8,0,0,0,0,0,0,0,0,0,0,0
function@x264_pixel_sad_x4_8x4,0,0,0,0,0,18,0,0,0,0,18
function@x264_pixel_sad_x4_4x8,0,0,0,0,0,18,0,0,0,0,18
function@x264_pixel_sad_x4_4x4,0,0,0,0,0,0,0,0,0,0,0
function@x264_pixel_ssd_16x16,0,0,0,0,0,1,0,0,0,0,1
function@x264_pixel_ssd_16x8,0,0,0,0,0,1,0,0,0,0,1
function@x264_pixel_ssd_8x16,0,0,0,0,0,1,0,0,0,0,1
function@x264_pixel_ssd_8x8,0,0,0,0,0,1,0,0,0,0,1
function@x264_pixel_ssd_8x4,0,0,0,0,0,1,0,0,0,0,1
function@x264_pixel_ssd_4x8,0,0,0,0,0,1,0,0,0,0,1
function@x264_pixel_ssd_4x4,0,0,0,0,0,1,0,0,0,0,1
function@x264_pixel_satd_16x16,12,0,0,6,0,26,12,0,6,0,26
function@x264_pixel_satd_16x8,0,0,0,0,0,19,0,0,0,0,19
function@x264_pixel_satd_8x16,0,0,0,0,0,18,0,0,0,0,18
function@x264_pixel_satd_8x8,0,0,0,0,0,11,0,0,0,0,11
function@x264_pixel_satd_8x4,0,0,0,0,0,1,0,0,0,0,1
function@x264_pixel_satd_4x8,0,0,0,0,0,11,0,0,0,0,11
function@x264_pixel_satd_4x4,0,0,0,0,0,6,0,0,0,0,6
function@x264_pixel_satd_x3_16x16,0,0,0,0,0,14,0,0,0,0,14
function@x264_pixel_satd_x3_16x8,9,0,0,3,0,38,9,0,3,0,38
function@x264_pixel_satd_x3_8x16,17,0,0,5,0,34,17,0,5,0,34
function@x264_pixel_satd_x3_8x8,0,0,0,0,0,24,0,0,0,0,24
function@x264_pixel_satd_x3_8x4,0,0,0,0,0,14,0,0,0,0,14
function@x264_pixel_satd_x3_4x8,0,0,0,0,0,24,0,0,0,0,24
function@x264_pixel_satd_x3_4x4,0,0,0,0,0,14,0,0,0,0,14
function@x264_pixel_satd_x4_16x16,0,0,0,0,0,18,0,0,0,0,18
function@x264_pixel_satd_x4_16x8,17,0,0,4,0,46,17,0,4,0,46
function@x264_pixel_satd_x4_8x16,24,0,0,6,0,45,24,0,6,0,45
function@x264_pixel_satd_x4_8x8,0,0,0,0,0,31,0,0,0,0,31
function@x264_pixel_satd_x4_8x4,0,0,0,0,0,18,0,0,0,0,18
function@x264_pixel_satd_x4_4x8,0,0,0,0,0,31,0,0,0,0,31
function@x264_pixel_satd_x4_4x4,0,0,0,0,0,18,0,0,0,0,18
function@x264_pixel_hadamard_ac_16x16,0,0,0,0,0,10,0,0,0,0,10
function@x264_pixel_hadamard_ac_16x8,0,0,0,0,0,6,0,0,0,0,6
function@x264_pixel_hadamard_ac_8x16,0,0,0,0,0,6,0,0,0,0,6
function@x264_pixel_hadamard_ac_8x8,0,0,0,0,0,1,0,0,0,0,1
function@x264_pixel_ads4,0,0,0,0,0,7,0,0,0,0,53.3333
function@x264_pixel_ads2,0,0,0,0,0,5,0,0,0,0,12.7619
function@x264_pixel_ads1,0,0,0,0,0,5,0,0,0,0,12.7619
function@x264_pixel_sa8d_16x16,0,0,0,0,0,19,0,0,0,0,19
function@x264_pixel_sa8d_8x8,0,0,0,0,0,0,0,0,0,0,0
function@x264_pixel_var_16x16,0,0,0,0,0,2,0,0,0,0,2
function@x264_pixel_var_8x8,19,0,0,7,0,0,19,0,7,0,0
function@ssim_4x4x2_core,0,0,0,0,0,5,0,0,0,0,66.75
function@ssim_end4,11,0,0,7,0,16,110.216,0,31.2353,0,166.98
function@pixel_var2_8x8,0,0,0,0,0,2,0,0,0,0,2
function@pixel_hadamard_ac,102,0,0,50,0,0,102,0,50,0,0
function@sa8d_8x8,0,0,0,0,0,2,0,0,0,0,2
function@x264_frame_new,40,0,0,8,0,24,14.5093,0,3.57599,0,9.51968
function@x264_frame_delete,0,0,0,0,0,4,0,0,0,0,2.7619
function@x264_frame_copy_picture,0,0,0,0,0,7,0,0,0,0,3.99476
function@x264_frame_expand_border,117,0,0,33,0,14,2565.59,0,255.588,0,695.647
function@x264_frame_expand_border_filtered,230,0,0,97,0,291,2970.67,0,147.762,0,2526.43
function@x264_frame_expand_border_lowres,4,0,0,1,0,133,127.5,0,1,0,4780.5
function@x264_frame_expand_border_mod16,13,0,0,3,0,5,430.333,0,23.25,0,627.333
function@x264_frame_cond_broadcast,0,0,0,0,0,0,0,0,0,0,0
function@x264_frame_cond_wait,0,0,0,0,0,0,0,0,0,0,0
function@x264_frame_push,0,0,0,0,0,0,0,0,0,0,0
function@x264_frame_pop,0,0,0,0,0,1,0,0,0,0,1
function@x264_frame_unshift,0,0,0,0,0,1,0,0,0,0,1
function@x264_frame_shift,0,0,0,0,0,1,0,0,0,0,1
function@x264_frame_push_unused,0,0,0,0,0,0,0,0,0,0,0
function@x264_frame_pop_unused,0,0,0,0,0,2,0,0,0,0,1.38095
function@x264_frame_push_blank_unused,0,0,0,0,0,0,0,0,0,0,0
function@x264_frame_pop_blank_unused,0,0,0,0,0,0,0,0,0,0,0
function@x264_frame_sort,0,0,0,0,0,4,0,0,0,0,238.25
function@x264_weight_scale_plane,3,0,0,2,0,10,422.7,0,1.4,0,1247.4
function@x264_frame_delete_list,0,0,0,0,0,2,0,0,0,0,1.61905
function@x264_synch_frame_list_init,0,0,0,0,0,4,0,0,0,0,2.38235
function@x264_synch_frame_list_delete,0,0,0,0,0,1,0,0,0,0,0.619048
function@x264_synch_frame_list_push,0,0,0,0,0,0,0,0,0,0,0
function@x264_macroblock_cache_mv_4_4,0,0,0,0,0,0,0,0,0,0,0
function@x264_macroblock_cache_mv_2_4,0,0,0,0,0,0,0,0,0,0,0
function@x264_macroblock_cache_mv_4_2,0,0,0,0,0,0,0,0,0,0,0
function@x264_macroblock_cache_mv_2_2,0,0,0,0,0,0,0,0,0,0,0
function@x264_macroblock_cache_mv_2_1,0,0,0,0,0,0,0,0,0,0,0
function@x264_macroblock_cache_mv_1_2,0,0,0,0,0,0,0,0,0,0,0
function@x264_macroblock_cache_mv_1_1,0,0,0,0,0,0,0,0,0,0,0
function@x264_macroblock_cache_mvd_4_4,0,0,0,0,0,0,0,0,0,0,0
function@x264_macroblock_cache_mvd_2_4,0,0,0,0,0,0,0,0,0,0,0
function@x264_macroblock_cache_mvd_4_2,0,0,0,0,0,0,0,0,0,0,0
function@x264_macroblock_cache_mvd_2_2,0,0,0,0,0,0,0,0,0,0,0
function@x264_macroblock_cache_mvd_2_1,0,0,0,0,0,0,0,0,0,0,0
function@x264_macroblock_cache_mvd_1_2,0,0,0,0,0,0,0,0,0,0,0
function@x264_macroblock_cache_mvd_1_1,0,0,0,0,0,0,0,0,0,0,0
function@x264_macroblock_cache_ref_4_4,0,0,0,0,0,0,0,0,0,0,0
function@x264_macroblock_cache_ref_2_4,0,0,0,0,0,0,0,0,0,0,0
function@x264_macroblock_cache_ref_4_2,0,0,0,0,0,0,0,0,0,0,0
function@x264_macroblock_cache_ref_2_2,0,0,0,0,0,0,0,0,0,0,0
function@x264_macroblock_cache_ref_2_1,0,0,0,0,0,0,0,0,0,0,0
function@x264_macroblock_cache_ref_1_2,0,0,0,0,0,0,0,0,0,0,0
function@x264_macroblock_cache_ref_1_1,0,0,0,0,0,0,0,0,0,0,0
function@x264_mb_mc_8x8,0,0,0,0,0,36,0,0,0,0,5.75472
function@x264_mb_mc_0xywh,3,0,0,1,0,17,3,0,1,0,15.4762
function@x264_mb_mc_01xywh,39,0,0,12,0,22,39,0,12,0,22
function@x264_mb_mc_1xywh,0,0,0,0,0,13,0,0,0,0,13
function@x264_mb_mc,0,0,0,0,0,20,0,0,0,0,3.59341
function@x264_macroblock_cache_allocate,0,0,0,0,0,16,0,0,0,0,4.03814
function@x264_macroblock_cache_free,0,0,0,0,0,1,0,0,0,0,1
function@x264_macroblock_thread_allocate,0,0,0,0,0,5,0,0,0,0,3.74419
function@x264_macroblock_thread_free,0,0,0,0,0,2,0,0,0,0,8.5
function@x264_macroblock_slice_init,0,0,0,0,0,8,0,0,0,0,8.36765
function@x264_macroblock_thread_init,0,0,0,0,0,1,0,0,0,0,0.190476
function@x264_prefetch_fenc,0,0,0,0,0,4,0,0,0,0,4
function@x264_macroblock_cache_load,0,0,0,0,0,45,0,0,0,0,19.9265
function@x264_macroblock_load_pic_pointers,5,0,0,2,0,7,4.125,0,2,0,4.70312
function@x264_macroblock_cache_load_neighbours_deblock,0,0,0,0,0,2,0,0,0,0,0.469136
function@x264_macroblock_cache_load_deblock,0,0,0,0,0,3,0,0,0,0,0.180428
function@x264_macroblock_cache_save,24,0,0,6,0,3,8.44608,0,6,0,1.34804
function@x264_macroblock_bipred_init,0,0,0,0,0,5,0,0,0,0,280.094
function@x264_frame_deblock_row,196,0,0,26,0,52,1235.16,0,137.75,0,159.375
function@x264_deblock_init,0,0,0,0,0,0,0,0,0,0,0
function@deblock_v_luma_c,0,0,0,0,0,4,0,0,0,0,4
function@deblock_h_luma_c,0,0,0,0,0,5,0,0,0,0,5
function@deblock_v_chroma_c,0,0,0,0,0,4,0,0,0,0,4
function@deblock_h_chroma_c,0,0,0,0,0,5,0,0,0,0,5
function@deblock_v_luma_intra_c,0,0,0,0,0,2,0,0,0,0,2
function@deblock_h_luma_intra_c,0,0,0,0,0,4,0,0,0,0,4
function@deblock_v_chroma_intra_c,0,0,0,0,0,2,0,0,0,0,2
function@deblock_h_chroma_intra_c,0,0,0,0,0,4,0,0,0,0,4
function@deblock_strength_c,0,0,0,0,0,15,0,0,0,0,129.81
function@deblock_luma_c,0,0,0,0,0,1,0,0,0,0,1
function@deblock_chroma_c,0,0,0,0,0,2,0,0,0,0,2
function@deblock_luma_intra_c,0,0,0,0,0,4,0,0,0,0,4.875
function@deblock_chroma_intra_c,0,0,0,0,0,0,0,0,0,0,0
function@x264_cqm_init,417,43,0,309,0,135,557.929,1.9658,157.472,0,9.19109
function@x264_cqm_delete,0,0,0,0,0,1,0,0,0,0,1
function@x264_cqm_parse_file,0,0,0,0,0,35,0,0,0,0,95.381
function@x264_cqm_parse_jmlist,4,0,0,1,0,38,0.61965,0,1,0,14.9726
function@x264_cpu_detect,0,0,0,0,0,0,0,0,0,0,0
function@x264_cpu_num_processors,0,0,0,0,0,0,0,0,0,0,0
function@spec_strdup,0,0,0,0,0,7,0,0,0,0,6.33333
function@x264_param_default,0,0,0,0,0,2,0,0,0,0,2
function@x264_log_default,0,0,0,0,0,3,0,0,0,0,3
function@x264_param_default_preset,6,0,0,1,0,40,1.942,0,0.388486,0,59.6785
function@x264_log,0,0,0,0,0,3,0,0,0,0,1.52941
function@x264_malloc,0,0,0,0,0,4,0,0,0,0,2.7619
function@x264_free,0,0,0,0,0,0,0,0,0,0,0
function@x264_param_apply_fastfirstpass,0,0,0,0,0,0,0,0,0,0,0
function@x264_param_apply_profile,0,0,0,0,0,11,0,0,0,0,4.09184
function@x264_param_parse,158,0,0,2,0,409,5.19931,0,1.09155,0,64.0167
function@x264_atobool,0,0,0,0,0,12,0,0,0,0,4.73991
function@parse_enum,0,0,0,0,0,7,0,0,0,0,33.0385
function@parse_cqm,0,0,0,0,0,8,0,0,0,0,20.1614
function@x264_picture_alloc,0,0,0,0,0,6,0,0,0,0,4.38095
function@x264_picture_clean,0,0,0,0,0,1,0,0,0,0,1
function@x264_nal_encode,0,0,0,0,0,8,0,0,0,0,34
function@x264_reduce_fraction,0,0,0,0,0,3,0,0,0,0,20.4524
function@x264_slurp_file,0,0,0,0,0,17,0,0,0,0,7.08257
function@x264_param2string,0,0,0,0,0,54,0,0,0,0,27.7525
function@x264_plane_copy_c,0,0,0,0,0,6,0,0,0,0,66.75
function@x264_frame_init_lowres,0,0,0,0,0,21,0,0,0,0,326.147
function@x264_mc_init,0,0,0,0,0,0,0,0,0,0,0
function@mc_luma,0,0,0,0,0,77,0,0,0,0,238.764
function@get_ref,0,0,0,0,0,86,0,0,0,0,230.469
function@mc_chroma,0,0,0,0,0,10,0,0,0,0,21.05
function@pixel_avg_16x16,0,0,0,0,0,1,0,0,0,0,1
function@pixel_avg_16x8,0,0,0,0,0,1,0,0,0,0,1
function@pixel_avg_8x16,0,0,0,0,0,1,0,0,0,0,1
function@pixel_avg_8x8,0,0,0,0,0,1,0,0,0,0,1
function@pixel_avg_8x4,0,0,0,0,0,1,0,0,0,0,1
function@pixel_avg_4x8,0,0,0,0,0,3,0,0,0,0,1.5
function@pixel_avg_4x4,0,0,0,0,0,3,0,0,0,0,1.5
function@pixel_avg_4x2,0,0,0,0,0,1,0,0,0,0,0.5
function@pixel_avg_2x4,0,0,0,0,0,3,0,0,0,0,1.5
function@pixel_avg_2x2,0,0,0,0,0,1,0,0,0,0,0.5
function@x264_weight_cache,0,0,0,0,0,0,0,0,0,0,0
function@mc_copy_w16,0,0,0,0,0,0,0,0,0,0,0
function@mc_copy_w8,0,0,0,0,0,0,0,0,0,0,0
function@mc_copy_w4,0,0,0,0,0,0,0,0,0,0,0
function@hpel_filter,160,0,0,43,0,21,1132.26,0,105.377,0,473.351
function@prefetch_fenc_null,0,0,0,0,0,0,0,0,0,0,0
function@prefetch_ref_null,0,0,0,0,0,0,0,0,0,0,0
function@memzero_aligned,0,0,0,0,0,0,0,0,0,0,0
function@frame_init_lowres_core,50,0,0,21,0,11,624.812,0,64.3751,0,414.329
function@integral_init4h,0,0,0,0,0,2,0,0,0,0,1
function@integral_init8h,0,0,0,0,0,2,0,0,0,0,1
function@integral_init4v,0,0,0,0,0,8,0,0,0,0,1.125
function@integral_init8v,0,0,0,0,0,4,0,0,0,0,0.609375
function@mbtree_propagate_cost,0,0,0,0,0,0,0,0,0,0,0
function@pixel_avg_weight_wxh,0,0,0,0,0,0,0,0,0,0,0
function@mc_weight_w2,0,0,0,0,0,0,0,0,0,0,0
function@mc_weight_w4,0,0,0,0,0,0,0,0,0,0,0
function@mc_weight_w8,0,0,0,0,0,0,0,0,0,0,0
function@mc_weight_w12,0,0,0,0,0,0,0,0,0,0,0
function@mc_weight_w16,0,0,0,0,0,0,0,0,0,0,0
function@mc_weight_w20,0,0,0,0,0,9,0,0,0,0,33.4706
function@x264_frame_filter,23,0,0,4,0,7,32.7647,0,1.22059,0,18.5147
function@x264_dct_init,0,0,0,0,0,0,0,0,0,0,0
function@sub4x4_dct,0,0,0,0,0,0,0,0,0,0,0
function@add4x4_idct,0,0,0,0,0,0,0,0,0,0,0
function@sub8x8_dct,0,0,0,0,0,6,0,0,0,0,6
function@sub8x8_dct_dc,0,0,0,0,0,0,0,0,0,0,0
function@add8x8_idct,0,0,0,0,0,4,0,0,0,0,4
function@add8x8_idct_dc,0,0,0,0,0,3,0,0,0,0,3
function@sub16x16_dct,0,0,0,0,0,6,0,0,0,0,6
function@add16x16_idct,0,0,0,0,0,4,0,0,0,0,4
function@add16x16_idct_dc,0,0,0,0,0,3,0,0,0,0,3
function@sub8x8_dct8,0,0,0,0,0,11,0,0,0,0,11
function@add8x8_idct8,0,0,0,0,0,1,0,0,0,0,1
function@sub16x16_dct8,0,0,0,0,0,6,0,0,0,0,6
function@add16x16_idct8,0,0,0,0,0,4,0,0,0,0,4
function@dct4x4dc,0,0,0,0,0,0,0,0,0,0,0
function@idct4x4dc,0,0,0,0,0,0,0,0,0,0,0
function@add4x4_idct_dc,0,0,0,0,0,0,0,0,0,0,0
function@x264_dct_init_weights,0,0,0,0,0,2,0,0,0,0,2
function@x264_zigzag_init,0,0,0,0,0,0,0,0,0,0,0
function@zigzag_scan_8x8_field,0,0,0,0,0,0,0,0,0,0,0
function@zigzag_scan_4x4_field,0,0,0,0,0,0,0,0,0,0,0
function@zigzag_sub_8x8_field,106,0,0,70,0,0,106,0,70,0,0
function@zigzag_sub_4x4_field,0,0,0,0,0,0,0,0,0,0,0
function@zigzag_sub_4x4ac_field,0,0,0,0,0,0,0,0,0,0,0
function@zigzag_scan_8x8_frame,0,0,0,0,0,0,0,0,0,0,0
function@zigzag_scan_4x4_frame,0,0,0,0,0,0,0,0,0,0,0
function@zigzag_sub_8x8_frame,106,0,0,70,0,0,106,0,70,0,0
function@zigzag_sub_4x4_frame,0,0,0,0,0,0,0,0,0,0,0
function@zigzag_sub_4x4ac_frame,0,0,0,0,0,0,0,0,0,0,0
function@zigzag_interleave_8x8_cavlc,0,0,0,0,0,0,0,0,0,0,0
function@x264_cabac_context_init,0,0,0,0,0,2,0,0,0,0,1
function@x264_cabac_encode_init_core,0,0,0,0,0,0,0,0,0,0,0
function@x264_cabac_encode_init,0,0,0,0,0,0,0,0,0,0,0
function@x264_cabac_encode_decision_c,0,0,0,0,0,0,0,0,0,0,0
function@x264_cabac_encode_bypass_c,0,0,0,0,0,0,0,0,0,0,0
function@x264_cabac_encode_ue_bypass,0,0,0,0,0,3,0,0,0,0,10.9375
function@x264_cabac_encode_terminal_c,0,0,0,0,0,0,0,0,0,0,0
function@x264_cabac_encode_flush,0,0,0,0,0,1,0,0,0,0,0.246914
function@x264_init_vlc_tables,0,0,0,0,0,7,0,0,0,0,97.375
function@x264_predict_16x16_init,0,0,0,0,0,0,0,0,0,0,0
function@predict_16x16_v,0,0,0,0,0,0,0,0,0,0,0
function@predict_16x16_h,0,0,0,0,0,0,0,0,0,0,0
function@predict_16x16_dc,0,0,0,0,0,0,0,0,0,0,0
function@predict_16x16_p,0,0,0,0,0,1,0,0,0,0,1
function@predict_16x16_dc_left,0,0,0,0,0,0,0,0,0,0,0
function@predict_16x16_dc_top,0,0,0,0,0,1,0,0,0,0,1
function@predict_16x16_dc_128,0,0,0,0,0,0,0,0,0,0,0
function@x264_predict_8x8c_init,0,0,0,0,0,0,0,0,0,0,0
function@predict_8x8c_v,0,0,0,0,0,0,0,0,0,0,0
function@predict_8x8c_h,0,0,0,0,0,0,0,0,0,0,0
function@predict_8x8c_dc,0,0,0,0,0,0,0,0,0,0,0
function@predict_8x8c_p,0,0,0,0,0,16,0,0,0,0,16
function@predict_8x8c_dc_left,0,0,0,0,0,0,0,0,0,0,0
function@predict_8x8c_dc_top,0,0,0,0,0,0,0,0,0,0,0
function@predict_8x8c_dc_128,0,0,0,0,0,0,0,0,0,0,0
function@x264_predict_8x8_init,0,0,0,0,0,0,0,0,0,0,0
function@predict_8x8_v,0,0,0,0,0,0,0,0,0,0,0
function@predict_8x8_h,0,0,0,0,0,0,0,0,0,0,0
function@predict_8x8_dc,0,0,0,0,0,0,0,0,0,0,0
function@predict_8x8_ddl,0,0,0,0,0,2,0,0,0,0,2
function@predict_8x8_ddr,0,0,0,0,0,0,0,0,0,0,0
function@predict_8x8_vr,0,0,0,0,0,0,0,0,0,0,0
function@predict_8x8_hd,0,0,0,0,0,0,0,0,0,0,0
function@predict_8x8_vl,0,0,0,0,0,0,0,0,0,0,0
function@predict_8x8_hu,0,0,0,0,0,0,0,0,0,0,0
function@predict_8x8_dc_left,0,0,0,0,0,0,0,0,0,0,0
function@predict_8x8_dc_top,0,0,0,0,0,0,0,0,0,0,0
function@predict_8x8_dc_128,0,0,0,0,0,0,0,0,0,0,0
function@predict_8x8_filter,0,0,0,0,0,0,0,0,0,0,0
function@x264_predict_4x4_init,0,0,0,0,0,0,0,0,0,0,0
function@predict_4x4_v,0,0,0,0,0,0,0,0,0,0,0
function@predict_4x4_h,0,0,0,0,0,0,0,0,0,0,0
function@predict_4x4_dc,0,0,0,0,0,0,0,0,0,0,0
function@predict_4x4_ddl,0,0,0,0,0,0,0,0,0,0,0
function@predict_4x4_ddr,0,0,0,0,0,0,0,0,0,0,0
function@predict_4x4_vr,0,0,0,0,0,0,0,0,0,0,0
function@predict_4x4_hd,0,0,0,0,0,0,0,0,0,0,0
function@predict_4x4_vl,0,0,0,0,0,0,0,0,0,0,0
function@predict_4x4_hu,0,0,0,0,0,0,0,0,0,0,0
function@predict_4x4_dc_left,0,0,0,0,0,0,0,0,0,0,0
function@predict_4x4_dc_top,0,0,0,0,0,0,0,0,0,0,0
function@predict_4x4_dc_128,0,0,0,0,0,0,0,0,0,0,0
function@x264_quant_init,0,0,0,0,0,0,0,0,0,0,0
function@quant_8x8,0,0,0,0,0,3,0,0,0,0,1.5
function@quant_4x4,0,0,0,0,0,1,0,0,0,0,0.5
function@quant_4x4_dc,0,0,0,0,0,1,0,0,0,0,1
function@quant_2x2_dc,0,0,0,0,0,1,0,0,0,0,1
function@dequant_4x4,0,0,0,0,0,2,0,0,0,0,1
function@dequant_4x4_dc,0,0,0,0,0,7,0,0,0,0,3.5
function@dequant_8x8,0,0,0,0,0,15,0,0,0,0,7.5
function@x264_denoise_dct,0,0,0,0,0,1,0,0,0,0,0.125
function@x264_decimate_score15,0,0,0,0,0,8,0,0,0,0,20.887
function@x264_decimate_score16,0,0,0,0,0,8,0,0,0,0,33.8189
function@x264_decimate_score64,0,0,0,0,0,8,0,0,0,0,33.8294
function@x264_coeff_last4,0,0,0,0,0,0,0,0,0,0,0
function@x264_coeff_last15,0,0,0,0,0,2,0,0,0,0,16.8146
function@x264_coeff_last16,0,0,0,0,0,2,0,0,0,0,16.453
function@x264_coeff_last64,0,0,0,0,0,2,0,0,0,0,16.746
function@x264_coeff_level_run4,0,0,0,0,0,9,0,0,0,0,4.15909
function@x264_coeff_level_run15,0,0,0,0,0,13,0,0,0,0,19.3821
function@x264_coeff_level_run16,0,0,0,0,0,13,0,0,0,0,19.0669
function@x264_mb_predict_mv,0,0,0,0,0,0,0,0,0,0,0
function@x264_mb_predict_mv_16x16,0,0,0,0,0,0,0,0,0,0,0
function@x264_mb_predict_mv_pskip,0,0,0,0,0,1,0,0,0,0,0.0974212
function@x264_mb_predict_mv_direct16x16,34,0,0,10,0,23,11.0983,0,4.89852,0,3.41771
function@x264_mb_predict_mv_ref16x16,0,0,0,0,0,4,0,0,0,0,1.28571
function@RBSPtoSODB,0,0,0,0,0,6,0,0,0,0,14.375
function@EBSPtoRBSP,0,0,0,0,0,6,0,0,0,0,5.19215
function@intrapred8x8_mbaff,552,0,0,121,0,423,43.4065,0,12.7468,0,37.1562
function@LowPassForIntra8x8Pred,0,0,0,0,0,8,0,0,0,0,4.11538
function@init_motion_vector_prediction,0,0,0,0,0,0,0,0,0,0,0
function@GetMotionVectorPredictorMBAFF,0,0,0,0,0,18,0,0,0,0,3.80189
function@GetMotionVectorPredictorNormal,0,0,0,0,0,0,0,0,0,0,0
function@set_ec_flag,0,0,0,0,0,0,0,0,0,0,0
function@reset_ec_flags,0,0,0,0,0,0,0,0,0,0,0
function@get_concealed_element,0,0,0,0,0,1,0,0,0,0,0.36
function@mb_pred_intra4x4,12,0,0,4,0,54,64.0079,0,9.64567,0,314.37
function@mb_pred_intra16x16,0,0,0,0,0,8,0,0,0,0,7.33333
function@mb_pred_intra8x8,0,0,0,0,0,21,0,0,0,0,20.3333
function@mb_pred_skip,0,0,0,0,0,8,0,0,0,0,8
function@set_chroma_vector,0,0,0,0,0,16,0,0,0,0,1.2549
function@mb_pred_sp_skip,0,0,0,0,0,9,0,0,0,0,9
function@mb_pred_p_inter8x8,2,0,0,3,0,31,1.625,0,2,0,773.5
function@mb_pred_p_inter16x16,0,0,0,0,0,10,0,0,0,0,10
function@mb_pred_p_inter16x8,0,0,0,0,0,13,0,0,0,0,13
function@mb_pred_p_inter8x16,0,0,0,0,0,13,0,0,0,0,13
function@mb_pred_b_d8x8temporal,43,0,0,11,0,17,4871.59,0,104,0,5731.45
function@mb_pred_b_d4x4temporal,41,0,0,11,0,14,2859.72,0,104,0,3596.56
function@mb_pred_b_d8x8spatial,14,0,0,4,0,22,99.75,0,34,0,97.375
function@mb_pred_b_d4x4spatial,27,0,0,7,0,21,2341.75,0,38,0,1705.62
function@mb_pred_b_inter8x8,36,0,0,9,0,15,2017.15,0,71,0,2070.34
function@mb_pred_ipcm,0,0,0,0,0,10,0,0,0,0,10.9425
function@constructTiff,0,0,0,0,0,0,0,0,0,0,0
function@destructTiff,0,0,0,0,0,1,0,0,0,0,1
function@horizontal_half_1chan_cosite,56,0,0,16,0,12,3771.17,0,10.6667,0,559.5
function@vertical_half_1chan,59,0,0,14,0,11,1310.21,0,49.0238,0,370.238
function@ReadTIFFImage,23,0,0,6,0,97,0.764245,0,2.27593,0,18.5613
function@getU16,0,0,0,0,0,0,0,0,0,0,0
function@getU32,0,0,0,0,0,0,0,0,0,0,0
function@getSwappedU16,0,0,0,0,0,0,0,0,0,0,0
function@getSwappedU32,0,0,0,0,0,0,0,0,0,0,0
function@getIntArray,0,0,0,0,0,2,0,0,0,0,0.294118
function@DeblockPicture,0,0,0,0,0,6,0,0,0,0,66.4167
function@DeblockMb,79,0,0,13,0,66,135.335,0,6.03906,0,117.516
function@DeblockPicturePartially,0,0,0,0,0,7,0,0,0,0,51.8125
function@init_Deblock,0,0,0,0,0,40,0,0,0,0,71.8137
function@forward4x4,0,0,0,0,0,0,0,0,0,0,0
function@inverse4x4,0,0,0,0,0,0,0,0,0,0,0
function@hadamard4x4,0,0,0,0,0,0,0,0,0,0,0
function@ihadamard4x4,0,0,0,0,0,0,0,0,0,0,0
function@hadamard4x2,0,0,0,0,0,0,0,0,0,0,0
function@ihadamard4x2,0,0,0,0,0,0,0,0,0,0,0
function@hadamard2x2,0,0,0,0,0,0,0,0,0,0,0
function@ihadamard2x2,0,0,0,0,0,0,0,0,0,0,0
function@forward8x8,0,0,0,0,0,3,0,0,0,0,34
function@inverse8x8,0,0,0,0,0,3,0,0,0,0,34
function@set_chroma_qp,0,0,0,0,0,0,0,0,0,0,0
function@update_qp,0,0,0,0,0,1,0,0,0,0,0.619048
function@invScaleCoeff,0,0,0,0,0,1,0,0,0,0,0.32
function@start_macroblock,0,0,0,0,0,3,0,0,0,0,3
function@exit_macroblock,0,0,0,0,0,6,0,0,0,0,3.23265
function@setup_slice_methods,0,0,0,0,0,2,0,0,0,0,1.16471
function@interpret_mb_mode_P,0,0,0,0,0,0,0,0,0,0,0
function@read_motion_info_from_NAL_p_slice,0,0,0,0,0,7,0,0,0,0,7
function@read_one_macroblock_p_slice,10,0,0,2,0,43,4.66406,0,2,0,14.6505
function@decode_one_component_p_slice,0,0,0,0,0,5,0,0,0,0,0.555556
function@decode_one_component_sp_slice,0,0,0,0,0,6,0,0,0,0,0.666667
function@interpret_mb_mode_B,0,0,0,0,0,1,0,0,0,0,0.333333
function@read_motion_info_from_NAL_b_slice,0,0,0,0,0,50,0,0,0,0,29.5
function@read_one_macroblock_b_slice,6,0,0,2,0,42,3.51823,0,2,0,12.9187
function@decode_one_component_b_slice,0,0,0,0,0,5,0,0,0,0,0.546875
function@interpret_mb_mode_I,0,0,0,0,0,2,0,0,0,0,0.666667
function@read_one_macroblock_i_slice,0,0,0,0,0,17,0,0,0,0,9.14355
function@decode_one_component_i_slice,0,0,0,0,0,1,0,0,0,0,0.2
function@interpret_mb_mode_SI,0,0,0,0,0,0,0,0,0,0,0
function@read_CBP_and_coeffs_from_NAL_CABAC_444,34,0,0,4,0,39,60.6072,0,3.375,0,58.2159
function@read_CBP_and_coeffs_from_NAL_CABAC_422,147,0,0,52,0,32,2168.79,0,99.0259,0,416.645
function@read_CBP_and_coeffs_from_NAL_CABAC_400,0,0,0,0,0,25,0,0,0,0,11.4032
function@read_CBP_and_coeffs_from_NAL_CABAC_420,147,0,0,42,0,37,1280.46,0,57.3984,0,356.431
function@read_CBP_and_coeffs_from_NAL_CAVLC_444,0,0,0,0,0,40,0,0,0,0,15.3764
function@read_CBP_and_coeffs_from_NAL_CAVLC_422,81,0,0,31,0,48,1220.92,0,60.4819,0,79.6993
function@read_CBP_and_coeffs_from_NAL_CAVLC_400,0,0,0,0,0,25,0,0,0,0,8.21498
function@read_CBP_and_coeffs_from_NAL_CAVLC_420,87,0,0,29,0,49,152.221,0,50.2461,0,41.9077
function@readMBRefPictureIdx,8,0,0,5,0,15,1344.12,0,5,0,1559.75
function@readMBMotionVectors,149,0,0,56,0,22,7.46096e+06,0,162542,0,1.26839e+07
function@readRefPictureIdx_Null,0,0,0,0,0,0,0,0,0,0,0
function@readRefPictureIdx_FLC,0,0,0,0,0,2,0,0,0,0,2
function@readRefPictureIdx_VLC,0,0,0,0,0,2,0,0,0,0,2
function@get_neighbors,0,0,0,0,0,22,0,0,0,0,20.7059
function@field_flag_inference,0,0,0,0,0,1,0,0,0,0,0.142857
function@SetB8Mode,0,0,0,0,0,0,0,0,0,0,0
function@init_macroblock,0,0,0,0,0,0,0,0,0,0,0
function@skip_macroblock,0,0,0,0,0,20,0,0,0,0,12.4277
function@read_ipred_modes,35,0,0,18,0,18,15070,0,359.818,0,17502.3
function@concealIPCMcoeffs,0,0,0,0,0,5,0,0,0,0,3.67265
function@read_IPCM_coeffs_from_NAL,0,0,0,0,0,10,0,0,0,0,5.4473
function@reset_coeffs,0,0,0,0,0,0,0,0,0,0,0
function@read_delta_quant,0,0,0,0,0,5,0,0,0,0,4.61765
function@readCompCoeff8x8MB_CABAC,0,0,0,0,0,27,0,0,0,0,15
function@readCompCoeff4x4MB_CABAC,39,0,0,6,0,33,795.75,0,5.36765,0,1375.04
function@readCompCoeff8x8_CABAC,12,0,0,6,0,9,11.8627,0,3.13725,0,18.0196
function@readCompCoeff8x8_CABAC_lossless,11,0,0,6,0,7,28.9174,0,9.0367,0,16.9633
function@readCompCoeff4x4SMB_CABAC,80,0,0,12,0,89,8403.21,0,2021.39,0,7378.39
function@readCoeff4x4_CAVLC,16,0,0,4,0,33,5.6556,0,3.39062,0,31.5322
function@readCompCoeff4x4MB_CAVLC,67,0,0,21,0,14,16477.4,0,1790,0,2382.38
function@readCompCoeff8x8MB_CAVLC,55,0,0,17,0,17,12761.4,0,1377.38,0,3970.62
function@predict_nnz,0,0,0,0,0,15,0,0,0,0,11.7783
function@predict_nnz_chroma,0,0,0,0,0,15,0,0,0,0,8.29492
function@decode_one_macroblock,0,0,0,0,0,20,0,0,0,0,7.82353
function@init_cur_imgy,0,0,0,0,0,12,0,0,0,0,1.38462
function@change_plane_JV,0,0,0,0,0,0,0,0,0,0,0
function@make_frame_picture_JV,0,0,0,0,0,5,0,0,0,0,1.89474
function@ercConcealInterFrame,85,0,0,17,0,25,7965.19,0,10.7749,0,3697.31
function@concealByTrial,68,0,0,30,0,17,5840.87,0,792.433,0,740.8
function@concealByCopy,0,0,0,0,0,11,0,0,0,0,32.9062
function@buildPredRegionYUV,316,0,0,51,0,7,5.69465e+06,0,130078,0,12847.9
function@edgeDistortion,361,0,0,218,0,3,1540.52,0,661.524,0,1.85714
function@copyPredMB,0,0,0,0,0,10,0,0,0,0,17.4118
function@conceal_lost_frames,2,0,0,1,0,11,16.9375,0,1,0,330.875
function@copy_to_conceal,136,0,0,39,0,17,8694.13,0,1763.52,0,295.667
function@init_lists_for_non_reference_loss,0,0,0,0,0,28,0,0,0,0,18.9286
function@update_ref_list_for_concealment,0,0,0,0,0,3,0,0,0,0,14.5833
function@compare_pic_by_pic_num_desc,0,0,0,0,0,0,0,0,0,0,0
function@compare_pic_by_poc_desc,0,0,0,0,0,0,0,0,0,0,0
function@compare_pic_by_poc_asc,0,0,0,0,0,0,0,0,0,0,0
function@compare_pic_by_lt_pic_num_asc,0,0,0,0,0,0,0,0,0,0,0
function@get_pic_from_dpb,0,0,0,0,0,2,0,0,0,0,0.833333
function@comp,0,0,0,0,0,0,0,0,0,0,0
function@init_node,0,0,0,0,0,2,0,0,0,0,2
function@print_node,0,0,0,0,0,0,0,0,0,0,0
function@print_list,0,0,0,0,0,2,0,0,0,0,22.25
function@delete_list,0,0,0,0,0,3,0,0,0,0,26.0588
function@conceal_non_ref_pics,7,0,0,2,0,12,29.28,0,0.96,0,140.44
function@sliding_window_poc_management,0,0,0,0,0,1,0,0,0,0,0.25
function@write_lost_non_ref_pic,0,0,0,0,0,1,0,0,0,0,1
function@write_lost_ref_after_idr,0,0,0,0,0,5,0,0,0,0,3.7619
function@intra4x4_pred_mbaff,133,0,0,17,0,197,10.3894,0,3.5,0,19.6512
function@arideco_create_decoding_environment,0,0,0,0,0,2,0,0,0,0,2
function@arideco_delete_decoding_environment,0,0,0,0,0,0,0,0,0,0,0
function@arideco_done_decoding,0,0,0,0,0,0,0,0,0,0,0
function@getbyte,0,0,0,0,0,0,0,0,0,0,0
function@getword,0,0,0,0,0,0,0,0,0,0,0
function@arideco_start_decoding,0,0,0,0,0,0,0,0,0,0,0
function@arideco_bits_read,0,0,0,0,0,0,0,0,0,0,0
function@biari_decode_symbol,0,0,0,0,0,2,0,0,0,0,1.2381
function@biari_decode_symbol_eq_prob,0,0,0,0,0,2,0,0,0,0,1.38095
function@biari_decode_final,0,0,0,0,0,4,0,0,0,0,1.36471
function@biari_init_context,0,0,0,0,0,0,0,0,0,0,0
function@InterpretSEIMessage,9,0,0,3,0,61,13,0,3,0,1323.79
function@interpret_buffering_period_info,0,0,0,0,0,18,0,0,0,0,72.1875
function@interpret_picture_timing_info,2,0,0,2,0,32,3.41912,0,0.235294,0,55.2868
function@interpret_pan_scan_rect_info,0,0,0,0,0,16,0,0,0,0,66.7059
function@interpret_filler_payload_info,0,0,0,0,0,0,0,0,0,0,0
function@interpret_user_data_registered_itu_t_t35_info,0,0,0,0,0,0,0,0,0,0,0
function@interpret_user_data_unregistered_info,0,0,0,0,0,0,0,0,0,0,0
function@interpret_recovery_point_info,0,0,0,0,0,9,0,0,0,0,9
function@interpret_dec_ref_pic_marking_repetition_info,2,0,0,1,0,14,2,0,1,0,12.5882
function@interpret_spare_pic,43,0,0,13,0,36,10958.9,0,629.66,0,3923.59
function@interpret_scene_information,0,0,0,0,0,7,0,0,0,0,6.5
function@interpret_subsequence_info,0,0,0,0,0,11,0,0,0,0,10.6667
function@interpret_subsequence_layer_characteristics_info,0,0,0,0,0,11,0,0,0,0,132.5
function@interpret_subsequence_characteristics_info,0,0,0,0,0,20,0,0,0,0,140.167
function@interpret_full_frame_freeze_info,0,0,0,0,0,5,0,0,0,0,5
function@interpret_full_frame_freeze_release_info,0,0,0,0,0,0,0,0,0,0,0
function@interpret_full_frame_snapshot_info,0,0,0,0,0,5,0,0,0,0,5
function@interpret_progressive_refinement_start_info,0,0,0,0,0,6,0,0,0,0,6
function@interpret_progressive_refinement_end_info,0,0,0,0,0,5,0,0,0,0,5
function@interpret_motion_constrained_slice_group_set_info,0,0,0,0,0,14,0,0,0,0,74.4167
function@interpret_film_grain_characteristics_info,0,0,0,0,0,73,0,0,0,0,652.938
function@interpret_deblocking_filter_display_preference_info,0,0,0,0,0,8,0,0,0,0,6.14286
function@interpret_stereo_video_info_info,0,0,0,0,0,9,0,0,0,0,8.38095
function@interpret_tone_mapping,32,0,0,4,0,28,13.4566,0,2.125,0,12.0732
function@interpret_post_filter_hints_info,0,0,0,0,0,24,0,0,0,0,3133.5
function@interpret_frame_packing_arrangement_info,0,0,0,0,0,24,0,0,0,0,12.7143
function@interpret_reserved_info,0,0,0,0,0,0,0,0,0,0,0
function@tone_map,0,0,0,0,0,2,0,0,0,0,16.4375
function@init_tone_mapping_sei,0,0,0,0,0,0,0,0,0,0,0
function@update_tone_mapping_sei,0,0,0,0,0,2,0,0,0,0,0.5
function@error,0,0,0,0,0,3,0,0,0,0,3
function@FreeDecPicList,0,0,0,0,0,3,0,0,0,0,43.5
function@init_frext,0,0,0,0,0,8,0,0,0,0,4.90476
function@AllocPartition,0,0,0,0,0,5,0,0,0,0,23.6238
function@FreePartition,0,0,0,0,0,3,0,0,0,0,2.66667
function@malloc_slice,0,0,0,0,0,8,0,0,0,0,6
function@init_global_buffers,0,0,0,0,0,13,0,0,0,0,9.75
function@free_global_buffers,0,0,0,0,0,4,0,0,0,0,2.85294
function@report_stats_on_error,0,0,0,0,0,0,0,0,0,0,0
function@ClearDecPicList,0,0,0,0,0,6,0,0,0,0,15.2647
function@GetOneAvailDecPicFromList,0,0,0,0,0,4,0,0,0,0,17.7143
function@OpenDecoder,0,0,0,0,0,8,0,0,0,0,6.72059
function@DecodeOneFrame,0,0,0,0,0,7,0,0,0,0,8.79091
function@FinitDecoder,0,0,0,0,0,5,0,0,0,0,5.01695
function@CloseDecoder,0,0,0,0,0,52,0,0,0,0,39.928
function@free_slice,0,0,0,0,0,4,0,0,0,0,4
function@init_all_macroblocks,0,0,0,0,0,1,0,0,0,0,0.5
function@init_slice,0,0,0,0,0,7,0,0,0,0,4.75
function@reorder_lists,0,0,0,0,0,4,0,0,0,0,2.31085
function@decode_slice,3,0,0,3,0,17,136.613,0,1.25806,0,156.968
function@decode_one_slice,0,0,0,0,0,13,0,0,0,0,70.7188
function@decode_one_frame,2,0,0,1,0,43,2.93383,0,1,0,181.637
function@init_picture,0,0,0,0,0,38,0,0,0,0,15.6566
function@read_new_slice,48,0,0,9,0,45,77.5688,0,11.1586,0,121.471
function@CopySliceInfo,0,0,0,0,0,0,0,0,0,0,0
function@exit_picture,221,0,0,52,0,35,893.428,0,307.024,0,7.81605
function@copy_dec_picture_JV,0,0,0,0,0,2,0,0,0,0,2
function@buffer2img,0,0,0,0,0,47,0,0,0,0,181.486
function@compute_SSE,0,0,0,0,0,9,0,0,0,0,27.4118
function@calculate_frame_no,0,0,0,0,0,0,0,0,0,0,0
function@find_snr,20,0,0,5,0,17,82.1956,0,33.1177,0,810.628
function@is_new_picture,0,0,0,0,0,1,0,0,0,0,0.498039
function@pad_buf,5,0,0,1,0,22,329.56,0,1,0,206.44
function@pad_dec_picture,0,0,0,0,0,11,0,0,0,0,7.19048
function@frame_postprocessing,0,0,0,0,0,0,0,0,0,0,0
function@field_postprocessing,0,0,0,0,0,0,0,0,0,0,0
function@ercWriteMBMODEandMV,0,0,0,0,0,29,0,0,0,0,4.58333
function@init_old_slice,0,0,0,0,0,0,0,0,0,0,0
function@GetVOIdx,0,0,0,0,0,1,0,0,0,0,6.21951
function@get_maxViewIdx,0,0,0,0,0,3,0,0,0,0,0.780488
function@intrapred16x16,0,0,0,0,0,0,0,0,0,0,0
function@ParseSizeFromString,13,0,0,1,0,21,3.22121,0,1,0,43.0933
function@ParseFrameNoFormatFromString,0,0,0,0,0,14,0,0,0,0,63.1171
function@OpenFrameFile,0,0,0,0,0,11,0,0,0,0,11
function@OpenFiles,0,0,0,0,0,6,0,0,0,0,2.57143
function@CloseFiles,0,0,0,0,0,1,0,0,0,0,1
function@ParseVideoType,0,0,0,0,0,8,0,0,0,0,4.77011
function@compute_residue,0,0,0,0,0,4,0,0,0,0,19.45
function@sample_reconstruct,0,0,0,0,0,5,0,0,0,0,16.2
function@JMDecHelpExit,0,0,0,0,0,0,0,0,0,0,0
function@ParseCommand,4,0,0,4,0,63,2.19212,0,2,0,176.026
function@get_colocated_info_4x4,0,0,0,0,0,1,0,0,0,0,0.0293255
function@get_colocated_info_8x8,0,0,0,0,0,4,0,0,0,0,0.404587
function@update_direct_types,0,0,0,0,0,0,0,0,0,0,0
function@update_direct_mv_info_spatial_8x8,3,0,0,1,0,8,15.625,0,0.625,0,19.081
function@update_direct_mv_info_temporal,57,0,0,27,0,17,114920,0,9335.17,0,79085
function@update_direct_mv_info_spatial_4x4,0,0,0,0,0,9,0,0,0,0,679.5
function@intrapred,0,0,0,0,0,0,0,0,0,0,0
function@itrans8x8,0,0,0,0,0,11,0,0,0,0,7
function@fmo_init,0,0,0,0,0,55,0,0,0,0,818.433
function@FmoFinit,0,0,0,0,0,0,0,0,0,0,0
function@FmoGetNumberOfSliceGroup,0,0,0,0,0,0,0,0,0,0,0
function@FmoGetLastMBOfPicture,0,0,0,0,0,0,0,0,0,0,0
function@FmoGetLastMBInSliceGroup,0,0,0,0,0,0,0,0,0,0,0
function@FmoGetSliceGroupId,0,0,0,0,0,0,0,0,0,0,0
function@FmoGetNextMBNr,0,0,0,0,0,1,0,0,0,0,1
function@intrapred8x8_normal,99,0,0,30,0,231,7.72119,0,3.06943,0,22.6297
function@LowPassForIntra8x8Pred,0,0,0,0,0,8,0,0,0,0,4.11538
function@itrans4x4,0,0,0,0,0,9,0,0,0,0,9
function@itrans4x4_ls,0,0,0,0,0,0,0,0,0,0,0
function@Inv_Residual_trans_4x4,21,0,0,9,0,0,16.3333,0,4.33333,0,0
function@Inv_Residual_trans_8x8,260,0,0,119,0,0,92,0,41,0,0
function@Inv_Residual_trans_16x16,0,0,0,0,0,15,0,0,0,0,5.33333
function@Inv_Residual_trans_Chroma,0,0,0,0,0,17,0,0,0,0,48.125
function@itrans_2,0,0,0,0,0,1,0,0,0,0,1
function@itrans_sp,61,0,0,18,0,3,78.75,0,20.5625,0,2
function@itrans_sp_cr,11,0,0,4,0,26,1509.42,0,3.48352,0,1545.95
function@iMBtrans4x4,0,0,0,0,0,69,0,0,0,0,24.6985
function@copy_image_data_16x16,0,0,0,0,0,0,0,0,0,0,0
function@iMBtrans8x8,0,0,0,0,0,10,0,0,0,0,10
function@iTransform,87,0,0,8,0,36,780.5,0,22.9694,0,604.51
function@copy_image_data,0,0,0,0,0,4,0,0,0,0,24.25
function@copy_image_data_8x8,0,0,0,0,0,0,0,0,0,0,0
function@copy_image_data_4x4,0,0,0,0,0,0,0,0,0,0,0
function@CheckVertMV,0,0,0,0,0,0,0,0,0,0,0
function@initBitsFile,0,0,0,0,0,3,0,0,0,0,1.66667
function@read_next_nalu,0,0,0,0,0,5,0,0,0,0,2.9759
function@CheckZeroByteNonVCL,0,0,0,0,0,0,0,0,0,0,0
function@CheckZeroByteVCL,0,0,0,0,0,0,0,0,0,0,0
function@nal_unit_header_mvc_extension,0,0,0,0,0,9,0,0,0,0,9
function@nal_unit_header_svc_extension,0,0,0,0,0,0,0,0,0,0,0
function@prefix_nal_unit_svc,0,0,0,0,0,0,0,0,0,0,0
function@main,0,0,0,0,0,14,0,0,0,0,37.3831
function@set_loop_filter_functions_normal,0,0,0,0,0,0,0,0,0,0,0
function@GetStrengthVer,0,0,0,0,0,26,0,0,0,0,0.856257
function@GetStrengthHor,0,0,0,0,0,21,0,0,0,0,0.535701
function@EdgeLoopLumaVer,0,0,0,0,0,11,0,0,0,0,263
function@EdgeLoopLumaHor,22,0,0,8,0,8,72.3576,0,34.1589,0,52.1921
function@EdgeLoopChromaVer,0,0,0,0,0,4,0,0,0,0,1.33333
function@EdgeLoopChromaHor,0,0,0,0,0,4,0,0,0,0,1.06818
function@AllocNALU,0,0,0,0,0,4,0,0,0,0,3.38095
function@FreeNALU,0,0,0,0,0,2,0,0,0,0,1.61905
function@intrapred_16x16_mbaff,0,0,0,0,0,169,0,0,0,0,33.7906
function@init_contexts,0,0,0,0,0,438,0,0,0,0,2943.33
function@malloc_annex_b,0,0,0,0,0,1,0,0,0,0,1
function@init_annex_b,0,0,0,0,0,0,0,0,0,0,0
function@free_annex_b,0,0,0,0,0,1,0,0,0,0,1
function@GetAnnexbNALU,0,0,0,0,0,15,0,0,0,0,16.3265
function@OpenAnnexBFile,0,0,0,0,0,7,0,0,0,0,5.14286
function@CloseAnnexBFile,0,0,0,0,0,0,0,0,0,0,0
function@ResetAnnexB,0,0,0,0,0,0,0,0,0,0,0
function@GetConfigFileContent,0,0,0,0,0,22,0,0,0,0,7.4433
function@ParseContent,2,0,0,2,0,31,7.25,0,1.3125,0,182.311
function@InitParams,0,0,0,0,0,0,0,0,0,0,0
function@TestParams,0,0,0,0,0,13,0,0,0,0,14.6667
function@DisplayParams,0,0,0,0,0,11,0,0,0,0,22.1429
function@intra4x4_pred_normal,0,0,0,0,0,112,0,0,0,0,13.426
function@gettime,0,0,0,0,0,0,0,0,0,0,0
function@timediff,0,0,0,0,0,1,0,0,0,0,1
function@timenorm,0,0,0,0,0,0,0,0,0,0,0
function@ercInit,0,0,0,0,0,4,0,0,0,0,4
function@ercClose,0,0,0,0,0,3,0,0,0,0,2.6
function@ercOpen,0,0,0,0,0,2,0,0,0,0,2
function@ercSetErrorConcealment,0,0,0,0,0,0,0,0,0,0,0
function@ercReset,0,0,0,0,0,14,0,0,0,0,5.33103
function@ercStartSegment,0,0,0,0,0,0,0,0,0,0,0
function@ercStopSegment,0,0,0,0,0,0,0,0,0,0,0
function@ercMarkCurrSegmentLost,0,0,0,0,0,1,0,0,0,0,10.0294
function@ercMarkCurrSegmentOK,0,0,0,0,0,1,0,0,0,0,10.2
function@ercMarkCurrMBConcealed,0,0,0,0,0,1,0,0,0,0,0.0963303
function@reorder_short_term,0,0,0,0,0,10,0,0,0,0,33.4235
function@reorder_long_term,0,0,0,0,0,11,0,0,0,0,33.9882
function@init_lists_i_slice_mvc,0,0,0,0,0,0,0,0,0,0,0
function@init_lists_p_slice_mvc,13,0,0,1,0,40,43.7914,0,1,0,28.9632
function@compare_pic_by_pic_num_desc,0,0,0,0,0,0,0,0,0,0,0
function@compare_pic_by_lt_pic_num_asc,0,0,0,0,0,0,0,0,0,0,0
function@compare_fs_by_frame_num_desc,0,0,0,0,0,0,0,0,0,0,0
function@compare_fs_by_lt_pic_idx_asc,0,0,0,0,0,0,0,0,0,0,0
function@init_lists_b_slice_mvc,48,0,0,6,0,66,93.4049,0,5.25153,0,38.9939
function@compare_pic_by_poc_desc,0,0,0,0,0,0,0,0,0,0,0
function@compare_pic_by_poc_asc,0,0,0,0,0,0,0,0,0,0,0
function@compare_fs_by_poc_desc,0,0,0,0,0,0,0,0,0,0,0
function@compare_fs_by_poc_asc,0,0,0,0,0,0,0,0,0,0,0
function@init_lists_mvc,65,0,0,6,0,105,36.7265,0,4.24908,0,20.2369
function@reorder_ref_pic_list_mvc,56,0,0,20,0,35,267.269,0,23.5769,0,511.154
function@reorder_lists_mvc,0,0,0,0,0,7,0,0,0,0,3.6217
function@ReadFrameConcatenated,0,0,0,0,0,21,0,0,0,0,55.1199
function@ReadFrameSeparate,0,0,0,0,0,23,0,0,0,0,57.9949
function@Scaling_List,0,0,0,0,0,17,0,0,0,0,87
function@InterpretSPS,6,0,0,5,0,57,514.722,0,20.7222,0,1177.96
function@InitVUI,0,0,0,0,0,0,0,0,0,0,0
function@ReadVUI,0,0,0,0,0,36,0,0,0,0,16.925
function@ReadHRDParameters,0,0,0,0,0,16,0,0,0,0,201.25
function@InterpretPPS,41,0,0,4,0,24,180.307,0,9.47479,0,475.45
function@PPSConsistencyCheck,0,0,0,0,0,0,0,0,0,0,0
function@SPSConsistencyCheck,0,0,0,0,0,0,0,0,0,0,0
function@SubsetSPSConsistencyCheck,0,0,0,0,0,0,0,0,0,0,0
function@MakePPSavailable,0,0,0,0,0,4,0,0,0,0,4
function@CleanUpPPS,0,0,0,0,0,0,0,0,0,0,0
function@MakeSPSavailable,0,0,0,0,0,1,0,0,0,0,1
function@ProcessSPS,0,0,0,0,0,14,0,0,0,0,11.2586
function@get_max_dec_frame_buf_size,0,0,0,0,0,2,0,0,0,0,1.05535
function@ProcessSubsetSPS,0,0,0,0,0,22,0,0,0,0,32.1053
function@reset_subset_sps,0,0,0,0,0,11,0,0,0,0,154.615
function@seq_parameter_set_mvc_extension,18,0,0,2,0,46,3041.44,0,1.38235,0,4810.68
function@mvc_vui_parameters_extension,12,0,0,1,0,27,26.8529,0,0.617647,0,1079.59
function@ProcessPPS,0,0,0,0,0,14,0,0,0,0,11.4587
function@reset_format_info,0,0,0,0,0,8,0,0,0,0,4.11765
function@activate_sps,0,0,0,0,0,15,0,0,0,0,8.53893
function@activate_pps,0,0,0,0,0,3,0,0,0,0,2.4
function@UseParameterSet,0,0,0,0,0,8,0,0,0,0,5.38095
function@MemAlloc1D,0,0,0,0,0,2,0,0,0,0,2
function@hrd_parameters,0,0,0,0,0,17,0,0,0,0,158.417
function@init_subset_sps_list,0,0,0,0,0,6,0,0,0,0,3.96
function@GetBaseViewId,0,0,0,0,0,2,0,0,0,0,1.25683e-07
function@initInput,0,0,0,0,0,0,0,0,0,0,0
function@testEndian,0,0,0,0,0,0,0,0,0,0,0
function@buf2img_endian,0,0,0,0,0,35,0,0,0,0,26.6719
function@buf2img_basic,20,0,0,7,0,25,41.5,0,2.66406,0,663.328
function@buf2img_bitshift,14,0,0,6,0,26,108.508,0,4.2832,0,826.336
function@fillPlane,0,0,0,0,0,4,0,0,0,0,19.45
function@AllocateFrameMemory,0,0,0,0,0,2,0,0,0,0,2
function@DeleteFrameMemory,0,0,0,0,0,0,0,0,0,0,0
function@read_one_frame,152,0,0,29,0,28,194.193,0,46.5596,0,31.5229
function@pad_borders,0,0,0,0,0,13,0,0,0,0,78.64
function@init_top_bot_planes,0,0,0,0,0,11,0,0,0,0,8
function@no_mem_exit,0,0,0,0,0,3,0,0,0,0,3
function@free_top_bot_planes,0,0,0,0,0,2,0,0,0,0,2
function@get_mem2Ddist,0,0,0,0,0,10,0,0,0,0,6.47619
function@get_mem2Dlm,0,0,0,0,0,10,0,0,0,0,6.47619
function@free_mem2Ddist,0,0,0,0,0,2,0,0,0,0,1.61765
function@free_mem2Dlm,0,0,0,0,0,2,0,0,0,0,1.61765
function@get_mem2Dmp,0,0,0,0,0,10,0,0,0,0,6.47619
function@get_mem3Dmp,0,0,0,0,0,9,0,0,0,0,7.2381
function@free_mem2Dmp,0,0,0,0,0,2,0,0,0,0,1.61765
function@free_mem3Dmp,0,0,0,0,0,3,0,0,0,0,2.01852
function@get_mem2Dquant,0,0,0,0,0,10,0,0,0,0,6.47619
function@get_mem3Dquant,0,0,0,0,0,9,0,0,0,0,7.2381
function@get_mem4Dquant,0,0,0,0,0,15,0,0,0,0,11.4762
function@get_mem5Dquant,0,0,0,0,0,13,0,0,0,0,11.2381
function@free_mem2Dquant,0,0,0,0,0,2,0,0,0,0,1.61765
function@free_mem3Dquant,0,0,0,0,0,3,0,0,0,0,2.01852
function@free_mem4Dquant,0,0,0,0,0,4,0,0,0,0,2.25287
function@free_mem5Dquant,0,0,0,0,0,2,0,0,0,0,1.61905
function@get_mem2D_spp,0,0,0,0,0,10,0,0,0,0,6.47619
function@get_mem3D_spp,0,0,0,0,0,9,0,0,0,0,7.2381
function@get_mem2Dmv,0,0,0,0,0,10,0,0,0,0,6.47619
function@get_mem3Dmv,0,0,0,0,0,9,0,0,0,0,7.2381
function@get_mem4Dmv,0,0,0,0,0,15,0,0,0,0,11.4762
function@get_mem5Dmv,0,0,0,0,0,13,0,0,0,0,11.2381
function@get_mem6Dmv,2,0,0,1,0,16,2,0,1,0,13.7143
function@get_mem7Dmv,0,0,0,0,0,17,0,0,0,0,15.2381
function@free_mem2D_spp,0,0,0,0,0,2,0,0,0,0,1.61765
function@free_mem3D_spp,0,0,0,0,0,3,0,0,0,0,2.01852
function@free_mem2Dmv,0,0,0,0,0,2,0,0,0,0,1.61765
function@free_mem3Dmv,0,0,0,0,0,3,0,0,0,0,2.01852
function@free_mem4Dmv,0,0,0,0,0,4,0,0,0,0,2.25287
function@free_mem5Dmv,0,0,0,0,0,2,0,0,0,0,1.61905
function@free_mem6Dmv,0,0,0,0,0,3,0,0,0,0,2
function@free_mem7Dmv,0,0,0,0,0,4,0,0,0,0,2.25926
function@get_mem1Dpel,0,0,0,0,0,4,0,0,0,0,2.7619
function@get_mem2Dpel,0,0,0,0,0,10,0,0,0,0,6.47619
function@get_mem2DpelWithPad,0,0,0,0,0,8,0,0,0,0,5.52381
function@get_mem3Dpel,0,0,0,0,0,9,0,0,0,0,7.2381
function@get_mem3DpelWithPad,0,0,0,0,0,13,0,0,0,0,11.2381
function@get_mem3DpelWithPadSeparately,0,0,0,0,0,15,0,0,0,0,90.5238
function@get_mem4Dpel,0,0,0,0,0,15,0,0,0,0,11.4762
function@get_mem4DpelWithPad,2,0,0,1,0,16,2,0,1,0,13.7143
function@get_mem4DpelWithPadSeparately,8,0,0,4,0,17,26.7619,0,3.38095,0,90.7619
function@get_mem5Dpel,0,0,0,0,0,13,0,0,0,0,11.2381
function@get_mem5DpelWithPad,0,0,0,0,0,17,0,0,0,0,15.2381
function@get_mem5DpelWithPadSeparately,0,0,0,0,0,17,0,0,0,0,15.2381
function@free_mem1Dpel,0,0,0,0,0,0,0,0,0,0,0
function@free_mem2Dpel,0,0,0,0,0,2,0,0,0,0,1.61765
function@free_mem2DpelWithPad,0,0,0,0,0,2,0,0,0,0,2
function@free_mem3Dpel,0,0,0,0,0,3,0,0,0,0,2.01852
function@free_mem3DpelWithPad,0,0,0,0,0,3,0,0,0,0,2.62963
function@free_mem3DpelWithPadSeparately,0,0,0,0,0,5,0,0,0,0,5.33333
function@free_mem4Dpel,0,0,0,0,0,4,0,0,0,0,2.25287
function@free_mem4DpelWithPad,0,0,0,0,0,2,0,0,0,0,1.61905
function@free_mem4DpelWithPadSeparately,0,0,0,0,0,6,0,0,0,0,4.29412
function@free_mem5Dpel,0,0,0,0,0,2,0,0,0,0,1.61905
function@free_mem5DpelWithPad,0,0,0,0,0,3,0,0,0,0,2
function@free_mem5DpelWithPadSeparately,0,0,0,0,0,2,0,0,0,0,1.61905
function@new_mem2D,0,0,0,0,0,9,0,0,0,0,6.52381
function@get_mem2D,0,0,0,0,0,10,0,0,0,0,6.47619
function@new_mem2Dint,0,0,0,0,0,9,0,0,0,0,6.52381
function@get_mem2Dint,0,0,0,0,0,10,0,0,0,0,6.47619
function@get_mem2DintWithPad,0,0,0,0,0,8,0,0,0,0,5.52381
function@get_mem2Dint64,0,0,0,0,0,10,0,0,0,0,6.47619
function@get_mem2Ddistblk,0,0,0,0,0,10,0,0,0,0,6.47619
function@get_mem3D,0,0,0,0,0,9,0,0,0,0,7.2381
function@get_mem4D,0,0,0,0,0,15,0,0,0,0,11.4762
function@get_mem3Dint,0,0,0,0,0,9,0,0,0,0,7.2381
function@get_mem3Dint64,0,0,0,0,0,9,0,0,0,0,7.2381
function@get_mem3Ddistblk,0,0,0,0,0,9,0,0,0,0,7.2381
function@get_mem4Dint,0,0,0,0,0,15,0,0,0,0,11.4762
function@get_mem4Dint64,0,0,0,0,0,15,0,0,0,0,11.4762
function@get_mem4Ddistblk,0,0,0,0,0,15,0,0,0,0,11.4762
function@get_mem5Dint,0,0,0,0,0,13,0,0,0,0,11.2381
function@free_mem2D,0,0,0,0,0,2,0,0,0,0,1.61765
function@free_mem2Dint,0,0,0,0,0,2,0,0,0,0,1.61765
function@free_mem2DintWithPad,0,0,0,0,0,2,0,0,0,0,2
function@free_mem2Dint64,0,0,0,0,0,2,0,0,0,0,1.61765
function@free_mem3D,0,0,0,0,0,3,0,0,0,0,2.01852
function@free_mem4D,0,0,0,0,0,4,0,0,0,0,2.25287
function@free_mem3Dint,0,0,0,0,0,3,0,0,0,0,2.01852
function@free_mem3Dint64,0,0,0,0,0,3,0,0,0,0,2.01852
function@free_mem3Ddistblk,0,0,0,0,0,3,0,0,0,0,2.01852
function@free_mem2Ddistblk,0,0,0,0,0,2,0,0,0,0,1.61765
function@free_mem4Dint,0,0,0,0,0,4,0,0,0,0,2.25287
function@free_mem4Dint64,0,0,0,0,0,4,0,0,0,0,2.25287
function@free_mem4Ddistblk,0,0,0,0,0,4,0,0,0,0,2.25287
function@free_mem5Dint,0,0,0,0,0,2,0,0,0,0,1.61905
function@new_mem2Duint16,0,0,0,0,0,9,0,0,0,0,6.52381
function@get_mem2Duint16,0,0,0,0,0,10,0,0,0,0,6.47619
function@get_mem3Duint16,0,0,0,0,0,9,0,0,0,0,7.2381
function@get_mem4Duint16,0,0,0,0,0,15,0,0,0,0,11.4762
function@get_mem2Dshort,0,0,0,0,0,10,0,0,0,0,6.47619
function@get_mem3Dshort,0,0,0,0,0,9,0,0,0,0,7.2381
function@get_mem4Dshort,0,0,0,0,0,15,0,0,0,0,11.4762
function@get_mem5Dshort,0,0,0,0,0,13,0,0,0,0,11.2381
function@get_mem6Dshort,2,0,0,1,0,16,2,0,1,0,13.7143
function@get_mem7Dshort,0,0,0,0,0,17,0,0,0,0,15.2381
function@free_mem2Duint16,0,0,0,0,0,2,0,0,0,0,1.61765
function@free_mem3Duint16,0,0,0,0,0,3,0,0,0,0,2.01852
function@free_mem4Duint16,0,0,0,0,0,4,0,0,0,0,2.25287
function@free_mem2Dshort,0,0,0,0,0,2,0,0,0,0,1.61765
function@free_mem3Dshort,0,0,0,0,0,3,0,0,0,0,2.01852
function@free_mem4Dshort,0,0,0,0,0,4,0,0,0,0,2.25287
function@free_mem5Dshort,0,0,0,0,0,2,0,0,0,0,1.61905
function@free_mem6Dshort,0,0,0,0,0,3,0,0,0,0,2
function@free_mem7Dshort,0,0,0,0,0,4,0,0,0,0,2.25926
function@get_mem2Ddouble,0,0,0,0,0,10,0,0,0,0,6.47619
function@get_mem1Dodouble,0,0,0,0,0,6,0,0,0,0,4.7619
function@get_mem2Dodouble,0,0,0,0,0,11,0,0,0,0,7.47619
function@get_mem3Dodouble,2,0,0,2,0,16,419,0,0.761905,0,465.857
function@get_offset_mem2Dshort,0,0,0,0,0,13,0,0,0,0,28.9048
function@get_mem3Doint,2,0,0,2,0,16,419,0,0.761905,0,465.857
function@get_mem2Doint,0,0,0,0,0,11,0,0,0,0,7.47619
function@get_mem3Ddouble,0,0,0,0,0,9,0,0,0,0,7.375
function@free_mem2Ddouble,0,0,0,0,0,2,0,0,0,0,1.61765
function@free_mem1Dodouble,0,0,0,0,0,0,0,0,0,0,0
function@free_mem2Dodouble,0,0,0,0,0,2,0,0,0,0,1.61765
function@free_mem3Dodouble,0,0,0,0,0,6,0,0,0,0,133.382
function@free_mem3Doint,0,0,0,0,0,6,0,0,0,0,133.382
function@free_mem2Doint,0,0,0,0,0,2,0,0,0,0,1.61765
function@free_offset_mem2Dshort,0,0,0,0,0,2,0,0,0,0,1.61765
function@free_mem3Ddouble,0,0,0,0,0,3,0,0,0,0,2.01852
function@get_mem2Dolm,0,0,0,0,0,11,0,0,0,0,7.47619
function@free_mem2Dolm,0,0,0,0,0,2,0,0,0,0,1.61765
function@CheckAvailabilityOfNeighborsCABAC,0,0,0,0,0,7,0,0,0,0,5.75
function@cabac_new_slice,0,0,0,0,0,0,0,0,0,0,0
function@create_contexts_MotionInfo,0,0,0,0,0,2,0,0,0,0,2
function@create_contexts_TextureInfo,0,0,0,0,0,2,0,0,0,0,2
function@delete_contexts_MotionInfo,0,0,0,0,0,0,0,0,0,0,0
function@delete_contexts_TextureInfo,0,0,0,0,0,0,0,0,0,0,0
function@readFieldModeInfo_CABAC,0,0,0,0,0,4,0,0,0,0,2.7619
function@check_next_mb_and_get_field_mode_CABAC_p_slice,50,0,0,14,0,23,45.125,0,14,0,17.625
function@read_skip_flag_CABAC_p_slice,0,0,0,0,0,4,0,0,0,0,2.7619
function@check_next_mb_and_get_field_mode_CABAC_b_slice,50,0,0,13,0,23,45.125,0,13,0,17.75
function@read_skip_flag_CABAC_b_slice,0,0,0,0,0,3,0,0,0,0,2.38095
function@read_MVD_CABAC,3,0,0,1,0,33,3,0,1,0,32.746
function@readB8_typeInfo_CABAC_p_slice,0,0,0,0,0,6,0,0,0,0,4.23214
function@readB8_typeInfo_CABAC_b_slice,0,0,0,0,0,17,0,0,0,0,7.11494
function@readMB_transform_size_flag_CABAC,0,0,0,0,0,4,0,0,0,0,2.7619
function@readMB_typeInfo_CABAC_i_slice,0,0,0,0,0,23,0,0,0,0,6.05505
function@readMB_typeInfo_CABAC_p_slice,0,0,0,0,0,17,0,0,0,0,6.33027
function@readMB_typeInfo_CABAC_b_slice,0,0,0,0,0,30,0,0,0,0,9.25382
function@readIntraPredMode_CABAC,0,0,0,0,0,9,0,0,0,0,6
function@readRefFrame_CABAC,0,0,0,0,0,22,0,0,0,0,35.9405
function@read_dQuant_CABAC,0,0,0,0,0,7,0,0,0,0,29.55
function@read_CBP_CABAC,5,0,0,1,0,27,3.625,0,1,0,14.1797
function@readCIPredMode_CABAC,0,0,0,0,0,11,0,0,0,0,6.17647
function@set_read_and_store_CBP,0,0,0,0,0,0,0,0,0,0,0
function@read_and_store_CBP_block_bit_444,62,0,0,10,0,40,18.6712,0,8,0,11.6992
function@read_and_store_CBP_block_bit_normal,7,0,0,1,0,49,0.899999,0,1,0,7.49375
function@readRunLevel_CABAC,25,0,0,10,0,31,120.219,0,88.4215,0,226.562
function@readSyntaxElement_CABAC,0,0,0,0,0,8,0,0,0,0,8
function@cabac_startcode_follows,0,0,0,0,0,1,0,0,0,0,0.380952
function@readIPCM_CABAC,43,0,0,24,0,69,894.183,0,303,0,2028.6
function@ue_v,0,0,0,0,0,0,0,0,0,0,0
function@linfo_ue,0,0,0,0,0,0,0,0,0,0,0
function@readSyntaxElement_VLC,0,0,0,0,0,7,0,0,0,0,8.75221
function@se_v,0,0,0,0,0,0,0,0,0,0,0
function@linfo_se,0,0,0,0,0,0,0,0,0,0,0
function@u_v,0,0,0,0,0,7,0,0,0,0,22.5952
function@readSyntaxElement_FLC,0,0,0,0,0,6,0,0,0,0,21.8529
function@i_v,0,0,0,0,0,7,0,0,0,0,22.5952
function@u_1,0,0,0,0,0,1,0,0,0,0,0.5
function@linfo_cbp_intra_normal,0,0,0,0,0,0,0,0,0,0,0
function@linfo_cbp_intra_other,0,0,0,0,0,0,0,0,0,0,0
function@linfo_cbp_inter_normal,0,0,0,0,0,0,0,0,0,0,0
function@linfo_cbp_inter_other,0,0,0,0,0,0,0,0,0,0,0
function@linfo_levrun_inter,0,0,0,0,0,1,0,0,0,0,0.25
function@linfo_levrun_c2x2,0,0,0,0,0,1,0,0,0,0,0.25
function@GetVLCSymbol,0,0,0,0,0,4,0,0,0,0,6.92857
function@readSyntaxElement_UVLC,0,0,0,0,0,1,0,0,0,0,1
function@readSyntaxElement_Intra4x4PredictionMode,0,0,0,0,0,3,0,0,0,0,1.80952
function@GetVLCSymbol_IntraMode,0,0,0,0,0,1,0,0,0,0,0.619048
function@more_rbsp_data,0,0,0,0,0,1,0,0,0,0,0.147059
function@uvlc_startcode_follows,0,0,0,0,0,2,0,0,0,0,0.666667
function@GetBits,0,0,0,0,0,6,0,0,0,0,22.0952
function@readSyntaxElement_NumCoeffTrailingOnes,0,0,0,0,0,7,0,0,0,0,1.78428
function@ShowBits,0,0,0,0,0,4,0,0,0,0,20.7857
function@readSyntaxElement_NumCoeffTrailingOnesChromaDC,0,0,0,0,0,2,0,0,0,0,1.06856
function@readSyntaxElement_Level_VLC0,0,0,0,0,0,12,0,0,0,0,6.30709
function@readSyntaxElement_Level_VLCN,0,0,0,0,0,12,0,0,0,0,26.2222
function@readSyntaxElement_TotalZeros,0,0,0,0,0,2,0,0,0,0,1.3125
function@readSyntaxElement_TotalZerosChromaDC,0,0,0,0,0,1,0,0,0,0,0.3125
function@readSyntaxElement_Run,0,0,0,0,0,2,0,0,0,0,1.3125
function@init_process_image,0,0,0,0,0,0,0,0,0,0,0
function@clear_process_image,0,0,0,0,0,0,0,0,0,0,0
function@process_image,0,0,0,0,0,5,0,0,0,0,2.44118
function@MuxImages,0,0,0,0,0,31,0,0,0,0,69
function@FilterImageSep,0,0,0,0,0,53,0,0,0,0,1006.85
function@intrapred_16x16_normal,0,0,0,0,0,30,0,0,0,0,12.7625
function@AllocPPS,0,0,0,0,0,2,0,0,0,0,2
function@AllocSPS,0,0,0,0,0,2,0,0,0,0,2
function@FreePPS,0,0,0,0,0,2,0,0,0,0,2
function@FreeSPS,0,0,0,0,0,0,0,0,0,0,0
function@sps_is_equal,0,0,0,0,0,14,0,0,0,0,2.64664
function@pps_is_equal,0,0,0,0,0,25,0,0,0,0,2.90014
function@CeilLog2,0,0,0,0,0,3,0,0,0,0,21.2857
function@CeilLog2_sf,0,0,0,0,0,3,0,0,0,0,21.2857
function@FirstPartOfSliceHeader,0,0,0,0,0,6,0,0,0,0,5
function@RestOfSliceHeader,190,0,0,15,0,109,239.987,0,21.3216,0,207.533
function@dec_ref_pic_marking,0,0,0,0,0,22,0,0,0,0,229.529
function@decode_poc,0,0,0,0,0,19,0,0,0,0,2.93572
function@dumppoc,0,0,0,0,0,1,0,0,0,0,1
function@picture_order,0,0,0,0,0,0,0,0,0,0,0
function@ercConcealIntraFrame,0,0,0,0,0,21,0,0,0,0,9.72222
function@concealBlocks,115,2,0,41,0,24,59173.8,152.381,766.694,0,9325.55
function@ercCollect8PredBlocks,0,0,0,0,0,5,0,0,0,0,2.02346
function@ercPixConcealIMB,0,0,0,0,0,73,0,0,0,0,553.703
function@ercCollectColumnBlocks,0,0,0,0,0,2,0,0,0,0,1.5
function@write_picture,75,0,0,22,0,54,12.9478,0,5.59375,0,12.1059
function@img2buf_endian,0,0,0,0,0,9,0,0,0,0,12.1641
function@img2buf_normal,15,0,0,7,0,26,218.741,0,3.87059,0,231.729
function@init_out_buffer,0,0,0,0,0,1,0,0,0,0,1
function@uninit_out_buffer,0,0,0,0,0,1,0,0,0,0,1
function@clear_picture,0,0,0,0,0,12,0,0,0,0,54.2692
function@write_unpaired_field,0,0,0,0,0,34,0,0,0,0,64.35
function@flush_direct_output,0,0,0,0,0,2,0,0,0,0,2
function@write_stored_frame,0,0,0,0,0,6,0,0,0,0,4.32
function@direct_output,0,0,0,0,0,21,0,0,0,0,6.39216
function@allocate_pred_mem,0,0,0,0,0,5,0,0,0,0,5
function@free_pred_mem,0,0,0,0,0,1,0,0,0,0,1
function@get_block_luma,0,0,0,0,0,102,0,0,0,0,8.19084
function@get_luma_01,26,0,0,13,0,33,980.81,0,755.828,0,49.3681
function@get_luma_02,0,0,0,0,0,23,0,0,0,0,41.6914
function@get_luma_03,28,0,0,15,0,33,1005.94,0,768.785,0,49.3681
function@get_luma_21,6,0,0,5,0,25,219.812,0,208.125,0,263.562
function@get_luma_22,0,0,0,0,0,29,0,0,0,0,287.438
function@get_luma_23,6,0,0,5,0,25,219.812,0,208.125,0,263.562
function@get_luma_12,8,0,0,2,0,16,28.549,0,0.627451,0,236.961
function@get_luma_32,8,0,0,2,0,16,28.549,0,0.627451,0,236.961
function@get_luma_11,16,0,0,4,0,29,146.526,0,0.61244,0,49.6316
function@get_luma_13,16,0,0,4,0,29,146.526,0,0.61244,0,49.6316
function@get_luma_31,16,0,0,4,0,29,146.526,0,0.61244,0,49.6316
function@get_luma_33,16,0,0,4,0,29,146.526,0,0.61244,0,49.6316
function@intra_cr_decoding,41,0,0,7,0,42,5855.75,0,68.75,0,3535.38
function@prepare_direct_params,0,0,0,0,0,12,0,0,0,0,9.75
function@perform_mc,565,0,0,102,0,226,90.6317,0,29.68,0,648.07
function@get_block_chroma,33,0,0,7,0,99,31.8522,0,6.23387,0,120.844
function@intrapred8x8,0,0,0,0,0,0,0,0,0,0,0
function@intrapred_chroma_ver_mbaff,0,0,0,0,0,4,0,0,0,0,38.2812
function@intrapred_chroma,87,0,0,35,0,135,37.9009,0,7.78113,0,120.371
function@intrapred_chroma_mbaff,103,0,0,32,0,69,1016.37,0,162.328,0,290.866
function@intra_chroma_DC_all_mbaff,0,0,0,0,0,2,0,0,0,0,0.852941
function@set_loop_filter_functions_mbaff,0,0,0,0,0,0,0,0,0,0,0
function@GetStrengthVerMBAff,55,0,0,4,0,34,47.6847,0,4.93359,0,42.2342
function@GetStrengthHorMBAff,9,0,0,2,0,28,1.74596,0,1.125,0,30.5148
function@EdgeLoopLumaVerMBAff,20,0,0,7,0,9,59.4766,0,4.5,0,64
function@EdgeLoopLumaHorMBAff,16,0,0,4,0,9,11.383,0,3.76562,0,7.2561
function@EdgeLoopChromaVerMBAff,13,0,0,8,0,15,88.6829,0,24.375,0,184.999
function@EdgeLoopChromaHorMBAff,9,0,0,3,0,13,4.60532,0,3,0,19.4021
function@get_non_aff_neighbor_luma,0,0,0,0,0,0,0,0,0,0,0
function@get_non_aff_neighbor_chroma,0,0,0,0,0,2,0,0,0,0,0.485294
function@init_qp_process,0,0,0,0,0,1,0,0,0,0,0.5
function@free_qp_matrices,0,0,0,0,0,0,0,0,0,0,0
function@assign_quant_params,0,0,0,0,0,15,0,0,0,0,42.8971
function@CalculateQuant4x4Param,0,0,0,0,0,1,0,0,0,0,1
function@CalculateQuant8x8Param,4,0,0,4,0,67,2,0,2,0,45.5
function@set_dequant8x8,0,0,0,0,0,0,0,0,0,0,0
function@OpenRTPFile,0,0,0,0,0,6,0,0,0,0,4.14286
function@CloseRTPFile,0,0,0,0,0,0,0,0,0,0,0
function@GetRTPNALU,0,0,0,0,0,10,0,0,0,0,8.16
function@RTPReadPacket,0,0,0,0,0,12,0,0,0,0,8
function@DecomposeRTPpacket,0,0,0,0,0,0,0,0,0,0,0
function@DumpRTPHeader,0,0,0,0,0,31,0,0,0,0,31
function@dump_dpb,0,0,0,0,0,0,0,0,0,0,0
function@getDpbSize,0,0,0,0,0,2,0,0,0,0,1.05535
function@check_num_ref,0,0,0,0,0,0,0,0,0,0,0
function@init_dpb,0,0,0,0,0,16,0,0,0,0,37.4118
function@free_dpb,0,0,0,0,0,4,0,0,0,0,9.58823
function@GetMaxDecFrameBuffering,0,0,0,0,0,5,0,0,0,0,8.75
function@alloc_frame_store,0,0,0,0,0,2,0,0,0,0,2
function@alloc_storable_picture,13,0,0,1,0,27,11.4762,0,1,0,22.4286
function@re_init_dpb,0,0,0,0,0,8,0,0,0,0,14.3095
function@free_frame_store,0,0,0,0,0,2,0,0,0,0,1.61905
function@free_storable_picture,0,0,0,0,0,2,0,0,0,0,1.625
function@alloc_pic_motion,0,0,0,0,0,1,0,0,0,0,1
function@free_pic_motion,0,0,0,0,0,1,0,0,0,0,1
function@is_short_ref,0,0,0,0,0,1,0,0,0,0,0.380952
function@is_long_ref,0,0,0,0,0,1,0,0,0,0,0.380952
function@gen_pic_list_from_frame_list,0,0,0,0,0,13,0,0,0,0,17.5641
function@update_pic_num,0,0,0,0,0,2,0,0,0,0,0.631579
function@init_lists_i_slice,0,0,0,0,0,0,0,0,0,0,0
function@init_lists_p_slice,0,0,0,0,0,54,0,0,0,0,43.8282
function@compare_pic_by_pic_num_desc,0,0,0,0,0,0,0,0,0,0,0
function@compare_pic_by_lt_pic_num_asc,0,0,0,0,0,0,0,0,0,0,0
function@compare_fs_by_frame_num_desc,0,0,0,0,0,0,0,0,0,0,0
function@compare_fs_by_lt_pic_idx_asc,0,0,0,0,0,0,0,0,0,0,0
function@append_interview_list,0,0,0,0,0,13,0,0,0,0,12.0893
function@init_lists_b_slice,42,0,0,6,0,98,77.1595,0,5.57669,0,68.2086
function@compare_pic_by_poc_desc,0,0,0,0,0,0,0,0,0,0,0
function@compare_pic_by_poc_asc,0,0,0,0,0,0,0,0,0,0,0
function@compare_fs_by_poc_desc,0,0,0,0,0,0,0,0,0,0,0
function@compare_fs_by_poc_asc,0,0,0,0,0,0,0,0,0,0,0
function@init_lists,56,0,0,4,0,148,36.116,0,3.12454,0,31.6484
function@init_mbaff_lists,0,0,0,0,0,5,0,0,0,0,3.47619
function@get_short_term_pic,0,0,0,0,0,0,0,0,0,0,0
function@get_long_term_pic,0,0,0,0,0,3,0,0,0,0,0.75
function@reorder_ref_pic_list,6,0,0,5,0,8,34,0,19,0,50
function@update_ref_list,0,0,0,0,0,5,0,0,0,0,20.5714
function@update_ltref_list,0,0,0,0,0,5,0,0,0,0,22
function@mm_update_max_long_term_frame_idx,0,0,0,0,0,4,0,0,0,0,4
function@store_picture_in_dpb,17,0,0,2,0,123,8.57523,0,1.36623,0,156.567
function@insert_picture_in_dpb,0,0,0,0,0,16,0,0,0,0,5.28834
function@remove_unused_frame_from_dpb,0,0,0,0,0,6,0,0,0,0,1.62189
function@output_one_frame_from_dpb,0,0,0,0,0,16,0,0,0,0,13.2827
function@flush_dpb,0,0,0,0,0,9,0,0,0,0,99.0588
function@unmark_for_reference,0,0,0,0,0,1,0,0,0,0,1
function@unmark_long_term_field_for_reference_by_frame_idx,0,0,0,0,0,0,0,0,0,0,0
function@dpb_split_field,0,0,0,0,0,27,0,0,0,0,67.647
function@dpb_combine_field,0,0,0,0,0,14,0,0,0,0,395.938
function@remove_frame_from_dpb,0,0,0,0,0,3,0,0,0,0,18
function@dpb_combine_field_yuv,0,0,0,0,0,11,0,0,0,0,6.89286
function@alloc_ref_pic_list_reordering_buffer,0,0,0,0,0,9,0,0,0,0,4.3125
function@free_ref_pic_list_reordering_buffer,0,0,0,0,0,1,0,0,0,0,1
function@fill_frame_num_gap,0,0,0,0,0,7,0,0,0,0,75.6875
function@compute_colocated,0,0,0,0,0,2,0,0,0,0,4.91177
function@mb_is_available,0,0,0,0,0,3,0,0,0,0,0.735294
function@CheckAvailabilityOfNeighbors,0,0,0,0,0,24,0,0,0,0,3.36823
function@get_mb_block_pos_normal,0,0,0,0,0,0,0,0,0,0,0
function@get_mb_block_pos_mbaff,0,0,0,0,0,0,0,0,0,0,0
function@get_mb_pos,0,0,0,0,0,6,0,0,0,0,6
function@getNonAffNeighbour,0,0,0,0,0,0,0,0,0,0,0
function@getAffNeighbour,0,0,0,0,0,2,0,0,0,0,2
function@get4x4Neighbour,0,0,0,0,0,2,0,0,0,0,2
function@get4x4NeighbourBase,0,0,0,0,0,2,0,0,0,0,2
function@main,118,0,0,48,0,106,298.555,0,65.0462,0,1327.1
function@get_version,0,0,0,0,0,14,0,0,0,0,7.99999
function@spec_strdup,0,0,0,0,0,6,0,0,0,0,5
function@printUsage,0,0,0,0,0,1,0,0,0,0,1
function@load_image_file,0,0,0,0,0,26,0,0,0,0,19.6406
function@init_targa,0,0,0,0,0,13,0,0,0,0,27.64
function@dump_tga,0,0,0,0,0,33,0,0,0,0,489.458
function@dump_header,0,0,0,0,0,2,0,0,0,0,2
function@computeSSIM,142,0,0,35,0,50,1.23027e+06,0,7190.86,0,230857
function@mean,0,0,0,0,0,2,0,0,0,0,0.64
function@variance,0,0,0,0,0,2,0,0,0,0,0.64
function@covariance,0,0,0,0,0,4,0,0,0,0,2.64
function@read_yuv_file,11,0,0,5,0,46,31.3433,0,2.78729,0,129.36
function@read_tga_file,0,0,0,0,0,43,0,0,0,0,832.099
