Comando: /home/mpvreal/Code/Faculdade/tcc/llvm/build/bin/llc --march=x86-64 --regalloc=basic -o -
Heurística: original
function@writeout_,175,76,0,128,32,573,29020.7,10041.2,2082.81,2009.75,34319.6
function@_QMplane_source_modPplane_source_init,2,0,0,2,0,136,2,0,2,0,4161.36
function@_QMplane_source_modPplane_source_read,75,35,0,45,15,151,958.578,1223.65,511.945,98.8047,1762.5
function@_QMplane_source_modPplane_source_apply,39,21,0,30,10,9,930.5,439.938,70.5,34.5,40.75
function@_QMplane_source_modPplane_source_end,0,0,0,0,0,0,0,0,0,0,0
function@_QMcommunicate_modPcom_init_mpi,0,0,0,0,0,3,0,0,0,0,3
function@_QMcommunicate_modPcommunicate_end,0,0,0,0,0,16,0,0,0,0,8.89412
function@init_,1,7,0,4,1,341,0.0878906,0.512787,0.337006,2.41699,72.2814
function@_QMmur_modPmur_init,100,85,0,53,17,231,123.865,96.6919,31.0283,2.58789,323.029
function@_QMmur_modPmur_updatee,835,641,0,472,223,65,6028.41,1101.38,377.053,523.563,61.543
function@_QMmur_modPmur_storee,192,161,0,149,40,65,1266.31,1276.89,310.093,34.3518,153.019
function@_QMmur_modPmur_end,0,0,0,0,0,72,0,0,0,0,10.3125
function@_QMmur_modPmur_set_mf_arrays,73,24,0,40,7,24,4550.9,2221.75,360.25,1116.45,3762
function@_QMupdate_modPupdate_init,0,0,0,0,0,2,0,0,0,0,2
function@_QMupdate_modPupdateh,580,445,0,376,208,16,102504,17124.5,4293.59,7142.57,4345.94
function@_QMupdate_modPupdatee,476,358,0,392,182,86,99408.7,85526.8,16703,8728.77,35124.1
function@_QMupdate_modPupdate_inith,206,161,0,145,58,45,2386.65,4110.78,757.833,100.941,4494.09
function@_QMupdate_modPupdate_inite,366,289,0,241,109,73,52261.3,13227.1,16684.7,8525.39,3578.22
function@_QMupml_modPupml_allocate,91,10,0,18,4,383,77.7647,10,18,4,316.824
function@_QMupml_modPcheck_allocate,0,0,0,0,0,22,0,0,0,0,2
function@_QMupml_modPupml_set_eps_arrays,110,29,0,55,8,112,9132.79,3243.02,511,1130.07,321.429
function@_QMupml_modPupml_init,2641,1418,0,1248,932,523,5940.83,2267.15,1900.1,409.267,1770.89
function@_QMupml_modPupml_initb,269,187,0,243,45,86,10182.6,19458,5504.1,740.675,48282.4
function@_QMupml_modPupml_inith,395,304,0,279,62,66,70617.5,20844.5,3125.47,471.05,6947.88
function@_QMupml_modPupml_updateh,1369,664,0,971,454,43,2.12343e+06,327348,131561,71821.1,128302
function@_QMupml_modPupml_updatee,0,0,0,0,0,0,0,0,0,0,0
function@_QMupml_modPupml_updatee_homo,3351,1710,0,1974,1359,108,2.63623e+06,356323,140056,57093.7,122265
function@_QMupml_modPupml_updatee_simple,3696,1788,0,2172,1446,107,2.93522e+06,358924,143676,63190.6,122220
function@_QMupml_modPupml_initd,327,217,0,288,84,128,11573.9,20779.5,5614.9,1393.85,55736
function@_QMupml_modPupml_inite,470,350,0,279,75,102,76633.5,23051.5,3303.44,621.111,7692.8
function@_QMupml_modPupml_end,0,0,0,0,0,450,0,0,0,0,241.667
function@_QMupml_modPcheck_deallocate,0,0,0,0,0,9,0,0,0,0,6.33333
function@_QMreadline_modPreadline,46,18,0,16,4,53,147.669,19.913,18.3641,1.45109,157.043
function@_QMreadline_modPcheckifkeyword,0,0,0,0,0,5,0,0,0,0,32.4615
function@mpi_barrier_,0,0,0,0,0,6,0,0,0,0,6
function@mpi_bcast_,1,0,0,1,0,12,1,0,1,0,12
function@mpi_bcast_integers_,1,0,0,1,0,12,1,0,1,0,12
function@mpi_bcast_reals_,1,0,0,1,0,12,1,0,1,0,12
function@mpi_bcast_logical_,1,0,0,1,0,12,1,0,1,0,12
function@mpi_cart_rank_,0,0,0,0,0,9,0,0,0,0,9
function@mpi_cart_create_,1,0,0,1,0,13,1,0,1,0,13
function@mpi_cart_coords_,0,0,0,0,0,11,0,0,0,0,11
function@mpi_cart_shift_,1,0,0,1,0,13,1,0,1,0,13
function@mpi_comm_rank_,0,0,0,0,0,7,0,0,0,0,7
function@mpi_comm_size_,0,0,0,0,0,7,0,0,0,0,7
function@mpi_finalize_,0,0,0,0,0,0,0,0,0,0,0
function@mpi_init_,0,0,0,0,0,0,0,0,0,0,0
function@mpi_recv_,1,0,0,1,0,11,1,0,1,0,11
function@mpi_ssend_,1,0,0,1,0,13,1,0,1,0,13
function@mpi_bsend_,1,0,0,1,0,13,1,0,1,0,13
function@mpi_sendrecv_,1,0,0,1,0,21,1,0,1,0,21
function@mpi_wait_,0,0,0,0,0,7,0,0,0,0,7
function@mpi_isend_,1,0,0,1,0,13,1,0,1,0,13
function@mpi_wtick_,0,0,0,0,0,0,0,0,0,0,0
function@mpi_wtime_,0,0,0,0,0,0,0,0,0,0,0
function@mpi_buffer_attach_,0,0,0,0,0,7,0,0,0,0,7
function@mpi_buffer_detach_,0,0,0,0,0,7,0,0,0,0,7
function@mpi_pack_size_,0,0,0,0,0,10,0,0,0,0,10
function@mpi_gather_,1,0,0,1,0,13,1,0,1,0,13
function@mpi_type_struct_,2,0,0,2,0,14,2,0,2,0,14
function@mpi_type_commit_,0,0,0,0,0,5,0,0,0,0,5
function@mpi_type_extent_,0,0,0,0,0,6,0,0,0,0,6
function@mpi_type_free_,0,0,0,0,0,5,0,0,0,0,5
function@mpi_type_vector_,1,0,0,1,0,13,1,0,1,0,13
function@mpi_type_hvector_,1,0,0,1,0,13,1,0,1,0,13
function@mpi_irecv_,1,0,0,1,0,11,1,0,1,0,11
function@mpi_waitall_,0,0,0,0,0,9,0,0,0,0,9
function@mpi_sendrecv_replace_,1,0,0,1,0,21,1,0,1,0,21
function@mpi_bsend_init_,1,0,0,1,0,12,1,0,1,0,12
function@mpi_recv_init_,1,0,0,1,0,12,1,0,1,0,12
function@mpi_dims_create_,0,0,0,0,0,9,0,0,0,0,9
function@mpi_start_,0,0,0,0,0,6,0,0,0,0,6
function@mpi_allreduce_,0,0,0,0,0,0,0,0,0,0,0
function@mpi_abort_,0,0,0,0,0,0,0,0,0,0,0
function@mpi_reduce_,0,0,0,0,0,0,0,0,0,0,0
function@_QMhuygens_modPhuygens_init,0,0,0,0,0,2,0,0,0,0,2
function@_QMhuygens_modPhuygensh,686,387,0,300,69,301,712.036,4536.16,265.429,38.1071,765.142
function@_QMhuygens_modPhuygense,855,469,0,386,87,387,930.768,6406.57,299.518,210.643,959.214
function@_QMhuygens_modPuin,258,210,0,120,25,161,1554.73,1408.65,668.687,13.7145,2895.2
function@_QMmaterial_modPmat_init,636,424,0,498,211,339,5.2604e+07,2.5716e+07,1.95722e+06,5.22924e+07,1.15849e+06
function@_QMmaterial_modPmat_updatee,242,131,0,218,61,13,306722,122162,67989.5,23058.2,49991
function@calcflops_,0,0,0,0,0,0,0,0,0,0,0
function@_QMpower_modPpower_init,51,31,0,38,12,141,2028.75,4005.25,747.141,109.5,1036.17
function@_QMpower_modPpower_stop,0,0,0,0,0,12,0,0,0,0,903.667
function@_QMpower_modPpower_dft,21,4,0,17,2,31,2055.85,225,109.63,6.94444,18675.3
function@_QMpower_modPpower_print,28,7,0,13,3,66,60.6738,26.2793,18.9219,0.986328,277.631
function@_QMpower_modPpower_intere,15,19,0,10,1,31,5,9.33333,10,1,3.66667
function@_QMpower_modPpower_interh,32,36,0,18,2,31,12,15.6667,15,1.66667,3.66667
function@_QMpower_modPread_power,7,9,0,9,0,317,86.7927,5.88074,42.0404,0,12658.7
function@_QMpower_modPpower_updateh,85,63,0,83,29,7,515.55,303.975,123.775,221.375,3.575
function@timer_,0,0,0,0,0,11,0,0,0,0,7.57143
function@leapfrog_,114,65,0,60,19,85,881.313,2380.31,70.0234,16.0938,1939.56
function@_QMpec_modPpec_read,5,0,0,3,0,92,7.27734,0,1.73828,0,230.422
function@_QMpec_modPpec_init,337,223,0,243,59,301,43866.3,13720.8,20418,749.674,141014
function@_QMpec_modPpec_apply,31,17,0,34,6,2,350.667,156.75,128.25,45.1667,2
function@_QMpec_modPpec_end,0,0,0,0,0,9,0,0,0,0,3.6
function@_QQmain,18,22,0,39,22,180,11.25,25.625,24.375,13.75,143.164
