Comando: /home/mpvreal/Code/Faculdade/tcc/llvm/build/bin/llc --march=x86-64 --regalloc=greedy -o -
Heurística: div(cost,mul(area,degree))
function@_Z10exit_usagePKc,0,0,0,0,0,1,0,0,0,0,1
function@_Z8NAMD_bugPKc,0,0,0,0,0,1,0,0,0,0,1
function@_Z8NAMD_diePKc,0,0,0,0,0,1,0,0,0,0,1
function@main,28,18,0,12,14,201,216.019,340.425,38.1538,144.134,743.145
function@_ZN9ResultSetD2Ev,0,0,0,0,0,1,0,0,0,0,1
function@__clang_call_terminate,0,0,0,0,0,0,0,0,0,0,0
function@_ZN20ComputeNonbondedUtil20calc_pair_energy_fepEP9nonbonded,707,57,0,269,2,346,9791.62,2055.1,4335.53,0.375,736.464
function@_Z22pairlist_from_pairlistddddPK8CompAtomPKtiPtdPd,16,4,0,17,0,17,94.04,40.8,54.84,0,95.04
function@_Z24fep_vdw_forceandenergiesdddddddddiidddPdS_S_,36,25,0,26,0,4,12.5,11.0882,13.4265,0,4
function@_ZN20ComputeNonbondedUtil30calc_pair_energy_fullelect_fepEP9nonbonded,896,79,0,375,0,349,14553.5,2494.21,7006.23,0,2061.3
function@_ZN20ComputeNonbondedUtil36calc_pair_energy_merge_fullelect_fepEP9nonbonded,768,62,0,298,2,322,10376.4,1941.12,4059.36,0.375,657.595
function@_ZN20ComputeNonbondedUtil35calc_pair_energy_slow_fullelect_fepEP9nonbonded,612,51,0,211,2,317,2902.31,1475.91,342.319,0.375,910.671
function@_ZN20ComputeNonbondedUtil20calc_self_energy_fepEP9nonbonded,552,72,0,222,6,314,8508.38,2476.31,2757.55,0.820312,1118.09
function@_ZN20ComputeNonbondedUtil30calc_self_energy_fullelect_fepEP9nonbonded,719,68,0,295,6,352,12469.2,2110.63,4492.01,0.75,2001.45
function@_ZN20ComputeNonbondedUtil36calc_self_energy_merge_fullelect_fepEP9nonbonded,645,68,0,245,6,326,9025.31,2323.32,3028.18,0.820312,652.9
function@_ZN20ComputeNonbondedUtil35calc_self_energy_slow_fullelect_fepEP9nonbonded,546,34,0,177,5,321,1730.71,353.31,283.59,0.743862,928.179
function@_ZN14ResizeArrayRawI6VectorE6resizeEi,2,0,0,2,0,9,0.494118,0,0.494118,0,3.34118
function@_ZN5PatchC2Ev,0,0,0,0,0,0,0,0,0,0,0
function@_ZN5PatchD2Ev,0,0,0,0,0,1,0,0,0,0,1
function@_ZN5Patch9moveatomsEv,2,4,0,5,0,2,42.5,85,85.6667,0,22.25
function@_ZN5Patch10zeroforcesEv,0,0,0,0,0,1,0,0,0,0,0.64
function@_ZN5Patch9setforcesEP6VectorS1_,0,0,0,0,0,0,0,0,0,0,0
function@_ZN5Patch8readfileEP8_IO_FILEP8Molecule,1,3,0,2,0,41,0.720796,0.164795,0.19043,0,8.29565
function@_ZN9ResultSet9writefileEP8_IO_FILE,0,0,0,0,0,15,0,0,0,0,15
function@_ZN9ResultSet8readfileEP8_IO_FILE,0,0,0,0,0,16,0,0,0,0,16
function@_Z5equaldd,0,0,0,0,0,0,0,0,0,0,0
function@_Z5equalPdS_,0,0,0,0,0,0,0,0,0,0,0
function@_Z5equalPdS_S_S_,0,0,0,0,0,0,0,0,0,0,0
function@_ZN9ResultSet5checkEv,0,0,0,0,0,0,0,0,0,0,0
function@_ZN9ResultSet8samemodeERS_,0,0,0,0,0,0,0,0,0,0,0
function@_ZN9ResultSet7compareERS_,2,0,0,2,0,12,0.499998,0,0.999998,0,6.49999
function@_ZN9PatchListC2ER7Lattice,0,0,0,0,0,1,0,0,0,0,1
function@_ZN9PatchListD2Ev,0,0,0,0,0,6,0,0,0,0,1.62502
function@__clang_call_terminate,0,0,0,0,0,0,0,0,0,0,0
function@_ZN9PatchList9moveatomsEv,0,0,0,0,0,1,0,0,0,0,1
function@_ZN9PatchList11zeroresultsEv,0,0,0,0,0,1,0,0,0,0,1
function@_ZN9PatchList10setresultsEP9ResultSet,0,0,0,0,0,2,0,0,0,0,2
function@_ZN9PatchList8readfileEP8_IO_FILEP8Molecule,4,0,0,3,0,16,0.146482,0,0.219726,0,9.58485
function@_ZN7LJTableC2Ev,0,0,0,0,0,0,0,0,0,0,0
function@_ZN7LJTable8readfileEP8_IO_FILE,1,0,0,1,0,10,2.07961,0,0.234375,0,7.87722
function@_ZN7LJTableD2Ev,0,0,0,0,0,0,0,0,0,0,0
function@_ZN20ComputeNonbondedUtil9calc_pairEP9nonbonded,318,31,0,134,2,172,688.615,222.878,129.977,0.373626,296.978
function@_Z22pairlist_from_pairlistddddPK8CompAtomPKtiPtdPd,16,4,0,17,0,17,94.04,40.8,54.84,0,95.04
function@_ZN20ComputeNonbondedUtil16calc_pair_energyEP9nonbonded,296,28,0,141,6,178,1570.55,289.004,732.067,0.638736,670.569
function@_ZN20ComputeNonbondedUtil19calc_pair_fullelectEP9nonbonded,354,36,0,185,0,195,2395.03,283.118,1169.28,0,624.243
function@_ZN20ComputeNonbondedUtil26calc_pair_energy_fullelectEP9nonbonded,395,27,0,193,0,183,3113.85,570.071,1851.3,0,621.478
function@_ZN20ComputeNonbondedUtil25calc_pair_merge_fullelectEP9nonbonded,328,22,0,122,2,167,723.618,121.184,137.79,0.373626,297.351
function@_ZN20ComputeNonbondedUtil32calc_pair_energy_merge_fullelectEP9nonbonded,310,22,0,139,7,174,1810.31,270.128,811.433,0.825549,307.185
function@_ZN20ComputeNonbondedUtil24calc_pair_slow_fullelectEP9nonbonded,279,25,0,123,7,177,528.165,67.6635,131.341,0.825549,463.728
function@_ZN20ComputeNonbondedUtil31calc_pair_energy_slow_fullelectEP9nonbonded,314,20,0,132,6,190,1028.44,191.005,146.431,0.638736,613.621
function@_ZN20ComputeNonbondedUtil9calc_selfEP9nonbonded,262,29,0,112,10,167,764.823,200.316,108.96,0.965659,254.6
function@_ZN20ComputeNonbondedUtil16calc_self_energyEP9nonbonded,265,32,0,114,10,166,793.953,278.944,111.62,0.965659,241.005
function@_ZN20ComputeNonbondedUtil19calc_self_fullelectEP9nonbonded,289,25,0,128,10,189,1016.41,179.997,131.506,0.965659,574.983
function@_ZN20ComputeNonbondedUtil26calc_self_energy_fullelectEP9nonbonded,328,39,0,154,11,174,2358.9,713.709,1471.32,1.14698,558.857
function@_ZN20ComputeNonbondedUtil25calc_self_merge_fullelectEP9nonbonded,275,27,0,114,10,185,589.915,193.875,119.117,0.965659,282.376
function@_ZN20ComputeNonbondedUtil32calc_self_energy_merge_fullelectEP9nonbonded,284,28,0,120,10,170,1111.66,195.018,271.229,0.965659,267.498
function@_ZN20ComputeNonbondedUtil24calc_self_slow_fullelectEP9nonbonded,275,18,0,114,6,188,315.015,34.2775,114.059,0.745879,420.623
function@_ZN20ComputeNonbondedUtil31calc_self_energy_slow_fullelectEP9nonbonded,307,32,0,130,14,184,510.416,117.929,128.767,1.38599,415.902
function@_ZN20ComputeNonbondedUtil20calc_pair_energy_intEP9nonbonded,348,46,0,164,2,189,1735.05,408.639,976.585,0.373626,256.802
function@_ZN20ComputeNonbondedUtil30calc_pair_energy_fullelect_intEP9nonbonded,461,47,0,216,0,205,3535.25,747.536,2152.5,0,705.22
function@_ZN20ComputeNonbondedUtil36calc_pair_energy_merge_fullelect_intEP9nonbonded,400,40,0,160,6,177,2205,481.832,1123.96,0.638736,288.564
function@_ZN20ComputeNonbondedUtil20calc_self_energy_intEP9nonbonded,303,35,0,141,5,209,1336.73,278.029,609.086,0.811813,228.056
function@_ZN20ComputeNonbondedUtil30calc_self_energy_fullelect_intEP9nonbonded,372,59,0,175,10,226,2137.2,668.885,1200.91,0.965659,688.097
function@_ZN20ComputeNonbondedUtil36calc_self_energy_merge_fullelect_intEP9nonbonded,339,42,0,149,8,209,1455.44,335.28,744.876,0.708791,250.265
function@_ZN14ResizeArrayRawI6VectorE6resizeEi,2,0,0,2,0,9,0.494118,0,0.494118,0,3.34118
function@_ZN8MoleculeC2Ev,0,0,0,0,0,5,0,0,0,0,2
function@_ZN8MoleculeD2Ev,0,0,0,0,0,3,0,0,0,0,1.85185
function@_ZN8Molecule8readfileEP8_IO_FILE,4,0,0,2,0,13,0.793521,0,0.307617,0,6.22168
function@_ZN11ObjectArenaIcE11getNewArrayEi,0,0,0,0,0,6,0,0,0,0,27.25
function@_ZN11ResizeArrayIPcED2Ev,0,0,0,0,0,1,0,0,0,0,0.352941
function@_ZN11ResizeArrayIPcED0Ev,0,0,0,0,0,3,0,0,0,0,2.35294
function@_ZN14ResizeArrayRawIPcE3insERKS0_i,6,1,0,7,0,13,1.48235,0.247059,1.72941,0,5.47059
function@_Z9dummy_erfi,0,0,0,0,0,1,0,0,0,0,1
function@_ZN26ComputeNonbondedWorkArraysC2Ev,0,0,0,0,0,25,0,0,0,0,3.00001
function@_ZN26ComputeNonbondedWorkArraysD2Ev,0,0,0,0,0,20,0,0,0,0,7.70588
function@_ZN11SelfCompute6doWorkEP9PatchList,0,0,0,0,0,0,0,0,0,0,0
function@_ZN11PairCompute6doWorkEP9PatchList,0,0,0,0,0,6,0,0,0,0,6
function@_ZN11ResizeArrayI6VectorED2Ev,0,0,0,0,0,1,0,0,0,0,0.352941
function@__clang_call_terminate,0,0,0,0,0,0,0,0,0,0,0
function@_ZN11ResizeArrayItED2Ev,0,0,0,0,0,1,0,0,0,0,0.352941
function@_ZN11ResizeArrayIdED2Ev,0,0,0,0,0,1,0,0,0,0,0.352941
function@_ZN11ResizeArrayItED0Ev,0,0,0,0,0,3,0,0,0,0,2.35294
function@_ZN11ResizeArrayIdED0Ev,0,0,0,0,0,3,0,0,0,0,2.35294
function@_ZN14ResizeArrayRawI6VectorE6resizeEi,2,0,0,2,0,9,0.494118,0,0.494118,0,3.34118
function@_ZN11ResizeArrayI6VectorED0Ev,0,0,0,0,0,3,0,0,0,0,2.35294
function@_ZN13SimParametersC2Ev,0,0,0,0,0,0,0,0,0,0,0
function@_ZN13SimParameters8setparamEPKcS1_,0,0,0,0,0,89,0,0,0,0,8.44287
function@_Z11parse_paramPKcS0_S0_Ri,0,0,0,0,0,4,0,0,0,0,3.38095
function@_Z11parse_paramPKcS0_S0_Rd,0,0,0,0,0,4,0,0,0,0,3.38095
function@_ZN13SimParameters8readfileEP8_IO_FILE,0,0,0,0,0,15,0,0,0,0,12.5706
function@_ZN7Lattice3setE6VectorS0_S0_S0_,2,0,0,1,0,7,0.313726,0,0.294118,0,2.92157
function@_ZN11ComputeListC2Ev,0,0,0,0,0,0,0,0,0,0,0
function@_ZN11ComputeListD2Ev,0,0,0,0,0,3,0,0,0,0,2.2381
function@_ZN11ComputeList8readfileEP8_IO_FILEP9PatchList,3,0,0,3,0,20,0.109015,0,0.20419,0,7.15502
function@_ZN11ComputeList11runComputesEP9PatchList,0,0,0,0,0,4,0,0,0,0,44.5
function@_ZN20ComputeNonbondedUtil13calc_pair_lesEP9nonbonded,341,38,0,147,7,175,590.217,213.733,135.757,0.755494,309.671
function@_Z22pairlist_from_pairlistddddPK8CompAtomPKtiPtdPd,16,4,0,17,0,17,94.04,40.8,54.84,0,95.04
function@_ZN20ComputeNonbondedUtil20calc_pair_energy_lesEP9nonbonded,323,41,0,151,6,180,1162.89,361.819,432.821,0.638736,461.933
function@_ZN20ComputeNonbondedUtil23calc_pair_fullelect_lesEP9nonbonded,379,25,0,180,0,193,2716.19,350.072,1469.03,0,757.843
function@_ZN20ComputeNonbondedUtil30calc_pair_energy_fullelect_lesEP9nonbonded,410,36,0,196,0,195,3515.98,653.375,2221.08,0,772.272
function@_ZN20ComputeNonbondedUtil29calc_pair_merge_fullelect_lesEP9nonbonded,300,19,0,126,2,172,986.11,121.5,203.919,0.373626,292.755
function@_ZN20ComputeNonbondedUtil36calc_pair_energy_merge_fullelect_lesEP9nonbonded,334,23,0,137,7,166,1780.05,260.959,808.948,0.755494,444.687
function@_ZN20ComputeNonbondedUtil28calc_pair_slow_fullelect_lesEP9nonbonded,289,25,0,124,2,169,477.01,140.277,134.813,0.373626,445.31
function@_ZN20ComputeNonbondedUtil35calc_pair_energy_slow_fullelect_lesEP9nonbonded,317,23,0,127,2,185,978.43,192.141,152.431,0.373626,470.713
function@_ZN20ComputeNonbondedUtil13calc_self_lesEP9nonbonded,249,29,0,112,10,174,615.283,269.117,104.19,0.965659,251.235
function@_ZN20ComputeNonbondedUtil20calc_self_energy_lesEP9nonbonded,255,30,0,112,10,175,869.913,273.459,111.004,0.965659,246.543
function@_ZN20ComputeNonbondedUtil23calc_self_fullelect_lesEP9nonbonded,292,29,0,136,10,185,1171.36,405.596,150.922,0.965659,563.178
function@_ZN20ComputeNonbondedUtil30calc_self_energy_fullelect_lesEP9nonbonded,317,33,0,152,10,172,2340.31,695.654,1463.28,0.965659,696.839
function@_ZN20ComputeNonbondedUtil29calc_self_merge_fullelect_lesEP9nonbonded,275,29,0,118,10,176,641.483,201.914,120.188,0.965659,271.026
function@_ZN20ComputeNonbondedUtil36calc_self_energy_merge_fullelect_lesEP9nonbonded,277,26,0,121,10,170,1157.77,189.732,271.203,0.965659,260.986
function@_ZN20ComputeNonbondedUtil28calc_self_slow_fullelect_lesEP9nonbonded,289,21,0,117,11,190,338.069,42.5453,119.87,1.08242,430.108
function@_ZN20ComputeNonbondedUtil35calc_self_energy_slow_fullelect_lesEP9nonbonded,279,24,0,120,10,179,428.856,112.203,127.867,0.965659,429.622
function@_ZN14ResizeArrayRawI6VectorE6resizeEi,2,0,0,2,0,9,0.494118,0,0.494118,0,3.34118
function@_ZN20ComputeNonbondedUtil15calc_pair_pprofEP9nonbonded,348,43,0,128,4,202,1629.07,839.265,332.826,0.747253,581.515
function@_Z22pairlist_from_pairlistddddPK8CompAtomPKtiPtdPd,16,4,0,17,0,17,94.04,40.8,54.84,0,95.04
function@_ZN20ComputeNonbondedUtil22calc_pair_energy_pprofEP9nonbonded,396,40,0,149,5,228,2367.5,1026.7,1193.31,1.43956,653.872
function@_ZN20ComputeNonbondedUtil25calc_pair_fullelect_pprofEP9nonbonded,445,56,0,182,2,222,4844.06,1584.15,1518.18,0.373626,1220.09
function@_ZN20ComputeNonbondedUtil32calc_pair_energy_fullelect_pprofEP9nonbonded,492,64,0,207,2,228,5629.33,2190.95,2807.14,0.373626,1758.09
function@_ZN20ComputeNonbondedUtil31calc_pair_merge_fullelect_pprofEP9nonbonded,395,48,0,142,4,209,2092.57,1203.47,357.999,0.747253,714.011
function@_ZN20ComputeNonbondedUtil38calc_pair_energy_merge_fullelect_pprofEP9nonbonded,396,53,0,171,3,187,2944.2,1502.37,1531.09,0.56044,765.132
function@_ZN20ComputeNonbondedUtil30calc_pair_slow_fullelect_pprofEP9nonbonded,363,55,0,145,4,202,1758.36,1333.86,183.968,0.747253,832.781
function@_ZN20ComputeNonbondedUtil37calc_pair_energy_slow_fullelect_pprofEP9nonbonded,393,56,0,155,4,221,1966.93,1507.89,555.173,0.747253,847.304
function@_ZN20ComputeNonbondedUtil15calc_self_pprofEP9nonbonded,320,43,0,128,11,205,1378.78,840.387,144.68,1.14698,488.656
function@_ZN20ComputeNonbondedUtil22calc_self_energy_pprofEP9nonbonded,325,48,0,138,10,206,1877.64,974.142,644.202,0.766484,491.254
function@_ZN20ComputeNonbondedUtil25calc_self_fullelect_pprofEP9nonbonded,389,49,0,163,11,226,4445.06,1025.66,1108.68,1.14698,1190.67
function@_ZN20ComputeNonbondedUtil32calc_self_energy_fullelect_pprofEP9nonbonded,389,71,0,180,11,223,4987.52,1910.31,1859.86,1.14698,1416.86
function@_ZN20ComputeNonbondedUtil31calc_self_merge_fullelect_pprofEP9nonbonded,348,54,0,138,10,203,1757.33,1035.56,160.536,0.965659,620.897
function@_ZN20ComputeNonbondedUtil38calc_self_energy_merge_fullelect_pprofEP9nonbonded,358,60,0,148,9,207,2402.04,1470.24,785.593,0.89011,622.411
function@_ZN20ComputeNonbondedUtil30calc_self_slow_fullelect_pprofEP9nonbonded,336,47,0,135,9,220,1182.32,910.9,156.923,0.89011,766.462
function@_ZN20ComputeNonbondedUtil37calc_self_energy_slow_fullelect_pprofEP9nonbonded,346,54,0,140,14,207,1789.86,1337.99,168.096,1.38599,748.508
function@_ZN14ResizeArrayRawI6VectorE6resizeEi,2,0,0,2,0,9,0.494118,0,0.494118,0,3.34118
function@_ZN20ComputeNonbondedUtil6selectEP13SimParametersP8MoleculeP7LJTable,82,23,0,66,7,57,1281.22,64.4394,633.793,1.75,1607.34
