Comando: /home/mpvreal/Code/Faculdade/tcc/llvm/build/bin/llc --march=x86-64 --regalloc=basic -o -
Heurística: div(cost,mul(area,pow(degree,2)))
function@flux_,29,3,0,11,1,10,29,3,11,1,10
function@flux_..omp_par.4,225,34,0,93,40,8,948830,38189.1,16545.2,8755.83,59999.3
function@flux_..omp_par.3,84,27,0,44,11,15,18748.4,6536.33,654.75,128.917,5572.08
function@flux_..omp_par.2,25,14,0,22,5,6,1120.33,2631.83,111.167,49.0833,2133.58
function@flux_..omp_par.1,281,185,0,85,142,15,142550,23223.9,3680.84,10889.4,15000
function@flux_..omp_par,25,14,0,22,5,6,1120.33,2631.83,111.167,49.0833,2133.58
function@_QQmain,0,0,0,0,0,134,0,0,0,0,129.619
function@jacobian_,2,0,0,2,0,10,2,0,2,0,10
function@jacobian_..omp_par,148,69,0,105,12,12,951476,453921,505094,513.167,102399
function@fill1_,5,0,0,2,0,3,5,0,2,0,3
function@fill1_..omp_par.1,3,1,0,2,0,1,3,0.666667,2,0,21.25
function@fill1_..omp_par,15,10,0,13,3,2,98.25,223.083,31.9167,22.9167,559.833
function@shell_,152,24,0,56,23,21,326596,162868,487808,23,15802.5
function@shell_..omp_par.8,22,13,0,21,4,5,1068,696.167,133,56.75,759.75
function@shell_..omp_par.7,175,28,0,91,58,12,1.32379e+07,301323,41184,393735,1.6648e+06
function@shell_..omp_par.6,168,20,0,93,60,11,4.54603e+08,9.02979e+06,373504,1.16304e+07,7.8652e+07
function@shell_..omp_par.5,12,2,0,8,2,15,427.625,24.875,7.625,1.25,80820.2
function@shell_..omp_par.4,58,27,0,42,16,31,15417.9,1271.25,487.688,512.25,1641.31
function@shell_..omp_par.3,20,5,0,18,4,7,9203,62,36.9167,23.5833,18306.1
function@shell_..omp_par.2,35,27,0,31,8,6,28442.8,2810.08,153.583,654.417,1726.5
function@shell_..omp_par.1,20,13,0,17,3,1,239.5,109.25,66.6667,28.8333,4.08333
function@shell_..omp_par,45,8,0,38,14,1,79812,510.833,673.917,919.5,8533.25
function@.omp.reduction.func,0,0,0,0,0,2,0,0,0,0,2
function@bi_cgstab_block_,45,3,0,17,4,11,373.625,32.875,31.4375,4,55.8125
function@bi_cgstab_block_..omp_par.12,21,12,0,17,4,4,96.5625,3629.19,52.25,22.1875,11149.8
function@bi_cgstab_block_..omp_par.11,62,41,0,44,32,5,543562,138151,18098.3,60185,96532.9
function@bi_cgstab_block_..omp_par.10,28,13,0,23,6,4,1409.75,4029.12,491.5,47.0625,11149.8
function@bi_cgstab_block_..omp_par.9,55,18,0,42,15,4,45830.9,20350.5,10925.2,2742.67,9999.75
function@bi_cgstab_block_..omp_par.8,25,14,0,21,6,5,3258.81,4041.56,79.125,47.0625,11399.7
function@bi_cgstab_block_..omp_par.7,46,26,0,40,16,2,200615,104003,18352,8703.33,2666.5
function@bi_cgstab_block_..omp_par.6,25,14,0,21,6,5,3258.81,4041.56,79.125,47.0625,11399.7
function@bi_cgstab_block_..omp_par.5,17,11,0,17,2,5,101.562,516.438,72.3125,20.5625,9149.69
function@bi_cgstab_block_..omp_par,86,26,0,58,15,8,56176.8,73160.1,9689.42,3594.5,23907.8
function@mat_times_vec_,3,0,0,3,0,3,3,0,3,0,3
function@mat_times_vec_..omp_par,135,35,0,84,46,2,4.23899e+07,243965,315616,3.51022e+06,5599.83
function@.omp.reduction.func,0,0,0,0,0,0,0,0,0,0,0
function@.omp.reduction.func.1,0,0,0,0,0,0,0,0,0,0,0
function@.omp.reduction.func.2,0,0,0,0,0,0,0,0,0,0,0
function@.omp.reduction.func.3,0,0,0,0,0,0,0,0,0,0,0
function@.omp.reduction.func.4,0,0,0,0,0,0,0,0,0,0,0
function@fill2_,0,0,0,0,0,4,0,0,0,0,4
function@fill2_..omp_par.1,5,2,0,3,1,1,4.33333,26.5,3,0.666667,21.25
function@fill2_..omp_par,7,3,0,5,0,1,18.25,27.1667,4.33333,0,21.25
