Comando: /home/mpvreal/Code/Faculdade/tcc/llvm/build/bin/llc -march=x86 --regalloc=basic -o -
Heurística: div(cost,pow(degree,2))
~&SPILL_STATS,64, 54, 0, 32, 20, 26, 1036.23, 811.646, 208.035, 267.758, 975.311
~&SPILL_STATS,7, 0, 0, 6, 0, 6, 543.5, 0, 36, 0, 823.5
~&SPILL_STATS,4, 0, 0, 1, 0, 5, 527.5, 0, 20, 0, 822.5
~&SPILL_STATS,0, 0, 0, 0, 0, 6, 0, 0, 0, 0, 66.75
~&SPILL_STATS,0, 0, 0, 0, 0, 2, 0, 0, 0, 0, 40.5714
~&SPILL_STATS,0, 0, 0, 0, 0, 2, 0, 0, 0, 0, 40.5714
~&SPILL_STATS,0, 0, 0, 0, 0, 2, 0, 0, 0, 0, 40.5714
~&SPILL_STATS,0, 0, 0, 0, 0, 2, 0, 0, 0, 0, 40.5714
~&SPILL_STATS,0, 0, 0, 0, 0, 0, 0, 0, 0, 0, 0
~&SPILL_STATS,3, 1, 0, 2, 0, 4, 19.9821, 7.60714, 15.2143, 0, 55.8214
~&SPILL_STATS,0, 0, 0, 0, 0, 2, 0, 0, 0, 0, 2
~&SPILL_STATS,0, 0, 0, 0, 0, 0, 0, 0, 0, 0, 0
~&SPILL_STATS,17, 9, 0, 20, 5, 14, 106.875, 47.375, 87.875, 22.1875, 134.625
~&SPILL_STATS,0, 0, 0, 0, 0, 2, 0, 0, 0, 0, 20.0588
~&SPILL_STATS,14, 5, 0, 4, 2, 17, 548.445, 9.59375, 36, 7.73438, 1002.42
~&SPILL_STATS,0, 0, 0, 0, 0, 0, 0, 0, 0, 0, 0
~&SPILL_STATS,0, 0, 0, 0, 0, 0, 0, 0, 0, 0, 0
~&SPILL_STATS,0, 0, 0, 0, 0, 0, 0, 0, 0, 0, 0
~&SPILL_STATS,0, 0, 0, 0, 0, 0, 0, 0, 0, 0, 0
~&SPILL_STATS,0, 0, 0, 0, 0, 0, 0, 0, 0, 0, 0
~&SPILL_STATS,14, 3, 0, 7, 3, 15, 124.148, 18.3889, 23.9259, 20.9259, 87.0741
~&SPILL_STATS,15, 22, 0, 14, 0, 6, 1.50521, 2.29167, 1.95833, 0, 2.16667
~&SPILL_STATS,9, 2, 0, 6, 0, 9, 52.9355, 0.741935, 3.48387, 0, 54.9355
~&SPILL_STATS,1, 0, 0, 8, 0, 1, 0.916667, 0, 1.6875, 0, 1
~&SPILL_STATS,4, 4, 0, 4, 0, 1, 0.1875, 0.1875, 0.1875, 0, 1
~&SPILL_STATS,1, 0, 0, 2, 0, 2, 0.625, 0, 0.625, 0, 2
~&SPILL_STATS,2, 3, 0, 2, 6, 1, 2.53571, 17.7143, 2.53571, 9.25, 0.625
~&SPILL_STATS,0, 0, 0, 0, 0, 1, 0, 0, 0, 0, 1
~&SPILL_STATS,0, 0, 0, 0, 0, 3, 0, 0, 0, 0, 21.9375
~&SPILL_STATS,0, 0, 0, 0, 0, 0, 0, 0, 0, 0, 0
~&SPILL_STATS,0, 0, 0, 0, 0, 0, 0, 0, 0, 0, 0
~&SPILL_STATS,0, 0, 0, 0, 0, 0, 0, 0, 0, 0, 0
~&SPILL_STATS,0, 0, 0, 0, 0, 0, 0, 0, 0, 0, 0
~&SPILL_STATS,0, 0, 0, 0, 0, 0, 0, 0, 0, 0, 0
~&SPILL_STATS,0, 0, 0, 0, 0, 0, 0, 0, 0, 0, 0
~&SPILL_STATS,23, 1, 0, 5, 6, 2, 305.294, 0.617647, 69.4706, 12.9118, 337.118
~&SPILL_STATS,12, 2, 0, 2, 4, 0, 331.088, 64.3529, 64.7353, 25.5, 0
~&SPILL_STATS,0, 0, 0, 0, 0, 1, 0, 0, 0, 0, 1
~&SPILL_STATS,0, 0, 0, 0, 0, 0, 0, 0, 0, 0, 0
~&SPILL_STATS,0, 0, 0, 0, 0, 0, 0, 0, 0, 0, 0
~&SPILL_STATS,0, 0, 0, 0, 0, 0, 0, 0, 0, 0, 0
~&SPILL_STATS,0, 0, 0, 0, 0, 0, 0, 0, 0, 0, 0
~&SPILL_STATS,22, 5, 0, 28, 0, 4, 96.7344, 3.125, 78.6094, 0, 7.32422
~&SPILL_STATS,0, 1, 0, 1, 0, 8, 0, 0.625, 1, 0, 29.625
~&SPILL_STATS,0, 0, 0, 0, 0, 6, 0, 0, 0, 0, 8.82353
~&SPILL_STATS,6, 1, 0, 2, 0, 1, 2.65625, 0.3125, 1.25, 0, 1
~&SPILL_STATS,0, 0, 0, 0, 0, 1, 0, 0, 0, 0, 1
~&SPILL_STATS,0, 0, 0, 0, 0, 0, 0, 0, 0, 0, 0
~&SPILL_STATS,0, 0, 0, 0, 0, 1, 0, 0, 0, 0, 0.625
~&SPILL_STATS,0, 0, 0, 0, 0, 2, 0, 0, 0, 0, 2
~&SPILL_STATS,0, 0, 0, 0, 0, 0, 0, 0, 0, 0, 0
~&SPILL_STATS,0, 0, 0, 0, 0, 0, 0, 0, 0, 0, 0
~&SPILL_STATS,0, 0, 0, 0, 0, 6, 0, 0, 0, 0, 1.14286
~&SPILL_STATS,0, 0, 0, 0, 0, 0, 0, 0, 0, 0, 0
~&SPILL_STATS,0, 0, 0, 0, 0, 0, 0, 0, 0, 0, 0
~&SPILL_STATS,0, 0, 0, 0, 0, 0, 0, 0, 0, 0, 0
~&SPILL_STATS,9, 11, 0, 9, 0, 19, 0.280136, 0.447662, 0.612732, 0, 1.14435
~&SPILL_STATS,0, 0, 0, 0, 0, 0, 0, 0, 0, 0, 0
~&SPILL_STATS,0, 0, 0, 0, 0, 0, 0, 0, 0, 0, 0
~&SPILL_STATS,155, 28, 0, 19, 18, 33, 1032.45, 1105.49, 498.546, 926.905, 13961.5
~&SPILL_STATS,81, 17, 0, 14, 21, 31, 1333.88, 44.2549, 11.3529, 60.5882, 919.784
~&SPILL_STATS,0, 0, 0, 0, 0, 0, 0, 0, 0, 0, 0
~&SPILL_STATS,0, 0, 0, 0, 0, 0, 0, 0, 0, 0, 0
~&SPILL_STATS,0, 0, 0, 0, 0, 0, 0, 0, 0, 0, 0
~&SPILL_STATS,0, 0, 0, 0, 0, 1, 0, 0, 0, 0, 1
~&SPILL_STATS,0, 0, 0, 0, 0, 10, 0, 0, 0, 0, 18.3102
~&SPILL_STATS,0, 0, 0, 0, 0, 0, 0, 0, 0, 0, 0
~&SPILL_STATS,0, 0, 0, 0, 0, 1, 0, 0, 0, 0, 1
~&SPILL_STATS,0, 0, 0, 0, 0, 0, 0, 0, 0, 0, 0
~&SPILL_STATS,0, 0, 0, 0, 0, 0, 0, 0, 0, 0, 0
~&SPILL_STATS,0, 0, 0, 0, 0, 0, 0, 0, 0, 0, 0
~&SPILL_STATS,0, 0, 0, 0, 0, 0, 0, 0, 0, 0, 0
~&SPILL_STATS,0, 0, 0, 0, 0, 0, 0, 0, 0, 0, 0
~&SPILL_STATS,0, 0, 0, 0, 0, 5, 0, 0, 0, 0, 13.2222
~&SPILL_STATS,0, 0, 0, 0, 0, 4, 0, 0, 0, 0, 3
~&SPILL_STATS,0, 0, 0, 0, 0, 1, 0, 0, 0, 0, 1
~&SPILL_STATS,0, 0, 0, 0, 0, 4, 0, 0, 0, 0, 4
~&SPILL_STATS,0, 0, 0, 0, 0, 0, 0, 0, 0, 0, 0
~&SPILL_STATS,0, 0, 0, 0, 0, 0, 0, 0, 0, 0, 0
~&SPILL_STATS,0, 0, 0, 0, 0, 2, 0, 0, 0, 0, 25.3333
~&SPILL_STATS,32, 29, 0, 31, 0, 0, 20, 18.125, 19.375, 0, 0
~&SPILL_STATS,32, 29, 0, 31, 0, 0, 20, 18.125, 19.375, 0, 0
~&SPILL_STATS,11, 0, 0, 1, 0, 18, 4.29688, 0, 0.390625, 0, 94.666
~&SPILL_STATS,77, 59, 0, 32, 22, 27, 3199.73, 2551.73, 1151, 1130.25, 2418.48
~&SPILL_STATS,8, 5, 0, 3, 9, 11, 25.3516, 1.32812, 0.585938, 14.9062, 37.5
~&SPILL_STATS,0, 0, 0, 0, 0, 0, 0, 0, 0, 0, 0
~&SPILL_STATS,5, 1, 0, 1, 3, 8, 260.212, 1, 10.1587, 1.64872, 512.771
~&SPILL_STATS,0, 0, 0, 0, 0, 0, 0, 0, 0, 0, 0
~&SPILL_STATS,6, 2, 0, 8, 0, 12, 0.709366, 0.0178528, 0.732071, 0, 6.08777
~&SPILL_STATS,0, 0, 0, 0, 0, 5, 0, 0, 0, 0, 26.1587
~&SPILL_STATS,0, 0, 0, 0, 0, 0, 0, 0, 0, 0, 0
~&SPILL_STATS,0, 0, 0, 0, 0, 4, 0, 0, 0, 0, 3.01852
~&SPILL_STATS,0, 0, 0, 0, 0, 0, 0, 0, 0, 0, 0
~&SPILL_STATS,0, 0, 0, 0, 0, 0, 0, 0, 0, 0, 0
~&SPILL_STATS,0, 0, 0, 0, 0, 0, 0, 0, 0, 0, 0
~&SPILL_STATS,0, 0, 0, 0, 0, 2, 0, 0, 0, 0, 1
~&SPILL_STATS,0, 2, 0, 1, 0, 0, 0, 1.5, 1, 0, 0
~&SPILL_STATS,0, 0, 0, 0, 0, 0, 0, 0, 0, 0, 0
~&SPILL_STATS,0, 0, 0, 0, 0, 5, 0, 0, 0, 0, 106.25
~&SPILL_STATS,0, 0, 0, 0, 0, 0, 0, 0, 0, 0, 0
~&SPILL_STATS,21, 19, 0, 10, 13, 1, 58.0312, 25.2188, 25.9688, 13.375, 21.5
~&SPILL_STATS,2, 3, 0, 1, 0, 3, 0.75, 0.9375, 1, 0, 1.25
~&SPILL_STATS,0, 0, 0, 0, 0, 0, 0, 0, 0, 0, 0
~&SPILL_STATS,0, 0, 0, 0, 0, 2, 0, 0, 0, 0, 2
~&SPILL_STATS,0, 0, 0, 0, 0, 0, 0, 0, 0, 0, 0
~&SPILL_STATS,0, 0, 0, 0, 0, 0, 0, 0, 0, 0, 0
~&SPILL_STATS,0, 0, 0, 0, 0, 0, 0, 0, 0, 0, 0
~&SPILL_STATS,0, 0, 0, 0, 0, 0, 0, 0, 0, 0, 0
~&SPILL_STATS,0, 0, 0, 0, 0, 0, 0, 0, 0, 0, 0
~&SPILL_STATS,0, 0, 0, 0, 0, 0, 0, 0, 0, 0, 0
~&SPILL_STATS,0, 0, 0, 0, 0, 2, 0, 0, 0, 0, 2
~&SPILL_STATS,0, 0, 0, 0, 0, 2, 0, 0, 0, 0, 2
~&SPILL_STATS,9, 6, 0, 5, 0, 3, 3.5, 2.75, 2, 0, 0.75
~&SPILL_STATS,0, 0, 0, 0, 0, 0, 0, 0, 0, 0, 0
~&SPILL_STATS,0, 0, 0, 0, 0, 0, 0, 0, 0, 0, 0
~&SPILL_STATS,0, 0, 0, 0, 0, 2, 0, 0, 0, 0, 2
~&SPILL_STATS,0, 0, 0, 0, 0, 0, 0, 0, 0, 0, 0
~&SPILL_STATS,3, 2, 0, 1, 0, 1, 0.109375, 0.078125, 0.0625, 0, 1
~&SPILL_STATS,0, 0, 0, 0, 0, 1, 0, 0, 0, 0, 1
~&SPILL_STATS,0, 0, 0, 0, 0, 0, 0, 0, 0, 0, 0
~&SPILL_STATS,0, 0, 0, 0, 0, 2, 0, 0, 0, 0, 2
~&SPILL_STATS,0, 0, 0, 0, 0, 0, 0, 0, 0, 0, 0
~&SPILL_STATS,0, 0, 0, 0, 0, 0, 0, 0, 0, 0, 0
~&SPILL_STATS,0, 0, 0, 0, 0, 0, 0, 0, 0, 0, 0
~&SPILL_STATS,0, 0, 0, 0, 0, 0, 0, 0, 0, 0, 0
~&SPILL_STATS,0, 0, 0, 0, 0, 0, 0, 0, 0, 0, 0
~&SPILL_STATS,0, 0, 0, 0, 0, 0, 0, 0, 0, 0, 0
~&SPILL_STATS,0, 0, 0, 0, 0, 0, 0, 0, 0, 0, 0
~&SPILL_STATS,0, 0, 0, 0, 0, 0, 0, 0, 0, 0, 0
~&SPILL_STATS,10, 10, 0, 18, 0, 3, 36.5039, 14.5195, 37.5542, 0, 11.9019
~&SPILL_STATS,29, 46, 0, 41, 0, 0, 79.5876, 143.923, 114.813, 0, 0
~&SPILL_STATS,0, 0, 0, 0, 0, 0, 0, 0, 0, 0, 0
~&SPILL_STATS,0, 0, 0, 0, 0, 2, 0, 0, 0, 0, 2
~&SPILL_STATS,0, 0, 0, 0, 0, 0, 0, 0, 0, 0, 0
~&SPILL_STATS,0, 0, 0, 0, 0, 0, 0, 0, 0, 0, 0
~&SPILL_STATS,0, 0, 0, 0, 0, 0, 0, 0, 0, 0, 0
~&SPILL_STATS,0, 0, 0, 0, 0, 0, 0, 0, 0, 0, 0
~&SPILL_STATS,0, 0, 0, 0, 0, 2, 0, 0, 0, 0, 2
~&SPILL_STATS,0, 0, 0, 0, 0, 5, 0, 0, 0, 0, 40.25
~&SPILL_STATS,0, 0, 0, 0, 0, 2, 0, 0, 0, 0, 25.3333
~&SPILL_STATS,0, 0, 0, 0, 0, 0, 0, 0, 0, 0, 0
~&SPILL_STATS,0, 0, 0, 0, 0, 0, 0, 0, 0, 0, 0
~&SPILL_STATS,0, 0, 0, 0, 0, 0, 0, 0, 0, 0, 0
~&SPILL_STATS,0, 0, 0, 0, 0, 0, 0, 0, 0, 0, 0
~&SPILL_STATS,0, 0, 0, 0, 0, 3, 0, 0, 0, 0, 34.0952
~&SPILL_STATS,0, 0, 0, 0, 0, 1, 0, 0, 0, 0, 15.7381
~&SPILL_STATS,0, 0, 0, 0, 0, 4, 0, 0, 0, 0, 2.74118
~&SPILL_STATS,0, 0, 0, 0, 0, 0, 0, 0, 0, 0, 0
~&SPILL_STATS,1, 3, 0, 3, 7, 13, 27.9286, 2.85714, 25.25, 31.6429, 40.8393
~&SPILL_STATS,0, 1, 0, 1, 1, 6, 0, 0.499942, 0.499942, 1, 5.14934
~&SPILL_STATS,0, 0, 0, 0, 0, 1, 0, 0, 0, 0, 1
~&SPILL_STATS,0, 0, 0, 0, 0, 3, 0, 0, 0, 0, 41.5
~&SPILL_STATS,0, 0, 0, 0, 0, 2, 0, 0, 0, 0, 40.1176
~&SPILL_STATS,0, 0, 0, 0, 0, 0, 0, 0, 0, 0, 0
~&SPILL_STATS,0, 0, 0, 0, 0, 0, 0, 0, 0, 0, 0
~&SPILL_STATS,19, 3, 0, 4, 0, 2, 21.7344, 1.54688, 1.55469, 0, 18.3984
~&SPILL_STATS,0, 0, 0, 0, 0, 10, 0, 0, 0, 0, 0.250297
~&SPILL_STATS,27, 19, 0, 3, 21, 17, 2.48391, 1.81635, 2.02815, 2.42761, 2.93432
~&SPILL_STATS,0, 0, 0, 0, 0, 0, 0, 0, 0, 0, 0
~&SPILL_STATS,14, 5, 0, 10, 3, 5, 10.64, 5, 6.72, 2.32, 2.92
~&SPILL_STATS,21, 3, 0, 10, 10, 7, 18.5098, 1.88235, 9, 8.2549, 2.92157
~&SPILL_STATS,26, 3, 0, 12, 11, 5, 23.1373, 1.88235, 11, 8.88235, 1.94118
~&SPILL_STATS,15, 5, 0, 9, 7, 16, 14.4762, 5, 7.95238, 6.47619, 9.71429
~&SPILL_STATS,0, 1, 0, 1, 1, 2, 0, 8, 0.5, 0.5, 31.875
~&SPILL_STATS,59, 59, 0, 76, 0, 2, 59, 59, 76, 0, 1
~&SPILL_STATS,0, 0, 0, 0, 0, 3, 0, 0, 0, 0, 14.4211
~&SPILL_STATS,44, 8, 0, 9, 0, 16, 6.65625, 1.46875, 4.75, 0, 7.5625
~&SPILL_STATS,0, 0, 0, 0, 0, 0, 0, 0, 0, 0, 0
~&SPILL_STATS,0, 0, 0, 0, 0, 0, 0, 0, 0, 0, 0
~&SPILL_STATS,16, 58, 0, 61, 0, 0, 16, 58, 61, 0, 0
~&SPILL_STATS,23, 37, 0, 20, 0, 0, 12.6824, 9.17648, 12.5412, 0, 0
~&SPILL_STATS,34, 26, 0, 30, 0, 0, 34, 26, 30, 0, 0
~&SPILL_STATS,34, 26, 0, 30, 0, 0, 34, 26, 30, 0, 0
~&SPILL_STATS,0, 0, 0, 0, 0, 2, 0, 0, 0, 0, 0.645161
~&SPILL_STATS,0, 0, 0, 0, 0, 0, 0, 0, 0, 0, 0
~&SPILL_STATS,0, 0, 0, 0, 0, 0, 0, 0, 0, 0, 0
~&SPILL_STATS,0, 0, 0, 0, 0, 0, 0, 0, 0, 0, 0
~&SPILL_STATS,0, 0, 0, 0, 0, 3, 0, 0, 0, 0, 2.66667
~&SPILL_STATS,0, 0, 0, 0, 0, 0, 0, 0, 0, 0, 0
~&SPILL_STATS,0, 0, 0, 0, 0, 0, 0, 0, 0, 0, 0
~&SPILL_STATS,0, 0, 0, 0, 0, 0, 0, 0, 0, 0, 0
~&SPILL_STATS,0, 0, 0, 0, 0, 0, 0, 0, 0, 0, 0
~&SPILL_STATS,0, 0, 0, 0, 0, 0, 0, 0, 0, 0, 0
~&SPILL_STATS,0, 0, 0, 0, 0, 0, 0, 0, 0, 0, 0
~&SPILL_STATS,30, 0, 0, 6, 0, 3, 16.6354, 0, 2.83333, 0, 9.33333
~&SPILL_STATS,38, 5, 0, 11, 2, 33, 3.22266, 0.292969, 3.46875, 0.117188, 7.04688
~&SPILL_STATS,9, 0, 0, 4, 0, 8, 9, 0, 4, 0, 8
~&SPILL_STATS,12, 12, 0, 6, 0, 9, 2.41016, 2.96875, 3.18555, 0, 3.23438
~&SPILL_STATS,19, 45, 0, 38, 0, 4, 298, 1223, 782, 0, 35
~&SPILL_STATS,0, 0, 0, 0, 0, 0, 0, 0, 0, 0, 0
~&SPILL_STATS,0, 0, 0, 0, 0, 0, 0, 0, 0, 0, 0
~&SPILL_STATS,0, 0, 0, 0, 0, 0, 0, 0, 0, 0, 0
~&SPILL_STATS,0, 0, 0, 0, 0, 0, 0, 0, 0, 0, 0
~&SPILL_STATS,0, 0, 0, 0, 0, 2, 0, 0, 0, 0, 2
~&SPILL_STATS,0, 0, 0, 0, 0, 2, 0, 0, 0, 0, 1.61765
~&SPILL_STATS,0, 0, 0, 0, 0, 0, 0, 0, 0, 0, 0
~&SPILL_STATS,42, 23, 0, 21, 0, 0, 4.45092, 2.84875, 3.76813, 0, 0
~&SPILL_STATS,20, 11, 0, 7, 0, 1, 15.3047, 10.6211, 8.15234, 0, 0.882812
~&SPILL_STATS,17, 14, 0, 7, 0, 6, 7.1811, 3.92913, 5.11024, 0, 9.29134
~&SPILL_STATS,137, 14, 0, 49, 27, 18, 38.2817, 8.21522, 43.3065, 11.2033, 235.404
~&SPILL_STATS,3, 3, 0, 2, 0, 5, 1.5, 0.999999, 0.999999, 0, 3.5
~&SPILL_STATS,0, 0, 0, 0, 0, 4, 0, 0, 0, 0, 4
~&SPILL_STATS,0, 0, 0, 0, 0, 0, 0, 0, 0, 0, 0
~&SPILL_STATS,0, 0, 0, 0, 0, 6, 0, 0, 0, 0, 5.99999
~&SPILL_STATS,19, 4, 0, 2, 1, 2, 9.51559, 21.6244, 1.625, 0.624999, 20.9993
~&SPILL_STATS,25, 1, 0, 1, 2, 1, 472.333, 1, 1, 20.625, 400
~&SPILL_STATS,0, 0, 0, 0, 0, 1, 0, 0, 0, 0, 0.5
~&SPILL_STATS,177, 84, 0, 65, 47, 31, 2.32954e+06, 1.47354e+06, 249027, 206154, 325591
~&SPILL_STATS,0, 0, 0, 0, 0, 8, 0, 0, 0, 0, 84.16
~&SPILL_STATS,0, 1, 0, 1, 1, 4, 0, 1, 1, 1, 43.36
~&SPILL_STATS,0, 1, 0, 1, 1, 1, 0, 1, 1, 1, 10.2
~&SPILL_STATS,43, 52, 0, 24, 29, 69, 1452.71, 584.839, 414.697, 245.951, 4196.97
~&SPILL_STATS,43, 3, 0, 7, 2, 14, 2331.22, 21.9993, 488.651, 20.6243, 1313.92
~&SPILL_STATS,0, 0, 0, 0, 0, 3, 0, 0, 0, 0, 15.625
~&SPILL_STATS,59, 35, 0, 31, 10, 14, 975.058, 667.308, 162.077, 59.25, 688.596
~&SPILL_STATS,0, 0, 0, 0, 0, 2, 0, 0, 0, 0, 25.3333
~&SPILL_STATS,0, 0, 0, 0, 0, 0, 0, 0, 0, 0, 0
~&SPILL_STATS,22, 9, 0, 19, 0, 5, 209.438, 62.125, 131.188, 0, 79.6875
