Comando: /home/mpvreal/Code/Faculdade/tcc/llvm/build/bin/llc --march=x86 --regalloc=greedy -o -
Heurística: div(cost,pow(degree,2))
function@_Z8clear_ttv,0,0,0,0,0,0,0,0,0,0,0
function@_Z11clear_dp_ttv,0,0,0,0,0,0,0,0,0,0,0
function@_Z18initialize_zobristP7state_t,0,0,0,0,0,28,0,0,0,0,892.5
function@_Z15initialize_hashP7state_t,3,0,0,3,2,1,23.625,0,23.625,2,31.875
function@_Z7StoreTTP7state_tiiijiiii,6,5,0,4,0,12,1.375,2,1.75,0,3.875
function@_Z7ProbeTTP7state_tPiiiPjS1_S1_S1_S1_i,0,0,0,0,0,7,0,0,0,0,2.23529
function@_Z10alloc_hashv,0,0,0,0,0,3,0,0,0,0,3
function@_Z9free_hashv,0,0,0,0,0,0,0,0,0,0,0
function@_Z4makeP7state_ti,79,3,0,36,1,20,21.6531,1.87459,20.1368,1,9.15309
function@_Z6unmakeP7state_ti,8,2,0,7,0,11,3.86765,2,6.25,0,6.87255
function@_Z14setup_epd_lineP11gamestate_tP7state_tPKc,32,1,0,12,13,13,116.594,0.3125,13.2812,9.10938,61.3984
function@_Z14check_solutionP7state_tPci,0,0,0,0,0,3,0,0,0,0,1.85938
function@_Z17run_epd_testsuiteP11gamestate_tP7state_tPKc,0,0,0,0,0,2,0,0,0,0,13.5
function@_Z15position_to_fenP7state_tPc,7,0,0,3,1,3,95.3294,0,95.3529,1,32.3647
function@_Z5scaleiii,0,0,0,0,0,0,0,0,0,0,0
function@_Z16static_pawn_evalP7state_t,179,58,0,118,9,66,196.134,111.189,251.548,8.32617,135.852
function@_Z7qsearchP7state_tiiii,27,25,0,26,9,58,5.24055,4.59071,2.64361,0.317382,15.0127
function@_ZL17search_time_checkP7state_t,0,0,0,0,0,2,0,0,0,0,2
function@_ZL16fast_order_movesP7state_tPiS1_ij,19,0,0,5,0,8,23.1324,0,7.22059,0,59.3088
function@_ZL15remove_one_fastPiS_S_i,7,0,0,3,0,7,12.6471,0,0.741176,0,6.98824
function@_Z6searchP7state_tiiiii,126,101,0,82,30,123,0.375195,0.313102,0.360284,0.0826621,1.22968
function@_ZL11order_movesP7state_tPiS1_ij,38,7,0,18,0,7,80.2292,5.22917,42.2083,0,73.9167
function@_ZL12history_goodP7state_tii,4,0,0,3,0,27,1,0,0.875,0,194.312
function@_Z14rootmovesearchP7state_tiiiii,0,0,0,0,0,0,0,0,0,0,0
function@_Z11search_rootP7state_tiii,24,29,0,19,10,29,39.1182,64.3165,78.5765,18.11,116.194
function@_Z21reset_search_countersP7state_t,0,0,0,0,0,0,0,0,0,0,0
function@_Z17reset_search_dataP7state_t,0,0,0,0,0,0,0,0,0,0,0
function@_Z5thinkP11gamestate_tP7state_t,17,1,0,7,1,37,25.6582,0.147329,10.6516,0.429688,47.9331
function@_Z8PopCounty,0,0,0,0,0,0,0,0,0,0,0
function@_Z9FindFirsty,0,0,0,0,0,0,0,0,0,0,0
function@_Z15FindFirstRemovePy,0,0,0,0,0,2,0,0,0,0,2
function@_Z8FindLasty,0,0,0,0,0,4,0,0,0,0,3
function@_Z13ThickPopCounty,0,0,0,0,0,0,0,0,0,0,0
function@_Z5fevalP7state_tiP12t_eval_comps,145,89,0,114,17,105,418.625,429.125,612.875,23.0625,785.93
function@_Z4evalP7state_tiii,7,1,0,5,0,13,3.76266,0.890137,4.56055,0,9.34222
function@_Z13retrieve_evalP7state_t,0,0,0,0,0,1,0,0,0,0,1
function@_Z4ranki,0,0,0,0,0,0,0,0,0,0,0
function@_Z4filei,0,0,0,0,0,0,0,0,0,0,0
function@_Z8sum_distii,0,0,0,0,0,4,0,0,0,0,4
function@_Z12taxicab_distii,0,0,0,0,0,4,0,0,0,0,4
function@_Z16taxicab_dist_bitii,0,0,0,0,0,4,0,0,0,0,4
function@_Z11check_phaseP11gamestate_tP7state_t,5,0,0,0,4,4,1.25,0,0,4.58333,6.97917
function@_Z11check_legalP7state_ti,0,0,0,0,0,1,0,0,0,0,10.5
function@_Z20check_castle_blockerP7state_ti,12,4,0,4,0,65,3.51496,6.45039,0.8,0,54.5559
function@_Z3seeP7state_tiiii,20,5,0,21,17,29,205.402,31.7277,139.746,77.6021,118.201
function@_Z9gen_quietP7state_tPi,5,10,0,2,0,20,3.875,122,2,0,76.125
function@_Z11add_capturePiiiiii,0,0,0,0,0,0,0,0,0,0,0
function@_Z8add_movePiiii,0,0,0,0,0,0,0,0,0,0,0
function@_Z15add_king_castlePiiii,0,0,0,0,0,0,0,0,0,0,0
function@_Z3genP7state_tPi,15,10,0,10,3,24,16.875,122,18.875,2.375,109.402
function@_Z12gen_capturesP7state_tPi,12,12,0,6,0,15,14.5,123.25,14.5,0,110.301
function@_Z15gen_good_checksP7state_tPi,3,14,0,10,0,5,21.375,1800,10,0,860
function@_Z16gen_check_blocksP7state_tPii,4,10,0,10,2,14,2.375,64,6.125,1.5,66.625
function@_Z12gen_evasionsP7state_tPii,0,0,0,0,0,0,0,0,0,0,0
function@_Z8psq_evalP7state_tP12t_eval_comps,0,0,0,0,0,0,0,0,0,0,0
function@_Z14init_psq_scoreP7state_t,0,0,0,0,0,0,0,0,0,0,0
function@_Z18preprocess_preparev,0,0,0,0,0,3,0,0,0,0,2079.62
function@_Z13PrintBitboardy,0,0,0,0,0,4,0,0,0,0,127.5
function@_Z17PrintRotBitboardsP7state_t,0,0,0,0,0,4,0,0,0,0,127.5
function@_Z17PrintAllBitboardsP7state_t,0,0,0,0,0,52,0,0,0,0,1657.5
function@_Z22SetupPrecalculatedDatav,236,139,0,189,15,303,5110.5,2985,2711,170.5,10598
function@_Z16SetupCastleMasksP7state_t,0,0,0,0,0,0,0,0,0,0,0
function@_Z11RankAttacksyj,0,0,0,0,0,6,0,0,0,0,6
function@_Z11FileAttacksyj,0,0,0,0,0,8,0,0,0,0,8
function@_Z15DiagonalAttacksyj,0,0,0,0,0,3,0,0,0,0,3
function@_Z15AntiDiagAttacksyj,0,0,0,0,0,3,0,0,0,0,3
function@_Z13BishopAttacksP7state_ti,1,2,0,3,0,8,1,2,3,0,8
function@_Z11RookAttacksP7state_ti,2,1,0,2,0,9,2,1,2,0,9
function@_Z12elo_to_depthi,0,0,0,0,0,0,0,0,0,0,0
function@_Z14elo_to_blunderi,0,0,0,0,0,0,0,0,0,0,0
function@_Z12compact_movei,0,0,0,0,0,3,0,0,0,0,3
function@_Z4logLi,0,0,0,0,0,2,0,0,0,0,16.4375
function@_Z13allocate_timeP11gamestate_ti,0,0,0,0,0,5,0,0,0,0,0.897059
function@_Z11comp_to_sanP7state_tiPc,4,19,0,8,0,21,1.27358,7.34425,4.22189,0,17.9631
function@_Z13comp_to_coordP7state_tiPc,0,11,0,2,0,12,0,0.93865,1.25153,0,4.81595
function@_Z13display_boardP7state_ti,0,0,0,0,0,3,0,0,0,0,47.8125
function@_Z8myprintfPKcz,0,0,0,0,0,1,0,0,0,0,0.625
function@_Z9init_gameP11gamestate_tP7state_t,0,0,0,0,0,0,0,0,0,0,0
function@_Z18reset_piece_squareP7state_t,0,0,0,0,0,2,0,0,0,0,63.75
function@_Z7is_movePc,0,0,0,0,0,0,0,0,0,0,0
function@_Z20extract_current_pathP7state_t,0,0,0,0,0,4,0,0,0,0,58
function@_Z19extract_ponder_moveP7state_t,1,1,0,2,0,6,10,10,0.625,0,41.1953
function@_Z24extract_current_bestlineP7state_t,0,0,0,0,0,0,0,0,0,0,0
function@_ZL15hash_extract_pvP7state_tiPc,5,2,0,4,1,10,3.41394,3.49206,5.27381,0.507936,37.3326
function@_Z12stringize_pvP7state_tPc,0,0,0,0,0,0,0,0,0,0,0
function@_Z13post_thinkingP7state_tiiPci,0,3,0,2,0,4,0,0.46875,0.46875,0,1.125
function@_Z16post_fh_thinkingP7state_tiiPci,0,3,0,2,0,5,0,0.46875,0.46875,0,0.9375
function@_Z16post_fl_thinkingP7state_tiiPci,0,3,0,2,0,5,0,0.46875,0.46875,0,0.9375
function@_Z21post_multipv_thinkingP7state_tiii,4,5,0,8,0,15,392,129,281,0,558
function@_Z6rinputPciP8_IO_FILE,0,0,0,0,0,6,0,0,0,0,29.375
function@_Z12verify_coordP7state_tPcPi,0,0,0,0,0,3,0,0,0,0,22
function@_Z17input_causes_stopv,0,0,0,0,0,8,0,0,0,0,2.27344
function@_Z11reset_boardP7state_t,0,0,0,0,0,0,0,0,0,0,0
function@_Z15make_text_movesP11gamestate_tP7state_tPc,1,0,0,1,0,3,6.45616,0,0.625,0,13.7456
function@_Z8myrandomv,0,0,0,0,0,1,0,0,0,0,1
function@_Z7mysrandj,0,0,0,0,0,0,0,0,0,0,0
function@main,0,0,0,0,0,0,0,0,0,0,0
function@_Z7is_drawP11gamestate_tP7state_t,2,4,0,5,0,4,0.625,9.98864,1.02273,0,3.29545
function@_Z21insufficient_materialP7state_t,0,0,0,0,0,0,0,0,0,0,0
function@_Z11is_attackedP7state_tii,8,18,0,8,0,7,0.116434,0.198601,0.176923,0,1.10385
function@_Z8in_checkP7state_t,0,0,0,0,0,0,0,0,0,0,0
function@_Z10attacks_toP7state_ti,8,9,0,12,1,5,7,6.33333,11,1,4.61905
function@_Z14drawn_endgamesP7state_tiii,68,2,0,21,0,152,1.84523,0.0527128,4.33262,0,6.29755
function@_Z15init_parametersP11gamestate_t,0,0,0,0,0,0,0,0,0,0,0
