Comando: /home/mpvreal/Code/Faculdade/tcc/llvm/build/bin/llc --march=x86-64 --regalloc=basic -o -
Heurística: div(cost,pow(degree,2))
function@flux_,28,2,0,10,2,9,28,2,10,2,9
function@flux_..omp_par.4,217,36,0,98,40,10,987778,21670,41893.6,25048.1,77065.8
function@flux_..omp_par.3,84,30,0,47,11,17,18748.4,6989.42,1107.83,955.583,6425.25
function@flux_..omp_par.2,26,12,0,22,5,6,1546.92,1778.67,98.9167,49.0833,2133.58
function@flux_..omp_par.1,290,151,0,88,171,12,59891.1,20940.6,4504.81,12015.4,11031.2
function@flux_..omp_par,26,12,0,22,5,6,1546.92,1778.67,98.9167,49.0833,2133.58
function@_QQmain,0,0,0,0,0,134,0,0,0,0,129.619
function@jacobian_,2,0,0,2,0,10,2,0,2,0,10
function@jacobian_..omp_par,140,70,0,107,12,12,891743,462454,522691,513.167,102399
function@fill1_,4,0,0,2,0,3,4,0,2,0,3
function@fill1_..omp_par.1,3,1,0,2,0,1,3,0.666667,2,0,21.25
function@fill1_..omp_par,15,10,0,13,3,2,98.25,223.083,31.9167,22.9167,559.833
function@shell_,152,24,0,56,23,21,326596,162868,487808,23,15802.5
function@shell_..omp_par.8,28,11,0,22,5,5,1234.25,248.333,138.25,70,759.75
function@shell_..omp_par.7,177,40,0,104,46,12,1.3255e+07,298335,46729.6,396723,1.6648e+06
function@shell_..omp_par.6,157,35,0,108,50,11,3.49745e+08,9.03576e+06,413606,1.27167e+07,7.8652e+07
function@shell_..omp_par.5,12,2,0,8,2,15,427.625,24.875,7.625,1.25,80820.2
function@shell_..omp_par.4,52,30,0,43,16,26,3141.81,1411.25,947.438,827.25,1164.56
function@shell_..omp_par.3,20,5,0,18,4,7,9203,62,36.9167,23.5833,18306.1
function@shell_..omp_par.2,27,28,0,28,9,6,1556.92,2966.33,436.25,435.5,1726.5
function@shell_..omp_par.1,20,13,0,17,3,1,239.5,109.25,66.6667,28.8333,4.08333
function@shell_..omp_par,45,8,0,38,14,1,79812,510.833,673.917,919.5,8533.25
function@.omp.reduction.func,0,0,0,0,0,2,0,0,0,0,2
function@bi_cgstab_block_,45,3,0,17,4,11,373.625,32.875,31.4375,4,55.8125
function@bi_cgstab_block_..omp_par.12,23,8,0,18,6,4,758.25,708.75,57.1875,47.0625,11149.8
function@bi_cgstab_block_..omp_par.11,56,33,0,39,35,5,64105.3,88827.5,12232.1,57508.8,96532.9
function@bi_cgstab_block_..omp_par.10,28,13,0,22,6,5,3272.25,4029.12,80.125,47.0625,11399.7
function@bi_cgstab_block_..omp_par.9,53,22,0,41,15,4,29097.7,54483.5,2126.08,2742.67,15866.4
function@bi_cgstab_block_..omp_par.8,25,14,0,21,6,5,3258.81,4041.56,79.125,47.0625,11399.7
function@bi_cgstab_block_..omp_par.7,37,23,0,34,17,3,23214.9,56170,4218.08,12703.2,11199.8
function@bi_cgstab_block_..omp_par.6,25,14,0,21,6,5,3258.81,4041.56,79.125,47.0625,11399.7
function@bi_cgstab_block_..omp_par.5,18,9,0,17,2,5,501.5,96.5625,53.375,20.5625,9149.69
function@bi_cgstab_block_..omp_par,86,26,0,58,15,8,56176.8,73160.1,9689.42,3594.5,23907.8
function@mat_times_vec_,3,0,0,3,0,3,3,0,3,0,3
function@mat_times_vec_..omp_par,142,36,0,85,47,2,6.62832e+07,3.6573e+06,422282,6.92356e+06,5599.83
function@.omp.reduction.func,0,0,0,0,0,0,0,0,0,0,0
function@.omp.reduction.func.1,0,0,0,0,0,0,0,0,0,0,0
function@.omp.reduction.func.2,0,0,0,0,0,0,0,0,0,0,0
function@.omp.reduction.func.3,0,0,0,0,0,0,0,0,0,0,0
function@.omp.reduction.func.4,0,0,0,0,0,0,0,0,0,0,0
function@fill2_,0,0,0,0,0,4,0,0,0,0,4
function@fill2_..omp_par.1,5,2,0,3,1,1,4.33333,26.5,3,0.666667,21.25
function@fill2_..omp_par,6,4,0,5,0,1,5,40.4167,4.33333,0,21.25
