Comando: /home/mpvreal/Code/Faculdade/tcc/llvm/build/bin/llc --march=x86-64 --regalloc=greedy -o -
Heurística: div(cost,pow(degree,2))
function@flux_,26,0,0,14,0,18,26,0,14,0,18
function@flux_..omp_par.4,142,18,0,86,11,31,843914,44526.5,35627.9,2236.42,89775.5
function@flux_..omp_par.3,49,14,0,40,2,22,15925.8,3500.17,629.167,21.9167,5152.83
function@flux_..omp_par.2,18,7,0,22,3,12,2730.25,1340.75,123.083,35.1667,2585.08
function@flux_..omp_par.1,390,52,0,77,159,69,14194.6,3282.34,3626.49,11496,13388.4
function@flux_..omp_par,18,7,0,22,3,12,2730.25,1340.75,123.083,35.1667,2585.08
function@_QQmain,0,0,0,0,0,136,0,0,0,0,131.619
function@jacobian_,3,0,0,3,0,9,3,0,3,0,9
function@jacobian_..omp_par,58,14,0,63,5,57,303520,43460.2,164269,470.417,435201
function@fill1_,3,0,0,3,0,3,3,0,3,0,3
function@fill1_..omp_par.1,1,1,0,2,0,4,1,0.666667,2,0,24.25
function@fill1_..omp_par,7,5,0,11,1,10,83.9167,194.25,29.5833,21.25,566.5
function@shell_,94,8,0,41,0,81,1341.29,92.5238,117.381,0,16083.8
function@shell_..omp_par.8,13,6,0,18,2,11,701.25,194.333,109.75,42.5,632.5
function@shell_..omp_par.7,92,9,0,82,28,33,5.98111e+06,9060.58,182407,66643.8,2.29658e+06
function@shell_..omp_par.6,91,10,0,89,34,22,1.16828e+08,17847.2,2.37531e+06,2.25113e+06,7.92155e+07
function@shell_..omp_par.5,6,3,0,9,1,21,23.6875,44.8125,8.625,0.625,80825.7
function@shell_..omp_par.4,26,25,0,36,8,37,1431.81,1137.69,526.125,460.75,1796.88
function@shell_..omp_par.3,14,6,0,19,2,13,646.25,914.167,57.8333,21.9167,18311.4
function@shell_..omp_par.2,30,20,0,24,7,10,1227.75,1813.83,122.083,421.25,1304.58
function@shell_..omp_par.1,8,8,0,13,0,8,66.6667,273.167,48.0833,0,30.6667
function@shell_..omp_par,28,6,0,33,11,6,79202.2,500.833,632.167,879.75,8984.08
function@.omp.reduction.func,0,0,0,0,0,2,0,0,0,0,2
function@bi_cgstab_block_,58,1,0,19,0,32,730.188,15.9375,30.9375,0,181.375
function@bi_cgstab_block_..omp_par.12,9,6,0,13,0,13,724.25,695.312,61.1875,0,11157.5
function@bi_cgstab_block_..omp_par.11,66,17,0,33,23,14,43863,29881.6,14428.7,47283.1,99632.4
function@bi_cgstab_block_..omp_par.10,14,7,0,17,0,16,3637.69,3195.25,84.125,0,11428
function@bi_cgstab_block_..omp_par.9,33,13,0,33,6,13,20937.6,11621.1,1390.5,2154.17,18552.2
function@bi_cgstab_block_..omp_par.8,13,7,0,16,0,17,6136.5,707.75,83.125,0,11428.6
function@bi_cgstab_block_..omp_par.7,27,14,0,27,8,10,15788.4,21840.2,3748.08,9727.33,5765
function@bi_cgstab_block_..omp_par.6,13,7,0,16,0,17,6136.5,707.75,83.125,0,11428.6
function@bi_cgstab_block_..omp_par.5,8,5,0,13,1,13,486.125,69.6875,49.75,19.9375,9156.81
function@bi_cgstab_block_..omp_par,51,13,0,46,8,16,62309.8,14751.2,2421.17,3007.33,28593.1
function@mat_times_vec_,3,0,0,3,0,3,3,0,3,0,3
function@mat_times_vec_..omp_par,82,14,0,74,21,21,2.68134e+07,190927,1.03925e+06,64488.9,1.20589e+06
function@.omp.reduction.func,0,0,0,0,0,0,0,0,0,0,0
function@.omp.reduction.func.1,0,0,0,0,0,0,0,0,0,0,0
function@.omp.reduction.func.2,0,0,0,0,0,0,0,0,0,0,0
function@.omp.reduction.func.3,0,0,0,0,0,0,0,0,0,0,0
function@.omp.reduction.func.4,0,0,0,0,0,0,0,0,0,0,0
function@fill2_,0,0,0,0,0,4,0,0,0,0,4
function@fill2_..omp_par.1,2,2,0,3,0,6,1.66667,26.5,2.66667,0,25.5833
function@fill2_..omp_par,3,2,0,4,0,6,14.9167,26.5,3.33333,0,25.5833
