Comando: /home/mpvreal/Code/Faculdade/tcc/llvm/build/bin/llc --march=x86-64 --regalloc=basic -o -
Heurística: div(cost,pow(degree,2))
function@primal_update_flow,0,0,0,0,0,0,0,0,0,0,0
function@set_static_vars,0,0,0,0,0,0,0,0,0,0,0
function@bea_is_dual_infeasible,0,0,0,0,0,0,0,0,0,0,0
function@cost_compare,0,0,0,0,0,1,0,0,0,0,1
function@primal_bea_mpp,2,2,0,3,0,7,16.4762,32.9524,3,0,75.9524
function@refreshArcPointers,0,0,0,0,0,6,0,0,0,0,27.75
function@refreshPositions,2,1,0,1,0,6,1.66667,1,1,0,40
function@marc_arcs,0,0,0,0,0,12,0,0,0,0,7.28571
function@arc_compare,0,0,0,0,0,1,0,0,0,0,1
function@resize_prob,0,0,0,0,0,3,0,0,0,0,2.36
function@insert_new_arc,0,0,0,0,0,6,0,0,0,0,25.25
function@replace_weaker_arc,0,0,0,0,0,9,0,0,0,0,26.75
function@calculate_max_redcost,0,0,0,0,0,6,0,0,0,0,13.3137
function@switch_arcs,8,1,0,8,3,6,894.762,20.2857,24.4762,135.762,2088.1
function@price_out_impl,131,31,0,48,10,41,192.967,50.702,48.4768,4.96027,67.0596
function@suspend_impl,6,4,0,4,1,38,3.66667,2,1.68571,7.5619,57.1619
function@global_opt,0,0,0,0,0,4,0,0,0,0,74.1058
function@main,0,0,0,0,0,5,0,0,0,0,3.4375
function@read_min,69,6,0,11,7,28,38.8085,2.72389,4.88815,3.68029,10.1874
function@primal_start_artificial,0,0,0,0,0,5,0,0,0,0,22.72
function@update_tree,1,3,0,2,1,23,10.2903,41.1935,1.6129,0.612903,203.806
function@refresh_neighbour_lists,0,0,0,0,0,4,0,0,0,0,41.875
function@flow_cost,0,0,0,0,0,3,0,0,0,0,1.96
function@start,0,0,0,0,0,0,0,0,0,0,0
function@getArcPosition,0,0,0,0,0,10,0,0,0,0,7
function@getOriginalArcPosition,0,0,0,0,0,1,0,0,0,0,1
function@flow_org_cost,0,4,0,2,0,3,0,4,2,0,1.96
function@primal_feasible,2,0,0,5,0,5,2,0,2.31915,0,14.7447
function@dual_feasible,0,0,0,0,0,1,0,0,0,0,1
function@getfree,0,0,0,0,0,1,0,0,0,0,1
function@spec_qsort,561,300,0,148,70,168,3433.39,2708.66,115.47,275.98,943.621
function@markBaskets,0,0,0,0,0,4,0,0,0,0,303.222
function@worker,1,7,0,2,0,25,8,9.5,2,0,138.5
function@master,14,8,0,6,0,17,38.6141,22.2044,5.5,0,87.1488
function@primal_net_simplex,0,0,0,0,0,5,0,0,0,0,5
function@write_circulations,0,0,0,0,0,9,0,0,0,0,6.16683
function@write_objective_value,0,0,0,0,0,5,0,0,0,0,3.85714
function@primal_iminus,0,0,0,0,0,8,0,0,0,0,13.4286
