Comando: /home/mpvreal/Code/Faculdade/tcc/llvm/build/bin/llc --march=x86 --regalloc=greedy -o -
Heurística: div(cost,mul(area,degree))
function@set_data_,0,0,0,0,0,0,0,0,0,0,0
function@set_data_tile_,0,0,0,0,0,0,0,0,0,0,0
function@get_3dfld_,67,20,0,45,16,90,12.7609,7.72809,22.5802,6.33621,158.578
function@close_io_,0,0,0,0,0,14,0,0,0,0,3.52679
function@_QMdiag_modPdiag,142,0,0,142,0,6,142,0,142,0,6
function@_QMdiag_modPdiag_tile,380,167,0,243,44,176,57776.6,30443,10932.2,135.465,23270.2
function@_QMmod_mixingPallocate_mixing,168,11,0,44,16,36,167.5,11,41,14,34.5
function@_QMmod_mixingPinitialize_mixing,116,64,0,97,5,107,841839,989204,557702,103.2,1.16834e+06
function@_QMset_zeta_modPset_zeta,31,0,0,31,0,4,31,0,31,0,4
function@_QMset_zeta_modPset_zeta_tile,73,28,0,55,5,44,1506.43,2564.31,897.838,9.70588,2338.81
function@_QMdef_var_modPdef_var,15,5,0,12,0,201,4.87677,0.743131,3.0433,0,182.835
function@_QMnf_fread3d_bry_modPnf_fread3d_bry,91,67,0,91,9,98,547654,598855,115987,55886.9,501847
function@_QMnrutilParray_copy_r,11,4,0,6,1,17,110.32,36.36,4.2,0.32,130.68
function@_QMnrutilParray_copy_d,11,4,0,6,1,17,110.32,36.36,4.2,0.32,130.68
function@_QMnrutilParray_copy_i,8,7,0,6,1,14,79.72,66.96,4.2,0.32,109.64
function@_QMnrutilParth_r,14,52,0,18,30,27,81.4412,2338.63,111.804,1338.15,316.225
function@_QMnrutilParth_d,34,8,0,16,13,26,1120.62,245.882,182.412,459.882,313.412
function@_QMnrutilParth_i,47,13,0,51,3,26,1866.68,376.196,1746.3,76.9216,400.637
function@_QMnrutilPnrerror,0,0,0,0,0,1,0,0,0,0,1
function@_QMnrutilPreallocate_rv,32,13,0,19,0,35,135.156,92.2656,38.8281,0,174.711
function@_QMnrutilPreallocate_iv,21,17,0,17,0,39,99.6094,119.219,32.5781,0,181.938
function@_QMnrutilPreallocate_hv,136,28,0,106,4,84,341.694,109.896,266.053,0.811768,173.708
function@_QMnrutilPreallocate_rm,44,36,0,41,1,41,3303.28,2278.52,849.102,0.3125,2349.66
function@_QMnrutilPreallocate_im,49,33,0,40,1,43,3284.53,1960.08,629.102,0.3125,2962.47
function@_QMlmd_vmix_modPlmd_vmix,153,0,0,153,0,8,153,0,153,0,8
function@_QMlmd_vmix_modPlmd_vmix_tile,892,369,0,446,105,305,505288,224173,132284,29720.6,158161
function@_QMlmd_vmix_modPlmd_finish,62,0,0,62,0,4,62,0,62,0,4
function@_QMlmd_vmix_modPlmd_finish_tile,67,21,0,69,0,52,59369.3,41504.3,18030.4,0,65778.9
function@_QMnf_fwrite3d_bry_modPnf_fwrite3d_bry,155,85,0,115,11,66,475858,449932,230183,20029.9,368662
function@my_wtime_,0,0,0,0,0,0,0,0,0,0,0
function@lmd_swfrac_tile_,84,25,0,50,29,40,9000.4,3530.15,2130.45,3532.25,2762.25
function@_QMstate_initialize_modPstate_initialize,113,63,0,103,1,106,51420.1,1.04008e+06,255649,0.625,715727
function@get_cycle_,20,7,0,13,12,20,67.0073,16.2639,27.8959,48.54,49.8257
function@wrt_info_,298,16,0,288,3,176,5.06094e-06,6.83591e-06,2,1.67638e-07,5.00046
function@_QMt3dmix_modPt3dmix2,146,0,0,146,0,7,146,0,146,0,7
function@_QMt3dmix_modPt3dmix2_tile,919,343,0,479,176,487,1.79449e+07,6.16964e+06,4.40323e+06,3.4696e+06,7.46121e+06
function@_QMini_fields_modPini_fields,225,0,0,224,0,10,225,0,224,0,10
function@_QMini_fields_modPini_fields_tile,450,249,0,339,38,239,312404,574417,193080,656.206,283323
function@_QMini_fields_modPini_zeta,34,0,0,34,0,10,34,0,34,0,10
function@_QMini_fields_modPini_zeta_tile,61,30,0,65,0,61,1593.95,2998.85,806.413,0,1769.52
function@set_scoord_,112,5,0,38,58,68,403.788,23.1765,100.859,112.518,250.553
function@_QMset_3dfld_modPset_3dfld_tile,277,123,0,209,10,197,17792.2,26094.5,7586.97,657.064,28028.4
function@initial_,0,0,0,0,0,2,0,0,0,0,1.62162
function@initial_..omp_par.9,0,0,0,0,0,1,0,0,0,0,1
function@initial_..omp_par.8,4,2,0,5,0,9,60.8125,419.875,23.5625,0,1296.94
function@initial_..omp_par.7,5,3,0,7,0,7,460.75,819.812,823.438,0,884.562
function@initial_..omp_par.6,4,2,0,5,0,9,60.8125,419.875,23.5625,0,1296.94
function@initial_..omp_par.5,4,2,0,5,0,9,60.8125,419.875,23.5625,0,1296.94
function@initial_..omp_par.4,4,2,0,5,0,9,60.8125,419.875,23.5625,0,1296.94
function@initial_..omp_par.3,4,2,0,5,0,9,60.8125,419.875,23.5625,0,1296.94
function@initial_..omp_par.2,4,2,0,5,0,9,60.8125,419.875,23.5625,0,1296.94
function@initial_..omp_par.1,4,2,0,5,0,9,60.8125,419.875,23.5625,0,1296.94
function@initial_..omp_par,0,0,0,0,0,1,0,0,0,0,1
function@lubksb_,17,8,0,17,4,35,408.5,556.9,226.95,19.95,903.2
function@_QMran_statePran_init,0,0,0,0,0,1,0,0,0,0,1
function@_QMran_statePran_seed,0,0,0,0,0,1,0,0,0,0,1
function@_QMmod_gridPallocate_grid,535,81,0,125,39,102,529,81,113,31.5,97.5
function@_QMmod_gridPinitialize_grid,43,62,0,46,1,157,35005.3,58644.6,26380.4,3.96,93648.4
function@_QMpre_step3d_modPpre_step3d,469,3,0,470,0,14,469,3,470,0,14
function@_QMpre_step3d_modPpre_step3d_tile,2773,1543,0,1693,287,1278,1.55483e+07,1.12162e+07,5.15409e+06,491930,8.03089e+06
function@checkdefs_,2,50,0,52,0,411,1.625,50,51.5,0,1941
function@_QQmain,0,0,0,0,0,1,0,0,0,0,1
function@checkvars_,33,16,0,26,3,54,227.921,215.272,226.839,0.21972,582.017
function@get_2dfld_,80,34,0,62,21,101,26.0837,39.953,40.0368,8.96247,182.986
function@_QMnf_fread3d_modPnf_fread3d,113,33,0,76,16,60,5528.07,5658.09,3225.6,954.913,4297.22
function@gasdev_s_,6,0,0,0,6,0,41.75,0,0,3,0
function@gasdev_v_,311,83,0,110,82,152,10027.7,3923.39,2819.63,4294.07,3397.21
function@def_dim_,0,0,0,0,0,5,0,0,0,0,3.21875
function@inp_par_,105,44,0,57,0,83,137.648,122.525,231.025,0,431.279
function@read_phypar_,351,348,0,339,146,1202,16.4514,405.61,22.2033,378.896,172.312
function@decode_line_,38,23,0,29,11,72,14.699,26.8214,16.4286,3.68878,181.066
function@load_i1_,0,0,0,0,0,1,0,0,0,0,0.5
function@load_l1_,0,0,0,0,0,0,0,0,0,0,0
function@load_r1_,0,0,0,0,0,1,0,0,0,0,0.5
function@load_i_,52,7,0,38,22,24,120.294,25.4559,82.1814,45.7745,60.2843
function@load_l_,3,8,0,7,3,13,20.5952,81.1429,51.3333,30.4286,73.8095
function@load_r_,26,5,0,9,21,24,95.0196,25.5588,21.7941,90.7941,58.5196
function@get_varcoords_,70,52,0,72,44,65,26.3696,42.1768,25.2764,3.06982,126.624
function@_QMexchange_2d_modPexchange_p2d_tile,35,27,0,35,0,42,89.9804,125.314,63.549,0,87.902
function@_QMexchange_2d_modPexchange_r2d_tile,35,27,0,35,0,42,89.9804,125.314,63.549,0,87.902
function@_QMexchange_2d_modPexchange_u2d_tile,35,27,0,35,0,42,89.9804,125.314,63.549,0,87.902
function@_QMexchange_2d_modPexchange_v2d_tile,35,27,0,35,0,42,89.9804,125.314,63.549,0,87.902
function@_QMshapiro_modPshapiro2d_tile,179,106,0,130,10,130,5080.94,6131.28,2349.84,212.143,4044.74
function@_QMshapiro_modPshapiro3d_tile,180,133,0,135,13,119,98367.4,128751,45164.4,2526.04,79431.1
function@set_ngfld_,100,37,0,58,12,74,1029.85,897.247,581.365,54.9412,1903.66
function@_QMuv3dmix_modPuv3dmix2,255,0,0,253,0,11,255,0,253,0,11
function@_QMuv3dmix_modPuv3dmix2_tile,597,223,0,443,39,240,980362,438662,229237,52941.4,248600
function@_QMocean_control_modProms_initialize,0,0,0,0,0,2,0,0,0,0,1.20968
function@_QMocean_control_modProms_initialize..omp_par,0,0,0,0,0,1,0,0,0,0,1
function@_QMocean_control_modProms_run,0,0,0,0,0,1,0,0,0,0,1
function@_QMocean_control_modProms_finalize,0,0,0,0,0,1,0,0,0,0,1
function@_QMocean_control_modProms_finalize..omp_par,0,0,0,0,0,1,0,0,0,0,1
function@_QMstep2d_modPstep2d,576,0,0,574,0,9,576,0,574,0,9
function@_QMstep2d_modPstep2d_tile,4041,2007,0,2628,365,1909,93594.6,57567.1,28714.1,5301.85,35197.3
function@_QMmod_forcesPallocate_forces,203,25,0,53,17,44,201,25,49,13.5,41.5
function@_QMmod_forcesPinitialize_forces,58,12,0,29,3,49,55742,33388.5,21455.2,211.325,45685.8
function@_QMnf_fwrite2d_modPnf_fwrite2d,76,28,0,59,2,44,1010.19,563.681,541.167,31.25,582.625
function@_QMu3dbc_modPu3dbc,24,0,0,24,0,3,24,0,24,0,3
function@_QMu3dbc_modPu3dbc_tile,42,26,0,42,0,46,597.259,2531.23,858.074,0,1280.69
function@def_his_,85,42,0,81,5,97,47.1804,38.4446,40.343,3.49618e-07,108.558
function@_QMmetrics_modPmetrics,401,0,0,400,0,34,401,0,400,0,34
function@_QMmetrics_modPmetrics_tile,1489,422,0,702,356,471,53246.2,49080.8,16932.5,8281.61,54563.3
function@_QMt3dbc_modPt3dbc,30,0,0,30,0,3,30,0,30,0,3
function@_QMt3dbc_modPt3dbc_tile,51,30,0,50,0,46,1608.35,3033.7,1061.33,0,1182.72
function@set_weights_,60,19,0,37,20,85,6657.72,1699.66,626.219,1370.47,5810.44
function@_QMnf_fwrite4d_modPnf_fwrite4d,115,41,0,88,6,70,406895,229719,212491,12510.2,247497
function@_QMwvelocity_modPwvelocity,177,0,0,176,0,10,177,0,176,0,10
function@_QMwvelocity_modPwvelocity_tile,810,375,0,458,92,297,456593,336124,135323,9218.64,193397
function@_QMbulk_flux_modPbulk_flux,286,1,0,287,0,11,286,1,287,0,11
function@_QMbulk_flux_modPbulk_flux_tile,1142,184,0,312,451,309,754259,24590.6,24236,318952,66833.3
function@_QMbulk_flux_modPbulk_psiu,22,0,0,0,14,1,11,0,0,7,0.25
function@_QMbulk_flux_modPbulk_psit,15,0,0,0,10,1,7.5,0,0,5.5,0.25
function@_QMnf_fwrite3d_modPnf_fwrite3d,101,38,0,78,4,59,20393.4,11504.4,10646,708.971,12407.1
function@get_state_,94,18,0,103,13,75,2.95688,1.16183,1.70775,1.14349,9.46693
function@_QMutility_modPnrng,28,6,0,13,10,18,21.9432,7.74634,11.869,6.16392,9.25458
function@_QMutility_modPurng,8,3,0,6,0,22,12.7654,9.44444,0.802469,0,63.2593
function@checkadj_,0,4,0,4,0,23,0,4,4,0,21
function@_QManalytical_modPana_btflux,18,0,0,18,0,3,18,0,18,0,3
function@_QManalytical_modPana_btflux_tile,57,33,0,54,0,69,290.546,1621.25,260.031,0,1283.69
function@_QManalytical_modPana_cloud,12,0,0,12,0,4,12,0,12,0,4
function@_QManalytical_modPana_cloud_tile,31,11,0,29,0,35,234.375,1004.53,210.475,0,1221.62
function@_QManalytical_modPana_grid,204,0,0,204,0,13,204,0,204,0,13
function@_QManalytical_modPana_grid_tile,708,253,0,396,131,307,21795.4,17740.2,7937.65,1058.26,13386
function@_QManalytical_modPana_humid,12,0,0,12,0,4,12,0,12,0,4
function@_QManalytical_modPana_humid_tile,31,11,0,29,0,35,234.375,1004.53,210.475,0,1221.62
function@_QManalytical_modPana_initial,156,0,0,156,0,4,78,0,78,0,3.5
function@_QManalytical_modPana_nlminitial_tile,246,94,0,173,8,191,82355.6,85697,30681.2,16386,98430.3
function@_QManalytical_modPana_pair,12,0,0,12,0,4,12,0,12,0,4
function@_QManalytical_modPana_pair_tile,31,11,0,29,0,35,234.375,1004.53,210.475,0,1221.62
function@_QManalytical_modPana_rain,12,0,0,12,0,4,12,0,12,0,4
function@_QManalytical_modPana_rain_tile,31,11,0,29,0,35,234.375,1004.53,210.475,0,1221.62
function@_QManalytical_modPana_srflux,78,0,0,78,0,5,78,0,78,0,5
function@_QManalytical_modPana_srflux_tile,234,34,0,80,87,66,11458,2576.7,592.25,4308.67,3503.18
function@_QManalytical_modPana_stflux,18,0,0,18,0,4,18,0,18,0,4
function@_QManalytical_modPana_stflux_tile,60,30,0,58,0,68,293.546,1620.63,263.368,0,1276.86
function@_QManalytical_modPana_tair,12,0,0,12,0,4,12,0,12,0,4
function@_QManalytical_modPana_tair_tile,31,11,0,29,0,35,234.375,1004.53,210.475,0,1221.62
function@_QManalytical_modPana_winds,38,0,0,38,0,5,38,0,38,0,5
function@_QManalytical_modPana_winds_tile,76,30,0,52,13,47,2680.23,2762.25,864.7,333.15,1788.22
function@_QMbc_bry3d_modPbc_r3d_bry_tile,67,89,0,84,0,175,87.9608,172.206,55.7843,0,166.882
function@_QMbc_bry3d_modPbc_u3d_bry_tile,83,98,0,101,0,178,101.363,194.706,72.5784,0,184.961
function@_QMbc_bry3d_modPbc_v3d_bry_tile,83,99,0,102,0,180,104.216,192.343,74.7059,0,187.578
function@get_data_,0,0,0,0,0,0,0,0,0,0,0
function@_QMstep3d_t_modPstep3d_t,163,0,0,163,0,9,163,0,163,0,9
function@_QMstep3d_t_modPstep3d_t_tile,1415,734,0,874,137,717,2.06437e+07,1.42847e+07,6.84322e+06,1.17108e+06,9.48456e+06
function@_QMmod_netcdfPnetcdf_get_dim,0,0,0,0,0,1,0,0,0,0,1
function@_QMmod_netcdfPnetcdf_check_dim,0,0,0,0,0,1,0,0,0,0,1
function@_QMmod_netcdfPnetcdf_check_var,0,0,0,0,0,1,0,0,0,0,1
function@_QMmod_netcdfPnetcdf_inq_var,0,0,0,0,0,1,0,0,0,0,1
function@_QMmod_netcdfPnetcdf_inq_varid,0,0,0,0,0,1,0,0,0,0,1
function@_QMmod_netcdfPnetcdf_get_fatt,0,0,0,0,0,1,0,0,0,0,1
function@_QMmod_netcdfPnetcdf_get_fvar_0d,0,0,0,0,0,1,0,0,0,0,1
function@_QMmod_netcdfPnetcdf_get_fvar_1d,0,0,0,0,0,1,0,0,0,0,1
function@_QMmod_netcdfPnetcdf_get_fvar_2d,0,0,0,0,0,1,0,0,0,0,1
function@_QMmod_netcdfPnetcdf_get_fvar_3d,0,0,0,0,0,1,0,0,0,0,1
function@_QMmod_netcdfPnetcdf_get_fvar_4d,0,0,0,0,0,1,0,0,0,0,1
function@_QMmod_netcdfPnetcdf_get_ivar_0d,0,0,0,0,0,1,0,0,0,0,1
function@_QMmod_netcdfPnetcdf_get_ivar_1d,0,0,0,0,0,1,0,0,0,0,1
function@_QMmod_netcdfPnetcdf_get_ivar_2d,0,0,0,0,0,1,0,0,0,0,1
function@_QMmod_netcdfPnetcdf_get_svar_0d,0,0,0,0,0,1,0,0,0,0,1
function@_QMmod_netcdfPnetcdf_get_svar_1d,0,0,0,0,0,1,0,0,0,0,1
function@_QMmod_netcdfPnetcdf_put_fvar_0d,0,0,0,0,0,1,0,0,0,0,1
function@_QMmod_netcdfPnetcdf_put_fvar_1d,0,0,0,0,0,1,0,0,0,0,1
function@_QMmod_netcdfPnetcdf_put_fvar_2d,0,0,0,0,0,1,0,0,0,0,1
function@_QMmod_netcdfPnetcdf_put_fvar_3d,0,0,0,0,0,1,0,0,0,0,1
function@_QMmod_netcdfPnetcdf_put_fvar_4d,0,0,0,0,0,1,0,0,0,0,1
function@_QMmod_netcdfPnetcdf_put_ivar_0d,0,0,0,0,0,1,0,0,0,0,1
function@_QMmod_netcdfPnetcdf_put_ivar_1d,0,0,0,0,0,1,0,0,0,0,1
function@_QMmod_netcdfPnetcdf_put_ivar_2d,0,0,0,0,0,1,0,0,0,0,1
function@_QMmod_netcdfPnetcdf_put_lvar_0d,0,0,0,0,0,1,0,0,0,0,1
function@_QMmod_netcdfPnetcdf_put_lvar_1d,0,0,0,0,0,1,0,0,0,0,1
function@_QMmod_netcdfPnetcdf_put_lvar_2d,0,0,0,0,0,1,0,0,0,0,1
function@_QMmod_netcdfPnetcdf_put_svar_0d,0,0,0,0,0,1,0,0,0,0,1
function@_QMmod_netcdfPnetcdf_put_svar_1d,0,0,0,0,0,1,0,0,0,0,1
function@_QMmod_netcdfPnetcdf_close,0,0,0,0,0,1,0,0,0,0,1
function@_QMmod_netcdfPnetcdf_create,0,0,0,0,0,1,0,0,0,0,1
function@_QMmod_netcdfPnetcdf_enddef,0,0,0,0,0,1,0,0,0,0,1
function@_QMmod_netcdfPnetcdf_open,0,0,0,0,0,1,0,0,0,0,1
function@_QMmod_netcdfPnetcdf_redef,0,0,0,0,0,1,0,0,0,0,1
function@_QMmod_netcdfPnetcdf_sync,0,0,0,0,0,1,0,0,0,0,1
function@_QMlmd_skpp_modPlmd_skpp,363,0,0,361,0,14,363,0,361,0,14
function@_QMlmd_skpp_modPlmd_skpp_tile,2434,1045,0,1255,319,986,1.03879e+06,554092,228336,112467,371723
function@_QMnf_fread4d_modPnf_fread4d,116,44,0,88,22,68,111318,119702,66057.4,19594.8,88236.4
function@wclock_on_,2,1,0,2,0,3,1.38095,1,2,0,14.1429
function@wclock_off_,7,1,0,3,2,4,3.7619,0.714286,3,1.09524,2.80952
function@mod_arrays_,0,0,0,0,0,3,0,0,0,0,2.33333
function@mod_arrays_..omp_par,3,3,0,7,0,5,33.375,819.812,827.75,0,472.188
function@_QMinterpolate_modPlinterp2d,5,8,0,12,1,20,652.25,1624.75,659.25,19.9375,2705.38
function@_QMinterpolate_modPcinterp2d,162,20,0,21,85,29,32052.2,4024.75,2609.19,16719.9,3705.44
function@_QMinterpolate_modPhindices,113,14,0,38,27,56,12614.8,1768.15,4220.21,866.765,9343.91
function@_QMinterpolate_modPtry_range,216,108,0,120,21,105,482.359,498.966,234.994,5.72528,308.403
function@_QMinterpolate_modPinside,23,3,0,10,8,16,261.186,6.84884,17.2093,66.5116,319.954
function@_QMbc_3d_modPbc_r3d_tile,116,54,0,91,6,78,627.222,1831.05,632.988,63.1358,1550.85
function@_QMbc_3d_modPbc_u3d_tile,71,38,0,68,0,65,910.827,1570.07,484.247,0,1309.85
function@_QMbc_3d_modPbc_v3d_tile,81,31,0,69,0,66,230.827,1006.53,217.395,0,1346.88
function@_QMbc_3d_modPbc_w3d_tile,116,54,0,91,6,78,627.222,1831.05,632.988,63.1358,1550.85
function@wrt_his_,390,79,0,409,16,125,49.7239,30.6706,22.7453,0.273668,29.0451
function@_QMmod_couplingPallocate_coupling,93,15,0,29,8,25,91.5,15,26,6.5,23.5
function@_QMmod_couplingPinitialize_coupling,27,3,0,23,2,32,2699.55,614.325,1051.95,6.55,2895.88
function@_QMnf_fwrite2d_bry_modPnf_fwrite2d_bry,119,50,0,80,8,52,27736.4,23142.6,16675.8,2150.92,21234.8
function@_QMwhite_noise_modPwhite_noise1d,93,42,0,55,21,100,59.3998,103.155,55.0065,11.6686,132.191
function@_QMwhite_noise_modPwhite_noise2d,111,50,0,68,23,121,1544.6,1501.49,904.555,668.857,3539.62
function@_QMwhite_noise_modPwhite_noise2d_bry,101,44,0,60,21,108,74.3844,101.917,55.4348,11.7077,153.657
function@_QMwhite_noise_modPwhite_noise3d,170,78,0,127,30,164,26117.4,30474,10656,5259.16,41315.6
function@_QMwhite_noise_modPwhite_noise3d_bry,157,67,0,108,32,126,1380.76,2189.7,1147.28,281.013,2274.82
function@get_ngfld_,59,37,0,61,18,85,62.2784,30.0248,65.0121,3.34703,146.478
function@regrid_,34,48,0,34,3,62,684.508,565.281,248,0.3125,437.914
function@_QMv3dbc_modPv3dbc,24,0,0,24,0,3,24,0,24,0,3
function@_QMv3dbc_modPv3dbc_tile,41,22,0,37,0,38,697.926,1239.28,251.222,0,1269.7
function@_QMstate_dotprod_modPstate_dotprod,217,119,0,201,12,135,859054,1.02936e+06,389306,80.3,656927
function@get_bounds_,0,0,0,0,0,1,0,0,0,0,1
function@get_domain_,0,0,0,0,0,5,0,0,0,0,2.07059
function@get_iobounds_,0,0,0,0,0,1,0,0,0,0,1
function@get_tile_,2,0,0,2,0,10,1.28,0,1.28,0,5.76
function@tile_bounds_1d_,0,0,0,0,0,2,0,0,0,0,0.75
function@tile_bounds_2d_,2,0,0,2,0,5,2,0,2,0,4
function@var_bounds_,0,0,0,0,0,0,0,0,0,0,0
function@_QMset_massflux_modPset_massflux,134,0,0,134,0,4,134,0,134,0,4
function@_QMset_massflux_modPset_massflux_tile,113,72,0,121,4,74,118584,149288,47894.5,267.833,85186.3
function@_QMzetabc_modPzetabc,18,0,0,18,0,3,18,0,18,0,3
function@_QMzetabc_modPzetabc_tile,34,23,0,34,0,50,74.6078,76.2549,43.8431,0,76.1176
function@_QMbc_2d_modPbc_r2d_tile,103,42,0,49,6,74,41.247,79.9218,49.7457,1.59413,112.274
function@_QMbc_2d_modPbc_u2d_tile,47,23,0,36,0,55,76.4706,72.2549,40.7647,0,97.8039
function@_QMbc_2d_modPbc_v2d_tile,60,22,0,32,1,64,25.3765,41.5183,13.4621,0.0366748,82.8215
function@_QMnf_fread2d_modPnf_fread2d,506,87,0,334,13,141,197.502,196.098,142.701,39.5952,195.909
function@_QMv2dbc_modPv2dbc,18,0,0,18,0,3,18,0,18,0,3
function@_QMv2dbc_modPv2dbc_tile,22,14,0,17,0,37,45.2745,50.6275,7.70588,0,77.4314
function@_QMrhs3d_modPrhs3d,368,0,0,366,0,7,368,0,366,0,7
function@_QMrhs3d_modPrhs3d_tile,2939,1456,0,1618,321,1113,1.81361e+06,1.13106e+06,654956,79382.9,687315
function@def_rst_,0,0,0,0,0,1,0,0,0,0,1
function@_QMmod_paramPinitialize_param,0,0,0,0,0,0,0,0,0,0,0
function@_QMset_2dfld_modPset_2dfld_tile,211,90,0,146,9,161,737.998,1435.16,474.971,34.1478,1286.79
function@_QMrho_eos_modPrho_eos,210,0,0,210,0,8,210,0,210,0,8
function@_QMrho_eos_modPrho_eos_tile,1639,319,0,353,772,404,2.50998e+06,271645,135756,1.44973e+06,386594
function@_QMstiffness_modPstiffness,50,0,0,50,0,2,50,0,50,0,2
function@_QMstiffness_modPstiffness_tile,200,54,0,122,19,169,123610,61752.3,19707.6,1007.91,157132
function@_QMprsgrd_modPprsgrd,156,0,0,156,0,6,156,0,156,0,6
function@_QMprsgrd_modPprsgrd_tile,1095,487,0,623,181,493,1.31128e+06,540776,290990,285953,496522
function@_QMu2dbc_modPu2dbc,18,0,0,18,0,3,18,0,18,0,3
function@_QMu2dbc_modPu2dbc_tile,26,26,0,32,0,46,58.8235,91.2549,43.3726,0,79
function@def_info_,20,4,0,10,0,199,29.0627,14.2969,33.8125,0,324.246
function@_QMstate_scale_modPstate_scale,130,65,0,114,1,106,713948,1.0452e+06,482169,0.625,715727
function@_QMmod_ncparamPinitialize_ncparam,423,138,0,169,41,283,2217.2,2050.71,1875.68,47.7622,4011.89
function@_QMmod_scalarsPinitialize_scalars,53,42,0,61,8,75,204,441.941,176.686,5.41176,465.667
function@_QMnf_fread2d_bry_modPnf_fread2d_bry,71,54,0,64,5,65,27492.6,32115.9,10149.2,235.413,26108.2
function@_QMstate_addition_modPstate_addition,152,101,0,151,3,111,1.061e+06,1.8516e+06,489562,1.425,828951
function@wrt_rst_,119,42,0,158,12,47,2.9809,3.30715,6.10838,0.278568,4.3342
function@_QMomega_modPomega,77,0,0,77,0,6,77,0,77,0,6
function@_QMomega_modPomega_tile,297,160,0,177,22,159,156493,123745,57598.6,1182,84045.5
function@_QMomega_modPscale_omega,93,47,0,81,5,65,50440.7,61167.8,14871.2,630.077,39081.5
function@_QMextract_sta_modPextract_sta2d,124,64,0,67,28,99,304.206,89.7843,53.1373,104.137,224.118
function@_QMextract_sta_modPextract_sta3d,610,197,0,398,110,338,729.267,196.554,309.939,136.906,390.892
function@checkerror_,1,0,0,1,0,3,1,0,1,0,1.85714
function@output_,0,1,0,1,0,8,0,0.118321,0.118321,0,5.57252
function@_QMexchange_3d_modPexchange_p3d_tile,55,41,0,65,0,69,1305.77,3362.26,1283.75,0,2405.69
function@_QMexchange_3d_modPexchange_r3d_tile,55,41,0,65,0,69,1305.77,3362.26,1283.75,0,2405.69
function@_QMexchange_3d_modPexchange_u3d_tile,55,41,0,65,0,69,1305.77,3362.26,1283.75,0,2405.69
function@_QMexchange_3d_modPexchange_v3d_tile,55,41,0,65,0,69,1305.77,3362.26,1283.75,0,2405.69
function@_QMexchange_3d_modPexchange_w3d_tile,55,41,0,65,0,69,1305.77,3362.26,1283.75,0,2405.69
function@get_date_,0,1,0,1,0,3,0,1,1,0,3
function@day_code_,53,21,0,43,31,23,325.96,17.28,322.76,10.6,77.52
function@caldate_,10,0,0,0,7,19,2.2346,0,0,1.36364,2.87976
function@ref_att_,6,3,0,3,4,4,6,3,3,4,3
function@time_string_,0,1,0,1,0,8,0,1,1,0,8
function@_QMset_vbc_modPset_vbc,147,0,0,147,0,4,147,0,147,0,4
function@_QMset_vbc_modPset_vbc_tile,127,101,0,155,0,119,11035.5,15723.5,6297.73,0,8494.25
function@_QMset_depth_modPset_depth,84,0,0,84,0,5,84,0,84,0,5
function@_QMset_depth_modPset_depth_tile,353,147,0,203,63,169,93515.2,51613.3,22812.1,4051.37,26765.2
function@_QMstate_product_modPstate_product,332,174,0,256,32,199,1.11869e+06,1.52241e+06,380373,120603,985385
function@_QMstrings_modPfind_string,2,1,0,3,0,2,19.6154,10.1538,20.9231,0,19.9615
function@_QMstrings_modPlowercase,2,0,0,2,0,10,20.9375,0,20.9375,0,84.25
function@_QMstrings_modPuppercase,2,0,0,2,0,10,20.9375,0,20.9375,0,84.25
function@_QMstep3d_uv_modPstep3d_uv,337,0,0,336,0,11,337,0,336,0,11
function@_QMstep3d_uv_modPstep3d_uv_tile,2557,1260,0,1196,333,952,1.44709e+06,995292,472229,46993.8,591488
function@ludcmp_,98,43,0,56,16,71,13483.8,12720.3,8612,272.721,10421.4
function@_QMstate_copy_modPstate_copy,138,91,0,143,3,109,511518,1.61998e+06,263054,1.425,828950
function@ran1_s_,0,0,0,0,0,1,0,0,0,0,1
function@ran1_v_,0,0,0,0,0,1,0,0,0,0,1
function@_QMmod_parallelPinitialize_parallel,0,0,0,0,0,4,0,0,0,0,4
function@main3d_,1,0,0,1,0,6,0.996094,0,0.996094,0,5.17188
function@main3d_..omp_par.13,4,2,0,5,0,9,60.8125,419.875,23.5625,0,1296.94
function@main3d_..omp_par.12,4,2,0,5,0,10,60.8125,259.875,23.5625,0,821.875
function@main3d_..omp_par.11,4,2,0,5,0,10,60.8125,259.875,23.5625,0,821.875
function@main3d_..omp_par.10,4,2,0,5,0,9,60.8125,419.875,23.5625,0,1296.94
function@main3d_..omp_par.9,4,2,0,5,0,10,60.8125,259.875,23.5625,0,821.875
function@main3d_..omp_par.8,4,2,0,5,0,10,60.8125,259.875,23.5625,0,821.875
function@main3d_..omp_par.7,4,2,0,5,0,10,60.8125,259.875,23.5625,0,821.875
function@main3d_..omp_par.6,4,2,0,5,0,9,60.8125,419.875,23.5625,0,1296.94
function@main3d_..omp_par.5,5,2,0,6,0,10,300.75,259.875,263.5,0,821.875
function@main3d_..omp_par.4,5,3,0,7,0,7,460.75,819.812,823.438,0,884.562
function@main3d_..omp_par.3,5,3,0,7,0,7,460.75,819.812,823.438,0,884.562
function@main3d_..omp_par.2,4,2,0,5,0,10,60.8125,259.875,23.5625,0,821.875
function@main3d_..omp_par.1,4,2,0,5,0,9,60.8125,419.875,23.5625,0,1296.94
function@main3d_..omp_par,4,2,0,5,0,9,60.8125,419.875,23.5625,0,1296.94
function@_QMbc_bry2d_modPbc_r2d_bry_tile,7,4,0,3,0,22,2.32812,2,2.23438,0,8.21875
function@_QMbc_bry2d_modPbc_u2d_bry_tile,10,4,0,5,0,25,3.03125,2,3.46875,0,9.6875
function@_QMbc_bry2d_modPbc_v2d_bry_tile,8,10,0,3,0,31,2.5625,3.40625,3,0,11.0938
function@_QMmod_oceanPallocate_ocean,225,17,0,69,20,56,223,17,67,15.5,52.5
function@_QMmod_oceanPinitialize_ocean,108,61,0,64,0,74,1.22764e+06,589845,383196,0,414467
