Comando: /home/mpvreal/Code/Faculdade/tcc/llvm/build/bin/llc --march=x86-64 --regalloc=greedy --priority-function=original -o -
Heurística: original
function@init_encoder,0,0,0,0,0,13,0,0,0,0,11.4
function@uncompressStream,2,0,0,1,0,14,1.04718,0,1,0,13.4024
function@compressStream,2,0,0,1,0,23,0.804878,0,1,0,19.161
function@set_exit_status,0,0,0,0,0,0,0,0,0,0,0
function@list_totals,0,0,0,0,0,21,0,0,0,0,5.0625
function@list_file,32,15,0,35,2,217,0.593838,0.0351872,0.957524,0.000193477,29.9826
function@get_check_names,0,0,0,0,0,2,0,0,0,0,1.5
function@print_adv_helper,0,0,0,0,0,17,0,0,0,0,17
function@parse_details,0,0,0,0,0,14,0,0,0,0,7.30456
function@options_delta,4,0,0,3,0,14,7.55,0,1.8,0,529.45
function@options_bcj,4,0,0,3,0,14,7.55,0,1.8,0,534.15
function@options_lzma,8,0,0,3,0,24,13.4,0,1.8,0,582
function@set_lzma,0,0,0,0,0,8,0,0,0,0,2.38558
function@hardware_threadlimit_set,0,0,0,0,0,0,0,0,0,0,0
function@hardware_threadlimit_get,0,0,0,0,0,0,0,0,0,0,0
function@hardware_memlimit_set,0,0,0,0,0,2,0,0,0,0,1.5
function@hardware_memlimit_get,0,0,0,0,0,0,0,0,0,0,0
function@hardware_memlimit_show,0,0,0,0,0,0,0,0,0,0,0
function@coder_set_check,0,0,0,0,0,0,0,0,0,0,0
function@coder_set_preset,0,0,0,0,0,1,0,0,0,0,21.25
function@coder_set_extreme,0,0,0,0,0,1,0,0,0,0,21.25
function@coder_add_filter,0,0,0,0,0,2,0,0,0,0,2
function@coder_set_compression_settings,0,0,0,0,0,21,0,0,0,0,41.1667
function@coder_run,0,0,0,0,0,36,0,0,0,0,7.44216
function@is_format_lzma,0,0,0,0,0,7,0,0,0,0,1.55664
function@xrealloc,0,0,0,0,0,7,0,0,0,0,5.14286
function@xstrdup,0,0,0,0,0,9,0,0,0,0,8.38095
function@str_to_uint64,2,0,0,4,0,16,0.173502,0,0.170347,0,8.8612
function@round_up_to_mib,0,0,0,0,0,1,0,0,0,0,1
function@uint64_to_str,0,0,0,0,0,3,0,0,0,0,3
function@uint64_to_nicestr,0,0,0,0,0,5,0,0,0,0,4
function@my_snprintf,0,0,0,0,0,2,0,0,0,0,2
function@is_empty_filename,0,0,0,0,0,0,0,0,0,0,0
function@io_open_src,0,0,0,0,0,6,0,0,0,0,11.3412
function@io_open_dest,0,0,0,0,0,5,0,0,0,0,3.7619
function@io_close,0,0,0,0,0,10,0,0,0,0,5.75866
function@io_read,0,0,0,0,0,9,0,0,0,0,21.3846
function@io_pread,0,0,0,0,0,13,0,0,0,0,15.6923
function@io_write,0,0,0,0,0,14,0,0,0,0,17.7148
function@message_verbosity_increase,0,0,0,0,0,0,0,0,0,0,0
function@message_verbosity_decrease,0,0,0,0,0,0,0,0,0,0,0
function@message_verbosity_get,0,0,0,0,0,0,0,0,0,0,0
function@message_strm,0,0,0,0,0,0,0,0,0,0,0
function@message_mem_needed,0,0,0,0,0,8,0,0,0,0,2.59375
function@message_filters_to_str,1,1,0,8,0,4,4,2,4.625,0,10
function@message_filters_show,0,0,0,0,0,2,0,0,0,0,0.117645
function@message_version,0,0,0,0,0,2,0,0,0,0,1
function@message_help,0,0,0,0,0,2,0,0,0,0,2
function@sha_init,0,0,0,0,0,0,0,0,0,0,0
function@sha_process,0,0,0,0,0,18,0,0,0,0,69.6249
function@sha_compress,1,0,0,1,0,79,1,0,1,0,2528
function@sha_done,0,0,0,0,0,6,0,0,0,0,4.96774
function@spec_mem_init,0,0,0,0,0,19,0,0,0,0,54.2314
function@spec_mem_sum,0,0,0,0,0,6,0,0,0,0,28.625
function@spec_mem_load,17,1,0,7,0,41,11.2651,0.999996,6.99998,0,140.468
function@fd_grow,0,0,0,0,0,10,0,0,0,0,4
function@spec_uncompress,0,0,0,0,0,0,0,0,0,0,0
function@compare_sum,0,0,0,0,0,4,0,0,0,0,3.01515
function@print_sum,0,0,0,0,0,4,0,0,0,0,18.9375
function@spec_mem_read,0,0,0,0,0,23,0,0,0,0,10.5882
function@spec_mem_fread,1,0,0,1,0,28,0.499999,0,0.499999,0,13.25
function@spec_mem_getc,0,0,0,0,0,15,0,0,0,0,6.25
function@spec_mem_ungetc,0,0,0,0,0,15,0,0,0,0,7.5
function@spec_mem_lseek,0,0,0,0,0,21,0,0,0,0,9.72059
function@spec_mem_rewind,0,0,0,0,0,9,0,0,0,0,7.5
function@spec_mem_reset,0,0,0,0,0,7,0,0,0,0,5
function@spec_mem_get_length,0,0,0,0,0,8,0,0,0,0,4.52941
function@spec_mem_fopen,0,0,0,0,0,26,0,0,0,0,9.41361
function@spec_mem_open,0,0,0,0,0,32,0,0,0,0,10.5588
function@spec_mem_write,0,0,0,0,0,24,0,0,0,0,41.6765
function@spec_mem_fwrite,2,0,0,2,0,24,2,0,2,0,44.4999
function@spec_mem_putc,0,0,0,0,0,17,0,0,0,0,8
function@spec_mem_feof,0,0,0,0,0,8,0,0,0,0,4
function@spec_mem_close,0,0,0,0,0,7,0,0,0,0,3.17647
function@spec_compress,0,0,0,0,0,0,0,0,0,0,0
function@sum_str_to_hex,0,0,0,0,0,4,0,0,0,0,4
function@spec_mem_alloc_fds,0,0,0,0,0,5,0,0,0,0,3.94118
function@spec_mem_free_fds,0,0,0,0,0,5,0,0,0,0,3.5
function@lzma_delta_coder_init,0,0,0,0,0,6,0,0,0,0,3.56962
function@delta_coder_end,0,0,0,0,0,6,0,0,0,0,6
function@lzma_delta_coder_memusage,0,0,0,0,0,0,0,0,0,0,0
function@lzma_delta_decoder_init,0,0,0,0,0,0,0,0,0,0,0
function@delta_decode,0,0,0,0,0,16,0,0,0,0,5.21875
function@lzma_delta_props_decode,0,0,0,0,0,2,0,0,0,0,2
function@lzma_delta_encoder_init,0,0,0,0,0,0,0,0,0,0,0
function@delta_encode,6,2,0,8,0,33,0.659341,0.175824,0.849817,0,21.6081
function@delta_encoder_update,0,0,0,0,0,0,0,0,0,0,0
function@lzma_delta_props_encode,0,0,0,0,0,3,0,0,0,0,3
function@lzma_lz_decoder_init,0,0,0,0,0,13,0,0,0,0,6.24901
function@lz_decode,30,1,0,12,0,18,759.917,0.100821,10.8558,0,562.958
function@lz_decoder_end,0,0,0,0,0,8,0,0,0,0,7
function@lzma_lz_decoder_memusage,0,0,0,0,0,0,0,0,0,0,0
function@lzma_lz_decoder_uncompressed,0,0,0,0,0,1,0,0,0,0,1
function@lzma_mf_find,0,0,0,0,0,8,0,0,0,0,6.70192
function@lzma_mf_hc3_find,5,2,0,6,0,14,1.81557,1.71107,2.69467,0,31.7275
function@lzma_mf_hc3_skip,0,0,0,0,0,1,0,0,0,0,1.75
function@lzma_mf_hc4_find,6,2,0,4,0,12,7.17847,1.12465,1.94901,0,14.7224
function@lzma_mf_hc4_skip,0,0,0,0,0,1,0,0,0,0,1.75
function@lzma_mf_bt2_find,19,3,0,16,1,15,31.52,4.656,14.656,0.312,62.248
function@lzma_mf_bt2_skip,9,0,0,7,0,8,159.053,0,126.842,0,150.842
function@lzma_mf_bt3_find,27,0,0,15,0,21,29.8217,0,12.3991,0,32.7262
function@lzma_mf_bt3_skip,9,0,0,7,0,8,159.053,0,126.842,0,150.842
function@lzma_mf_bt4_find,34,5,0,19,0,20,23.0291,4.55819,10.7021,0,19.3178
function@lzma_mf_bt4_skip,9,0,0,7,0,9,159.053,0,126.842,0,170.842
function@lzma_lz_encoder_memusage,0,0,0,0,0,2,0,0,0,0,2
function@lz_encoder_prepare,0,0,0,0,0,14,0,0,0,0,5.17493
function@lzma_lz_encoder_init,0,0,0,0,0,14,0,0,0,0,6.32767
function@lz_encode,8,0,0,5,0,17,20.1256,0,4.68609,0,59.478
function@lz_encoder_end,0,0,0,0,0,9,0,0,0,0,8
function@lz_encoder_update,0,0,0,0,0,7,0,0,0,0,4.32353
function@lzma_mf_is_supported,0,0,0,0,0,1,0,0,0,0,1
function@lzma_lzma2_decoder_init,0,0,0,0,0,0,0,0,0,0,0
function@lzma2_decoder_init,0,0,0,0,0,8,0,0,0,0,6.94643
function@lzma_lzma2_decoder_memusage,0,0,0,0,0,0,0,0,0,0,0
function@lzma_lzma2_props_decode,0,0,0,0,0,3,0,0,0,0,2.07843
function@lzma2_decode,5,0,0,3,0,22,3.15514,0,2.80438,0,67.217
function@lzma2_decoder_end,0,0,0,0,0,5,0,0,0,0,5
function@lzma_lzma_encode,15,0,0,3,0,53,10.8768,0,2.46484,0,185.169
function@rc_encode,0,0,0,0,0,6,0,0,0,0,3.11547
function@lzma_lzma_encoder_reset,0,0,0,0,0,47,0,0,0,0,4.90381
function@lzma_lzma_encoder_create,0,0,0,0,0,5,0,0,0,0,3.94643
function@lzma_lzma_encoder_init,0,0,0,0,0,0,0,0,0,0,0
function@lzma_encoder_init,0,0,0,0,0,0,0,0,0,0,0
function@lzma_lzma_encoder_memusage,0,0,0,0,0,1,0,0,0,0,0.0312499
function@lzma_lzma_lclppb_encode,0,0,0,0,0,0,0,0,0,0,0
function@lzma_lzma_props_encode,0,0,0,0,0,0,0,0,0,0,0
function@lzma_mode_is_supported,0,0,0,0,0,0,0,0,0,0,0
function@match,0,0,0,0,0,24,0,0,0,0,15.4521
function@length,0,0,0,0,0,10,0,0,0,0,2.54762
function@length_update_prices,0,0,0,0,0,26,0,0,0,0,2178.33
function@lzma_encode,0,0,0,0,0,0,0,0,0,0,0
function@lzma_lzma_optimum_normal,193,45,0,90,1,183,99.67,36.0559,15.8663,0.0288318,800.162
function@lzma_lzma_optimum_fast,18,4,0,5,1,67,0.441556,0.206909,1.09502,0.25,10.1714
function@lzma_lzma2_encoder_init,0,0,0,0,0,0,0,0,0,0,0
function@lzma2_encoder_init,0,0,0,0,0,7,0,0,0,0,5.28571
function@lzma_lzma2_encoder_memusage,0,0,0,0,0,0,0,0,0,0,0
function@lzma_lzma2_props_encode,0,0,0,0,0,5,0,0,0,0,5
function@lzma2_encode,33,0,0,10,0,14,52.3062,0,6.5,0,22.4427
function@lzma2_encoder_end,0,0,0,0,0,5,0,0,0,0,5
function@lzma2_encoder_options_update,0,0,0,0,0,0,0,0,0,0,0
function@lzma_lzma_preset,0,0,0,0,0,2,0,0,0,0,1.75
function@lzma_lzma_decoder_create,0,0,0,0,0,3,0,0,0,0,3
function@lzma_decode,342,22,0,172,0,1097,63.5205,8.67617,46.6425,0,290.061
function@lzma_decoder_reset,0,0,0,0,0,42,0,0,0,0,109.453
function@lzma_decoder_uncompressed,0,0,0,0,0,0,0,0,0,0,0
function@lzma_lzma_decoder_init,0,0,0,0,0,0,0,0,0,0,0
function@lzma_decoder_init,0,0,0,0,0,5,0,0,0,0,3.15165
function@lzma_lzma_lclppb_decode,0,0,0,0,0,1,0,0,0,0,0.5
function@lzma_lzma_decoder_memusage_nocheck,0,0,0,0,0,0,0,0,0,0,0
function@lzma_lzma_decoder_memusage,0,0,0,0,0,0,0,0,0,0,0
function@lzma_lzma_props_decode,0,0,0,0,0,8,0,0,0,0,5.09804
function@lzma_simple_armthumb_encoder_init,0,0,0,0,0,0,0,0,0,0,0
function@lzma_simple_armthumb_decoder_init,0,0,0,0,0,0,0,0,0,0,0
function@armthumb_code,0,0,0,0,0,12,0,0,0,0,51.625
function@lzma_simple_x86_encoder_init,0,0,0,0,0,2,0,0,0,0,2
function@lzma_simple_x86_decoder_init,0,0,0,0,0,2,0,0,0,0,2
function@x86_code,0,0,0,0,0,14,0,0,0,0,190.562
function@lzma_simple_powerpc_encoder_init,0,0,0,0,0,0,0,0,0,0,0
function@lzma_simple_powerpc_decoder_init,0,0,0,0,0,0,0,0,0,0,0
function@powerpc_code,0,0,0,0,0,13,0,0,0,0,53.5938
function@lzma_simple_coder_init,4,0,0,2,0,10,0.461538,0,0.747253,0,6.41758
function@simple_code,19,1,0,5,0,32,1.31956,0.0743802,2.8843,0,6.93939
function@simple_coder_end,0,0,0,0,0,7,0,0,0,0,7
function@simple_coder_update,0,0,0,0,0,0,0,0,0,0,0
function@lzma_simple_props_decode,0,0,0,0,0,7,0,0,0,0,4.4902
function@lzma_simple_ia64_encoder_init,0,0,0,0,0,0,0,0,0,0,0
function@lzma_simple_ia64_decoder_init,0,0,0,0,0,0,0,0,0,0,0
function@ia64_code,0,0,0,0,0,23,0,0,0,0,138.562
function@lzma_simple_sparc_encoder_init,0,0,0,0,0,0,0,0,0,0,0
function@lzma_simple_sparc_decoder_init,0,0,0,0,0,0,0,0,0,0,0
function@sparc_code,0,0,0,0,0,9,0,0,0,0,29.4375
function@lzma_simple_props_size,0,0,0,0,0,0,0,0,0,0,0
function@lzma_simple_props_encode,0,0,0,0,0,0,0,0,0,0,0
function@lzma_simple_arm_encoder_init,0,0,0,0,0,0,0,0,0,0,0
function@lzma_simple_arm_decoder_init,0,0,0,0,0,0,0,0,0,0,0
function@arm_code,0,0,0,0,0,6,0,0,0,0,31.8125
function@lzma_block_header_size,0,0,0,0,0,2,0,0,0,0,1.23438
function@lzma_block_header_encode,0,0,0,0,0,20,0,0,0,0,5.08412
function@lzma_easy_decoder_memusage,0,0,0,0,0,2,0,0,0,0,2
function@lzma_index_decoder,0,0,0,0,0,10,0,0,0,0,7.35714
function@index_decoder_init,0,0,0,0,0,10,0,0,0,0,6.09734
function@lzma_index_buffer_decode,1,0,0,1,0,13,0.0781249,0,0.15625,0,6.13542
function@index_decode,10,1,0,5,0,19,4.90266,1.55752,2.49263,0,20.2183
function@index_decoder_end,0,0,0,0,0,5,0,0,0,0,5
function@index_decoder_memconfig,0,0,0,0,0,4,0,0,0,0,4
function@lzma_block_buffer_bound,0,0,0,0,0,0,0,0,0,0,0
function@lzma_block_buffer_encode,6,0,0,2,0,33,0.0226196,0,0.0240324,0,6.12434
function@block_encode_normal,7,0,0,4,0,17,0.130859,0,0.390625,0,6.74414
function@block_encode_uncompressed,4,1,0,1,0,14,0.114258,0.1875,1,0,7.95703
function@lzma_stream_decoder_init,0,0,0,0,0,11,0,0,0,0,6.17033
function@stream_decode,22,0,0,8,0,41,13.9559,0,8,0,28.81
function@stream_decoder_end,0,0,0,0,0,6,0,0,0,0,6
function@stream_decoder_get_check,0,0,0,0,0,0,0,0,0,0,0
function@stream_decoder_memconfig,0,0,0,0,0,0,0,0,0,0,0
function@lzma_stream_decoder,0,0,0,0,0,10,0,0,0,0,7.35714
function@lzma_stream_buffer_decode,2,0,0,2,0,16,0.0146484,0,0.0292969,0,7.1831
function@lzma_block_header_decode,3,0,0,1,0,22,0.382176,0,0.02215,0,5.91371
function@free_properties,0,0,0,0,0,6,0,0,0,0,6
function@lzma_raw_buffer_encode,1,0,0,1,0,13,0.0468749,0,0.0937499,0,6.8125
function@lzma_filter_decoder_is_supported,0,0,0,0,0,0,0,0,0,0,0
function@decoder_find,0,0,0,0,0,0,0,0,0,0,0
function@lzma_raw_decoder_init,0,0,0,0,0,0,0,0,0,0,0
function@lzma_raw_decoder,0,0,0,0,0,9,0,0,0,0,6.21429
function@lzma_raw_decoder_memusage,0,0,0,0,0,1,0,0,0,0,1
function@lzma_properties_decode,0,0,0,0,0,0,0,0,0,0,0
function@lzma_stream_encoder_init,0,0,0,0,0,11,0,0,0,0,6.56036
function@stream_encode,20,0,0,10,0,21,19.1321,0,7.5,0,17.3351
function@stream_encoder_end,0,0,0,0,0,8,0,0,0,0,28.25
function@stream_encoder_update,0,0,0,0,0,12,0,0,0,0,8.14159
function@lzma_stream_encoder,0,0,0,0,0,10,0,0,0,0,7.35714
function@lzma_filters_copy,0,0,0,0,0,24,0,0,0,0,8.15541
function@lzma_raw_coder_init,2,0,0,2,0,10,0.102327,0,1.25,0,8.92255
function@lzma_raw_coder_memusage,0,0,0,0,0,6,0,0,0,0,9.09941
function@lzma_index_init,0,0,0,0,0,9,0,0,0,0,5.85294
function@index_tree_append,0,0,0,0,0,8,0,0,0,0,3.39706
function@lzma_index_end,0,0,0,0,0,5,0,0,0,0,3.61905
function@index_stream_end,0,0,0,0,0,0,0,0,0,0,0
function@lzma_index_prealloc,0,0,0,0,0,0,0,0,0,0,0
function@lzma_index_memusage,0,0,0,0,0,0,0,0,0,0,0
function@lzma_index_memused,0,0,0,0,0,0,0,0,0,0,0
function@lzma_index_block_count,0,0,0,0,0,0,0,0,0,0,0
function@lzma_index_stream_count,0,0,0,0,0,0,0,0,0,0,0
function@lzma_index_size,0,0,0,0,0,1,0,0,0,0,1
function@lzma_index_total_size,0,0,0,0,0,0,0,0,0,0,0
function@lzma_index_stream_size,0,0,0,0,0,1,0,0,0,0,1
function@lzma_index_file_size,0,0,0,0,0,0,0,0,0,0,0
function@lzma_index_uncompressed_size,0,0,0,0,0,0,0,0,0,0,0
function@lzma_index_checks,0,0,0,0,0,0,0,0,0,0,0
function@lzma_index_padding_size,0,0,0,0,0,2,0,0,0,0,2
function@lzma_index_stream_flags,0,0,0,0,0,4,0,0,0,0,3
function@lzma_index_stream_padding,0,0,0,0,0,1,0,0,0,0,1
function@lzma_index_append,11,0,0,8,0,7,1.23659,0,3.74448,0,4.1041
function@lzma_index_cat,11,0,0,5,0,15,1.61682,0,2.5625,0,6.84698
function@index_cat_helper,0,0,0,0,0,5,0,0,0,0,85.625
function@lzma_index_dup,8,0,0,4,0,22,5.02536,0,2.87862,0,148.926
function@lzma_index_iter_init,0,0,0,0,0,0,0,0,0,0,0
function@lzma_index_iter_rewind,0,0,0,0,0,0,0,0,0,0,0
function@lzma_index_iter_next,0,0,0,0,0,16,0,0,0,0,68.4381
function@iter_set_info,0,0,0,0,0,2,0,0,0,0,1.38843
function@lzma_index_iter_locate,0,0,0,0,0,3,0,0,0,0,25.3571
function@index_tree_node_end,0,0,0,0,0,11,0,0,0,0,9
function@lzma_stream_flags_compare,0,0,0,0,0,2,0,0,0,0,0.00761803
function@lzma_vli_decode,0,0,0,0,0,5,0,0,0,0,7.599
function@lzma_filter_flags_size,0,0,0,0,0,5,0,0,0,0,3.19048
function@lzma_filter_flags_encode,0,0,0,0,0,14,0,0,0,0,6.9248
function@lzma_index_hash_init,0,0,0,0,0,3,0,0,0,0,2.375
function@lzma_index_hash_end,0,0,0,0,0,0,0,0,0,0,0
function@lzma_index_hash_size,0,0,0,0,0,1,0,0,0,0,1
function@lzma_index_hash_append,0,0,0,0,0,7,0,0,0,0,5.5
function@lzma_index_hash_decode,12,1,0,7,0,25,5.99515,1.57176,4,0,22.2704
function@lzma_auto_decoder,0,0,0,0,0,10,0,0,0,0,6.69278
function@auto_decoder_init,0,0,0,0,0,7,0,0,0,0,5.11538
function@auto_decode,0,0,0,0,0,17,0,0,0,0,8.19648
function@auto_decoder_end,0,0,0,0,0,6,0,0,0,0,6
function@auto_decoder_get_check,0,0,0,0,0,0,0,0,0,0,0
function@auto_decoder_memconfig,0,0,0,0,0,3,0,0,0,0,2.61905
function@lzma_stream_header_encode,0,0,0,0,0,3,0,0,0,0,2.19048
function@lzma_stream_footer_encode,0,0,0,0,0,5,0,0,0,0,2.47059
function@lzma_block_decoder_init,0,0,0,0,0,9,0,0,0,0,6.37912
function@block_decode,2,0,0,2,0,18,0.15624,0,0.5,0,8.7852
function@block_decoder_end,0,0,0,0,0,5,0,0,0,0,5
function@lzma_block_decoder,0,0,0,0,0,8,0,0,0,0,5.98214
function@lzma_alone_decoder_init,0,0,0,0,0,7,0,0,0,0,5.21978
function@alone_decode,6,0,0,3,0,16,3.18275,0,2.25,0,7.87431
function@alone_decoder_end,0,0,0,0,0,6,0,0,0,0,6
function@alone_decoder_memconfig,0,0,0,0,0,0,0,0,0,0,0
function@lzma_alone_decoder,0,0,0,0,0,9,0,0,0,0,5.63223
function@lzma_stream_buffer_bound,0,0,0,0,0,0,0,0,0,0,0
function@lzma_stream_buffer_encode,3,0,0,2,0,33,0.0292965,0,0.164062,0,6.24923
function@lzma_filter_flags_decode,0,0,0,0,0,15,0,0,0,0,9.66797
function@lzma_alloc,0,0,0,0,0,2,0,0,0,0,1.6
function@lzma_free,0,0,0,0,0,3,0,0,0,0,2
function@lzma_bufcpy,0,0,0,0,0,6,0,0,0,0,6
function@lzma_next_filter_init,0,0,0,0,0,9,0,0,0,0,5.6055
function@lzma_next_end,0,0,0,0,0,4,0,0,0,0,1.62069
function@lzma_next_filter_update,0,0,0,0,0,2,0,0,0,0,1.30952
function@lzma_strm_init,0,0,0,0,0,1,0,0,0,0,1
function@lzma_code,0,0,0,0,0,2,0,0,0,0,2
function@lzma_end,0,0,0,0,0,6,0,0,0,0,1.63229
function@lzma_get_check,0,0,0,0,0,0,0,0,0,0,0
function@lzma_memusage,0,0,0,0,0,1,0,0,0,0,0.999999
function@lzma_memlimit_get,0,0,0,0,0,1,0,0,0,0,0.999999
function@lzma_memlimit_set,0,0,0,0,0,1,0,0,0,0,1
function@lzma_block_encoder_init,0,0,0,0,0,7,0,0,0,0,4.08892
function@block_encode,2,1,0,2,0,28,0.171759,0.125,0.25,0,7.52291
function@block_encoder_end,0,0,0,0,0,6,0,0,0,0,6
function@block_encoder_update,0,0,0,0,0,1,0,0,0,0,0.380952
function@lzma_block_encoder,0,0,0,0,0,8,0,0,0,0,5.98214
function@lzma_filter_encoder_is_supported,0,0,0,0,0,0,0,0,0,0,0
function@encoder_find,0,0,0,0,0,0,0,0,0,0,0
function@lzma_filters_update,0,0,0,0,0,8,0,0,0,0,7.28809
function@lzma_raw_encoder_memusage,0,0,0,0,0,1,0,0,0,0,1
function@lzma_raw_encoder_init,0,0,0,0,0,0,0,0,0,0,0
function@lzma_raw_encoder,0,0,0,0,0,8,0,0,0,0,5.98214
function@lzma_properties_size,0,0,0,0,0,0,0,0,0,0,0
function@lzma_properties_encode,0,0,0,0,0,0,0,0,0,0,0
function@lzma_raw_buffer_decode,2,0,0,2,0,20,0.0625,0,0.09375,0,7.59375
function@lzma_easy_encoder_memusage,0,0,0,0,0,2,0,0,0,0,2
function@lzma_stream_header_decode,0,0,0,0,0,4,0,0,0,0,2.7489
function@lzma_stream_footer_decode,0,0,0,0,0,3,0,0,0,0,2.37445
function@lzma_index_encoder_init,0,0,0,0,0,8,0,0,0,0,4.97802
function@index_encode,5,0,0,4,0,19,6.12755,0,2,0,32.2296
function@index_encoder_end,0,0,0,0,0,0,0,0,0,0,0
function@lzma_index_encoder,0,0,0,0,0,11,0,0,0,0,5.91735
function@lzma_index_buffer_encode,0,0,0,0,0,10,0,0,0,0,5.375
function@lzma_alone_encoder,0,0,0,0,0,8,0,0,0,0,5.98214
function@alone_encoder_init,0,0,0,0,0,14,0,0,0,0,7.38281
function@alone_encode,3,0,0,3,0,10,0.326316,0,0.473684,0,5.07368
function@alone_encoder_end,0,0,0,0,0,6,0,0,0,0,6
function@lzma_block_buffer_decode,2,0,0,2,0,16,0.0390623,0,0.0585935,0,7.41015
function@lzma_block_compressed_size,0,0,0,0,0,4,0,0,0,0,3.17582
function@lzma_block_unpadded_size,0,0,0,0,0,1,0,0,0,0,0.175824
function@lzma_block_total_size,0,0,0,0,0,1,0,0,0,0,0.175824
function@lzma_easy_buffer_encode,0,0,0,0,0,12,0,0,0,0,9.5
function@lzma_easy_preset,0,0,0,0,0,2,0,0,0,0,2
function@lzma_vli_encode,0,0,0,0,0,3,0,0,0,0,5.43651
function@lzma_vli_size,0,0,0,0,0,2,0,0,0,0,20.9048
function@lzma_easy_encoder,0,0,0,0,0,5,0,0,0,0,4
function@lzma_crc64,0,0,0,0,0,7,0,0,0,0,12.2625
function@lzma_crc32,0,0,0,0,0,10,0,0,0,0,32.5162
function@lzma_check_is_supported,0,0,0,0,0,0,0,0,0,0,0
function@lzma_check_size,0,0,0,0,0,0,0,0,0,0,0
function@lzma_check_init,0,0,0,0,0,0,0,0,0,0,0
function@lzma_check_update,0,0,0,0,0,10,0,0,0,0,3.25
function@lzma_check_finish,0,0,0,0,0,0,0,0,0,0,0
function@lzma_sha256_init,0,0,0,0,0,0,0,0,0,0,0
function@lzma_sha256_update,0,0,0,0,0,6,0,0,0,0,53.4167
function@process,85,28,0,74,0,249,2102.5,622.75,1580.12,0,6272.88
function@lzma_sha256_finish,0,0,0,0,0,11,0,0,0,0,50.3333
function@main,8,1,0,6,0,27,6.79261,1.46866,5.49999,0,19.3881
function@tuklib_mbstr_fw,0,0,0,0,0,2,0,0,0,0,2
function@tuklib_exit,0,0,0,0,0,0,0,0,0,0,0
function@tuklib_mbstr_width,0,0,0,0,0,1,0,0,0,0,1
