Comando: /home/mpvreal/Code/Faculdade/tcc/llvm/build/bin/llc --march=x86-64 --regalloc=basic -o -
Heurística: original
function@newmolecule,0,0,0,0,0,2,0,0,0,0,2
function@freeresidue,0,0,0,0,0,4,0,0,0,0,14.5294
function@freemolecule,0,0,0,0,0,3,0,0,0,0,14.4062
function@addstrand,0,0,0,0,0,13,0,0,0,0,32.9194
function@addresidue,2,0,0,1,1,12,0.251938,0,0.155039,0.0968992,25.5543
function@connectres,23,8,0,6,0,6,1.95855,0.576681,4.19833,0,13.0766
function@mergestr,19,8,0,6,6,27,1.72977,9.06995,2.64429,1.02619,14.7226
function@upd_molnumbers,1,2,0,2,0,2,406.333,426.619,32.9524,0,127.952
function@countmolstrands,0,0,0,0,0,3,0,0,0,0,3
function@countstrandresidues,0,0,0,0,0,1,0,0,0,0,15.75
function@countmolres,0,0,0,0,0,3,0,0,0,0,8.33333
function@countmolatoms,0,0,0,0,0,5,0,0,0,0,256.905
function@dist,0,0,0,0,0,5,0,0,0,0,5
function@distp,0,0,0,0,0,0,0,0,0,0,0
function@angle,1,0,0,3,0,8,0.999999,0,1.94118,0,8
function@anglep,1,0,0,3,0,0,1,0,1.94444,0,0
function@torsion,0,0,0,0,0,19,0,0,0,0,19
function@torsionp,20,23,0,10,0,2,20,23,10,0,1.5
function@getresname,0,0,0,0,0,4,0,0,0,0,3.66667
function@cap,56,11,0,17,1,28,112.273,41.6892,39.9073,0.569033,19.203
function@copyextbonds,0,0,0,0,0,2,0,0,0,0,10.92
function@setreskind,1,0,0,1,0,7,20,0,0.625,0,11.273
function@setxyz_from_mol,0,0,0,0,0,3,0,0,0,0,3
function@setxyzw_from_mol,0,0,0,0,0,3,0,0,0,0,3
function@setmol_from_xyz,0,0,0,0,0,3,0,0,0,0,3
function@setmol_from_xyzw,0,0,0,0,0,3,0,0,0,0,3
function@NAB_ainit,0,0,0,0,0,0,0,0,0,0,0
function@NAB_initres,0,0,0,0,0,0,0,0,0,0,0
function@NAB_initatom,0,0,0,0,0,0,0,0,0,0,0
function@NAB_mnext,0,0,0,0,0,2,0,0,0,0,1.19255
function@NAB_rnext,0,0,0,0,0,1,0,0,0,0,1
function@NAB_anext,0,0,0,0,0,1,0,0,0,0,1
function@NAB_mri,19,6,0,5,3,8,3.78448,153.951,8.35345,0.974138,48.8563
function@NAB_rri,23,6,0,9,3,8,5.12644,153.951,9.6954,0.974138,48.8563
function@NAB_rrc,0,0,0,0,0,7,0,0,0,0,5.03736
function@NAB_ari,41,8,0,14,9,13,13.8506,133.472,9.01683,9.59677,45.9186
function@NAB_arf,0,0,0,0,0,11,0,0,0,0,5.5708
function@NAB_arc,27,4,0,14,8,12,34.9976,23.696,5.29537,38.0742,23.2626
function@NAB_arp,0,0,0,0,0,0,0,0,0,0,0
function@newtransform,16,0,0,5,0,0,10.75,0,3.875,0,0
function@concat_mat,0,0,0,0,0,0,0,0,0,0,0
function@transformres,0,0,0,0,0,2,0,0,0,0,2
function@transformmol,0,0,0,0,0,5,0,0,0,0,5
function@transformpts,0,0,0,0,0,2,0,0,0,0,0.313726
function@updtransform,0,0,0,0,0,0,0,0,0,0,0
function@trans4p,0,0,0,0,0,1,0,0,0,0,1
function@NAB_matcpy,0,0,0,0,0,1,0,0,0,0,1
function@trans4,1,0,0,1,0,9,1,0,1,0,9
function@rot4p,13,15,0,14,0,5,13,15,12.5,0,5
function@rot4,1,0,0,1,0,9,1,0,1,0,9
function@set_belly_mask,19,4,0,11,2,30,166.487,22.2656,39.2322,15.625,237.483
function@set_cons_mask,0,0,0,0,0,4,0,0,0,0,4
function@circle,0,0,0,0,0,0,0,0,0,0,0
function@delete_atom,15,6,0,6,2,5,28.4118,37.2157,8.2549,2.96078,27.9412
function@rt_errormsg,0,0,0,0,0,1,0,0,0,0,1
function@rt_errormsg_s,0,0,0,0,0,1,0,0,0,0,1
function@rt_errormsg_2s,0,0,0,0,0,1,0,0,0,0,1
function@rt_errormsg_d,0,0,0,0,0,1,0,0,0,0,1
function@regcomp,3,4,0,1,0,36,0.00341511,0.00738299,0.0039295,0,10.0982
function@p_ere,13,12,0,16,4,39,12.0887,82.1262,29.0266,4.99907,108.414
function@p_bre,6,12,0,7,0,30,7.62466,21.4606,15.9682,0,40.2778
function@doinsert,0,0,0,0,0,5,0,0,0,0,4.37459
function@p_bracket,178,10,0,16,3,71,56.0991,6.20196,5.21979,1.0964,40.5919
function@ordinary,1,0,0,1,0,6,0.125,0,0.125,0,2.46875
function@repeat,156,10,0,9,1,32,8.96192,1.46599,2.06788,0.0939679,12.2568
function@p_b_symbol,4,1,0,3,1,7,0.350573,0.145887,0.158417,0.145887,3.16271
function@bothcases,1,0,0,1,0,2,1,0,1,0,2
function@regexec,124,57,0,47,19,108,155.519,32.8822,14.4636,5.95053,306.101
function@sslow,22,14,0,14,6,36,876.238,321.048,116.524,77.1429,4288.24
function@sdissect,52,9,0,12,8,47,974.625,310.125,150.188,49.5,1605.88
function@sbackref,47,4,0,3,3,39,5.92765,2.60142,3,0.000603545,31.2818
function@sstep,4,0,0,1,0,36,25.4151,0,0.490566,0,48.717
function@lslow,16,10,0,9,2,33,949.333,191.619,70.5714,31.8571,3016.05
function@ldissect,43,7,0,9,6,52,766.875,293.188,186.625,46,1750.75
function@lbackref,47,4,0,3,3,39,5.92765,2.60142,3,0.000603545,31.2818
function@lstep,1,1,0,2,1,12,0.396226,0.792453,0.981132,0.490566,32
function@regfree,0,0,0,0,0,1,0,0,0,0,0.148148
function@regerror,0,0,0,0,0,30,0,0,0,0,8.83271
function@spec_srand,0,0,0,0,0,1,0,0,0,0,31.875
function@spec_init_genrand,0,0,0,0,0,1,0,0,0,0,31.875
function@spec_rand,0,0,0,0,0,0,0,0,0,0,0
function@spec_genrand_int32,0,0,0,0,0,12,0,0,0,0,80.129
function@spec_lrand48,0,0,0,0,0,0,0,0,0,0,0
function@spec_init_by_array,0,0,0,0,0,3,0,0,0,0,95.625
function@spec_genrand_int31,0,0,0,0,0,0,0,0,0,0,0
function@spec_genrand_real1,0,0,0,0,0,0,0,0,0,0,0
function@spec_genrand_real2,0,0,0,0,0,0,0,0,0,0,0
function@spec_genrand_real3,0,0,0,0,0,0,0,0,0,0,0
function@spec_genrand_res53,0,0,0,0,0,1,0,0,0,0,1
function@getpdb,21,6,0,17,8,33,100.281,35.0221,91.481,12.5977,603.321
function@getmatrix,0,0,0,0,0,18,0,0,0,0,178.697
function@putpdb,72,25,0,22,9,31,8758.39,5382.72,210.009,184.233,3931.7
function@putcif,24,8,0,12,3,8,8624.24,15327.2,437.941,236.471,7534.83
function@putbnd,15,7,0,7,0,11,1313.56,9.94761,14.0894,0,2768.92
function@putdist,13,6,0,7,3,19,220108,6042.16,197.386,351.373,59981.2
function@putmatrix,0,0,0,0,0,28,0,0,0,0,22.5143
function@initres,0,0,0,0,0,0,0,0,0,0,0
function@makebonds,0,0,0,0,0,5,0,0,0,0,21.32
function@chirvol,0,0,0,0,0,3,0,0,0,0,3
function@nrerror,0,0,0,0,0,1,0,0,0,0,1
function@vector,0,0,0,0,0,4,0,0,0,0,3
function@ivector,0,0,0,0,0,3,0,0,0,0,3
function@ipvector,0,0,0,0,0,3,0,0,0,0,3
function@matrix,0,0,0,0,0,11,0,0,0,0,10.5
function@imatrix,0,0,0,0,0,11,0,0,0,0,10.5
function@free_vector,0,0,0,0,0,0,0,0,0,0,0
function@free_ivector,0,0,0,0,0,0,0,0,0,0,0
function@free_matrix,0,0,0,0,0,1,0,0,0,0,1
function@free_imatrix,0,0,0,0,0,1,0,0,0,0,1
function@errormsg,0,0,0,0,0,2,0,0,0,0,2
function@errormsg_s,0,0,0,0,0,3,0,0,0,0,3
function@errormsg_2s,0,0,0,0,0,3,0,0,0,0,3
function@errormsg_d,0,0,0,0,0,3,0,0,0,0,3
function@errors,0,0,0,0,0,0,0,0,0,0,0
function@seconds,0,0,0,0,0,0,0,0,0,0,0
function@myroc,0,0,0,0,0,3,0,0,0,0,2.61905
function@get_nr_debug,0,0,0,0,0,0,0,0,0,0,0
function@get_blocksize,0,0,0,0,0,0,0,0,0,0,0
function@get_mytaskid,0,0,0,0,0,0,0,0,0,0,0
function@get_numtasks,0,0,0,0,0,0,0,0,0,0,0
function@mpierror,0,0,0,0,0,0,0,0,0,0,0
function@reducerror,0,0,0,0,0,0,0,0,0,0,0
function@mpifinalize,0,0,0,0,0,0,0,0,0,0,0
function@mpiinit,0,0,0,0,0,0,0,0,0,0,0
function@getxyz,0,0,0,0,0,0,0,0,0,0,0
function@getxyzw,3,5,0,3,0,17,1.625,71,2.625,0,69.5039
function@putxyz,0,0,0,0,0,0,0,0,0,0,0
function@putxyzw,0,0,0,0,0,11,0,0,0,0,27.875
function@strindex,0,0,0,0,0,4,0,0,0,0,2.5374
function@getxv,18,2,0,8,0,18,95.1094,20.2441,35.8906,0,132.385
function@putxv,4,0,0,2,0,13,2.625,0,2,0,40.75
function@checkpoint,12,1,0,4,1,18,10.9722,0.124008,2.74901,0.124008,27.4063
function@mme_timer,0,0,0,0,0,0,0,0,0,0,0
function@mme_init,3,0,0,1,0,22,3,0,1,0,41.2655
function@mme34,226,117,0,135,1,22,9331.92,3845.25,3662.81,8.33333,264.389
function@mme,0,0,0,0,0,0,0,0,0,0,0
function@mme4,0,0,0,0,0,0,0,0,0,0,0
function@mm_set_checkpoint,0,0,0,0,0,5,0,0,0,0,4.33333
function@md,87,65,0,38,7,26,1812.26,914.878,128.265,4.37499,92.6284
function@ebond,9,4,0,10,0,7,153.143,71,75.619,0,83.1429
function@eangl,40,30,0,30,0,5,751.571,547.714,431.619,0,82.1429
function@ephi,112,135,0,75,3,6,1835.87,2120.85,857.7,59.9993,59.9993
function@nbond,74,14,0,41,1,4,3643.08,771.8,948.12,10.2,194.88
function@setseed,0,0,0,0,0,1,0,0,0,0,1
function@rseed,0,0,0,0,0,0,0,0,0,0,0
function@gauss,4,2,0,2,0,2,81.5,2,64,0,2
function@rand2,0,0,0,0,0,0,0,0,0,0,0
function@CG_exit,0,0,0,0,0,0,0,0,0,0,0
function@main,0,0,0,0,0,9,0,0,0,0,7.75
function@setpoint,0,0,0,0,0,6,0,0,0,0,5.11429
function@select_atoms,27,3,0,5,0,76,1120.98,37.5758,27.7898,0,613498
function@atom_in_aexpr,2,1,0,2,0,43,2.34213,1.20884,1.79606,0,126.353
function@set_attr_if,0,0,0,0,0,7,0,0,0,0,7116.25
function@clear_attr,0,0,0,0,0,1,0,0,0,0,133.25
function@is_pattern,0,0,0,0,0,5,0,0,0,0,4.75163
function@match_atom_pat,0,0,0,0,0,2,0,0,0,0,2134.25
function@getreslibkind,0,0,0,0,0,6,0,0,0,0,18.7619
function@read_reslib,48,12,0,23,4,67,35.6762,48.7544,4.20097,47.6508,174.132
function@setreslibkind,0,0,0,0,0,14,0,0,0,0,23.21
function@getresidue,0,0,0,0,0,25,0,0,0,0,67.6293
function@copyresidue,23,1,0,8,0,26,5.65104,1,2.14311,0,10.9295
function@copystrand,0,0,0,0,0,9,0,0,0,0,5.39423
function@copymolecule,0,0,0,0,0,9,0,0,0,0,21.0294
function@addres2reslib,1,0,0,1,0,9,7.81225,0,0.24414,0,34.6553
function@addbonds2reslib,0,0,0,0,0,3,0,0,0,0,13.3028
function@addqr2reslib,0,2,0,2,0,2,0,6.70732,3.65854,0,102.488
function@addchi2reslib,0,0,0,0,0,5,0,0,0,0,49.7381
function@ggets,0,0,0,0,0,7,0,0,0,0,5.14286
function@readparm,185,26,0,79,2,213,726.739,27.911,30.9528,1,300.084
function@preadln,1,0,0,0,2,8,1,0,0,1.31481,15.037
function@pfind,0,0,0,0,0,18,0,0,0,0,94.6465
function@FortranFormat,0,0,0,0,0,0,0,0,0,0,0
function@FortranWriteInt,0,0,0,0,0,1,0,0,0,0,1
function@FortranWriteDouble,0,0,0,0,0,0,0,0,0,0,0
function@FortranWriteString,0,0,0,0,0,1,0,0,0,0,1
function@FortranEndLine,0,0,0,0,0,0,0,0,0,0,0
function@writeparm,0,0,0,0,0,13,0,0,0,0,58.5736
function@copyparm,0,0,0,0,0,14,0,0,0,0,6.55396
function@readbinposhdr,0,0,0,0,0,1,0,0,0,0,1
function@readbinposfrm,0,0,0,0,0,12,0,0,0,0,6.65625
function@writebinposhdr,0,0,0,0,0,1,0,0,0,0,1
function@writebinposfrm,0,0,0,0,0,10,0,0,0,0,9.31249
function@nblist,138,27,0,24,1,29,392.307,24.0963,15,16,165.015
function@heapsort_index,0,0,0,0,0,19,0,0,0,0,452.812
function@buildkdtree,39,11,0,15,1,40,501.531,325.846,34.4056,45.5105,174.038
function@searchkdtree,12,7,0,10,0,9,84.125,59.75,10,0,79.125
function@heapsort_pairs,0,0,0,0,0,12,0,0,0,0,243.938
function@sDBRemoveSpaces,0,0,0,0,0,2,0,0,0,0,2
function@sDBRemoveControlAndPadding,0,0,0,0,0,4,0,0,0,0,15.35
function@sDBRemoveLeadingSpaces,0,0,0,0,0,1,0,0,0,0,31.875
function@sDBRemoveFirstString,0,0,0,0,0,7,0,0,0,0,4
function@dDictCreate,0,0,0,0,0,0,0,0,0,0,0
function@DictDestroy,0,0,0,0,0,2,0,0,0,0,2
function@DictAdd,0,0,0,0,0,10,0,0,0,0,8
function@vPDictFind,0,0,0,0,0,3,0,0,0,0,8.43902
function@vPDictDelete,1,0,0,3,0,4,1,0,1.1875,0,8.5
function@ziDictKeyCompare,0,0,0,0,0,0,0,0,0,0,0
function@dlDictLoop,0,0,0,0,0,1,0,0,0,0,1
function@vPDictNext,0,0,0,0,0,0,0,0,0,0,0
function@zbDBParseSimpleHeader,0,0,0,0,0,4,0,0,0,0,9.66667
function@CompactDataBase,8,1,0,3,0,12,275.94,1,11.4663,0,1548.17
function@dbDBRndOpen,5,0,0,2,1,16,1.10149,0,1.08716,0.0871581,7.18118
function@bDBRndDeleteEntry,6,0,0,1,0,10,2.72729,0,1,0,25.9119
function@DBRndLoopEntryWithPrefix,0,0,0,0,0,7,0,0,0,0,18.125
function@bDBRndNextEntryWithPrefix,0,0,0,0,0,7,0,0,0,0,45.5
function@dbDBSeqOpen,0,0,0,0,0,14,0,0,0,0,8.86842
function@DBSeqRewind,0,0,0,0,0,2,0,0,0,0,5.55357
function@DBSeqSkipData,0,0,0,0,0,2,0,0,0,0,13.1905
function@lDBSeqCurPos,0,0,0,0,0,0,0,0,0,0,0
function@DBSeqGoto,0,0,0,0,0,1,0,0,0,0,1
function@bDBGetType,0,0,0,0,0,11,0,0,0,0,14.7996
function@bDBGetValue,3,3,0,6,0,70,0.0498695,0.0485692,0.105375,0,26.3753
function@DBPutValue,2,11,0,5,1,42,2.70833,4.98958,3.77083,1,97.5
function@ePrepareDatabaseForEntry,2,1,0,2,1,14,0.984375,0.625,1.625,6.1875,16.5156
function@ConstructDataHeader,0,0,0,0,0,13,0,0,0,0,7.80952
function@bDBGetTableType,22,0,0,8,9,36,25.5535,0,8.47954,9.43006,886.591
function@bDBGetTable,62,21,0,52,7,140,19.7729,16.1907,12.6462,6.46585,240.751
function@sStripString,0,0,0,0,0,7,0,0,0,0,70.087
function@DBPutTable,61,17,0,65,2,44,692.2,660.937,364.562,0.0585938,1298.1
function@AddColumnType,0,0,0,0,0,9,0,0,0,0,8
function@ConcatString,0,0,0,0,0,5,0,0,0,0,33
function@DBClose,0,0,0,0,0,2,0,0,0,0,1.5
function@DBPushPrefix,0,0,0,0,0,5,0,0,0,0,16.125
function@DBPopPrefix,0,0,0,0,0,0,0,0,0,0,0
function@DBZeroPrefix,0,0,0,0,0,0,0,0,0,0,0
function@DBPushZeroPrefix,0,0,0,0,0,3,0,0,0,0,3
