Comando: /home/mpvreal/Code/Faculdade/tcc/llvm/build/bin/llc --march=x86 --regalloc=basic -o -
Heurística: original
function@_Z8clear_ttv,0,0,0,0,0,0,0,0,0,0,0
function@_Z11clear_dp_ttv,0,0,0,0,0,0,0,0,0,0,0
function@_Z18initialize_zobristP7state_t,0,0,0,0,0,28,0,0,0,0,892.5
function@_Z15initialize_hashP7state_t,4,0,0,2,2,1,31.5,0,15.75,2,31.875
function@_Z7StoreTTP7state_tiiijiiii,53,17,0,19,6,6,26.2188,6.5,12.1875,1.5,1.625
function@_Z7ProbeTTP7state_tPiiiPjS1_S1_S1_S1_i,33,0,0,3,0,1,15.75,0,2.88235,0,0.941176
function@_Z10alloc_hashv,0,0,0,0,0,3,0,0,0,0,3
function@_Z9free_hashv,0,0,0,0,0,0,0,0,0,0,0
function@_Z4makeP7state_ti,142,30,0,40,19,1,53.2769,12.9739,19.1335,13.0163,0.249186
function@_Z6unmakeP7state_ti,43,4,0,7,8,2,18.4461,1.65686,6.25,7.25,1.37255
function@_Z14setup_epd_lineP11gamestate_tP7state_tPKc,21,2,0,5,14,5,136.297,31.5078,5.35938,24.8906,50.3672
function@_Z14check_solutionP7state_tPci,0,0,0,0,0,7,0,0,0,0,30.7344
function@_Z17run_epd_testsuiteP11gamestate_tP7state_tPKc,0,0,0,0,0,2,0,0,0,0,13.5
function@_Z15position_to_fenP7state_tPc,2,1,0,1,3,1,63.2353,32.1176,31.1176,34.1176,0.623529
function@_Z13clear_pawn_ttv,0,0,0,0,0,0,0,0,0,0,0
function@_Z5scaleiii,0,0,0,0,0,1,0,0,0,0,1
function@_Z16static_pawn_evalP7state_t,261,111,0,82,64,44,404.719,308.774,251.411,99.5117,53.7285
function@_Z7qsearchP7state_tiiii,49,50,0,59,19,21,32.527,36.1838,33.0516,2.58338,9.29841
function@_ZL17search_time_checkP7state_t,0,0,0,0,0,3,0,0,0,0,2.14015
function@_ZL16fast_order_movesP7state_tPiS1_ij,25,0,0,10,10,3,109.838,0,45.4853,49.9853,30.1029
function@_ZL15remove_one_fastPiS_S_i,12,7,0,6,5,3,6.70588,10.5059,8.75294,6.36471,4
function@_Z6searchP7state_tiiiii,140,184,0,99,76,68,0.853634,0.922336,2.94379,0.342251,0.984517
function@_ZL11order_movesP7state_tPiS1_ij,58,7,0,19,8,6,116.917,5.22917,44.3333,48.4792,44.9583
function@_ZL12history_goodP7state_tii,11,0,0,4,3,29,5,0,1.75,1.5,195.812
function@_Z14rootmovesearchP7state_tiiiii,0,0,0,0,0,0,0,0,0,0,0
function@_Z11search_rootP7state_tiii,35,45,0,26,28,11,81.5392,78.6965,55.4217,54.9442,50.1156
function@_Z21reset_search_countersP7state_t,0,0,0,0,0,0,0,0,0,0,0
function@_Z17reset_search_dataP7state_t,0,0,0,0,0,0,0,0,0,0,0
function@_Z5thinkP11gamestate_tP7state_t,11,16,0,21,5,7,11.1028,27.4061,14.1634,1.35044,25.9154
function@_Z8PopCounty,0,0,0,0,0,1,0,0,0,0,1
function@_Z9FindFirsty,0,0,0,0,0,1,0,0,0,0,1
function@_Z15FindFirstRemovePy,0,0,0,0,0,3,0,0,0,0,3
function@_Z8FindLasty,0,0,0,0,0,4,0,0,0,0,3
function@_Z13ThickPopCounty,0,0,0,0,0,1,0,0,0,0,1
function@_Z5fevalP7state_tiP12t_eval_comps,208,130,0,122,128,36,1043.46,715.691,759.237,446.188,395.91
function@_Z4evalP7state_tiii,15,7,0,8,3,12,11.8838,6.23096,7.34082,2.67041,8.45209
function@_Z13retrieve_evalP7state_t,0,0,0,0,0,2,0,0,0,0,2
function@_Z4ranki,0,0,0,0,0,1,0,0,0,0,1
function@_Z4filei,0,0,0,0,0,0,0,0,0,0,0
function@_Z8sum_distii,0,0,0,0,0,5,0,0,0,0,5
function@_Z12taxicab_distii,0,0,0,0,0,5,0,0,0,0,5
function@_Z16taxicab_dist_bitii,0,0,0,0,0,5,0,0,0,0,5
function@_Z11check_phaseP11gamestate_tP7state_t,0,2,0,0,6,3,0,1.49365,0,5.33333,6.66667
function@_Z11check_legalP7state_ti,0,0,0,0,0,1,0,0,0,0,10.5
function@_Z20check_castle_blockerP7state_ti,20,16,0,4,8,53,9.42362,10.8724,0.8,9.02677,45.7244
function@_Z3seeP7state_tiiii,50,27,0,46,13,8,160.215,223.057,137.322,89.4413,43.4777
function@_Z9gen_quietP7state_tPi,18,14,0,10,9,6,90,1284,66,41.125,48.5
function@_Z11add_capturePiiiiii,0,0,0,0,0,1,0,0,0,0,1
function@_Z8add_movePiiii,0,0,0,0,0,1,0,0,0,0,1
function@_Z15add_king_castlePiiii,0,0,0,0,0,1,0,0,0,0,1
function@_Z3genP7state_tPi,13,15,0,10,8,13,8.875,136.5,27,24,116.027
function@_Z12gen_capturesP7state_tPi,11,18,0,14,14,9,97.375,1321.38,116.75,62.125,49.3008
function@_Z15gen_good_checksP7state_tPi,12,20,0,15,4,3,88,2304,51.875,27,820
function@_Z16gen_check_blocksP7state_tPii,13,19,0,14,9,8,8.25,69.25,10.25,5.75,81.375
function@_Z12gen_evasionsP7state_tPii,0,0,0,0,0,1,0,0,0,0,0.999999
function@_Z8psq_evalP7state_tP12t_eval_comps,0,0,0,0,0,0,0,0,0,0,0
function@_Z14init_psq_scoreP7state_t,0,0,0,0,0,0,0,0,0,0,0
function@_Z18preprocess_preparev,0,0,0,0,0,3,0,0,0,0,2079.62
function@_Z13PrintBitboardy,0,0,0,0,0,4,0,0,0,0,127.5
function@_Z17PrintRotBitboardsP7state_t,0,1,0,1,0,4,0,31.875,1,0,127.5
function@_Z17PrintAllBitboardsP7state_t,0,13,0,13,0,52,0,414.375,13,0,1657.5
function@_Z22SetupPrecalculatedDatav,472,222,0,270,90,234,7062.79,6069,3277.25,1909.17,9104.21
function@_Z16SetupCastleMasksP7state_t,0,0,0,0,0,0,0,0,0,0,0
function@_Z11RankAttacksyj,0,0,0,0,0,7,0,0,0,0,7
function@_Z11FileAttacksyj,0,0,0,0,0,2,0,0,0,0,2
function@_Z15DiagonalAttacksyj,0,0,0,0,0,3,0,0,0,0,3
function@_Z15AntiDiagAttacksyj,0,0,0,0,0,3,0,0,0,0,3
function@_Z13BishopAttacksP7state_ti,5,2,0,3,2,4,5,2,3,2,4
function@_Z11RookAttacksP7state_ti,6,1,0,2,3,6,6,1,2,3,6
function@_Z12elo_to_depthi,0,0,0,0,0,1,0,0,0,0,1
function@_Z14elo_to_blunderi,0,0,0,0,0,1,0,0,0,0,1
function@_Z12compact_movei,0,0,0,0,0,4,0,0,0,0,4
function@_Z4logLi,0,0,0,0,0,3,0,0,0,0,17.4375
function@_Z14dumpsearchstatP7state_t,0,0,0,0,0,0,0,0,0,0,0
function@_Z13allocate_timeP11gamestate_ti,0,0,0,0,0,6,0,0,0,0,1.125
function@_Z11comp_to_sanP7state_tiPc,6,31,0,10,2,7,3.87972,11.3976,8.01877,2,12.8597
function@_Z13comp_to_coordP7state_tiPc,1,17,0,4,0,5,0.625767,1.56442,2.50307,0,3.56442
function@_Z13display_boardP7state_ti,0,0,0,0,0,3,0,0,0,0,47.8125
function@_Z8myprintfPKcz,0,0,0,0,0,1,0,0,0,0,0.625
function@_Z9init_gameP11gamestate_tP7state_t,0,0,0,0,0,0,0,0,0,0,0
function@_Z18reset_piece_squareP7state_t,0,0,0,0,0,2,0,0,0,0,63.75
function@_Z7is_movePc,0,0,0,0,0,1,0,0,0,0,1
function@_Z20extract_current_pathP7state_t,0,0,0,0,0,2,0,0,0,0,32
function@_Z19extract_ponder_moveP7state_t,0,1,0,1,0,8,0,10,0.3125,0,41.6953
function@_Z24extract_current_bestlineP7state_t,0,0,0,0,0,0,0,0,0,0,0
function@_ZL15hash_extract_pvP7state_tiPc,10,18,0,7,1,5,8.062,41.0069,4.25794,0.507936,28.9524
function@_Z12stringize_pvP7state_tPc,0,0,0,0,0,0,0,0,0,0,0
function@_Z13post_thinkingP7state_tiiPci,0,4,0,2,0,4,0,0.625,0.625,0,1.125
function@_Z9rdifftimeii,0,0,0,0,0,0,0,0,0,0,0
function@_Z5rtimev,0,0,0,0,0,0,0,0,0,0,0
function@_Z16post_fh_thinkingP7state_tiiPci,0,6,0,2,0,3,0,1.8125,1.3125,0,0.625
function@_Z16post_fl_thinkingP7state_tiiPci,0,4,0,2,0,3,0,0.625,0.625,0,0.625
function@_Z21post_multipv_thinkingP7state_tiii,9,10,0,6,4,9,296.875,522.25,146,16.5,405
function@_Z6rinputPciP8_IO_FILE,0,0,0,0,0,6,0,0,0,0,29.375
function@_Z8start_upv,0,0,0,0,0,0,0,0,0,0,0
function@_Z12verify_coordP7state_tPcPi,0,2,0,1,0,3,0,21,1,0,28.5
function@_Z17input_causes_stopv,0,0,0,0,0,9,0,0,0,0,2.39062
function@_Z9interruptv,0,0,0,0,0,0,0,0,0,0,0
function@_Z11reset_boardP7state_t,0,0,0,0,0,0,0,0,0,0,0
function@_Z15make_text_movesP11gamestate_tP7state_tPc,3,0,0,2,0,2,19.3685,0,7.08116,0,7.28943
function@_Z8myrandomv,0,0,0,0,0,2,0,0,0,0,2
function@_Z7mysrandj,0,0,0,0,0,0,0,0,0,0,0
function@main,0,0,0,0,0,0,0,0,0,0,0
function@_Z7is_drawP11gamestate_tP7state_t,9,13,0,6,2,2,7.22727,16.6761,2.23864,3.05114,2.94318
function@_Z21insufficient_materialP7state_t,0,0,0,0,0,0,0,0,0,0,0
function@_Z11is_attackedP7state_tii,0,24,0,10,8,5,0,0.213986,2.07133,0.0713287,1.08427
function@_Z8in_checkP7state_t,0,0,0,0,0,0,0,0,0,0,0
function@_Z10attacks_toP7state_ti,9,17,0,12,8,1,9,12.4286,12,6.47619,1
function@_Z14drawn_endgamesP7state_tiii,58,33,0,23,5,58,3.49662,1.51405,5.81384,0.206152,3.36846
function@_Z15init_parametersP11gamestate_t,0,0,0,0,0,0,0,0,0,0,0
