Comando: /home/mpvreal/Code/Faculdade/tcc/llvm/build/bin/llc --march=aarch64 --regalloc=basic -o -
Heurística: original
function@main,0,0,0,0,0,15,0,0,0,0,59.2917
function@MAIN_parseCommandLine,0,0,0,0,0,3,0,0,0,0,3
function@MAIN_printInfo,0,0,0,0,0,1,0,0,0,0,1
function@MAIN_initialize,0,0,0,0,0,3,0,0,0,0,3
function@MAIN_finalize,0,0,0,0,0,1,0,0,0,0,1
function@LBM_allocateGrid,0,0,0,0,0,2,0,0,0,0,1
function@LBM_freeGrid,0,0,0,0,0,1,0,0,0,0,1
function@LBM_initializeGrid,0,0,0,0,0,0,0,0,0,0,0
function@LBM_swapGrids,0,0,0,0,0,0,0,0,0,0,0
function@LBM_loadObstacleFile,0,0,0,0,0,11,0,0,0,0,33893.4
function@LBM_initializeSpecialCellsForLDC,0,0,0,0,0,11,0,0,0,0,2122.25
function@LBM_initializeSpecialCellsForChannel,0,0,0,0,0,4,0,0,0,0,746.25
function@LBM_performStreamCollideBGK,0,0,0,0,0,7,0,0,0,0,97.375
function@LBM_performStreamCollideTRT,50,0,0,27,0,5,793.75,0,400,0,65.625
function@LBM_handleInOutFlow,4,0,0,3,0,21,127.5,0,95.625,0,576.75
function@LBM_showGridStatistics,0,0,0,0,0,17,0,0,0,0,20
function@LBM_storeVelocityField,0,0,0,0,0,17,0,0,0,0,122951
function@LBM_compareVelocityField,28,0,0,13,0,16,884737,0,393217,0,86088
