Comando: /home/mpvreal/Code/Faculdade/tcc/llvm/build/bin/llc --march=aarch64 --regalloc=greedy -o -
Heurística: original
function@main,0,0,0,0,0,15,0,0,0,0,59.2917
function@MAIN_parseCommandLine,0,0,0,0,0,3,0,0,0,0,3
function@MAIN_printInfo,0,0,0,0,0,1,0,0,0,0,1
function@MAIN_initialize,0,0,0,0,0,3,0,0,0,0,3
function@MAIN_finalize,0,0,0,0,0,1,0,0,0,0,1
function@LBM_allocateGrid,0,0,0,0,0,2,0,0,0,0,1
function@LBM_freeGrid,0,0,0,0,0,1,0,0,0,0,1
function@LBM_initializeGrid,0,0,0,0,0,0,0,0,0,0,0
function@LBM_swapGrids,0,0,0,0,0,0,0,0,0,0,0
function@LBM_loadObstacleFile,0,0,0,0,0,11,0,0,0,0,33893.4
function@LBM_initializeSpecialCellsForLDC,0,0,0,0,0,11,0,0,0,0,2122.25
function@LBM_initializeSpecialCellsForChannel,0,0,0,0,0,4,0,0,0,0,746.25
function@LBM_performStreamCollideBGK,0,0,0,0,0,7,0,0,0,0,97.375
function@LBM_performStreamCollideTRT,8,0,0,8,0,7,127,0,67.5,0,97.375
function@LBM_handleInOutFlow,0,0,0,0,0,20,0,0,0,0,575.75
function@LBM_showGridStatistics,14,0,0,14,0,10,1.33514e-05,0,1.33514e-05,0,13
function@LBM_storeVelocityField,0,0,0,0,0,14,0,0,0,0,86087
function@LBM_compareVelocityField,12,0,0,12,0,16,393216,0,393216,0,86088
