Comando: /home/mpvreal/Code/Faculdade/tcc/llvm/build/bin/llc --march=x86 --regalloc=greedy -o -
Heurística: div(cost,pow(degree,2))
function@newmolecule,0,0,0,0,0,2,0,0,0,0,2
function@freeresidue,0,0,0,0,0,1,0,0,0,0,12.5294
function@freemolecule,0,0,0,0,0,3,0,0,0,0,524.719
function@addstrand,0,0,0,0,0,4,0,0,0,0,9.7109
function@addresidue,1,4,0,4,0,9,0.0581395,2.34109,0.20155,0,4.6938
function@connectres,12,1,0,6,0,3,1.34334,0.0235828,0.384942,0,1.13447
function@mergestr,38,15,0,30,1,29,33.2964,100.126,33.0742,0.140527,184.88
function@upd_molnumbers,7,3,0,9,0,4,1513.48,4723.76,1521.05,0,8660.24
function@countmolstrands,0,0,0,0,0,0,0,0,0,0,0
function@countstrandresidues,0,0,0,0,0,1,0,0,0,0,15.75
function@countmolres,1,2,0,3,1,4,20.2857,457.095,39.2857,12.6667,863.381
function@countmolatoms,4,1,0,5,0,20,959.905,406.333,586.524,0,71771.1
function@dist,0,0,0,0,0,0,0,0,0,0,0
function@distp,0,0,0,0,0,0,0,0,0,0,0
function@angle,0,2,0,2,0,0,0,1.77163,1.94118,0,0
function@anglep,0,2,0,2,0,0,0,1.77778,1.94444,0,0
function@torsion,0,0,0,0,0,0,0,0,0,0,0
function@torsionp,8,4,0,12,0,1,7.5,4,11.5,0,0.5
function@getresname,0,0,0,0,0,2,0,0,0,0,2
function@cap,54,8,0,19,1,31,67.9789,62.483,42.8582,0.236277,52.2863
function@copyextbonds,0,0,0,0,0,2,0,0,0,0,10.92
function@setreskind,1,1,0,1,0,3,6.25,12.5,12.5,0,220
function@setxyz_from_mol,5,1,0,6,0,3,5567.58,426.583,1175.5,0,8960.83
function@setxyzw_from_mol,5,1,0,6,0,4,5567.58,426.583,1175.5,0,13227.4
function@setmol_from_xyz,5,1,0,6,0,3,5567.58,426.583,1175.5,0,8960.83
function@setmol_from_xyzw,5,1,0,6,0,6,5567.58,426.583,5175.5,0,21760.6
function@NAB_ainit,0,0,0,0,0,0,0,0,0,0,0
function@NAB_initres,0,0,0,0,0,0,0,0,0,0,0
function@NAB_initatom,0,0,0,0,0,0,0,0,0,0,0
function@NAB_mnext,0,0,0,0,0,2,0,0,0,0,4.08075
function@NAB_rnext,0,0,0,0,0,1,0,0,0,0,6.2
function@NAB_anext,0,0,0,0,0,3,0,0,0,0,1.68
function@NAB_mri,18,9,0,27,0,13,546.161,1704.48,548.908,0,3125.88
function@NAB_rri,22,9,0,31,0,13,546.661,1704.48,549.408,0,3125.88
function@NAB_rrc,0,0,0,0,0,1,0,0,0,0,1
function@NAB_ari,40,15,0,53,0,21,506.102,1577.54,508.643,0,2893.16
function@NAB_arf,0,0,0,0,0,1,0,0,0,0,1
function@NAB_arc,11,3,0,13,0,8,214.593,667.797,215.634,0,1228.21
function@NAB_arp,0,0,0,0,0,0,0,0,0,0,0
function@newtransform,9,0,0,3,0,2,5.625,0,1.875,0,1.25
function@concat_mat,0,0,0,0,0,2,0,0,0,0,63.75
function@transformres,0,0,0,0,0,1,0,0,0,0,21.25
function@transformmol,4,1,0,5,0,2,1239.29,406.333,865.905,0,8533.29
function@transformpts,1,0,0,1,1,10,5,0,5,0.156863,43.1765
function@updtransform,0,0,0,0,0,0,0,0,0,0,0
function@trans4p,0,0,0,0,0,0,0,0,0,0,0
function@NAB_matcpy,0,0,0,0,0,0,0,0,0,0,0
function@trans4,0,0,0,0,0,0,0,0,0,0,0
function@rot4p,10,2,0,11,0,4,10,2,11,0,3.25
function@rot4,0,0,0,0,0,0,0,0,0,0,0
function@set_belly_mask,95,4,0,50,12,68,19662.8,37.0743,2051.29,5.6875,18437.2
function@set_cons_mask,8,0,0,6,0,5,17696.3,0,1201.14,0,17320.5
function@circle,6,7,0,11,0,0,5.88235,6.70588,11,0,0
function@delete_atom,37,12,0,29,1,24,712.529,135.373,353.02,0.156863,482.157
function@rt_errormsg,0,0,0,0,0,0,0,0,0,0,0
function@regcomp,42,4,0,17,4,59,6.3546,0.182667,1.57506,0.0737934,7.69849
function@p_ere,125,26,0,61,3,205,170.104,94.8057,185.35,2.42037,505.551
function@p_bre,70,12,0,35,2,131,58.5392,12.2652,49.3043,1.19811,142.65
function@doinsert,9,1,0,8,0,34,1.86799,0.186469,2.24422,0,10.6353
function@p_bracket,143,27,0,51,5,101,28.5113,10.8981,10.0462,0.416391,52.9169
function@ordinary,4,1,0,5,0,13,0.83252,0.164062,1.02734,0,3.61719
function@repeat,93,16,0,52,4,115,12.086,0.681397,10.814,0.120994,17.2813
function@p_b_symbol,7,5,0,8,0,4,0.272539,0.45135,0.3845,0,2.01253
function@bothcases,1,0,0,1,0,2,1,0,1,0,2
function@regexec,145,60,0,50,3,113,157.506,103.305,37.2402,0.492138,268.527
function@sslow,27,3,0,11,1,16,424.571,81.1905,198.857,1,791
function@sdissect,68,22,0,16,2,55,992.625,931.5,145.625,3.5,1406
function@sbackref,69,15,0,25,5,32,12.8165,1.31488,4.66016,1.21659,37.0553
function@sstep,45,2,0,18,8,32,28.566,1.58491,13.5849,3.11321,76.1321
function@lslow,19,5,0,9,1,16,998.714,102.524,154.19,1,259
function@ldissect,65,21,0,15,2,51,981.188,929.75,129.688,3.5,1345.75
function@lbackref,69,15,0,25,5,32,12.8165,1.31488,4.66016,1.21659,37.0553
function@lstep,36,2,0,7,0,12,34.4151,1.58491,19.8491,0,61.4717
function@regfree,0,0,0,0,0,0,0,0,0,0,0
function@regerror,0,0,0,0,0,8,0,0,0,0,6.4375
function@spec_srand,0,0,0,0,0,5,0,0,0,0,158.375
function@spec_init_genrand,0,0,0,0,0,5,0,0,0,0,158.375
function@spec_rand,0,0,0,0,0,0,0,0,0,0,0
function@spec_genrand_int32,0,0,0,0,0,20,0,0,0,0,171.484
function@spec_lrand48,0,0,0,0,0,0,0,0,0,0,0
function@spec_init_by_array,0,0,0,0,0,4,0,0,0,0,126.5
function@spec_genrand_int31,0,0,0,0,0,0,0,0,0,0,0
function@spec_genrand_real1,0,0,0,0,0,0,0,0,0,0,0
function@spec_genrand_real2,0,0,0,0,0,0,0,0,0,0,0
function@spec_genrand_real3,0,0,0,0,0,0,0,0,0,0,0
function@spec_genrand_res53,1,0,0,1,0,0,1,0,1,0,0
function@getpdb,11,6,0,13,3,14,80.767,41.7937,83.5599,3.2208,348.955
function@getmatrix,0,0,0,0,0,1,0,0,0,0,0.553634
function@putpdb,111,15,0,56,28,53,13869.2,5269.44,6844.79,3010.97,9893.48
function@putcif,16,1,0,12,2,8,46815.1,11.7647,1540.35,247.059,31012.4
function@putbnd,20,7,0,17,2,22,3502.87,2837.78,391.314,4.7392,11338.2
function@putdist,29,1,0,19,0,20,445709,377.778,115035,0,337876
function@putmatrix,0,0,0,0,0,2,0,0,0,0,1.5551
function@initres,0,0,0,0,0,0,0,0,0,0,0
function@makebonds,14,2,0,10,4,15,383.48,176.56,72.36,21.04,433.08
function@chirvol,6,6,0,10,0,1,6,6,10,0,1
function@vector,0,0,0,0,0,2,0,0,0,0,2
function@ivector,0,0,0,0,0,1,0,0,0,0,1
function@ipvector,0,0,0,0,0,1,0,0,0,0,1
function@matrix,3,7,0,9,1,16,8.49998,37.0624,4.12499,0.499999,35.8124
function@imatrix,3,7,0,9,1,16,8.49998,37.0624,4.12499,0.499999,35.8124
function@free_vector,0,0,0,0,0,0,0,0,0,0,0
function@free_ivector,0,0,0,0,0,0,0,0,0,0,0
function@free_matrix,0,0,0,0,0,0,0,0,0,0,0
function@free_imatrix,0,0,0,0,0,0,0,0,0,0,0
function@errormsg,0,0,0,0,0,0,0,0,0,0,0
function@errormsg_s,0,0,0,0,0,0,0,0,0,0,0
function@errormsg_2s,0,0,0,0,0,0,0,0,0,0,0
function@errormsg_d,0,0,0,0,0,0,0,0,0,0,0
function@errors,0,0,0,0,0,0,0,0,0,0,0
function@seconds,0,0,0,0,0,0,0,0,0,0,0
function@myroc,0,0,0,0,0,0,0,0,0,0,0
function@get_blocksize,0,0,0,0,0,0,0,0,0,0,0
function@mpiinit,0,0,0,0,0,0,0,0,0,0,0
function@getxyz,0,0,0,0,0,0,0,0,0,0,0
function@getxyzw,1,2,0,2,0,9,1,25,1.625,0,120.244
function@putxyz,0,0,0,0,0,0,0,0,0,0,0
function@putxyzw,0,0,0,0,0,5,0,0,0,0,40.625
function@strindex,3,0,0,2,0,1,1.15725,0,1.53588,0,0.767939
function@getxv,1,3,0,1,0,11,1,12.25,1,0,150.244
function@putxv,5,0,0,1,0,7,33.5,0,0.999999,0,98.125
function@checkpoint,6,1,0,2,0,14,1.49802,0.124008,1.25,0,69.7768
function@mme_timer,0,0,0,0,0,0,0,0,0,0,0
function@mme_init,22,0,0,19,0,58,1964.99,0,149.374,0,3620.49
function@mme34,179,56,0,152,3,54,5142.19,2231.09,2612.22,4.53155,1260.24
function@mme,0,0,0,0,0,0,0,0,0,0,0
function@mme4,0,0,0,0,0,0,0,0,0,0,0
function@mm_set_checkpoint,0,0,0,0,0,1,0,0,0,0,1
function@md,48,23,0,33,4,74,81.9278,100.674,50.0923,8.21312,972.081
function@ebond,10,3,0,12,0,6,162.286,50.7143,154.143,0,102.429
function@eangl,27,11,0,35,0,13,486.857,223.143,641,0,223.143
function@ephi,101,68,0,106,2,26,1310.01,1286.47,1546.11,39.9995,494.692
function@nbond,40,8,0,46,3,11,1958.4,443.36,1138.8,10.64,740.04
function@setseed,0,0,0,0,0,1,0,0,0,0,1
function@rseed,0,0,0,0,0,0,0,0,0,0,0
function@gauss,1,2,0,2,0,0,32,2,33,0,0
function@main,0,0,0,0,0,7,0,0,0,0,6.99999
function@setpoint,3,1,0,4,0,2,633,301.429,356.057,0,3315.83
function@select_atoms,101,36,0,82,1,154,1.45628e+06,52741.7,1.03925e+06,7.05967,2.39683e+06
function@atom_in_aexpr,7,2,0,9,0,44,35.9592,10.4683,5.3016,0,162.145
function@set_attr_if,15,2,0,15,0,18,39846.8,4693.17,39441.4,0,49353.2
function@clear_attr,5,2,0,6,0,8,1314.25,5759.83,1175.5,0,23226
function@is_pattern,0,0,0,0,0,3,0,0,0,0,2.75163
function@match_atom_pat,4,0,0,4,0,5,2333,0,2273,0,4694
function@getreslibkind,0,0,0,0,0,2,0,0,0,0,1.01587
function@read_reslib,58,8,0,15,16,36,66.824,90.5335,7.23482,1.37725,286.283
function@setreslibkind,0,0,0,0,0,4,0,0,0,0,2.05164
function@getresidue,0,0,0,0,0,2,0,0,0,0,1.01587
function@copyresidue,29,2,0,15,1,39,11.7874,1.83075,5.34305,0.0419269,16.9476
function@copystrand,0,2,0,1,0,6,0,0.384615,0.384615,0,8.15385
function@copymolecule,0,0,0,0,0,4,0,0,0,0,10.2059
function@addres2reslib,7,2,0,6,0,5,39.8425,15.6245,17.3628,0,18.0151
function@addbonds2reslib,33,1,0,5,0,4,27.7058,0.00134273,19.1384,0,13.7949
function@addqr2reslib,6,1,0,5,0,2,120.146,98.2927,19.1463,0,99.2927
function@addchi2reslib,0,0,0,0,0,5,0,0,0,0,38.2443
function@ggets,0,0,0,0,0,1,0,0,0,0,1
function@readparm,295,8,0,110,2,294,1774.44,18.8748,127.531,1.70704,2665.94
function@preadln,0,2,0,1,0,5,0,3.14815,1,0,9.7963
function@pfind,0,0,0,0,0,7,0,0,0,0,28.5
function@FortranFormat,0,0,0,0,0,0,0,0,0,0,0
function@FortranWriteInt,0,0,0,0,0,0,0,0,0,0,0
function@FortranWriteDouble,0,0,0,0,0,0,0,0,0,0,0
function@FortranWriteString,0,0,0,0,0,0,0,0,0,0,0
function@writeparm,0,0,0,0,0,62,0,0,0,0,437.647
function@copyparm,0,0,0,0,0,2,0,0,0,0,2
function@readbinposhdr,0,0,0,0,0,0,0,0,0,0,0
function@readbinposfrm,1,0,0,1,0,9,0.15625,0,0.15625,0,15.3125
function@writebinposhdr,0,0,0,0,0,0,0,0,0,0,0
function@writebinposfrm,4,0,0,3,0,6,2.9375,0,2.3125,0,27.625
function@nblist,97,32,0,57,18,78,1051.33,335.096,160.594,18.6416,1367.79
function@heapsort_index,35,2,0,14,0,22,825.531,19.875,69.875,0,607.094
function@buildkdtree,61,29,0,43,0,39,631.087,391.724,137.619,0,290.951
function@searchkdtree,9,1,0,8,0,11,63.75,19.875,8,0,86.625
function@heapsort_pairs,17,2,0,11,0,22,177,19.875,57,0,364.5
function@sDBRemoveSpaces,0,0,0,0,0,1,0,0,0,0,1
function@sDBRemoveControlAndPadding,0,0,0,0,0,3,0,0,0,0,14.35
function@sDBRemoveLeadingSpaces,0,0,0,0,0,1,0,0,0,0,1
function@sDBRemoveFirstString,0,0,0,0,0,0,0,0,0,0,0
function@dDictCreate,0,0,0,0,0,0,0,0,0,0,0
function@DictDestroy,0,0,0,0,0,0,0,0,0,0,0
function@DictAdd,0,0,0,0,0,2,0,0,0,0,1
function@vPDictFind,0,0,0,0,0,0,0,0,0,0,0
function@vPDictDelete,0,0,0,0,0,2,0,0,0,0,1.1
function@ziDictKeyCompare,0,0,0,0,0,0,0,0,0,0,0
function@dlDictLoop,0,0,0,0,0,1,0,0,0,0,1
function@vPDictNext,0,0,0,0,0,0,0,0,0,0,0
function@zbDBParseSimpleHeader,0,0,0,0,0,2,0,0,0,0,7.66667
function@CompactDataBase,7,6,0,8,3,5,68.8889,256.258,60.6726,11.4087,40.6825
function@dbDBRndOpen,8,1,0,4,4,8,0.205197,0.0774024,0.433664,0.162141,2.4714
function@bDBRndDeleteEntry,2,0,0,1,0,3,0.062988,0,0.390625,0,13.5315
function@DBRndLoopEntryWithPrefix,0,0,0,0,0,2,0,0,0,0,13.5
function@bDBRndNextEntryWithPrefix,0,1,0,1,0,2,0,10.625,1,0,2
function@dbDBSeqOpen,0,0,0,0,0,6,0,0,0,0,2.85965
function@DBSeqRewind,0,0,0,0,0,0,0,0,0,0,0
function@DBSeqSkipData,0,0,0,0,0,0,0,0,0,0,0
function@lDBSeqCurPos,0,0,0,0,0,0,0,0,0,0,0
function@DBSeqGoto,0,0,0,0,0,0,0,0,0,0,0
function@bDBGetType,0,0,0,0,0,2,0,0,0,0,7.25
function@bDBGetValue,0,3,0,3,0,11,0,0.0498695,0.0526875,0,10.6819
function@DBPutValue,2,0,0,2,2,11,0.666667,0,2,3.33333,53.7083
function@ePrepareDatabaseForEntry,7,0,0,4,0,5,3.57812,0,4,0,3.75
function@ConstructDataHeader,0,0,0,0,0,3,0,0,0,0,2.7619
function@bDBGetTableType,3,0,0,0,6,9,6.5333,0,0,7.3763,801.94
function@bDBGetTable,18,1,0,32,3,40,5.99681,0.187585,9.3807,0.00124204,15.7594
function@sStripString,0,0,0,0,0,6,0,0,0,0,37.0435
function@DBPutTable,44,0,0,49,7,20,695.92,0,693.812,2.47559,337.749
function@AddColumnType,0,0,0,0,0,2,0,0,0,0,2
function@ConcatString,0,0,0,0,0,4,0,0,0,0,22
function@DBClose,1,0,0,1,2,5,0.191176,0,3.17647,3.26471,7.19118
function@DBPushPrefix,0,0,0,0,0,1,0,0,0,0,12.5
function@DBPopPrefix,0,0,0,0,0,0,0,0,0,0,0
function@DBZeroPrefix,0,0,0,0,0,0,0,0,0,0,0
function@DBPushZeroPrefix,0,0,0,0,0,0,0,0,0,0,0
