Comando: /home/mpvreal/Code/Faculdade/tcc/llvm/build/bin/llc --march=x86 --regalloc=basic -o -
Heurística: div(cost,pow(degree,2))
function@newmolecule,0,0,0,0,0,2,0,0,0,0,2
function@freeresidue,0,0,0,0,0,1,0,0,0,0,12.5294
function@freemolecule,0,0,0,0,0,3,0,0,0,0,524.719
function@addstrand,0,0,0,0,0,4,0,0,0,0,9.7109
function@addresidue,8,6,0,4,2,6,1.05814,2.49612,0.496124,0.0852713,4.6124
function@connectres,17,2,0,5,0,4,0.555588,0.221913,0.422147,0,1.13945
function@mergestr,79,43,0,29,28,19,61.5979,125.073,14.1317,30.9448,173.087
function@upd_molnumbers,13,9,0,6,11,2,2254.43,5831.95,587.524,1393.57,8126.95
function@countmolstrands,0,0,0,0,0,1,0,0,0,0,1
function@countstrandresidues,0,0,0,0,0,1,0,0,0,0,15.75
function@countmolres,9,6,0,5,2,5,1126.1,511.333,60.5714,19,864.381
function@countmolatoms,6,5,0,4,4,20,1272.24,854.238,54.2381,838,71365.7
function@dist,0,0,0,0,0,0,0,0,0,0,0
function@distp,0,0,0,0,0,0,0,0,0,0,0
function@angle,3,2,0,5,0,0,3,1.77163,3.94118,0,0
function@anglep,3,2,0,5,0,0,3,1.77778,3.94444,0,0
function@torsion,0,0,0,0,0,0,0,0,0,0,0
function@torsionp,20,23,0,10,0,1,20,23,10,0,0.5
function@getresname,0,0,0,0,0,2,0,0,0,0,2
function@cap,147,30,0,26,10,16,429.59,120.25,46.6734,8.03208,44.1387
function@delete_atom,50,35,0,25,17,15,599.353,758.667,156.569,44.1961,379.922
function@copyextbonds,0,0,0,0,0,3,0,0,0,0,21.16
function@setreskind,2,3,0,2,0,1,26.25,45,20.625,0,200
function@setxyz_from_mol,10,5,0,5,4,2,22668.5,896.667,8590,879.667,8534.25
function@setxyzw_from_mol,11,5,0,5,4,3,26935.1,896.667,8590,879.667,12800.8
function@setmol_from_xyz,10,5,0,5,4,2,22668.5,896.667,8590,879.667,8534.25
function@setmol_from_xyzw,15,5,0,6,5,3,44001.4,896.667,12856.6,5146.25,12800.8
function@NAB_ainit,0,0,0,0,0,0,0,0,0,0,0
function@NAB_initres,0,0,0,0,0,0,0,0,0,0,0
function@NAB_initatom,0,0,0,0,0,0,0,0,0,0,0
function@NAB_mnext,0,0,0,0,0,2,0,0,0,0,4.08075
function@NAB_rnext,0,0,0,0,0,2,0,0,0,0,7.2
function@NAB_anext,0,0,0,0,0,3,0,0,0,0,1.68
function@NAB_mri,40,27,0,19,37,6,814.549,2104.38,213.043,503.894,2932.44
function@NAB_rri,59,27,0,23,37,6,817.701,2104.38,214.385,503.894,2932.44
function@NAB_rrc,0,0,0,0,0,1,0,0,0,0,1
function@NAB_ari,99,45,0,39,62,10,757.303,1947.66,198.907,466.443,2714.05
function@NAB_arf,0,0,0,0,0,1,0,0,0,0,1
function@NAB_arc,30,13,0,16,19,3,328.423,827.637,86.5302,199.539,1150.36
function@NAB_arp,0,0,0,0,0,0,0,0,0,0,0
function@newtransform,12,0,0,3,0,0,7.5,0,1.875,0,0
function@concat_mat,0,0,0,0,0,4,0,0,0,0,65.75
function@transformres,0,0,0,0,0,3,0,0,0,0,23.25
function@transformmol,6,5,0,4,4,2,1272.24,854.238,54.2381,838,8127.95
function@transformpts,0,1,0,0,2,6,0,5,0,5.15686,37.7059
function@updtransform,0,0,0,0,0,0,0,0,0,0,0
function@trans4p,0,0,0,0,0,0,0,0,0,0,0
function@NAB_matcpy,0,0,0,0,0,1,0,0,0,0,1
function@trans4,0,0,0,0,0,0,0,0,0,0,0
function@rot4p,13,14,0,13,0,1,13,14,11.5,0,1
function@rot4,0,0,0,0,0,0,0,0,0,0,0
function@set_belly_mask,163,15,0,39,31,55,11762.8,500.598,818.24,8925.42,17555.7
function@set_cons_mask,11,3,0,5,4,5,18440.4,427.619,694.238,838,16915.2
function@circle,9,12,0,10,0,0,8.88235,11.7059,9.94118,0,0
function@rt_errormsg,0,0,0,0,0,0,0,0,0,0,0
function@rt_errormsg_s,0,0,0,0,0,0,0,0,0,0,0
function@rt_errormsg_2s,0,0,0,0,0,0,0,0,0,0,0
function@rt_errormsg_d,0,0,0,0,0,0,0,0,0,0,0
function@regcomp,94,25,0,21,27,36,10.9312,1.74674,1.54185,1.2631,5.43056
function@p_ere,462,101,0,101,33,130,1023.44,412.718,347.536,46.6471,109.543
function@p_bre,337,51,0,49,14,90,362.497,98.1636,68.5094,14.3341,67.3908
function@doinsert,9,5,0,7,5,21,1.89109,1.21452,2.40099,1.12046,8.30363
function@p_bracket,319,90,0,59,28,64,385.219,31.9988,17.9237,4.83753,24.8536
function@ordinary,12,3,0,7,4,7,2.66113,0.410156,2.02734,0.65625,2.79688
function@repeat,314,47,0,58,36,68,33.6628,6.43476,11.9959,3.01564,2.82474
function@p_b_symbol,12,12,0,7,6,2,0.416327,3.11434,1.2289,0.177213,2
function@bothcases,1,0,0,1,0,2,1,0,1,0,2
function@regexec,119,156,0,58,26,55,96.4315,257.708,13.2723,6.582,97.393
function@sslow,17,21,0,9,7,19,181.19,445.286,116.905,54.1429,1474.38
function@sdissect,69,49,0,27,18,13,1526.62,1539.81,464.062,129.125,538.188
function@sbackref,92,40,0,22,40,17,18.925,8.19622,5.5233,7.13752,34.2141
function@sstep,15,3,0,7,6,33,70.0943,2.07547,4.75472,18.7547,61.717
function@lslow,13,21,0,12,5,7,211.667,432.381,112.143,61.2857,48.9048
function@ldissect,59,48,0,25,13,18,1309.5,1538.06,465.938,154.125,606.188
function@lbackref,92,40,0,22,40,17,18.925,8.19622,5.5233,7.13752,34.2141
function@lstep,41,6,0,7,5,4,59.6038,4.0566,4.86792,33.566,40.717
function@regfree,0,0,0,0,0,0,0,0,0,0,0
function@regerror,1,2,0,2,2,6,0.3125,0.625,2,0.625,5.125
function@spec_srand,0,0,0,0,0,6,0,0,0,0,190.25
function@spec_init_genrand,0,0,0,0,0,6,0,0,0,0,190.25
function@spec_rand,0,0,0,0,0,0,0,0,0,0,0
function@spec_genrand_int32,0,0,0,0,0,21,0,0,0,0,179.71
function@spec_lrand48,0,0,0,0,0,0,0,0,0,0,0
function@spec_init_by_array,0,0,0,0,0,5,0,0,0,0,158.375
function@spec_genrand_int31,0,0,0,0,0,0,0,0,0,0,0
function@spec_genrand_real1,0,0,0,0,0,0,0,0,0,0,0
function@spec_genrand_real2,0,0,0,0,0,0,0,0,0,0,0
function@spec_genrand_real3,0,0,0,0,0,0,0,0,0,0,0
function@spec_genrand_res53,1,0,0,1,0,0,1,0,1,0,0
function@getpdb,15,11,0,15,9,6,75.8213,52.3246,74.8883,12.8418,474.139
function@initres,0,0,0,0,0,0,0,0,0,0,0
function@makebonds,22,8,0,11,9,10,454.84,289.68,138.88,42.72,401.88
function@getmatrix,0,0,0,0,0,1,0,0,0,0,0.553634
function@putpdb,126,34,0,49,33,14,22148.3,9250.26,4679.73,4353.73,3961.69
function@putcif,28,5,0,8,12,3,62043.5,408.588,428.353,1173.53,15435.3
function@putbnd,32,21,0,12,12,8,3684.3,5713.59,33.2693,207.175,5681.73
function@putdist,38,14,0,11,28,11,767827,12208.3,107509,66092.3,224704
function@putmatrix,0,0,0,0,0,2,0,0,0,0,1.5551
function@chirvol,8,13,0,10,0,0,8,13,10,0,0
function@nrerror,0,0,0,0,0,0,0,0,0,0,0
function@vector,0,0,0,0,0,2,0,0,0,0,2
function@ivector,0,0,0,0,0,1,0,0,0,0,1
function@ipvector,0,0,0,0,0,1,0,0,0,0,1
function@matrix,12,7,0,8,13,8,75.7499,28.0624,6.49999,6.49999,29.8124
function@imatrix,12,7,0,8,13,8,75.7499,28.0624,6.49999,6.49999,29.8124
function@free_vector,0,0,0,0,0,0,0,0,0,0,0
function@free_ivector,0,0,0,0,0,0,0,0,0,0,0
function@free_matrix,0,0,0,0,0,0,0,0,0,0,0
function@free_imatrix,0,0,0,0,0,0,0,0,0,0,0
function@errormsg,0,0,0,0,0,0,0,0,0,0,0
function@errormsg_s,0,0,0,0,0,0,0,0,0,0,0
function@errormsg_2s,0,0,0,0,0,0,0,0,0,0,0
function@errormsg_d,0,0,0,0,0,0,0,0,0,0,0
function@errors,0,0,0,0,0,0,0,0,0,0,0
function@seconds,0,0,0,0,0,0,0,0,0,0,0
function@myroc,0,0,0,0,0,0,0,0,0,0,0
function@get_nr_debug,0,0,0,0,0,0,0,0,0,0,0
function@get_blocksize,0,0,0,0,0,0,0,0,0,0,0
function@get_mytaskid,0,0,0,0,0,0,0,0,0,0,0
function@get_numtasks,0,0,0,0,0,0,0,0,0,0,0
function@mpierror,0,0,0,0,0,0,0,0,0,0,0
function@reducerror,0,0,0,0,0,0,0,0,0,0,0
function@mpifinalize,0,0,0,0,0,0,0,0,0,0,0
function@mpiinit,0,0,0,0,0,0,0,0,0,0,0
function@getxyz,0,0,0,0,0,0,0,0,0,0,0
function@getxyzw,1,6,0,4,0,7,1,27.8691,1.625,0,110
function@putxyz,0,0,0,0,0,0,0,0,0,0,0
function@putxyzw,0,0,0,0,0,5,0,0,0,0,40.625
function@strindex,5,0,0,1,5,1,3.30382,0,0.378626,2.56031,0.767939
function@getxv,1,8,0,3,0,10,1,16.1191,1,0,150
function@putxv,8,1,0,2,0,6,36.125,0.625,1,0,97.5
function@checkpoint,6,6,0,2,0,11,1.875,2.87698,1.25,0,68.6508
function@mme_timer,0,0,0,0,0,0,0,0,0,0,0
function@mme_init,83,7,0,29,17,46,2681.69,51.8122,110.954,132.738,2127.93
function@mme34,82,43,0,48,15,22,153.036,52.9167,39.2813,14.9271,70.4375
function@egb,1,0,0,2,0,9,0.999999,0,1,0,4.54688
function@ebond,22,9,0,14,3,2,386.429,153.143,176.048,41.1905,40.5714
function@eangl,80,32,0,35,5,2,1471.71,569,591.286,81.7619,40.5714
function@ephi,128,163,0,90,7,4,2450.82,2603.56,1232.82,101.249,99.9988
function@egb.omp_outlined,28,24,0,26,2,5,28275,5077.25,11251,206.25,8600
function@egb.omp_outlined.81,118,78,0,82,9,15,106182,87748.1,61671.5,3569.58,12383
function@egb.omp_outlined.81.omp.reduction.reduction_func,1,0,0,1,0,0,1,0,1,0,0
function@egb.omp_outlined.84,89,94,0,81,4,8,48927.3,24255.3,32277.6,412.5,8400
function@nbond.omp_outlined,93,46,0,64,16,16,29947.6,10755.9,11990.4,2913.45,5942.74
function@nbond.omp_outlined.omp.reduction.reduction_func,0,0,0,0,0,0,0,0,0,0,0
function@mme,0,0,0,0,0,0,0,0,0,0,0
function@mme4,0,0,0,0,0,0,0,0,0,0,0
function@mm_set_checkpoint,0,0,0,0,0,1,0,0,0,0,1
function@md,84,50,0,37,33,34,231.619,760.367,144.051,44.7893,838.167
function@setseed,0,0,0,0,0,1,0,0,0,0,1
function@rseed,0,0,0,0,0,0,0,0,0,0,0
function@gauss,4,2,0,2,0,0,81.5,2,64,0,0
function@rand2,0,0,0,0,0,0,0,0,0,0,0
function@CG_exit,0,0,0,0,0,0,0,0,0,0,0
function@main,0,0,0,0,0,7,0,0,0,0,6.99999
function@setpoint,5,5,0,4,2,2,386.2,649.071,55.6286,310.843,3315.83
function@select_atoms,155,102,0,85,61,120,2.08182e+06,407710,600448,277429,2.71579e+06
function@is_pattern,0,0,0,0,0,4,0,0,0,0,3.75163
function@match_atom_pat,11,3,0,3,4,5,5345.75,235.5,235.5,439.667,6614
function@atom_in_aexpr,15,3,0,9,8,27,57.452,11.6771,17.5682,16.986,103.46
function@set_attr_if,23,9,0,12,4,13,61243.4,8123,30349.4,879.667,47513.6
function@clear_attr,8,8,0,5,5,5,1490,6923.08,483.333,1146.25,22399.6
function@getreslibkind,0,0,0,0,0,3,0,0,0,0,2.01587
function@read_reslib,44,38,0,12,27,15,179.885,152.573,25.0404,27.9433,259.26
function@addres2reslib,34,7,0,4,4,3,132.262,33.2646,2.49414,16.1128,9.20288
function@addbonds2reslib,40,10,0,4,0,4,51.1948,15.5893,12.987,0,13.7949
function@addqr2reslib,9,4,0,4,4,2,132.951,105.293,4.14634,12.8293,99.2927
function@addchi2reslib,0,0,0,0,0,5,0,0,0,0,38.2443
function@setreslibkind,0,0,0,0,0,4,0,0,0,0,2.05164
function@getresidue,0,0,0,0,0,4,0,0,0,0,2.6719
function@copyresidue,95,29,0,11,18,20,72.4075,13.6745,2.81556,5.90959,12.0066
function@copystrand,2,1,0,1,0,6,0.769231,0.625,0.625,0,9.98077
function@copymolecule,0,0,0,0,0,4,0,0,0,0,10.2059
function@ggets,0,0,0,0,0,1,0,0,0,0,1
function@readparm,690,37,0,114,17,206,3338.01,127.519,144.769,59.8128,2506.18
function@preadln,0,4,0,3,3,2,0,5.14815,1.37037,2.31481,8.42593
function@pfind,0,0,0,0,0,7,0,0,0,0,28.5
function@FortranFormat,0,0,0,0,0,0,0,0,0,0,0
function@FortranWriteInt,0,0,0,0,0,0,0,0,0,0,0
function@FortranWriteDouble,0,0,0,0,0,0,0,0,0,0,0
function@FortranWriteString,0,0,0,0,0,0,0,0,0,0,0
function@FortranEndLine,0,0,0,0,0,0,0,0,0,0,0
function@writeparm,0,0,0,0,0,62,0,0,0,0,437.647
function@copyparm,0,0,0,0,0,2,0,0,0,0,2
function@readbinposhdr,0,0,0,0,0,0,0,0,0,0,0
function@readbinposfrm,2,3,0,1,1,8,0.468749,7.96873,0.312499,0.312499,15.1562
function@writebinposhdr,0,0,0,0,0,0,0,0,0,0,0
function@writebinposfrm,8,5,0,3,2,4,6.9375,17.1875,2.625,1.625,26.3125
function@nblist,10,21,0,8,1,14,56.5,20,7.125,0.999999,51.5
function@heapsort_index,25,9,0,18,11,9,1084.16,175.844,821.594,328.469,207.594
function@buildkdtree,77,46,0,39,12,13,1023.78,612.685,197.871,294.196,145.024
function@nblist.omp_outlined,52,25,0,12,15,11,2710.04,551.531,73.7266,111.562,686.992
function@searchkdtree,15,2,0,9,0,7,76.5,31.875,9,0,75.125
function@heapsort_pairs,10,11,0,8,8,8,104.531,367.844,45.6562,41.4062,203.688
function@nblist.omp_outlined.omp.reduction.reduction_func,0,0,0,0,0,0,0,0,0,0,0
function@sDBRemoveSpaces,0,0,0,0,0,2,0,0,0,0,2
function@sDBRemoveControlAndPadding,0,0,0,0,0,4,0,0,0,0,15.35
function@sDBRemoveLeadingSpaces,0,0,0,0,0,1,0,0,0,0,1
function@sDBRemoveFirstString,0,0,0,0,0,0,0,0,0,0,0
function@dDictCreate,0,0,0,0,0,0,0,0,0,0,0
function@DictDestroy,0,0,0,0,0,0,0,0,0,0,0
function@DictAdd,0,0,0,0,0,4,0,0,0,0,2
function@vPDictFind,0,0,0,0,0,1,0,0,0,0,1
function@vPDictDelete,0,0,0,0,0,2,0,0,0,0,1.1
function@ziDictKeyCompare,0,0,0,0,0,0,0,0,0,0,0
function@dlDictLoop,0,0,0,0,0,1,0,0,0,0,1
function@vPDictNext,0,0,0,0,0,0,0,0,0,0,0
function@zbDBParseSimpleHeader,0,0,0,0,0,2,0,0,0,0,7.66667
function@CompactDataBase,5,9,0,6,7,2,49.5238,276.94,40.9901,32.6587,10.8413
function@dbDBRndOpen,12,1,0,4,1,7,0.283235,0.0774024,0.443652,0.0871581,2.09696
function@bDBRndDeleteEntry,6,0,0,1,0,3,2.72729,0,1,0,13.5315
function@DBRndLoopEntryWithPrefix,0,0,0,0,0,2,0,0,0,0,13.5
function@bDBRndNextEntryWithPrefix,0,0,0,0,0,2,0,0,0,0,2
function@dbDBSeqOpen,0,0,0,0,0,6,0,0,0,0,2.85965
function@DBSeqRewind,0,0,0,0,0,0,0,0,0,0,0
function@DBSeqSkipData,0,0,0,0,0,0,0,0,0,0,0
function@lDBSeqCurPos,0,0,0,0,0,0,0,0,0,0,0
function@DBSeqGoto,0,0,0,0,0,0,0,0,0,0,0
function@bDBGetType,0,0,0,0,0,2,0,0,0,0,7.25
function@bDBGetValue,0,5,0,3,3,11,0,0.059433,1.03513,0.0263436,10.6819
function@sStripString,0,0,0,0,0,7,0,0,0,0,38.0435
function@DBPutValue,0,1,0,0,2,7,0,1.66667,0,1.71875,49.5417
function@ePrepareDatabaseForEntry,16,0,0,4,0,6,10.75,0,4,0,3.625
function@ConstructDataHeader,0,0,0,0,0,3,0,0,0,0,2.7619
function@ConcatString,0,0,0,0,0,4,0,0,0,0,22
function@bDBGetTableType,6,1,0,1,11,7,10.8071,3.0754,0.562004,11.085,795.69
function@bDBGetTable,8,14,0,19,23,12,4.27518,9.07669,4.11526,9.55479,6.29113
function@DBPutTable,46,10,0,43,20,1,197.686,25.6055,37.9727,180.671,12.5
function@AddColumnType,0,0,0,0,0,2,0,0,0,0,2
function@DBClose,6,2,0,3,2,2,12.8676,3.36765,6.85294,0.485294,3.67647
function@DBPushPrefix,0,0,0,0,0,1,0,0,0,0,12.5
function@DBPopPrefix,0,0,0,0,0,0,0,0,0,0,0
function@DBZeroPrefix,0,0,0,0,0,0,0,0,0,0,0
function@DBPushZeroPrefix,0,0,0,0,0,0,0,0,0,0,0
