Comando: /home/mpvreal/Code/Faculdade/tcc/llvm/build/bin/llc -march=x86 --regalloc=basic -o -
Heurística: div(cost,pow(degree,2))
~&SPILL_STATS,0, 0, 0, 0, 0, 2, 0, 0, 0, 0, 2
~&SPILL_STATS,0, 0, 0, 0, 0, 1, 0, 0, 0, 0, 12.5294
~&SPILL_STATS,0, 0, 0, 0, 0, 3, 0, 0, 0, 0, 524.719
~&SPILL_STATS,0, 0, 0, 0, 0, 4, 0, 0, 0, 0, 9.7109
~&SPILL_STATS,8, 6, 0, 4, 2, 6, 1.05814, 2.49612, 0.496124, 0.0852713, 4.6124
~&SPILL_STATS,17, 2, 0, 5, 0, 4, 0.555588, 0.221913, 0.422147, 0, 1.13945
~&SPILL_STATS,78, 39, 0, 27, 27, 23, 58.9213, 20.1465, 2.88974, 28.2682, 456.818
~&SPILL_STATS,12, 5, 0, 4, 10, 6, 2127.48, 854.238, 54.2381, 1266.62, 21587.2
~&SPILL_STATS,0, 0, 0, 0, 0, 1, 0, 0, 0, 0, 1
~&SPILL_STATS,0, 0, 0, 0, 0, 1, 0, 0, 0, 0, 15.75
~&SPILL_STATS,9, 7, 0, 5, 2, 5, 1132.43, 524, 66.9048, 19, 864.381
~&SPILL_STATS,6, 5, 0, 4, 4, 20, 1272.24, 854.238, 54.2381, 838, 71365.7
~&SPILL_STATS,0, 0, 0, 0, 0, 0, 0, 0, 0, 0, 0
~&SPILL_STATS,0, 0, 0, 0, 0, 0, 0, 0, 0, 0, 0
~&SPILL_STATS,3, 2, 0, 5, 0, 0, 3, 1.77163, 3.94118, 0, 0
~&SPILL_STATS,3, 2, 0, 5, 0, 0, 3, 1.77778, 3.94444, 0, 0
~&SPILL_STATS,0, 0, 0, 0, 0, 0, 0, 0, 0, 0, 0
~&SPILL_STATS,19, 23, 0, 9, 0, 1, 19, 23, 9, 0, 0.5
~&SPILL_STATS,0, 0, 0, 0, 0, 2, 0, 0, 0, 0, 2
~&SPILL_STATS,140, 37, 0, 25, 10, 19, 423.139, 207.905, 47.5905, 8.03208, 48.4593
~&SPILL_STATS,50, 35, 0, 25, 17, 15, 599.353, 758.667, 156.569, 44.1961, 379.922
~&SPILL_STATS,0, 0, 0, 0, 0, 3, 0, 0, 0, 0, 21.16
~&SPILL_STATS,2, 3, 0, 2, 0, 1, 26.25, 45, 20.625, 0, 200
~&SPILL_STATS,10, 5, 0, 5, 4, 2, 22668.5, 896.667, 8590, 879.667, 8534.25
~&SPILL_STATS,11, 5, 0, 5, 4, 3, 26935.1, 896.667, 8590, 879.667, 12800.8
~&SPILL_STATS,10, 5, 0, 5, 4, 2, 22668.5, 896.667, 8590, 879.667, 8534.25
~&SPILL_STATS,15, 5, 0, 6, 5, 3, 44001.4, 896.667, 12856.6, 5146.25, 12800.8
~&SPILL_STATS,0, 0, 0, 0, 0, 0, 0, 0, 0, 0, 0
~&SPILL_STATS,0, 0, 0, 0, 0, 0, 0, 0, 0, 0, 0
~&SPILL_STATS,0, 0, 0, 0, 0, 0, 0, 0, 0, 0, 0
~&SPILL_STATS,0, 0, 0, 0, 0, 2, 0, 0, 0, 0, 4.08075
~&SPILL_STATS,0, 0, 0, 0, 0, 2, 0, 0, 0, 0, 7.2
~&SPILL_STATS,0, 0, 0, 0, 0, 3, 0, 0, 0, 0, 1.68
~&SPILL_STATS,37, 15, 0, 13, 34, 18, 768.73, 308.264, 20.6034, 458.075, 7789.3
~&SPILL_STATS,56, 15, 0, 17, 34, 18, 771.882, 308.264, 21.9454, 458.075, 7789.3
~&SPILL_STATS,0, 0, 0, 0, 0, 1, 0, 0, 0, 0, 1
~&SPILL_STATS,94, 25, 0, 29, 57, 30, 714.897, 285.306, 20.8001, 424.036, 7209.2
~&SPILL_STATS,0, 0, 0, 0, 0, 1, 0, 0, 0, 0, 1
~&SPILL_STATS,29, 9, 0, 14, 18, 7, 310.471, 123.937, 11.1338, 181.588, 3053.22
~&SPILL_STATS,0, 0, 0, 0, 0, 0, 0, 0, 0, 0, 0
~&SPILL_STATS,12, 0, 0, 3, 0, 0, 7.5, 0, 1.875, 0, 0
~&SPILL_STATS,0, 0, 0, 0, 0, 4, 0, 0, 0, 0, 65.75
~&SPILL_STATS,0, 0, 0, 0, 0, 3, 0, 0, 0, 0, 23.25
~&SPILL_STATS,6, 5, 0, 4, 4, 2, 1272.24, 854.238, 54.2381, 838, 8127.95
~&SPILL_STATS,0, 1, 0, 0, 2, 6, 0, 5, 0, 5.15686, 37.7059
~&SPILL_STATS,0, 0, 0, 0, 0, 0, 0, 0, 0, 0, 0
~&SPILL_STATS,0, 0, 0, 0, 0, 0, 0, 0, 0, 0, 0
~&SPILL_STATS,0, 0, 0, 0, 0, 1, 0, 0, 0, 0, 1
~&SPILL_STATS,0, 0, 0, 0, 0, 0, 0, 0, 0, 0, 0
~&SPILL_STATS,13, 14, 0, 13, 0, 1, 13, 14, 11.5, 0, 1
~&SPILL_STATS,0, 0, 0, 0, 0, 0, 0, 0, 0, 0, 0
~&SPILL_STATS,163, 15, 0, 39, 31, 54, 11762.8, 500.598, 818.24, 8925.42, 17555.5
~&SPILL_STATS,11, 3, 0, 5, 4, 5, 18440.4, 427.619, 694.238, 838, 16915.2
~&SPILL_STATS,9, 12, 0, 10, 0, 0, 8.88235, 11.7059, 9.94118, 0, 0
~&SPILL_STATS,0, 0, 0, 0, 0, 0, 0, 0, 0, 0, 0
~&SPILL_STATS,0, 0, 0, 0, 0, 0, 0, 0, 0, 0, 0
~&SPILL_STATS,0, 0, 0, 0, 0, 0, 0, 0, 0, 0, 0
~&SPILL_STATS,0, 0, 0, 0, 0, 0, 0, 0, 0, 0, 0
~&SPILL_STATS,88, 24, 0, 16, 26, 41, 10.796, 1.78478, 1.27078, 1.75293, 5.73904
~&SPILL_STATS,463, 97, 0, 104, 33, 131, 1010.7, 405.217, 347.469, 45.1083, 119.846
~&SPILL_STATS,348, 48, 0, 58, 17, 85, 374.705, 94.9655, 76.4009, 17.1312, 63.6428
~&SPILL_STATS,9, 5, 0, 7, 5, 21, 1.89109, 1.21452, 2.40099, 1.12046, 8.30363
~&SPILL_STATS,316, 92, 0, 58, 28, 66, 388.08, 31.7274, 18.3953, 4.85613, 26.1172
~&SPILL_STATS,12, 3, 0, 7, 4, 7, 2.66113, 0.410156, 2.02734, 0.65625, 2.79688
~&SPILL_STATS,289, 46, 0, 51, 28, 70, 32.7367, 5.81859, 11.331, 2.93357, 3.60945
~&SPILL_STATS,12, 12, 0, 7, 6, 2, 0.416327, 3.11434, 1.2289, 0.177213, 2
~&SPILL_STATS,1, 0, 0, 1, 0, 2, 1, 0, 1, 0, 2
~&SPILL_STATS,117, 153, 0, 54, 26, 47, 96.2475, 257.634, 13.2217, 6.582, 92.0195
~&SPILL_STATS,17, 21, 0, 9, 7, 19, 181.19, 445.286, 116.905, 54.1429, 1474.38
~&SPILL_STATS,59, 42, 0, 23, 20, 17, 1232.94, 1439.38, 365.812, 200.125, 820.812
~&SPILL_STATS,92, 40, 0, 22, 40, 17, 18.925, 8.19622, 5.5233, 7.15797, 34.2141
~&SPILL_STATS,15, 3, 0, 7, 6, 33, 70.0943, 2.07547, 4.75472, 18.7547, 61.717
~&SPILL_STATS,13, 21, 0, 12, 5, 7, 211.667, 431.905, 112.143, 61.2857, 48.9048
~&SPILL_STATS,51, 41, 0, 22, 15, 18, 1017.5, 1403.88, 369.438, 157.625, 816.125
~&SPILL_STATS,92, 40, 0, 22, 40, 17, 18.925, 8.19622, 5.5233, 7.15797, 34.2141
~&SPILL_STATS,41, 6, 0, 7, 5, 4, 59.6038, 4.0566, 4.86792, 33.566, 40.717
~&SPILL_STATS,0, 0, 0, 0, 0, 0, 0, 0, 0, 0, 0
~&SPILL_STATS,1, 2, 0, 2, 2, 6, 0.3125, 0.625, 2, 0.625, 5.125
~&SPILL_STATS,0, 0, 0, 0, 0, 6, 0, 0, 0, 0, 190.25
~&SPILL_STATS,0, 0, 0, 0, 0, 6, 0, 0, 0, 0, 190.25
~&SPILL_STATS,0, 0, 0, 0, 0, 0, 0, 0, 0, 0, 0
~&SPILL_STATS,0, 0, 0, 0, 0, 21, 0, 0, 0, 0, 179.71
~&SPILL_STATS,0, 0, 0, 0, 0, 0, 0, 0, 0, 0, 0
~&SPILL_STATS,0, 0, 0, 0, 0, 5, 0, 0, 0, 0, 158.375
~&SPILL_STATS,0, 0, 0, 0, 0, 0, 0, 0, 0, 0, 0
~&SPILL_STATS,0, 0, 0, 0, 0, 0, 0, 0, 0, 0, 0
~&SPILL_STATS,0, 0, 0, 0, 0, 0, 0, 0, 0, 0, 0
~&SPILL_STATS,0, 0, 0, 0, 0, 0, 0, 0, 0, 0, 0
~&SPILL_STATS,1, 0, 0, 1, 0, 0, 1, 0, 1, 0, 0
~&SPILL_STATS,15, 11, 0, 14, 9, 6, 71.4855, 52.3246, 63.9512, 12.8418, 474.139
~&SPILL_STATS,0, 0, 0, 0, 0, 0, 0, 0, 0, 0, 0
~&SPILL_STATS,22, 8, 0, 11, 9, 10, 454.84, 289.68, 138.88, 42.72, 401.88
~&SPILL_STATS,0, 0, 0, 0, 0, 1, 0, 0, 0, 0, 0.553634
~&SPILL_STATS,126, 36, 0, 49, 35, 14, 22148.3, 9250.48, 4679.73, 4353.94, 3961.69
~&SPILL_STATS,28, 5, 0, 8, 12, 3, 62043.5, 408.588, 428.353, 1173.53, 15435.3
~&SPILL_STATS,32, 20, 0, 11, 12, 8, 5894.52, 9139.13, 51.5368, 331.48, 9089.82
~&SPILL_STATS,43, 19, 0, 16, 33, 11, 768418, 20177.2, 108217, 67036.8, 228363
~&SPILL_STATS,0, 0, 0, 0, 0, 2, 0, 0, 0, 0, 1.5551
~&SPILL_STATS,8, 13, 0, 10, 0, 0, 8, 13, 10, 0, 0
~&SPILL_STATS,0, 0, 0, 0, 0, 0, 0, 0, 0, 0, 0
~&SPILL_STATS,0, 0, 0, 0, 0, 2, 0, 0, 0, 0, 2
~&SPILL_STATS,0, 0, 0, 0, 0, 1, 0, 0, 0, 0, 1
~&SPILL_STATS,0, 0, 0, 0, 0, 1, 0, 0, 0, 0, 1
~&SPILL_STATS,16, 10, 0, 12, 19, 7, 95.2498, 30.5624, 8.81249, 27.8124, 22.3125
~&SPILL_STATS,16, 10, 0, 12, 19, 7, 95.2498, 30.5624, 8.81249, 27.8124, 22.3125
~&SPILL_STATS,0, 0, 0, 0, 0, 0, 0, 0, 0, 0, 0
~&SPILL_STATS,0, 0, 0, 0, 0, 0, 0, 0, 0, 0, 0
~&SPILL_STATS,0, 0, 0, 0, 0, 0, 0, 0, 0, 0, 0
~&SPILL_STATS,0, 0, 0, 0, 0, 0, 0, 0, 0, 0, 0
~&SPILL_STATS,0, 0, 0, 0, 0, 0, 0, 0, 0, 0, 0
~&SPILL_STATS,0, 0, 0, 0, 0, 0, 0, 0, 0, 0, 0
~&SPILL_STATS,0, 0, 0, 0, 0, 0, 0, 0, 0, 0, 0
~&SPILL_STATS,0, 0, 0, 0, 0, 0, 0, 0, 0, 0, 0
~&SPILL_STATS,0, 0, 0, 0, 0, 0, 0, 0, 0, 0, 0
~&SPILL_STATS,0, 0, 0, 0, 0, 0, 0, 0, 0, 0, 0
~&SPILL_STATS,0, 0, 0, 0, 0, 0, 0, 0, 0, 0, 0
~&SPILL_STATS,0, 0, 0, 0, 0, 0, 0, 0, 0, 0, 0
~&SPILL_STATS,0, 0, 0, 0, 0, 0, 0, 0, 0, 0, 0
~&SPILL_STATS,0, 0, 0, 0, 0, 0, 0, 0, 0, 0, 0
~&SPILL_STATS,0, 0, 0, 0, 0, 0, 0, 0, 0, 0, 0
~&SPILL_STATS,0, 0, 0, 0, 0, 0, 0, 0, 0, 0, 0
~&SPILL_STATS,0, 0, 0, 0, 0, 0, 0, 0, 0, 0, 0
~&SPILL_STATS,0, 0, 0, 0, 0, 0, 0, 0, 0, 0, 0
~&SPILL_STATS,0, 0, 0, 0, 0, 0, 0, 0, 0, 0, 0
~&SPILL_STATS,0, 0, 0, 0, 0, 0, 0, 0, 0, 0, 0
~&SPILL_STATS,1, 6, 0, 4, 0, 6, 1, 27.8691, 1.625, 0, 100
~&SPILL_STATS,0, 0, 0, 0, 0, 0, 0, 0, 0, 0, 0
~&SPILL_STATS,0, 0, 0, 0, 0, 5, 0, 0, 0, 0, 40.625
~&SPILL_STATS,5, 0, 0, 1, 5, 1, 3.30382, 0, 0.378626, 2.56031, 0.767939
~&SPILL_STATS,1, 8, 0, 3, 0, 10, 1, 16.1191, 1, 0, 150
~&SPILL_STATS,8, 1, 0, 2, 0, 6, 36.125, 0.625, 1, 0, 97.5
~&SPILL_STATS,5, 7, 0, 2, 0, 10, 1.75099, 3.00099, 1.25, 0, 68.0258
~&SPILL_STATS,0, 0, 0, 0, 0, 0, 0, 0, 0, 0, 0
~&SPILL_STATS,81, 7, 0, 27, 17, 46, 2680.07, 51.8122, 109.704, 132.738, 2127.93
~&SPILL_STATS,81, 43, 0, 47, 15, 22, 152.37, 52.9167, 38.9479, 14.9271, 70.4375
~&SPILL_STATS,1, 0, 0, 2, 0, 9, 1, 0, 1, 0, 4.54688
~&SPILL_STATS,22, 9, 0, 14, 3, 2, 386.429, 153.143, 176.048, 41.1905, 40.5714
~&SPILL_STATS,80, 32, 0, 35, 5, 2, 1471.71, 569, 591.286, 81.7619, 40.5714
~&SPILL_STATS,125, 162, 0, 90, 7, 4, 2420.82, 2593.56, 1232.82, 101.249, 99.9988
~&SPILL_STATS,28, 24, 0, 27, 2, 5, 28275, 5077.25, 11251, 206.25, 8600
~&SPILL_STATS,122, 78, 0, 84, 9, 15, 106495, 87748.1, 61827.7, 3569.58, 12383
~&SPILL_STATS,1, 0, 0, 1, 0, 0, 1, 0, 1, 0, 0
~&SPILL_STATS,89, 94, 0, 82, 4, 8, 48927.3, 24255.3, 32277.6, 412.5, 8400
~&SPILL_STATS,97, 46, 0, 66, 16, 16, 30119.5, 10755.9, 12076.3, 2913.45, 5942.74
~&SPILL_STATS,0, 0, 0, 0, 0, 0, 0, 0, 0, 0, 0
~&SPILL_STATS,0, 0, 0, 0, 0, 0, 0, 0, 0, 0, 0
~&SPILL_STATS,0, 0, 0, 0, 0, 0, 0, 0, 0, 0, 0
~&SPILL_STATS,0, 0, 0, 0, 0, 1, 0, 0, 0, 0, 1
~&SPILL_STATS,81, 50, 0, 37, 33, 34, 226.065, 760.367, 144.051, 44.7893, 838.167
~&SPILL_STATS,0, 0, 0, 0, 0, 1, 0, 0, 0, 0, 1
~&SPILL_STATS,0, 0, 0, 0, 0, 0, 0, 0, 0, 0, 0
~&SPILL_STATS,4, 2, 0, 2, 0, 0, 81.5, 2, 64, 0, 0
~&SPILL_STATS,0, 0, 0, 0, 0, 0, 0, 0, 0, 0, 0
~&SPILL_STATS,0, 0, 0, 0, 0, 0, 0, 0, 0, 0, 0
~&SPILL_STATS,0, 0, 0, 0, 0, 7, 0, 0, 0, 0, 6.99999
~&SPILL_STATS,5, 5, 0, 4, 2, 2, 386.2, 649.071, 55.6286, 310.843, 3315.83
~&SPILL_STATS,166, 100, 0, 80, 52, 118, 2.11701e+06, 403800, 609229, 278344, 2.72685e+06
~&SPILL_STATS,0, 0, 0, 0, 0, 3, 0, 0, 0, 0, 3
~&SPILL_STATS,11, 3, 0, 3, 4, 5, 5345.75, 235.5, 235.5, 439.667, 6614
~&SPILL_STATS,15, 3, 0, 9, 8, 27, 57.452, 11.6771, 17.5682, 16.986, 103.46
~&SPILL_STATS,23, 9, 0, 12, 4, 13, 61243.4, 8123, 30349.4, 879.667, 47513.6
~&SPILL_STATS,7, 7, 0, 5, 5, 5, 1356.75, 6496.5, 323.333, 1146.25, 22399.6
~&SPILL_STATS,0, 0, 0, 0, 0, 3, 0, 0, 0, 0, 2.01587
~&SPILL_STATS,44, 38, 0, 12, 27, 15, 179.885, 152.573, 25.0404, 27.9433, 259.26
~&SPILL_STATS,33, 7, 0, 4, 4, 3, 124.449, 33.2646, 2.49414, 16.1128, 9.20288
~&SPILL_STATS,38, 10, 0, 3, 1, 4, 38.892, 15.5893, 6.83563, 6.15139, 13.7949
~&SPILL_STATS,9, 4, 0, 4, 4, 2, 132.951, 105.293, 4.14634, 12.8293, 99.2927
~&SPILL_STATS,0, 0, 0, 0, 0, 5, 0, 0, 0, 0, 38.2443
~&SPILL_STATS,0, 0, 0, 0, 0, 4, 0, 0, 0, 0, 2.05164
~&SPILL_STATS,0, 0, 0, 0, 0, 4, 0, 0, 0, 0, 2.6719
~&SPILL_STATS,95, 29, 0, 11, 18, 20, 72.4075, 13.6745, 2.81556, 5.90959, 12.0066
~&SPILL_STATS,2, 1, 0, 1, 0, 6, 0.769231, 0.625, 0.625, 0, 9.98077
~&SPILL_STATS,0, 0, 0, 0, 0, 4, 0, 0, 0, 0, 10.2059
~&SPILL_STATS,0, 0, 0, 0, 0, 1, 0, 0, 0, 0, 1
~&SPILL_STATS,693, 39, 0, 117, 19, 205, 3359.01, 147.519, 165.769, 79.8126, 2496.18
~&SPILL_STATS,0, 4, 0, 3, 3, 2, 0, 4.90741, 1.37037, 2.31481, 8.42593
~&SPILL_STATS,0, 0, 0, 0, 0, 7, 0, 0, 0, 0, 28.5
~&SPILL_STATS,0, 0, 0, 0, 0, 0, 0, 0, 0, 0, 0
~&SPILL_STATS,0, 0, 0, 0, 0, 0, 0, 0, 0, 0, 0
~&SPILL_STATS,0, 0, 0, 0, 0, 0, 0, 0, 0, 0, 0
~&SPILL_STATS,0, 0, 0, 0, 0, 0, 0, 0, 0, 0, 0
~&SPILL_STATS,0, 0, 0, 0, 0, 0, 0, 0, 0, 0, 0
~&SPILL_STATS,0, 0, 0, 0, 0, 62, 0, 0, 0, 0, 437.647
~&SPILL_STATS,0, 0, 0, 0, 0, 2, 0, 0, 0, 0, 2
~&SPILL_STATS,0, 0, 0, 0, 0, 0, 0, 0, 0, 0, 0
~&SPILL_STATS,2, 3, 0, 1, 1, 8, 0.468749, 7.96873, 0.312499, 0.312499, 15.1562
~&SPILL_STATS,0, 0, 0, 0, 0, 0, 0, 0, 0, 0, 0
~&SPILL_STATS,8, 5, 0, 3, 2, 4, 6.9375, 17.1875, 2.625, 1.625, 26.3125
~&SPILL_STATS,10, 21, 0, 8, 1, 14, 56.5, 20, 7.125, 0.999999, 51.5
~&SPILL_STATS,25, 9, 0, 18, 11, 9, 1084.16, 175.844, 821.594, 328.469, 207.594
~&SPILL_STATS,77, 46, 0, 39, 12, 13, 1023.78, 612.685, 197.871, 294.196, 145.024
~&SPILL_STATS,5, 6, 0, 4, 2, 6, 545, 67, 4, 20.625, 1028.79
~&SPILL_STATS,14, 2, 0, 8, 0, 7, 75.5, 31.875, 8, 0, 75.125
~&SPILL_STATS,10, 11, 0, 8, 8, 8, 104.531, 367.844, 45.6562, 41.4062, 203.688
~&SPILL_STATS,0, 0, 0, 0, 0, 0, 0, 0, 0, 0, 0
~&SPILL_STATS,0, 0, 0, 0, 0, 2, 0, 0, 0, 0, 2
~&SPILL_STATS,0, 0, 0, 0, 0, 4, 0, 0, 0, 0, 15.35
~&SPILL_STATS,0, 0, 0, 0, 0, 1, 0, 0, 0, 0, 1
~&SPILL_STATS,0, 0, 0, 0, 0, 0, 0, 0, 0, 0, 0
~&SPILL_STATS,0, 0, 0, 0, 0, 0, 0, 0, 0, 0, 0
~&SPILL_STATS,0, 0, 0, 0, 0, 0, 0, 0, 0, 0, 0
~&SPILL_STATS,0, 0, 0, 0, 0, 4, 0, 0, 0, 0, 2
~&SPILL_STATS,0, 0, 0, 0, 0, 1, 0, 0, 0, 0, 1
~&SPILL_STATS,0, 0, 0, 0, 0, 2, 0, 0, 0, 0, 1.1
~&SPILL_STATS,0, 0, 0, 0, 0, 0, 0, 0, 0, 0, 0
~&SPILL_STATS,0, 0, 0, 0, 0, 1, 0, 0, 0, 0, 1
~&SPILL_STATS,0, 0, 0, 0, 0, 0, 0, 0, 0, 0, 0
~&SPILL_STATS,0, 0, 0, 0, 0, 2, 0, 0, 0, 0, 7.66667
~&SPILL_STATS,5, 9, 0, 6, 7, 2, 49.5238, 276.94, 40.9901, 32.6587, 10.8413
~&SPILL_STATS,12, 1, 0, 4, 1, 7, 0.283236, 0.0774024, 0.443652, 0.0871582, 2.09696
~&SPILL_STATS,6, 0, 0, 1, 0, 3, 2.72729, 0, 1, 0, 13.5315
~&SPILL_STATS,0, 0, 0, 0, 0, 2, 0, 0, 0, 0, 13.5
~&SPILL_STATS,0, 0, 0, 0, 0, 2, 0, 0, 0, 0, 2
~&SPILL_STATS,0, 0, 0, 0, 0, 6, 0, 0, 0, 0, 2.85965
~&SPILL_STATS,0, 0, 0, 0, 0, 0, 0, 0, 0, 0, 0
~&SPILL_STATS,0, 0, 0, 0, 0, 0, 0, 0, 0, 0, 0
~&SPILL_STATS,0, 0, 0, 0, 0, 0, 0, 0, 0, 0, 0
~&SPILL_STATS,0, 0, 0, 0, 0, 0, 0, 0, 0, 0, 0
~&SPILL_STATS,0, 0, 0, 0, 0, 2, 0, 0, 0, 0, 7.25
~&SPILL_STATS,0, 5, 0, 3, 3, 11, 0, 0.0594334, 1.03513, 0.0263439, 10.6819
~&SPILL_STATS,0, 0, 0, 0, 0, 7, 0, 0, 0, 0, 38.0435
~&SPILL_STATS,0, 1, 0, 0, 2, 7, 0, 1.66667, 0, 1.71875, 49.5417
~&SPILL_STATS,16, 0, 0, 4, 0, 6, 10.75, 0, 4, 0, 3.625
~&SPILL_STATS,0, 0, 0, 0, 0, 3, 0, 0, 0, 0, 2.7619
~&SPILL_STATS,0, 0, 0, 0, 0, 4, 0, 0, 0, 0, 22
~&SPILL_STATS,6, 1, 0, 1, 11, 7, 10.8071, 3.0754, 0.562004, 11.085, 795.69
~&SPILL_STATS,8, 14, 0, 19, 23, 12, 4.27519, 9.07669, 4.11527, 9.5548, 6.29113
~&SPILL_STATS,46, 10, 0, 43, 20, 1, 197.686, 25.6055, 37.9727, 180.671, 12.5
~&SPILL_STATS,0, 0, 0, 0, 0, 2, 0, 0, 0, 0, 2
~&SPILL_STATS,6, 3, 0, 4, 2, 2, 14.2, 4.0125, 7.4, 0.5, 3.7
~&SPILL_STATS,0, 0, 0, 0, 0, 1, 0, 0, 0, 0, 12.5
~&SPILL_STATS,0, 0, 0, 0, 0, 0, 0, 0, 0, 0, 0
~&SPILL_STATS,0, 0, 0, 0, 0, 0, 0, 0, 0, 0, 0
~&SPILL_STATS,0, 0, 0, 0, 0, 0, 0, 0, 0, 0, 0
