Comando: /home/mpvreal/Code/Faculdade/tcc/llvm/build/bin/llc --march=aarch64 --regalloc=basic -o -
Heurística: div(cost,pow(degree,2))
function@writeout_,167,0,0,60,0,585,40155.8,0,897.896,0,31858.3
function@_QMplane_source_modPplane_source_init,52,0,0,12,0,112,4887.69,0,12,0,2042.72
function@_QMplane_source_modPplane_source_read,14,0,0,6,0,174,104.148,0,6.10156,0,1712.2
function@_QMplane_source_modPplane_source_apply,0,0,0,0,0,10,0,0,0,0,28.9375
function@_QMplane_source_modPplane_source_end,0,0,0,0,0,0,0,0,0,0,0
function@_QMcommunicate_modPcom_init_mpi,0,0,0,0,0,0,0,0,0,0,0
function@_QMcommunicate_modPcommunicate_end,0,0,0,0,0,16,0,0,0,0,8.89412
function@init_,0,0,0,0,0,363,0,0,0,0,70.7769
function@_QMmur_modPmur_init,27,0,0,3,0,192,8.4375,0,3,0,153.844
function@_QMmur_modPmur_updatee,563,0,0,89,0,171,245.179,0,33.3245,0,173.96
function@_QMmur_modPmur_storee,36,0,0,11,0,71,9.59259,0,11,0,180.111
function@_QMmur_modPmur_end,0,0,0,0,0,72,0,0,0,0,10.3125
function@_QMmur_modPmur_set_mf_arrays,13,0,0,5,0,7,901.35,0,16.35,0,88.1
function@_QMupdate_modPupdate_init,0,0,0,0,0,0,0,0,0,0,0
function@_QMupdate_modPupdateh,557,0,0,191,0,13,13388.2,0,2444.62,0,73.125
function@_QMupdate_modPupdatee,575,0,0,194,0,32,96273.7,0,8013.87,0,20.0312
function@_QMupdate_modPupdate_inith,146,0,0,45,0,37,1408.24,0,82.24,0,2546.08
function@_QMupdate_modPupdate_inite,223,0,0,38,0,76,2539.73,0,43.2185,0,1677.66
function@_QMupml_modPupml_allocate,0,0,0,0,0,369,0,0,0,0,316.059
function@_QMupml_modPcheck_allocate,0,0,0,0,0,22,0,0,0,0,2
function@_QMupml_modPupml_set_eps_arrays,25,0,0,11,0,122,1933.47,0,93.4688,0,376.875
function@_QMupml_modPupml_init,1670,0,0,467,0,275,1484.9,0,193.627,0,1009.97
function@_QMupml_modPupml_initb,52,0,0,35,0,45,3012.81,0,338.143,0,1918.76
function@_QMupml_modPupml_inith,266,0,0,99,0,49,8887.48,0,288.429,0,1911.57
function@_QMupml_modPupml_updateh,1182,0,0,521,0,9,1.84454e+06,0,61571.3,0,4892.81
function@_QMupml_modPupml_updatee,0,0,0,0,0,0,0,0,0,0,0
function@_QMupml_modPupml_updatee_homo,3081,1,0,1253,0,37,1.99962e+06,0.625,92220.4,0,14940.7
function@_QMupml_modPupml_updatee_simple,3351,1,0,1382,0,34,2.34235e+06,0.625,136614,0,14926
function@_QMupml_modPupml_initd,67,0,0,37,0,68,3684.88,0,401.029,0,2245.62
function@_QMupml_modPupml_inite,360,0,0,148,0,65,8135.26,0,643.412,0,2218.03
function@_QMupml_modPupml_end,0,0,0,0,0,450,0,0,0,0,241.667
function@_QMupml_modPcheck_deallocate,0,0,0,0,0,9,0,0,0,0,6.33333
function@_QMreadline_modPreadline,11,0,0,7,0,64,14.1033,0,6,0,181.429
function@_QMreadline_modPcheckifkeyword,0,0,0,0,0,8,0,0,0,0,33.7308
function@mpi_barrier_,0,0,0,0,0,6,0,0,0,0,6
function@mpi_bcast_,0,0,0,0,0,13,0,0,0,0,13
function@mpi_bcast_integers_,0,0,0,0,0,13,0,0,0,0,13
function@mpi_bcast_reals_,0,0,0,0,0,13,0,0,0,0,13
function@mpi_bcast_logical_,0,0,0,0,0,13,0,0,0,0,13
function@mpi_cart_rank_,0,0,0,0,0,9,0,0,0,0,9
function@mpi_cart_create_,0,0,0,0,0,15,0,0,0,0,15
function@mpi_cart_coords_,0,0,0,0,0,11,0,0,0,0,11
function@mpi_cart_shift_,0,0,0,0,0,14,0,0,0,0,14
function@mpi_comm_rank_,0,0,0,0,0,7,0,0,0,0,7
function@mpi_comm_size_,0,0,0,0,0,7,0,0,0,0,7
function@mpi_finalize_,0,0,0,0,0,0,0,0,0,0,0
function@mpi_init_,0,0,0,0,0,0,0,0,0,0,0
function@mpi_recv_,0,0,0,0,0,14,0,0,0,0,14
function@mpi_ssend_,0,0,0,0,0,15,0,0,0,0,15
function@mpi_bsend_,0,0,0,0,0,15,0,0,0,0,15
function@mpi_sendrecv_,4,0,0,4,0,26,4,0,4,0,26
function@mpi_wait_,0,0,0,0,0,7,0,0,0,0,7
function@mpi_isend_,0,0,0,0,0,16,0,0,0,0,16
function@mpi_wtick_,0,0,0,0,0,0,0,0,0,0,0
function@mpi_wtime_,0,0,0,0,0,0,0,0,0,0,0
function@mpi_buffer_attach_,0,0,0,0,0,7,0,0,0,0,7
function@mpi_buffer_detach_,0,0,0,0,0,7,0,0,0,0,7
function@mpi_pack_size_,0,0,0,0,0,10,0,0,0,0,10
function@mpi_gather_,0,0,0,0,0,16,0,0,0,0,16
function@mpi_type_struct_,0,0,0,0,0,16,0,0,0,0,16
function@mpi_type_commit_,0,0,0,0,0,5,0,0,0,0,5
function@mpi_type_extent_,0,0,0,0,0,6,0,0,0,0,6
function@mpi_type_free_,0,0,0,0,0,5,0,0,0,0,5
function@mpi_type_vector_,0,0,0,0,0,14,0,0,0,0,14
function@mpi_type_hvector_,0,0,0,0,0,14,0,0,0,0,14
function@mpi_irecv_,0,0,0,0,0,14,0,0,0,0,14
function@mpi_waitall_,0,0,0,0,0,9,0,0,0,0,9
function@mpi_sendrecv_replace_,4,0,0,4,0,26,4,0,4,0,26
function@mpi_bsend_init_,0,0,0,0,0,15,0,0,0,0,15
function@mpi_recv_init_,0,0,0,0,0,15,0,0,0,0,15
function@mpi_dims_create_,0,0,0,0,0,9,0,0,0,0,9
function@mpi_start_,0,0,0,0,0,6,0,0,0,0,6
function@mpi_allreduce_,0,0,0,0,0,0,0,0,0,0,0
function@mpi_abort_,0,0,0,0,0,0,0,0,0,0,0
function@mpi_reduce_,0,0,0,0,0,0,0,0,0,0,0
function@_QMhuygens_modPhuygens_init,0,0,0,0,0,0,0,0,0,0,0
function@_QMhuygens_modPhuygensh,583,0,0,130,0,454,601.018,0,98.7857,0,1074.41
function@_QMhuygens_modPhuygense,740,0,0,147,0,613,763.804,0,96.3929,0,1435.68
function@_QMhuygens_modPuin,273,0,0,41,0,138,1130.04,0,19.6111,0,340.393
function@_QMmaterial_modPmat_init,553,0,0,155,0,458,1.05099e+06,0,125045,0,2.60139e+06
function@_QMmaterial_modPmat_updatee,201,0,0,82,0,5,301484,0,17482.5,0,26.0476
function@calcflops_,0,0,0,0,0,0,0,0,0,0,0
function@_QMpower_modPpower_init,3,0,0,2,0,163,3,0,2,0,74.875
function@_QMpower_modPpower_stop,0,0,0,0,0,10,0,0,0,0,455.833
function@_QMpower_modPpower_dft,14,0,0,13,0,10,832.333,0,55.2778,0,818.611
function@_QMpower_modPpower_print,4,0,0,1,0,63,16.875,0,0.375,0,35.2617
function@_QMpower_modPpower_intere,0,0,0,0,0,26,0,0,0,0,4
function@_QMpower_modPpower_interh,0,0,0,0,0,26,0,0,0,0,4
function@_QMpower_modPread_power,122,0,0,16,0,235,14032.5,0,18.0057,0,6448.73
function@_QMpower_modPpower_updateh,38,0,0,20,0,19,12.175,0,16,0,44.3
function@timer_,0,0,0,0,0,11,0,0,0,0,7.57143
function@leapfrog_,163,0,0,37,0,78,2002.97,0,50,0,1517.34
function@_QMpec_modPpec_read,2,0,0,2,0,117,0.738281,0,0.738281,0,286.062
function@_QMpec_modPpec_init,171,0,0,100,0,354,19966.4,0,5632.69,0,91458.9
function@_QMpec_modPpec_apply,0,0,0,0,0,3,0,0,0,0,3
function@_QMpec_modPpec_end,0,0,0,0,0,9,0,0,0,0,3.6
function@_QQmain,21,0,0,21,0,196,13.125,0,13.125,0,123.984
