Comando: /home/mpvreal/Code/Faculdade/tcc/llvm/build/bin/llc --march=x86 --regalloc=basic -o -
Heurística: original
function@main,3,0,0,1,0,2,1.66667,0,1,0,2
function@MAIN_parseCommandLine,0,0,0,0,0,1,0,0,0,0,0.499999
function@MAIN_printInfo,0,0,0,0,0,0,0,0,0,0,0
function@MAIN_initialize,0,0,0,0,0,0,0,0,0,0,0
function@MAIN_finalize,0,0,0,0,0,0,0,0,0,0,0
function@LBM_allocateGrid,0,0,0,0,0,0,0,0,0,0,0
function@LBM_freeGrid,0,0,0,0,0,0,0,0,0,0,0
function@LBM_initializeGrid,0,0,0,0,0,0,0,0,0,0,0
function@LBM_initializeGrid.omp_outlined,1,0,0,1,1,4,16,0,0.5,16,33
function@LBM_swapGrids,0,0,0,0,0,0,0,0,0,0,0
function@LBM_loadObstacleFile,4,3,0,1,8,3,2111.5,2079.62,31.875,2177.25,33792.8
function@LBM_initializeSpecialCellsForLDC,0,0,0,0,0,0,0,0,0,0,0
function@LBM_initializeSpecialCellsForLDC.omp_outlined,2,8,0,3,3,7,32,598.556,18,37.3333,31857.8
function@LBM_initializeSpecialCellsForChannel,0,0,0,0,0,0,0,0,0,0,0
function@LBM_initializeSpecialCellsForChannel.omp_outlined,2,4,0,3,0,4,32,19,18,0,32768
function@LBM_performStreamCollideBGK,0,0,0,0,0,0,0,0,0,0,0
function@LBM_performStreamCollideBGK.omp_outlined,155,46,0,21,5,4,1262,283,162.5,33.5,32.5
function@LBM_performStreamCollideTRT,0,0,0,0,0,0,0,0,0,0,0
function@LBM_performStreamCollideTRT.omp_outlined,207,119,0,72,5,4,1678,911,578.5,33.5,32.5
function@LBM_handleInOutFlow,0,0,0,0,0,0,0,0,0,0,0
function@LBM_handleInOutFlow.omp_outlined,5,9,0,8,2,7,50,99,98,1.5,96.5
function@LBM_handleInOutFlow.omp_outlined.2,8,16,0,19,0,1,128,256,304,0,0.5
function@LBM_showGridStatistics,17,30,0,23,2,7,168.625,638.125,477,16.9375,207.562
function@LBM_storeVelocityField,6,2,0,2,9,2,35904,1056,1056,3202,32769
function@LBM_compareVelocityField,13,46,0,23,9,2,232513,1.44285e+06,656417,3202,32769
