Comando: /home/mpvreal/Code/Faculdade/tcc/llvm/build/bin/llc --march=x86 --regalloc=greedy -o -
Heurística: original
function@main,3,0,0,2,0,1,1.66667,0,2,0,1
function@MAIN_parseCommandLine,0,0,0,0,0,1,0,0,0,0,0.499999
function@MAIN_printInfo,0,0,0,0,0,0,0,0,0,0,0
function@MAIN_initialize,0,0,0,0,0,0,0,0,0,0,0
function@MAIN_finalize,0,0,0,0,0,0,0,0,0,0,0
function@LBM_allocateGrid,0,0,0,0,0,0,0,0,0,0,0
function@LBM_freeGrid,0,0,0,0,0,0,0,0,0,0,0
function@LBM_initializeGrid,0,0,0,0,0,0,0,0,0,0,0
function@LBM_initializeGrid.omp_outlined,0,1,0,1,0,6,0,1,1,0,49.5
function@LBM_swapGrids,0,0,0,0,0,0,0,0,0,0,0
function@LBM_loadObstacleFile,4,1,0,5,0,6,2111.5,1023.88,2143.38,0,34880.4
function@LBM_initializeSpecialCellsForLDC,0,0,0,0,0,0,0,0,0,0,0
function@LBM_initializeSpecialCellsForLDC.omp_outlined,1,4,0,3,2,7,16,569.889,33,21.3333,31857.8
function@LBM_initializeSpecialCellsForChannel,0,0,0,0,0,0,0,0,0,0,0
function@LBM_initializeSpecialCellsForChannel.omp_outlined,1,1,0,2,0,4,16,1,17,0,32768
function@LBM_performStreamCollideBGK,0,0,0,0,0,0,0,0,0,0,0
function@LBM_performStreamCollideBGK.omp_outlined,22,14,0,26,0,14,136,57,193.5,0,96.5
function@LBM_performStreamCollideTRT,0,0,0,0,0,0,0,0,0,0,0
function@LBM_performStreamCollideTRT.omp_outlined,37,61,0,72,1,16,296,465,562,0.5,128.5
function@LBM_handleInOutFlow,0,0,0,0,0,0,0,0,0,0,0
function@LBM_handleInOutFlow.omp_outlined,1,2,0,3,1,7,16,17,18,0.5,96.5
function@LBM_handleInOutFlow.omp_outlined.2,5,11,0,16,0,2,80,176,256,0,16.5
function@LBM_showGridStatistics,31,8,0,30,2,8,309.125,127.5,604,16.9375,223.5
function@LBM_storeVelocityField,5,1,0,6,0,5,34880,1024,3168,0,33857
function@LBM_compareVelocityField,25,2,0,27,0,5,657473,33792,658529,0,33857
