Comando: /home/mpvreal/Code/Faculdade/tcc/llvm/build/bin/llc --march=aarch64 --regalloc=greedy -o -
Heurística: original
function@_Z10exit_usagePKc,0,0,0,0,0,1,0,0,0,0,1
function@_Z8NAMD_bugPKc,0,0,0,0,0,1,0,0,0,0,1
function@_Z8NAMD_diePKc,0,0,0,0,0,1,0,0,0,0,1
function@main,34,0,0,15,0,115,491.794,0,77.9599,0,312.67
function@_ZN9ResultSetD2Ev,0,0,0,0,0,1,0,0,0,0,1
function@__clang_call_terminate,0,0,0,0,0,0,0,0,0,0,0
function@_ZN20ComputeNonbondedUtil20calc_pair_energy_fepEP9nonbonded,565,0,0,211,0,321,9783.12,0,3259.68,0,2205.82
function@_Z22pairlist_from_pairlistddddPK8CompAtomPKtiPtdPd,0,0,0,0,0,10,0,0,0,0,52.64
function@_Z24fep_vdw_forceandenergiesdddddddddiidddPdS_S_,15,0,0,11,0,27,6,0,5.69118,0,15.7941
function@_ZN20ComputeNonbondedUtil30calc_pair_energy_fullelect_fepEP9nonbonded,946,0,0,402,0,474,17423.9,0,9073.37,0,4162.43
function@_ZN20ComputeNonbondedUtil36calc_pair_energy_merge_fullelect_fepEP9nonbonded,708,0,0,253,0,443,10551.9,0,3602.25,0,3210.38
function@_ZN20ComputeNonbondedUtil35calc_pair_energy_slow_fullelect_fepEP9nonbonded,464,0,0,183,0,288,610.076,0,219.705,0,1400.1
function@_ZN20ComputeNonbondedUtil20calc_self_energy_fepEP9nonbonded,407,0,0,162,0,275,7425.7,0,1254.26,0,1653.48
function@_ZN20ComputeNonbondedUtil30calc_self_energy_fullelect_fepEP9nonbonded,597,0,0,256,0,381,11951.7,0,3313.29,0,1531.43
function@_ZN20ComputeNonbondedUtil36calc_self_energy_merge_fullelect_fepEP9nonbonded,465,0,0,180,0,306,7471.2,0,1359.53,0,1365.07
function@_ZN20ComputeNonbondedUtil35calc_self_energy_slow_fullelect_fepEP9nonbonded,346,0,0,156,0,279,600.724,0,169.65,0,1067.87
function@_ZN14ResizeArrayRawI6VectorE6resizeEi,0,0,0,0,0,5,0,0,0,0,2.61176
function@_ZN5PatchC2Ev,0,0,0,0,0,0,0,0,0,0,0
function@_ZN5PatchD2Ev,0,0,0,0,0,1,0,0,0,0,1
function@_ZN5Patch9moveatomsEv,0,0,0,0,0,6,0,0,0,0,45.5
function@_ZN5Patch10zeroforcesEv,0,0,0,0,0,0,0,0,0,0,0
function@_ZN5Patch9setforcesEP6VectorS1_,0,0,0,0,0,2,0,0,0,0,1.33333
function@_ZN5Patch8readfileEP8_IO_FILEP8Molecule,0,0,0,0,0,29,0,0,0,0,7.19157
function@_ZN9ResultSet9writefileEP8_IO_FILE,0,0,0,0,0,25,0,0,0,0,25
function@_ZN9ResultSet8readfileEP8_IO_FILE,0,0,0,0,0,25,0,0,0,0,25
function@_Z5equaldd,0,0,0,0,0,0,0,0,0,0,0
function@_Z5equalPdS_,0,0,0,0,0,0,0,0,0,0,0
function@_Z5equalPdS_S_S_,0,0,0,0,0,0,0,0,0,0,0
function@_ZN9ResultSet5checkEv,0,0,0,0,0,0,0,0,0,0,0
function@_ZN9ResultSet8samemodeERS_,0,0,0,0,0,0,0,0,0,0,0
function@_ZN9ResultSet7compareERS_,0,0,0,0,0,14,0,0,0,0,6.99999
function@_ZN9PatchListC2ER7Lattice,0,0,0,0,0,1,0,0,0,0,1
function@_ZN9PatchListD2Ev,0,0,0,0,0,6,0,0,0,0,2.25002
function@__clang_call_terminate,0,0,0,0,0,0,0,0,0,0,0
function@_ZN9PatchList9moveatomsEv,0,0,0,0,0,3,0,0,0,0,2.33333
function@_ZN9PatchList11zeroresultsEv,0,0,0,0,0,3,0,0,0,0,2.33333
function@_ZN9PatchList10setresultsEP9ResultSet,0,0,0,0,0,10,0,0,0,0,4.875
function@_ZN9PatchList8readfileEP8_IO_FILEP8Molecule,0,0,0,0,0,20,0,0,0,0,8.4499
function@_ZN7LJTableC2Ev,0,0,0,0,0,0,0,0,0,0,0
function@_ZN7LJTable8readfileEP8_IO_FILE,0,0,0,0,0,11,0,0,0,0,8.02929
function@_ZN7LJTableD2Ev,0,0,0,0,0,0,0,0,0,0,0
function@_ZN20ComputeNonbondedUtil9calc_pairEP9nonbonded,201,0,0,102,0,145,212.896,0,73.1923,0,201.667
function@_Z22pairlist_from_pairlistddddPK8CompAtomPKtiPtdPd,0,0,0,0,0,10,0,0,0,0,52.64
function@_ZN20ComputeNonbondedUtil16calc_pair_energyEP9nonbonded,227,0,0,107,0,153,886.931,0,90.0962,0,1224.97
function@_ZN20ComputeNonbondedUtil19calc_pair_fullelectEP9nonbonded,296,0,0,148,0,146,1248.51,0,188.53,0,201.508
function@_ZN20ComputeNonbondedUtil26calc_pair_energy_fullelectEP9nonbonded,340,0,0,178,0,235,3719.01,0,2294.54,0,2161.16
function@_ZN20ComputeNonbondedUtil25calc_pair_merge_fullelectEP9nonbonded,201,0,0,102,0,143,242.014,0,76.1566,0,202.81
function@_ZN20ComputeNonbondedUtil32calc_pair_energy_merge_fullelectEP9nonbonded,230,0,0,112,0,143,923.5,0,105.673,0,416.508
function@_ZN20ComputeNonbondedUtil24calc_pair_slow_fullelectEP9nonbonded,202,0,0,100,0,133,234.201,0,77.1291,0,191.667
function@_ZN20ComputeNonbondedUtil31calc_pair_energy_slow_fullelectEP9nonbonded,220,0,0,105,0,147,259.643,0,89.7995,0,428.272
function@_ZN20ComputeNonbondedUtil9calc_selfEP9nonbonded,168,0,0,82,0,156,162.13,0,64.453,0,205.642
function@_ZN20ComputeNonbondedUtil16calc_self_energyEP9nonbonded,169,0,0,88,0,164,175.821,0,60.4482,0,344.252
function@_ZN20ComputeNonbondedUtil19calc_self_fullelectEP9nonbonded,180,0,0,104,0,156,211.431,0,69.5548,0,203.666
function@_ZN20ComputeNonbondedUtil26calc_self_energy_fullelectEP9nonbonded,230,0,0,124,0,187,1556.72,0,320.916,0,878.727
function@_ZN20ComputeNonbondedUtil25calc_self_merge_fullelectEP9nonbonded,165,0,0,82,0,166,188.615,0,66.0652,0,216.023
function@_ZN20ComputeNonbondedUtil32calc_self_energy_merge_fullelectEP9nonbonded,185,0,0,91,0,173,215.273,0,77.596,0,419.27
function@_ZN20ComputeNonbondedUtil24calc_self_slow_fullelectEP9nonbonded,174,0,0,95,0,154,191.796,0,74.5296,0,215.303
function@_ZN20ComputeNonbondedUtil31calc_self_energy_slow_fullelectEP9nonbonded,191,0,0,99,0,154,210.52,0,76.7045,0,429.266
function@_ZN20ComputeNonbondedUtil20calc_pair_energy_intEP9nonbonded,264,0,0,115,0,212,1654.19,0,576.503,0,1064.59
function@_ZN20ComputeNonbondedUtil30calc_pair_energy_fullelect_intEP9nonbonded,370,0,0,192,0,227,3697.61,0,2235.04,0,2153.09
function@_ZN20ComputeNonbondedUtil36calc_pair_energy_merge_fullelect_intEP9nonbonded,302,0,0,125,0,198,1791.02,0,610.181,0,443.461
function@_ZN20ComputeNonbondedUtil20calc_self_energy_intEP9nonbonded,214,0,0,101,0,172,188.483,0,69.9222,0,410.651
function@_ZN20ComputeNonbondedUtil30calc_self_energy_fullelect_intEP9nonbonded,251,0,0,128,0,198,1766.59,0,596.394,0,722.434
function@_ZN20ComputeNonbondedUtil36calc_self_energy_merge_fullelect_intEP9nonbonded,223,0,0,97,0,177,337.063,0,78.0799,0,354.624
function@_ZN14ResizeArrayRawI6VectorE6resizeEi,0,0,0,0,0,5,0,0,0,0,2.61176
function@_ZN8MoleculeC2Ev,0,0,0,0,0,5,0,0,0,0,2
function@_ZN8MoleculeD2Ev,0,0,0,0,0,4,0,0,0,0,2.24074
function@_ZN8Molecule8readfileEP8_IO_FILE,0,0,0,0,0,16,0,0,0,0,7.57384
function@_ZN11ObjectArenaIcE11getNewArrayEi,0,0,0,0,0,5,0,0,0,0,2.5
function@_ZN11ResizeArrayIPcED2Ev,0,0,0,0,0,1,0,0,0,0,0.352941
function@_ZN11ResizeArrayIPcED0Ev,0,0,0,0,0,3,0,0,0,0,2.35294
function@_ZN14ResizeArrayRawIPcE3insERKS0_i,0,0,0,0,0,7,0,0,0,0,3.98824
function@_Z9dummy_erfi,0,0,0,0,0,0,0,0,0,0,0
function@_ZN26ComputeNonbondedWorkArraysC2Ev,9,0,0,9,0,43,1.71658e-05,0,8.99996,0,15.9999
function@_ZN26ComputeNonbondedWorkArraysD2Ev,0,0,0,0,0,20,0,0,0,0,7.70588
function@_ZN11SelfCompute6doWorkEP9PatchList,0,0,0,0,0,1,0,0,0,0,1
function@_ZN11PairCompute6doWorkEP9PatchList,0,0,0,0,0,0,0,0,0,0,0
function@_ZN11ResizeArrayI6VectorED2Ev,0,0,0,0,0,1,0,0,0,0,0.352941
function@__clang_call_terminate,0,0,0,0,0,0,0,0,0,0,0
function@_ZN11ResizeArrayItED2Ev,0,0,0,0,0,1,0,0,0,0,0.352941
function@_ZN11ResizeArrayIdED2Ev,0,0,0,0,0,1,0,0,0,0,0.352941
function@_ZN11ResizeArrayItED0Ev,0,0,0,0,0,3,0,0,0,0,2.35294
function@_ZN11ResizeArrayIdED0Ev,0,0,0,0,0,3,0,0,0,0,2.35294
function@_ZN14ResizeArrayRawI6VectorE6resizeEi,0,0,0,0,0,5,0,0,0,0,2.61176
function@_ZN11ResizeArrayI6VectorED0Ev,0,0,0,0,0,3,0,0,0,0,2.35294
function@_GLOBAL__sub_I_Compute.C,0,0,0,0,0,2,0,0,0,0,2
function@_ZN13SimParametersC2Ev,0,0,0,0,0,0,0,0,0,0,0
function@_ZN13SimParameters8setparamEPKcS1_,0,0,0,0,0,134,0,0,0,0,12.729
function@_Z11parse_paramPKcS0_S0_Ri,0,0,0,0,0,5,0,0,0,0,3.38095
function@_Z11parse_paramPKcS0_S0_Rd,0,0,0,0,0,4,0,0,0,0,3
function@_ZN13SimParameters8readfileEP8_IO_FILE,0,0,0,0,0,16,0,0,0,0,12.1282
function@_ZN7Lattice3setE6VectorS0_S0_S0_,0,0,0,0,0,3,0,0,0,0,1.35294
function@_ZN11ComputeListC2Ev,0,0,0,0,0,0,0,0,0,0,0
function@_ZN11ComputeListD2Ev,0,0,0,0,0,5,0,0,0,0,3.47619
function@_ZN11ComputeList8readfileEP8_IO_FILEP9PatchList,0,0,0,0,0,25,0,0,0,0,6.65126
function@_ZN11ComputeList11runComputesEP9PatchList,0,0,0,0,0,8,0,0,0,0,47.1667
function@_ZN20ComputeNonbondedUtil13calc_pair_lesEP9nonbonded,200,0,0,103,0,144,215.681,0,72.2912,0,195.665
function@_Z22pairlist_from_pairlistddddPK8CompAtomPKtiPtdPd,0,0,0,0,0,10,0,0,0,0,52.64
function@_ZN20ComputeNonbondedUtil20calc_pair_energy_lesEP9nonbonded,226,0,0,106,0,157,671.124,0,89.3984,0,1373.69
function@_ZN20ComputeNonbondedUtil23calc_pair_fullelect_lesEP9nonbonded,291,0,0,139,0,151,1383.53,0,187.632,0,199.445
function@_ZN20ComputeNonbondedUtil30calc_pair_energy_fullelect_lesEP9nonbonded,343,0,0,181,0,182,4756.07,0,3375.99,0,2078.91
function@_ZN20ComputeNonbondedUtil29calc_pair_merge_fullelect_lesEP9nonbonded,209,0,0,97,0,137,244.874,0,79.489,0,192.72
function@_ZN20ComputeNonbondedUtil36calc_pair_energy_merge_fullelect_lesEP9nonbonded,240,0,0,114,0,147,711.038,0,108.346,0,424.412
function@_ZN20ComputeNonbondedUtil28calc_pair_slow_fullelect_lesEP9nonbonded,203,0,0,100,0,144,239.214,0,81.4313,0,193.352
function@_ZN20ComputeNonbondedUtil35calc_pair_energy_slow_fullelect_lesEP9nonbonded,222,0,0,107,0,146,263.341,0,93.4973,0,424.571
function@_ZN20ComputeNonbondedUtil13calc_self_lesEP9nonbonded,155,0,0,83,0,173,160.616,0,61.482,0,196.585
function@_ZN20ComputeNonbondedUtil20calc_self_energy_lesEP9nonbonded,165,0,0,90,0,168,174.515,0,66.504,0,350.45
function@_ZN20ComputeNonbondedUtil23calc_self_fullelect_lesEP9nonbonded,178,0,0,97,0,161,216.679,0,68.5472,0,205.728
function@_ZN20ComputeNonbondedUtil30calc_self_energy_fullelect_lesEP9nonbonded,220,0,0,130,0,203,1774.59,0,622.319,0,620.439
function@_ZN20ComputeNonbondedUtil29calc_self_merge_fullelect_lesEP9nonbonded,162,0,0,83,0,177,186.923,0,70.6354,0,210.044
function@_ZN20ComputeNonbondedUtil36calc_self_energy_merge_fullelect_lesEP9nonbonded,184,0,0,88,0,162,222.797,0,76.9515,0,423.735
function@_ZN20ComputeNonbondedUtil28calc_self_slow_fullelect_lesEP9nonbonded,173,0,0,88,0,163,190.079,0,73.7523,0,204.815
function@_ZN20ComputeNonbondedUtil35calc_self_energy_slow_fullelect_lesEP9nonbonded,188,0,0,99,0,154,214.843,0,78.1486,0,433.894
function@_ZN14ResizeArrayRawI6VectorE6resizeEi,0,0,0,0,0,5,0,0,0,0,2.61176
function@_ZN20ComputeNonbondedUtil15calc_pair_pprofEP9nonbonded,254,0,0,94,0,188,230.503,0,103.418,0,196.871
function@_Z22pairlist_from_pairlistddddPK8CompAtomPKtiPtdPd,0,0,0,0,0,10,0,0,0,0,52.64
function@_ZN20ComputeNonbondedUtil22calc_pair_energy_pprofEP9nonbonded,293,0,0,117,0,209,1578.47,0,559.022,0,354.915
function@_ZN20ComputeNonbondedUtil25calc_pair_fullelect_pprofEP9nonbonded,383,0,0,161,0,209,1845.36,0,408.797,0,533.929
function@_ZN20ComputeNonbondedUtil32calc_pair_energy_fullelect_pprofEP9nonbonded,389,0,0,201,0,218,4801.97,0,3174.89,0,963.379
function@_ZN20ComputeNonbondedUtil31calc_pair_merge_fullelect_pprofEP9nonbonded,272,0,0,106,0,199,272.483,0,108.89,0,209.338
function@_ZN20ComputeNonbondedUtil38calc_pair_energy_merge_fullelect_pprofEP9nonbonded,301,0,0,135,0,244,1854.35,0,698.212,0,698.481
function@_ZN20ComputeNonbondedUtil30calc_pair_slow_fullelect_pprofEP9nonbonded,257,0,0,103,0,215,255.22,0,112.827,0,282.981
function@_ZN20ComputeNonbondedUtil37calc_pair_energy_slow_fullelect_pprofEP9nonbonded,263,0,0,106,0,208,741.434,0,122.731,0,425.077
function@_ZN20ComputeNonbondedUtil15calc_self_pprofEP9nonbonded,226,0,0,93,0,148,208.702,0,82.8631,0,138.322
function@_ZN20ComputeNonbondedUtil22calc_self_energy_pprofEP9nonbonded,253,0,0,110,0,155,544.472,0,90.772,0,641.854
function@_ZN20ComputeNonbondedUtil25calc_self_fullelect_pprofEP9nonbonded,262,0,0,122,0,151,272.645,0,97.4712,0,134.989
function@_ZN20ComputeNonbondedUtil32calc_self_energy_fullelect_pprofEP9nonbonded,306,0,0,137,0,215,2510.43,0,1044.84,0,1173.74
function@_ZN20ComputeNonbondedUtil31calc_self_merge_fullelect_pprofEP9nonbonded,219,0,0,104,0,168,227.876,0,88.5786,0,155.438
function@_ZN20ComputeNonbondedUtil38calc_self_energy_merge_fullelect_pprofEP9nonbonded,254,0,0,128,0,157,612.118,0,107.379,0,342.032
function@_ZN20ComputeNonbondedUtil30calc_self_slow_fullelect_pprofEP9nonbonded,241,0,0,106,0,142,223.763,0,92.4132,0,148.444
function@_ZN20ComputeNonbondedUtil37calc_self_energy_slow_fullelect_pprofEP9nonbonded,238,0,0,113,0,145,232.773,0,97.8817,0,328.01
function@_ZN14ResizeArrayRawI6VectorE6resizeEi,0,0,0,0,0,5,0,0,0,0,2.61176
function@_ZN20ComputeNonbondedUtil10calc_errorEP9nonbonded,0,0,0,0,0,0,0,0,0,0,0
function@_ZN20ComputeNonbondedUtil6selectEP13SimParametersP8MoleculeP7LJTable,34,0,0,28,0,65,190.845,0,114.638,0,2334.54
