Comando: /home/mpvreal/Code/Faculdade/tcc/llvm/build/bin/llc --march=aarch64 --regalloc=greedy -o -
Heurística: div(cost,mul(area,degree))
function@_Z10exit_usagePKc,0,0,0,0,0,1,0,0,0,0,1
function@_Z8NAMD_bugPKc,0,0,0,0,0,1,0,0,0,0,1
function@_Z8NAMD_diePKc,0,0,0,0,0,1,0,0,0,0,1
function@main,34,0,0,15,0,115,491.794,0,77.9599,0,312.67
function@_ZN9ResultSetD2Ev,0,0,0,0,0,1,0,0,0,0,1
function@__clang_call_terminate,0,0,0,0,0,0,0,0,0,0,0
function@_ZN20ComputeNonbondedUtil20calc_pair_energy_fepEP9nonbonded,503,0,0,191,0,225,9873.02,0,3593.33,0,1479.25
function@_Z22pairlist_from_pairlistddddPK8CompAtomPKtiPtdPd,0,0,0,0,0,11,0,0,0,0,62.84
function@_Z24fep_vdw_forceandenergiesdddddddddiidddPdS_S_,21,0,0,10,0,27,6.97059,0,5.85294,0,16.1912
function@_ZN20ComputeNonbondedUtil30calc_pair_energy_fullelect_fepEP9nonbonded,918,0,0,402,0,422,17415.3,0,9041.87,0,4131.49
function@_ZN20ComputeNonbondedUtil36calc_pair_energy_merge_fullelect_fepEP9nonbonded,588,0,0,215,0,307,10620.1,0,4039.4,0,1445.98
function@_ZN20ComputeNonbondedUtil35calc_pair_energy_slow_fullelect_fepEP9nonbonded,424,0,0,148,0,250,706.409,0,208.081,0,958.286
function@_ZN20ComputeNonbondedUtil20calc_self_energy_fepEP9nonbonded,421,0,0,156,0,242,7633.64,0,1024.29,0,1108.49
function@_ZN20ComputeNonbondedUtil30calc_self_energy_fullelect_fepEP9nonbonded,603,0,0,269,0,366,12845.9,0,4155.69,0,2055.43
function@_ZN20ComputeNonbondedUtil36calc_self_energy_merge_fullelect_fepEP9nonbonded,467,0,0,167,0,253,7255.23,0,1193.97,0,1718.81
function@_ZN20ComputeNonbondedUtil35calc_self_energy_slow_fullelect_fepEP9nonbonded,353,0,0,147,0,251,561.051,0,161.12,0,1039.66
function@_ZN14ResizeArrayRawI6VectorE6resizeEi,0,0,0,0,0,7,0,0,0,0,2.97647
function@_ZN5PatchC2Ev,0,0,0,0,0,0,0,0,0,0,0
function@_ZN5PatchD2Ev,0,0,0,0,0,1,0,0,0,0,1
function@_ZN5Patch9moveatomsEv,0,0,0,0,0,6,0,0,0,0,45.5
function@_ZN5Patch10zeroforcesEv,0,0,0,0,0,0,0,0,0,0,0
function@_ZN5Patch9setforcesEP6VectorS1_,0,0,0,0,0,2,0,0,0,0,1.33333
function@_ZN5Patch8readfileEP8_IO_FILEP8Molecule,0,0,0,0,0,29,0,0,0,0,7.19157
function@_ZN9ResultSet9writefileEP8_IO_FILE,0,0,0,0,0,25,0,0,0,0,25
function@_ZN9ResultSet8readfileEP8_IO_FILE,0,0,0,0,0,25,0,0,0,0,25
function@_Z5equaldd,0,0,0,0,0,0,0,0,0,0,0
function@_Z5equalPdS_,0,0,0,0,0,0,0,0,0,0,0
function@_Z5equalPdS_S_S_,0,0,0,0,0,0,0,0,0,0,0
function@_ZN9ResultSet5checkEv,0,0,0,0,0,0,0,0,0,0,0
function@_ZN9ResultSet8samemodeERS_,0,0,0,0,0,0,0,0,0,0,0
function@_ZN9ResultSet7compareERS_,0,0,0,0,0,14,0,0,0,0,6.99999
function@_ZN9PatchListC2ER7Lattice,0,0,0,0,0,1,0,0,0,0,1
function@_ZN9PatchListD2Ev,0,0,0,0,0,6,0,0,0,0,2.25002
function@__clang_call_terminate,0,0,0,0,0,0,0,0,0,0,0
function@_ZN9PatchList9moveatomsEv,0,0,0,0,0,3,0,0,0,0,2.33333
function@_ZN9PatchList11zeroresultsEv,0,0,0,0,0,3,0,0,0,0,2.33333
function@_ZN9PatchList10setresultsEP9ResultSet,0,0,0,0,0,9,0,0,0,0,4.875
function@_ZN9PatchList8readfileEP8_IO_FILEP8Molecule,0,0,0,0,0,20,0,0,0,0,8.4499
function@_ZN7LJTableC2Ev,0,0,0,0,0,0,0,0,0,0,0
function@_ZN7LJTable8readfileEP8_IO_FILE,0,0,0,0,0,11,0,0,0,0,8.02929
function@_ZN7LJTableD2Ev,0,0,0,0,0,0,0,0,0,0,0
function@_ZN20ComputeNonbondedUtil9calc_pairEP9nonbonded,209,0,0,75,0,142,204.679,0,60.6126,0,200.148
function@_Z22pairlist_from_pairlistddddPK8CompAtomPKtiPtdPd,0,0,0,0,0,11,0,0,0,0,62.84
function@_ZN20ComputeNonbondedUtil16calc_pair_energyEP9nonbonded,241,0,0,96,0,151,1120.86,0,175.409,0,355.107
function@_ZN20ComputeNonbondedUtil19calc_pair_fullelectEP9nonbonded,264,0,0,126,0,161,1579.46,0,247.761,0,220.813
function@_ZN20ComputeNonbondedUtil26calc_pair_energy_fullelectEP9nonbonded,333,0,0,182,0,188,4577.35,0,2951.62,0,947.264
function@_ZN20ComputeNonbondedUtil25calc_pair_merge_fullelectEP9nonbonded,202,0,0,81,0,143,227.972,0,68.4533,0,201.948
function@_ZN20ComputeNonbondedUtil32calc_pair_energy_merge_fullelectEP9nonbonded,221,0,0,94,0,142,1064.82,0,96.717,0,425.31
function@_ZN20ComputeNonbondedUtil24calc_pair_slow_fullelectEP9nonbonded,219,0,0,95,0,123,247.945,0,71.8462,0,194.242
function@_ZN20ComputeNonbondedUtil31calc_pair_energy_slow_fullelectEP9nonbonded,209,0,0,95,0,142,238.613,0,85.4093,0,427.783
function@_ZN20ComputeNonbondedUtil9calc_selfEP9nonbonded,138,0,0,84,0,135,170.925,0,61.1179,0,188.276
function@_ZN20ComputeNonbondedUtil16calc_self_energyEP9nonbonded,169,0,0,94,0,135,205.219,0,75.9957,0,319.658
function@_ZN20ComputeNonbondedUtil19calc_self_fullelectEP9nonbonded,183,0,0,108,0,171,225.217,0,67.1764,0,218.217
function@_ZN20ComputeNonbondedUtil26calc_self_energy_fullelectEP9nonbonded,219,0,0,133,0,199,1981.91,0,756.736,0,608.167
function@_ZN20ComputeNonbondedUtil25calc_self_merge_fullelectEP9nonbonded,153,0,0,85,0,148,193.416,0,69.2339,0,211.695
function@_ZN20ComputeNonbondedUtil32calc_self_energy_merge_fullelectEP9nonbonded,164,0,0,96,0,162,231.524,0,88.9515,0,449.12
function@_ZN20ComputeNonbondedUtil24calc_self_slow_fullelectEP9nonbonded,170,0,0,77,0,154,194.837,0,69.7732,0,208.256
function@_ZN20ComputeNonbondedUtil31calc_self_energy_slow_fullelectEP9nonbonded,187,0,0,94,0,162,221.091,0,85.0666,0,435.837
function@_ZN20ComputeNonbondedUtil20calc_pair_energy_intEP9nonbonded,227,0,0,105,0,189,1937.65,0,778.299,0,609.885
function@_ZN20ComputeNonbondedUtil30calc_pair_energy_fullelect_intEP9nonbonded,328,0,0,176,0,196,4316.29,0,2707.05,0,702.129
function@_ZN20ComputeNonbondedUtil36calc_pair_energy_merge_fullelect_intEP9nonbonded,257,0,0,111,0,186,2215.68,0,1019.23,0,433.502
function@_ZN20ComputeNonbondedUtil20calc_self_energy_intEP9nonbonded,206,0,0,89,0,157,251.275,0,70.4152,0,274.541
function@_ZN20ComputeNonbondedUtil30calc_self_energy_fullelect_intEP9nonbonded,253,0,0,140,0,191,2263.57,0,950.699,0,501.834
function@_ZN20ComputeNonbondedUtil36calc_self_energy_merge_fullelect_intEP9nonbonded,223,0,0,86,0,168,456.59,0,75.7473,0,350.071
function@_ZN14ResizeArrayRawI6VectorE6resizeEi,0,0,0,0,0,7,0,0,0,0,2.97647
function@_ZN8MoleculeC2Ev,0,0,0,0,0,5,0,0,0,0,2
function@_ZN8MoleculeD2Ev,0,0,0,0,0,4,0,0,0,0,2.24074
function@_ZN8Molecule8readfileEP8_IO_FILE,0,0,0,0,0,16,0,0,0,0,7.57384
function@_ZN11ObjectArenaIcE11getNewArrayEi,0,0,0,0,0,5,0,0,0,0,2.5
function@_ZN11ResizeArrayIPcED2Ev,0,0,0,0,0,1,0,0,0,0,0.352941
function@_ZN11ResizeArrayIPcED0Ev,0,0,0,0,0,3,0,0,0,0,2.35294
function@_ZN14ResizeArrayRawIPcE3insERKS0_i,0,0,0,0,0,7,0,0,0,0,3.98824
function@_Z9dummy_erfi,0,0,0,0,0,0,0,0,0,0,0
function@_ZN26ComputeNonbondedWorkArraysC2Ev,9,0,0,9,0,43,1.71658e-05,0,8.99994,0,15.9999
function@_ZN26ComputeNonbondedWorkArraysD2Ev,0,0,0,0,0,20,0,0,0,0,7.70588
function@_ZN11SelfCompute6doWorkEP9PatchList,0,0,0,0,0,1,0,0,0,0,1
function@_ZN11PairCompute6doWorkEP9PatchList,0,0,0,0,0,0,0,0,0,0,0
function@_ZN11ResizeArrayI6VectorED2Ev,0,0,0,0,0,1,0,0,0,0,0.352941
function@__clang_call_terminate,0,0,0,0,0,0,0,0,0,0,0
function@_ZN11ResizeArrayItED2Ev,0,0,0,0,0,1,0,0,0,0,0.352941
function@_ZN11ResizeArrayIdED2Ev,0,0,0,0,0,1,0,0,0,0,0.352941
function@_ZN11ResizeArrayItED0Ev,0,0,0,0,0,3,0,0,0,0,2.35294
function@_ZN11ResizeArrayIdED0Ev,0,0,0,0,0,3,0,0,0,0,2.35294
function@_ZN14ResizeArrayRawI6VectorE6resizeEi,0,0,0,0,0,7,0,0,0,0,2.97647
function@_ZN11ResizeArrayI6VectorED0Ev,0,0,0,0,0,3,0,0,0,0,2.35294
function@_GLOBAL__sub_I_Compute.C,0,0,0,0,0,2,0,0,0,0,2
function@_ZN13SimParametersC2Ev,0,0,0,0,0,0,0,0,0,0,0
function@_ZN13SimParameters8setparamEPKcS1_,0,0,0,0,0,134,0,0,0,0,12.729
function@_Z11parse_paramPKcS0_S0_Ri,0,0,0,0,0,5,0,0,0,0,3.38095
function@_Z11parse_paramPKcS0_S0_Rd,0,0,0,0,0,4,0,0,0,0,3
function@_ZN13SimParameters8readfileEP8_IO_FILE,0,0,0,0,0,16,0,0,0,0,12.1282
function@_ZN7Lattice3setE6VectorS0_S0_S0_,0,0,0,0,0,5,0,0,0,0,3.35294
function@_ZN11ComputeListC2Ev,0,0,0,0,0,0,0,0,0,0,0
function@_ZN11ComputeListD2Ev,0,0,0,0,0,5,0,0,0,0,3.47619
function@_ZN11ComputeList8readfileEP8_IO_FILEP9PatchList,0,0,0,0,0,25,0,0,0,0,6.65126
function@_ZN11ComputeList11runComputesEP9PatchList,0,0,0,0,0,8,0,0,0,0,47.1667
function@_ZN20ComputeNonbondedUtil13calc_pair_lesEP9nonbonded,184,0,0,77,0,138,201.712,0,63.4561,0,191.003
function@_Z22pairlist_from_pairlistddddPK8CompAtomPKtiPtdPd,0,0,0,0,0,11,0,0,0,0,62.84
function@_ZN20ComputeNonbondedUtil20calc_pair_energy_lesEP9nonbonded,173,0,0,86,0,147,854.085,0,79.1374,0,636.541
function@_ZN20ComputeNonbondedUtil23calc_pair_fullelect_lesEP9nonbonded,257,0,0,126,0,178,1651.37,0,318.195,0,536.099
function@_ZN20ComputeNonbondedUtil30calc_pair_energy_fullelect_lesEP9nonbonded,272,0,0,164,0,156,5144.36,0,3645.99,0,1243.8
function@_ZN20ComputeNonbondedUtil29calc_pair_merge_fullelect_lesEP9nonbonded,188,0,0,80,0,136,235.651,0,69.8462,0,196.89
function@_ZN20ComputeNonbondedUtil36calc_pair_energy_merge_fullelect_lesEP9nonbonded,217,0,0,97,0,146,1070.9,0,174.429,0,429.703
function@_ZN20ComputeNonbondedUtil28calc_pair_slow_fullelect_lesEP9nonbonded,193,0,0,92,0,139,231.184,0,72.5797,0,197.931
function@_ZN20ComputeNonbondedUtil35calc_pair_energy_slow_fullelect_lesEP9nonbonded,217,0,0,95,0,141,242.209,0,85.1374,0,427.648
function@_ZN20ComputeNonbondedUtil13calc_self_lesEP9nonbonded,143,0,0,86,0,137,168.317,0,66.3218,0,194.035
function@_ZN20ComputeNonbondedUtil20calc_self_energy_lesEP9nonbonded,159,0,0,88,0,143,190.167,0,74.6658,0,335.235
function@_ZN20ComputeNonbondedUtil23calc_self_fullelect_lesEP9nonbonded,187,0,0,109,0,173,224.362,0,71.0205,0,214.448
function@_ZN20ComputeNonbondedUtil30calc_self_energy_fullelect_lesEP9nonbonded,234,0,0,132,0,196,2072.28,0,829.984,0,606.82
function@_ZN20ComputeNonbondedUtil29calc_self_merge_fullelect_lesEP9nonbonded,154,0,0,79,0,160,193.1,0,73.5404,0,217.97
function@_ZN20ComputeNonbondedUtil36calc_self_energy_merge_fullelect_lesEP9nonbonded,176,0,0,101,0,161,241.53,0,99.4093,0,443.014
function@_ZN20ComputeNonbondedUtil28calc_self_slow_fullelect_lesEP9nonbonded,156,0,0,75,0,156,196.064,0,68.8595,0,212.721
function@_ZN20ComputeNonbondedUtil35calc_self_energy_slow_fullelect_lesEP9nonbonded,171,0,0,95,0,161,222.501,0,84.1525,0,429.902
function@_ZN14ResizeArrayRawI6VectorE6resizeEi,0,0,0,0,0,7,0,0,0,0,2.97647
function@_ZN20ComputeNonbondedUtil15calc_pair_pprofEP9nonbonded,234,0,0,84,0,172,220.453,0,90.8874,0,190.154
function@_Z22pairlist_from_pairlistddddPK8CompAtomPKtiPtdPd,0,0,0,0,0,11,0,0,0,0,62.84
function@_ZN20ComputeNonbondedUtil22calc_pair_energy_pprofEP9nonbonded,256,0,0,113,0,206,1985.22,0,1021.23,0,598.14
function@_ZN20ComputeNonbondedUtil25calc_pair_fullelect_pprofEP9nonbonded,339,0,0,143,0,196,2035.86,0,572.703,0,235.896
function@_ZN20ComputeNonbondedUtil32calc_pair_energy_fullelect_pprofEP9nonbonded,415,0,0,206,0,193,5019.89,0,3261.15,0,517.239
function@_ZN20ComputeNonbondedUtil31calc_pair_merge_fullelect_pprofEP9nonbonded,262,0,0,83,0,149,257.596,0,89.6346,0,173.396
function@_ZN20ComputeNonbondedUtil38calc_pair_energy_merge_fullelect_pprofEP9nonbonded,243,0,0,109,0,153,2465.97,0,1420.2,0,908.091
function@_ZN20ComputeNonbondedUtil30calc_pair_slow_fullelect_pprofEP9nonbonded,213,0,0,83,0,167,243.464,0,83.0192,0,187.549
function@_ZN20ComputeNonbondedUtil37calc_pair_energy_slow_fullelect_pprofEP9nonbonded,245,0,0,90,0,154,1147.96,0,95.2418,0,366.692
function@_ZN20ComputeNonbondedUtil15calc_self_pprofEP9nonbonded,219,0,0,84,0,142,211.871,0,75.1703,0,134.522
function@_ZN20ComputeNonbondedUtil22calc_self_energy_pprofEP9nonbonded,233,0,0,99,0,159,999.262,0,85.4633,0,258.393
function@_ZN20ComputeNonbondedUtil25calc_self_fullelect_pprofEP9nonbonded,282,0,0,129,0,173,436.47,0,99.8017,0,154.638
function@_ZN20ComputeNonbondedUtil32calc_self_energy_fullelect_pprofEP9nonbonded,296,0,0,164,0,189,3012.7,0,1474.28,0,363.226
function@_ZN20ComputeNonbondedUtil31calc_self_merge_fullelect_pprofEP9nonbonded,227,0,0,91,0,156,233.956,0,79.7846,0,159.624
function@_ZN20ComputeNonbondedUtil38calc_self_energy_merge_fullelect_pprofEP9nonbonded,245,0,0,98,0,183,1032.43,0,88.5537,0,356.006
function@_ZN20ComputeNonbondedUtil30calc_self_slow_fullelect_pprofEP9nonbonded,229,0,0,94,0,168,217.518,0,73.4134,0,168.238
function@_ZN20ComputeNonbondedUtil37calc_self_energy_slow_fullelect_pprofEP9nonbonded,218,0,0,96,0,175,223.911,0,73.8936,0,353.983
function@_ZN14ResizeArrayRawI6VectorE6resizeEi,0,0,0,0,0,7,0,0,0,0,2.97647
function@_ZN20ComputeNonbondedUtil10calc_errorEP9nonbonded,0,0,0,0,0,0,0,0,0,0,0
function@_ZN20ComputeNonbondedUtil6selectEP13SimParametersP8MoleculeP7LJTable,44,0,0,27,0,56,181.399,0,110.338,0,2226.79
