Comando: /home/mpvreal/Code/Faculdade/tcc/llvm/build/bin/llc --march=x86 --regalloc=basic -o -
Heurística: original
function@_Z10exit_usagePKc,0,0,0,0,0,0,0,0,0,0,0
function@_Z8NAMD_bugPKc,0,0,0,0,0,0,0,0,0,0,0
function@_Z8NAMD_diePKc,0,0,0,0,0,0,0,0,0,0,0
function@main,273,128,0,97,120,169,1289.59,841.392,157.085,399.427,478.942
function@_ZN9ResultSetD2Ev,0,0,0,0,0,0,0,0,0,0,0
function@__clang_call_terminate,0,0,0,0,0,0,0,0,0,0,0
function@_ZN20ComputeNonbondedUtil20calc_pair_energy_fepEP9nonbonded,1544,403,0,512,240,109,21030.9,5752.28,5581.89,308.758,1219.2
function@_Z22pairlist_from_pairlistddddPK8CompAtomPKtiPtdPd,46,14,0,41,12,6,335.64,142.8,250.56,73,51.32
function@_Z24fep_vdw_forceandenergiesdddddddddiidddPdS_S_,28,31,0,24,0,0,13.1912,9.42647,11.7647,0,0
function@_ZN20ComputeNonbondedUtil30calc_pair_energy_fullelect_fepEP9nonbonded,1858,494,0,594,243,114,35370.3,11503.9,9759.17,782.102,1677.61
function@_ZN20ComputeNonbondedUtil36calc_pair_energy_merge_fullelect_fepEP9nonbonded,1651,431,0,534,212,134,27112.1,6859.99,6313.35,265.782,1473.74
function@_ZN20ComputeNonbondedUtil35calc_pair_energy_slow_fullelect_fepEP9nonbonded,1474,342,0,434,214,135,18756.2,3062.18,4003.47,284.426,1576.2
function@_ZN20ComputeNonbondedUtil20calc_self_energy_fepEP9nonbonded,1533,425,0,477,240,135,21106.8,6416.73,4158.18,441.074,1606.2
function@_ZN20ComputeNonbondedUtil30calc_self_energy_fullelect_fepEP9nonbonded,1863,476,0,535,257,137,35633.3,10500.7,6732.51,1065.87,2076.84
function@_ZN20ComputeNonbondedUtil36calc_self_energy_merge_fullelect_fepEP9nonbonded,1644,425,0,483,226,142,28372.1,7362.32,5051.69,522.11,1742.68
function@_ZN20ComputeNonbondedUtil35calc_self_energy_slow_fullelect_fepEP9nonbonded,1520,350,0,413,214,160,21540,3442.12,3022.28,850.791,1803.36
function@_ZN14ResizeArrayRawI6VectorE6resizeEi,28,7,0,11,5,4,62.4706,14.6353,6.82353,4.74118,16.2824
function@_ZN5PatchC2Ev,0,0,0,0,0,0,0,0,0,0,0
function@_ZN5PatchD2Ev,0,0,0,0,0,0,0,0,0,0,0
function@_ZN5Patch9moveatomsEv,9,5,0,7,2,2,171,106.25,128.5,22.25,42.5
function@_ZN5Patch10zeroforcesEv,15,1,0,1,4,5,160.68,10.2,0.64,23.6,44
function@_ZN5Patch9setforcesEP6VectorS1_,0,0,0,0,0,2,0,0,0,0,42.5
function@_ZN5Patch8readfileEP8_IO_FILEP8Molecule,105,29,0,28,21,37,68.4146,8.70786,7.23249,6.46601,11.6701
function@_ZN9ResultSet9writefileEP8_IO_FILE,0,0,0,0,0,0,0,0,0,0,0
function@_ZN9ResultSet8readfileEP8_IO_FILE,0,0,0,0,0,0,0,0,0,0,0
function@_Z5equaldd,0,0,0,0,0,0,0,0,0,0,0
function@_Z5equalPdS_,0,0,0,0,0,0,0,0,0,0,0
function@_Z5equalPdS_S_S_,0,0,0,0,0,0,0,0,0,0,0
function@_ZN9ResultSet5checkEv,0,0,0,0,0,0,0,0,0,0,0
function@_ZN9ResultSet8samemodeERS_,0,0,0,0,0,0,0,0,0,0,0
function@_ZN9ResultSet7compareERS_,6,3,0,4,1,0,1.99999,1.5,3,0.499998,0
function@_ZN9PatchListC2ER7Lattice,0,0,0,0,0,0,0,0,0,0,0
function@_ZN9PatchListD2Ev,2,0,0,1,0,1,0.624997,0,0.625,0,1.15481e-05
function@__clang_call_terminate,0,0,0,0,0,0,0,0,0,0,0
function@_ZN9PatchList9moveatomsEv,0,0,0,0,0,2,0,0,0,0,42.5
function@_ZN9PatchList11zeroresultsEv,0,0,0,0,0,2,0,0,0,0,42.5
function@_ZN9PatchList10setresultsEP9ResultSet,4,0,0,5,0,3,60.8125,0,42.125,0,59.8125
function@_ZN9PatchList8readfileEP8_IO_FILEP8Molecule,12,6,0,5,7,9,2.66898,2.81243,0.585939,3.23722,3.02748
function@_ZN7LJTableC2Ev,0,0,0,0,0,0,0,0,0,0,0
function@_ZN7LJTable8readfileEP8_IO_FILE,3,4,0,1,2,4,4.29128,2.77518,0.234375,0.270302,1.35156
function@_ZN7LJTableD2Ev,0,0,0,0,0,0,0,0,0,0,0
function@_ZN7LJTable18compute_vdw_paramsEiiPNS_10TableEntryES1_,0,0,0,0,0,0,0,0,0,0,0
function@_ZN20ComputeNonbondedUtil9calc_pairEP9nonbonded,730,179,0,217,109,79,6146.71,650.664,1107.59,113.496,464.306
function@_Z22pairlist_from_pairlistddddPK8CompAtomPKtiPtdPd,46,14,0,41,12,6,335.64,142.8,250.56,73,51.32
function@_ZN20ComputeNonbondedUtil16calc_pair_energyEP9nonbonded,750,190,0,229,109,79,7188.48,1391.17,1777.79,113.496,464.306
function@_ZN20ComputeNonbondedUtil19calc_pair_fullelectEP9nonbonded,855,200,0,265,117,78,13240.4,2052.09,3346.11,776.432,537.755
function@_ZN20ComputeNonbondedUtil26calc_pair_energy_fullelectEP9nonbonded,895,223,0,294,112,74,14969.1,3821.79,4615.07,758.932,523.755
function@_ZN20ComputeNonbondedUtil25calc_pair_merge_fullelectEP9nonbonded,805,184,0,238,111,81,11138,942.345,2154.24,551.048,541.873
function@_ZN20ComputeNonbondedUtil32calc_pair_energy_merge_fullelectEP9nonbonded,850,194,0,258,113,75,12796.5,1526.46,2612.2,548.849,527.413
function@_ZN20ComputeNonbondedUtil24calc_pair_slow_fullelectEP9nonbonded,751,187,0,233,115,81,6725.69,742.261,1372.3,120.577,672.349
function@_ZN20ComputeNonbondedUtil31calc_pair_energy_slow_fullelectEP9nonbonded,763,187,0,238,115,81,7392.94,742.261,1594.71,120.577,672.349
function@_ZN20ComputeNonbondedUtil9calc_selfEP9nonbonded,788,196,0,224,120,86,6120.97,788.378,689.072,162.118,550.617
function@_ZN20ComputeNonbondedUtil16calc_self_energyEP9nonbonded,806,210,0,238,120,86,7087.95,1594.07,1356.03,162.118,550.617
function@_ZN20ComputeNonbondedUtil19calc_self_fullelectEP9nonbonded,937,213,0,274,139,71,11551.2,1195.44,1476.84,570.386,625.637
function@_ZN20ComputeNonbondedUtil26calc_self_energy_fullelectEP9nonbonded,982,244,0,301,139,71,14420.7,3102.17,2738.08,570.386,625.637
function@_ZN20ComputeNonbondedUtil25calc_self_merge_fullelectEP9nonbonded,893,202,0,260,135,75,11496,858.602,1540.41,633.371,596.396
function@_ZN20ComputeNonbondedUtil32calc_self_energy_merge_fullelectEP9nonbonded,898,227,0,279,164,73,9875.33,2127.19,2147.27,872.591,571.372
function@_ZN20ComputeNonbondedUtil24calc_self_slow_fullelectEP9nonbonded,815,197,0,233,122,83,6432.52,830.078,701.68,151.071,759.961
function@_ZN20ComputeNonbondedUtil31calc_self_energy_slow_fullelectEP9nonbonded,833,199,0,255,128,76,7353.47,820.841,1020.53,154.019,737.206
function@_ZN20ComputeNonbondedUtil20calc_pair_energy_intEP9nonbonded,883,235,0,291,143,76,9984.5,3038.29,2965.4,572.75,375.838
function@_ZN20ComputeNonbondedUtil30calc_pair_energy_fullelect_intEP9nonbonded,985,295,0,328,119,82,15390.1,6637.81,4756.43,496.571,548.832
function@_ZN20ComputeNonbondedUtil36calc_pair_energy_merge_fullelect_intEP9nonbonded,900,247,0,301,142,78,10709.6,3733.47,3322.42,573.469,454.052
function@_ZN20ComputeNonbondedUtil20calc_self_energy_intEP9nonbonded,876,262,0,266,127,102,6896,3504.6,2200.94,134.744,489.845
function@_ZN20ComputeNonbondedUtil30calc_self_energy_fullelect_intEP9nonbonded,1073,311,0,332,177,86,13574.3,4910.48,3327.52,568.059,563.944
function@_ZN20ComputeNonbondedUtil36calc_self_energy_merge_fullelect_intEP9nonbonded,998,276,0,309,149,86,11973.6,3668.71,2799.1,594.715,496.886
function@_ZN14ResizeArrayRawI6VectorE6resizeEi,28,7,0,11,5,4,62.4706,14.6353,6.82353,4.74118,16.2824
function@_ZN8MoleculeC2Ev,0,0,0,0,0,2,0,0,0,0,1
function@_ZN8MoleculeD2Ev,4,1,0,1,0,2,9.77778,1,1,0,25.2593
function@_ZN8Molecule8readfileEP8_IO_FILE,9,3,0,2,4,6,1.68118,0.597461,0.351562,0.638282,3.11581
function@_ZN11ObjectArenaIcE11getNewArrayEi,0,0,0,0,0,5,0,0,0,0,3.25
function@_ZN11ResizeArrayIPcED2Ev,0,0,0,0,0,0,0,0,0,0,0
function@_ZN11ResizeArrayIPcED0Ev,0,0,0,0,0,0,0,0,0,0,0
function@_ZN14ResizeArrayRawIPcE3insERKS0_i,12,8,0,5,0,6,2.96471,2.47059,1.98824,0,1.48235
function@_Z9dummy_erfi,0,0,0,0,0,0,0,0,0,0,0
function@_ZN26ComputeNonbondedWorkArraysC2Ev,0,0,0,0,0,18,0,0,0,0,1.90732e-05
function@_ZN26ComputeNonbondedWorkArraysD2Ev,0,0,0,0,0,0,0,0,0,0,0
function@_ZN11SelfCompute6doWorkEP9PatchList,0,0,0,0,0,0,0,0,0,0,0
function@_ZN11PairCompute6doWorkEP9PatchList,8,5,0,4,0,10,8,5,4,0,10
function@_ZN11ResizeArrayI6VectorED2Ev,0,0,0,0,0,0,0,0,0,0,0
function@__clang_call_terminate,0,0,0,0,0,0,0,0,0,0,0
function@_ZN11ResizeArrayItED2Ev,0,0,0,0,0,0,0,0,0,0,0
function@_ZN11ResizeArrayIdED2Ev,0,0,0,0,0,0,0,0,0,0,0
function@_ZN11ResizeArrayItED0Ev,0,0,0,0,0,0,0,0,0,0,0
function@_ZN11ResizeArrayIdED0Ev,0,0,0,0,0,0,0,0,0,0,0
function@_ZN14ResizeArrayRawI6VectorE6resizeEi,28,7,0,11,5,4,62.4706,14.6353,6.82353,4.74118,16.2824
function@_ZN11ResizeArrayI6VectorED0Ev,0,0,0,0,0,0,0,0,0,0,0
function@_GLOBAL__sub_I_Compute.C,0,0,0,0,0,0,0,0,0,0,0
function@_ZN13SimParametersC2Ev,0,0,0,0,0,0,0,0,0,0,0
function@_ZN13SimParameters8setparamEPKcS1_,0,0,0,0,0,1,0,0,0,0,0.999999
function@_Z11parse_paramPKcS0_S0_Ri,0,0,0,0,0,1,0,0,0,0,1
function@_Z11parse_paramPKcS0_S0_Rd,0,0,0,0,0,1,0,0,0,0,1
function@_ZN13SimParameters8readfileEP8_IO_FILE,0,4,0,1,0,2,0,2.38996,1.45382,0,1.90863
function@_ZN7Lattice3setE6VectorS0_S0_S0_,33,33,0,20,0,0,16.7451,22.4706,9.92157,0,0
function@_ZN11ComputeListC2Ev,0,0,0,0,0,0,0,0,0,0,0
function@_ZN11ComputeListD2Ev,0,0,0,0,0,0,0,0,0,0,0
function@_ZN11ComputeList8readfileEP8_IO_FILEP9PatchList,9,3,0,3,3,23,0.861575,0.297781,0.147803,0.242975,4.02116
function@_ZN11ComputeList11runComputesEP9PatchList,0,0,0,0,0,4,0,0,0,0,85
function@_ZN20ComputeNonbondedUtil13calc_pair_lesEP9nonbonded,796,187,0,243,135,62,8224.89,826.469,1610.59,629.815,393.618
function@_Z22pairlist_from_pairlistddddPK8CompAtomPKtiPtdPd,46,14,0,41,12,6,335.64,142.8,250.56,73,51.32
function@_ZN20ComputeNonbondedUtil20calc_pair_energy_lesEP9nonbonded,821,199,0,255,135,62,10001.6,1640.99,2498.76,629.815,393.618
function@_ZN20ComputeNonbondedUtil23calc_pair_fullelect_lesEP9nonbonded,883,231,0,301,144,72,12194.7,3124.53,3579.27,719.289,578.437
function@_ZN20ComputeNonbondedUtil30calc_pair_energy_fullelect_lesEP9nonbonded,927,243,0,304,121,73,15691.4,4639.69,4207.86,622.08,667.622
function@_ZN20ComputeNonbondedUtil29calc_pair_merge_fullelect_lesEP9nonbonded,839,201,0,257,146,70,10839.8,1193.77,2206.94,855.352,497.581
function@_ZN20ComputeNonbondedUtil36calc_pair_energy_merge_fullelect_lesEP9nonbonded,875,200,0,265,122,71,13066.8,1753.4,2624.3,727.734,526.376
function@_ZN20ComputeNonbondedUtil28calc_pair_slow_fullelect_lesEP9nonbonded,793,183,0,243,116,79,9834.87,753.359,2184.64,784.085,530.088
function@_ZN20ComputeNonbondedUtil35calc_pair_energy_slow_fullelect_lesEP9nonbonded,806,185,0,248,114,78,10576.1,831.073,2336.74,636.058,526.387
function@_ZN20ComputeNonbondedUtil13calc_self_lesEP9nonbonded,846,203,0,252,137,71,9216.65,832.026,1302.84,631.94,472.126
function@_ZN20ComputeNonbondedUtil20calc_self_energy_lesEP9nonbonded,870,217,0,266,137,71,10622.5,1637.72,1969.8,631.94,472.126
function@_ZN20ComputeNonbondedUtil23calc_self_fullelect_lesEP9nonbonded,970,218,0,288,147,72,13606.8,1630.64,2217.98,1013.01,632.837
function@_ZN20ComputeNonbondedUtil30calc_self_energy_fullelect_lesEP9nonbonded,1003,254,0,316,144,72,14764.3,3903.08,3409.74,793.586,632.837
function@_ZN20ComputeNonbondedUtil29calc_self_merge_fullelect_lesEP9nonbonded,905,210,0,263,144,70,11994.4,1044.42,1535.7,790.844,477.736
function@_ZN20ComputeNonbondedUtil36calc_self_energy_merge_fullelect_lesEP9nonbonded,934,225,0,279,144,70,13619.9,2068.79,2279.46,790.844,477.736
function@_ZN20ComputeNonbondedUtil28calc_self_slow_fullelect_lesEP9nonbonded,870,203,0,252,136,76,9493.61,937.77,1523.41,775.115,598.689
function@_ZN20ComputeNonbondedUtil35calc_self_energy_slow_fullelect_lesEP9nonbonded,883,205,0,267,140,71,10306.2,894.104,1682.43,712.639,547.336
function@_ZN14ResizeArrayRawI6VectorE6resizeEi,28,7,0,11,5,4,62.4706,14.6353,6.82353,4.74118,16.2824
function@_ZN20ComputeNonbondedUtil15calc_pair_pprofEP9nonbonded,941,251,0,317,147,71,11614.7,3379.04,2912.72,673.486,435.175
function@_Z22pairlist_from_pairlistddddPK8CompAtomPKtiPtdPd,46,14,0,41,12,6,335.64,142.8,250.56,73,51.32
function@_ZN20ComputeNonbondedUtil22calc_pair_energy_pprofEP9nonbonded,970,265,0,331,149,71,13080.2,4229.99,3644.71,677.059,435.175
function@_ZN20ComputeNonbondedUtil25calc_pair_fullelect_pprofEP9nonbonded,1091,302,0,365,165,85,21706.9,5640.25,5215.83,1344.85,546.119
function@_ZN20ComputeNonbondedUtil32calc_pair_energy_fullelect_pprofEP9nonbonded,1221,336,0,402,141,75,26367.1,8839.74,6922.87,1263.65,518.805
function@_ZN20ComputeNonbondedUtil31calc_pair_merge_fullelect_pprofEP9nonbonded,991,259,0,312,122,87,16857.6,4086.12,4022.82,837.479,546.143
function@_ZN20ComputeNonbondedUtil38calc_pair_energy_merge_fullelect_pprofEP9nonbonded,999,287,0,335,124,79,14498.7,5382.61,4055.93,479.095,588.213
function@_ZN20ComputeNonbondedUtil30calc_pair_slow_fullelect_pprofEP9nonbonded,989,235,0,307,134,84,14509.3,2692.18,3470.62,1028.75,548.501
function@_ZN20ComputeNonbondedUtil37calc_pair_energy_slow_fullelect_pprofEP9nonbonded,1019,258,0,353,155,72,14923.6,3989.12,4273.54,1107.29,499.029
function@_ZN20ComputeNonbondedUtil15calc_self_pprofEP9nonbonded,990,270,0,307,179,85,11697.3,2700.29,2528.67,874.648,429.707
function@_ZN20ComputeNonbondedUtil22calc_self_energy_pprofEP9nonbonded,1004,295,0,319,179,85,12609.1,4059.13,2969.34,874.782,429.707
function@_ZN20ComputeNonbondedUtil25calc_self_fullelect_pprofEP9nonbonded,1216,308,0,354,161,93,22078.6,5626.52,4099.75,1141.76,675.806
function@_ZN20ComputeNonbondedUtil32calc_self_energy_fullelect_pprofEP9nonbonded,1223,356,0,360,149,103,24002.9,8286.94,5264.92,1128.06,626.014
function@_ZN20ComputeNonbondedUtil31calc_self_merge_fullelect_pprofEP9nonbonded,1039,278,0,319,156,95,15090.8,3460.45,2835.82,898.151,544.574
function@_ZN20ComputeNonbondedUtil38calc_self_energy_merge_fullelect_pprofEP9nonbonded,1065,290,0,318,144,107,16622.7,4808.1,3645.17,874.658,568.607
function@_ZN20ComputeNonbondedUtil30calc_self_slow_fullelect_pprofEP9nonbonded,1011,245,0,288,152,92,11218.3,1990.52,1845.65,854.348,543.36
function@_ZN20ComputeNonbondedUtil37calc_self_energy_slow_fullelect_pprofEP9nonbonded,1013,272,0,329,155,84,11882.9,3195.25,2602.7,848.522,490.716
function@_ZN14ResizeArrayRawI6VectorE6resizeEi,28,7,0,11,5,4,62.4706,14.6353,6.82353,4.74118,16.2824
function@_ZN20ComputeNonbondedUtil10calc_errorEP9nonbonded,0,0,0,0,0,0,0,0,0,0,0
function@_ZN20ComputeNonbondedUtil6selectEP13SimParametersP8MoleculeP7LJTable,305,142,0,111,72,17,5360.48,10301.2,1320.73,425.24,1971.97
