Comando: /home/mpvreal/Code/Faculdade/tcc/llvm/build/bin/llc --march=x86 --regalloc=greedy -o -
Heurística: original
function@_Z10exit_usagePKc,0,0,0,0,0,0,0,0,0,0,0
function@_Z8NAMD_bugPKc,0,0,0,0,0,0,0,0,0,0,0
function@_Z8NAMD_diePKc,0,0,0,0,0,0,0,0,0,0,0
function@main,138,76,0,94,17,223,619.656,540.039,320.625,128.543,674.276
function@_ZN9ResultSetD2Ev,0,0,0,0,0,0,0,0,0,0,0
function@__clang_call_terminate,0,0,0,0,0,0,0,0,0,0,0
function@_ZN20ComputeNonbondedUtil20calc_pair_energy_fepEP9nonbonded,885,150,0,440,30,387,13421.4,3404,6067.32,17.6332,1893.51
function@_Z22pairlist_from_pairlistddddPK8CompAtomPKtiPtdPd,20,10,0,39,1,23,159.68,102,254.68,0.32,145.32
function@_Z24fep_vdw_forceandenergiesdddddddddiidddPdS_S_,23,13,0,21,0,12,10.2059,4.29412,9.88235,0,4.08824
function@_ZN20ComputeNonbondedUtil30calc_pair_energy_fullelect_fepEP9nonbonded,1077,177,0,561,36,417,20692.2,5499.67,10857.2,17.8907,3312.65
function@_ZN20ComputeNonbondedUtil36calc_pair_energy_merge_fullelect_fepEP9nonbonded,992,136,0,484,31,418,15738.1,3012.75,6490.56,18.4464,2505.92
function@_ZN20ComputeNonbondedUtil35calc_pair_energy_slow_fullelect_fepEP9nonbonded,882,137,0,438,33,410,9933.38,3064.99,3812.5,23.0791,2945.8
function@_ZN20ComputeNonbondedUtil20calc_self_energy_fepEP9nonbonded,831,135,0,416,39,419,12378.3,3283.3,4451.11,24.8842,2436.92
function@_ZN20ComputeNonbondedUtil30calc_self_energy_fullelect_fepEP9nonbonded,944,163,0,484,44,422,19100.7,4933.98,7070.88,32.3256,3108.78
function@_ZN20ComputeNonbondedUtil36calc_self_energy_merge_fullelect_fepEP9nonbonded,914,145,0,443,44,452,14747.7,4083.88,5114.08,35.612,3029.48
function@_ZN20ComputeNonbondedUtil35calc_self_energy_slow_fullelect_fepEP9nonbonded,804,125,0,386,44,411,9812.85,2757.06,1993.43,30.299,2476.13
function@_ZN14ResizeArrayRawI6VectorE6resizeEi,10,4,0,8,0,14,9.36471,8.25882,5.35294,0,22.2588
function@_ZN5PatchC2Ev,0,0,0,0,0,0,0,0,0,0,0
function@_ZN5PatchD2Ev,0,0,0,0,0,0,0,0,0,0,0
function@_ZN5Patch9moveatomsEv,6,3,0,7,0,3,127.5,63.75,128.167,0,63.75
function@_ZN5Patch10zeroforcesEv,0,2,0,1,0,5,0,13.4,0.64,0,44
function@_ZN5Patch9setforcesEP6VectorS1_,0,0,0,0,0,2,0,0,0,0,42.5
function@_ZN5Patch8readfileEP8_IO_FILEP8Molecule,10,17,0,19,0,59,1.20419,4.37622,1.75351,0,16.5215
function@_ZN9ResultSet9writefileEP8_IO_FILE,0,0,0,0,0,0,0,0,0,0,0
function@_ZN9ResultSet8readfileEP8_IO_FILE,0,0,0,0,0,0,0,0,0,0,0
function@_Z5equaldd,0,0,0,0,0,0,0,0,0,0,0
function@_Z5equalPdS_,0,0,0,0,0,0,0,0,0,0,0
function@_Z5equalPdS_S_S_,0,0,0,0,0,0,0,0,0,0,0
function@_ZN9ResultSet5checkEv,0,0,0,0,0,0,0,0,0,0,0
function@_ZN9ResultSet8samemodeERS_,0,0,0,0,0,0,0,0,0,0,0
function@_ZN9ResultSet7compareERS_,4,2,0,4,0,0,0.999996,0.499999,2,0,0
function@_ZN9PatchListC2ER7Lattice,0,0,0,0,0,0,0,0,0,0,0
function@_ZN9PatchListD2Ev,2,0,0,1,0,1,0.624997,0,0.625,0,1.15481e-05
function@__clang_call_terminate,0,0,0,0,0,0,0,0,0,0,0
function@_ZN9PatchList9moveatomsEv,0,0,0,0,0,2,0,0,0,0,42.5
function@_ZN9PatchList11zeroresultsEv,0,0,0,0,0,2,0,0,0,0,42.5
function@_ZN9PatchList10setresultsEP9ResultSet,4,1,0,5,0,5,60.4375,19.9375,80.375,0,99.6875
function@_ZN9PatchList8readfileEP8_IO_FILEP8Molecule,2,2,0,2,1,9,0.073241,0.117189,0.146484,0.117188,3.02748
function@_ZN7LJTableC2Ev,0,0,0,0,0,0,0,0,0,0,0
function@_ZN7LJTable8readfileEP8_IO_FILE,1,0,0,1,0,5,2.07961,0,0.234375,0,2.56324
function@_ZN7LJTableD2Ev,0,0,0,0,0,0,0,0,0,0,0
function@_ZN20ComputeNonbondedUtil9calc_pairEP9nonbonded,452,59,0,214,17,188,3218.02,509.095,1028.87,3.80495,842.098
function@_Z22pairlist_from_pairlistddddPK8CompAtomPKtiPtdPd,20,10,0,39,1,23,159.68,102,254.68,0.32,145.32
function@_ZN20ComputeNonbondedUtil16calc_pair_energyEP9nonbonded,454,73,0,233,15,184,3999.57,1110.23,2230.59,3.18956,588.652
function@_ZN20ComputeNonbondedUtil19calc_pair_fullelectEP9nonbonded,526,82,0,273,16,216,5442.6,1120.66,2655.77,3.77198,1273.52
function@_ZN20ComputeNonbondedUtil26calc_pair_energy_fullelectEP9nonbonded,575,94,0,295,20,207,6671.33,2016.42,4591.62,3.46703,1363.33
function@_ZN20ComputeNonbondedUtil25calc_pair_merge_fullelectEP9nonbonded,486,64,0,232,17,212,4764.7,733.759,1282.28,3.64423,751.428
function@_ZN20ComputeNonbondedUtil32calc_pair_energy_merge_fullelectEP9nonbonded,486,81,0,263,15,201,5148.27,1260.51,2705.7,3.70192,1320.98
function@_ZN20ComputeNonbondedUtil24calc_pair_slow_fullelectEP9nonbonded,431,66,0,234,16,195,3477.55,706.563,916.864,4.22802,1186.02
function@_ZN20ComputeNonbondedUtil31calc_pair_energy_slow_fullelectEP9nonbonded,498,65,0,240,22,192,4128.71,736.319,1522.79,5.71429,1111.83
function@_ZN20ComputeNonbondedUtil9calc_selfEP9nonbonded,428,66,0,209,29,228,2576.2,505.97,471.612,12.5481,1126.01
function@_ZN20ComputeNonbondedUtil16calc_self_energyEP9nonbonded,467,83,0,235,33,210,3210.88,1171.3,1588.21,14.0027,879.933
function@_ZN20ComputeNonbondedUtil19calc_self_fullelectEP9nonbonded,485,75,0,229,29,223,4427.74,905.048,1222.76,8.14149,1258.7
function@_ZN20ComputeNonbondedUtil26calc_self_energy_fullelectEP9nonbonded,533,80,0,261,31,234,5830.91,1453.72,2639.95,12.9176,1351
function@_ZN20ComputeNonbondedUtil25calc_self_merge_fullelectEP9nonbonded,478,67,0,213,31,222,4369.89,595.875,414.511,13.4025,1178.27
function@_ZN20ComputeNonbondedUtil32calc_self_energy_merge_fullelectEP9nonbonded,450,79,0,227,28,252,4321.16,1263.06,1949.98,7.97665,1049.62
function@_ZN20ComputeNonbondedUtil24calc_self_slow_fullelectEP9nonbonded,477,69,0,220,32,222,3002.3,443.525,286.34,10.3269,1064.08
function@_ZN20ComputeNonbondedUtil31calc_self_energy_slow_fullelectEP9nonbonded,440,71,0,215,27,212,3399.76,645.309,647.786,7.48352,1161.27
function@_ZN20ComputeNonbondedUtil20calc_pair_energy_intEP9nonbonded,503,94,0,253,20,219,3662.66,1910.58,2352.4,4.18132,753.065
function@_ZN20ComputeNonbondedUtil30calc_pair_energy_fullelect_intEP9nonbonded,626,120,0,309,24,226,7082.38,3007.54,4576.06,4.69093,1353.37
function@_ZN20ComputeNonbondedUtil36calc_pair_energy_merge_fullelect_intEP9nonbonded,560,106,0,270,16,219,5782.97,1614.51,2858.67,3.71429,933.995
function@_ZN20ComputeNonbondedUtil20calc_self_energy_intEP9nonbonded,507,92,0,257,32,263,3127.64,1724.16,2062.55,14.2349,728.033
function@_ZN20ComputeNonbondedUtil30calc_self_energy_fullelect_intEP9nonbonded,592,104,0,299,28,276,5803.85,2184.48,3639.69,11.908,1390.55
function@_ZN20ComputeNonbondedUtil36calc_self_energy_merge_fullelect_intEP9nonbonded,524,112,0,260,30,272,3892.13,2248.97,2389.06,8.02473,1115.85
function@_ZN14ResizeArrayRawI6VectorE6resizeEi,10,4,0,8,0,14,9.36471,8.25882,5.35294,0,22.2588
function@_ZN8MoleculeC2Ev,0,0,0,0,0,2,0,0,0,0,1
function@_ZN8MoleculeD2Ev,0,0,0,0,0,2,0,0,0,0,25.2593
function@_ZN8Molecule8readfileEP8_IO_FILE,3,0,0,3,0,8,0.737696,0,0.837822,0,2.59608
function@_ZN11ObjectArenaIcE11getNewArrayEi,0,0,0,0,0,4,0,0,0,0,2.25
function@_ZN11ResizeArrayIPcED2Ev,0,0,0,0,0,0,0,0,0,0,0
function@_ZN11ResizeArrayIPcED0Ev,0,0,0,0,0,0,0,0,0,0,0
function@_ZN14ResizeArrayRawIPcE3insERKS0_i,4,0,0,4,0,11,0.988235,0,0.988235,0,2.65882
function@_Z9dummy_erfi,0,0,0,0,0,0,0,0,0,0,0
function@_ZN26ComputeNonbondedWorkArraysC2Ev,0,0,0,0,0,18,0,0,0,0,1.90732e-05
function@_ZN26ComputeNonbondedWorkArraysD2Ev,0,0,0,0,0,0,0,0,0,0,0
function@_ZN11SelfCompute6doWorkEP9PatchList,0,0,0,0,0,0,0,0,0,0,0
function@_ZN11PairCompute6doWorkEP9PatchList,1,2,0,3,0,13,1,2,3,0,13
function@_ZN11ResizeArrayI6VectorED2Ev,0,0,0,0,0,0,0,0,0,0,0
function@__clang_call_terminate,0,0,0,0,0,0,0,0,0,0,0
function@_ZN11ResizeArrayItED2Ev,0,0,0,0,0,0,0,0,0,0,0
function@_ZN11ResizeArrayIdED2Ev,0,0,0,0,0,0,0,0,0,0,0
function@_ZN11ResizeArrayItED0Ev,0,0,0,0,0,0,0,0,0,0,0
function@_ZN11ResizeArrayIdED0Ev,0,0,0,0,0,0,0,0,0,0,0
function@_ZN14ResizeArrayRawI6VectorE6resizeEi,10,4,0,8,0,14,9.36471,8.25882,5.35294,0,22.2588
function@_ZN11ResizeArrayI6VectorED0Ev,0,0,0,0,0,0,0,0,0,0,0
function@_ZN13SimParametersC2Ev,0,0,0,0,0,0,0,0,0,0,0
function@_ZN13SimParameters8setparamEPKcS1_,0,0,0,0,0,1,0,0,0,0,0.999999
function@_Z11parse_paramPKcS0_S0_Ri,0,0,0,0,0,1,0,0,0,0,1
function@_Z11parse_paramPKcS0_S0_Rd,0,0,0,0,0,1,0,0,0,0,1
function@_ZN13SimParameters8readfileEP8_IO_FILE,0,0,0,0,0,2,0,0,0,0,2.36245
function@_ZN7Lattice3setE6VectorS0_S0_S0_,23,6,0,28,0,12,14.3137,6,18.7451,0,6.23529
function@_ZN11ComputeListC2Ev,0,0,0,0,0,0,0,0,0,0,0
function@_ZN11ComputeListD2Ev,0,0,0,0,0,0,0,0,0,0,0
function@_ZN11ComputeList8readfileEP8_IO_FILEP9PatchList,3,3,0,3,2,23,0.0955991,0.311197,0.0956018,0.139203,3.02976
function@_ZN11ComputeList11runComputesEP9PatchList,0,0,0,0,0,4,0,0,0,0,85
function@_ZN20ComputeNonbondedUtil13calc_pair_lesEP9nonbonded,458,63,0,227,15,186,3314.61,523.382,1039.75,3.18956,1084.11
function@_Z22pairlist_from_pairlistddddPK8CompAtomPKtiPtdPd,20,10,0,39,1,23,159.68,102,254.68,0.32,145.32
function@_ZN20ComputeNonbondedUtil20calc_pair_energy_lesEP9nonbonded,453,81,0,239,19,179,3827.65,1427.03,2148.2,4.53984,1209.04
function@_ZN20ComputeNonbondedUtil23calc_pair_fullelect_lesEP9nonbonded,531,84,0,279,25,189,6128.5,1361.75,3169.71,4.89286,1856.93
function@_ZN20ComputeNonbondedUtil30calc_pair_energy_fullelect_lesEP9nonbonded,534,90,0,289,24,212,7476.92,1738.09,4366.04,8.12088,1404.45
function@_ZN20ComputeNonbondedUtil29calc_pair_merge_fullelect_lesEP9nonbonded,470,74,0,226,18,203,4455.01,770.97,1351.89,3.99176,1184.47
function@_ZN20ComputeNonbondedUtil36calc_pair_energy_merge_fullelect_lesEP9nonbonded,463,91,0,252,19,190,5503.81,1543.91,3010.03,4.80357,1063.37
function@_ZN20ComputeNonbondedUtil28calc_pair_slow_fullelect_lesEP9nonbonded,466,70,0,224,19,183,3970.41,692.666,974.025,4.69093,802.335
function@_ZN20ComputeNonbondedUtil35calc_pair_energy_slow_fullelect_lesEP9nonbonded,489,70,0,240,15,188,5068.99,767.522,1806.12,3.52885,985.607
function@_ZN20ComputeNonbondedUtil13calc_self_lesEP9nonbonded,470,69,0,219,31,220,2985.15,650.216,564.755,8.85989,992.957
function@_ZN20ComputeNonbondedUtil20calc_self_energy_lesEP9nonbonded,471,79,0,233,31,209,3468.85,977.99,1305.84,8.85989,864.648
function@_ZN20ComputeNonbondedUtil23calc_self_fullelect_lesEP9nonbonded,488,73,0,235,29,225,5535.61,924.242,1525.79,8.40522,1331.83
function@_ZN20ComputeNonbondedUtil30calc_self_energy_fullelect_lesEP9nonbonded,538,88,0,278,35,245,6846.16,1899.84,3312.59,93.044,1565.76
function@_ZN20ComputeNonbondedUtil29calc_self_merge_fullelect_lesEP9nonbonded,439,75,0,223,30,202,3802.09,578.681,718.704,8.69094,958.613
function@_ZN20ComputeNonbondedUtil36calc_self_energy_merge_fullelect_lesEP9nonbonded,448,80,0,229,31,254,4439.13,1171.12,2038.13,10.5192,968.139
function@_ZN20ComputeNonbondedUtil28calc_self_slow_fullelect_lesEP9nonbonded,454,64,0,218,30,211,3329.1,512.644,271.519,13.4615,946.235
function@_ZN20ComputeNonbondedUtil35calc_self_energy_slow_fullelect_lesEP9nonbonded,484,67,0,234,31,222,4252.28,648.383,807.712,11.9712,1256.14
function@_ZN14ResizeArrayRawI6VectorE6resizeEi,10,4,0,8,0,14,9.36471,8.25882,5.35294,0,22.2588
function@_ZN20ComputeNonbondedUtil15calc_pair_pprofEP9nonbonded,524,90,0,251,17,216,4531.35,1387.76,1796.25,4.69231,1115.69
function@_Z22pairlist_from_pairlistddddPK8CompAtomPKtiPtdPd,20,10,0,39,1,23,159.68,102,254.68,0.32,145.32
function@_ZN20ComputeNonbondedUtil22calc_pair_energy_pprofEP9nonbonded,535,95,0,268,17,206,5320.92,1867.68,2542.25,4.69231,1174.65
function@_ZN20ComputeNonbondedUtil25calc_pair_fullelect_pprofEP9nonbonded,657,114,0,324,28,238,8972.33,2562.07,4419.13,67.761,2296.49
function@_ZN20ComputeNonbondedUtil32calc_pair_energy_fullelect_pprofEP9nonbonded,678,137,0,350,26,234,10569.8,3557.51,5932.69,66.6552,2289.96
function@_ZN20ComputeNonbondedUtil31calc_pair_merge_fullelect_pprofEP9nonbonded,550,100,0,275,18,213,6064.17,1898.83,2607.42,65.6951,1276.98
function@_ZN20ComputeNonbondedUtil38calc_pair_energy_merge_fullelect_pprofEP9nonbonded,596,113,0,297,17,222,6282.45,2628.77,3475.18,5.42445,1462.98
function@_ZN20ComputeNonbondedUtil30calc_pair_slow_fullelect_pprofEP9nonbonded,581,96,0,269,22,212,5109.6,1714.6,1870.5,5.86401,1154.96
function@_ZN20ComputeNonbondedUtil37calc_pair_energy_slow_fullelect_pprofEP9nonbonded,601,102,0,287,21,230,5800.91,2085.14,2698.43,5.70055,1410.44
function@_ZN20ComputeNonbondedUtil15calc_self_pprofEP9nonbonded,515,85,0,248,28,259,3522.46,1194.81,949.143,7.73077,1100.53
function@_ZN20ComputeNonbondedUtil22calc_self_energy_pprofEP9nonbonded,539,98,0,277,32,262,4533.15,1556.07,2297.45,9.76511,1039.5
function@_ZN20ComputeNonbondedUtil25calc_self_fullelect_pprofEP9nonbonded,588,107,0,309,31,271,7349.27,2478.12,3197.52,9.82418,2004.81
function@_ZN20ComputeNonbondedUtil32calc_self_energy_fullelect_pprofEP9nonbonded,650,124,0,350,31,278,9276.57,3233.44,5138.2,71.2871,2019.8
function@_ZN20ComputeNonbondedUtil31calc_self_merge_fullelect_pprofEP9nonbonded,557,100,0,259,29,264,4665.63,1638.5,1218.38,69.4451,1223.55
function@_ZN20ComputeNonbondedUtil38calc_self_energy_merge_fullelect_pprofEP9nonbonded,563,119,0,298,30,259,5655.36,2287.73,2888.79,9.09203,1471.83
function@_ZN20ComputeNonbondedUtil30calc_self_slow_fullelect_pprofEP9nonbonded,555,94,0,244,30,260,4134.49,1308.53,588.409,7.8228,1062.9
function@_ZN20ComputeNonbondedUtil37calc_self_energy_slow_fullelect_pprofEP9nonbonded,563,106,0,273,35,262,5445.71,1825.19,2076.84,132.161,1286.23
function@_ZN14ResizeArrayRawI6VectorE6resizeEi,10,4,0,8,0,14,9.36471,8.25882,5.35294,0,22.2588
function@_ZN20ComputeNonbondedUtil6selectEP13SimParametersP8MoleculeP7LJTable,136,45,0,122,20,90,3006.62,2731.34,2878.31,31.3639,3285.4
