Comando: /home/mpvreal/Code/Faculdade/tcc/llvm/build/bin/llc --march=aarch64 --regalloc=basic -o -
Heurística: div(cost,mul(area,pow(degree,2)))
function@writeout_,168,0,0,61,0,579,44155.8,0,1022.9,0,31857.3
function@_QMplane_source_modPplane_source_init,58,0,0,14,0,104,4889.94,0,12.75,0,1975.81
function@_QMplane_source_modPplane_source_read,15,0,0,7,0,176,111.648,0,6.33594,0,1712.34
function@_QMplane_source_modPplane_source_apply,0,0,0,0,0,10,0,0,0,0,28.9375
function@_QMplane_source_modPplane_source_end,0,0,0,0,0,0,0,0,0,0,0
function@_QMcommunicate_modPcom_init_mpi,0,0,0,0,0,0,0,0,0,0,0
function@_QMcommunicate_modPcommunicate_end,0,0,0,0,0,16,0,0,0,0,8.89412
function@init_,0,0,0,0,0,324,0,0,0,0,65.2925
function@_QMmur_modPmur_init,27,0,0,3,0,192,8.4375,0,3,0,153.844
function@_QMmur_modPmur_updatee,583,0,0,80,0,173,304.357,0,34.0397,0,176.424
function@_QMmur_modPmur_storee,31,0,0,12,0,71,152.296,0,149.981,0,180.111
function@_QMmur_modPmur_end,0,0,0,0,0,72,0,0,0,0,10.3125
function@_QMmur_modPmur_set_mf_arrays,13,0,0,5,0,7,1042.15,0,16.35,0,88.1
function@_QMupdate_modPupdate_init,0,0,0,0,0,0,0,0,0,0,0
function@_QMupdate_modPupdateh,582,0,0,180,0,12,18885.7,0,2806.55,0,67.9375
function@_QMupdate_modPupdatee,528,0,0,195,0,74,146324,0,8092.81,0,268.156
function@_QMupdate_modPupdate_inith,138,0,0,49,0,36,962.76,0,123.6,0,2522.56
function@_QMupdate_modPupdate_inite,207,0,0,56,0,72,3279.91,0,70.7815,0,1079.69
function@_QMupml_modPupml_allocate,8,0,0,1,0,368,8,0,1,0,315.059
function@_QMupml_modPcheck_allocate,0,0,0,0,0,22,0,0,0,0,2
function@_QMupml_modPupml_set_eps_arrays,24,0,0,11,0,123,1810.25,0,93.0938,0,377.875
function@_QMupml_modPupml_init,1788,0,0,456,0,275,2253.55,0,203.817,0,1008.09
function@_QMupml_modPupml_initb,56,0,0,37,0,49,3101.52,0,359.143,0,1945.71
function@_QMupml_modPupml_inith,257,0,0,93,0,54,37109,0,234.238,0,1961.62
function@_QMupml_modPupml_updateh,1182,0,0,541,0,9,1.22207e+06,0,64808.5,0,5579.38
function@_QMupml_modPupml_updatee,0,0,0,0,0,0,0,0,0,0,0
function@_QMupml_modPupml_updatee_homo,3138,1,0,1321,0,48,1.32946e+06,0.625,90219.2,0,15949.6
function@_QMupml_modPupml_updatee_simple,3386,1,0,1476,0,48,1.44147e+06,0.625,78655.9,0,15930.9
function@_QMupml_modPupml_initd,71,0,0,38,0,68,3789.62,0,413.559,0,2245.62
function@_QMupml_modPupml_inite,365,0,0,137,0,65,26698.1,0,602.677,0,2227.06
function@_QMupml_modPupml_end,0,0,0,0,0,450,0,0,0,0,241.667
function@_QMupml_modPcheck_deallocate,0,0,0,0,0,9,0,0,0,0,6.33333
function@_QMreadline_modPreadline,14,0,0,8,0,55,15.7772,0,8.68478,0,168.223
function@_QMreadline_modPcheckifkeyword,0,0,0,0,0,8,0,0,0,0,33.7308
function@mpi_barrier_,0,0,0,0,0,6,0,0,0,0,6
function@mpi_bcast_,0,0,0,0,0,13,0,0,0,0,13
function@mpi_bcast_integers_,0,0,0,0,0,13,0,0,0,0,13
function@mpi_bcast_reals_,0,0,0,0,0,13,0,0,0,0,13
function@mpi_bcast_logical_,0,0,0,0,0,13,0,0,0,0,13
function@mpi_cart_rank_,0,0,0,0,0,9,0,0,0,0,9
function@mpi_cart_create_,0,0,0,0,0,15,0,0,0,0,15
function@mpi_cart_coords_,0,0,0,0,0,11,0,0,0,0,11
function@mpi_cart_shift_,0,0,0,0,0,14,0,0,0,0,14
function@mpi_comm_rank_,0,0,0,0,0,7,0,0,0,0,7
function@mpi_comm_size_,0,0,0,0,0,7,0,0,0,0,7
function@mpi_finalize_,0,0,0,0,0,0,0,0,0,0,0
function@mpi_init_,0,0,0,0,0,0,0,0,0,0,0
function@mpi_recv_,0,0,0,0,0,14,0,0,0,0,14
function@mpi_ssend_,0,0,0,0,0,15,0,0,0,0,15
function@mpi_bsend_,0,0,0,0,0,15,0,0,0,0,15
function@mpi_sendrecv_,4,0,0,4,0,26,4,0,4,0,26
function@mpi_wait_,0,0,0,0,0,7,0,0,0,0,7
function@mpi_isend_,0,0,0,0,0,16,0,0,0,0,16
function@mpi_wtick_,0,0,0,0,0,0,0,0,0,0,0
function@mpi_wtime_,0,0,0,0,0,0,0,0,0,0,0
function@mpi_buffer_attach_,0,0,0,0,0,7,0,0,0,0,7
function@mpi_buffer_detach_,0,0,0,0,0,7,0,0,0,0,7
function@mpi_pack_size_,0,0,0,0,0,10,0,0,0,0,10
function@mpi_gather_,0,0,0,0,0,16,0,0,0,0,16
function@mpi_type_struct_,0,0,0,0,0,16,0,0,0,0,16
function@mpi_type_commit_,0,0,0,0,0,5,0,0,0,0,5
function@mpi_type_extent_,0,0,0,0,0,6,0,0,0,0,6
function@mpi_type_free_,0,0,0,0,0,5,0,0,0,0,5
function@mpi_type_vector_,0,0,0,0,0,14,0,0,0,0,14
function@mpi_type_hvector_,0,0,0,0,0,14,0,0,0,0,14
function@mpi_irecv_,0,0,0,0,0,14,0,0,0,0,14
function@mpi_waitall_,0,0,0,0,0,9,0,0,0,0,9
function@mpi_sendrecv_replace_,4,0,0,4,0,26,4,0,4,0,26
function@mpi_bsend_init_,0,0,0,0,0,15,0,0,0,0,15
function@mpi_recv_init_,0,0,0,0,0,15,0,0,0,0,15
function@mpi_dims_create_,0,0,0,0,0,9,0,0,0,0,9
function@mpi_start_,0,0,0,0,0,6,0,0,0,0,6
function@mpi_allreduce_,0,0,0,0,0,0,0,0,0,0,0
function@mpi_abort_,0,0,0,0,0,0,0,0,0,0,0
function@mpi_reduce_,0,0,0,0,0,0,0,0,0,0,0
function@_QMhuygens_modPhuygens_init,0,0,0,0,0,0,0,0,0,0,0
function@_QMhuygens_modPhuygensh,656,0,0,130,0,467,838.857,0,90.1429,0,1078.88
function@_QMhuygens_modPhuygense,740,0,0,156,0,608,789.464,0,111.411,0,1434.46
function@_QMhuygens_modPuin,275,0,0,41,0,138,1132.82,0,19.6111,0,340.393
function@_QMmaterial_modPmat_init,571,0,0,191,0,427,1.37835e+06,0,166112,0,2.68781e+06
function@_QMmaterial_modPmat_updatee,190,0,0,86,0,5,234616,0,1978.93,0,3
function@calcflops_,0,0,0,0,0,0,0,0,0,0,0
function@_QMpower_modPpower_init,2,0,0,1,0,161,2,0,1,0,72.875
function@_QMpower_modPpower_stop,0,0,0,0,0,10,0,0,0,0,455.833
function@_QMpower_modPpower_dft,25,0,0,15,0,12,1156.28,0,76.5,0,1223.13
function@_QMpower_modPpower_print,4,0,0,1,0,63,16.875,0,0.375,0,35.2617
function@_QMpower_modPpower_intere,0,0,0,0,0,26,0,0,0,0,4
function@_QMpower_modPpower_interh,0,0,0,0,0,26,0,0,0,0,4
function@_QMpower_modPread_power,130,0,0,20,0,237,14057.1,0,39.6932,0,5825.48
function@_QMpower_modPpower_updateh,44,0,0,22,0,20,19.95,0,19.6,0,45.3
function@timer_,0,0,0,0,0,11,0,0,0,0,7.57143
function@leapfrog_,162,0,0,37,0,77,2001.67,0,49.25,0,1516.64
function@_QMpec_modPpec_read,2,0,0,2,0,117,0.738281,0,0.738281,0,286.062
function@_QMpec_modPpec_init,225,0,0,102,0,356,26156,0,8533.32,0,89507.1
function@_QMpec_modPpec_apply,0,0,0,0,0,3,0,0,0,0,3
function@_QMpec_modPpec_end,0,0,0,0,0,9,0,0,0,0,3.6
function@_QQmain,20,0,0,20,0,192,12.5,0,12.5,0,121.484
