Comando: /home/mpvreal/Code/Faculdade/tcc/llvm/build/bin/llc --march=aarch64 --regalloc=greedy -o -
Heurística: div(cost,mul(area,pow(degree,2)))
function@writeout_,120,0,0,64,0,589,44502.1,0,1261.9,0,31860.6
function@_QMplane_source_modPplane_source_init,52,0,0,12,0,112,4887.69,0,12,0,2144.98
function@_QMplane_source_modPplane_source_read,10,0,0,5,0,183,73.8047,0,4.73438,0,1734.21
function@_QMplane_source_modPplane_source_apply,0,0,0,0,0,10,0,0,0,0,28.9375
function@_QMplane_source_modPplane_source_end,0,0,0,0,0,0,0,0,0,0,0
function@_QMcommunicate_modPcom_init_mpi,0,0,0,0,0,0,0,0,0,0,0
function@_QMcommunicate_modPcommunicate_end,0,0,0,0,0,16,0,0,0,0,8.89412
function@init_,0,0,0,0,0,373,0,0,0,0,72.2769
function@_QMmur_modPmur_init,3,0,0,2,0,198,1.625,0,2,0,158.719
function@_QMmur_modPmur_updatee,273,0,0,67,0,180,132.583,0,30.3113,0,179.318
function@_QMmur_modPmur_storee,26,0,0,9,0,71,5.96296,0,9,0,180.111
function@_QMmur_modPmur_end,0,0,0,0,0,72,0,0,0,0,10.3125
function@_QMmur_modPmur_set_mf_arrays,6,0,0,4,0,6,79.75,0,3.6,0,87.1
function@_QMupdate_modPupdate_init,0,0,0,0,0,0,0,0,0,0,0
function@_QMupdate_modPupdateh,550,0,0,195,0,31,7429.62,0,1585.75,0,519.062
function@_QMupdate_modPupdatee,771,0,0,216,0,690,61088.3,0,8003,0,80522.5
function@_QMupdate_modPupdate_inith,91,0,0,41,0,43,734.08,0,58.84,0,2598.08
function@_QMupdate_modPupdate_inite,158,0,0,31,0,81,2450.19,0,31,0,1691.58
function@_QMupml_modPupml_allocate,2,0,0,1,0,370,2,0,1,0,317.059
function@_QMupml_modPcheck_allocate,0,0,0,0,0,22,0,0,0,0,1.02445e-08
function@_QMupml_modPupml_set_eps_arrays,25,0,0,17,0,126,1009.44,0,141.75,0,384.344
function@_QMupml_modPupml_init,3649,0,0,478,0,1571,979.327,0,198.737,0,1224.35
function@_QMupml_modPupml_initb,47,0,0,34,0,55,3008.52,0,345.381,0,2018.52
function@_QMupml_modPupml_inith,218,0,0,76,0,56,6305.1,0,88.9524,0,1963.62
function@_QMupml_modPupml_updateh,1063,0,0,542,0,44,1.13212e+06,0,20454.1,0,150671
function@_QMupml_modPupml_updatee,0,0,0,0,0,0,0,0,0,0,0
function@_QMupml_modPupml_updatee_homo,4040,0,0,1369,0,451,1.11094e+06,0,40298.9,0,289317
function@_QMupml_modPupml_updatee_simple,4511,0,0,1552,0,345,1.27745e+06,0,84060,0,295002
function@_QMupml_modPupml_initd,58,0,0,33,0,77,3641.59,0,374.971,0,2471.38
function@_QMupml_modPupml_inite,290,0,0,82,0,75,8759.2,0,76.8824,0,2347.44
function@_QMupml_modPupml_end,0,0,0,0,0,450,0,0,0,0,241.667
function@_QMupml_modPcheck_deallocate,0,0,0,0,0,9,0,0,0,0,6.33333
function@_QMreadline_modPreadline,9,0,0,7,0,67,12.1033,0,6,0,185.799
function@_QMreadline_modPcheckifkeyword,0,0,0,0,0,8,0,0,0,0,33.7308
function@mpi_barrier_,0,0,0,0,0,6,0,0,0,0,6
function@mpi_bcast_,0,0,0,0,0,13,0,0,0,0,13
function@mpi_bcast_integers_,0,0,0,0,0,13,0,0,0,0,13
function@mpi_bcast_reals_,0,0,0,0,0,13,0,0,0,0,13
function@mpi_bcast_logical_,0,0,0,0,0,13,0,0,0,0,13
function@mpi_cart_rank_,0,0,0,0,0,9,0,0,0,0,9
function@mpi_cart_create_,0,0,0,0,0,15,0,0,0,0,15
function@mpi_cart_coords_,0,0,0,0,0,11,0,0,0,0,11
function@mpi_cart_shift_,0,0,0,0,0,14,0,0,0,0,14
function@mpi_comm_rank_,0,0,0,0,0,7,0,0,0,0,7
function@mpi_comm_size_,0,0,0,0,0,7,0,0,0,0,7
function@mpi_finalize_,0,0,0,0,0,0,0,0,0,0,0
function@mpi_init_,0,0,0,0,0,0,0,0,0,0,0
function@mpi_recv_,0,0,0,0,0,14,0,0,0,0,14
function@mpi_ssend_,0,0,0,0,0,15,0,0,0,0,15
function@mpi_bsend_,0,0,0,0,0,15,0,0,0,0,15
function@mpi_sendrecv_,4,0,0,4,0,26,4,0,4,0,26
function@mpi_wait_,0,0,0,0,0,7,0,0,0,0,7
function@mpi_isend_,0,0,0,0,0,16,0,0,0,0,16
function@mpi_wtick_,0,0,0,0,0,0,0,0,0,0,0
function@mpi_wtime_,0,0,0,0,0,0,0,0,0,0,0
function@mpi_buffer_attach_,0,0,0,0,0,7,0,0,0,0,7
function@mpi_buffer_detach_,0,0,0,0,0,7,0,0,0,0,7
function@mpi_pack_size_,0,0,0,0,0,10,0,0,0,0,10
function@mpi_gather_,0,0,0,0,0,16,0,0,0,0,16
function@mpi_type_struct_,0,0,0,0,0,16,0,0,0,0,16
function@mpi_type_commit_,0,0,0,0,0,5,0,0,0,0,5
function@mpi_type_extent_,0,0,0,0,0,6,0,0,0,0,6
function@mpi_type_free_,0,0,0,0,0,5,0,0,0,0,5
function@mpi_type_vector_,0,0,0,0,0,14,0,0,0,0,14
function@mpi_type_hvector_,0,0,0,0,0,14,0,0,0,0,14
function@mpi_irecv_,0,0,0,0,0,14,0,0,0,0,14
function@mpi_waitall_,0,0,0,0,0,9,0,0,0,0,9
function@mpi_sendrecv_replace_,4,0,0,4,0,26,4,0,4,0,26
function@mpi_bsend_init_,0,0,0,0,0,15,0,0,0,0,15
function@mpi_recv_init_,0,0,0,0,0,15,0,0,0,0,15
function@mpi_dims_create_,0,0,0,0,0,9,0,0,0,0,9
function@mpi_start_,0,0,0,0,0,6,0,0,0,0,6
function@mpi_allreduce_,0,0,0,0,0,0,0,0,0,0,0
function@mpi_reduce_,0,0,0,0,0,0,0,0,0,0,0
function@_QMhuygens_modPhuygens_init,0,0,0,0,0,0,0,0,0,0,0
function@_QMhuygens_modPhuygensh,360,0,0,121,0,489,131.393,0,76.125,0,1088.21
function@_QMhuygens_modPhuygense,449,0,0,140,0,652,152.518,0,84.375,0,1451.73
function@_QMhuygens_modPuin,141,0,0,55,0,175,300.724,0,25.5694,0,335.998
function@_QMmaterial_modPmat_init,256,0,0,128,0,539,687661,0,43005.3,0,2.95411e+06
function@_QMmaterial_modPmat_updatee,173,0,0,100,0,9,191565,0,4474.81,0,16465.1
function@calcflops_,0,0,0,0,0,0,0,0,0,0,0
function@_QMpower_modPpower_init,2,0,0,1,0,166,2,0,1,0,77.875
function@_QMpower_modPpower_stop,0,0,0,0,0,10,0,0,0,0,455.833
function@_QMpower_modPpower_dft,11,0,0,11,0,19,298.093,0,33.4259,0,1340.07
function@_QMpower_modPpower_print,1,0,0,1,0,63,0.375,0,0.375,0,35.2617
function@_QMpower_modPpower_intere,0,0,0,0,0,23,0,0,0,0,3.57007e-09
function@_QMpower_modPpower_interh,0,0,0,0,0,23,0,0,0,0,3.57007e-09
function@_QMpower_modPread_power,117,0,0,14,0,243,14029.3,0,17.6932,0,6773.82
function@_QMpower_modPpower_updateh,28,0,0,20,0,23,6.4,0,16.8,0,44.3
function@timer_,0,0,0,0,0,11,0,0,0,0,7.57143
function@leapfrog_,104,0,0,37,0,157,742.63,0,46.3906,0,2355.38
function@_QMpec_modPpec_read,2,0,0,2,0,120,0.738281,0,0.738281,0,286.562
function@_QMpec_modPpec_init,123,0,0,94,0,377,13569.6,0,6048.5,0,99785.2
function@_QMpec_modPpec_apply,0,0,0,0,0,0,0,0,0,0,0
function@_QMpec_modPpec_end,0,0,0,0,0,9,0,0,0,0,3.6
function@_QQmain,21,0,0,21,0,208,13.125,0,13.125,0,168.984
