Comando: /home/mpvreal/Code/Faculdade/tcc/llvm/build/bin/llc --march=x86 --regalloc=basic -o -
Heurística: div(cost,pow(degree,2))
function@message_init,0,0,0,0,0,0,0,0,0,0,0
function@message_verbosity_increase,0,0,0,0,0,0,0,0,0,0,0
function@message_verbosity_decrease,0,0,0,0,0,0,0,0,0,0,0
function@message_verbosity_get,0,0,0,0,0,0,0,0,0,0,0
function@message_set_files,0,0,0,0,0,0,0,0,0,0,0
function@message_filename,0,0,0,0,0,0,0,0,0,0,0
function@message_progress_start,0,0,0,0,0,0,0,0,0,0,0
function@message_progress_update,0,0,0,0,0,0,0,0,0,0,0
function@message_progress_end,0,0,0,0,0,0,0,0,0,0,0
function@message,0,0,0,0,0,0,0,0,0,0,0
function@message_warning,0,0,0,0,0,0,0,0,0,0,0
function@message_error,0,0,0,0,0,0,0,0,0,0,0
function@message_fatal,0,0,0,0,0,0,0,0,0,0,0
function@message_bug,0,0,0,0,0,0,0,0,0,0,0
function@message_signal_handler,0,0,0,0,0,0,0,0,0,0,0
function@message_strm,0,0,0,0,0,0,0,0,0,0,0
function@message_mem_needed,0,0,0,0,0,6,0,0,0,0,2.46875
function@message_filters_to_str,13,6,0,6,13,7,31.8333,14,16,26,67
function@message_filters_show,0,0,0,0,0,0,0,0,0,0,0
function@message_try_help,0,0,0,0,0,0,0,0,0,0,0
function@message_version,0,0,0,0,0,0,0,0,0,0,0
function@message_help,0,0,0,0,0,0,0,0,0,0,0
function@coder_set_check,0,0,0,0,0,0,0,0,0,0,0
function@coder_set_preset,0,0,0,0,0,0,0,0,0,0,0
function@coder_set_extreme,0,0,0,0,0,0,0,0,0,0,0
function@coder_add_filter,0,0,0,0,0,0,0,0,0,0,0
function@coder_set_compression_settings,9,9,0,7,1,10,53.2143,35.9524,20.2381,0.5,55.7857
function@coder_run,2,6,0,3,1,16,0.0617463,0.264071,0.0996844,0.00155073,3.17628
function@is_format_lzma,0,0,0,0,0,7,0,0,0,0,1.55664
function@hardware_threadlimit_set,0,0,0,0,0,0,0,0,0,0,0
function@hardware_threadlimit_get,0,0,0,0,0,0,0,0,0,0,0
function@hardware_memlimit_set,0,0,0,0,0,1,0,0,0,0,0.5
function@hardware_memlimit_get,0,0,0,0,0,2,0,0,0,0,2
function@hardware_memlimit_show,0,0,0,0,0,1,0,0,0,0,1
function@hardware_init,0,0,0,0,0,0,0,0,0,0,0
function@io_init,0,0,0,0,0,0,0,0,0,0,0
function@io_no_sparse,0,0,0,0,0,0,0,0,0,0,0
function@io_open_src,0,0,0,0,0,2,0,0,0,0,9.15294
function@io_open_dest,0,0,0,0,0,2,0,0,0,0,2
function@io_close,0,0,0,0,0,4,0,0,0,0,5.97626
function@io_read,2,0,0,2,6,4,2,0,2,2,28.5846
function@io_pread,0,1,0,1,1,6,0,0.376923,0.5,0.376923,15.6
function@io_write,8,0,0,1,3,9,3.46154,0,0.531136,0.622711,22.174
function@list_totals,0,5,0,5,0,6,0,2.59375,2.59375,0,1.09375
function@list_file,60,124,0,77,30,48,51.5381,23.6611,37.409,24.8505,9.34144
function@get_check_names,0,0,0,0,0,1,0,0,0,0,1
function@print_adv_helper,0,0,0,0,0,2,0,0,0,0,2
function@parse_details,1,8,0,2,0,6,0.456055,1.22316,1.02747,0,2.20731
function@xrealloc,0,0,0,0,0,2,0,0,0,0,2
function@xstrdup,0,0,0,0,0,3,0,0,0,0,3
function@str_to_uint64,3,4,0,3,10,14,0.315166,0.592417,0.300948,0.781991,36.1991
function@round_up_to_mib,0,0,0,0,0,1,0,0,0,0,1
function@uint64_to_str,0,0,0,0,0,1,0,0,0,0,1
function@uint64_to_nicestr,0,0,0,0,0,3,0,0,0,0,3
function@my_snprintf,0,0,0,0,0,3,0,0,0,0,1.625
function@is_empty_filename,0,0,0,0,0,0,0,0,0,0,0
function@is_tty_stdin,0,0,0,0,0,0,0,0,0,0,0
function@is_tty_stdout,0,0,0,0,0,0,0,0,0,0,0
function@signals_init,0,0,0,0,0,0,0,0,0,0,0
function@signals_block,0,0,0,0,0,0,0,0,0,0,0
function@signals_unblock,0,0,0,0,0,0,0,0,0,0,0
function@signals_exit,0,0,0,0,0,0,0,0,0,0,0
function@options_delta,8,4,0,5,3,4,23.05,16.8,17.8,18.65,610.75
function@options_bcj,6,4,0,5,3,3,21.05,19.15,17.8,18.65,604.5
function@options_lzma,13,15,0,7,3,9,46.95,355.15,30.6,18.65,615.95
function@set_lzma,0,0,0,0,0,2,0,0,0,0,1.10031
function@set_exit_status,0,0,0,0,0,0,0,0,0,0,0
function@set_exit_no_warn,0,0,0,0,0,0,0,0,0,0,0
function@sha_init,0,0,0,0,0,0,0,0,0,0,0
function@sha_process,2,4,0,2,0,4,5.625,13,1.625,0,26
function@sha_compress,352,122,0,95,101,16,10520,3408,2451,3077,481
function@sha_done,0,0,0,0,0,5,0,0,0,0,3.96774
function@spec_mem_init,5,10,0,2,5,3,52.4969,289.982,19.9988,20.6238,269.984
function@spec_mem_sum,0,0,0,0,0,3,0,0,0,0,25.625
function@spec_mem_load,45,9,0,7,2,24,287.21,15.8412,6.12147,1.99999,265.725
function@fd_grow,0,0,0,0,0,3,0,0,0,0,3
function@spec_uncompress,0,0,0,0,0,2,0,0,0,0,2
function@compare_sum,0,0,0,0,0,1,0,0,0,0,7.51515
function@print_sum,0,0,0,0,0,1,0,0,0,0,15.9375
function@spec_mem_read,2,0,0,1,4,4,1.47059,0,0.470588,1.23529,2.88235
function@spec_mem_fread,15,9,0,12,5,0,7.49998,3.74999,6.99999,2,0
function@spec_mem_getc,0,0,0,0,0,4,0,0,0,0,3.49999
function@spec_mem_ungetc,0,0,0,0,0,1,0,0,0,0,0.999998
function@spec_mem_lseek,2,4,0,2,0,4,0.529412,1.20588,1.88235,0,3.70588
function@spec_mem_rewind,0,0,0,0,0,0,0,0,0,0,0
function@spec_mem_reset,0,0,0,0,0,1,0,0,0,0,1
function@spec_mem_get_length,0,0,0,0,0,1,0,0,0,0,1
function@spec_mem_fopen,0,0,0,0,0,5,0,0,0,0,2.66492
function@spec_mem_open,0,0,0,0,0,5,0,0,0,0,2.79412
function@spec_mem_write,1,2,0,3,1,5,0.999999,1.41176,2.41176,0.0588226,18.4118
function@spec_mem_fwrite,10,1,0,2,2,6,9.49998,0.999998,2,2,20
function@spec_mem_putc,0,0,0,0,0,2,0,0,0,0,2
function@spec_mem_feof,0,2,0,1,0,2,0,0.999999,0.5,0,0.999999
function@spec_mem_close,0,0,0,0,0,1,0,0,0,0,0.999999
function@spec_empty,0,0,0,0,0,0,0,0,0,0,0
function@spec_initbufs,0,0,0,0,0,0,0,0,0,0,0
function@spec_compress,0,0,0,0,0,2,0,0,0,0,2
function@debug_time,0,0,0,0,0,0,0,0,0,0,0
function@sum_str_to_hex,0,1,0,1,1,4,0,16,1,0.499999,19
function@spec_mem_alloc_fds,0,0,0,0,0,2,0,0,0,0,2
function@spec_mem_free_fds,1,2,0,1,0,2,0.25,16.7188,1,0,31.9375
function@lzma_delta_decoder_init,0,0,0,0,0,0,0,0,0,0,0
function@delta_decode,29,15,0,10,11,5,35.1172,40.2969,7.40625,6.32812,33.1875
function@lzma_delta_props_decode,0,0,0,0,0,2,0,0,0,0,1.5
function@lzma_delta_encoder_init,0,0,0,0,0,0,0,0,0,0,0
function@delta_encode,85,40,0,51,35,14,106.364,38.4913,54.8008,20.81,29.8388
function@delta_encoder_update,0,0,0,0,0,0,0,0,0,0,0
function@lzma_delta_props_encode,0,0,0,0,0,0,0,0,0,0,0
function@lzma_delta_coder_init,0,0,0,0,0,1,0,0,0,0,0.898734
function@delta_coder_end,0,0,0,0,0,0,0,0,0,0,0
function@lzma_delta_coder_memusage,0,0,0,0,0,1,0,0,0,0,0.235294
function@lzma_mf_find,3,0,0,2,0,4,0.461538,0,0.307692,0,2.23077
function@lzma_mf_hc3_find,70,12,0,15,11,12,116.801,67.8607,19.2725,5.84836,52.0881
function@lzma_mf_hc3_skip,4,3,0,5,1,3,127.375,95.25,132.5,31.875,151.5
function@lzma_mf_hc4_find,86,13,0,18,17,11,146.918,48.9745,17.4249,30.0538,31.0963
function@lzma_mf_hc4_skip,4,3,0,5,1,3,127.375,95.25,132.5,31.875,151.5
function@lzma_mf_bt2_find,69,11,0,26,12,5,321.216,111.432,68.776,72.352,14.088
function@lzma_mf_bt2_skip,28,11,0,19,6,5,611.211,330.895,437.421,112.316,234.158
function@lzma_mf_bt3_find,122,21,0,33,17,10,398.991,95.3565,51.9458,63.9832,6.3951
function@lzma_mf_bt3_skip,29,11,0,19,6,5,631.211,330.895,437.421,112.316,234.158
function@lzma_mf_bt4_find,129,22,0,34,18,10,293.461,71.0666,38.1256,42.7611,6.35452
function@lzma_mf_bt4_skip,32,11,0,19,6,4,1016.16,330.895,421.316,108.895,198.053
function@lzma_lz_encoder_memusage,0,0,0,0,0,2,0,0,0,0,1.5
function@lz_encoder_prepare,8,8,0,9,4,10,2.44386,1.74413,3.86162,0.449086,4.00522
function@lzma_lz_encoder_init,0,4,0,3,2,5,0,0.258454,0.21197,0.0929692,2.35257
function@lz_encode,0,2,0,1,0,3,0,10.2723,1,0,11.844
function@lz_encoder_end,0,0,0,0,0,0,0,0,0,0,0
function@lz_encoder_update,0,0,0,0,0,0,0,0,0,0,0
function@lzma_mf_is_supported,0,0,0,0,0,1,0,0,0,0,1
function@lzma_lz_decoder_init,3,1,0,2,0,6,0.294571,0.0981902,0.19638,0,2.6235
function@lz_decode,43,20,0,28,7,11,787.586,701.839,562.637,92.0434,394.508
function@lz_decoder_end,0,0,0,0,0,0,0,0,0,0,0
function@lzma_lz_decoder_memusage,0,0,0,0,0,0,0,0,0,0,0
function@lzma_lz_decoder_uncompressed,0,0,0,0,0,0,0,0,0,0,0
function@lzma_lzma_optimum_fast,79,26,0,18,11,19,5.09072,2.24405,4.96865,1.03852,4.46546
function@lzma_lzma_preset,0,0,0,0,0,3,0,0,0,0,2.75
function@lzma_lzma_optimum_normal,390,179,0,194,170,86,794.648,294.654,335.312,693.293,719.233
function@lzma_lzma2_encoder_init,0,0,0,0,0,0,0,0,0,0,0
function@lzma2_encoder_init,0,0,0,0,0,2,0,0,0,0,1.52747
function@lzma_lzma2_encoder_memusage,0,0,0,0,0,1,0,0,0,0,1
function@lzma_lzma2_props_encode,0,0,0,0,0,5,0,0,0,0,5
function@lzma2_encode,26,14,0,11,4,8,43.2004,23.3921,14.8436,6.67841,9.24229
function@lzma2_encoder_end,0,0,0,0,0,0,0,0,0,0,0
function@lzma2_encoder_options_update,0,0,0,0,0,1,0,0,0,0,1
function@lzma_lzma2_decoder_init,0,0,0,0,0,0,0,0,0,0,0
function@lzma2_decoder_init,0,0,0,0,0,0,0,0,0,0,0
function@lzma_lzma2_decoder_memusage,0,0,0,0,0,0,0,0,0,0,0
function@lzma_lzma2_props_decode,0,0,0,0,0,2,0,0,0,0,1.07843
function@lzma2_decode,0,9,0,4,1,16,0,24.6121,9.87128,7.06689,49.2074
function@lzma2_decoder_end,0,0,0,0,0,0,0,0,0,0,0
function@lzma_lzma_encode,19,7,0,6,2,33,45.673,11.8095,9.23355,4.9239,154.356
function@rc_encode,4,0,0,2,0,12,13.4094,0,2,0,21.1155
function@lzma_lzma_encoder_reset,29,81,0,3,9,86,0.325684,10.937,0.291504,0.206543,22.5679
function@lzma_lzma_encoder_create,0,0,0,0,0,2,0,0,0,0,0.803571
function@lzma_lzma_encoder_init,0,0,0,0,0,0,0,0,0,0,0
function@lzma_encoder_init,0,0,0,0,0,0,0,0,0,0,0
function@lzma_lzma_encoder_memusage,0,0,0,0,0,3,0,0,0,0,1.0625
function@lzma_lzma_lclppb_encode,0,0,0,0,0,1,0,0,0,0,1
function@lzma_lzma_props_encode,0,0,0,0,0,1,0,0,0,0,1
function@lzma_mode_is_supported,0,0,0,0,0,0,0,0,0,0,0
function@match,19,5,0,3,9,19,4.06849,0.710372,1.74755,2.41487,23.1018
function@length,24,1,0,4,1,10,9.5,1,4,1,3.66667
function@length_update_prices,24,26,0,9,6,26,135.775,73.5006,8.12515,35.0073,2163.83
function@lzma_encode,0,0,0,0,0,0,0,0,0,0,0
function@lzma_lzma_decoder_create,0,0,0,0,0,0,0,0,0,0,0
function@lzma_decode,1180,255,0,751,205,158,455.122,130.793,217.293,115.904,40.9938
function@lzma_decoder_reset,29,72,0,2,3,75,42.7344,302.062,2,3,597.891
function@lzma_decoder_uncompressed,0,0,0,0,0,0,0,0,0,0,0
function@lzma_lzma_decoder_init,0,0,0,0,0,0,0,0,0,0,0
function@lzma_decoder_init,0,0,0,0,0,2,0,0,0,0,1.04615
function@lzma_lzma_lclppb_decode,0,0,0,0,0,1,0,0,0,0,0.5
function@lzma_lzma_decoder_memusage_nocheck,0,0,0,0,0,0,0,0,0,0,0
function@lzma_lzma_decoder_memusage,0,0,0,0,0,2,0,0,0,0,1.10938
function@lzma_lzma_props_decode,0,0,0,0,0,3,0,0,0,0,1.64706
function@lzma_simple_x86_encoder_init,0,0,0,0,0,2,0,0,0,0,2
function@lzma_simple_x86_decoder_init,0,0,0,0,0,2,0,0,0,0,2
function@x86_code,6,4,0,3,7,11,34.75,37.75,9.9375,18.375,182.125
function@lzma_simple_armthumb_encoder_init,0,0,0,0,0,0,0,0,0,0,0
function@lzma_simple_armthumb_decoder_init,0,0,0,0,0,0,0,0,0,0,0
function@armthumb_code,1,0,0,1,1,23,1.96875,0,0.5,0.25,108.312
function@lzma_simple_powerpc_encoder_init,0,0,0,0,0,0,0,0,0,0,0
function@lzma_simple_powerpc_decoder_init,0,0,0,0,0,0,0,0,0,0,0
function@powerpc_code,17,0,0,8,11,15,48.5,0,31.75,24.6875,80.5625
function@lzma_simple_arm_encoder_init,0,0,0,0,0,0,0,0,0,0,0
function@lzma_simple_arm_decoder_init,0,0,0,0,0,0,0,0,0,0,0
function@arm_code,7,0,0,3,7,18,27.7812,0,8.4375,24.0625,113.5
function@lzma_simple_props_size,0,0,0,0,0,0,0,0,0,0,0
function@lzma_simple_props_encode,0,0,0,0,0,0,0,0,0,0,0
function@lzma_simple_coder_init,0,0,0,0,0,4,0,0,0,0,1.3956
function@simple_code,22,16,0,16,6,6,3.04683,2.19008,3.46006,0.884298,2.13223
function@simple_coder_end,0,0,0,0,0,0,0,0,0,0,0
function@simple_coder_update,0,0,0,0,0,0,0,0,0,0,0
function@lzma_simple_sparc_encoder_init,0,0,0,0,0,0,0,0,0,0,0
function@lzma_simple_sparc_decoder_init,0,0,0,0,0,0,0,0,0,0,0
function@sparc_code,20,2,0,14,18,8,81.6875,5.3125,58.4375,39.6875,21.25
function@lzma_simple_props_decode,0,0,0,0,0,3,0,0,0,0,2.33333
function@lzma_simple_ia64_encoder_init,0,0,0,0,0,0,0,0,0,0,0
function@lzma_simple_ia64_decoder_init,0,0,0,0,0,0,0,0,0,0,0
function@ia64_code,55,13,0,30,41,15,358.688,67.1875,270.125,252.125,107.062
function@lzma_stream_buffer_decode,5,1,0,6,0,8,0.0317383,0.00244141,0.686035,0,2.45019
function@lzma_index_init,0,0,0,0,0,5,0,0,0,0,3.14706
function@index_tree_append,0,0,0,0,0,10,0,0,0,0,5.39706
function@lzma_index_end,0,0,0,0,0,0,0,0,0,0,0
function@index_stream_end,0,0,0,0,0,0,0,0,0,0,0
function@lzma_index_prealloc,0,0,0,0,0,1,0,0,0,0,1
function@lzma_index_memusage,0,4,0,2,1,6,0,4,2,1,6
function@lzma_index_memused,1,6,0,3,1,8,1,6,3,1,8
function@lzma_index_block_count,0,0,0,0,0,1,0,0,0,0,1
function@lzma_index_stream_count,0,0,0,0,0,0,0,0,0,0,0
function@lzma_index_size,0,0,0,0,0,1,0,0,0,0,1
function@lzma_index_total_size,0,0,0,0,0,1,0,0,0,0,1
function@lzma_index_stream_size,0,0,0,0,0,1,0,0,0,0,1
function@lzma_index_file_size,0,1,0,1,0,1,0,0.619048,0.619048,0,0.619048
function@lzma_index_uncompressed_size,0,0,0,0,0,1,0,0,0,0,1
function@lzma_index_checks,0,0,0,0,0,1,0,0,0,0,1
function@lzma_index_padding_size,0,0,0,0,0,1,0,0,0,0,1
function@lzma_index_stream_flags,0,0,0,0,0,0,0,0,0,0,0
function@lzma_index_stream_padding,4,1,0,5,0,1,2,0.309524,2.30952,0,1
function@lzma_index_append,57,10,0,16,22,2,11.0726,1.8959,6.82334,5.76656,0.55836
function@lzma_index_cat,23,7,0,14,10,5,10.0991,4.65625,6.30884,5.75,1.61188
function@index_cat_helper,0,0,0,0,0,5,0,0,0,0,85.625
function@lzma_index_dup,31,4,0,10,4,9,27.9348,5.91667,10.8967,6.20833,135.757
function@lzma_index_iter_init,0,0,0,0,0,0,0,0,0,0,0
function@lzma_index_iter_rewind,0,0,0,0,0,0,0,0,0,0,0
function@lzma_index_iter_next,2,0,0,2,1,21,1.58271,0,1.49925,0.0864381,70.7243
function@iter_set_info,23,10,0,6,4,3,11.7355,6.99174,4.8719,2.8719,2.0124
function@lzma_index_iter_locate,19,6,0,11,6,4,76.1191,51.2143,44.5714,1.80952,31.4286
function@index_tree_node_end,0,0,0,0,0,4,0,0,0,0,3.33333
function@lzma_filter_decoder_is_supported,0,0,0,0,0,4,0,0,0,0,2.6
function@decoder_find,0,0,0,0,0,3,0,0,0,0,3
function@lzma_raw_decoder_init,0,0,0,0,0,0,0,0,0,0,0
function@lzma_raw_decoder,0,0,0,0,0,3,0,0,0,0,2.375
function@lzma_raw_decoder_memusage,0,0,0,0,0,0,0,0,0,0,0
function@lzma_properties_decode,0,0,0,0,0,2,0,0,0,0,2
function@lzma_block_header_decode,0,1,0,1,0,8,0,0.348775,0.02215,0,2.26348
function@free_properties,0,0,0,0,0,2,0,0,0,0,2
function@lzma_auto_decoder,0,0,0,0,0,2,0,0,0,0,2
function@auto_decoder_init,0,0,0,0,0,1,0,0,0,0,1
function@auto_decode,0,0,0,0,0,4,0,0,0,0,1.40176
function@auto_decoder_end,0,0,0,0,0,0,0,0,0,0,0
function@auto_decoder_get_check,0,0,0,0,0,0,0,0,0,0,0
function@auto_decoder_memconfig,0,0,0,0,0,3,0,0,0,0,2.61905
function@lzma_stream_encoder_init,0,0,0,0,0,3,0,0,0,0,1.46158
function@stream_encode,1,10,0,6,0,7,0.163463,8.67406,3,0,3.17594
function@stream_encoder_end,0,0,0,0,0,0,0,0,0,0,0
function@stream_encoder_update,0,1,0,1,0,4,0,0.159292,0.159292,0,1.76991
function@lzma_stream_encoder,0,0,0,0,0,3,0,0,0,0,2.375
function@lzma_raw_buffer_decode,5,0,0,6,1,3,0.132812,0,0.445312,0.0078125,1.17187
function@lzma_easy_decoder_memusage,0,0,0,0,0,2,0,0,0,0,1.5
function@lzma_stream_buffer_bound,0,0,0,0,0,3,0,0,0,0,3
function@lzma_stream_buffer_encode,3,6,0,4,4,6,0.068359,0.183036,0.65625,0.107421,1.02446
function@lzma_easy_preset,0,0,0,0,0,0,0,0,0,0,0
function@lzma_alone_encoder,0,0,0,0,0,3,0,0,0,0,2.375
function@alone_encoder_init,0,0,0,0,0,7,0,0,0,0,2.28906
function@alone_encode,0,0,0,0,0,0,0,0,0,0,0
function@alone_encoder_end,0,0,0,0,0,0,0,0,0,0,0
function@lzma_vli_size,0,0,0,0,0,5,0,0,0,0,62.4762
function@lzma_raw_buffer_encode,2,0,0,2,0,4,0.0937498,0,0.1875,0,2.34375
function@lzma_filter_flags_size,0,0,0,0,0,1,0,0,0,0,0.190476
function@lzma_filter_flags_encode,0,0,0,0,0,5,0,0,0,0,1.771
function@lzma_easy_encoder,0,0,0,0,0,2,0,0,0,0,1.5
function@lzma_index_encoder_init,0,0,0,0,0,1,0,0,0,0,0.230769
function@index_encode,13,9,0,7,1,10,14.4694,9.42857,5,0.877551,21.8367
function@index_encoder_end,0,0,0,0,0,0,0,0,0,0,0
function@lzma_index_encoder,0,0,0,0,0,3,0,0,0,0,2.08678
function@lzma_index_buffer_encode,0,0,0,0,0,1,0,0,0,0,0.999999
function@lzma_block_buffer_decode,5,2,0,6,1,8,0.0878901,0.166016,0.751953,0.15625,2.5918
function@lzma_filters_copy,7,1,0,2,39,13,1.25979,0.151388,0.346697,1.95608,4.39585
function@lzma_raw_coder_init,13,10,0,13,18,9,35.8248,7.67809,33.6439,38.2132,19.5154
function@lzma_raw_coder_memusage,9,5,0,12,29,5,12.3632,7.85526,13.6105,34.6526,18.8211
function@lzma_block_header_size,0,0,0,0,0,8,0,0,0,0,1.93197
function@lzma_block_header_encode,0,0,0,0,0,11,0,0,0,0,2.19709
function@lzma_filter_flags_decode,0,2,0,1,0,4,0,0.105469,0.0703125,0,2.22266
function@lzma_block_encoder_init,0,0,0,0,0,0,0,0,0,0,0
function@block_encode,16,10,0,14,18,8,1.70045,0.738264,1.19318,3.24832,0.413376
function@block_encoder_end,0,0,0,0,0,0,0,0,0,0,0
function@block_encoder_update,0,0,0,0,0,0,0,0,0,0,0
function@lzma_block_encoder,0,0,0,0,0,3,0,0,0,0,2.375
function@lzma_version_number,0,0,0,0,0,0,0,0,0,0,0
function@lzma_version_string,0,0,0,0,0,0,0,0,0,0,0
function@lzma_alloc,0,0,0,0,0,1,0,0,0,0,1
function@lzma_free,0,0,0,0,0,0,0,0,0,0,0
function@lzma_bufcpy,2,2,0,2,2,3,2,2,2,2,3
function@lzma_next_filter_init,2,2,0,2,0,1,1.62385,2,1.49541,0,1
function@lzma_next_end,0,0,0,0,0,0,0,0,0,0,0
function@lzma_next_filter_update,0,0,0,0,0,1,0,0,0,0,0.690476
function@lzma_strm_init,0,0,0,0,0,0,0,0,0,0,0
function@lzma_code,3,4,0,2,0,2,5.49683e-06,4.18104e-06,3.66455e-06,0,1
function@lzma_end,0,0,0,0,0,0,0,0,0,0,0
function@lzma_get_check,0,0,0,0,0,0,0,0,0,0,0
function@lzma_memusage,0,0,0,0,0,1,0,0,0,0,0.999999
function@lzma_memlimit_get,0,0,0,0,0,1,0,0,0,0,0.999999
function@lzma_memlimit_set,0,0,0,0,0,4,0,0,0,0,1.61035
function@lzma_filter_encoder_is_supported,0,0,0,0,0,4,0,0,0,0,2.6
function@encoder_find,0,0,0,0,0,3,0,0,0,0,3
function@lzma_filters_update,10,6,0,4,6,9,56.3293,20.166,37.6526,18.2922,58.4219
function@lzma_raw_encoder_memusage,0,0,0,0,0,0,0,0,0,0,0
function@lzma_raw_encoder_init,0,0,0,0,0,0,0,0,0,0,0
function@lzma_raw_encoder,0,0,0,0,0,3,0,0,0,0,2.375
function@lzma_properties_size,0,0,0,0,0,3,0,0,0,0,2.13924
function@lzma_properties_encode,0,0,0,0,0,2,0,0,0,0,2
function@lzma_stream_decoder_init,0,0,0,0,0,4,0,0,0,0,1.79121
function@stream_decode,0,12,0,4,0,13,0,7.01434,4,0,42.8662
function@stream_decoder_end,0,0,0,0,0,0,0,0,0,0,0
function@stream_decoder_get_check,0,0,0,0,0,0,0,0,0,0,0
function@stream_decoder_memconfig,0,0,0,0,0,3,0,0,0,0,2.64
function@lzma_stream_decoder,0,0,0,0,0,3,0,0,0,0,2.375
function@lzma_vli_encode,10,4,0,3,2,7,14.1905,0.875,2.375,4.06349,18.373
function@lzma_block_compressed_size,3,3,0,2,2,6,0.15293,0.155678,0.145604,0.0421245,1.36355
function@lzma_block_unpadded_size,0,0,0,0,0,9,0,0,0,0,1.54762
function@lzma_block_total_size,1,2,0,1,0,9,0.029304,0.0732601,0.0586081,0,2.49817
function@lzma_easy_buffer_encode,0,0,0,0,0,2,0,0,0,0,1.5
function@lzma_index_decoder,0,0,0,0,0,3,0,0,0,0,2.375
function@index_decoder_init,0,0,0,0,0,2,0,0,0,0,1.18584
function@lzma_index_buffer_decode,1,0,0,1,0,3,0.0781249,0,0.15625,0,1.18229
function@index_decode,16,7,0,6,1,16,14.5929,6.28319,3.9941,0.781711,20.0885
function@index_decoder_end,0,0,0,0,0,0,0,0,0,0,0
function@index_decoder_memconfig,0,0,0,0,0,3,0,0,0,0,2.64
function@lzma_stream_header_decode,0,0,0,0,0,1,0,0,0,0,1
function@lzma_stream_footer_decode,0,0,0,0,0,2,0,0,0,0,1.03524
function@lzma_physmem,0,0,0,0,0,0,0,0,0,0,0
function@lzma_stream_header_encode,0,0,0,0,0,0,0,0,0,0,0
function@lzma_stream_footer_encode,0,0,0,0,0,6,0,0,0,0,2.22353
function@lzma_vli_decode,19,10,0,15,16,8,3.61465,10.5132,10.1525,6.89886,10.5986
function@lzma_block_decoder_init,0,0,0,0,0,2,0,0,0,0,0.994506
function@block_decode,16,18,0,16,7,15,1.08075,1.65128,2.52859,0.653728,1.97997
function@block_decoder_end,0,0,0,0,0,0,0,0,0,0,0
function@lzma_block_decoder,0,0,0,0,0,3,0,0,0,0,2.375
function@lzma_index_hash_init,0,0,0,0,0,2,0,0,0,0,1.375
function@lzma_index_hash_end,0,0,0,0,0,0,0,0,0,0,0
function@lzma_index_hash_size,0,0,0,0,0,1,0,0,0,0,1
function@lzma_index_hash_append,0,2,0,2,0,4,0,0.292969,0.292969,0,3
function@lzma_index_hash_decode,21,13,0,9,1,13,14.7887,6.88869,5.76132,0.211289,14.8537
function@lzma_alone_decoder_init,0,0,0,0,0,1,0,0,0,0,1
function@alone_decode,7,4,0,7,12,7,4.75367,1.59883,2.92862,3.65994,3.43808
function@alone_decoder_end,0,0,0,0,0,0,0,0,0,0,0
function@alone_decoder_memconfig,0,0,0,0,0,3,0,0,0,0,2.64
function@lzma_alone_decoder,0,0,0,0,0,3,0,0,0,0,2.37603
function@lzma_block_buffer_bound,0,2,0,1,3,6,0,0.75,0.5,2,3
function@lzma_block_buffer_encode,2,6,0,3,0,13,0.00327826,0.0247059,0.559958,0,1.36579
function@block_encode_normal,5,12,0,7,1,7,0.160156,0.445312,1.34375,0.0175781,3.31445
function@block_encode_uncompressed,1,1,0,1,0,10,0.703125,0.0439453,1,0,5.01465
function@lzma_easy_encoder_memusage,0,0,0,0,0,2,0,0,0,0,1.5
function@lzma_stream_flags_compare,3,1,0,1,0,6,0.0167382,0.00160944,0.0109442,0,1.0397
function@lzma_sha256_init,0,0,0,0,0,0,0,0,0,0,0
function@lzma_sha256_update,0,3,0,1,1,3,0,63.75,1,21.25,43.5
function@process,420,104,0,132,174,31,10637,3032,2749.62,5016.5,916.125
function@lzma_sha256_finish,4,1,0,1,1,11,4,1,1,1,193.667
function@lzma_check_is_supported,0,0,0,0,0,0,0,0,0,0,0
function@lzma_check_size,0,0,0,0,0,0,0,0,0,0,0
function@lzma_check_init,0,0,0,0,0,0,0,0,0,0,0
function@lzma_check_update,0,0,0,0,0,0,0,0,0,0,0
function@lzma_check_finish,0,0,0,0,0,0,0,0,0,0,0
function@lzma_crc64,9,9,0,8,4,19,11.7411,12.5446,2.47131,10.652,45.5812
function@lzma_crc32,9,3,0,16,8,23,42.4454,10.9389,2.59563,22.0882,44.2306
function@main,16,39,0,12,15,6,14.4225,27.4257,6.61709,6.87482,5.98026
function@init_encoder,0,0,0,0,0,2,0,0,0,0,2
function@uncompressStream,0,0,0,0,0,2,0,0,0,0,4.0618
function@compressStream,0,0,0,0,0,3,0,0,0,0,4.12195
function@tuklib_cpucores,0,0,0,0,0,0,0,0,0,0,0
function@tuklib_open_stdxxx,0,0,0,0,0,0,0,0,0,0,0
function@tuklib_progname_init,0,0,0,0,0,0,0,0,0,0,0
function@tuklib_mbstr_fw,0,0,0,0,0,7,0,0,0,0,5.5625
function@tuklib_physmem,0,0,0,0,0,0,0,0,0,0,0
function@tuklib_mbstr_width,0,0,0,0,0,0,0,0,0,0,0
function@tuklib_exit,0,0,0,0,0,0,0,0,0,0,0
