Comando: /home/mpvreal/Code/Faculdade/tcc/llvm/build/bin/llc -march=x86 --regalloc=greedy -o -
Heurística: div(cost,pow(degree,2))
~&SPILL_STATS,0, 0, 0, 0, 0, 2, 0, 0, 0, 0, 1.25
~&SPILL_STATS,0, 0, 0, 0, 0, 0, 0, 0, 0, 0, 0
~&SPILL_STATS,0, 0, 0, 0, 0, 2, 0, 0, 0, 0, 1.32911
~&SPILL_STATS,0, 0, 0, 0, 0, 3, 0, 0, 0, 0, 1.33569
~&SPILL_STATS,1, 0, 0, 1, 0, 17, 0.0696942, 0, 0.0696942, 0, 14.6769
~&SPILL_STATS,0, 0, 0, 0, 0, 0, 0, 0, 0, 0, 0
~&SPILL_STATS,0, 0, 0, 0, 0, 2, 0, 0, 0, 0, 0.32353
~&SPILL_STATS,0, 0, 0, 0, 0, 12, 0, 0, 0, 0, 7.97949
~&SPILL_STATS,0, 0, 0, 0, 0, 0, 0, 0, 0, 0, 0
~&SPILL_STATS,0, 0, 0, 0, 0, 1, 0, 0, 0, 0, 1
~&SPILL_STATS,0, 0, 0, 0, 0, 1, 0, 0, 0, 0, 1
~&SPILL_STATS,0, 0, 0, 0, 0, 1, 0, 0, 0, 0, 1
~&SPILL_STATS,0, 0, 0, 0, 0, 0, 0, 0, 0, 0, 0
~&SPILL_STATS,0, 0, 0, 0, 0, 0, 0, 0, 0, 0, 0
~&SPILL_STATS,0, 0, 0, 0, 0, 0, 0, 0, 0, 0, 0
~&SPILL_STATS,0, 0, 0, 0, 0, 0, 0, 0, 0, 0, 0
~&SPILL_STATS,0, 0, 0, 0, 0, 1, 0, 0, 0, 0, 1
~&SPILL_STATS,0, 0, 0, 0, 0, 1, 0, 0, 0, 0, 1
~&SPILL_STATS,0, 0, 0, 0, 0, 1, 0, 0, 0, 0, 1
~&SPILL_STATS,0, 0, 0, 0, 0, 0, 0, 0, 0, 0, 0
~&SPILL_STATS,0, 0, 0, 0, 0, 1, 0, 0, 0, 0, 1
~&SPILL_STATS,0, 0, 0, 0, 0, 2, 0, 0, 0, 0, 12.6585
~&SPILL_STATS,0, 0, 0, 0, 0, 3, 0, 0, 0, 0, 13.6585
~&SPILL_STATS,0, 0, 0, 0, 0, 2, 0, 0, 0, 0, 1.625
~&SPILL_STATS,1, 0, 0, 1, 0, 16, 0.0696942, 0, 0.0696942, 0, 14.6769
~&SPILL_STATS,0, 0, 0, 0, 0, 0, 0, 0, 0, 0, 0
~&SPILL_STATS,2, 0, 0, 2, 0, 4, 40.5714, 0, 40.5714, 0, 41.8095
~&SPILL_STATS,0, 0, 0, 0, 0, 0, 0, 0, 0, 0, 0
~&SPILL_STATS,0, 0, 0, 0, 0, 0, 0, 0, 0, 0, 0
~&SPILL_STATS,0, 0, 0, 0, 0, 2, 0, 0, 0, 0, 63.875
~&SPILL_STATS,1, 0, 0, 1, 0, 7, 0.3125, 0, 0.3125, 0, 46.3125
~&SPILL_STATS,1, 0, 0, 1, 0, 6, 0.3125, 0, 0.3125, 0, 81.4577
~&SPILL_STATS,8, 5, 0, 10, 1, 11, 1.73529, 10.8162, 2.72426, 0.272059, 16.8603
~&SPILL_STATS,1, 1, 0, 2, 1, 15, 15.9375, 4095.94, 16.9375, 0.5, 14272.1
~&SPILL_STATS,0, 0, 0, 0, 0, 8, 0, 0, 0, 0, 77.44
~&SPILL_STATS,0, 0, 0, 0, 0, 3, 0, 0, 0, 0, 2.38095
~&SPILL_STATS,0, 0, 0, 0, 0, 3, 0, 0, 0, 0, 2.38095
~&SPILL_STATS,0, 0, 0, 0, 0, 2, 0, 0, 0, 0, 2
~&SPILL_STATS,0, 0, 0, 0, 0, 0, 0, 0, 0, 0, 0
~&SPILL_STATS,1, 1, 0, 1, 0, 5, 0.0174414, 0.0371719, 0.0558124, 0, 19.8404
~&SPILL_STATS,0, 0, 0, 0, 0, 2, 0, 0, 0, 0, 1.25
~&SPILL_STATS,0, 0, 0, 0, 0, 3, 0, 0, 0, 0, 1.24419
~&SPILL_STATS,0, 0, 0, 0, 0, 3, 0, 0, 0, 0, 1.24419
~&SPILL_STATS,0, 0, 0, 0, 0, 1, 0, 0, 0, 0, 1
~&SPILL_STATS,1, 0, 0, 1, 0, 4, 0.166611, 0, 5.33154, 0, 10.8975
~&SPILL_STATS,0, 0, 0, 0, 0, 1, 0, 0, 0, 0, 7.75758
~&SPILL_STATS,0, 0, 0, 0, 0, 2, 0, 0, 0, 0, 7.86539
~&SPILL_STATS,0, 0, 0, 0, 0, 11, 0, 0, 0, 0, 9.88532
~&SPILL_STATS,0, 0, 0, 0, 0, 1, 0, 0, 0, 0, 1
~&SPILL_STATS,0, 0, 0, 0, 0, 0, 0, 0, 0, 0, 0
~&SPILL_STATS,0, 0, 0, 0, 0, 0, 0, 0, 0, 0, 0
~&SPILL_STATS,0, 0, 0, 0, 0, 0, 0, 0, 0, 0, 0
~&SPILL_STATS,0, 0, 0, 0, 0, 2, 0, 0, 0, 0, 1.30769
~&SPILL_STATS,0, 0, 0, 0, 0, 1, 0, 0, 0, 0, 0.619048
~&SPILL_STATS,0, 0, 0, 0, 0, 5, 0, 0, 0, 0, 0.917026
~&SPILL_STATS,0, 0, 0, 0, 0, 0, 0, 0, 0, 0, 0
~&SPILL_STATS,0, 0, 0, 0, 0, 3, 0, 0, 0, 0, 10.5207
~&SPILL_STATS,0, 0, 0, 0, 0, 0, 0, 0, 0, 0, 0
~&SPILL_STATS,0, 0, 0, 0, 0, 0, 0, 0, 0, 0, 0
~&SPILL_STATS,0, 0, 0, 0, 0, 1, 0, 0, 0, 0, 21.25
~&SPILL_STATS,0, 0, 0, 0, 0, 1, 0, 0, 0, 0, 21.25
~&SPILL_STATS,0, 0, 0, 0, 0, 0, 0, 0, 0, 0, 0
~&SPILL_STATS,0, 0, 0, 0, 0, 0, 0, 0, 0, 0, 0
~&SPILL_STATS,0, 0, 0, 0, 0, 3, 0, 0, 0, 0, 12.604
~&SPILL_STATS,1, 0, 0, 1, 0, 7, 0.814815, 0, 0.0740741, 0, 7.18827
~&SPILL_STATS,0, 0, 0, 0, 0, 0, 0, 0, 0, 0, 0
~&SPILL_STATS,0, 0, 0, 0, 0, 6, 0, 0, 0, 0, 2.74258
~&SPILL_STATS,0, 0, 0, 0, 0, 13, 0, 0, 0, 0, 6.71292
~&SPILL_STATS,0, 0, 0, 0, 0, 6, 0, 0, 0, 0, 2.74258
~&SPILL_STATS,0, 0, 0, 0, 0, 9, 0, 0, 0, 0, 4.72281
~&SPILL_STATS,0, 0, 0, 0, 0, 0, 0, 0, 0, 0, 0
~&SPILL_STATS,0, 0, 0, 0, 0, 0, 0, 0, 0, 0, 0
~&SPILL_STATS,0, 0, 0, 0, 0, 0, 0, 0, 0, 0, 0
~&SPILL_STATS,0, 0, 0, 0, 0, 0, 0, 0, 0, 0, 0
~&SPILL_STATS,0, 1, 0, 1, 0, 3, 0, 1, 1, 0, 3
~&SPILL_STATS,0, 0, 0, 0, 0, 0, 0, 0, 0, 0, 0
~&SPILL_STATS,0, 0, 0, 0, 0, 0, 0, 0, 0, 0, 0
~&SPILL_STATS,0, 0, 0, 0, 0, 0, 0, 0, 0, 0, 0
~&SPILL_STATS,0, 0, 0, 0, 0, 5, 0, 0, 0, 0, 1.48208
~&SPILL_STATS,0, 0, 0, 0, 0, 13, 0, 0, 0, 0, 6.71292
~&SPILL_STATS,0, 0, 0, 0, 0, 12, 0, 0, 0, 0, 5.71292
~&SPILL_STATS,0, 0, 0, 0, 0, 5, 0, 0, 0, 0, 1.48208
~&SPILL_STATS,0, 0, 0, 0, 0, 0, 0, 0, 0, 0, 0
~&SPILL_STATS,0, 0, 0, 0, 0, 0, 0, 0, 0, 0, 0
~&SPILL_STATS,0, 2, 0, 1, 0, 6, 0, 0.371292, 0.371292, 0, 2.74258
~&SPILL_STATS,0, 2, 0, 1, 0, 6, 0, 0.371292, 0.371292, 0, 2.74258
~&SPILL_STATS,0, 2, 0, 1, 0, 6, 0, 0.371292, 0.371292, 0, 2.74258
~&SPILL_STATS,0, 2, 0, 1, 0, 6, 0, 0.371292, 0.371292, 0, 2.74258
~&SPILL_STATS,2, 1, 0, 2, 0, 5, 1.36, 0.36, 1.76, 0, 4.28
~&SPILL_STATS,3, 0, 0, 1, 0, 5, 0.987639, 0, 0.990111, 0, 2.74042
~&SPILL_STATS,4, 2, 0, 5, 1, 7, 0.997528, 2, 2.98764, 0.00988875, 4.10136
~&SPILL_STATS,0, 2, 0, 1, 0, 5, 0, 0.369592, 0.370828, 0, 1.48208
~&SPILL_STATS,0, 0, 0, 0, 0, 1, 0, 0, 0, 0, 1
~&SPILL_STATS,0, 0, 0, 0, 0, 1, 0, 0, 0, 0, 1
~&SPILL_STATS,0, 0, 0, 0, 0, 0, 0, 0, 0, 0, 0
~&SPILL_STATS,0, 0, 0, 0, 0, 0, 0, 0, 0, 0, 0
~&SPILL_STATS,0, 0, 0, 0, 0, 17, 0, 0, 0, 0, 5.01786
~&SPILL_STATS,0, 0, 0, 0, 0, 3, 0, 0, 0, 0, 1.28571
~&SPILL_STATS,0, 0, 0, 0, 0, 1, 0, 0, 0, 0, 1
~&SPILL_STATS,0, 0, 0, 0, 0, 1, 0, 0, 0, 0, 0.625
~&SPILL_STATS,0, 1, 0, 1, 0, 6, 0, 7.57463, 0.477612, 0, 11.2239
~&SPILL_STATS,0, 0, 0, 0, 0, 8, 0, 0, 0, 0, 4.92135
~&SPILL_STATS,0, 0, 0, 0, 0, 0, 0, 0, 0, 0, 0
~&SPILL_STATS,2, 3, 0, 5, 0, 3, 26.9474, 33.2632, 16.6842, 0, 27.5263
~&SPILL_STATS,0, 0, 0, 0, 0, 1, 0, 0, 0, 0, 0.213867
~&SPILL_STATS,2, 4, 0, 6, 0, 4, 5.76316, 7.14204, 3.71031, 0, 7.67311
~&SPILL_STATS,3, 3, 0, 6, 0, 4, 5.7913, 7.1139, 6.45823, 0, 7.67311
~&SPILL_STATS,3, 3, 0, 6, 0, 4, 5.7913, 7.1139, 6.45823, 0, 7.67311
~&SPILL_STATS,3, 3, 0, 6, 0, 4, 5.80818, 7.1139, 6.45823, 0, 7.67311
~&SPILL_STATS,10, 4, 0, 11, 0, 5, 1.9088, 1.42201, 1.97515, 0, 1.4228
~&SPILL_STATS,15, 7, 0, 16, 0, 14, 5.96586, 7.24411, 6.61315, 0, 7.85389
~&SPILL_STATS,0, 0, 0, 0, 0, 4, 0, 0, 0, 0, 3.61765
~&SPILL_STATS,13, 3, 0, 9, 0, 15, 4.06981, 3.57911, 4.18677, 0, 8.04501
~&SPILL_STATS,2, 2, 0, 5, 1, 16, 0.00265479, 0.00156976, 0.0128066, 0.00234962, 2.14985
~&SPILL_STATS,3, 3, 0, 6, 0, 6, 5.80818, 7.1139, 6.45823, 0, 7.7322
~&SPILL_STATS,3, 0, 0, 4, 1, 22, 0.00118972, 0, 0.00626564, 0.00117481, 2.13258
~&SPILL_STATS,0, 0, 0, 0, 0, 0, 0, 0, 0, 0, 0
~&SPILL_STATS,3, 3, 0, 6, 0, 10, 5.80818, 7.1139, 6.45823, 0, 7.72986
~&SPILL_STATS,3, 0, 0, 4, 1, 22, 0.00118972, 0, 0.00626564, 0.00117481, 2.13258
~&SPILL_STATS,0, 0, 0, 0, 0, 0, 0, 0, 0, 0, 0
~&SPILL_STATS,3, 3, 0, 6, 0, 10, 5.80818, 7.1139, 6.45823, 0, 7.72986
~&SPILL_STATS,3, 0, 0, 4, 1, 22, 0.00118972, 0, 0.00626564, 0.00117481, 2.13258
~&SPILL_STATS,0, 0, 0, 0, 0, 0, 0, 0, 0, 0, 0
~&SPILL_STATS,3, 3, 0, 6, 0, 10, 5.80818, 7.1139, 6.45823, 0, 7.72986
~&SPILL_STATS,3, 0, 0, 4, 1, 22, 0.00118972, 0, 0.00626564, 0.00117481, 2.13258
~&SPILL_STATS,0, 0, 0, 0, 0, 0, 0, 0, 0, 0, 0
~&SPILL_STATS,3, 3, 0, 6, 0, 10, 5.80818, 7.1139, 6.45823, 0, 7.72986
~&SPILL_STATS,3, 0, 0, 4, 1, 22, 0.00118972, 0, 0.00626564, 0.00117481, 2.13258
~&SPILL_STATS,0, 0, 0, 0, 0, 0, 0, 0, 0, 0, 0
~&SPILL_STATS,3, 3, 0, 6, 0, 10, 5.80818, 7.1139, 6.45823, 0, 7.72986
~&SPILL_STATS,3, 0, 0, 4, 1, 22, 0.00118972, 0, 0.00626564, 0.00117481, 2.13258
~&SPILL_STATS,0, 0, 0, 0, 0, 0, 0, 0, 0, 0, 0
~&SPILL_STATS,3, 3, 0, 6, 0, 10, 5.80818, 7.1139, 6.45823, 0, 7.72986
~&SPILL_STATS,3, 0, 0, 4, 1, 22, 0.00118972, 0, 0.00626564, 0.00117481, 2.13258
~&SPILL_STATS,0, 0, 0, 0, 0, 0, 0, 0, 0, 0, 0
~&SPILL_STATS,3, 3, 0, 6, 0, 10, 5.80818, 7.1139, 6.45823, 0, 7.72986
~&SPILL_STATS,0, 0, 0, 0, 0, 0, 0, 0, 0, 0, 0
~&SPILL_STATS,3, 3, 0, 6, 0, 10, 5.80818, 7.1139, 6.45823, 0, 7.7117
~&SPILL_STATS,0, 0, 0, 0, 0, 1, 0, 0, 0, 0, 0.5
~&SPILL_STATS,0, 0, 0, 0, 0, 0, 0, 0, 0, 0, 0
~&SPILL_STATS,0, 0, 0, 0, 0, 0, 0, 0, 0, 0, 0
~&SPILL_STATS,0, 0, 0, 0, 0, 0, 0, 0, 0, 0, 0
~&SPILL_STATS,0, 0, 0, 0, 0, 0, 0, 0, 0, 0, 0
~&SPILL_STATS,0, 0, 0, 0, 0, 0, 0, 0, 0, 0, 0
~&SPILL_STATS,0, 0, 0, 0, 0, 0, 0, 0, 0, 0, 0
~&SPILL_STATS,0, 0, 0, 0, 0, 1, 0, 0, 0, 0, 1
~&SPILL_STATS,0, 0, 0, 0, 0, 0, 0, 0, 0, 0, 0
~&SPILL_STATS,0, 0, 0, 0, 0, 0, 0, 0, 0, 0, 0
~&SPILL_STATS,0, 0, 0, 0, 0, 0, 0, 0, 0, 0, 0
~&SPILL_STATS,0, 0, 0, 0, 0, 0, 0, 0, 0, 0, 0
~&SPILL_STATS,0, 0, 0, 0, 0, 1, 0, 0, 0, 0, 1
~&SPILL_STATS,0, 0, 0, 0, 0, 1, 0, 0, 0, 0, 1
~&SPILL_STATS,0, 0, 0, 0, 0, 0, 0, 0, 0, 0, 0
~&SPILL_STATS,0, 0, 0, 0, 0, 0, 0, 0, 0, 0, 0
~&SPILL_STATS,0, 0, 0, 0, 0, 1, 0, 0, 0, 0, 1
~&SPILL_STATS,0, 0, 0, 0, 0, 1, 0, 0, 0, 0, 1
~&SPILL_STATS,0, 0, 0, 0, 0, 1, 0, 0, 0, 0, 1
~&SPILL_STATS,0, 0, 0, 0, 0, 1, 0, 0, 0, 0, 1
~&SPILL_STATS,0, 0, 0, 0, 0, 1, 0, 0, 0, 0, 1
~&SPILL_STATS,0, 0, 0, 0, 0, 0, 0, 0, 0, 0, 0
~&SPILL_STATS,0, 0, 0, 0, 0, 0, 0, 0, 0, 0, 0
~&SPILL_STATS,0, 0, 0, 0, 0, 1, 0, 0, 0, 0, 0.622517
~&SPILL_STATS,0, 0, 0, 0, 0, 1, 0, 0, 0, 0, 0.622517
~&SPILL_STATS,0, 0, 0, 0, 0, 1, 0, 0, 0, 0, 1
~&SPILL_STATS,0, 0, 0, 0, 0, 1, 0, 0, 0, 0, 1
~&SPILL_STATS,0, 0, 0, 0, 0, 0, 0, 0, 0, 0, 0
~&SPILL_STATS,0, 0, 0, 0, 0, 0, 0, 0, 0, 0, 0
~&SPILL_STATS,0, 0, 0, 0, 0, 0, 0, 0, 0, 0, 0
~&SPILL_STATS,0, 0, 0, 0, 0, 1, 0, 0, 0, 0, 1
~&SPILL_STATS,0, 0, 0, 0, 0, 0, 0, 0, 0, 0, 0
~&SPILL_STATS,0, 0, 0, 0, 0, 0, 0, 0, 0, 0, 0
~&SPILL_STATS,0, 0, 0, 0, 0, 0, 0, 0, 0, 0, 0
~&SPILL_STATS,0, 0, 0, 0, 0, 0, 0, 0, 0, 0, 0
~&SPILL_STATS,0, 0, 0, 0, 0, 1, 0, 0, 0, 0, 1
~&SPILL_STATS,0, 0, 0, 0, 0, 0, 0, 0, 0, 0, 0
~&SPILL_STATS,0, 0, 0, 0, 0, 0, 0, 0, 0, 0, 0
~&SPILL_STATS,0, 0, 0, 0, 0, 1, 0, 0, 0, 0, 1
~&SPILL_STATS,12, 1, 0, 5, 0, 18, 0.70693, 0.00454747, 0.790721, 0, 4.46392
~&SPILL_STATS,5, 0, 0, 4, 0, 4, 0.4375, 0, 0.625, 0, 1.0625
~&SPILL_STATS,1, 0, 0, 1, 0, 9, 0.221429, 0, 0.45, 0, 3.07143
~&SPILL_STATS,3, 0, 0, 4, 1, 16, 0.0703125, 0, 0.640625, 0.1875, 6.875
~&SPILL_STATS,0, 0, 0, 0, 0, 0, 0, 0, 0, 0, 0
~&SPILL_STATS,0, 0, 0, 0, 0, 2, 0, 0, 0, 0, 2
~&SPILL_STATS,0, 0, 0, 0, 0, 0, 0, 0, 0, 0, 0
~&SPILL_STATS,0, 0, 0, 0, 0, 2, 0, 0, 0, 0, 1.5
~&SPILL_STATS,17, 5, 0, 18, 6, 25, 12.7467, 4.38839, 13.3862, 4.38839, 13.6339
~&SPILL_STATS,2, 0, 0, 2, 0, 2, 0.25, 0, 0.5, 0, 0.75
~&SPILL_STATS,0, 0, 0, 0, 0, 0, 0, 0, 0, 0, 0
~&SPILL_STATS,98, 12, 0, 26, 1, 60, 6.19003, 0.872151, 11.0626, 0.01236, 8.7949
~&SPILL_STATS,3, 0, 0, 1, 0, 8, 0.538422, 0, 1, 0, 5.71924
~&SPILL_STATS,0, 1, 0, 1, 0, 11, 0, 0.0944734, 0.152588, 0, 2.74303
~&SPILL_STATS,0, 0, 0, 0, 0, 2, 0, 0, 0, 0, 1.61905
~&SPILL_STATS,0, 0, 0, 0, 0, 2, 0, 0, 0, 0, 1.62559
~&SPILL_STATS,0, 0, 0, 0, 0, 6, 0, 0, 0, 0, 5.21875
~&SPILL_STATS,0, 0, 0, 0, 0, 4, 0, 0, 0, 0, 3.5
~&SPILL_STATS,45, 23, 0, 29, 0, 53, 21.6862, 39.2338, 15.4046, 0, 30.7835
~&SPILL_STATS,2, 0, 0, 2, 0, 8, 0.00402331, 0, 0.0064373, 0, 0.0969466
~&SPILL_STATS,3, 0, 0, 3, 0, 5, 0.256009, 0, 0.439056, 0, 1.54378
~&SPILL_STATS,14, 4, 0, 9, 2, 17, 8.94872, 25.4506, 6.69231, 0.490842, 31.7766
~&SPILL_STATS,40, 16, 0, 41, 4, 36, 96.7818, 80.875, 100.179, 19.7706, 91.4325
~&SPILL_STATS,2, 0, 0, 2, 0, 8, 0.00402331, 0, 0.0064373, 0, 0.104207
~&SPILL_STATS,190, 89, 0, 249, 23, 210, 48.1017, 27.3172, 51.4481, 5.67613, 42.1888
~&SPILL_STATS,2, 0, 0, 2, 0, 8, 0.00402331, 0, 0.0064373, 0, 0.104207
~&SPILL_STATS,193, 69, 0, 184, 14, 176, 39.344, 21.6573, 42.8098, 4.34938, 34.4914
~&SPILL_STATS,40, 16, 0, 41, 4, 36, 96.7818, 80.875, 100.179, 19.7706, 91.4325
~&SPILL_STATS,2, 0, 0, 2, 0, 8, 0.00402331, 0, 0.0064373, 0, 0.104207
~&SPILL_STATS,188, 72, 0, 182, 8, 155, 42.9226, 21.9252, 42.7551, 2.15349, 34.0897
~&SPILL_STATS,41, 15, 0, 41, 4, 36, 106.315, 71.3413, 100.179, 19.7706, 91.4325
~&SPILL_STATS,2, 0, 0, 2, 0, 8, 0.00402331, 0, 0.0064373, 0, 0.104207
~&SPILL_STATS,188, 72, 0, 182, 8, 155, 42.9226, 21.9252, 42.7551, 2.15349, 34.0897
~&SPILL_STATS,41, 15, 0, 41, 4, 36, 106.315, 71.3413, 100.179, 19.7706, 91.4325
~&SPILL_STATS,2, 0, 0, 2, 0, 8, 0.00402331, 0, 0.0064373, 0, 0.104207
~&SPILL_STATS,205, 85, 0, 201, 5, 217, 52.5893, 26.96, 50.2125, 2.63605, 42.38
~&SPILL_STATS,2, 0, 0, 2, 0, 8, 0.00402331, 0, 0.0064373, 0, 0.104207
~&SPILL_STATS,188, 72, 0, 182, 8, 155, 42.9226, 21.9252, 42.7551, 2.15349, 34.0897
~&SPILL_STATS,41, 15, 0, 41, 4, 36, 106.315, 71.3413, 100.179, 19.7706, 91.4325
~&SPILL_STATS,2, 0, 0, 2, 0, 8, 0.00402331, 0, 0.0064373, 0, 0.104207
~&SPILL_STATS,188, 72, 0, 182, 8, 155, 42.9226, 21.9252, 42.7551, 2.15349, 34.0897
~&SPILL_STATS,41, 15, 0, 41, 4, 36, 106.315, 71.3413, 100.179, 19.7706, 91.4325
~&SPILL_STATS,0, 0, 0, 0, 0, 0, 0, 0, 0, 0, 0
~&SPILL_STATS,2, 0, 0, 2, 0, 7, 0.00804663, 0, 0.0128746, 0, 0.185656
~&SPILL_STATS,40, 16, 0, 41, 4, 36, 96.7818, 80.875, 100.179, 19.7706, 91.4325
~&SPILL_STATS,2, 0, 0, 2, 0, 7, 0.00804663, 0, 0.0128746, 0, 0.202669
~&SPILL_STATS,190, 89, 0, 249, 23, 210, 48.1017, 27.3172, 51.4481, 5.67613, 42.1888
~&SPILL_STATS,2, 0, 0, 2, 0, 7, 0.00804663, 0, 0.0128746, 0, 0.202669
~&SPILL_STATS,193, 69, 0, 184, 14, 176, 39.344, 21.6573, 42.8098, 4.34938, 34.4914
~&SPILL_STATS,40, 16, 0, 41, 4, 36, 96.7818, 80.875, 100.179, 19.7706, 91.4325
~&SPILL_STATS,2, 0, 0, 2, 0, 7, 0.00804663, 0, 0.0128746, 0, 0.202669
~&SPILL_STATS,188, 72, 0, 182, 8, 155, 42.9226, 21.9252, 42.7551, 2.15349, 34.0897
~&SPILL_STATS,41, 15, 0, 41, 4, 36, 106.315, 71.3413, 100.179, 19.7706, 91.4325
~&SPILL_STATS,2, 0, 0, 2, 0, 7, 0.00804663, 0, 0.0128746, 0, 0.202669
~&SPILL_STATS,188, 72, 0, 182, 8, 155, 42.9226, 21.9252, 42.7551, 2.15349, 34.0897
~&SPILL_STATS,41, 15, 0, 41, 4, 36, 106.315, 71.3413, 100.179, 19.7706, 91.4325
~&SPILL_STATS,2, 0, 0, 2, 0, 7, 0.00804663, 0, 0.0128746, 0, 0.202669
~&SPILL_STATS,205, 85, 0, 201, 5, 217, 52.5893, 26.96, 50.2125, 2.63605, 42.38
~&SPILL_STATS,2, 0, 0, 2, 0, 7, 0.00804663, 0, 0.0128746, 0, 0.202669
~&SPILL_STATS,188, 72, 0, 182, 8, 155, 42.9226, 21.9252, 42.7551, 2.15349, 34.0897
~&SPILL_STATS,41, 15, 0, 41, 4, 36, 106.315, 71.3413, 100.179, 19.7706, 91.4325
~&SPILL_STATS,2, 0, 0, 2, 0, 7, 0.00804663, 0, 0.0128746, 0, 0.202669
~&SPILL_STATS,188, 72, 0, 182, 8, 155, 42.9226, 21.9252, 42.7551, 2.15349, 34.0897
~&SPILL_STATS,41, 15, 0, 41, 4, 36, 106.315, 71.3413, 100.179, 19.7706, 91.4325
~&SPILL_STATS,0, 0, 0, 0, 0, 0, 0, 0, 0, 0, 0
~&SPILL_STATS,35, 12, 0, 24, 0, 40, 0.12928, 0.054599, 0.0812655, 0, 2.14474
~&SPILL_STATS,2, 2, 0, 3, 1, 2, 6.78481, 3.8481, 1.5443, 0.139241, 4.44304
~&SPILL_STATS,2, 0, 0, 2, 0, 14, 13.6214, 0, 0.814286, 0, 60.3357
~&SPILL_STATS,36, 8, 0, 23, 2, 38, 0.212006, 0.0520572, 0.0771414, 0.00704801, 2.11703
~&SPILL_STATS,36, 8, 0, 23, 2, 38, 0.212006, 0.0520572, 0.0771414, 0.00704801, 2.11703
~&SPILL_STATS,40, 8, 0, 25, 0, 38, 0.227864, 0.0520572, 0.0841894, 0, 2.11703
~&SPILL_STATS,40, 8, 0, 25, 0, 38, 0.227864, 0.0520572, 0.0841894, 0, 2.11703
~&SPILL_STATS,40, 8, 0, 25, 0, 38, 0.227864, 0.0520572, 0.0841894, 0, 2.11703
~&SPILL_STATS,40, 8, 0, 25, 0, 38, 0.227864, 0.0520572, 0.0841894, 0, 2.11703
~&SPILL_STATS,40, 8, 0, 25, 0, 38, 0.227864, 0.0520572, 0.0841894, 0, 2.11703
~&SPILL_STATS,0, 0, 0, 0, 0, 0, 0, 0, 0, 0, 0
~&SPILL_STATS,40, 17, 0, 36, 1, 41, 0.671085, 0.258244, 0.26992, 0.00411214, 2.40651
~&SPILL_STATS,41, 13, 0, 35, 3, 37, 0.901973, 0.249979, 0.256354, 0.0272956, 2.31374
~&SPILL_STATS,41, 13, 0, 35, 3, 37, 0.901973, 0.249979, 0.256354, 0.0272956, 2.31374
~&SPILL_STATS,45, 13, 0, 37, 1, 37, 0.954136, 0.249979, 0.279537, 0.00411214, 2.31374
~&SPILL_STATS,45, 13, 0, 37, 1, 37, 0.954136, 0.249979, 0.279537, 0.00411214, 2.31374
~&SPILL_STATS,45, 13, 0, 37, 1, 37, 0.954136, 0.249979, 0.279537, 0.00411214, 2.31374
~&SPILL_STATS,45, 13, 0, 37, 1, 37, 0.954136, 0.249979, 0.279537, 0.00411214, 2.31374
~&SPILL_STATS,45, 13, 0, 37, 1, 37, 0.954136, 0.249979, 0.279537, 0.00411214, 2.31374
~&SPILL_STATS,0, 0, 0, 0, 0, 0, 0, 0, 0, 0, 0
~&SPILL_STATS,5, 9, 0, 9, 3, 18, 0.0478303, 0.111204, 0.0448424, 0.00724196, 2.18752
~&SPILL_STATS,6, 7, 0, 9, 1, 16, 0.106729, 0.133026, 0.0670524, 0.00241399, 2.22503
~&SPILL_STATS,6, 7, 0, 9, 1, 16, 0.106729, 0.133026, 0.0670524, 0.00241399, 2.22503
~&SPILL_STATS,8, 5, 0, 11, 1, 17, 0.15768, 0.0816647, 0.0937346, 0.00241399, 2.20397
~&SPILL_STATS,8, 5, 0, 11, 1, 17, 0.15768, 0.0816647, 0.0937346, 0.00241399, 2.20397
~&SPILL_STATS,8, 5, 0, 11, 1, 17, 0.15768, 0.0816647, 0.0937346, 0.00241399, 2.20397
~&SPILL_STATS,8, 5, 0, 11, 1, 17, 0.15768, 0.0816647, 0.0937346, 0.00241399, 2.20397
~&SPILL_STATS,8, 5, 0, 11, 1, 17, 0.15768, 0.0816647, 0.0937346, 0.00241399, 2.20397
~&SPILL_STATS,5, 8, 0, 8, 4, 19, 0.0956605, 0.192293, 0.0595692, 0.0445995, 2.45195
~&SPILL_STATS,5, 8, 0, 8, 1, 15, 0.162508, 0.317825, 0.132436, 0.00482798, 2.41258
~&SPILL_STATS,5, 8, 0, 8, 1, 15, 0.162508, 0.317825, 0.132436, 0.00482798, 2.41258
~&SPILL_STATS,7, 6, 0, 10, 1, 16, 0.264409, 0.215102, 0.185801, 0.00482798, 2.41741
~&SPILL_STATS,7, 6, 0, 10, 1, 16, 0.264409, 0.215102, 0.185801, 0.00482798, 2.41741
~&SPILL_STATS,7, 6, 0, 10, 1, 16, 0.264409, 0.215102, 0.185801, 0.00482798, 2.41741
~&SPILL_STATS,7, 6, 0, 10, 1, 16, 0.264409, 0.215102, 0.185801, 0.00482798, 2.41741
~&SPILL_STATS,7, 6, 0, 10, 1, 16, 0.264409, 0.215102, 0.185801, 0.00482798, 2.41741
~&SPILL_STATS,0, 0, 0, 0, 0, 0, 0, 0, 0, 0, 0
~&SPILL_STATS,35, 9, 0, 19, 0, 22, 2.23489, 0.64978, 0.580652, 0, 3.36784
~&SPILL_STATS,0, 0, 0, 0, 0, 0, 0, 0, 0, 0, 0
~&SPILL_STATS,35, 9, 0, 19, 0, 22, 2.23489, 0.64978, 0.580652, 0, 3.36784
~&SPILL_STATS,0, 0, 0, 0, 0, 0, 0, 0, 0, 0, 0
~&SPILL_STATS,35, 9, 0, 19, 0, 22, 2.23489, 0.64978, 0.580652, 0, 3.36784
~&SPILL_STATS,0, 0, 0, 0, 0, 0, 0, 0, 0, 0, 0
~&SPILL_STATS,36, 9, 0, 20, 0, 25, 2.44868, 0.64978, 0.794434, 0, 4.00919
~&SPILL_STATS,0, 0, 0, 0, 0, 0, 0, 0, 0, 0, 0
~&SPILL_STATS,36, 9, 0, 20, 0, 25, 2.44868, 0.64978, 0.794434, 0, 4.00919
~&SPILL_STATS,0, 0, 0, 0, 0, 0, 0, 0, 0, 0, 0
~&SPILL_STATS,36, 9, 0, 20, 0, 25, 2.44868, 0.64978, 0.794434, 0, 4.00919
~&SPILL_STATS,0, 0, 0, 0, 0, 0, 0, 0, 0, 0, 0
~&SPILL_STATS,36, 9, 0, 20, 0, 25, 2.44868, 0.64978, 0.794434, 0, 4.00919
~&SPILL_STATS,0, 0, 0, 0, 0, 0, 0, 0, 0, 0, 0
~&SPILL_STATS,36, 9, 0, 20, 0, 25, 2.44868, 0.64978, 0.794434, 0, 4.00919
~&SPILL_STATS,0, 0, 0, 0, 0, 0, 0, 0, 0, 0, 0
~&SPILL_STATS,7, 10, 0, 11, 1, 11, 2.92347, 1.91792, 2.79742, 0.0878906, 3.18557
~&SPILL_STATS,0, 0, 0, 0, 0, 0, 0, 0, 0, 0, 0
~&SPILL_STATS,39, 5, 0, 17, 0, 24, 1.17034, 0.16392, 0.338316, 0, 3.11023
~&SPILL_STATS,0, 0, 0, 0, 0, 0, 0, 0, 0, 0, 0
~&SPILL_STATS,39, 5, 0, 17, 0, 24, 1.17034, 0.16392, 0.338316, 0, 3.11023
~&SPILL_STATS,0, 0, 0, 0, 0, 0, 0, 0, 0, 0, 0
~&SPILL_STATS,39, 5, 0, 17, 0, 24, 1.17034, 0.16392, 0.338316, 0, 3.11023
~&SPILL_STATS,0, 0, 0, 0, 0, 0, 0, 0, 0, 0, 0
~&SPILL_STATS,44, 5, 0, 19, 0, 24, 1.43506, 0.16392, 0.436762, 0, 2.94354
~&SPILL_STATS,0, 0, 0, 0, 0, 0, 0, 0, 0, 0, 0
~&SPILL_STATS,44, 5, 0, 19, 0, 24, 1.43506, 0.16392, 0.436762, 0, 2.94354
~&SPILL_STATS,0, 0, 0, 0, 0, 0, 0, 0, 0, 0, 0
~&SPILL_STATS,44, 5, 0, 19, 0, 24, 1.43506, 0.16392, 0.436762, 0, 2.94354
~&SPILL_STATS,0, 0, 0, 0, 0, 0, 0, 0, 0, 0, 0
~&SPILL_STATS,44, 5, 0, 19, 0, 24, 1.43506, 0.16392, 0.436762, 0, 2.94354
~&SPILL_STATS,0, 0, 0, 0, 0, 0, 0, 0, 0, 0, 0
~&SPILL_STATS,44, 5, 0, 19, 0, 24, 1.43506, 0.16392, 0.436762, 0, 2.94354
~&SPILL_STATS,0, 0, 0, 0, 0, 0, 0, 0, 0, 0, 0
~&SPILL_STATS,7, 10, 0, 11, 1, 11, 2.92347, 1.91792, 2.79742, 0.0878906, 3.18557
~&SPILL_STATS,23, 10, 0, 28, 10, 54, 50.4565, 48.6145, 50.6744, 4.26562, 126.915
~&SPILL_STATS,0, 0, 0, 0, 0, 3, 0, 0, 0, 0, 0.166992
~&SPILL_STATS,43, 17, 0, 24, 5, 30, 179.126, 116.237, 138.625, 9.92269, 255.156
~&SPILL_STATS,0, 0, 0, 0, 0, 1, 0, 0, 0, 0, 0.140625
~&SPILL_STATS,43, 17, 0, 24, 5, 30, 179.126, 116.237, 138.625, 9.92269, 255.156
~&SPILL_STATS,9, 5, 0, 5, 0, 12, 0.00157537, 0.000539294, 0.00234144, 0, 2.15806
~&SPILL_STATS,61, 27, 0, 77, 2, 64, 150.734, 75.8249, 148.705, 15.2463, 103.376
~&SPILL_STATS,0, 0, 0, 0, 0, 9, 0, 0, 0, 0, 3.74258
~&SPILL_STATS,0, 0, 0, 0, 0, 6, 0, 0, 0, 0, 2.74258
~&SPILL_STATS,2, 1, 0, 2, 0, 5, 1.39062, 0.375, 1.76562, 0, 4.29688
~&SPILL_STATS,2, 1, 0, 2, 0, 5, 1.36, 0.36, 1.76, 0, 4.28
~&SPILL_STATS,0, 0, 0, 0, 0, 0, 0, 0, 0, 0, 0
~&SPILL_STATS,0, 2, 0, 1, 0, 5, 0, 0.369592, 0.370828, 0, 1.48208
~&SPILL_STATS,0, 1, 0, 1, 0, 12, 0, 1, 1, 0, 5.71292
~&SPILL_STATS,1, 2, 0, 2, 0, 8, 0.765625, 1, 1.76562, 0, 6.29688
~&SPILL_STATS,0, 0, 0, 0, 0, 6, 0, 0, 0, 0, 2.74258
~&SPILL_STATS,2, 1, 0, 2, 0, 5, 1.36, 0.36, 1.76, 0, 4.28
~&SPILL_STATS,0, 0, 0, 0, 0, 0, 0, 0, 0, 0, 0
~&SPILL_STATS,0, 0, 0, 0, 0, 0, 0, 0, 0, 0, 0
~&SPILL_STATS,0, 0, 0, 0, 0, 2, 0, 0, 0, 0, 2
~&SPILL_STATS,0, 0, 0, 0, 0, 0, 0, 0, 0, 0, 0
~&SPILL_STATS,0, 2, 0, 1, 0, 5, 0, 0.369592, 0.370828, 0, 1.48208
~&SPILL_STATS,0, 0, 0, 0, 0, 0, 0, 0, 0, 0, 0
~&SPILL_STATS,0, 0, 0, 0, 0, 0, 0, 0, 0, 0, 0
~&SPILL_STATS,0, 0, 0, 0, 0, 3, 0, 0, 0, 0, 3
~&SPILL_STATS,0, 0, 0, 0, 0, 1, 0, 0, 0, 0, 1
~&SPILL_STATS,0, 0, 0, 0, 0, 1, 0, 0, 0, 0, 0.625
~&SPILL_STATS,9, 3, 0, 8, 0, 10, 21.4494, 5.26966, 28.427, 0, 26.1348
~&SPILL_STATS,1, 1, 0, 2, 0, 11, 0.395062, 0.185185, 1.25926, 0, 6.06173
~&SPILL_STATS,3, 3, 0, 6, 0, 3, 27.1584, 33.3663, 30.2772, 0, 27.6139
~&SPILL_STATS,0, 0, 0, 0, 0, 0, 0, 0, 0, 0, 0
~&SPILL_STATS,1, 2, 0, 3, 0, 12, 280.652, 1.34483, 1.41092, 0, 575.822
~&SPILL_STATS,3, 1, 0, 4, 0, 5, 23.9062, 7.96875, 18, 0, 40.4062
~&SPILL_STATS,0, 0, 0, 0, 0, 1, 0, 0, 0, 0, 0.64
~&SPILL_STATS,0, 0, 0, 0, 0, 9, 0, 0, 0, 0, 2.33717
~&SPILL_STATS,0, 0, 0, 0, 0, 4, 0, 0, 0, 0, 3.61765
~&SPILL_STATS,2, 3, 0, 5, 0, 4, 10.1053, 12.4737, 6.27138, 0, 11.9474
~&SPILL_STATS,9, 3, 0, 6, 1, 17, 1.00479, 1.31607, 0.298862, 0.0343323, 5.31198
~&SPILL_STATS,0, 0, 0, 0, 0, 3, 0, 0, 0, 0, 2.375
~&SPILL_STATS,0, 0, 0, 0, 0, 1, 0, 0, 0, 0, 0.375
~&SPILL_STATS,0, 0, 0, 0, 0, 1, 0, 0, 0, 0, 0.375
~&SPILL_STATS,5, 6, 0, 5, 1, 14, 0.114441, 2.58636, 0.181675, 0.0343323, 3.93869
~&SPILL_STATS,0, 0, 0, 0, 0, 1, 0, 0, 0, 0, 0.234375
~&SPILL_STATS,6, 4, 0, 6, 0, 4, 2.44431, 1.94377, 1.2462, 0, 1.90618
~&SPILL_STATS,10, 10, 0, 20, 3, 9, 550.333, 550.333, 607.905, 21.0476, 935
~&SPILL_STATS,4, 5, 0, 9, 1, 31, 0.0400763, 0.0524058, 0.0736368, 0.00177428, 4.26716
~&SPILL_STATS,26, 12, 0, 21, 0, 27, 6.5991, 2.14463, 3.46238, 0, 8.24343
~&SPILL_STATS,15, 8, 0, 14, 0, 23, 0.574419, 0.397653, 0.601225, 0, 3.87866
~&SPILL_STATS,1, 1, 0, 1, 0, 2, 0.195312, 0.37793, 0.5, 0, 1.3125
~&SPILL_STATS,3, 1, 0, 3, 0, 4, 0.522936, 0.376147, 1.18349, 0, 1.87156
~&SPILL_STATS,2, 1, 0, 2, 0, 6, 0.385321, 0.376147, 0.688073, 0, 3.05505
~&SPILL_STATS,9, 4, 0, 11, 0, 10, 0.984547, 0.777042, 2.93819, 0, 2.49007
~&SPILL_STATS,1, 1, 0, 1, 0, 2, 0.195312, 0.37793, 0.5, 0, 1.3125
~&SPILL_STATS,6, 4, 0, 8, 0, 36, 0.00135789, 0.000526544, 0.0020898, 0, 4.43185
~&SPILL_STATS,36, 8, 0, 21, 0, 42, 3.78981, 0.921936, 3.31621, 0, 8.39295
~&SPILL_STATS,23, 7, 0, 13, 0, 52, 0.764845, 0.162516, 1.45672, 0, 6.54317
~&SPILL_STATS,12, 2, 0, 7, 2, 5, 11.7744, 5.13534, 5.06015, 0.781955, 4.93233
~&SPILL_STATS,2, 1, 0, 2, 0, 5, 0.390625, 0.37793, 0.695312, 0, 3.06836
~&SPILL_STATS,3, 1, 0, 3, 0, 4, 0.522936, 0.376147, 1.18349, 0, 1.87156
~&SPILL_STATS,8, 4, 0, 9, 0, 17, 0.442374, 0.559931, 2.10187, 0, 4.55562
~&SPILL_STATS,2, 1, 0, 2, 0, 5, 0.390625, 0.37793, 0.695312, 0, 3.06836
~&SPILL_STATS,0, 0, 0, 0, 0, 0, 0, 0, 0, 0, 0
~&SPILL_STATS,0, 0, 0, 0, 0, 0, 0, 0, 0, 0, 0
~&SPILL_STATS,0, 0, 0, 0, 0, 0, 0, 0, 0, 0, 0
~&SPILL_STATS,0, 0, 0, 0, 0, 0, 0, 0, 0, 0, 0
~&SPILL_STATS,0, 0, 0, 0, 0, 0, 0, 0, 0, 0, 0
~&SPILL_STATS,1, 2, 0, 1, 0, 8, 0.618047, 0.369592, 0.990111, 0, 2.4796
~&SPILL_STATS,0, 2, 0, 1, 0, 6, 0, 0.369592, 0.370828, 0, 2.10012
~&SPILL_STATS,3, 0, 0, 1, 0, 6, 0.987639, 0, 0.990111, 0, 3.74042
~&SPILL_STATS,0, 2, 0, 1, 0, 6, 0, 0.369592, 0.370828, 0, 2.10012
~&SPILL_STATS,3, 0, 0, 1, 0, 6, 0.987639, 0, 0.990111, 0, 3.74042
~&SPILL_STATS,0, 2, 0, 1, 0, 6, 0, 0.369592, 0.370828, 0, 2.10012
~&SPILL_STATS,3, 0, 0, 1, 0, 6, 0.987639, 0, 0.990111, 0, 3.74042
~&SPILL_STATS,0, 2, 0, 1, 0, 6, 0, 0.369592, 0.370828, 0, 2.10012
~&SPILL_STATS,3, 0, 0, 1, 0, 6, 0.987639, 0, 0.990111, 0, 3.74042
~&SPILL_STATS,0, 2, 0, 1, 0, 6, 0, 0.369592, 0.370828, 0, 2.10012
~&SPILL_STATS,3, 0, 0, 1, 0, 6, 0.987639, 0, 0.990111, 0, 3.74042
~&SPILL_STATS,0, 2, 0, 1, 0, 6, 0, 0.369592, 0.370828, 0, 2.10012
~&SPILL_STATS,7, 2, 0, 4, 0, 11, 0.79834, 1.15723, 0.783691, 0, 10.7412
~&SPILL_STATS,1, 0, 0, 1, 0, 17, 0.588235, 0, 0.588235, 0, 28.2549
~&SPILL_STATS,3, 1, 0, 2, 0, 17, 0.366211, 1.875, 0.439453, 0, 12.6016
~&SPILL_STATS,6, 2, 0, 6, 0, 17, 5.99121, 3.75, 7.93945, 0, 12.6016
~&SPILL_STATS,6, 2, 0, 6, 0, 17, 5.99121, 3.75, 7.93945, 0, 12.6016
~&SPILL_STATS,6, 2, 0, 6, 0, 17, 5.99121, 3.75, 7.93945, 0, 12.6016
~&SPILL_STATS,0, 0, 0, 0, 0, 1, 0, 0, 0, 0, 1
~&SPILL_STATS,0, 0, 0, 0, 0, 1, 0, 0, 0, 0, 1
~&SPILL_STATS,0, 0, 0, 0, 0, 1, 0, 0, 0, 0, 1
~&SPILL_STATS,0, 0, 0, 0, 0, 1, 0, 0, 0, 0, 1
~&SPILL_STATS,0, 0, 0, 0, 0, 1, 0, 0, 0, 0, 1
~&SPILL_STATS,0, 0, 0, 0, 0, 1, 0, 0, 0, 0, 1
~&SPILL_STATS,0, 0, 0, 0, 0, 1, 0, 0, 0, 0, 1
~&SPILL_STATS,0, 0, 0, 0, 0, 1, 0, 0, 0, 0, 1
~&SPILL_STATS,0, 0, 0, 0, 0, 1, 0, 0, 0, 0, 1
~&SPILL_STATS,0, 0, 0, 0, 0, 1, 0, 0, 0, 0, 1
~&SPILL_STATS,0, 0, 0, 0, 0, 1, 0, 0, 0, 0, 1
~&SPILL_STATS,0, 0, 0, 0, 0, 1, 0, 0, 0, 0, 1
~&SPILL_STATS,0, 0, 0, 0, 0, 0, 0, 0, 0, 0, 0
~&SPILL_STATS,0, 0, 0, 0, 0, 0, 0, 0, 0, 0, 0
~&SPILL_STATS,0, 0, 0, 0, 0, 4, 0, 0, 0, 0, 21.8
~&SPILL_STATS,0, 0, 0, 0, 0, 1, 0, 0, 0, 0, 1
~&SPILL_STATS,0, 0, 0, 0, 0, 1, 0, 0, 0, 0, 0.625
~&SPILL_STATS,1, 1, 0, 2, 0, 7, 4.94059, 4.94059, 5.74257, 0, 8.91089
~&SPILL_STATS,0, 0, 0, 0, 0, 5, 0, 0, 0, 0, 4.38235
~&SPILL_STATS,0, 0, 0, 0, 0, 0, 0, 0, 0, 0, 0
~&SPILL_STATS,3, 0, 0, 1, 0, 8, 0.0779997, 0, 0.0878906, 0, 2.58635
~&SPILL_STATS,3, 4, 0, 7, 0, 4, 27.4333, 40.5, 31.2, 0, 28.8667
~&SPILL_STATS,0, 0, 0, 0, 0, 4, 0, 0, 0, 0, 3.61765
~&SPILL_STATS,2, 3, 0, 5, 0, 4, 10.1053, 12.4737, 6.27138, 0, 11.9474
~&SPILL_STATS,0, 0, 0, 0, 0, 2, 0, 0, 0, 0, 0.448242
~&SPILL_STATS,0, 0, 0, 0, 0, 3, 0, 0, 0, 0, 2.375
~&SPILL_STATS,0, 0, 0, 0, 0, 2, 0, 0, 0, 0, 0.448242
~&SPILL_STATS,6, 4, 0, 6, 0, 4, 2.46348, 1.99095, 1.2462, 0, 1.93081
~&SPILL_STATS,0, 0, 0, 0, 0, 0, 0, 0, 0, 0, 0
~&SPILL_STATS,0, 0, 0, 0, 0, 0, 0, 0, 0, 0, 0
~&SPILL_STATS,0, 0, 0, 0, 0, 0, 0, 0, 0, 0, 0
~&SPILL_STATS,0, 0, 0, 0, 0, 3, 0, 0, 0, 0, 2.375
~&SPILL_STATS,0, 0, 0, 0, 0, 3, 0, 0, 0, 0, 2.375
~&SPILL_STATS,0, 0, 0, 0, 0, 4, 0, 0, 0, 0, 1.84375
~&SPILL_STATS,0, 0, 0, 0, 0, 0, 0, 0, 0, 0, 0
~&SPILL_STATS,2, 0, 0, 0, 3, 6, 0.175781, 0, 0, 0.46875, 2.61157
~&SPILL_STATS,0, 0, 0, 0, 0, 1, 0, 0, 0, 0, 1
~&SPILL_STATS,0, 0, 0, 0, 0, 0, 0, 0, 0, 0, 0
~&SPILL_STATS,0, 0, 0, 0, 0, 0, 0, 0, 0, 0, 0
~&SPILL_STATS,0, 0, 0, 0, 0, 0, 0, 0, 0, 0, 0
~&SPILL_STATS,0, 0, 0, 0, 0, 5, 0, 0, 0, 0, 2.5232
~&SPILL_STATS,0, 0, 0, 0, 0, 0, 0, 0, 0, 0, 0
~&SPILL_STATS,0, 0, 0, 0, 0, 0, 0, 0, 0, 0, 0
~&SPILL_STATS,100, 29, 0, 72, 17, 70, 70.906, 49.2408, 77.7724, 43.8699, 102.23
~&SPILL_STATS,19, 5, 0, 16, 1, 5, 371.611, 183.889, 267.611, 6.27778, 210.278
~&SPILL_STATS,3, 3, 0, 6, 0, 3, 35.2, 26.0444, 53.6889, 0, 16.2889
~&SPILL_STATS,0, 2, 0, 4, 0, 2, 0, 22.4828, 19.1034, 0, 12.2414
~&SPILL_STATS,1, 0, 0, 1, 0, 5, 9.27778, 0, 0.5, 0, 20.6111
~&SPILL_STATS,4, 3, 0, 5, 2, 5, 29.625, 35.4286, 11.7679, 1.25, 148.911
~&SPILL_STATS,0, 0, 0, 0, 0, 0, 0, 0, 0, 0, 0
~&SPILL_STATS,0, 0, 0, 0, 0, 7, 0, 0, 0, 0, 1.55321
~&SPILL_STATS,0, 0, 0, 0, 0, 4, 0, 0, 0, 0, 1.04865
~&SPILL_STATS,0, 0, 0, 0, 0, 0, 0, 0, 0, 0, 0
~&SPILL_STATS,0, 0, 0, 0, 0, 6, 0, 0, 0, 0, 2.58264
~&SPILL_STATS,0, 0, 0, 0, 0, 2, 0, 0, 0, 0, 0.0628879
~&SPILL_STATS,0, 0, 0, 0, 0, 1, 0, 0, 0, 0, 1
~&SPILL_STATS,0, 0, 0, 0, 0, 0, 0, 0, 0, 0, 0
~&SPILL_STATS,0, 0, 0, 0, 0, 0, 0, 0, 0, 0, 0
~&SPILL_STATS,0, 0, 0, 0, 0, 0, 0, 0, 0, 0, 0
~&SPILL_STATS,0, 0, 0, 0, 0, 1, 0, 0, 0, 0, 1
~&SPILL_STATS,0, 0, 0, 0, 0, 6, 0, 0, 0, 0, 1.13357
~&SPILL_STATS,0, 0, 0, 0, 0, 5, 0, 0, 0, 0, 1.17539
~&SPILL_STATS,0, 0, 0, 0, 0, 0, 0, 0, 0, 0, 0
~&SPILL_STATS,0, 0, 0, 0, 0, 0, 0, 0, 0, 0, 0
~&SPILL_STATS,0, 0, 0, 0, 0, 0, 0, 0, 0, 0, 0
~&SPILL_STATS,0, 0, 0, 0, 0, 0, 0, 0, 0, 0, 0
~&SPILL_STATS,0, 0, 0, 0, 0, 0, 0, 0, 0, 0, 0
~&SPILL_STATS,0, 0, 0, 0, 0, 0, 0, 0, 0, 0, 0
~&SPILL_STATS,0, 0, 0, 0, 0, 0, 0, 0, 0, 0, 0
~&SPILL_STATS,0, 0, 0, 0, 0, 0, 0, 0, 0, 0, 0
~&SPILL_STATS,0, 0, 0, 0, 0, 0, 0, 0, 0, 0, 0
~&SPILL_STATS,0, 0, 0, 0, 0, 0, 0, 0, 0, 0, 0
~&SPILL_STATS,0, 0, 0, 0, 0, 0, 0, 0, 0, 0, 0
~&SPILL_STATS,0, 0, 0, 0, 0, 0, 0, 0, 0, 0, 0
~&SPILL_STATS,0, 0, 0, 0, 0, 0, 0, 0, 0, 0, 0
~&SPILL_STATS,0, 0, 0, 0, 0, 0, 0, 0, 0, 0, 0
~&SPILL_STATS,0, 0, 0, 0, 0, 0, 0, 0, 0, 0, 0
~&SPILL_STATS,0, 0, 0, 0, 0, 0, 0, 0, 0, 0, 0
~&SPILL_STATS,0, 0, 0, 0, 0, 0, 0, 0, 0, 0, 0
~&SPILL_STATS,0, 0, 0, 0, 0, 0, 0, 0, 0, 0, 0
~&SPILL_STATS,0, 0, 0, 0, 0, 0, 0, 0, 0, 0, 0
~&SPILL_STATS,0, 0, 0, 0, 0, 0, 0, 0, 0, 0, 0
~&SPILL_STATS,0, 0, 0, 0, 0, 0, 0, 0, 0, 0, 0
~&SPILL_STATS,0, 0, 0, 0, 0, 0, 0, 0, 0, 0, 0
~&SPILL_STATS,0, 0, 0, 0, 0, 0, 0, 0, 0, 0, 0
~&SPILL_STATS,0, 0, 0, 0, 0, 0, 0, 0, 0, 0, 0
~&SPILL_STATS,0, 0, 0, 0, 0, 2, 0, 0, 0, 0, 2
~&SPILL_STATS,0, 0, 0, 0, 0, 0, 0, 0, 0, 0, 0
~&SPILL_STATS,0, 0, 0, 0, 0, 0, 0, 0, 0, 0, 0
~&SPILL_STATS,0, 0, 0, 0, 0, 0, 0, 0, 0, 0, 0
~&SPILL_STATS,0, 0, 0, 0, 0, 0, 0, 0, 0, 0, 0
~&SPILL_STATS,0, 0, 0, 0, 0, 0, 0, 0, 0, 0, 0
~&SPILL_STATS,0, 0, 0, 0, 0, 0, 0, 0, 0, 0, 0
~&SPILL_STATS,0, 0, 0, 0, 0, 0, 0, 0, 0, 0, 0
~&SPILL_STATS,0, 0, 0, 0, 0, 0, 0, 0, 0, 0, 0
~&SPILL_STATS,0, 0, 0, 0, 0, 0, 0, 0, 0, 0, 0
~&SPILL_STATS,0, 0, 0, 0, 0, 0, 0, 0, 0, 0, 0
~&SPILL_STATS,0, 0, 0, 0, 0, 0, 0, 0, 0, 0, 0
~&SPILL_STATS,0, 0, 0, 0, 0, 0, 0, 0, 0, 0, 0
~&SPILL_STATS,0, 0, 0, 0, 0, 0, 0, 0, 0, 0, 0
~&SPILL_STATS,0, 0, 0, 0, 0, 0, 0, 0, 0, 0, 0
~&SPILL_STATS,0, 0, 0, 0, 0, 0, 0, 0, 0, 0, 0
~&SPILL_STATS,0, 0, 0, 0, 0, 0, 0, 0, 0, 0, 0
~&SPILL_STATS,0, 0, 0, 0, 0, 0, 0, 0, 0, 0, 0
~&SPILL_STATS,0, 0, 0, 0, 0, 0, 0, 0, 0, 0, 0
~&SPILL_STATS,0, 0, 0, 0, 0, 0, 0, 0, 0, 0, 0
~&SPILL_STATS,0, 0, 0, 0, 0, 0, 0, 0, 0, 0, 0
~&SPILL_STATS,0, 0, 0, 0, 0, 0, 0, 0, 0, 0, 0
~&SPILL_STATS,0, 0, 0, 0, 0, 0, 0, 0, 0, 0, 0
~&SPILL_STATS,0, 0, 0, 0, 0, 0, 0, 0, 0, 0, 0
~&SPILL_STATS,0, 0, 0, 0, 0, 0, 0, 0, 0, 0, 0
~&SPILL_STATS,0, 0, 0, 0, 0, 0, 0, 0, 0, 0, 0
~&SPILL_STATS,0, 0, 0, 0, 0, 0, 0, 0, 0, 0, 0
~&SPILL_STATS,0, 0, 0, 0, 0, 0, 0, 0, 0, 0, 0
~&SPILL_STATS,0, 0, 0, 0, 0, 0, 0, 0, 0, 0, 0
~&SPILL_STATS,0, 0, 0, 0, 0, 0, 0, 0, 0, 0, 0
~&SPILL_STATS,0, 0, 0, 0, 0, 0, 0, 0, 0, 0, 0
~&SPILL_STATS,0, 0, 0, 0, 0, 0, 0, 0, 0, 0, 0
~&SPILL_STATS,0, 0, 0, 0, 0, 0, 0, 0, 0, 0, 0
~&SPILL_STATS,0, 0, 0, 0, 0, 0, 0, 0, 0, 0, 0
~&SPILL_STATS,0, 0, 0, 0, 0, 0, 0, 0, 0, 0, 0
~&SPILL_STATS,0, 0, 0, 0, 0, 0, 0, 0, 0, 0, 0
~&SPILL_STATS,1, 0, 0, 0, 2, 2, 1, 0, 0, 1, 1.5
~&SPILL_STATS,0, 0, 0, 0, 0, 0, 0, 0, 0, 0, 0
~&SPILL_STATS,0, 0, 0, 0, 0, 0, 0, 0, 0, 0, 0
~&SPILL_STATS,4, 3, 0, 6, 1, 14, 15.2157, 16.549, 6.76471, 0.54902, 29.7647
~&SPILL_STATS,4, 3, 0, 6, 1, 14, 15.2157, 16.549, 6.76471, 0.54902, 29.7647
~&SPILL_STATS,5, 3, 0, 8, 1, 23, 16.6471, 16.549, 13.2157, 0.54902, 47.6863
~&SPILL_STATS,4, 4, 0, 7, 1, 14, 15.2157, 21.5686, 11.7843, 0.54902, 29.7647
~&SPILL_STATS,4, 3, 0, 6, 1, 14, 15.2157, 16.549, 6.76471, 0.54902, 29.7647
~&SPILL_STATS,0, 0, 0, 0, 0, 1, 0, 0, 0, 0, 1
~&SPILL_STATS,0, 0, 0, 0, 0, 1, 0, 0, 0, 0, 1
~&SPILL_STATS,4, 3, 0, 6, 1, 17, 15.2157, 16.549, 6.76471, 0.54902, 30.3922
~&SPILL_STATS,4, 3, 0, 6, 1, 17, 15.2157, 16.549, 6.76471, 0.54902, 30.3922
~&SPILL_STATS,5, 2, 0, 8, 1, 22, 16.6471, 11.5294, 13.2157, 0.54902, 47.4706
~&SPILL_STATS,4, 4, 0, 7, 1, 16, 15.2157, 21.5686, 11.7843, 0.54902, 30.2353
~&SPILL_STATS,4, 3, 0, 6, 1, 16, 15.2157, 16.549, 6.76471, 0.54902, 30.2353
~&SPILL_STATS,0, 0, 0, 0, 0, 0, 0, 0, 0, 0, 0
~&SPILL_STATS,0, 0, 0, 0, 0, 0, 0, 0, 0, 0, 0
~&SPILL_STATS,18, 5, 0, 25, 1, 25, 64.7647, 37.8824, 92.5882, 0.54902, 47.6863
~&SPILL_STATS,20, 7, 0, 29, 1, 21, 65.2941, 43.0588, 93.3726, 0.54902, 46.6863
~&SPILL_STATS,32, 8, 0, 35, 7, 30, 174.078, 29.7255, 123, 57.6471, 92.6078
~&SPILL_STATS,0, 1, 0, 1, 0, 7, 0, 10.2, 0.32, 0, 23
~&SPILL_STATS,0, 1, 0, 1, 0, 7, 0, 10.2, 0.32, 0, 23
~&SPILL_STATS,0, 0, 0, 0, 0, 0, 0, 0, 0, 0, 0
~&SPILL_STATS,0, 0, 0, 0, 0, 0, 0, 0, 0, 0, 0
~&SPILL_STATS,20, 5, 0, 27, 2, 26, 65.7647, 37.8824, 94.5882, 1.54902, 48.6863
~&SPILL_STATS,22, 7, 0, 31, 2, 22, 66.2941, 43.0588, 95.3726, 1.54902, 47.6863
~&SPILL_STATS,39, 7, 0, 41, 6, 24, 187.98, 24.7059, 136.569, 46.6667, 91.1177
~&SPILL_STATS,2, 1, 0, 3, 0, 8, 0.64, 10.2, 0.96, 0, 25
~&SPILL_STATS,2, 1, 0, 3, 0, 8, 0.64, 10.2, 0.96, 0, 25
~&SPILL_STATS,14, 1, 0, 14, 1, 20, 58.5882, 5.01961, 58.5098, 0.156863, 33.7647
~&SPILL_STATS,18, 2, 0, 18, 0, 20, 67.9216, 11.1373, 68.451, 0, 45.9608
~&SPILL_STATS,5, 2, 0, 6, 1, 23, 6, 16, 6.33333, 0.156863, 60.7647
~&SPILL_STATS,2, 1, 0, 2, 0, 20, 0.313726, 5.01961, 0.313726, 0, 24.2745
~&SPILL_STATS,2, 1, 0, 2, 0, 20, 0.313726, 5.01961, 0.313726, 0, 24.1961
~&SPILL_STATS,2, 1, 0, 2, 0, 20, 0.313726, 5.01961, 0.313726, 0, 24.1961
~&SPILL_STATS,2, 1, 0, 2, 0, 20, 0.313726, 5.01961, 0.313726, 0, 24.1961
~&SPILL_STATS,15, 1, 0, 15, 1, 21, 58.7451, 5.01961, 58.6667, 0.156863, 34.7647
~&SPILL_STATS,19, 3, 0, 21, 3, 24, 47.8824, 16.1569, 47.5294, 11.9804, 80.1961
~&SPILL_STATS,2, 1, 0, 2, 0, 20, 0.313726, 5.01961, 0.313726, 0, 24.2745
~&SPILL_STATS,2, 1, 0, 2, 0, 20, 0.313726, 5.01961, 0.313726, 0, 24.2745
~&SPILL_STATS,4, 1, 0, 4, 1, 19, 0.862745, 5.01961, 0.784314, 0.156863, 23.8824
~&SPILL_STATS,4, 1, 0, 4, 1, 19, 0.862745, 5.01961, 0.784314, 0.156863, 23.8824
~&SPILL_STATS,4, 1, 0, 4, 1, 19, 0.862745, 5.01961, 0.784314, 0.156863, 23.8824
~&SPILL_STATS,6, 2, 0, 7, 0, 15, 11.0196, 16, 6.4902, 0, 34.7843
~&SPILL_STATS,9, 2, 0, 9, 1, 13, 30.9412, 16, 21.3922, 0.156863, 38.9608
~&SPILL_STATS,6, 2, 0, 7, 0, 22, 11.0196, 16, 6.4902, 0, 65.3137
~&SPILL_STATS,23, 1, 0, 23, 1, 25, 90.2745, 5.01961, 90.1961, 0.156863, 35.0196
~&SPILL_STATS,23, 3, 0, 25, 1, 18, 101.569, 15.0588, 96.9412, 0.156863, 41.7059
~&SPILL_STATS,0, 1, 0, 1, 0, 7, 0, 10.2, 0.32, 0, 23
~&SPILL_STATS,0, 1, 0, 1, 0, 7, 0, 10.2, 0.32, 0, 23
~&SPILL_STATS,8, 2, 0, 7, 0, 17, 6.14706, 15.9804, 6.48039, 0, 35.4412
~&SPILL_STATS,11, 2, 0, 10, 1, 18, 21.1765, 15.9804, 21.5098, 0.156863, 40.451
~&SPILL_STATS,8, 2, 0, 7, 0, 17, 6.14706, 15.9804, 6.48039, 0, 35.4412
~&SPILL_STATS,24, 2, 0, 23, 0, 22, 90.0196, 5.54902, 90.3628, 0, 50.951
~&SPILL_STATS,26, 4, 0, 26, 0, 20, 102.02, 15.5686, 88.9608, 0, 41.9804
~&SPILL_STATS,0, 1, 0, 1, 0, 10, 0, 10.2, 0.32, 0, 23.96
~&SPILL_STATS,0, 1, 0, 1, 0, 10, 0, 10.2, 0.32, 0, 23.96
~&SPILL_STATS,4, 1, 0, 4, 0, 9, 22.902, 5.01961, 18.0392, 0, 64.6863
~&SPILL_STATS,4, 1, 0, 4, 0, 22, 9.2549, 5.01961, 9.2549, 0, 24.7451
~&SPILL_STATS,4, 1, 0, 4, 0, 7, 22.902, 5.01961, 18.0392, 0, 29.549
~&SPILL_STATS,0, 0, 0, 0, 0, 7, 0, 0, 0, 0, 13.12
~&SPILL_STATS,2, 1, 0, 2, 0, 20, 0.313726, 5.01961, 0.313726, 0, 24.1961
~&SPILL_STATS,2, 1, 0, 2, 0, 20, 0.313726, 5.01961, 0.313726, 0, 24.1961
~&SPILL_STATS,2, 1, 0, 2, 0, 20, 0.313726, 5.01961, 0.313726, 0, 24.1961
~&SPILL_STATS,2, 1, 0, 2, 0, 20, 0.313726, 5.01961, 0.313726, 0, 24.1961
~&SPILL_STATS,0, 1, 0, 1, 0, 9, 0, 12.5294, 0.382353, 0, 25.6471
~&SPILL_STATS,0, 0, 0, 0, 0, 12, 0, 0, 0, 0, 53.92
~&SPILL_STATS,0, 0, 0, 0, 0, 7, 0, 0, 0, 0, 13.12
~&SPILL_STATS,0, 1, 0, 1, 0, 7, 0, 10.2, 0.32, 0, 23
~&SPILL_STATS,0, 0, 0, 0, 0, 2, 0, 0, 0, 0, 21.2857
~&SPILL_STATS,0, 0, 0, 0, 0, 2, 0, 0, 0, 0, 21.2857
~&SPILL_STATS,0, 0, 0, 0, 0, 2, 0, 0, 0, 0, 21.2857
~&SPILL_STATS,0, 0, 0, 0, 0, 2, 0, 0, 0, 0, 21.2857
~&SPILL_STATS,0, 0, 0, 0, 0, 2, 0, 0, 0, 0, 21.2857
~&SPILL_STATS,0, 0, 0, 0, 0, 2, 0, 0, 0, 0, 21.2857
~&SPILL_STATS,0, 0, 0, 0, 0, 2, 0, 0, 0, 0, 21.2857
~&SPILL_STATS,0, 0, 0, 0, 0, 7, 0, 0, 0, 0, 13.12
~&SPILL_STATS,14, 2, 0, 7, 2, 10, 60.549, 10.0392, 25.4118, 5.17647, 25.3137
~&SPILL_STATS,3, 1, 0, 3, 0, 20, 5.33333, 5.01961, 5.33333, 0, 24.1961
~&SPILL_STATS,3, 1, 0, 3, 0, 20, 5.33333, 5.01961, 5.33333, 0, 24.1961
~&SPILL_STATS,3, 1, 0, 3, 0, 20, 5.33333, 5.01961, 5.33333, 0, 24.1961
~&SPILL_STATS,0, 0, 0, 0, 0, 6, 0, 0, 0, 0, 12.48
~&SPILL_STATS,0, 0, 0, 0, 0, 6, 0, 0, 0, 0, 12.48
~&SPILL_STATS,0, 0, 0, 0, 0, 7, 0, 0, 0, 0, 13.12
~&SPILL_STATS,0, 0, 0, 0, 0, 2, 0, 0, 0, 0, 21.2857
~&SPILL_STATS,0, 0, 0, 0, 0, 2, 0, 0, 0, 0, 21.2857
~&SPILL_STATS,0, 0, 0, 0, 0, 2, 0, 0, 0, 0, 21.2857
~&SPILL_STATS,0, 0, 0, 0, 0, 2, 0, 0, 0, 0, 21.2857
~&SPILL_STATS,0, 0, 0, 0, 0, 2, 0, 0, 0, 0, 21.2857
~&SPILL_STATS,0, 0, 0, 0, 0, 2, 0, 0, 0, 0, 21.2857
~&SPILL_STATS,0, 0, 0, 0, 0, 3, 0, 0, 0, 0, 31.4286
~&SPILL_STATS,0, 0, 0, 0, 0, 4, 0, 0, 0, 0, 22.5238
~&SPILL_STATS,0, 0, 0, 0, 0, 2, 0, 0, 0, 0, 21.2857
~&SPILL_STATS,0, 0, 0, 0, 0, 2, 0, 0, 0, 0, 21.2857
~&SPILL_STATS,0, 0, 0, 0, 0, 2, 0, 0, 0, 0, 21.2857
~&SPILL_STATS,0, 0, 0, 0, 0, 2, 0, 0, 0, 0, 21.2857
~&SPILL_STATS,0, 0, 0, 0, 0, 2, 0, 0, 0, 0, 21.2857
~&SPILL_STATS,0, 0, 0, 0, 0, 2, 0, 0, 0, 0, 21.2857
~&SPILL_STATS,0, 0, 0, 0, 0, 4, 0, 0, 0, 0, 22.5238
~&SPILL_STATS,0, 0, 0, 0, 0, 0, 0, 0, 0, 0, 0
~&SPILL_STATS,0, 0, 0, 0, 0, 1, 0, 0, 0, 0, 1
~&SPILL_STATS,0, 0, 0, 0, 0, 0, 0, 0, 0, 0, 0
~&SPILL_STATS,0, 0, 0, 0, 0, 0, 0, 0, 0, 0, 0
~&SPILL_STATS,0, 0, 0, 0, 0, 0, 0, 0, 0, 0, 0
~&SPILL_STATS,0, 0, 0, 0, 0, 1, 0, 0, 0, 0, 1
~&SPILL_STATS,0, 0, 0, 0, 0, 0, 0, 0, 0, 0, 0
~&SPILL_STATS,0, 0, 0, 0, 0, 0, 0, 0, 0, 0, 0
~&SPILL_STATS,29, 13, 0, 23, 2, 28, 9.96471, 4.31765, 14.8, 1.49412, 13.1412
~&SPILL_STATS,0, 0, 0, 0, 0, 6, 0, 0, 0, 0, 10.4194
~&SPILL_STATS,0, 0, 0, 0, 0, 0, 0, 0, 0, 0, 0
~&SPILL_STATS,0, 0, 0, 0, 0, 0, 0, 0, 0, 0, 0
~&SPILL_STATS,1, 0, 0, 1, 0, 1, 31.875, 0, 31.875, 0, 31.875
