Comando: /home/mpvreal/Code/Faculdade/tcc/llvm/build/bin/llc --march=aarch64 --regalloc=greedy -o -
Heurística: div(cost,mul(area,pow(degree,2)))
function@flux_,39,0,0,23,0,15,39,0,23,0,15
function@flux_..omp_par.4,107,0,0,78,0,18,429309,0,18076.5,0,61126.1
function@flux_..omp_par.3,23,0,0,22,0,10,2783.92,0,93,0,447.167
function@flux_..omp_par.2,5,0,0,5,0,10,54,0,5,0,54.0833
function@flux_..omp_par.1,504,0,0,103,0,26,6654.62,0,3516.5,0,681.814
function@flux_..omp_par,5,0,0,5,0,10,54,0,5,0,54.0833
function@_QQmain,0,0,0,0,0,146,0,0,0,0,142
function@jacobian_,5,0,0,5,0,5,5,0,5,0,5
function@jacobian_..omp_par,46,0,0,44,0,9,72259.8,0,69266.9,0,9615.83
function@fill1_,0,0,0,0,0,8,0,0,0,0,8
function@fill1_..omp_par.1,0,0,0,0,0,8,0,0,0,0,27.9167
function@fill1_..omp_par,0,0,0,0,0,11,0,0,0,0,1307.67
function@shell_,89,0,0,44,0,96,1316.14,0,79.5238,0,16329.6
function@shell_..omp_par.8,0,0,0,0,0,11,0,0,0,0,987.667
function@shell_..omp_par.7,95,0,0,82,0,17,1.54269e+06,0,68252.1,0,85359.4
function@shell_..omp_par.6,88,0,0,84,0,15,193442,0,153112,0,332826
function@shell_..omp_par.5,3,0,0,3,0,16,1.75,0,3,0,831.562
function@shell_..omp_par.4,24,0,0,23,0,29,553.562,0,23.875,0,745.062
function@shell_..omp_par.3,6,0,0,6,0,9,5,0,6,0,985.333
function@shell_..omp_par.2,1,0,0,1,0,10,0.666667,0,1,0,881.083
function@shell_..omp_par.1,0,0,0,0,0,9,0,0,0,0,294.5
function@shell_..omp_par,3,0,0,3,0,7,3,0,3,0,8984.75
function@.omp.reduction.func,0,0,0,0,0,0,0,0,0,0,0
function@bi_cgstab_block_,51,0,0,19,0,52,573.812,0,19,0,410.5
function@bi_cgstab_block_..omp_par.12,0,0,0,0,0,17,0,0,0,0,16680.8
function@bi_cgstab_block_..omp_par.11,29,0,0,24,0,15,15177.3,0,1834.42,0,16004.9
function@bi_cgstab_block_..omp_par.10,1,0,0,1,0,19,0.5,0,1,0,24930.7
function@bi_cgstab_block_..omp_par.9,10,0,0,10,0,16,144.25,0,28.25,0,14044.8
function@bi_cgstab_block_..omp_par.8,0,0,0,0,0,19,0,0,0,0,24930.7
function@bi_cgstab_block_..omp_par.7,21,0,0,20,0,17,7764.67,0,89,0,15218.1
function@bi_cgstab_block_..omp_par.6,0,0,0,0,0,19,0,0,0,0,24930.7
function@bi_cgstab_block_..omp_par.5,1,0,0,1,0,21,0.5,0,1,0,33180.6
function@bi_cgstab_block_..omp_par,40,0,0,36,0,18,5419.42,0,2318.67,0,16804.7
function@mat_times_vec_,5,0,0,5,0,3,5,0,5,0,3
function@mat_times_vec_..omp_par,70,0,0,63,0,15,69325.5,0,14940,0,424538
function@.omp.reduction.func,0,0,0,0,0,0,0,0,0,0,0
function@.omp.reduction.func.1,0,0,0,0,0,0,0,0,0,0,0
function@.omp.reduction.func.2,0,0,0,0,0,0,0,0,0,0,0
function@.omp.reduction.func.3,0,0,0,0,0,0,0,0,0,0,0
function@.omp.reduction.func.4,0,0,0,0,0,0,0,0,0,0,0
function@fill2_,0,0,0,0,0,7,0,0,0,0,7
function@fill2_..omp_par.1,0,0,0,0,0,9,0,0,0,0,41.1667
function@fill2_..omp_par,0,0,0,0,0,9,0,0,0,0,41.1667
