Comando: /home/mpvreal/Code/Faculdade/tcc/llvm/build/bin/llc --march=x86 --regalloc=greedy -o -
Heurística: original
function@set_data_,0,0,0,0,0,0,0,0,0,0,0
function@set_data_tile_,0,0,0,0,0,0,0,0,0,0,0
function@get_3dfld_,67,20,0,48,17,87,15.6177,7.63388,25.7617,5.44329,156.152
function@close_io_,0,0,0,0,0,13,0,0,0,0,2.52679
function@_QMdiag_modPdiag,141,0,0,141,0,6,141,0,141,0,6
function@_QMdiag_modPdiag_tile,388,149,0,248,33,193,57829.4,30324.2,10817,86.5861,29380.8
function@_QMmod_mixingPallocate_mixing,165,14,0,47,18,32,164,14,44.5,15,31
function@_QMmod_mixingPinitialize_mixing,137,59,0,88,5,85,1.07284e+06,896454,638356,5290.04,814764
function@_QMset_zeta_modPset_zeta,30,0,0,30,0,4,30,0,30,0,4
function@_QMset_zeta_modPset_zeta_tile,80,24,0,57,7,41,1578.44,2545.91,847.971,18.7059,1548.44
function@_QMdef_var_modPdef_var,30,3,0,20,0,215,11.2769,0.665695,4.0637,0,183.031
function@_QMnf_fread3d_bry_modPnf_fread3d_bry,82,68,0,93,8,87,456044,511630,306505,68197.4,590110
function@_QMnrutilParray_copy_r,8,7,0,6,1,13,79.72,66.96,4.2,0.32,99.44
function@_QMnrutilParray_copy_d,8,7,0,6,1,13,79.72,66.96,4.2,0.32,99.44
function@_QMnrutilParray_copy_i,11,6,0,8,1,16,118,54.2,29.72,0.32,110.28
function@_QMnrutilParth_r,12,36,0,16,30,26,78.3235,1580.82,108.686,1338.15,377.755
function@_QMnrutilParth_d,23,11,0,15,13,29,636.324,227.196,102.108,533.608,462.725
function@_QMnrutilParth_i,45,10,0,50,5,33,1685.84,301.078,1739.73,81.6078,431.314
function@_QMnrutilPnrerror,0,0,0,0,0,1,0,0,0,0,1
function@_QMnrutilPreallocate_rv,31,11,0,20,1,44,123.906,85.625,57.3828,0.390625,240.766
function@_QMnrutilPreallocate_iv,16,15,0,18,1,41,78.4766,106.719,40.3906,0.390625,201.391
function@_QMnrutilPreallocate_hv,136,24,0,117,7,82,345.107,100.17,311.968,1.26953,170.018
function@_QMnrutilPreallocate_rm,46,33,0,43,3,43,3164.69,2112.27,1174.1,20.3125,2505.75
function@_QMnrutilPreallocate_im,48,34,0,41,1,41,3343.44,2202.89,794.102,0.3125,2335.75
function@_QMlmd_vmix_modPlmd_vmix,152,0,0,152,0,7,152,0,152,0,7
function@_QMlmd_vmix_modPlmd_vmix_tile,807,375,0,647,100,314,487241,221587,135901,17617.6,164063
function@_QMlmd_vmix_modPlmd_finish,62,0,0,62,0,4,62,0,62,0,4
function@_QMlmd_vmix_modPlmd_finish_tile,67,19,0,67,0,54,59388.9,33438.4,9858.62,0,69934.3
function@_QMnf_fwrite3d_bry_modPnf_fwrite3d_bry,159,85,0,120,11,64,478663,458358,233607,20029.9,339152
function@my_wtime_,0,0,0,0,0,0,0,0,0,0,0
function@lmd_swfrac_tile_,77,23,0,48,30,44,8994.45,3529.35,2130.05,3532.65,2765.05
function@_QMstate_initialize_modPstate_initialize,120,55,0,102,1,104,277724,813575,29162.8,0.625,715736
function@get_cycle_,18,7,0,12,13,18,67.0097,25.4552,27.4455,49.1961,50.2663
function@wrt_info_,276,15,0,267,2,175,6.98412e-06,0.00012682,2.00012,9.31323e-08,4.00053
function@_QMt3dmix_modPt3dmix2,144,0,0,144,0,7,144,0,144,0,7
function@_QMt3dmix_modPt3dmix2_tile,931,322,0,480,198,511,1.80573e+07,5.26906e+06,3.8311e+06,3.65978e+06,8.0009e+06
function@_QMini_fields_modPini_fields,227,0,0,227,0,10,227,0,227,0,10
function@_QMini_fields_modPini_fields_tile,460,227,0,349,44,240,390922,412790,273311,628.206,284990
function@_QMini_fields_modPini_zeta,33,0,0,33,0,9,33,0,33,0,9
function@_QMini_fields_modPini_zeta_tile,58,30,0,62,0,61,1444.04,2993.22,804.165,0,1783.86
function@set_scoord_,107,9,0,31,58,75,378.024,38.2,95.9882,104.682,294.447
function@_QMset_3dfld_modPset_3dfld_tile,289,119,0,214,12,191,16441.4,26470.9,7045.98,612.143,24564.9
function@initial_,24,1,0,25,0,111,238.597,6.87097,245.468,0,3958.89
function@lubksb_,23,7,0,16,3,37,303.1,596.45,176.3,16,814.9
function@_QMran_statePran_init,0,0,0,0,0,1,0,0,0,0,1
function@_QMran_statePran_seed,0,0,0,0,0,1,0,0,0,0,1
function@_QMmod_gridPallocate_grid,542,88,0,115,27,107,536,88,112,19,101
function@_QMmod_gridPinitialize_grid,259,103,0,37,2,122,96828.8,59257.3,26562.8,138.16,68802.6
function@_QMpre_step3d_modPpre_step3d,479,3,0,482,0,10,479,3,482,0,10
function@_QMpre_step3d_modPpre_step3d_tile,2775,1523,0,1851,269,1267,1.55609e+07,1.11168e+07,5.12475e+06,408824,8.02542e+06
function@checkdefs_,1,51,0,51,0,411,0.625,51,51,0,1940.5
function@_QQmain,0,0,0,0,0,0,0,0,0,0,0
function@checkvars_,47,10,0,19,3,66,228.24,217.5,226.798,0.21972,581.111
function@get_2dfld_,70,33,0,61,22,96,35.1919,40.518,49.881,4.15226,196.546
function@_QMnf_fread3d_modPnf_fread3d,109,32,0,81,20,56,6189.93,4887.98,3264.32,861.517,2772.19
function@gasdev_s_,6,0,0,0,6,0,41.75,0,0,3,0
function@gasdev_v_,333,82,0,110,80,139,10683.1,3921.01,2478.62,4019.23,3302.17
function@def_dim_,0,0,0,0,0,4,0,0,0,0,2.21875
function@inp_par_,104,46,0,57,1,82,137.459,122.77,231.139,0.188525,430.271
function@read_phypar_,326,353,0,337,139,686,14.7364,438.727,22.3223,407.045,144.641
function@decode_line_,54,19,0,29,8,86,18.9898,21.7347,21.1173,2.22959,198.76
function@load_i1_,0,0,0,0,0,1,0,0,0,0,0.5
function@load_l1_,0,0,0,0,0,0,0,0,0,0,0
function@load_r1_,0,0,0,0,0,1,0,0,0,0,0.5
function@load_i_,53,8,0,37,22,22,113.897,29.8431,79.6765,45.7745,61.2353
function@load_l_,3,8,0,7,3,12,20.5952,81.1429,51.3333,30.4286,63.6667
function@load_r_,27,7,0,10,25,21,91.7549,29.9412,11.9608,91.6765,58.1471
function@get_varcoords_,62,52,0,65,50,68,25.5889,39.0122,24.103,4.20264,118.337
function@_QMexchange_2d_modPexchange_p2d_tile,32,29,0,35,0,48,79.8235,135.314,58.451,0,89.7451
function@_QMexchange_2d_modPexchange_r2d_tile,32,29,0,35,0,48,79.8235,135.314,58.451,0,89.7451
function@_QMexchange_2d_modPexchange_u2d_tile,32,29,0,35,0,48,79.8235,135.314,58.451,0,89.7451
function@_QMexchange_2d_modPexchange_v2d_tile,32,29,0,35,0,48,79.8235,135.314,58.451,0,89.7451
function@_QMshapiro_modPshapiro2d_tile,196,97,0,134,12,141,5606.15,5991.95,2176.21,90.033,4413.7
function@_QMshapiro_modPshapiro3d_tile,184,125,0,132,10,131,107572,123914,38183.2,2253.24,88476.3
function@set_ngfld_,98,35,0,62,13,70,802.518,1386.09,830.188,44.7647,1837.06
function@_QMuv3dmix_modPuv3dmix2,266,0,0,266,0,8,266,0,266,0,8
function@_QMuv3dmix_modPuv3dmix2_tile,587,222,0,454,35,265,949387,426631,216998,49549.5,263802
function@_QMocean_control_modProms_initialize,0,0,0,0,0,6,0,0,0,0,38.4839
function@_QMocean_control_modProms_run,0,0,0,0,0,0,0,0,0,0,0
function@_QMocean_control_modProms_finalize,0,0,0,0,0,5,0,0,0,0,61.25
function@_QMstep2d_modPstep2d,588,0,0,588,0,10,588,0,588,0,10
function@_QMstep2d_modPstep2d_tile,4059,1860,0,2634,281,2030,93950.4,53968.5,27772.8,3028.43,35606.4
function@_QMmod_forcesPallocate_forces,203,24,0,51,15,42,201.5,24,48,12,40
function@_QMmod_forcesPinitialize_forces,43,10,0,19,3,59,53900.4,25395,13462.3,262.325,36688.4
function@_QMnf_fwrite2d_modPnf_fwrite2d,73,30,0,54,4,52,711.861,750.556,475.222,31.8472,714.431
function@_QMu3dbc_modPu3dbc,24,0,0,24,0,2,24,0,24,0,2
function@_QMu3dbc_modPu3dbc_tile,48,24,0,45,0,49,1002.21,2426.96,858.37,0,1486.09
function@def_his_,111,32,0,53,5,80,47.1875,38.4375,40.336,3.49618e-07,107.089
function@_QMmetrics_modPmetrics,383,0,0,383,0,8,383,0,383,0,8
function@_QMmetrics_modPmetrics_tile,1594,448,0,761,345,447,69099.9,51526.8,18764.8,3163.49,52918.2
function@_QMt3dbc_modPt3dbc,30,0,0,30,0,2,30,0,30,0,2
function@_QMt3dbc_modPt3dbc_tile,59,30,0,54,0,33,1912.62,2641.8,1073.93,0,651.914
function@set_weights_,60,15,0,32,21,87,6638.59,1649.34,378.781,1371.47,6637.34
function@_QMnf_fwrite4d_modPnf_fwrite4d,117,41,0,88,8,69,388725,257445,236979,12718,138889
function@_QMwvelocity_modPwvelocity,181,0,0,181,0,10,181,0,181,0,10
function@_QMwvelocity_modPwvelocity_tile,818,367,0,476,85,306,469445,286874,122886,6634.64,175524
function@_QMbulk_flux_modPbulk_flux,272,1,0,273,0,9,272,1,273,0,9
function@_QMbulk_flux_modPbulk_flux_tile,1158,169,0,319,426,321,753864,24101.4,24129,304996,88220.1
function@_QMbulk_flux_modPbulk_psiu,22,0,0,0,14,3,11,0,0,7,1.25
function@_QMbulk_flux_modPbulk_psit,15,0,0,0,10,2,7.5,0,0,5.5,0.75
function@_QMnf_fwrite3d_modPnf_fwrite3d,99,38,0,80,4,55,19497.2,12748.9,12013.9,640.048,7214.22
function@get_state_,105,18,0,113,16,71,3.50627,1.15255,2.11924,1.14196,9.80877
function@_QMutility_modPnrng,28,5,0,13,11,13,21.9432,7.7326,11.869,6.17766,8.41392
function@_QMutility_modPurng,8,3,0,6,0,22,12.7654,9.44444,0.851852,0,63.2593
function@checkadj_,0,4,0,4,0,22,0,4,4,0,20
function@_QManalytical_modPana_btflux,18,0,0,18,0,2,18,0,18,0,2
function@_QManalytical_modPana_btflux_tile,47,31,0,52,0,78,239.074,1670.88,309.607,0,1780.01
function@_QManalytical_modPana_cloud,12,0,0,12,0,4,12,0,12,0,4
function@_QManalytical_modPana_cloud_tile,32,13,0,29,1,37,240.65,999.175,210,0.2,1534.1
function@_QManalytical_modPana_grid,194,0,0,194,0,8,194,0,194,0,8
function@_QManalytical_modPana_grid_tile,725,249,0,440,123,307,21946.1,17339,8352.73,928.227,13558.9
function@_QManalytical_modPana_humid,12,0,0,12,0,4,12,0,12,0,4
function@_QManalytical_modPana_humid_tile,32,13,0,29,1,37,240.65,999.175,210,0.2,1534.1
function@_QManalytical_modPana_initial,155,0,0,155,0,4,77.5,0,77.5,0,3.5
function@_QManalytical_modPana_nlminitial_tile,254,91,0,176,10,190,88943.4,79425.1,24711.5,16641.9,79728.2
function@_QManalytical_modPana_pair,12,0,0,12,0,4,12,0,12,0,4
function@_QManalytical_modPana_pair_tile,32,13,0,29,1,37,240.65,999.175,210,0.2,1534.1
function@_QManalytical_modPana_rain,12,0,0,12,0,4,12,0,12,0,4
function@_QManalytical_modPana_rain_tile,32,13,0,29,1,37,240.65,999.175,210,0.2,1534.1
function@_QManalytical_modPana_srflux,78,0,0,78,0,5,78,0,78,0,5
function@_QManalytical_modPana_srflux_tile,227,32,0,79,85,63,11193.3,2571.02,592.05,4302.85,3681.83
function@_QManalytical_modPana_stflux,18,0,0,18,0,4,18,0,18,0,4
function@_QManalytical_modPana_stflux_tile,53,30,0,55,0,68,392.828,1520.43,162,0,1477.57
function@_QManalytical_modPana_tair,12,0,0,12,0,4,12,0,12,0,4
function@_QManalytical_modPana_tair_tile,32,13,0,29,1,37,240.65,999.175,210,0.2,1534.1
function@_QManalytical_modPana_winds,38,0,0,38,0,5,38,0,38,0,5
function@_QManalytical_modPana_winds_tile,69,29,0,50,12,54,2466.92,2764.65,860.9,326.775,1810.28
function@_QMbc_bry3d_modPbc_r3d_bry_tile,86,70,0,88,0,188,107.931,153.882,61.8726,0,149.696
function@_QMbc_bry3d_modPbc_u3d_bry_tile,109,72,0,108,0,188,133.127,163.745,76.4804,0,162.559
function@_QMbc_bry3d_modPbc_v3d_bry_tile,98,78,0,107,0,193,127.745,169.02,73.5784,0,158.353
function@get_data_,0,0,0,0,0,0,0,0,0,0,0
function@_QMstep3d_t_modPstep3d_t,162,0,0,162,0,9,162,0,162,0,9
function@_QMstep3d_t_modPstep3d_t_tile,1411,727,0,885,123,714,1.98749e+07,1.40705e+07,6.53015e+06,836605,9.79556e+06
function@_QMlmd_skpp_modPlmd_skpp,368,0,0,368,0,11,368,0,368,0,11
function@_QMlmd_skpp_modPlmd_skpp_tile,2537,1007,0,1469,309,940,1.04414e+06,512525,243811,97889.9,328484
function@_QMnf_fread4d_modPnf_fread4d,118,45,0,91,21,56,127643,102561,66868,17635.8,56860
function@wclock_on_,0,0,0,0,0,1,0,0,0,0,12.1429
function@wclock_off_,2,0,0,0,2,1,1.09524,0,0,1.09524,0.714286
function@mod_arrays_,0,2,0,2,0,6,0,42.5,42.5,0,45.1667
function@_QMinterpolate_modPlinterp2d,5,8,0,13,2,19,852.188,1624.75,879.125,32.375,1726.44
function@_QMinterpolate_modPcinterp2d,151,20,0,20,75,49,29652.3,4024.75,2209.25,14819.9,7770.88
function@_QMinterpolate_modPhindices,101,15,0,44,27,51,13227.7,890.824,4154.56,870,9365.82
function@_QMinterpolate_modPtry_range,215,100,0,114,20,134,481.595,505.449,236.451,2.75824,301.197
function@_QMinterpolate_modPinside,21,3,0,10,8,20,248.826,6.84884,17.2093,66.5116,371.884
function@_QMbc_3d_modPbc_r3d_tile,126,52,0,101,3,80,1092.19,1570.44,563.765,50.642,1459.95
function@_QMbc_3d_modPbc_u3d_tile,83,36,0,77,0,68,1521.68,1364.46,486.346,0,1319.62
function@_QMbc_3d_modPbc_v3d_tile,85,31,0,70,3,63,240.161,1003.69,216.802,6.39506,1494.8
function@_QMbc_3d_modPbc_w3d_tile,126,52,0,101,3,80,1092.19,1570.44,563.765,50.642,1459.95
function@wrt_his_,377,77,0,395,13,114,47.4305,34.512,20.7312,0.181418,35.0691
function@_QMmod_couplingPallocate_coupling,95,16,0,28,7,23,93,16,25.5,5.5,22
function@_QMmod_couplingPinitialize_coupling,19,5,0,14,0,31,2291.38,1023.88,847.55,0,3313.68
function@_QMnf_fwrite2d_bry_modPnf_fwrite2d_bry,124,47,0,81,6,49,31307.1,20082.8,16959.9,2129.84,15744.1
function@_QMwhite_noise_modPwhite_noise1d,89,41,0,54,25,103,57.5358,107.344,53.6393,11.8119,144.945
function@_QMwhite_noise_modPwhite_noise2d,120,46,0,76,22,114,1962.39,968.825,380.694,629.775,3093.45
function@_QMwhite_noise_modPwhite_noise2d_bry,91,47,0,63,28,107,66.1832,111.924,56.4055,11.9161,159.4
function@_QMwhite_noise_modPwhite_noise3d,152,76,0,131,29,164,29704.8,29170.2,8612.96,5009.85,57038.4
function@_QMwhite_noise_modPwhite_noise3d_bry,134,73,0,108,25,146,1790.55,1978.04,915.25,254.842,2942.13
function@get_ngfld_,66,34,0,61,21,81,64.7906,30.0366,66.3094,3.48091,150.215
function@regrid_,37,47,0,33,6,48,813.891,433.234,245.508,5.92969,417.781
function@_QMv3dbc_modPv3dbc,24,0,0,24,0,2,24,0,24,0,2
function@_QMv3dbc_modPv3dbc_tile,46,16,0,36,0,42,900.457,1024.44,48.8642,0,1282.3
function@_QMstate_dotprod_modPstate_dotprod,217,106,0,200,13,142,856187,1.02083e+06,386528,93.425,662817
function@get_bounds_,0,0,0,0,0,0,0,0,0,0,0
function@get_domain_,0,0,0,0,0,1,0,0,0,0,0.0705882
function@get_iobounds_,0,0,0,0,0,0,0,0,0,0,0
function@get_tile_,3,0,0,3,0,7,1.92,0,2.28,0,3.56
function@tile_bounds_1d_,0,0,0,0,0,2,0,0,0,0,0.75
function@tile_bounds_2d_,1,0,0,1,0,6,1,0,1,0,5
function@var_bounds_,0,0,0,0,0,0,0,0,0,0,0
function@_QMset_massflux_modPset_massflux,134,0,0,134,0,4,134,0,134,0,4
function@_QMset_massflux_modPset_massflux_tile,110,63,0,118,2,80,126457,139821,34968.9,1.33333,82143.4
function@_QMzetabc_modPzetabc,18,0,0,18,0,2,18,0,18,0,2
function@_QMzetabc_modPzetabc_tile,31,20,0,36,0,46,60.9804,90.3137,44.6667,0,75.7451
function@_QMbc_2d_modPbc_r2d_tile,98,42,0,51,6,79,42.4915,83.8557,41.0636,1.3154,87.9853
function@_QMbc_2d_modPbc_u2d_tile,45,18,0,36,1,57,72,66.6274,31.4118,0.156863,91.3333
function@_QMbc_2d_modPbc_v2d_tile,50,26,0,30,3,70,27.5501,43.1907,13.4841,0.227384,92.1467
function@_QMnf_fread2d_modPnf_fread2d,519,70,0,365,13,180,197.299,191.645,115.458,35.8153,227.421
function@_QMv2dbc_modPv2dbc,18,0,0,18,0,2,18,0,18,0,2
function@_QMv2dbc_modPv2dbc_tile,18,18,0,17,0,42,24.3529,70.6274,7.96078,0,98.0784
function@_QMrhs3d_modPrhs3d,380,0,0,380,0,8,380,0,380,0,8
function@_QMrhs3d_modPrhs3d_tile,2988,1393,0,1913,298,1129,1.80557e+06,1.07986e+06,652088,62910.2,661083
function@def_rst_,0,0,0,0,0,1,0,0,0,0,1
function@_QMmod_paramPinitialize_param,0,0,0,0,0,0,0,0,0,0,0
function@_QMset_2dfld_modPset_2dfld_tile,225,89,0,157,9,172,749.395,1413.47,481.954,30.7268,1479.45
function@_QMrho_eos_modPrho_eos,209,0,0,209,0,8,209,0,209,0,8
function@_QMrho_eos_modPrho_eos_tile,1597,324,0,371,697,443,2.40595e+06,271432,137537,1.29895e+06,451026
function@_QMstiffness_modPstiffness,50,0,0,50,0,2,50,0,50,0,2
function@_QMstiffness_modPstiffness_tile,182,56,0,123,6,167,119088,65772.2,19707.9,501.908,149213
function@_QMprsgrd_modPprsgrd,155,0,0,155,0,6,155,0,155,0,6
function@_QMprsgrd_modPprsgrd_tile,1108,458,0,642,175,491,1.27655e+06,511432,297587,289542,521466
function@_QMu2dbc_modPu2dbc,18,0,0,18,0,2,18,0,18,0,2
function@_QMu2dbc_modPu2dbc_tile,30,22,0,35,0,42,60.1373,90.6275,44.9412,0,59.1765
function@def_info_,18,4,0,11,0,109,26.2502,14.2969,35.6875,0,329.846
function@_QMstate_scale_modPstate_scale,134,63,0,120,1,100,714364,1.04479e+06,482193,0.625,715313
function@_QMmod_ncparamPinitialize_ncparam,433,86,0,167,45,484,2261.02,1673.15,1842.99,80.5747,4077.39
function@_QMmod_scalarsPinitialize_scalars,56,39,0,59,7,73,181.333,447.471,167.961,3.56863,484.392
function@_QMnf_fread2d_bry_modPnf_fread2d_bry,68,44,0,60,7,58,25918,17500.9,8097.07,3361.97,24587.5
function@_QMstate_addition_modPstate_addition,149,102,0,152,3,104,1.0438e+06,1.85652e+06,492847,1.425,728805
function@wrt_rst_,126,41,0,164,11,42,3.15173,2.80715,5.90458,0.0379846,2.81783
function@_QMomega_modPomega,76,0,0,76,0,6,76,0,76,0,6
function@_QMomega_modPomega_tile,316,167,0,215,22,142,152180,127972,58777.4,987.4,73552
function@_QMomega_modPscale_omega,102,43,0,87,4,65,54962.8,56879,11224.2,504.062,35890.2
function@_QMextract_sta_modPextract_sta2d,110,58,0,69,22,89,269.471,89.0784,44.9804,102.667,210.627
function@_QMextract_sta_modPextract_sta3d,640,213,0,419,96,334,676.596,243.422,317.296,122.906,415.277
function@checkerror_,1,0,0,1,0,2,1,0,1,0,0.857143
function@output_,0,1,0,1,0,6,0,0.118321,0.118321,0,4.4542
function@_QMexchange_3d_modPexchange_p3d_tile,54,41,0,66,0,64,1507.62,3264.28,1185.83,0,1894.19
function@_QMexchange_3d_modPexchange_r3d_tile,54,41,0,66,0,64,1507.62,3264.28,1185.83,0,1894.19
function@_QMexchange_3d_modPexchange_u3d_tile,54,41,0,66,0,64,1507.62,3264.28,1185.83,0,1894.19
function@_QMexchange_3d_modPexchange_v3d_tile,54,41,0,66,0,64,1507.62,3264.28,1185.83,0,1894.19
function@_QMexchange_3d_modPexchange_w3d_tile,54,41,0,66,0,64,1507.62,3264.28,1185.83,0,1894.19
function@get_date_,0,1,0,1,0,3,0,1,1,0,3
function@day_code_,51,24,0,44,30,24,324.64,18.24,322.4,10.28,97.6
function@caldate_,10,0,0,0,7,16,2.2346,0,0,1.36364,2.13783
function@ref_att_,5,3,0,3,4,5,5,3,3,4,4
function@time_string_,0,1,0,1,0,7,0,1,1,0,7
function@_QMset_vbc_modPset_vbc,147,0,0,147,0,4,147,0,147,0,4
function@_QMset_vbc_modPset_vbc_tile,120,96,0,151,0,119,10419.8,16076.8,6477.25,0,8505.8
function@_QMset_depth_modPset_depth,84,0,0,84,0,5,84,0,84,0,5
function@_QMset_depth_modPset_depth_tile,358,141,0,212,64,167,92387.1,50366.3,21258,4499.25,33530.1
function@_QMstate_product_modPstate_product,358,165,0,290,14,210,1.16802e+06,1.4034e+06,406761,31867.5,982584
function@_QMstrings_modPfind_string,2,1,0,3,0,2,19.6154,10.1538,20.9231,0,19.9615
function@_QMstrings_modPlowercase,2,0,0,2,0,11,13.4375,0,20.9375,0,85.25
function@_QMstrings_modPuppercase,2,0,0,2,0,11,13.4375,0,20.9375,0,85.25
function@_QMstep3d_uv_modPstep3d_uv,358,0,0,358,0,10,358,0,358,0,10
function@_QMstep3d_uv_modPstep3d_uv_tile,2545,1241,0,1224,327,961,1.43997e+06,995413,480966,26953.8,572350
function@ludcmp_,95,35,0,63,21,70,15402.4,8134.87,9499.58,630.191,7351.94
function@_QMstate_copy_modPstate_copy,142,90,0,147,3,96,511928,1.61957e+06,266593,1.425,712148
function@ran1_s_,0,0,0,0,0,1,0,0,0,0,1
function@ran1_v_,0,0,0,0,0,1,0,0,0,0,1
function@_QMmod_parallelPinitialize_parallel,0,0,0,0,0,0,0,0,0,0,0
function@main3d_,47,3,0,49,4,162,233.274,232.061,464.99,1.56557,3050.08
function@_QMbc_bry2d_modPbc_r2d_bry_tile,6,4,0,2,0,17,1.40625,2,2,0,7.04688
function@_QMbc_bry2d_modPbc_u2d_bry_tile,7,8,0,4,0,28,1.64062,3.75,4,0,10.3906
function@_QMbc_bry2d_modPbc_v2d_bry_tile,6,8,0,3,0,20,2.09375,3.75,3,0,8.51562
function@_QMmod_oceanPallocate_ocean,226,17,0,69,22,55,223.5,17,66,17.5,53.5
function@_QMmod_oceanPinitialize_ocean,178,65,0,58,5,88,1.22062e+06,586926,386009,274.04,529097
