Comando: /home/mpvreal/Code/Faculdade/tcc/llvm/build/bin/llc --march=x86 --regalloc=greedy -o -
Heurística: div(cost,mul(area,degree))
function@flux_,26,0,0,8,0,14,26,0,8,0,14
function@flux_..omp_par.4,181,11,0,72,7,26,1.30679e+06,64669.3,242674,8015.5,82762.2
function@flux_..omp_par.3,77,16,0,42,4,23,27291.9,5631.5,4527.81,401.812,5694.94
function@flux_..omp_par.2,63,15,0,30,2,24,22482.8,4844.06,2874.69,1.25,7625.56
function@flux_..omp_par.1,314,98,0,90,197,49,492110,23853.3,90281.7,71503.8,77333.1
function@flux_..omp_par,63,15,0,30,2,24,22482.8,4844.06,2874.69,1.25,7625.56
function@_QQmain,0,2,0,2,0,28,0,2,2,0,26
function@jacobian_,5,0,0,0,3,0,5,0,0,3,0
function@jacobian_..omp_par,189,10,0,103,45,19,1.35614e+06,33419.4,258149,312013,58325.2
function@fill1_,0,0,0,0,0,1,0,0,0,0,1
function@fill1_..omp_par.1,13,5,0,17,2,3,2885.25,832.875,1265.94,1.25,800.5
function@fill1_..omp_par,19,9,0,21,2,7,29714.9,5183.31,9061.75,1.25,5600.94
function@shell_,71,25,0,41,8,74,354576,10867.9,15968.2,46.16,343732
function@shell_..omp_par.8,81,16,0,40,18,20,89176.2,26017.1,62101.7,13581,18012.6
function@shell_..omp_par.7,77,8,0,63,16,23,1.41389e+07,784820,2.65962e+06,3.58401e+06,1.3377e+06
function@shell_..omp_par.6,75,8,0,57,5,22,4.51106e+08,3.27764e+07,5.81623e+07,8.19201e+06,6.58416e+07
function@shell_..omp_par.5,25,7,0,28,4,9,113666,16920.2,10366.2,16001.1,17482.5
function@shell_..omp_par.4,158,26,0,58,7,43,36986.7,13813.2,10202.2,188.75,8975.12
function@shell_..omp_par.3,26,5,0,28,1,15,62381.9,920.375,1870.19,0.625,50270.3
function@shell_..omp_par.2,57,27,0,40,11,22,74603.4,25895.9,10144.2,1212.75,25327.6
function@shell_..omp_par.1,10,7,0,10,1,5,610.438,414.938,32.125,0.625,365.375
function@shell_..omp_par,54,6,0,31,3,8,1.02658e+07,264682,801518,13.6875,544800
function@.omp.reduction.func,0,0,0,0,0,0,0,0,0,0,0
function@bi_cgstab_block_,44,1,0,9,4,17,522,1,9,18.4375,91.6875
function@bi_cgstab_block_..omp_par.12,15,8,0,22,1,21,107003,98682,19012.4,0.625,214797
function@bi_cgstab_block_..omp_par.11,79,31,0,43,32,15,1.36248e+06,382216,190489,262881,208689
function@bi_cgstab_block_..omp_par.10,20,8,0,25,1,28,272003,98682,21514,0.625,303874
function@bi_cgstab_block_..omp_par.9,43,14,0,33,14,21,383731,96582.4,37361,179762,227439
function@bi_cgstab_block_..omp_par.8,19,8,0,24,1,20,352003,98682,21513,0.625,209798
function@bi_cgstab_block_..omp_par.7,51,24,0,41,14,16,981387,366113,187988,27262.3,353064
function@bi_cgstab_block_..omp_par.6,19,8,0,24,1,20,352003,98682,21513,0.625,209798
function@bi_cgstab_block_..omp_par.5,22,7,0,25,3,10,1.15053e+06,18670.2,27526.5,263,336826
function@bi_cgstab_block_..omp_par,80,25,0,66,9,39,430445,152771,93678.8,14989.3,261979
function@mat_times_vec_,0,0,0,0,0,0,0,0,0,0,0
function@mat_times_vec_..omp_par,53,13,0,51,6,20,7.15163e+07,1.29739e+07,1.02716e+07,3.30026e+06,3.55809e+06
function@.omp.reduction.func,0,0,0,0,0,0,0,0,0,0,0
function@.omp.reduction.func.1,0,0,0,0,0,0,0,0,0,0,0
function@.omp.reduction.func.2,0,0,0,0,0,0,0,0,0,0,0
function@.omp.reduction.func.3,0,0,0,0,0,0,0,0,0,0,0
function@.omp.reduction.func.4,0,0,0,0,0,0,0,0,0,0,0
function@fill2_,0,0,0,0,0,0,0,0,0,0,0
function@fill2_..omp_par.1,8,5,0,12,3,4,885.562,832.875,851.312,13.6875,801.125
function@fill2_..omp_par,16,5,0,16,3,2,3705.06,832.875,1253.12,13.6875,400.562
