Comando: /home/mpvreal/Code/Faculdade/tcc/llvm/build/bin/llc --march=x86 --regalloc=basic -o -
Heurística: original
function@main,68,89,0,65,81,44,0.478423,0.607827,1.24919,5.07117,29.1657
function@SigIntHandler,0,0,0,0,0,0,0,0,0,0,0
function@Help,52,12,0,2,0,0,26.7812,8.625,2,0,0
function@x264_adaptive_quant_frame,63,47,0,31,25,26,872.214,612.802,398.053,306.16,432.187
function@x264_macroblock_tree_read,9,6,0,4,2,8,23.8285,14.5503,3.12064,5.86563,16.7233
function@x264_reference_build_list_optimal,4,5,0,2,11,7,82,224,6,102.5,249
function@x264_ratecontrol_init_reconfigurable,6,8,0,7,4,1,1.12171,1.49342,1.50329,0.592105,0.148026
function@x264_ratecontrol_new,133,56,0,28,29,36,357.376,321.904,5.91128,202.311,125.996
function@x264_strcat_filename,0,0,0,0,0,5,0,0,0,0,5
function@init_pass2,378,134,0,165,48,75,24993.3,15207.7,9154.43,1766.53,9865.19
function@clip_qscale,73,31,0,30,3,10,119.276,154.409,97.8559,32.528,5.67834
function@x264_ratecontrol_summary,0,1,0,2,0,0,0,0.154412,0.147059,0,0
function@x264_ratecontrol_delete,0,0,0,0,0,2,0,0,0,0,20.45
function@x264_ratecontrol_start,44,7,0,18,8,7,49.7263,3.70898,14.5494,16.7237,15.1644
function@rate_estimate_qscale,210,58,0,73,8,8,216.857,55.9382,61.1765,4.33517,3.97871
function@x264_ratecontrol_mb,26,16,0,27,4,15,11.5697,5.91587,3.26362,2.89103,6.41026
function@predict_row_size_sum,29,7,0,14,3,8,186.429,61.0714,71.9048,17.2381,34.5476
function@x264_ratecontrol_qp,0,0,0,0,0,0,0,0,0,0,0
function@x264_ratecontrol_mb_qp,0,0,0,0,0,0,0,0,0,0,0
function@x264_ratecontrol_slice_type,0,0,0,0,0,2,0,0,0,0,7.26471
function@x264_ratecontrol_set_weights,0,0,0,0,0,0,0,0,0,0,0
function@x264_ratecontrol_end,68,6,0,18,11,11,27.5769,0.81104,8.22138,2.18404,14.1392
function@x264_hrd_fullness,4,5,0,2,0,0,3,4.5,2,0,0
function@x264_threads_normalize_predictors,0,4,0,1,1,9,0,21.775,0.625,0.625,70.85
function@x264_threads_distribute_ratecontrol,46,29,0,17,10,26,718.257,412.045,213.306,48.9888,327.298
function@x264_threads_merge_ratecontrol,59,18,0,19,19,9,814.978,433.206,221.956,65.5441,334.301
function@x264_thread_sync_ratecontrol,0,0,0,0,0,0,0,0,0,0,0
function@x264_mb_encode_i4x4,0,0,0,0,0,6,0,0,0,0,2.48438
function@x264_mb_encode_i8x8,1,0,0,1,1,4,0.234375,0,1,0.234375,3.25
function@x264_mb_encode_8x8_chroma,50,28,0,23,23,20,458.215,233.176,134.456,148.789,112.94
function@x264_mb_optimize_chroma_dc,15,8,0,10,13,7,430.569,250.765,259.549,26.3137,92.2549
function@x264_predict_lossless_8x8_chroma,0,0,0,0,0,0,0,0,0,0,0
function@x264_predict_lossless_4x4,0,0,0,0,0,0,0,0,0,0,0
function@x264_predict_lossless_8x8,0,0,0,0,0,1,0,0,0,0,1
function@x264_predict_lossless_16x16,0,0,0,0,0,0,0,0,0,0,0
function@x264_macroblock_encode,23,95,0,22,18,47,5.42696,33.1632,10.0143,3.57206,28.8954
function@x264_macroblock_probe_skip,6,17,0,12,4,5,14.3312,33.1378,12.3702,10.3741,25.0396
function@x264_noise_reduction_update,33,34,0,14,5,18,62.9375,64.9375,11.5,4,79.875
function@x264_macroblock_encode_p8x8,30,49,0,21,24,15,9.38713,12.1258,10.6331,9.22452,2.45621
function@x264_macroblock_encode_p4x4,1,2,0,1,0,3,0.140625,0.46875,0.375,0,1
function@x264_lookahead_init,12,2,0,9,5,10,76.5606,8.20278,50.3893,14.8425,47.3989
function@x264_lookahead_delete,0,0,0,0,0,0,0,0,0,0,0
function@x264_lookahead_put_frame,0,0,0,0,0,0,0,0,0,0,0
function@x264_lookahead_is_empty,0,0,0,0,0,1,0,0,0,0,1
function@x264_lookahead_get_frames,0,0,0,0,0,0,0,0,0,0,0
function@x264_me_search_ref,1178,620,0,548,183,72,2654.37,1465.04,835.635,315.542,262.721
function@refine_subpel,311,146,0,77,30,7,255.529,134.469,67.551,29.5776,25.9077
function@x264_me_refine_qpel,0,0,0,0,0,0,0,0,0,0,0
function@x264_me_refine_qpel_refdupe,0,0,0,0,0,2,0,0,0,0,2
function@x264_me_refine_bidir_satd,0,0,0,0,0,0,0,0,0,0,0
function@x264_me_refine_bidir,155,89,0,53,45,19,1214.09,527.19,426.703,165.135,84.9235
function@x264_me_refine_bidir_rd,0,0,0,0,0,1,0,0,0,0,1
function@x264_me_refine_qpel_rd,168,167,0,121,34,13,47.4635,56.1653,38.3228,13.0848,6.66393
function@x264_sps_init,1,2,0,1,2,2,1,2,1,0.999203,2
function@x264_sps_write,1174,142,0,158,226,189,515.535,80.4646,66.3429,101.705,110.669
function@x264_pps_init,22,0,0,2,19,8,36.5412,0,0.494118,13.4118,64.1882
function@x264_pps_write,80,58,0,40,42,40,58.0536,47.8393,29.4821,31.1071,34.4286
function@scaling_list_write,98,25,0,16,12,13,111.382,23.4265,15.2206,9.26471,20.75
function@x264_sei_recovery_point_write,8,5,0,8,10,17,8,2.5,6,7.5,13.625
function@x264_sei_write_header,4,0,0,1,0,7,3.64,0,1,0,4.24
function@x264_sei_write,0,0,0,0,0,12,0,0,0,0,8.625
function@x264_sei_version_write,29,6,0,14,10,19,39.8765,16.6173,17.5309,14.9259,62.8148
function@x264_sei_buffering_period_write,24,7,0,15,6,17,18.8,7,12.4,4.96,11.48
function@x264_sei_pic_timing_write,15,5,0,7,3,6,11.04,3.28,5.16,2.2,4.28
function@x264_filler_write,0,0,0,0,0,8,0,0,0,0,42.9062
function@x264_validate_levels,7,8,0,7,0,5,5.5,4.71875,6.21875,0,3.09375
function@x264_encoder_open_96,14,15,0,11,16,22,0.763897,0.94983,0.515932,0.580896,4.07784
function@x264_validate_parameters,19,17,0,20,8,15,1.29474,1.17457,1.67712,0.806475,2.04711
function@x264_set_aspect_ratio,0,2,0,2,0,2,0,3.36914,6.64062,0,7.25
function@mbcmp_init,0,0,0,0,0,0,0,0,0,0,0
function@x264_encoder_reconfig,3,2,0,3,1,9,0.976471,1.36471,1.61176,0.364706,5.74118
function@x264_encoder_parameters,0,0,0,0,0,0,0,0,0,0,0
function@x264_encoder_headers,6,2,0,2,0,8,5.47573,2,2,0,4.27184
function@x264_nal_start,0,0,0,0,0,0,0,0,0,0,0
function@x264_nal_end,0,0,0,0,0,4,0,0,0,0,3.5
function@x264_encoder_encapsulate_nals,97,18,0,16,25,12,687.191,118.381,83.3571,111.31,134.452
function@x264_weighted_reference_duplicate,0,0,0,0,0,1,0,0,0,0,0.5
function@x264_encoder_intra_refresh,0,0,0,0,0,0,0,0,0,0,0
function@x264_encoder_encode,517,100,0,59,64,45,536.062,109.56,39.3218,21.4011,63.8973
function@x264_encoder_frame_end,62,28,0,42,17,50,415.699,29.5976,181.433,99.181,291.252
function@x264_reference_check_reorder,0,0,0,0,0,5,0,0,0,0,17.1905
function@x264_threaded_slices_write,213,17,0,13,7,36,4510.88,95.925,72.3,54.5,2940
function@x264_slices_write,1193,213,0,140,186,197,5755.32,1305.42,1032.08,1463.54,984.691
function@x264_slice_header_init,52,5,0,5,3,3,100.306,26.7588,16.1706,1.16471,26.0941
function@x264_fdec_filter_row,72,34,0,15,19,9,153.471,43.3039,21.5294,26.4608,10.1569
function@x264_encoder_close,356,274,0,375,49,23,116295,68828.7,80640.2,3885.72,14165.4
function@x264_encoder_delayed_frames,2,2,0,3,1,5,2,10.7742,1.96774,0.483871,35.9677
function@x264_macroblock_write_cavlc,193,58,0,76,75,108,69.1787,38.9206,34.8173,31.0627,58.3044
function@bs_write_ue,0,0,0,0,0,5,0,0,0,0,5
function@bs_write_te,0,0,0,0,0,4,0,0,0,0,2.5
function@cavlc_mb_mvd,4,0,0,2,0,8,4,0,2,0,6
function@block_residual_write_cavlc,100,30,0,24,14,17,289.375,105.5,51.25,52,44.75
function@block_residual_write_cavlc_escape,17,9,0,6,14,12,11.9606,5.97638,4.48819,10.1102,5.3937
function@x264_cabac_mb_skip,0,0,0,0,0,0,0,0,0,0,0
function@x264_macroblock_write_cabac,69,137,0,84,102,51,22.5095,66.3584,39.3484,43.7147,41.9669
function@x264_cabac_mb_ref,3,2,0,2,2,2,3,21.2857,2,20.9048,2
function@x264_cabac_mb_mvd,2,5,0,4,2,5,2,5,4,2,5
function@block_residual_write_cabac,20,26,0,12,9,9,181.297,591.897,71.6946,79.0681,45.5681
function@x264_cabac_mb_type_intra,0,0,0,0,0,3,0,0,0,0,2.24706
function@x264_cabac_mb_mvd_cpn,7,13,0,3,4,2,3.47059,15.6667,3,2.58824,6
function@x264_rd_cost_part,68,41,0,43,48,30,26.5581,2.516,14.5627,12.7983,14.3797
function@x264_rd_cost_mb,356,60,0,47,43,15,63.8955,8.30289,17.9362,7.31933,9.68425
function@ssd_plane,19,12,0,10,11,8,2.71978,2.17033,2.70879,2.68132,1.52198
function@x264_macroblock_size_cabac,891,134,0,96,117,94,375.453,46.0988,41.3866,25.7738,77.1291
function@x264_cabac_mb_ref,9,4,0,4,1,4,6.84,12.4,13.2,10.2,12.52
function@x264_cabac_mb8x8_mvd,20,27,0,19,16,10,4,5.4,4.6,3.2,2.8
function@x264_cabac_mb_mvd_cpn,31,12,0,11,16,5,17.6471,9.96078,12.3039,11.2255,7.15686
function@block_residual_write_cabac_internal,78,9,0,18,10,11,320.794,76.5556,108.476,38.9524,27.6984
function@cavlc_mb_mvd,0,0,0,0,0,2,0,0,0,0,2
function@cavlc_mb8x8_mvd,0,0,0,0,0,4,0,0,0,0,2.4
function@block_residual_write_cavlc,39,12,0,14,9,10,73.5625,31.875,30.125,29.9062,31.375
function@x264_macroblock_luma_write_cavlc,8,1,0,2,4,10,54.75,16,2,33,72.125
function@x264_rdo_init,33,9,0,18,28,19,4381,10350.9,63.75,1217.88,20765.6
function@x264_quant_dc_trellis,3,0,0,2,1,4,2,0,2,1,2
function@quant_trellis_cabac,224,40,0,61,52,31,16164.8,4675.49,1895.05,1524,7661
function@x264_quant_4x4_trellis,2,1,0,3,1,2,2,1,3,1,2
function@x264_quant_8x8_trellis,0,1,0,1,0,3,0,1,1,0,3
function@x264_analyse_init_costs,33,6,0,7,16,29,22.531,8.45599,7.92875,2.82649,24.9824
function@x264_analyse_free_costs,0,0,0,0,0,2,0,0,0,0,63.75
function@x264_analyse_weight_frame,13,6,0,10,4,1,6.54,10.18,2.72,1.12,9.92
function@x264_macroblock_analyse,392,229,0,246,90,102,633.843,221.978,202.462,79.6282,108.676
function@x264_mb_analyse_intra,206,54,0,34,22,22,2273.52,1806.32,152.383,133.246,502.847
function@x264_intra_rd,0,0,0,0,0,13,0,0,0,0,7.25
function@x264_intra_rd_refine,308,66,0,96,66,35,16751.8,5712.89,5255.59,2319.65,2326.19
function@x264_mb_analyse_init_qp,0,0,0,0,0,2,0,0,0,0,2
function@x264_mb_analyse_inter_p8x8_mixed_ref,61,21,0,23,6,8,25987.8,19250.8,12355.2,66.1343,5671.49
function@x264_mb_analyse_inter_p8x8,89,10,0,14,6,5,2164.67,230.333,171,100.429,162.381
function@x264_mb_cache_mv_p8x8,0,0,0,0,0,5,0,0,0,0,4.4
function@x264_mb_analyse_inter_p16x8,52,17,0,11,5,2,890.61,285.305,174.463,86.5579,2
function@x264_mb_analyse_inter_p8x16,75,8,0,11,2,4,1214.96,123.621,164.684,42.7789,65.3368
function@x264_mb_analyse_intra_chroma,6,3,0,3,0,5,16.75,8.625,5.65625,0,14.5
function@x264_mb_analyse_transform_rd,0,0,0,0,0,7,0,0,0,0,3.03846
function@x264_analyse_update_cache,0,0,0,0,0,38,0,0,0,0,4.82102
function@x264_mb_analyse_b_rd,0,0,0,0,0,23,0,0,0,0,7.4375
function@x264_mb_analyse_inter_b8x8_mixed_ref,58,31,0,26,10,12,9384.73,9760.73,1578.88,1419,3970
function@x264_mb_analyse_inter_b8x8,184,22,0,25,9,1,5578,704,614,195,32
function@x264_mb_analyse_inter_b16x8,65,25,0,25,6,4,644.151,300.698,228.746,65.0159,34.5079
function@x264_mb_analyse_inter_b8x16,53,41,0,15,4,14,617.651,503.873,204.175,47.7619,106.421
function@x264_refine_bidir,0,0,0,0,0,2,0,0,0,0,2
function@x264_rd_cost_i8x8_chroma,20,3,0,11,13,24,10.7891,1.78125,7.65259,5.4668,16.0708
function@x264_mb_analyse_inter_p4x4_chroma,56,53,0,16,7,2,25.625,19,9.625,4.375,1.33333
function@x264_mb_cache_mv_b8x8,28,2,0,6,3,5,8.69118,0.617647,3.23529,1.61765,4
function@x264_weight_plane_analyse,10,9,0,8,9,2,350.286,674.929,14.381,338.143,2
function@x264_weights_analyse,104,52,0,43,36,12,17304.6,21111.2,3766.49,6737.62,3157.93
function@x264_slicetype_frame_cost,39,5,0,13,5,12,240.233,211.777,7.76465,3.04297,215.423
function@x264_slicetype_mb_cost,185,58,0,47,29,25,203.242,100.469,90.5625,13.125,43.9219
function@x264_slicetype_analyse,184,146,0,79,77,57,16138,5308.28,6909.86,10970.2,4135.31
function@scenecut,16,10,0,9,2,9,329.1,237.825,112.925,204.75,132.875
function@scenecut_internal,13,7,0,9,1,5,9.21176,4.83529,7.98824,1,4.18824
function@x264_macroblock_tree_propagate,205,66,0,74,64,5,8141.31,3409.16,3016.17,2860.12,148.719
function@x264_slicetype_frame_cost_recalculate,17,2,0,7,3,3,3868.1,315.667,829.333,1219,128.952
function@x264_slicetype_decide,58,33,0,16,12,16,249.979,83.8957,106.631,36.2779,90.9299
function@x264_rc_analyse_slice,41,9,0,22,17,4,379.979,119.097,142.986,173.738,1.73103
function@mk_create_writer,1,0,0,1,1,4,1,0,0.241379,1,7.25287
function@mk_create_context,0,0,0,0,0,4,0,0,0,0,3.375
function@mk_writeHeader,142,4,0,3,3,52,11.6329,0.96909,0.837891,1.02667,26.3145
function@mk_write_uint,2,1,0,0,10,8,1.31738,0.625,0,2.31808,11.3594
function@mk_write_string,2,1,0,1,0,7,1,0.307692,1,0,11.9077
function@mk_close_context,10,5,0,2,0,4,1.67614,1.80114,1.23864,0,6.875
function@mk_flush_context_id,8,0,0,1,0,3,1.81538,0,0.384615,0,8.29231
function@mk_write_float,4,2,0,1,1,5,2.84375,11.3125,1,0.65625,41.4375
function@mk_write_bin,0,1,0,1,0,5,0,0.4,1,0,27.1
function@mk_flush_context_data,1,5,0,2,0,3,0.385321,2.08257,1.62385,0,8.25688
function@mk_write_id,41,1,0,3,1,4,9.14833,0.374536,3,1,15.9988
function@mk_write_size,47,0,0,5,2,6,5.17742,0,1.52493,0.3739,17.0117
function@mk_start_frame,0,0,0,0,0,1,0,0,0,0,1
function@mk_flush_frame,16,3,0,7,11,12,3.05567,1.31959,2.03093,2.47217,16.9155
function@mk_close_cluster,7,5,0,3,0,3,1.39521,3.19761,0.928144,0,4.4491
function@mk_set_frame_flags,0,0,0,0,0,1,0,0,0,0,1
function@mk_add_frame_data,0,0,0,0,0,3,0,0,0,0,10.5868
function@mk_close,5,4,0,3,2,9,1.44186,3.64186,1.13488,1.23256,56.1302
function@open_file,0,0,0,0,0,2,0,0,0,0,2
function@set_param,5,7,0,6,0,13,19.1471,34.7353,34.5,0,53.5294
function@write_headers,17,15,0,13,2,3,1.59958,2.24214,2.48113,0.247379,1.18763
function@write_frame,0,0,0,0,0,0,0,0,0,0,0
function@close_file,0,0,0,0,0,2,0,0,0,0,2
function@open_file,0,0,0,0,0,0,0,0,0,0,0
function@set_param,0,0,0,0,0,0,0,0,0,0,0
function@write_headers,0,0,0,0,0,1,0,0,0,0,1
function@write_frame,0,0,0,0,0,1,0,0,0,0,1
function@close_file,0,0,0,0,0,0,0,0,0,0,0
function@dbl2int,0,0,0,0,0,0,0,0,0,0,0
function@x264_put_byte,0,0,0,0,0,2,0,0,0,0,16.84
function@flv_append_data,0,0,0,0,0,2,0,0,0,0,16.7381
function@x264_put_be32,0,0,0,0,0,9,0,0,0,0,66.5238
function@x264_put_be64,0,0,0,0,0,0,0,0,0,0,0
function@x264_put_be16,2,0,0,1,0,4,1.61905,0,1,0,33.1667
function@x264_put_be24,0,0,0,0,0,7,0,0,0,0,50.0952
function@x264_put_tag,0,0,0,0,0,2,0,0,0,0,351.833
function@x264_put_amf_string,7,3,0,4,0,4,5.42857,18.0476,2.69048,0,49.2143
function@x264_put_amf_double,0,0,0,0,0,2,0,0,0,0,16.84
function@flv_create_writer,0,0,0,0,0,3,0,0,0,0,2.38235
function@rewrite_amf_be24,0,0,0,0,0,1,0,0,0,0,1
function@flv_flush_data,0,0,0,0,0,1,0,0,0,0,1
function@open_file,0,0,0,0,0,3,0,0,0,0,2.61765
function@set_param,40,0,0,1,0,0,38.8571,0,1,0,0
function@write_headers,1,2,0,2,0,1,0.619048,1.2381,1.61905,0,1
function@write_frame,27,9,0,14,2,1,20.4747,3.65438,9.02765,1.03687,1
function@close_file,3,5,0,3,2,2,1.875,2.89062,1.875,1.25,1.625
function@open_file,0,0,0,0,0,1,0,0,0,0,1
function@get_frame_total,0,0,0,0,0,0,0,0,0,0,0
function@read_frame,0,0,0,0,0,2,0,0,0,0,1.5
function@release_frame,0,0,0,0,0,0,0,0,0,0,0
function@close_file,0,0,0,0,0,0,0,0,0,0,0
function@open_file,1,2,0,1,2,1,1,1.95536,0.625,1.33929,1
function@get_frame_total,0,0,0,0,0,4,0,0,0,0,4
function@read_frame,1,3,0,2,1,6,0.5,1.5,1,0.5,4
function@close_file,0,0,0,0,0,0,0,0,0,0,0
function@open_file,195,115,0,60,36,46,143.521,275.94,56.8787,19.0605,143.27
function@get_frame_total,0,0,0,0,0,0,0,0,0,0,0
function@read_frame,0,0,0,0,0,3,0,0,0,0,3
function@release_frame,0,0,0,0,0,0,0,0,0,0,0
function@close_file,0,0,0,0,0,0,0,0,0,0,0
function@correct_fps,12,13,0,11,0,9,137.3,110.486,56.7714,0,52.1
function@try_mkv_timebase_den,11,2,0,6,3,11,175.227,19.8436,40.9005,19.8057,1485.68
function@open_file,11,11,0,4,2,7,8.40863,1.74405,1.65104,0.111607,13.5992
function@get_frame_total,0,0,0,0,0,7,0,0,0,0,7
function@read_frame,0,0,0,0,0,8,0,0,0,0,3.89284
function@close_file,0,0,0,0,0,0,0,0,0,0,0
function@x264_mdate,0,0,0,0,0,0,0,0,0,0,0
function@x264_pixel_ssd_wxh,80,24,0,47,49,18,4910.22,1221.94,2244.59,1915.29,1306.88
function@x264_pixel_ssim_wxh,37,13,0,26,8,8,9724.79,8858.21,863.397,5.04762,8712.25
function@x264_pixel_init,0,0,0,0,0,0,0,0,0,0,0
function@x264_pixel_sad_16x16,0,0,0,0,0,1,0,0,0,0,1
function@x264_pixel_sad_16x8,0,0,0,0,0,0,0,0,0,0,0
function@x264_pixel_sad_8x16,0,0,0,0,0,1,0,0,0,0,1
function@x264_pixel_sad_8x8,0,0,0,0,0,0,0,0,0,0,0
function@x264_pixel_sad_8x4,0,0,0,0,0,0,0,0,0,0,0
function@x264_pixel_sad_4x8,0,2,0,2,0,1,0,2,2,0,1
function@x264_pixel_sad_4x4,0,0,0,0,0,1,0,0,0,0,1
function@x264_pixel_sad_x3_16x16,0,0,0,0,0,0,0,0,0,0,0
function@x264_pixel_sad_x3_16x8,0,0,0,0,0,0,0,0,0,0,0
function@x264_pixel_sad_x3_8x16,0,0,0,0,0,0,0,0,0,0,0
function@x264_pixel_sad_x3_8x8,0,0,0,0,0,0,0,0,0,0,0
function@x264_pixel_sad_x3_8x4,0,0,0,0,0,0,0,0,0,0,0
function@x264_pixel_sad_x3_4x8,0,0,0,0,0,0,0,0,0,0,0
function@x264_pixel_sad_x3_4x4,29,15,0,24,12,42,29,15,24,12,42
function@x264_pixel_sad_x4_16x16,0,0,0,0,0,0,0,0,0,0,0
function@x264_pixel_sad_x4_16x8,0,0,0,0,0,0,0,0,0,0,0
function@x264_pixel_sad_x4_8x16,0,0,0,0,0,0,0,0,0,0,0
function@x264_pixel_sad_x4_8x8,0,0,0,0,0,0,0,0,0,0,0
function@x264_pixel_sad_x4_8x4,0,0,0,0,0,0,0,0,0,0,0
function@x264_pixel_sad_x4_4x8,0,0,0,0,0,0,0,0,0,0,0
function@x264_pixel_sad_x4_4x4,41,20,0,33,15,57,41,20,33,15,57
function@x264_pixel_ssd_16x16,0,0,0,0,0,1,0,0,0,0,1
function@x264_pixel_ssd_16x8,0,0,0,0,0,0,0,0,0,0,0
function@x264_pixel_ssd_8x16,0,0,0,0,0,1,0,0,0,0,1
function@x264_pixel_ssd_8x8,0,0,0,0,0,0,0,0,0,0,0
function@x264_pixel_ssd_8x4,0,0,0,0,0,0,0,0,0,0,0
function@x264_pixel_ssd_4x8,2,4,0,4,0,0,2,4,4,0,0
function@x264_pixel_ssd_4x4,0,0,0,0,0,1,0,0,0,0,1
function@x264_pixel_satd_16x16,9,5,0,12,0,2,9,5,12,0,2
function@x264_pixel_satd_16x8,0,2,0,2,0,1,0,2,2,0,1
function@x264_pixel_satd_8x16,0,2,0,2,0,1,0,2,2,0,1
function@x264_pixel_satd_8x8,0,0,0,0,0,1,0,0,0,0,1
function@x264_pixel_satd_8x4,59,16,0,32,61,27,59,16,32,61,27
function@x264_pixel_satd_4x8,0,0,0,0,0,1,0,0,0,0,1
function@x264_pixel_satd_4x4,0,0,0,0,0,1,0,0,0,0,1
function@x264_pixel_satd_x3_16x16,0,0,0,0,0,0,0,0,0,0,0
function@x264_pixel_satd_x3_16x8,0,8,0,4,0,7,0,8,4,0,7
function@x264_pixel_satd_x3_8x16,2,16,0,10,0,6,2,16,10,0,6
function@x264_pixel_satd_x3_8x8,0,0,0,0,0,3,0,0,0,0,3
function@x264_pixel_satd_x3_8x4,0,0,0,0,0,0,0,0,0,0,0
function@x264_pixel_satd_x3_4x8,0,0,0,0,0,3,0,0,0,0,3
function@x264_pixel_satd_x3_4x4,0,0,0,0,0,0,0,0,0,0,0
function@x264_pixel_satd_x4_16x16,0,0,0,0,0,0,0,0,0,0,0
function@x264_pixel_satd_x4_16x8,0,12,0,6,0,8,0,12,6,0,8
function@x264_pixel_satd_x4_8x16,3,21,0,12,0,9,3,21,12,0,9
function@x264_pixel_satd_x4_8x8,0,0,0,0,0,4,0,0,0,0,4
function@x264_pixel_satd_x4_8x4,0,0,0,0,0,0,0,0,0,0,0
function@x264_pixel_satd_x4_4x8,0,0,0,0,0,4,0,0,0,0,4
function@x264_pixel_satd_x4_4x4,0,0,0,0,0,0,0,0,0,0,0
function@x264_pixel_hadamard_ac_16x16,0,0,0,0,0,6,0,0,0,0,6
function@x264_pixel_hadamard_ac_16x8,0,0,0,0,0,6,0,0,0,0,6
function@x264_pixel_hadamard_ac_8x16,0,0,0,0,0,5,0,0,0,0,5
function@x264_pixel_hadamard_ac_8x8,0,0,0,0,0,0,0,0,0,0,0
function@x264_pixel_ads4,0,0,0,0,0,2,0,0,0,0,21.2857
function@x264_pixel_ads2,5,5,0,8,3,3,101.429,101.429,122.952,41.1905,41.5714
function@x264_pixel_ads1,1,0,0,1,0,3,20.2857,0,0.619048,0,41.5714
function@x264_pixel_sa8d_16x16,0,2,0,2,0,5,0,2,2,0,5
function@x264_pixel_sa8d_8x8,0,0,0,0,0,0,0,0,0,0,0
function@x264_pixel_var_16x16,0,0,0,0,2,5,0,0,0,32.875,128.5
function@x264_pixel_var_8x8,0,0,0,0,0,14,0,0,0,0,14
function@ssim_4x4x2_core,72,22,0,36,31,9,2295,701.25,1116.62,926.375,286.875
function@ssim_end4,19,6,0,11,3,2,385.429,121.714,203.476,60.8571,40.5714
function@pixel_var2_8x8,13,8,0,10,12,1,13,8,10,12,1
function@pixel_hadamard_ac,63,69,0,45,8,2,63,69,45,8,2
function@sa8d_8x8,4,6,0,5,0,3,4,5.99999,5,0,65
function@x264_frame_new,123,21,0,21,26,17,37.5449,8.31031,13.3845,13.8515,12.4158
function@x264_frame_delete,0,0,0,0,0,2,0,0,0,0,24.2857
function@x264_frame_copy_picture,17,26,0,16,4,5,2.90052,3.12565,2.82199,0.445026,0.52356
function@x264_frame_expand_border,130,100,0,25,40,22,3412.71,4134.35,98.1177,529.941,981.941
function@x264_frame_expand_border_filtered,500,228,0,137,26,25,15572,5509.14,1266.76,606.905,3459.29
function@x264_frame_expand_border_lowres,134,122,0,10,9,11,10161.2,5764.75,1030.75,561.625,2158.62
function@x264_frame_expand_border_mod16,4,16,0,5,8,2,43,1492.67,77.25,133.417,42.5
function@x264_frame_cond_broadcast,0,0,0,0,0,0,0,0,0,0,0
function@x264_frame_cond_wait,0,0,0,0,0,0,0,0,0,0,0
function@x264_frame_push,0,0,0,0,0,1,0,0,0,0,31.875
function@x264_frame_pop,0,0,0,0,0,2,0,0,0,0,32.875
function@x264_frame_unshift,4,2,0,3,8,6,42.6176,13.1471,1.52941,37.7059,78
function@x264_frame_shift,0,0,0,0,0,1,0,0,0,0,0.666667
function@x264_frame_push_unused,0,0,0,0,0,1,0,0,0,0,12.1429
function@x264_frame_pop_unused,0,0,0,0,0,3,0,0,0,0,21.6667
function@x264_frame_push_blank_unused,0,0,0,0,0,1,0,0,0,0,12.1429
function@x264_frame_pop_blank_unused,0,0,0,0,0,3,0,0,0,0,21.6667
function@x264_frame_sort,5,1,0,2,6,0,216.167,10.8333,130.667,461.667,0
function@x264_weight_scale_plane,3,5,0,6,2,0,435.05,63.75,27.7,0.8,0
function@x264_frame_delete_list,0,0,0,0,0,0,0,0,0,0,0
function@x264_synch_frame_list_init,0,0,0,0,0,1,0,0,0,0,1
function@x264_synch_frame_list_delete,0,0,0,0,0,0,0,0,0,0,0
function@x264_synch_frame_list_push,0,0,0,0,0,0,0,0,0,0,0
function@x264_macroblock_cache_mv_4_4,0,0,0,0,0,0,0,0,0,0,0
function@x264_macroblock_cache_mv_2_4,0,0,0,0,0,0,0,0,0,0,0
function@x264_macroblock_cache_mv_4_2,0,0,0,0,0,0,0,0,0,0,0
function@x264_macroblock_cache_mv_2_2,0,0,0,0,0,0,0,0,0,0,0
function@x264_macroblock_cache_mv_2_1,0,0,0,0,0,0,0,0,0,0,0
function@x264_macroblock_cache_mv_1_2,0,0,0,0,0,0,0,0,0,0,0
function@x264_macroblock_cache_mv_1_1,0,0,0,0,0,0,0,0,0,0,0
function@x264_macroblock_cache_mvd_4_4,0,0,0,0,0,1,0,0,0,0,1
function@x264_macroblock_cache_mvd_2_4,0,0,0,0,0,1,0,0,0,0,1
function@x264_macroblock_cache_mvd_4_2,0,0,0,0,0,1,0,0,0,0,1
function@x264_macroblock_cache_mvd_2_2,0,0,0,0,0,1,0,0,0,0,1
function@x264_macroblock_cache_mvd_2_1,0,0,0,0,0,1,0,0,0,0,1
function@x264_macroblock_cache_mvd_1_2,0,0,0,0,0,0,0,0,0,0,0
function@x264_macroblock_cache_mvd_1_1,0,0,0,0,0,0,0,0,0,0,0
function@x264_macroblock_cache_ref_4_4,0,0,0,0,0,0,0,0,0,0,0
function@x264_macroblock_cache_ref_2_4,0,0,0,0,0,1,0,0,0,0,1
function@x264_macroblock_cache_ref_4_2,0,0,0,0,0,0,0,0,0,0,0
function@x264_macroblock_cache_ref_2_2,0,0,0,0,0,1,0,0,0,0,1
function@x264_macroblock_cache_ref_2_1,0,0,0,0,0,1,0,0,0,0,1
function@x264_macroblock_cache_ref_1_2,0,0,0,0,0,0,0,0,0,0,0
function@x264_macroblock_cache_ref_1_1,0,0,0,0,0,0,0,0,0,0,0
function@x264_mb_mc_8x8,2,0,0,1,1,23,0.150943,0,0.0754717,0.0754717,3.45283
function@x264_mb_mc_0xywh,13,14,0,12,3,3,12.2381,13.2381,12,2.61905,3
function@x264_mb_mc_01xywh,34,25,0,25,4,1,33.625,25,24.625,4,1
function@x264_mb_mc_1xywh,10,6,0,7,3,1,10,6,7,3,1
function@x264_mb_mc,0,0,0,0,0,15,0,0,0,0,0.600733
function@x264_macroblock_cache_allocate,18,3,0,9,16,8,2.81308,0.0889921,1.11276,0.238921,1.40547
function@x264_macroblock_cache_free,0,0,0,0,0,0,0,0,0,0,0
function@x264_macroblock_thread_allocate,0,0,0,0,0,7,0,0,0,0,8.16279
function@x264_macroblock_thread_free,1,0,0,0,2,2,7.5,0,0,7.73529,15
function@x264_macroblock_slice_init,25,12,0,7,3,19,121.074,74.4853,5,7.45588,253.882
function@x264_macroblock_thread_init,0,0,0,0,0,0,0,0,0,0,0
function@x264_prefetch_fenc,0,0,0,0,0,2,0,0,0,0,2
function@x264_macroblock_cache_load,132,31,0,41,34,15,606.074,161.52,103.074,51.152,35.7059
function@x264_macroblock_load_pic_pointers,103,24,0,38,17,18,420.027,76.4219,142.535,49.0625,153.793
function@x264_macroblock_cache_load_neighbours_deblock,0,0,0,0,0,0,0,0,0,0,0
function@x264_macroblock_cache_load_deblock,60,9,0,22,5,7,37.5168,1.6422,6.53823,1.14067,2.8318
function@x264_macroblock_cache_save,74,7,0,20,2,8,40.3873,6.5,18.6225,2,6.2598
function@x264_macroblock_bipred_init,14,19,0,9,13,7,43072.9,71633.5,10626.3,18968.9,44039.8
function@x264_frame_deblock_row,278,114,0,119,52,45,1514.71,700.04,756.434,343.206,153.083
function@x264_deblock_init,0,0,0,0,0,0,0,0,0,0,0
function@deblock_v_luma_c,0,0,0,0,0,0,0,0,0,0,0
function@deblock_h_luma_c,0,0,0,0,0,0,0,0,0,0,0
function@deblock_v_chroma_c,0,0,0,0,0,0,0,0,0,0,0
function@deblock_h_chroma_c,0,0,0,0,0,0,0,0,0,0,0
function@deblock_v_luma_intra_c,0,0,0,0,0,0,0,0,0,0,0
function@deblock_h_luma_intra_c,0,0,0,0,0,0,0,0,0,0,0
function@deblock_v_chroma_intra_c,0,0,0,0,0,0,0,0,0,0,0
function@deblock_h_chroma_intra_c,0,0,0,0,0,0,0,0,0,0,0
function@deblock_strength_c,62,16,0,25,11,31,8711.22,2255.08,3307.54,199.324,1531.78
function@deblock_luma_c,35,21,0,22,11,7,3494,2296.38,2377.88,1495.12,752.25
function@deblock_chroma_c,37,28,0,23,8,6,284.625,188,209.25,53.75,81.25
function@deblock_luma_intra_c,76,16,0,30,13,0,325.125,151.625,216.25,82.5,0
function@deblock_chroma_intra_c,37,13,0,12,8,35,15.25,5.625,7.75,3.375,20
function@x264_cqm_init,218,102,0,100,48,76,323.864,209.259,113.663,21.6972,123.909
function@x264_cqm_delete,0,0,0,0,0,0,0,0,0,0,0
function@x264_cqm_parse_file,0,0,0,0,0,16,0,0,0,0,22.7143
function@x264_cqm_parse_jmlist,3,5,0,3,8,4,0.877733,1.52088,1.63068,0.931279,2.4378
function@x264_cpu_detect,0,0,0,0,0,0,0,0,0,0,0
function@x264_cpu_num_processors,0,0,0,0,0,0,0,0,0,0,0
function@spec_strdup,0,0,0,0,0,4,0,0,0,0,4
function@x264_param_default,0,0,0,0,0,0,0,0,0,0,0
function@x264_log_default,0,0,0,0,0,0,0,0,0,0,0
function@x264_param_default_preset,1,0,0,0,4,6,1,0,0,1.23795,10.2341
function@x264_log,0,0,0,0,0,0,0,0,0,0,0
function@x264_malloc,0,0,0,0,0,4,0,0,0,0,3.61905
function@x264_free,0,0,0,0,0,0,0,0,0,0,0
function@x264_param_apply_fastfirstpass,0,0,0,0,0,0,0,0,0,0,0
function@x264_param_apply_profile,0,0,0,0,0,1,0,0,0,0,1
function@x264_param_parse,80,283,0,10,142,20,5.86142,13.7859,4.27515,3.51023,4.25867
function@x264_atobool,0,0,0,0,0,3,0,0,0,0,3
function@parse_enum,0,1,0,1,0,2,0,10.1538,1,0,2
function@parse_cqm,3,2,0,4,1,4,6.50353,5.84212,7.17014,0.5,12.8351
function@x264_picture_alloc,0,0,0,0,0,4,0,0,0,0,3.2381
function@x264_picture_clean,0,0,0,0,0,0,0,0,0,0,0
function@x264_nal_encode,2,5,0,4,5,4,40.5714,72,46.619,36.7143,26.9524
function@x264_reduce_fraction,0,0,0,0,0,6,0,0,0,0,31.5952
function@x264_slurp_file,3,3,0,4,2,6,1.36697,0.357798,0.669725,1.22936,2.75229
function@x264_param2string,4,2,0,1,3,40,2.87129,0.772277,0.623762,1.62376,23.2079
function@x264_plane_copy_c,2,2,0,4,4,0,12.9118,12.9118,1.61765,23.5588,0
function@x264_frame_init_lowres,52,24,0,13,21,19,2118.42,235.735,343.946,236.853,1574.63
function@x264_mc_init,0,0,0,0,0,0,0,0,0,0,0
function@mc_luma,81,49,0,60,38,32,864.511,259.361,67.4077,46.6738,725.446
function@get_ref,97,51,0,71,45,28,1314.47,280.42,83.6933,71.4691,727.255
function@mc_chroma,21,17,0,13,13,5,1454.6,2280.55,29.9,29.9,932.7
function@pixel_avg_16x16,0,0,0,0,0,1,0,0,0,0,0.5
function@pixel_avg_16x8,0,0,0,0,0,1,0,0,0,0,0.5
function@pixel_avg_8x16,0,0,0,0,0,1,0,0,0,0,0.5
function@pixel_avg_8x8,0,0,0,0,0,1,0,0,0,0,0.5
function@pixel_avg_8x4,17,0,0,2,0,0,8.5,0,1,0,0
function@pixel_avg_4x8,36,7,0,10,4,1,126.062,111.562,51.8125,17.4375,15.9375
function@pixel_avg_4x4,37,19,0,12,2,13,18.5,9.5,6,1,6.5
function@pixel_avg_4x2,4,9,0,3,2,7,2,4.5,1.5,1,3.5
function@pixel_avg_2x4,17,9,0,8,2,7,8.5,4.5,4,1,3.5
function@pixel_avg_2x2,4,5,0,3,2,3,2,2.5,1.5,1,1.5
function@x264_weight_cache,0,0,0,0,0,0,0,0,0,0,0
function@mc_copy_w16,0,0,0,0,0,1,0,0,0,0,0.64
function@mc_copy_w8,0,1,0,1,2,0,0,0.64,0.64,13.4,0
function@mc_copy_w4,16,1,0,9,3,0,168.32,0.64,75.24,23.6,0
function@hpel_filter,209,67,0,63,52,26,6568.61,1450.06,514.754,244.36,2155.43
function@prefetch_fenc_null,0,0,0,0,0,0,0,0,0,0,0
function@prefetch_ref_null,0,0,0,0,0,0,0,0,0,0,0
function@memzero_aligned,0,0,0,0,0,0,0,0,0,0,0
function@frame_init_lowres_core,78,43,0,32,59,2,3966.49,368.675,1891.02,1718.05,450.001
function@integral_init4h,10,3,0,2,4,2,56.5312,8.96875,0.75,8.96875,15.9375
function@integral_init8h,10,3,0,2,4,2,56.5312,8.96875,0.75,8.96875,15.9375
function@integral_init4v,20,22,0,8,18,13,11.6074,16.4375,3.28516,6.78906,17.7422
function@integral_init8v,6,9,0,4,4,6,1.43137,8.70588,1.53726,1.7098,11.7294
function@mbtree_propagate_cost,1,2,0,1,0,2,21.25,42.5,21.25,0,42.5
function@pixel_avg_weight_wxh,35,37,0,20,8,2,193.16,213.56,94.12,42.72,11.2
function@mc_weight_w2,4,0,0,1,4,4,40.0588,0,1,20.6471,50.1176
function@mc_weight_w4,8,0,0,1,4,8,80.1176,0,1,20.6471,100.235
function@mc_weight_w8,16,0,0,1,4,16,160.235,0,1,20.6471,200.471
function@mc_weight_w12,24,0,0,1,4,24,240.353,0,1,20.6471,300.706
function@mc_weight_w16,32,0,0,1,4,32,320.471,0,1,20.6471,400.941
function@mc_weight_w20,44,3,0,7,7,3,340.059,37.5882,18.7647,33.7941,602.294
function@x264_frame_filter,17,15,0,10,10,5,16.4853,41.4853,12.4559,15.5882,10.1176
function@x264_dct_init,0,0,0,0,0,0,0,0,0,0,0
function@sub4x4_dct,62,14,0,36,27,0,62,14,36,27,0
function@add4x4_idct,6,8,0,8,1,6,6,8,8,1,6
function@sub8x8_dct,0,0,0,0,0,0,0,0,0,0,0
function@sub8x8_dct_dc,2,10,0,10,8,0,2,10,10,8,0
function@add8x8_idct,0,0,0,0,0,0,0,0,0,0,0
function@add8x8_idct_dc,0,0,0,0,0,2,0,0,0,0,2
function@sub16x16_dct,0,0,0,0,0,0,0,0,0,0,0
function@add16x16_idct,0,0,0,0,0,0,0,0,0,0,0
function@add16x16_idct_dc,0,0,0,0,0,2,0,0,0,0,2
function@sub8x8_dct8,91,101,0,97,0,0,91,101,97,0,0
function@add8x8_idct8,16,21,0,12,20,7,355.625,453.25,166.375,606.625,223.125
function@sub16x16_dct8,0,0,0,0,0,0,0,0,0,0,0
function@add16x16_idct8,0,0,0,0,0,0,0,0,0,0,0
function@dct4x4dc,26,14,0,22,17,1,26,14,22,17,1
function@idct4x4dc,18,16,0,18,14,1,18,16,18,14,1
function@add4x4_idct_dc,0,0,0,0,0,0,0,0,0,0,0
function@x264_dct_init_weights,0,0,0,0,0,4,0,0,0,0,127.5
function@x264_zigzag_init,0,0,0,0,0,0,0,0,0,0,0
function@zigzag_scan_8x8_field,0,0,0,0,0,0,0,0,0,0,0
function@zigzag_scan_4x4_field,0,0,0,0,0,0,0,0,0,0,0
function@zigzag_sub_8x8_field,0,0,0,0,0,0,0,0,0,0,0
function@zigzag_sub_4x4_field,0,0,0,0,0,0,0,0,0,0,0
function@zigzag_sub_4x4ac_field,0,0,0,0,0,0,0,0,0,0,0
function@zigzag_scan_8x8_frame,0,0,0,0,0,0,0,0,0,0,0
function@zigzag_scan_4x4_frame,0,0,0,0,0,0,0,0,0,0,0
function@zigzag_sub_8x8_frame,0,0,0,0,0,0,0,0,0,0,0
function@zigzag_sub_4x4_frame,0,0,0,0,0,0,0,0,0,0,0
function@zigzag_sub_4x4ac_frame,0,0,0,0,0,0,0,0,0,0,0
function@zigzag_interleave_8x8_cavlc,0,0,0,0,0,0,0,0,0,0,0
function@x264_cabac_context_init,12,1,0,1,1,5,161.875,0.75,1,1,79.875
function@x264_cabac_encode_init_core,0,0,0,0,0,0,0,0,0,0,0
function@x264_cabac_encode_init,0,0,0,0,0,0,0,0,0,0,0
function@x264_cabac_encode_decision_c,3,2,0,1,0,10,0.518519,0.506173,0.308642,0,8.08642
function@x264_cabac_encode_bypass_c,3,1,0,1,1,7,0.647059,0.5,0.5,0.5,2.06863
function@x264_cabac_encode_ue_bypass,12,5,0,6,3,12,847.688,176.875,410.688,160.75,149.812
function@x264_cabac_encode_terminal_c,3,2,0,1,0,7,0.518519,0.506173,0.308642,0,5.08642
function@x264_cabac_encode_flush,23,6,0,6,5,11,24.2331,1.45399,2.23313,0.88957,4.67485
function@x264_init_vlc_tables,23,16,0,8,15,8,7325.75,8062.38,2688.12,2369.5,5439
function@x264_predict_16x16_init,0,0,0,0,0,0,0,0,0,0,0
function@predict_16x16_v,0,0,0,0,0,0,0,0,0,0,0
function@predict_16x16_h,0,0,0,0,0,0,0,0,0,0,0
function@predict_16x16_dc,0,0,0,0,0,0,0,0,0,0,0
function@predict_16x16_p,59,3,0,22,8,5,1664.5,33.875,423.375,8,159.375
function@predict_16x16_dc_left,0,0,0,0,0,0,0,0,0,0,0
function@predict_16x16_dc_top,0,0,0,0,0,0,0,0,0,0,0
function@predict_16x16_dc_128,0,0,0,0,0,0,0,0,0,0,0
function@x264_predict_8x8c_init,0,0,0,0,0,0,0,0,0,0,0
function@predict_8x8c_v,0,0,0,0,0,0,0,0,0,0,0
function@predict_8x8c_h,0,0,0,0,0,0,0,0,0,0,0
function@predict_8x8c_dc,0,1,0,1,0,0,0,1,1,0,0
function@predict_8x8c_p,20,1,0,2,18,2,421.375,31.875,2,172.375,2
function@predict_8x8c_dc_left,0,0,0,0,0,0,0,0,0,0,0
function@predict_8x8c_dc_top,0,0,0,0,0,0,0,0,0,0,0
function@predict_8x8c_dc_128,0,0,0,0,0,0,0,0,0,0,0
function@x264_predict_8x8_init,0,0,0,0,0,0,0,0,0,0,0
function@predict_8x8_v,0,0,0,0,0,0,0,0,0,0,0
function@predict_8x8_h,0,2,0,2,0,0,0,2,2,0,0
function@predict_8x8_dc,0,0,0,0,0,0,0,0,0,0,0
function@predict_8x8_ddl,6,0,0,3,2,0,6,0,3,2,0
function@predict_8x8_ddr,2,1,0,2,1,0,2,1,2,1,0
function@predict_8x8_vr,25,4,0,10,1,1,25,4,10,1,1
function@predict_8x8_hd,16,11,0,12,7,0,16,11,12,7,0
function@predict_8x8_vl,10,4,0,5,0,0,10,4,5,0,0
function@predict_8x8_hu,4,3,0,2,3,1,4,3,2,3,1
function@predict_8x8_dc_left,0,0,0,0,0,0,0,0,0,0,0
function@predict_8x8_dc_top,0,0,0,0,0,0,0,0,0,0,0
function@predict_8x8_dc_128,0,0,0,0,0,0,0,0,0,0,0
function@predict_8x8_filter,2,0,0,1,0,1,0.75,0,0.5,0,0.5
function@x264_predict_4x4_init,0,0,0,0,0,0,0,0,0,0,0
function@predict_4x4_v,0,0,0,0,0,0,0,0,0,0,0
function@predict_4x4_h,0,0,0,0,0,0,0,0,0,0,0
function@predict_4x4_dc,0,0,0,0,0,0,0,0,0,0,0
function@predict_4x4_ddl,0,0,0,0,0,0,0,0,0,0,0
function@predict_4x4_ddr,7,1,0,3,1,0,7,1,3,1,0
function@predict_4x4_vr,7,0,0,3,1,0,7,0,3,1,0
function@predict_4x4_hd,8,2,0,4,1,0,8,2,4,1,0
function@predict_4x4_vl,1,1,0,1,0,1,1,1,1,0,1
function@predict_4x4_hu,0,0,0,0,0,0,0,0,0,0,0
function@predict_4x4_dc_left,0,0,0,0,0,0,0,0,0,0,0
function@predict_4x4_dc_top,0,0,0,0,0,0,0,0,0,0,0
function@predict_4x4_dc_128,0,0,0,0,0,0,0,0,0,0,0
function@x264_quant_init,0,0,0,0,0,0,0,0,0,0,0
function@quant_8x8,0,5,0,2,0,2,0,48,32,0,31.9375
function@quant_4x4,0,5,0,2,0,1,0,48,32,0,16
function@quant_4x4_dc,25,9,0,34,34,7,18.8095,9,18.4286,15.4286,4.47619
function@quant_2x2_dc,0,0,0,0,0,7,0,0,0,0,2.66667
function@dequant_4x4,0,0,0,0,0,8,0,0,0,0,6
function@dequant_4x4_dc,0,0,0,0,0,4,0,0,0,0,3
function@dequant_8x8,0,0,0,0,0,4,0,0,0,0,3.5
function@x264_denoise_dct,10,4,0,4,6,6,20.873,8.39683,4.84127,5.77778,54.7619
function@x264_decimate_score15,0,0,0,0,0,2,0,0,0,0,2.08941
function@x264_decimate_score16,0,0,0,0,0,2,0,0,0,0,2.74306
function@x264_decimate_score64,0,0,0,0,0,2,0,0,0,0,2.7437
function@x264_coeff_last4,0,0,0,0,0,1,0,0,0,0,1
function@x264_coeff_last15,0,0,0,0,0,2,0,0,0,0,16.8146
function@x264_coeff_last16,0,0,0,0,0,2,0,0,0,0,16.453
function@x264_coeff_last64,0,0,0,0,0,2,0,0,0,0,16.746
function@x264_coeff_level_run4,12,6,0,5,7,2,42.4545,21.6932,20.775,39.425,2
function@x264_coeff_level_run15,8,1,0,3,6,6,32.4256,9.84491,1.56576,21.3226,17.3275
function@x264_coeff_level_run16,8,1,0,3,6,6,31.8139,9.65329,1.53528,20.9282,16.9903
function@x264_mb_predict_mv,22,9,0,7,0,6,11.849,3.04167,6,0,2.5
function@x264_mb_predict_mv_16x16,7,3,0,2,0,7,2.8189,1.43307,2,0,4.77953
function@x264_mb_predict_mv_pskip,1,10,0,5,1,6,0.0974212,2.84527,1.70201,0.0974212,1.20057
function@x264_mb_predict_mv_direct16x16,127,97,0,75,66,18,36.0557,30.5843,19.2069,9.88512,4.78123
function@x264_mb_predict_mv_ref16x16,26,6,0,13,3,6,12.2308,2.61538,7.61538,1.15385,1.64835
function@RBSPtoSODB,0,0,0,0,0,1,0,0,0,0,1
function@EBSPtoRBSP,4,3,0,3,5,3,8.68571,6.48571,4.75918,11.9061,0.995918
function@intrapred8x8_mbaff,675,186,0,226,67,23,55.5499,16.6344,19.1859,4.9039,2.325
function@LowPassForIntra8x8Pred,15,7,0,19,7,1,8.1044,5.56593,10.2143,3.06593,1
function@init_motion_vector_prediction,0,0,0,0,0,0,0,0,0,0,0
function@GetMotionVectorPredictorMBAFF,22,27,0,18,10,17,5.93725,15.2196,7.81961,3.56863,2.22353
function@GetMotionVectorPredictorNormal,3,17,0,6,3,10,0.815934,6.98901,3.93132,2.09615,0.928571
function@set_ec_flag,0,0,0,0,0,0,0,0,0,0,0
function@reset_ec_flags,0,0,0,0,0,0,0,0,0,0,0
function@get_concealed_element,0,0,0,0,0,1,0,0,0,0,1
function@mb_pred_intra4x4,11,3,0,4,9,3,65.3858,13.5669,15.7165,35.6457,19.3228
function@mb_pred_intra16x16,0,0,0,0,0,0,0,0,0,0,0
function@mb_pred_intra8x8,0,1,0,1,1,0,0,0.333333,1,0.333333,0
function@mb_pred_skip,3,0,0,1,0,1,1.66667,0,1,0,1
function@set_chroma_vector,162,34,0,29,33,74,132.217,14.8541,24.4435,25.9037,52.8516
function@mb_pred_sp_skip,0,0,0,0,0,1,0,0,0,0,1
function@mb_pred_p_inter8x8,13,17,0,20,7,7,12.125,388.25,19.5,6.5,130.75
function@mb_pred_p_inter16x16,0,0,0,0,0,1,0,0,0,0,1
function@mb_pred_p_inter16x8,0,0,0,0,0,1,0,0,0,0,1
function@mb_pred_p_inter8x16,0,0,0,0,0,1,0,0,0,0,1
function@mb_pred_b_d8x8temporal,98,23,0,23,19,13,23746.7,10200.8,6892.11,2701.23,9559.59
function@mb_pred_b_d4x4temporal,49,16,0,14,20,4,29382,8377.94,4960.02,10666.2,128
function@mb_pred_b_d8x8spatial,142,18,0,37,23,23,9774.06,135.688,1275.25,339.75,1352
function@mb_pred_b_d4x4spatial,51,7,0,7,13,8,4887.75,2900,1448,765,3712
function@mb_pred_b_inter8x8,56,8,0,17,28,8,476.312,1221,169.188,315.688,754.5
function@mb_pred_ipcm,71,13,0,22,17,3,2689.37,344.517,391.299,397.253,5.85057
function@constructTiff,0,0,0,0,0,0,0,0,0,0,0
function@destructTiff,0,0,0,0,0,0,0,0,0,0,0
function@horizontal_half_1chan_cosite,96,18,0,43,20,8,14189.2,5141.33,2613.17,1406.17,1236.67
function@vertical_half_1chan,96,57,0,79,27,9,8223.69,4563.48,4362.55,750.071,386.214
function@ReadTIFFImage,218,159,0,108,34,59,60.8092,13.6481,7.19559,6.54609,16.651
function@getU16,0,0,0,0,0,0,0,0,0,0,0
function@getU32,0,0,0,0,0,1,0,0,0,0,1
function@getSwappedU16,0,0,0,0,0,1,0,0,0,0,1
function@getSwappedU32,0,0,0,0,0,1,0,0,0,0,1
function@getIntArray,1,1,0,1,2,7,1,2.5,1,2.57843,16.1863
function@DeblockPicture,0,0,0,0,0,2,0,0,0,0,42.5
function@DeblockMb,92,45,0,13,8,6,132.724,119.041,6.96094,30.2563,49.9531
function@DeblockPicturePartially,0,0,0,0,0,2,0,0,0,0,31.875
function@init_Deblock,131,65,0,39,78,39,6081.77,793.029,870.382,765.823,675.814
function@forward4x4,76,28,0,52,11,7,76,28,52,11,7
function@inverse4x4,53,19,0,28,25,3,53,19,28,25,3
function@hadamard4x4,57,10,0,27,13,0,57,10,27,13,0
function@ihadamard4x4,55,14,0,28,11,4,55,14,28,11,4
function@hadamard4x2,25,4,0,12,4,0,25,4,12,4,0
function@ihadamard4x2,24,5,0,11,7,1,24,5,11,7,1
function@hadamard2x2,0,0,0,0,0,0,0,0,0,0,0
function@ihadamard2x2,0,0,0,0,0,0,0,0,0,0,0
function@forward8x8,88,29,0,58,24,3,2723,928,1515,737,96
function@inverse8x8,59,13,0,34,25,9,1795,416,685,769,288
function@set_chroma_qp,0,0,0,0,0,0,0,0,0,0,0
function@update_qp,13,4,0,7,2,0,12,4,6.61905,2,0
function@invScaleCoeff,4,1,0,3,1,0,2.56,0.64,1.6,0.64,0
function@start_macroblock,11,1,0,2,0,2,7.125,1,2,0,2
function@exit_macroblock,0,0,0,0,0,1,0,0,0,0,1
function@setup_slice_methods,0,0,0,0,0,0,0,0,0,0,0
function@interpret_mb_mode_P,0,0,0,0,0,2,0,0,0,0,0.583333
function@read_motion_info_from_NAL_p_slice,7,4,0,4,0,0,6.5,3.23926,4,0,0
function@read_one_macroblock_p_slice,68,10,0,8,4,3,33.1751,4.25098,7.5,2.75,1.33333
function@decode_one_component_p_slice,0,0,0,0,0,0,0,0,0,0,0
function@decode_one_component_sp_slice,0,0,0,0,0,0,0,0,0,0,0
function@interpret_mb_mode_B,0,0,0,0,0,0,0,0,0,0,0
function@read_motion_info_from_NAL_b_slice,93,4,0,9,1,4,79.625,4,9,1,4
function@read_one_macroblock_b_slice,103,22,0,21,4,3,49.7526,11.8987,18.1444,2.75,1.19792
function@decode_one_component_b_slice,0,0,0,0,0,0,0,0,0,0,0
function@interpret_mb_mode_I,0,0,0,0,0,1,0,0,0,0,0.333333
function@read_one_macroblock_i_slice,28,9,0,5,1,2,16.2188,5.00781,5,1,1.5
function@decode_one_component_i_slice,0,0,0,0,0,0,0,0,0,0,0
function@interpret_mb_mode_SI,0,0,0,0,0,1,0,0,0,0,0.25
function@read_CBP_and_coeffs_from_NAL_CABAC_444,89,22,0,26,10,1,185.803,47.0797,59.151,4.4711,1.96825
function@read_CBP_and_coeffs_from_NAL_CABAC_422,263,82,0,87,67,19,4667.73,1317.3,685.238,482.603,2197.92
function@read_CBP_and_coeffs_from_NAL_CABAC_400,41,14,0,16,10,4,24.6756,9.5718,12.1094,3.46589,1.42457
function@read_CBP_and_coeffs_from_NAL_CABAC_420,265,69,0,74,49,15,3444.17,1473.76,1275.11,181.345,441.141
function@read_CBP_and_coeffs_from_NAL_CAVLC_444,94,38,0,31,9,5,148.915,79.7457,60.75,4.88776,30.8333
function@read_CBP_and_coeffs_from_NAL_CAVLC_422,250,95,0,100,70,23,5174.84,1348.85,928.309,404.944,2427.63
function@read_CBP_and_coeffs_from_NAL_CAVLC_400,37,22,0,26,8,8,34.7708,18.8707,25.1875,5.45026,5.71623
function@read_CBP_and_coeffs_from_NAL_CAVLC_420,241,94,0,100,51,21,2695.57,1705.83,1182.26,350.155,517.042
function@readMBRefPictureIdx,15,14,0,10,14,4,219231,124319,3699.62,110220,208384
function@readMBMotionVectors,121,75,0,68,51,11,2.44453e+07,2.65819e+07,952476,4.13837e+06,1.0653e+07
function@readRefPictureIdx_Null,0,0,0,0,0,0,0,0,0,0,0
function@readRefPictureIdx_FLC,0,0,0,0,0,0,0,0,0,0,0
function@readRefPictureIdx_VLC,0,0,0,0,0,0,0,0,0,0,0
function@get_neighbors,0,2,0,1,0,0,0,1.56863,1,0,0
function@field_flag_inference,0,0,0,0,0,0,0,0,0,0,0
function@SetB8Mode,0,0,0,0,0,0,0,0,0,0,0
function@init_macroblock,0,0,0,0,0,0,0,0,0,0,0
function@skip_macroblock,43,8,0,26,21,24,456.225,5.00586,15.0273,195.506,198
function@read_ipred_modes,57,21,0,22,16,1,29471.2,21073.7,986.303,2554.24,1985.94
function@concealIPCMcoeffs,12,4,0,8,4,7,127.251,4.40359,8.32735,4.20628,197.704
function@read_IPCM_coeffs_from_NAL,22,5,0,5,9,9,116.889,18.7493,3.23367,5.83438,153.455
function@reset_coeffs,0,0,0,0,0,0,0,0,0,0,0
function@read_delta_quant,15,8,0,11,2,5,13.9706,8,10.1176,2,5
function@readCompCoeff8x8MB_CABAC,0,0,0,0,0,18,0,0,0,0,10
function@readCompCoeff4x4MB_CABAC,74,23,0,18,14,9,13383.1,1190,370.765,563.662,15743.5
function@readCompCoeff8x8_CABAC,55,12,0,21,8,4,68.2157,35.3529,18.9608,4.15686,13.3333
function@readCompCoeff8x8_CABAC_lossless,49,9,0,16,4,2,127.954,28.1101,38.7798,2.10092,6.77982
function@readCompCoeff4x4SMB_CABAC,53,21,0,15,8,0,69798.1,88858.7,15465.8,2860.43,0
function@readCoeff4x4_CAVLC,55,37,0,29,17,6,35.1523,40.4622,9.79753,13.7751,17.8691
function@readCompCoeff4x4MB_CAVLC,220,63,0,80,80,2,632147,164162,134427,139357,385
function@readCompCoeff8x8MB_CAVLC,145,65,0,52,45,9,407271,144802,68742.7,73101,31201
function@predict_nnz,13,2,0,3,0,0,4.06836,2,3,0,0
function@predict_nnz_chroma,6,4,0,4,8,2,1.83203,2,1.57812,1.91016,1.37695
function@decode_one_macroblock,0,0,0,0,0,6,0,0,0,0,1.41176
function@init_cur_imgy,49,32,0,12,0,25,103.494,67.7802,9.63736,0,90.8022
function@change_plane_JV,0,0,0,0,0,0,0,0,0,0,0
function@make_frame_picture_JV,0,0,0,0,0,4,0,0,0,0,80.8421
function@ercConcealInterFrame,52,37,0,23,23,5,6861.3,4189.07,2767.16,1719.08,685.916
function@concealByTrial,70,23,0,30,25,2,4871.34,2191.24,2129.49,1399.31,1025
function@concealByCopy,164,28,0,68,49,11,3160.78,511.969,207.516,301.078,259.5
function@buildPredRegionYUV,268,92,0,88,47,4,1.24385e+07,1.72988e+07,1.35444e+06,1.42778e+06,819264
function@edgeDistortion,392,53,0,434,17,32,1915.1,369,1644.29,99.4762,264.381
function@copyPredMB,180,45,0,61,37,10,2837.08,737.059,209.804,91.9804,179.686
function@conceal_lost_frames,38,2,0,6,0,8,443.625,16.9375,19.9375,0,1021.06
function@copy_to_conceal,362,151,0,121,63,26,25442.8,9922.28,6102.93,2092.44,1357.41
function@init_lists_for_non_reference_loss,71,22,0,14,12,18,139,61.1562,7.32812,24.7344,80.1094
function@update_ref_list_for_concealment,8,0,0,1,7,1,44.925,0,1,24.825,0.3
function@compare_pic_by_pic_num_desc,0,0,0,0,0,0,0,0,0,0,0
function@compare_pic_by_poc_desc,0,0,0,0,0,0,0,0,0,0,0
function@compare_pic_by_poc_asc,0,0,0,0,0,0,0,0,0,0,0
function@compare_pic_by_lt_pic_num_asc,0,0,0,0,0,0,0,0,0,0,0
function@get_pic_from_dpb,0,0,0,0,0,2,0,0,0,0,0.695652
function@comp,0,0,0,0,0,1,0,0,0,0,1
function@init_node,0,0,0,0,0,0,0,0,0,0,0
function@print_node,0,0,0,0,0,0,0,0,0,0,0
function@print_list,0,0,0,0,0,0,0,0,0,0,0
function@delete_list,0,0,0,0,0,2,0,0,0,0,25.0588
function@conceal_non_ref_pics,35,5,0,10,5,3,202.32,55.48,25.52,37.6,45.96
function@sliding_window_poc_management,0,0,0,0,0,2,0,0,0,0,15.9375
function@write_lost_non_ref_pic,0,0,0,0,0,0,0,0,0,0,0
function@write_lost_ref_after_idr,0,0,0,0,0,1,0,0,0,0,0.380952
function@intra4x4_pred_mbaff,220,63,0,103,23,2,14.8324,5.47773,7.96269,1.50137,1.0625
function@arideco_create_decoding_environment,0,0,0,0,0,2,0,0,0,0,2
function@arideco_delete_decoding_environment,0,0,0,0,0,0,0,0,0,0,0
function@arideco_done_decoding,0,0,0,0,0,0,0,0,0,0,0
function@getbyte,0,0,0,0,0,0,0,0,0,0,0
function@getword,0,0,0,0,0,0,0,0,0,0,0
function@arideco_start_decoding,0,0,0,0,0,0,0,0,0,0,0
function@arideco_bits_read,0,0,0,0,0,1,0,0,0,0,1
function@biari_decode_symbol,5,3,0,3,1,4,3.42857,1.5,3,0.5,3.5
function@biari_decode_symbol_eq_prob,0,0,0,0,0,1,0,0,0,0,0.380952
function@biari_decode_final,0,0,0,0,0,3,0,0,0,0,3
function@biari_init_context,0,0,0,0,0,0,0,0,0,0,0
function@InterpretSEIMessage,0,0,0,0,0,18,0,0,0,0,1585.14
function@interpret_buffering_period_info,3,6,0,1,0,0,3,33.875,1,0,0
function@interpret_picture_timing_info,13,2,0,2,0,3,7.30147,3.48529,3.48529,0,4.36029
function@interpret_pan_scan_rect_info,0,0,0,0,0,2,0,0,0,0,1.35294
function@interpret_filler_payload_info,0,0,0,0,0,0,0,0,0,0,0
function@interpret_user_data_registered_itu_t_t35_info,0,0,0,0,0,0,0,0,0,0,0
function@interpret_user_data_unregistered_info,0,0,0,0,0,0,0,0,0,0,0
function@interpret_recovery_point_info,0,0,0,0,0,2,0,0,0,0,2
function@interpret_dec_ref_pic_marking_repetition_info,12,0,0,3,0,1,10.5882,0,3,0,1
function@interpret_spare_pic,24,21,0,11,21,17,7842.92,4763.95,331.997,931.241,13337.5
function@interpret_scene_information,0,0,0,0,0,1,0,0,0,0,1
function@interpret_subsequence_info,0,0,0,0,0,1,0,0,0,0,1
function@interpret_subsequence_layer_characteristics_info,0,0,0,0,0,2,0,0,0,0,2
function@interpret_subsequence_characteristics_info,0,0,0,0,0,2,0,0,0,0,2
function@interpret_full_frame_freeze_info,0,0,0,0,0,1,0,0,0,0,1
function@interpret_full_frame_freeze_release_info,0,0,0,0,0,0,0,0,0,0,0
function@interpret_full_frame_snapshot_info,0,0,0,0,0,1,0,0,0,0,1
function@interpret_progressive_refinement_start_info,0,0,0,0,0,1,0,0,0,0,1
function@interpret_progressive_refinement_end_info,0,0,0,0,0,1,0,0,0,0,1
function@interpret_motion_constrained_slice_group_set_info,0,0,0,0,0,3,0,0,0,0,3
function@interpret_film_grain_characteristics_info,5,41,0,4,4,10,8.87586,321.91,1.70345,1.9931,13.5724
function@interpret_deblocking_filter_display_preference_info,0,0,0,0,0,1,0,0,0,0,1
function@interpret_stereo_video_info_info,0,0,0,0,0,1,0,0,0,0,1
function@interpret_tone_mapping,119,85,0,44,41,28,97.0333,57.462,27.0753,18.9972,31.5638
function@interpret_post_filter_hints_info,3,18,0,3,0,6,3,3128.75,3,0,1584
function@interpret_frame_packing_arrangement_info,0,0,0,0,0,3,0,0,0,0,1.7619
function@interpret_reserved_info,0,0,0,0,0,0,0,0,0,0,0
function@tone_map,9,3,0,1,11,2,2015.44,351.812,0.5,963,511.875
function@init_tone_mapping_sei,0,0,0,0,0,0,0,0,0,0,0
function@update_tone_mapping_sei,0,0,0,0,0,0,0,0,0,0,0
function@error,0,0,0,0,0,0,0,0,0,0,0
function@FreeDecPicList,0,0,0,0,0,1,0,0,0,0,21.25
function@init_frext,10,3,0,4,1,4,6.80952,2.61905,3.2381,0.619048,2.85714
function@AllocPartition,3,1,0,2,1,3,40.9976,1,20.9988,19.9988,40.9976
function@FreePartition,2,0,0,1,0,1,42.5,0,0.666667,0,21.25
function@malloc_slice,0,0,0,0,0,4,0,0,0,0,35
function@init_global_buffers,1,6,0,4,4,8,0.392857,40.0179,2.25,14.0893,54.0893
function@free_global_buffers,0,0,0,0,0,0,0,0,0,0,0
function@report_stats_on_error,0,0,0,0,0,0,0,0,0,0,0
function@ClearDecPicList,0,0,0,0,0,5,0,0,0,0,15.1176
function@GetOneAvailDecPicFromList,0,0,0,0,0,4,0,0,0,0,17.7143
function@OpenDecoder,0,0,0,0,0,2,0,0,0,0,1.94118
function@DecodeOneFrame,0,0,0,0,0,6,0,0,0,0,8.46364
function@FinitDecoder,2,0,0,1,0,3,1.48588,0,1.44068,0,2.57627
function@CloseDecoder,79,2,0,4,0,8,62.6465,1.625,2.875,0,39.4531
function@free_slice,0,0,0,0,0,1,0,0,0,0,1
function@init_all_macroblocks,0,0,0,0,0,0,0,0,0,0,0
function@init_slice,0,0,0,0,0,0,0,0,0,0,0
function@reorder_lists,0,0,0,0,0,0,0,0,0,0,0
function@decode_slice,77,26,0,35,27,11,91282.4,2049.76,6072.68,1542,12237
function@decode_one_slice,63,53,0,16,13,15,249.91,403.902,30.6562,18.582,290
function@decode_one_frame,170,41,0,34,29,20,2247.16,513.747,280.009,280.121,893.72
function@init_picture,44,15,0,9,7,11,48.4409,42.4533,42.3159,33.3077,34.3049
function@read_new_slice,55,0,0,7,0,2,79.292,0,3.27257,0,8.2611
function@CopySliceInfo,0,0,0,0,0,0,0,0,0,0,0
function@exit_picture,119,76,0,44,14,6,491.635,592.157,175.699,45.5957,34.6804
function@copy_dec_picture_JV,0,0,0,0,0,1,0,0,0,0,0.617647
function@buffer2img,94,27,0,38,60,26,1120.71,225.605,28.7982,383.495,311.936
function@compute_SSE,27,7,0,13,10,1,3195.06,928.5,1331.56,528.706,6.26471
function@calculate_frame_no,0,0,0,0,0,2,0,0,0,0,1.38095
function@find_snr,50,41,0,30,16,11,19438.1,12676.4,12021.3,520.111,3942.14
function@is_new_picture,9,6,0,9,1,1,5.29412,4.4549,6.95294,1,1
function@pad_buf,40,20,0,21,27,18,1974.09,446.392,182.588,689.275,422.284
function@pad_dec_picture,0,4,0,2,0,0,0,2.47619,1.2381,0,0
function@frame_postprocessing,0,0,0,0,0,0,0,0,0,0,0
function@field_postprocessing,0,0,0,0,0,1,0,0,0,0,1
function@ercWriteMBMODEandMV,78,12,0,25,12,14,12.0833,3.58333,6.33333,1.95833,3.54167
function@init_old_slice,0,0,0,0,0,0,0,0,0,0,0
function@GetVOIdx,0,0,0,0,0,4,0,0,0,0,7.63415
function@get_maxViewIdx,0,0,0,0,0,2,0,0,0,0,7.21951
function@intrapred16x16,0,0,0,0,0,0,0,0,0,0,0
function@ParseSizeFromString,0,0,0,0,0,7,0,0,0,0,15.9889
function@ParseFrameNoFormatFromString,1,5,0,3,1,5,8.34885,17.1627,9.59885,0.097838,26.5852
function@OpenFrameFile,0,0,0,0,0,3,0,0,0,0,3
function@OpenFiles,0,0,0,0,0,0,0,0,0,0,0
function@CloseFiles,0,0,0,0,0,0,0,0,0,0,0
function@ParseVideoType,0,0,0,0,0,0,0,0,0,0,0
function@compute_residue,27,4,0,11,6,1,3360,243,28.2,225.05,6.35
function@sample_reconstruct,21,10,0,16,14,5,827.05,509.55,47.6,41,118
function@JMDecHelpExit,0,0,0,0,0,0,0,0,0,0,0
function@ParseCommand,14,17,0,6,11,6,41.7633,19.9445,2.02029,17.3948,11.3893
function@get_colocated_info_4x4,0,0,0,0,0,5,0,0,0,0,1.2522
function@get_colocated_info_8x8,9,0,0,4,4,14,1.31743,0,0.8,0.466055,1.01376
function@update_direct_types,0,0,0,0,0,0,0,0,0,0,0
function@update_direct_mv_info_spatial_8x8,121,13,0,11,2,3,188.874,25.5035,54.9243,15,35
function@update_direct_mv_info_temporal,148,54,0,41,38,33,1.59628e+07,4.18537e+06,2.7739e+06,1.57566e+06,1.65819e+06
function@update_direct_mv_info_spatial_4x4,79,13,0,20,16,4,45351.2,4108.12,8881.88,5418.75,7920
function@intrapred,0,0,0,0,0,0,0,0,0,0,0
function@itrans8x8,29,18,0,10,2,0,211.188,256,6,1,0
function@fmo_init,221,123,0,69,66,57,5923.4,1874.93,153.534,1574.94,1521.67
function@FmoFinit,0,0,0,0,0,0,0,0,0,0,0
function@FmoGetNumberOfSliceGroup,0,0,0,0,0,0,0,0,0,0,0
function@FmoGetLastMBOfPicture,0,0,0,0,0,1,0,0,0,0,1
function@FmoGetLastMBInSliceGroup,0,0,0,0,0,1,0,0,0,0,1
function@FmoGetSliceGroupId,0,0,0,0,0,0,0,0,0,0,0
function@FmoGetNextMBNr,0,0,0,0,0,4,0,0,0,0,19.5
function@intrapred8x8_normal,478,92,0,169,75,19,42.3166,7.0289,13.5617,5.24912,1.925
function@LowPassForIntra8x8Pred,15,7,0,19,7,1,8.1044,5.56593,10.2143,3.06593,1
function@itrans4x4,0,0,0,0,0,0,0,0,0,0,0
function@itrans4x4_ls,81,41,0,46,0,0,81,41,46,0,0
function@Inv_Residual_trans_4x4,97,14,0,49,7,0,39.6667,4.66667,19,2.33333,0
function@Inv_Residual_trans_8x8,336,3,0,101,7,2,758.667,74.6667,173.333,65.6667,33
function@Inv_Residual_trans_16x16,165,15,0,35,28,5,757.333,21.6667,115,28.5,74.6667
function@Inv_Residual_trans_Chroma,72,34,0,18,52,22,3672.34,561.586,598.938,1389.69,618.984
function@itrans_2,8,0,0,1,0,16,8,0,1,0,16
function@itrans_sp,148,46,0,26,11,26,1436.38,226,130,34,425
function@itrans_sp_cr,158,21,0,20,41,38,378126,40659.4,8764.11,16524,125556
function@iMBtrans4x4,6,0,0,1,0,0,2.76471,0,1,0,0
function@copy_image_data_16x16,0,0,0,0,0,0,0,0,0,0,0
function@iMBtrans8x8,0,0,0,0,0,0,0,0,0,0,0
function@iTransform,102,51,0,39,16,3,686.795,412.803,90.0901,53.3689,65.4508
function@copy_image_data,7,8,0,11,3,0,2.56,32.2,5.12,10.84,0
function@copy_image_data_8x8,0,0,0,0,0,0,0,0,0,0,0
function@copy_image_data_4x4,0,0,0,0,0,0,0,0,0,0,0
function@CheckVertMV,0,0,0,0,0,1,0,0,0,0,1
function@initBitsFile,0,0,0,0,0,0,0,0,0,0,0
function@read_next_nalu,0,0,0,0,0,0,0,0,0,0,0
function@CheckZeroByteNonVCL,0,0,0,0,0,0,0,0,0,0,0
function@CheckZeroByteVCL,0,0,0,0,0,0,0,0,0,0,0
function@nal_unit_header_mvc_extension,0,0,0,0,0,0,0,0,0,0,0
function@nal_unit_header_svc_extension,0,0,0,0,0,0,0,0,0,0,0
function@prefix_nal_unit_svc,0,0,0,0,0,0,0,0,0,0,0
function@main,0,0,0,0,0,3,0,0,0,0,30.6847
function@set_loop_filter_functions_normal,0,0,0,0,0,0,0,0,0,0,0
function@GetStrengthVer,163,112,0,104,19,8,3.72322,2.10598,2.41967,1.13754,0.0332582
function@GetStrengthHor,135,103,0,89,18,12,2.67298,2.06073,2.09128,0.793706,0.0342289
function@EdgeLoopLumaVer,147,93,0,64,36,50,3137.24,1116.54,1141.75,229.351,795.643
function@EdgeLoopLumaHor,187,100,0,75,29,45,2126.75,1764.86,1234.58,174.205,503.324
function@EdgeLoopChromaVer,36,27,0,27,9,3,31.2911,45.6203,25.3671,4.87342,21.7595
function@EdgeLoopChromaHor,25,18,0,19,6,4,19.6742,37.5393,17.8764,11.4719,19.6966
function@AllocNALU,0,0,0,0,0,3,0,0,0,0,3
function@FreeNALU,0,0,0,0,0,0,0,0,0,0,0
function@intrapred_16x16_mbaff,148,25,0,28,16,5,22.8375,40.6156,3.89375,2.17812,20.4
function@init_contexts,298,391,0,7,16,24,2440.92,2734.58,36.625,131.833,383.5
function@malloc_annex_b,0,0,0,0,0,1,0,0,0,0,1
function@init_annex_b,0,0,0,0,0,0,0,0,0,0,0
function@free_annex_b,0,0,0,0,0,0,0,0,0,0,0
function@GetAnnexbNALU,3,0,0,3,0,10,8.4428,0,0.624097,0,11.1817
function@OpenAnnexBFile,0,0,0,0,0,2,0,0,0,0,1.38095
function@CloseAnnexBFile,0,0,0,0,0,0,0,0,0,0,0
function@ResetAnnexB,0,0,0,0,0,0,0,0,0,0,0
function@GetConfigFileContent,0,0,0,0,0,8,0,0,0,0,2.82887
function@ParseContent,8,6,0,2,7,6,24.9206,11.8155,0.793651,21.8056,100.605
function@InitParams,0,0,0,0,0,0,0,0,0,0,0
function@TestParams,0,0,0,0,0,0,0,0,0,0,0
function@DisplayParams,0,0,0,0,0,1,0,0,0,0,1
function@intra4x4_pred_normal,200,25,0,77,25,2,15.139,1.86719,6.55429,1.63965,1.0625
function@gettime,0,0,0,0,0,0,0,0,0,0,0
function@timediff,0,0,0,0,0,2,0,0,0,0,2
function@timenorm,0,0,0,0,0,0,0,0,0,0,0
function@ercInit,0,0,0,0,0,2,0,0,0,0,2
function@ercClose,0,0,0,0,0,0,0,0,0,0,0
function@ercOpen,0,0,0,0,0,2,0,0,0,0,2
function@ercSetErrorConcealment,0,0,0,0,0,0,0,0,0,0,0
function@ercReset,0,0,0,0,0,6,0,0,0,0,1.01379
function@ercStartSegment,0,0,0,0,0,0,0,0,0,0,0
function@ercStopSegment,0,0,0,0,0,0,0,0,0,0,0
function@ercMarkCurrSegmentLost,7,3,0,5,3,5,41.9706,30.0882,11.5294,10.6176,30.6765
function@ercMarkCurrSegmentOK,7,3,0,5,3,5,42.72,30.6,11.8,10.84,31.24
function@ercMarkCurrMBConcealed,0,0,0,0,0,2,0,0,0,0,0.192661
function@reorder_short_term,28,4,0,10,7,8,95.3882,33.6118,21.2824,21.6471,32.0471
function@reorder_long_term,20,4,0,9,7,8,49.4824,33.6118,20.2824,21.2118,32.0471
function@init_lists_i_slice_mvc,0,0,0,0,0,0,0,0,0,0,0
function@init_lists_p_slice_mvc,42,41,0,20,10,13,119.165,48.9327,9.36086,3.263,40.0183
function@compare_pic_by_pic_num_desc,0,0,0,0,0,0,0,0,0,0,0
function@compare_pic_by_lt_pic_num_asc,0,0,0,0,0,0,0,0,0,0,0
function@compare_fs_by_frame_num_desc,0,0,0,0,0,0,0,0,0,0,0
function@compare_fs_by_lt_pic_idx_asc,0,0,0,0,0,0,0,0,0,0,0
function@init_lists_b_slice_mvc,117,76,0,37,30,36,238.281,58.896,19.9205,22.5138,97.4954
function@compare_pic_by_poc_desc,0,0,0,0,0,0,0,0,0,0,0
function@compare_pic_by_poc_asc,0,0,0,0,0,0,0,0,0,0,0
function@compare_fs_by_poc_desc,0,0,0,0,0,0,0,0,0,0,0
function@compare_fs_by_poc_asc,0,0,0,0,0,0,0,0,0,0,0
function@init_lists_mvc,185,109,0,64,41,51,163.419,35.8242,18.4206,12.6429,46.0189
function@reorder_ref_pic_list_mvc,109,25,0,42,34,17,737.68,202.886,90.7031,166.559,350.258
function@reorder_lists_mvc,0,0,0,0,0,0,0,0,0,0,0
function@ReadFrameConcatenated,6,13,0,7,2,2,3.27776,63.8057,3.67485,1.17707,2
function@ReadFrameSeparate,6,15,0,7,2,1,3.27776,65.4307,3.67485,1.17707,1
function@Scaling_List,0,2,0,2,0,10,0,20.4,20.4,0,78.64
function@InterpretSPS,16,48,0,9,10,7,1190.39,966.222,563.639,431.944,829.472
function@InitVUI,0,0,0,0,0,0,0,0,0,0,0
function@ReadVUI,0,0,0,0,0,0,0,0,0,0,0
function@ReadHRDParameters,0,0,0,0,0,0,0,0,0,0,0
function@InterpretPPS,12,35,0,7,5,12,278.861,315.643,163.538,16.5588,607.777
function@PPSConsistencyCheck,0,0,0,0,0,0,0,0,0,0,0
function@SPSConsistencyCheck,0,0,0,0,0,0,0,0,0,0,0
function@SubsetSPSConsistencyCheck,0,0,0,0,0,0,0,0,0,0,0
function@MakePPSavailable,0,0,0,0,0,0,0,0,0,0,0
function@CleanUpPPS,0,0,0,0,0,1,0,0,0,0,31.875
function@MakeSPSavailable,0,0,0,0,0,0,0,0,0,0,0
function@ProcessSPS,0,0,0,0,0,2,0,0,0,0,2
function@get_max_dec_frame_buf_size,0,0,0,0,0,1,0,0,0,0,1
function@ProcessSubsetSPS,4,5,0,2,0,0,4,4.65789,2,0,0
function@reset_subset_sps,14,1,0,2,3,21,373.692,6.01923,12.0385,6.36538,721.019
function@seq_parameter_set_mvc_extension,31,17,0,6,6,21,9761.18,217.353,340.382,179.912,7148.62
function@mvc_vui_parameters_extension,21,14,0,1,5,4,810.971,47.9118,1,41.9706,772.971
function@ProcessPPS,3,2,0,1,0,1,3,2,1,0,1
function@reset_format_info,14,3,0,11,7,0,10.7353,2.38235,7.47059,5.38235,0
function@activate_sps,3,3,0,2,1,1,1.87557,1.40611,1.01603,0.234351,0.625191
function@activate_pps,0,0,0,0,0,0,0,0,0,0,0
function@UseParameterSet,0,0,0,0,0,0,0,0,0,0,0
function@MemAlloc1D,0,0,0,0,0,4,0,0,0,0,3.2381
function@hrd_parameters,1,0,0,0,2,2,21.25,0,0,21.9167,42.5
function@init_subset_sps_list,0,0,0,0,0,3,0,0,0,0,20.72
function@GetBaseViewId,0,0,0,0,0,1,0,0,0,0,1
function@initInput,0,0,0,0,0,0,0,0,0,0,0
function@testEndian,0,0,0,0,0,0,0,0,0,0,0
function@buf2img_endian,79,24,0,32,56,16,1643.61,382.016,31.4062,551.016,199.234
function@buf2img_basic,46,32,0,32,33,13,687.695,362.191,34.4219,201.063,326.75
function@buf2img_bitshift,37,20,0,15,35,17,639.229,583.625,13.8623,174.498,416.969
function@fillPlane,7,2,0,3,7,3,614.05,115.1,6.1,330.6,240.85
function@AllocateFrameMemory,0,0,0,0,0,2,0,0,0,0,1.61765
function@DeleteFrameMemory,0,0,0,0,0,0,0,0,0,0,0
function@read_one_frame,46,52,0,36,11,5,80.9541,114.128,41.4679,8.01835,5.06422
function@pad_borders,150,47,0,41,46,15,6805.68,1159.43,450.578,1354.41,758.627
function@init_top_bot_planes,3,4,0,4,3,2,1.75,10.4688,2.75,1.75,15.9375
function@no_mem_exit,0,0,0,0,0,0,0,0,0,0,0
function@free_top_bot_planes,0,0,0,0,0,0,0,0,0,0,0
function@get_mem2Ddist,2,3,0,2,8,7,8.21875,16.4375,0.75,18.4375,12.4688
function@get_mem2Dlm,2,3,0,2,8,4,8.21875,16.4375,0.75,18.4375,10.9688
function@free_mem2Ddist,0,0,0,0,0,0,0,0,0,0,0
function@free_mem2Dlm,0,0,0,0,0,0,0,0,0,0,0
function@get_mem2Dmp,2,3,0,2,8,5,8.21875,16.4375,0.75,18.4375,11.9688
function@get_mem3Dmp,4,7,0,6,8,4,10.4688,38.375,5,11.0312,19.9375
function@free_mem2Dmp,0,0,0,0,0,0,0,0,0,0,0
function@free_mem3Dmp,0,0,0,0,0,0,0,0,0,0,0
function@get_mem2Dquant,2,5,0,3,8,6,8.21875,32.375,1,18.4375,12.4688
function@get_mem3Dquant,4,7,0,6,8,4,10.4688,38.375,5,11.0312,19.9375
function@get_mem4Dquant,14,18,0,14,12,9,56.1875,101.656,10.625,12.5938,47.8438
function@get_mem5Dquant,3,7,0,6,6,5,2.5,38.375,5,2.5625,27.9062
function@free_mem2Dquant,0,0,0,0,0,0,0,0,0,0,0
function@free_mem3Dquant,0,0,0,0,0,0,0,0,0,0,0
function@free_mem4Dquant,0,0,0,0,0,0,0,0,0,0,0
function@free_mem5Dquant,0,0,0,0,0,0,0,0,0,0,0
function@get_mem2D_spp,3,5,0,3,13,4,16.4375,36.375,1.3125,37.375,12.9688
function@get_mem3D_spp,4,7,0,6,8,4,10.4688,38.375,5,11.0312,19.9375
function@get_mem2Dmv,3,5,0,3,13,4,16.4375,36.375,1.3125,37.375,12.9688
function@get_mem3Dmv,4,7,0,6,8,4,10.4688,38.375,5,11.0312,19.9375
function@get_mem4Dmv,14,18,0,14,12,9,56.1875,101.656,10.625,12.5938,47.8438
function@get_mem5Dmv,3,7,0,6,6,5,2.5,38.375,5,2.5625,27.9062
function@get_mem6Dmv,13,19,0,15,11,9,48.2188,102.156,11.625,4.625,54.8125
function@get_mem7Dmv,3,7,0,6,6,5,2.5,38.375,5,2.5625,27.9062
function@free_mem2D_spp,0,0,0,0,0,0,0,0,0,0,0
function@free_mem3D_spp,0,0,0,0,0,0,0,0,0,0,0
function@free_mem2Dmv,0,0,0,0,0,0,0,0,0,0,0
function@free_mem3Dmv,0,0,0,0,0,0,0,0,0,0,0
function@free_mem4Dmv,0,0,0,0,0,0,0,0,0,0,0
function@free_mem5Dmv,0,0,0,0,0,0,0,0,0,0,0
function@free_mem6Dmv,0,0,0,0,0,0,0,0,0,0,0
function@free_mem7Dmv,0,0,0,0,0,0,0,0,0,0,0
function@get_mem1Dpel,0,0,0,0,0,1,0,0,0,0,1
function@get_mem2Dpel,3,5,0,3,13,4,16.4375,36.375,1.3125,37.375,12.9688
function@get_mem2DpelWithPad,19,8,0,14,13,3,71.875,37.375,45.6562,37.375,11.9688
function@get_mem3Dpel,4,7,0,6,8,4,10.4688,38.375,5,11.0312,19.9375
function@get_mem3DpelWithPad,5,7,0,6,8,5,18.4375,38.375,4.5,11.0312,20.9375
function@get_mem3DpelWithPadSeparately,0,0,0,0,0,2,0,0,0,0,21.2857
function@get_mem4Dpel,14,18,0,14,12,9,56.1875,101.656,10.625,12.5938,47.8438
function@get_mem4DpelWithPad,9,13,0,11,20,8,35.875,68.7812,8.5,47.4688,32.9062
function@get_mem4DpelWithPadSeparately,8,15,0,10,7,5,26.4688,92.7188,7.625,3.0625,46.875
function@get_mem5Dpel,3,7,0,6,6,5,2.5,38.375,5,2.5625,27.9062
function@get_mem5DpelWithPad,3,7,0,6,6,5,2.5,38.375,5,2.5625,27.9062
function@get_mem5DpelWithPadSeparately,3,7,0,6,6,5,2.5,38.375,5,2.5625,27.9062
function@free_mem1Dpel,0,0,0,0,0,0,0,0,0,0,0
function@free_mem2Dpel,0,0,0,0,0,0,0,0,0,0,0
function@free_mem2DpelWithPad,0,0,0,0,0,3,0,0,0,0,1
function@free_mem3Dpel,0,0,0,0,0,0,0,0,0,0,0
function@free_mem3DpelWithPad,0,0,0,0,0,3,0,0,0,0,0.62963
function@free_mem3DpelWithPadSeparately,6,2,0,4,2,1,34,17.619,13.8095,0.761905,12.6667
function@free_mem4Dpel,0,0,0,0,0,0,0,0,0,0,0
function@free_mem4DpelWithPad,0,0,0,0,0,0,0,0,0,0,0
function@free_mem4DpelWithPadSeparately,6,2,0,4,2,1,21.2647,3.67647,1.32353,0.470588,7.82353
function@free_mem5Dpel,0,0,0,0,0,0,0,0,0,0,0
function@free_mem5DpelWithPad,0,0,0,0,0,0,0,0,0,0,0
function@free_mem5DpelWithPadSeparately,0,0,0,0,0,0,0,0,0,0,0
function@new_mem2D,13,5,0,3,7,6,84.1875,27.4062,2,10.7188,21.9375
function@get_mem2D,3,4,0,4,6,7,2.5,26.4062,3,3.25,29.4062
function@new_mem2Dint,7,6,0,7,17,7,32.875,34.625,25.4062,39.125,15.9688
function@get_mem2Dint,3,5,0,3,13,4,16.4375,36.375,1.3125,37.375,12.9688
function@get_mem2DintWithPad,18,8,0,13,14,3,71.5625,37.375,45.3438,37.6875,11.9688
function@get_mem2Dint64,3,5,0,3,13,4,16.4375,36.375,1.3125,37.375,12.9688
function@get_mem2Ddistblk,3,5,0,3,13,4,16.4375,36.375,1.3125,37.375,12.9688
function@get_mem3D,4,7,0,6,8,4,10.4688,38.375,5,11.0312,19.9375
function@get_mem4D,14,18,0,14,12,9,56.1875,101.656,10.625,12.5938,47.8438
function@get_mem3Dint,4,7,0,6,8,4,10.4688,38.375,5,11.0312,19.9375
function@get_mem3Dint64,4,7,0,6,8,4,10.4688,38.375,5,11.0312,19.9375
function@get_mem3Ddistblk,4,7,0,6,8,4,10.4688,38.375,5,11.0312,19.9375
function@get_mem4Dint,14,18,0,14,12,9,56.1875,101.656,10.625,12.5938,47.8438
function@get_mem4Dint64,14,18,0,14,12,9,56.1875,101.656,10.625,12.5938,47.8438
function@get_mem4Ddistblk,14,18,0,14,12,9,56.1875,101.656,10.625,12.5938,47.8438
function@get_mem5Dint,3,7,0,6,6,5,2.5,38.375,5,2.5625,27.9062
function@free_mem2D,0,0,0,0,0,0,0,0,0,0,0
function@free_mem2Dint,0,0,0,0,0,0,0,0,0,0,0
function@free_mem2DintWithPad,0,0,0,0,0,3,0,0,0,0,1
function@free_mem2Dint64,0,0,0,0,0,0,0,0,0,0,0
function@free_mem3D,0,0,0,0,0,0,0,0,0,0,0
function@free_mem4D,0,0,0,0,0,0,0,0,0,0,0
function@free_mem3Dint,0,0,0,0,0,0,0,0,0,0,0
function@free_mem3Dint64,0,0,0,0,0,0,0,0,0,0,0
function@free_mem3Ddistblk,0,0,0,0,0,0,0,0,0,0,0
function@free_mem2Ddistblk,0,0,0,0,0,0,0,0,0,0,0
function@free_mem4Dint,0,0,0,0,0,0,0,0,0,0,0
function@free_mem4Dint64,0,0,0,0,0,0,0,0,0,0,0
function@free_mem4Ddistblk,0,0,0,0,0,0,0,0,0,0,0
function@free_mem5Dint,0,0,0,0,0,0,0,0,0,0,0
function@new_mem2Duint16,7,6,0,7,17,7,32.875,34.625,25.4062,39.125,15.9688
function@get_mem2Duint16,3,5,0,3,13,4,16.4375,36.375,1.3125,37.375,12.9688
function@get_mem3Duint16,4,7,0,6,8,4,10.4688,38.375,5,11.0312,19.9375
function@get_mem4Duint16,14,18,0,14,12,9,56.1875,101.656,10.625,12.5938,47.8438
function@get_mem2Dshort,3,5,0,3,13,4,16.4375,36.375,1.3125,37.375,12.9688
function@get_mem3Dshort,4,7,0,6,8,4,10.4688,38.375,5,11.0312,19.9375
function@get_mem4Dshort,14,18,0,14,12,9,56.1875,101.656,10.625,12.5938,47.8438
function@get_mem5Dshort,3,7,0,6,6,5,2.5,38.375,5,2.5625,27.9062
function@get_mem6Dshort,13,19,0,15,11,9,48.2188,102.156,11.625,4.625,54.8125
function@get_mem7Dshort,3,7,0,6,6,5,2.5,38.375,5,2.5625,27.9062
function@free_mem2Duint16,0,0,0,0,0,0,0,0,0,0,0
function@free_mem3Duint16,0,0,0,0,0,0,0,0,0,0,0
function@free_mem4Duint16,0,0,0,0,0,0,0,0,0,0,0
function@free_mem2Dshort,0,0,0,0,0,0,0,0,0,0,0
function@free_mem3Dshort,0,0,0,0,0,0,0,0,0,0,0
function@free_mem4Dshort,0,0,0,0,0,0,0,0,0,0,0
function@free_mem5Dshort,0,0,0,0,0,0,0,0,0,0,0
function@free_mem6Dshort,0,0,0,0,0,0,0,0,0,0,0
function@free_mem7Dshort,0,0,0,0,0,0,0,0,0,0,0
function@get_mem2Ddouble,3,5,0,3,13,4,16.4375,36.375,1.3125,37.375,12.9688
function@get_mem1Dodouble,0,0,0,0,0,2,0,0,0,0,2
function@get_mem2Dodouble,3,5,0,3,13,4,16.4375,36.375,1.3125,37.375,12.9688
function@get_mem3Dodouble,6,7,0,7,10,7,26.5625,838.812,3.5,16.2188,440.344
function@get_offset_mem2Dshort,10,7,0,6,19,7,136.875,76.3125,22.5312,79.8125,15.5938
function@get_mem3Doint,6,7,0,7,10,7,26.5625,838.812,3.5,16.2188,440.344
function@get_mem2Doint,3,5,0,3,13,4,16.4375,36.375,1.3125,37.375,12.9688
function@get_mem3Ddouble,25,3,0,10,15,2,251,23.125,72.25,90.7656,2
function@free_mem2Ddouble,0,0,0,0,0,0,0,0,0,0,0
function@free_mem1Dodouble,0,0,0,0,0,0,0,0,0,0,0
function@free_mem2Dodouble,0,0,0,0,0,1,0,0,0,0,0.617647
function@free_mem3Dodouble,6,7,0,6,7,3,21.2353,664.206,2.55882,12.1176,331.882
function@free_mem3Doint,6,7,0,6,7,3,21.2353,664.206,2.55882,12.1176,331.882
function@free_mem2Doint,0,0,0,0,0,1,0,0,0,0,0.617647
function@free_offset_mem2Dshort,0,0,0,0,0,1,0,0,0,0,0.617647
function@free_mem3Ddouble,0,0,0,0,0,0,0,0,0,0,0
function@get_mem2Dolm,2,3,0,2,8,4,8.21875,16.4375,0.75,18.4375,10.9688
function@free_mem2Dolm,0,0,0,0,0,0,0,0,0,0,0
function@CheckAvailabilityOfNeighborsCABAC,0,0,0,0,0,0,0,0,0,0,0
function@cabac_new_slice,0,0,0,0,0,0,0,0,0,0,0
function@create_contexts_MotionInfo,0,0,0,0,0,2,0,0,0,0,2
function@create_contexts_TextureInfo,0,0,0,0,0,2,0,0,0,0,2
function@delete_contexts_MotionInfo,0,0,0,0,0,0,0,0,0,0,0
function@delete_contexts_TextureInfo,0,0,0,0,0,0,0,0,0,0,0
function@readFieldModeInfo_CABAC,0,0,0,0,0,0,0,0,0,0,0
function@check_next_mb_and_get_field_mode_CABAC_p_slice,80,0,0,17,1,4,75.125,0,17,1,4
function@read_skip_flag_CABAC_p_slice,1,0,0,1,0,0,1,0,1,0,0
function@check_next_mb_and_get_field_mode_CABAC_b_slice,71,0,0,16,2,1,68.5,0,16,1,1
function@read_skip_flag_CABAC_b_slice,1,0,0,1,0,0,1,0,1,0,0
function@read_MVD_CABAC,22,10,0,10,12,8,37.6927,18.3223,19.2441,29.9147,57.1094
function@readB8_typeInfo_CABAC_p_slice,0,0,0,0,0,0,0,0,0,0,0
function@readB8_typeInfo_CABAC_b_slice,4,0,0,2,2,2,0.45977,0,0.229885,0.229885,0.781609
function@readMB_transform_size_flag_CABAC,0,0,0,0,0,0,0,0,0,0,0
function@readMB_typeInfo_CABAC_i_slice,14,1,0,3,4,3,2.3211,0.207951,1.33639,0.837921,0.336391
function@readMB_typeInfo_CABAC_p_slice,1,0,0,1,0,2,0.119266,0,0.119266,0,0.385321
function@readMB_typeInfo_CABAC_b_slice,12,4,0,4,4,3,2.86069,0.861641,1.86164,0.416031,0.800573
function@readIntraPredMode_CABAC,0,0,0,0,0,0,0,0,0,0,0
function@readRefFrame_CABAC,25,1,0,10,5,0,9.19676,1,5.89062,2.20443,0
function@read_dQuant_CABAC,0,0,0,0,0,1,0,0,0,0,0.4
function@read_CBP_CABAC,21,5,0,8,2,2,16.0417,5,8,2,0.625
function@readCIPredMode_CABAC,1,0,0,1,0,0,1,0,1,0,0
function@set_read_and_store_CBP,0,0,0,0,0,0,0,0,0,0,0
function@read_and_store_CBP_block_bit_444,66,23,0,22,26,14,21.3262,10.3066,13.3316,12.7797,4.33594
function@read_and_store_CBP_block_bit_normal,65,11,0,10,9,26,4.675,0.868749,2.65625,1.425,3.2
function@readRunLevel_CABAC,40,8,0,12,9,11,138.153,25.1074,59.7314,18.2727,125.227
function@readSyntaxElement_CABAC,0,0,0,0,0,1,0,0,0,0,1
function@cabac_startcode_follows,0,0,0,0,0,1,0,0,0,0,1
function@readIPCM_CABAC,89,76,0,33,23,19,2013.15,2411,387.592,383.165,523.112
function@ue_v,0,0,0,0,0,0,0,0,0,0,0
function@linfo_ue,0,0,0,0,0,0,0,0,0,0,0
function@readSyntaxElement_VLC,18,6,0,6,9,0,30.4248,1.9823,21.115,39.0354,0
function@se_v,0,0,0,0,0,0,0,0,0,0,0
function@linfo_se,0,0,0,0,0,2,0,0,0,0,2
function@u_v,14,2,0,10,3,1,38.3137,6,28.4706,10.3137,1
function@readSyntaxElement_FLC,14,6,0,9,9,2,32.6863,7.43137,22.4706,20.8039,1.31373
function@i_v,16,2,0,12,3,0,40.3137,6,30.4706,10.3137,0
function@u_1,1,1,0,2,0,2,0.5,1,1.5,0,1.5
function@linfo_cbp_intra_normal,0,0,0,0,0,0,0,0,0,0,0
function@linfo_cbp_intra_other,0,0,0,0,0,0,0,0,0,0,0
function@linfo_cbp_inter_normal,0,0,0,0,0,0,0,0,0,0,0
function@linfo_cbp_inter_other,0,0,0,0,0,0,0,0,0,0,0
function@linfo_levrun_inter,0,0,0,0,0,4,0,0,0,0,2
function@linfo_levrun_c2x2,0,0,0,0,0,4,0,0,0,0,2
function@GetVLCSymbol,8,3,0,6,8,2,20.3529,1.35294,17.4941,29.2,1.36471
function@readSyntaxElement_UVLC,0,0,0,0,0,0,0,0,0,0,0
function@readSyntaxElement_Intra4x4PredictionMode,0,0,0,0,0,3,0,0,0,0,2.19048
function@GetVLCSymbol_IntraMode,0,0,0,0,0,3,0,0,0,0,2.19048
function@more_rbsp_data,0,0,0,0,0,3,0,0,0,0,2.5
function@uvlc_startcode_follows,0,0,0,0,0,3,0,0,0,0,2.4902
function@GetBits,15,1,0,10,9,3,46.4314,5,31.6275,20.9608,1.64706
function@readSyntaxElement_NumCoeffTrailingOnes,54,4,0,22,17,2,26,1.25,6.75,5,1
function@ShowBits,16,1,0,11,10,1,47.9412,5,32.6274,21.9608,0.156863
function@readSyntaxElement_NumCoeffTrailingOnesChromaDC,21,0,0,3,20,1,35.9999,0,3,3.99999,1
function@readSyntaxElement_Level_VLC0,51,9,0,28,40,7,26.7961,12.2627,14.9922,12.6863,17.5176
function@readSyntaxElement_Level_VLCN,51,18,0,27,22,6,72.3937,14.6299,27.1339,36.8346,7.11811
function@readSyntaxElement_TotalZeros,23,0,0,3,17,17,8.68388,0,3,2.99638,3.99275
function@readSyntaxElement_TotalZerosChromaDC,34,1,0,3,4,1,6.98913,0.00362318,3,3.00362,1
function@readSyntaxElement_Run,23,0,0,3,17,17,8.68388,0,3,2.99638,3.99275
function@init_process_image,0,0,0,0,0,0,0,0,0,0,0
function@clear_process_image,0,0,0,0,0,0,0,0,0,0,0
function@process_image,0,0,0,0,0,33,0,0,0,0,45.5686
function@MuxImages,146,104,0,82,27,21,7973,4686.66,1105.91,60.5,726
function@FilterImageSep,194,112,0,74,44,14,10792,6139.75,2711.18,1790.76,1242.68
function@intrapred_16x16_normal,69,18,0,23,15,5,19.0381,40.5214,4.25018,2.02811,20.4
function@AllocPPS,0,0,0,0,0,2,0,0,0,0,2
function@AllocSPS,0,0,0,0,0,2,0,0,0,0,2
function@FreePPS,0,0,0,0,0,0,0,0,0,0,0
function@FreeSPS,0,0,0,0,0,0,0,0,0,0,0
function@sps_is_equal,9,6,0,7,4,3,1.59871,0.319743,0.59299,1.07511,0.462089
function@pps_is_equal,41,23,0,30,19,13,3.49918,3.20599,1.92834,2.78392,3.01144
function@CeilLog2,0,0,0,0,0,3,0,0,0,0,21.9048
function@CeilLog2_sf,0,0,0,0,0,3,0,0,0,0,21.9048
function@FirstPartOfSliceHeader,0,0,0,0,0,0,0,0,0,0,0
function@RestOfSliceHeader,108,47,0,25,0,22,123.075,62.5639,23.0308,0,58.652
function@dec_ref_pic_marking,0,0,0,0,0,4,0,0,0,0,173.059
function@decode_poc,78,22,0,11,24,11,53.8,6.76786,2.05536,10.3571,2.06429
function@dumppoc,0,0,0,0,0,0,0,0,0,0,0
function@picture_order,0,0,0,0,0,0,0,0,0,0,0
function@ercConcealIntraFrame,0,2,0,1,1,3,0,0.481481,0.240741,0.240741,1.48148
function@concealBlocks,133,85,0,55,32,9,85026.9,63156.1,23549.7,18503.4,17149.6
function@ercCollect8PredBlocks,25,12,0,17,4,3,13.4223,6.00293,14.8827,4,3
function@ercPixConcealIMB,219,109,0,67,112,48,5407.62,2619.9,886.801,520.55,792.352
function@ercCollectColumnBlocks,0,0,0,0,0,1,0,0,0,0,1
function@write_picture,98,105,0,61,40,27,47.6468,58.45,11.3794,37.4128,48.0955
function@img2buf_endian,49,9,0,30,13,6,1259.18,198.352,288.672,262.906,197.984
function@img2buf_normal,42,20,0,21,29,19,411.165,771.33,87.2706,135.012,476.435
function@init_out_buffer,0,0,0,0,0,0,0,0,0,0,0
function@uninit_out_buffer,0,0,0,0,0,0,0,0,0,0,0
function@clear_picture,26,21,0,13,19,9,589.308,873.731,9.76923,308.769,1246.04
function@write_unpaired_field,82,28,0,38,36,14,1912.9,763.9,19.2,662.8,1001.25
function@flush_direct_output,0,0,0,0,0,0,0,0,0,0,0
function@write_stored_frame,0,0,0,0,0,0,0,0,0,0,0
function@direct_output,0,0,0,0,0,0,0,0,0,0,0
function@allocate_pred_mem,0,0,0,0,0,4,0,0,0,0,4
function@free_pred_mem,0,0,0,0,0,0,0,0,0,0,0
function@get_block_luma,145,59,0,78,48,16,226.958,36.1634,13.8489,9.88855,10.3901
function@get_luma_01,114,15,0,90,31,9,3363.78,194.748,190.307,145.951,109.939
function@get_luma_02,83,13,0,74,28,2,2905.62,180.247,183.679,141.765,102.136
function@get_luma_03,114,15,0,90,35,9,3363.78,194.748,190.307,171.865,109.939
function@get_luma_21,94,13,0,48,28,4,7601.06,1151.84,1318.28,1104.16,543.938
function@get_luma_22,83,11,0,39,22,4,6301.41,767.906,718.281,703.781,451.938
function@get_luma_23,94,13,0,48,28,4,7601.06,1151.84,1318.28,1104.16,543.938
function@get_luma_12,65,14,0,36,16,4,3935.65,602.51,126.529,363.353,286.059
function@get_luma_32,65,14,0,36,16,4,3935.65,602.51,126.529,363.353,286.059
function@get_luma_11,150,27,0,81,33,2,5728.07,566.053,476.024,1135.27,139.536
function@get_luma_13,150,27,0,81,37,2,5728.07,566.053,476.024,1161.12,139.536
function@get_luma_31,148,27,0,79,33,2,5727.77,566.053,475.483,1135.27,139.536
function@get_luma_33,148,27,0,79,37,2,5727.77,566.053,475.483,1161.12,139.536
function@intra_cr_decoding,62,19,0,18,12,5,11099.4,2615.62,1959.25,3415.75,3104.38
function@prepare_direct_params,29,3,0,20,15,3,6.13403,3,4.52539,3.54932,0.274658
function@perform_mc,723,528,0,343,212,52,2412.37,2001.03,120.625,504.829,287.782
function@get_block_chroma,287,150,0,148,84,24,661.664,768.016,116.124,33.4839,52.7151
function@intrapred8x8,0,0,0,0,0,2,0,0,0,0,2
function@intrapred_chroma_ver_mbaff,13,10,0,7,3,1,31.1483,25.3015,8.68237,9.71985,4.78516
function@intrapred_chroma,791,278,0,232,139,24,1862.05,545.83,306.872,269.543,48.3885
function@intrapred_chroma_mbaff,397,200,0,192,133,45,6346.88,1092.56,746.535,217.699,293.101
function@intra_chroma_DC_all_mbaff,6,0,0,2,0,1,3.70588,0,1.61765,0,0.235294
function@set_loop_filter_functions_mbaff,0,0,0,0,0,0,0,0,0,0,0
function@GetStrengthVerMBAff,183,97,0,90,34,15,89.3388,52.4053,54.9927,8.50083,15.2855
function@GetStrengthHorMBAff,66,31,0,24,6,14,18.9412,18.7788,10.0234,8.26837,2.61633
function@EdgeLoopLumaVerMBAff,108,48,0,47,21,7,125.717,135.688,76.6113,25.4316,7.82422
function@EdgeLoopLumaHorMBAff,102,48,0,46,26,7,53.144,59.1423,53.7805,10.2601,21.5511
function@EdgeLoopChromaVerMBAff,32,26,0,24,4,3,176.58,227.641,121.176,41.25,1.49536
function@EdgeLoopChromaHorMBAff,26,20,0,21,8,6,45.0806,64.4209,51.4739,16.2217,16.0931
function@get_non_aff_neighbor_luma,0,0,0,0,0,0,0,0,0,0,0
function@get_non_aff_neighbor_chroma,0,0,0,0,0,1,0,0,0,0,1
function@init_qp_process,18,9,0,9,1,11,124.159,55.4921,47.873,6.09524,22.7143
function@free_qp_matrices,0,0,0,0,0,0,0,0,0,0,0
function@assign_quant_params,24,6,0,3,1,2,48.0714,7.16071,2.23214,0.392857,40.6071
function@CalculateQuant4x4Param,64,80,0,34,0,0,2040,2550,1022,0,0
function@CalculateQuant8x8Param,11,0,0,11,0,23,5.5,0,5.5,0,17
function@set_dequant8x8,0,0,0,0,0,0,0,0,0,0,0
function@OpenRTPFile,0,0,0,0,0,0,0,0,0,0,0
function@CloseRTPFile,0,0,0,0,0,0,0,0,0,0,0
function@GetRTPNALU,0,0,0,0,0,4,0,0,0,0,3.32
function@RTPReadPacket,0,1,0,1,0,2,0,4.76837e-07,1,0,2
function@DecomposeRTPpacket,0,0,0,0,0,0,0,0,0,0,0
function@DumpRTPHeader,0,0,0,0,0,0,0,0,0,0,0
function@dump_dpb,0,0,0,0,0,0,0,0,0,0,0
function@getDpbSize,0,0,0,0,0,2,0,0,0,0,2
function@check_num_ref,0,0,0,0,0,0,0,0,0,0,0
function@init_dpb,1,1,0,1,0,4,20.0588,20.0588,20.0588,0,21.6471
function@free_dpb,3,0,0,1,0,1,2.625,0,1,0,12.7812
function@GetMaxDecFrameBuffering,3,2,0,1,1,3,11.875,10.875,9.875,1,12.625
function@alloc_frame_store,0,0,0,0,0,2,0,0,0,0,2
function@alloc_storable_picture,7,11,0,5,1,4,7,9.47619,4.2381,1,3.61905
function@re_init_dpb,1,1,0,1,0,4,8.11905,8.11905,8.11905,0,1.7381
function@free_frame_store,0,0,0,0,0,0,0,0,0,0,0
function@free_storable_picture,0,0,0,0,0,0,0,0,0,0,0
function@alloc_pic_motion,0,0,0,0,0,1,0,0,0,0,1
function@free_pic_motion,0,0,0,0,0,0,0,0,0,0,0
function@is_short_ref,0,0,0,0,0,1,0,0,0,0,1
function@is_long_ref,0,0,0,0,0,1,0,0,0,0,1
function@gen_pic_list_from_frame_list,14,4,0,3,7,2,402.128,179.538,6.48718,181.872,8.30769
function@update_pic_num,17,9,0,8,10,4,71.702,38.5388,16.7224,25.5184,23.502
function@init_lists_i_slice,0,0,0,0,0,0,0,0,0,0,0
function@init_lists_p_slice,82,69,0,28,22,22,724.006,629.431,52.8502,40.3823,59.3761
function@compare_pic_by_pic_num_desc,0,0,0,0,0,0,0,0,0,0,0
function@compare_pic_by_lt_pic_num_asc,0,0,0,0,0,0,0,0,0,0,0
function@compare_fs_by_frame_num_desc,0,0,0,0,0,0,0,0,0,0,0
function@compare_fs_by_lt_pic_idx_asc,0,0,0,0,0,0,0,0,0,0,0
function@append_interview_list,8,4,0,2,4,6,76.9821,35.4464,1.01786,35.8929,14.6964
function@init_lists_b_slice,172,138,0,45,43,48,1242.05,1112.62,26.6483,157.914,128.404
function@compare_pic_by_poc_desc,0,0,0,0,0,0,0,0,0,0,0
function@compare_pic_by_poc_asc,0,0,0,0,0,0,0,0,0,0,0
function@compare_fs_by_poc_desc,0,0,0,0,0,0,0,0,0,0,0
function@compare_fs_by_poc_asc,0,0,0,0,0,0,0,0,0,0,0
function@init_lists,259,190,0,58,56,68,545.194,457.737,11.3193,42.055,60.3303
function@init_mbaff_lists,0,0,0,0,0,5,0,0,0,0,119.083
function@get_short_term_pic,2,3,0,2,0,3,1.47059,16.4118,2,0,16.4118
function@get_long_term_pic,0,3,0,1,0,2,0,14.5909,1,0,13.5909
function@reorder_ref_pic_list,16,4,0,11,4,0,78.125,24,12.625,27,0
function@update_ref_list,13,6,0,3,6,2,59.0238,31.4286,10.119,24.2857,28.4286
function@update_ltref_list,13,6,0,3,6,2,60.4762,31.4286,10.119,25.7381,28.4286
function@mm_update_max_long_term_frame_idx,2,2,0,2,0,1,22.25,22.25,2,0,21.25
function@store_picture_in_dpb,319,110,0,101,102,73,561.365,342.615,149.849,133.64,352.617
function@insert_picture_in_dpb,1,0,0,1,0,10,0.312883,0,1,0,14.5399
function@remove_unused_frame_from_dpb,0,9,0,3,0,6,0,26.0075,4.99502,0,19.1418
function@output_one_frame_from_dpb,22,6,0,5,3,7,41.6961,32.2438,6.86219,0.996466,36.4205
function@flush_dpb,0,0,0,0,0,6,0,0,0,0,115.853
function@unmark_for_reference,0,0,0,0,0,1,0,0,0,0,1
function@unmark_long_term_field_for_reference_by_frame_idx,8,3,0,4,0,2,15.8571,14.3714,2.41633,0,13.3714
function@dpb_split_field,233,10,0,26,21,21,5045,153.588,587.971,306.529,495.691
function@dpb_combine_field,33,2,0,2,6,3,6685.94,271.875,15.875,296.75,527.812
function@remove_frame_from_dpb,16,3,0,5,8,5,71.4048,18.7619,13.4524,23.4048,17.9762
function@dpb_combine_field_yuv,0,0,0,0,0,6,0,0,0,0,106.607
function@alloc_ref_pic_list_reordering_buffer,0,0,0,0,0,2,0,0,0,0,0.828125
function@free_ref_pic_list_reordering_buffer,0,0,0,0,0,0,0,0,0,0,0
function@fill_frame_num_gap,2,0,0,2,0,4,16.9375,0,2,0,48.8125
function@compute_colocated,15,4,0,2,6,4,980.294,409,0.470588,170.706,489.294
function@mb_is_available,0,0,0,0,0,1,0,0,0,0,1
function@CheckAvailabilityOfNeighbors,34,11,0,15,14,2,9.67509,4.59206,4.29603,4.33935,1.2491
function@get_mb_block_pos_normal,0,0,0,0,0,0,0,0,0,0,0
function@get_mb_block_pos_mbaff,0,0,0,0,0,1,0,0,0,0,1
function@get_mb_pos,0,0,0,0,0,0,0,0,0,0,0
function@getNonAffNeighbour,1,2,0,1,0,0,0.777778,1.40741,1,0,0
function@getAffNeighbour,32,18,0,18,16,5,0.679453,0.789834,2.31491,0.480418,0.166577
function@get4x4Neighbour,0,0,0,0,0,0,0,0,0,0,0
function@get4x4NeighbourBase,0,0,0,0,0,0,0,0,0,0,0
function@main,139,23,0,47,38,15,361.565,9.21521,44.2142,334.579,233.362
function@get_version,2,2,0,2,1,5,0.999998,0.999998,0.999999,0.499999,3.5
function@spec_strdup,1,3,0,1,0,3,1,2,1,0,3
function@printUsage,0,0,0,0,0,0,0,0,0,0,0
function@load_image_file,2,5,0,1,0,4,2,4,1,0,4
function@init_targa,19,4,0,2,1,2,9.51559,21.6244,1.625,0.624999,20.9993
function@dump_tga,25,1,0,1,2,1,472.333,1,1,20.625,400
function@dump_header,0,0,0,0,0,1,0,0,0,0,0.5
function@computeSSIM,200,86,0,72,58,17,2.36967e+06,1.48567e+06,254901,221432,295380
function@mean,0,2,0,1,1,9,0,13.36,0.6,0.6,84.48
function@variance,0,2,0,1,1,5,0,13.36,0.6,0.6,43.68
function@covariance,0,0,0,0,0,2,0,0,0,0,10.52
function@read_yuv_file,78,49,0,24,35,56,3390.43,537.857,312.815,667.314,3463.38
function@read_tga_file,41,4,0,5,4,7,2244.55,41.9987,281.157,41.2487,568.274
