Comando: /home/mpvreal/Code/Faculdade/tcc/llvm/build/bin/llc --march=x86-64 --regalloc=basic -o -
Heurística: original
function@set_data_,0,0,0,0,0,8,0,0,0,0,8
function@set_data_tile_,0,0,0,0,0,34,0,0,0,0,34
function@get_3dfld_,189,27,0,56,13,137,60.8093,3.94391,21.1835,6.61373,116.666
function@set_ngfldr_,0,0,0,0,0,0,0,0,0,0,0
function@close_io_,0,0,0,0,0,39,0,0,0,0,14.3929
function@_QMdiag_modPdiag,25,0,0,25,0,14,25,0,25,0,14
function@_QMdiag_modPdiag_tile,348,184,0,171,43,78,63013.8,27390.9,16315.7,171.359,15899.3
function@_QMmod_mixingPallocate_mixing,139,11,0,42,9,14,138.5,11,42,9,13
function@_QMmod_mixingPinitialize_mixing,129,42,0,18,4,50,466784,23682.6,135.68,11.32,626266
function@_QMset_zeta_modPset_zeta,1,0,0,1,0,12,1,0,1,0,12
function@_QMset_zeta_modPset_zeta_tile,52,18,0,25,7,11,333.897,485.397,27.2647,10.3529,644.324
function@def_impulse_,0,0,0,0,0,0,0,0,0,0,0
function@get_3dfldr_,0,0,0,0,0,0,0,0,0,0,0
function@_QMdef_var_modPdef_var,186,17,0,40,7,386,24.06,1.44879,8.64613,1.07952,174.512
function@_QMnf_fread3d_bry_modPnf_fread3d_bry,71,47,0,69,5,17,159843,10552.5,80060.8,101.413,1969.03
function@_QMnrutilParray_copy_r,0,0,0,0,0,4,0,0,0,0,1.68
function@_QMnrutilParray_copy_d,0,0,0,0,0,4,0,0,0,0,1.68
function@_QMnrutilParray_copy_i,0,0,0,0,0,4,0,0,0,0,1.68
function@_QMnrutilParth_r,7,1,0,6,1,12,21.8922,75.2843,5.7451,0.147059,43.7843
function@_QMnrutilParth_d,7,1,0,6,1,12,21.8922,75.2843,5.7451,0.147059,43.7843
function@_QMnrutilParth_i,9,0,0,4,1,8,34.1078,0,5.45098,0.147059,23.7451
function@_QMnrutilPnrerror,0,0,0,0,0,8,0,0,0,0,8
function@_QMnrutilPreallocate_rv,1,3,0,2,1,16,0.625,1.78125,1.625,0.390625,7.38281
function@_QMnrutilPreallocate_iv,1,3,0,2,1,16,0.625,1.78125,1.625,0.390625,7.38281
function@_QMnrutilPreallocate_hv,5,5,0,4,0,32,5.43304,1.78125,1.90271,0,10.1762
function@_QMnrutilPreallocate_rm,20,18,0,12,2,26,11.7266,206.498,8,0.556641,73.75
function@_QMnrutilPreallocate_im,26,18,0,13,2,24,23.2207,206.498,8.625,0.556641,72.8125
function@_QMlmd_vmix_modPlmd_vmix,28,1,0,26,0,13,28,1,26,0,13
function@_QMlmd_vmix_modPlmd_vmix_tile,699,282,0,252,92,57,395642,143153,94197.7,23987.1,110129
function@_QMlmd_vmix_modPlmd_finish,7,0,0,7,0,4,7,0,7,0,4
function@_QMlmd_vmix_modPlmd_finish_tile,47,26,0,38,6,18,1363.29,9611.06,200.646,127.662,48775.4
function@wrt_floats_,0,0,0,0,0,0,0,0,0,0,0
function@_QMnf_fwrite3d_bry_modPnf_fwrite3d_bry,90,50,0,45,21,25,18751.3,24266.9,2314,2670.1,70599.9
function@my_flush_,0,0,0,0,0,0,0,0,0,0,0
function@my_getpid_,0,0,0,0,0,0,0,0,0,0,0
function@my_numthreads_,0,0,0,0,0,0,0,0,0,0,0
function@my_threadnum_,0,0,0,0,0,0,0,0,0,0,0
function@my_wtime_,0,0,0,0,0,0,0,0,0,0,0
function@wrt_station_,0,0,0,0,0,0,0,0,0,0,0
function@lmd_swfrac_tile_,72,32,0,57,11,18,5974.3,3633.6,4530.2,6.4,2142.65
function@_QMstate_initialize_modPstate_initialize,59,46,0,42,4,26,15521.9,15638.5,773.975,2.425,226880
function@get_cycle_,29,2,0,10,5,47,21.615,1.65617,9.1937,8.91283,53.0291
function@wrt_info_,343,86,0,59,0,548,10.9659,4,7.96564,0,11
function@_QMt3dmix_modPt3dmix2,23,1,0,23,0,15,23,1,23,0,15
function@_QMt3dmix_modPt3dmix2_tile,564,339,0,260,90,125,1.18223e+07,4.06764e+06,2.63993e+06,886006,2.6851e+06
function@_QMini_fields_modPini_fields,29,0,0,28,0,10,29,0,28,0,10
function@_QMini_fields_modPini_fields_tile,522,172,0,171,73,45,86180.5,19542.2,16918.1,10749,88532.3
function@_QMini_fields_modPini_zeta,1,0,0,1,0,9,1,0,1,0,9
function@_QMini_fields_modPini_zeta_tile,68,23,0,29,7,10,245.138,715.789,32.4037,2.00917,765.807
function@set_scoord_,165,51,0,115,6,55,544.53,158.894,377.094,11.2353,273.318
function@_QMset_3dfld_modPset_3dfld_tile,188,95,0,124,35,71,11583.6,4131.35,5340.97,839.454,6305.48
function@obs_read_,0,0,0,0,0,0,0,0,0,0,0
function@wrt_error_,0,0,0,0,0,0,0,0,0,0,0
function@initial_,0,0,0,0,0,13,0,0,0,0,9.75676
function@initial_..omp_par.9,0,0,0,0,0,7,0,0,0,0,67.75
function@initial_..omp_par.8,3,3,0,3,2,7,3,35.5,2.66667,22.25,930.833
function@initial_..omp_par.7,3,3,0,3,2,9,3,35.5,2.66667,22.25,1784
function@initial_..omp_par.6,3,3,0,3,2,7,3,35.5,2.66667,22.25,930.833
function@initial_..omp_par.5,3,3,0,3,2,7,3,35.5,2.66667,22.25,930.833
function@initial_..omp_par.4,3,3,0,3,2,7,3,35.5,2.66667,22.25,930.833
function@initial_..omp_par.3,3,3,0,3,2,7,3,35.5,2.66667,22.25,930.833
function@initial_..omp_par.2,3,3,0,3,2,7,3,35.5,2.66667,22.25,930.833
function@initial_..omp_par.1,3,3,0,3,2,7,3,35.5,2.66667,22.25,930.833
function@initial_..omp_par,0,0,0,0,0,7,0,0,0,0,67.75
function@lubksb_,0,0,0,0,0,13,0,0,0,0,68.5
function@_QMran_statePran_init,0,0,0,0,0,3,0,0,0,0,3
function@_QMran_statePran_seed,0,0,0,0,0,3,0,0,0,0,3
function@_QMmod_gridPallocate_grid,295,25,0,58,16,93,294.5,25,58,16,92
function@_QMmod_gridPinitialize_grid,9,57,0,12,5,116,663.04,9331.88,162.96,15.28,79729
function@_QMpre_step3d_modPpre_step3d,116,0,0,111,0,10,116,0,111,0,10
function@_QMpre_step3d_modPpre_step3d_tile,2009,1113,0,809,227,412,1.159e+07,5.32407e+06,2.27551e+06,841290,2.68239e+06
function@checkdefs_,7,2,0,4,1,365,5.375,2,3.375,0.625,219.906
function@_QQmain,0,0,0,0,0,4,0,0,0,0,4
function@set_diags_,0,0,0,0,0,0,0,0,0,0,0
function@checkvars_,55,2,0,8,0,253,330.389,5.25,114.25,0,495.252
function@main2d_,0,0,0,0,0,0,0,0,0,0,0
function@get_2dfld_,195,40,0,68,14,185,57.2879,7.72043,26.4386,4.34187,145.77
function@_QMnf_fread3d_modPnf_fread3d,38,33,0,35,5,26,913.706,940.773,65.5233,1.23547,873.259
function@def_tides_,0,0,0,0,0,0,0,0,0,0,0
function@gasdev_s_,16,2,0,11,0,3,178.5,8.75,145,0,33
function@gasdev_v_,129,56,0,31,4,32,831.309,203.42,129.557,3.07798,107.842
function@def_dim_,3,1,0,2,0,23,1.375,0.625,1.625,0,12.9062
function@inp_par_,69,14,0,50,2,109,248.385,81.3279,323.836,0.377049,462.992
function@read_phypar_,369,37,0,106,33,1641,36.1006,3.94281,8.93898,0.188347,602.523
function@decode_line_,34,31,0,25,8,47,29.8535,22.2357,11.5159,4.07006,39.2357
function@load_i1_,0,0,0,0,0,1,0,0,0,0,1
function@load_l1_,0,0,0,0,0,2,0,0,0,0,2
function@load_r1_,0,0,0,0,0,1,0,0,0,0,1
function@load_i_,0,0,0,0,0,17,0,0,0,0,5.12745
function@load_l_,13,8,0,10,0,10,36.1667,43.0714,16.1429,0,63.4762
function@load_r_,0,0,0,0,0,19,0,0,0,0,5.73529
function@get_varcoords_,74,16,0,28,10,52,19.6992,9.71387,18.0835,2.34424,25.1748
function@_QMexchange_2d_modPexchange_p2d_tile,4,17,0,3,6,12,0.784314,65.6275,3,10.7843,29.4706
function@_QMexchange_2d_modPexchange_r2d_tile,4,17,0,3,6,12,0.784314,65.6275,3,10.7843,29.4706
function@_QMexchange_2d_modPexchange_u2d_tile,4,17,0,3,6,12,0.784314,65.6275,3,10.7843,29.4706
function@_QMexchange_2d_modPexchange_v2d_tile,4,17,0,3,6,12,0.784314,65.6275,3,10.7843,29.4706
function@_QMshapiro_modPshapiro2d_tile,117,68,0,56,26,48,5301.87,1592.18,1986.07,67.4725,1025.67
function@_QMshapiro_modPshapiro3d_tile,86,77,0,46,29,42,20276.9,5837.92,9180.83,12838.3,25926.9
function@congrad_,0,0,0,0,0,0,0,0,0,0,0
function@obs_depth_,0,0,0,0,0,0,0,0,0,0,0
function@set_ngfld_,49,24,0,25,15,44,29.5882,247.847,20.4,93.6824,402.494
function@get_2dfldr_,0,0,0,0,0,0,0,0,0,0,0
function@_QMuv3dmix_modPuv3dmix2,35,2,0,31,0,8,35,2,31,0,8
function@_QMuv3dmix_modPuv3dmix2_tile,509,256,0,334,91,53,801595,422068,142169,20853.5,150204
function@_QMocean_control_modProms_initialize,0,0,0,0,0,11,0,0,0,0,6.43548
function@_QMocean_control_modProms_initialize..omp_par,0,0,0,0,0,7,0,0,0,0,67.75
function@_QMocean_control_modProms_run,0,0,0,0,0,7,0,0,0,0,14.125
function@_QMocean_control_modProms_finalize,0,0,0,0,0,6,0,0,0,0,4.9375
function@_QMocean_control_modProms_finalize..omp_par,0,0,0,0,0,7,0,0,0,0,67.75
function@def_hessian_,0,0,0,0,0,0,0,0,0,0,0
function@_QMstep2d_modPstep2d,260,0,0,123,1,15,260,0,123,1,15
function@_QMstep2d_modPstep2d_tile,4209,1726,0,2081,506,402,116908,30106,26817.8,7404.61,10430.7
function@_QMmod_forcesPallocate_forces,168,11,0,35,5,20,167.5,11,35,5,19
function@_QMmod_forcesPinitialize_forces,4,7,0,9,5,52,223.9,220.325,221.325,7.525,55303.5
function@def_lanczos_,0,0,0,0,0,0,0,0,0,0,0
function@_QMnf_fwrite2d_modPnf_fwrite2d,35,21,0,23,8,19,170.361,163.403,30.0139,33.2222,78.3611
function@_QMu3dbc_modPu3dbc,4,0,0,4,0,2,4,0,4,0,2
function@_QMu3dbc_modPu3dbc_tile,18,17,0,13,5,13,332.099,414.42,213.506,0.703704,326.259
function@def_his_,267,51,0,83,31,474,69.0772,0.492205,21.711,1.06162e-05,91.1961
function@_QMmetrics_modPmetrics,36,2,0,37,0,8,36,2,37,0,8
function@_QMmetrics_modPmetrics_tile,1612,477,0,609,392,127,71766.2,17321.7,32316.5,2500.91,11899.4
function@_QMt3dbc_modPt3dbc,8,0,0,8,0,4,8,0,8,0,4
function@_QMt3dbc_modPt3dbc_tile,25,25,0,22,7,14,939.839,725.197,622.358,303.765,227.136
function@set_weights_,40,10,0,41,3,64,6023.05,1971.29,4036.26,2.35714,890.381
function@_QMnf_fwrite4d_modPnf_fwrite4d,77,34,0,51,15,16,110887,9807.79,51850.3,26.2361,1595.11
function@def_station_,0,0,0,0,0,0,0,0,0,0,0
function@_QMwvelocity_modPwvelocity,73,1,0,18,0,7,73,1,18,0,7
function@_QMwvelocity_modPwvelocity_tile,685,338,0,260,119,111,374445,157894,65508.5,23024.8,85610.6
function@_QMbulk_flux_modPbulk_flux,24,1,0,20,0,9,24,1,20,0,9
function@_QMbulk_flux_modPbulk_flux_tile,1251,496,0,839,71,81,925695,356955,683950,661.798,15668.8
function@_QMbulk_flux_modPbulk_psiu,33,14,0,35,0,3,17,7.5,18,0,2
function@_QMbulk_flux_modPbulk_psit,26,9,0,26,0,2,13.5,5,13.5,0,1.5
function@_QMnf_fwrite3d_modPnf_fwrite3d,39,26,0,40,11,24,5431.44,728.779,2789.08,7.91346,315.779
function@get_state_,103,10,0,14,1,293,11.688,0.414878,7.35775,0.00132823,13.063
function@_QMutility_modPnrng,44,16,0,32,3,7,32.8452,11.8782,22.467,2.40018,7.98352
function@_QMutility_modPurng,0,0,0,0,0,6,0,0,0,0,18.8889
function@obs_initial_,0,0,0,0,0,0,0,0,0,0,0
function@checkadj_,0,0,0,0,0,82,0,0,0,0,66
function@def_diags_,0,0,0,0,0,0,0,0,0,0,0
function@_QManalytical_modPana_btflux,1,0,0,1,0,4,1,0,1,0,4
function@_QManalytical_modPana_btflux_tile,7,4,0,1,10,18,12.681,0.453988,1,0.957055,420.552
function@_QManalytical_modPana_cloud,0,0,0,0,0,6,0,0,0,0,6
function@_QManalytical_modPana_cloud_tile,17,7,0,17,1,18,759.375,237.65,360.4,6.375,244.25
function@_QManalytical_modPana_grid,3,0,0,1,0,8,2.75,0,1,0,8
function@_QManalytical_modPana_grid_tile,668,317,0,292,133,126,12473.7,11183.6,2514.25,402.575,8406.3
function@_QManalytical_modPana_humid,0,0,0,0,0,6,0,0,0,0,6
function@_QManalytical_modPana_humid_tile,17,7,0,17,1,18,759.375,237.65,360.4,6.375,244.25
function@_QManalytical_modPana_initial,108,1,0,23,0,2,55.5,0.75,12.5,0,1.5
function@_QManalytical_modPana_nlminitial_tile,121,88,0,85,20,56,72782.6,50102.4,50894.9,649.55,13763.1
function@_QManalytical_modPana_pair,0,0,0,0,0,6,0,0,0,0,6
function@_QManalytical_modPana_pair_tile,17,7,0,17,1,18,759.375,237.65,360.4,6.375,244.25
function@_QManalytical_modPana_rain,0,0,0,0,0,6,0,0,0,0,6
function@_QManalytical_modPana_rain_tile,15,4,0,14,1,18,746.625,223.9,346.65,6.375,244.25
function@_QManalytical_modPana_srflux,0,0,0,0,0,7,0,0,0,0,7
function@_QManalytical_modPana_srflux_tile,225,73,0,160,16,20,9082.6,5819.75,6402.42,32.525,1554.35
function@_QManalytical_modPana_stflux,1,0,0,1,0,6,1,0,1,0,6
function@_QManalytical_modPana_stflux_tile,20,5,0,6,10,10,32.2086,1.45399,6,0.957055,406.025
function@_QManalytical_modPana_tair,0,0,0,0,0,6,0,0,0,0,6
function@_QManalytical_modPana_tair_tile,17,7,0,17,1,18,759.375,237.65,360.4,6.375,244.25
function@_QManalytical_modPana_winds,0,0,0,0,0,7,0,0,0,0,7
function@_QManalytical_modPana_winds_tile,83,26,0,52,10,22,2610.27,1745.25,800.325,20.95,1643.68
function@_QMbc_bry3d_modPbc_r3d_bry_tile,7,46,0,3,0,29,3.4902,51.9608,3,0,45.5882
function@_QMbc_bry3d_modPbc_u3d_bry_tile,16,48,0,5,0,30,6.57843,47.2745,4.07843,0,46.5882
function@_QMbc_bry3d_modPbc_v3d_bry_tile,7,52,0,4,0,34,3.4902,49.2745,4,0,46.8823
function@get_data_,0,0,0,0,0,5,0,0,0,0,5
function@_QMstep3d_t_modPstep3d_t,61,1,0,29,0,15,61,1,29,0,15
function@_QMstep3d_t_modPstep3d_t_tile,1100,597,0,405,135,174,1.85536e+07,6.23142e+06,3.51198e+06,1.3138e+06,3.65072e+06
function@_QMmod_netcdfPnetcdf_get_dim,0,0,0,0,0,4,0,0,0,0,4
function@_QMmod_netcdfPnetcdf_check_dim,0,0,0,0,0,4,0,0,0,0,4
function@_QMmod_netcdfPnetcdf_check_var,0,0,0,0,0,4,0,0,0,0,4
function@_QMmod_netcdfPnetcdf_inq_var,0,0,0,0,0,4,0,0,0,0,4
function@_QMmod_netcdfPnetcdf_inq_varid,0,0,0,0,0,4,0,0,0,0,4
function@_QMmod_netcdfPnetcdf_get_fatt,0,0,0,0,0,4,0,0,0,0,4
function@_QMmod_netcdfPnetcdf_get_fvar_0d,0,0,0,0,0,4,0,0,0,0,4
function@_QMmod_netcdfPnetcdf_get_fvar_1d,0,0,0,0,0,4,0,0,0,0,4
function@_QMmod_netcdfPnetcdf_get_fvar_2d,0,0,0,0,0,4,0,0,0,0,4
function@_QMmod_netcdfPnetcdf_get_fvar_3d,0,0,0,0,0,4,0,0,0,0,4
function@_QMmod_netcdfPnetcdf_get_fvar_4d,0,0,0,0,0,4,0,0,0,0,4
function@_QMmod_netcdfPnetcdf_get_ivar_0d,0,0,0,0,0,4,0,0,0,0,4
function@_QMmod_netcdfPnetcdf_get_ivar_1d,0,0,0,0,0,4,0,0,0,0,4
function@_QMmod_netcdfPnetcdf_get_ivar_2d,0,0,0,0,0,4,0,0,0,0,4
function@_QMmod_netcdfPnetcdf_get_svar_0d,0,0,0,0,0,4,0,0,0,0,4
function@_QMmod_netcdfPnetcdf_get_svar_1d,0,0,0,0,0,4,0,0,0,0,4
function@_QMmod_netcdfPnetcdf_put_fvar_0d,0,0,0,0,0,4,0,0,0,0,4
function@_QMmod_netcdfPnetcdf_put_fvar_1d,0,0,0,0,0,4,0,0,0,0,4
function@_QMmod_netcdfPnetcdf_put_fvar_2d,0,0,0,0,0,4,0,0,0,0,4
function@_QMmod_netcdfPnetcdf_put_fvar_3d,0,0,0,0,0,4,0,0,0,0,4
function@_QMmod_netcdfPnetcdf_put_fvar_4d,0,0,0,0,0,4,0,0,0,0,4
function@_QMmod_netcdfPnetcdf_put_ivar_0d,0,0,0,0,0,4,0,0,0,0,4
function@_QMmod_netcdfPnetcdf_put_ivar_1d,0,0,0,0,0,4,0,0,0,0,4
function@_QMmod_netcdfPnetcdf_put_ivar_2d,0,0,0,0,0,4,0,0,0,0,4
function@_QMmod_netcdfPnetcdf_put_lvar_0d,0,0,0,0,0,4,0,0,0,0,4
function@_QMmod_netcdfPnetcdf_put_lvar_1d,0,0,0,0,0,4,0,0,0,0,4
function@_QMmod_netcdfPnetcdf_put_lvar_2d,0,0,0,0,0,4,0,0,0,0,4
function@_QMmod_netcdfPnetcdf_put_svar_0d,0,0,0,0,0,4,0,0,0,0,4
function@_QMmod_netcdfPnetcdf_put_svar_1d,0,0,0,0,0,4,0,0,0,0,4
function@_QMmod_netcdfPnetcdf_close,0,0,0,0,0,4,0,0,0,0,4
function@_QMmod_netcdfPnetcdf_create,0,0,0,0,0,4,0,0,0,0,4
function@_QMmod_netcdfPnetcdf_enddef,0,0,0,0,0,4,0,0,0,0,4
function@_QMmod_netcdfPnetcdf_open,0,0,0,0,0,4,0,0,0,0,4
function@_QMmod_netcdfPnetcdf_openid,0,0,0,0,0,0,0,0,0,0,0
function@_QMmod_netcdfPnetcdf_redef,0,0,0,0,0,4,0,0,0,0,4
function@_QMmod_netcdfPnetcdf_sync,0,0,0,0,0,4,0,0,0,0,4
function@nf90_get_var_,0,0,0,0,0,0,0,0,0,0,0
function@nf90_put_var_,0,0,0,0,0,0,0,0,0,0,0
function@nf90_def_var_,0,0,0,0,0,0,0,0,0,0,0
function@nf90_put_att_,0,0,0,0,0,0,0,0,0,0,0
function@nf90_get_dim_,0,0,0,0,0,0,0,0,0,0,0
function@nf90_def_dim_,0,0,0,0,0,0,0,0,0,0,0
function@nf90_strerror_,0,0,0,0,0,0,0,0,0,0,0
function@_QMlmd_skpp_modPlmd_skpp,44,0,0,43,0,11,44,0,43,0,11
function@_QMlmd_skpp_modPlmd_skpp_tile,2190,987,0,1032,224,239,957139,477750,290634,63786.5,145839
function@get_grid_,0,0,0,0,0,0,0,0,0,0,0
function@wrt_gst_,0,0,0,0,0,0,0,0,0,0,0
function@_QMnf_fread4d_modPnf_fread4d,66,45,0,59,19,23,48810.5,3215.54,31937.9,11.2439,2063.16
function@grid_coords_,0,0,0,0,0,0,0,0,0,0,0
function@wclock_on_,2,1,0,1,0,10,0.761905,1,1,0,10
function@wclock_off_,4,3,0,3,0,10,1.90476,1.80952,2.09524,0,9.71429
function@rep_matrix_,0,0,0,0,0,0,0,0,0,0,0
function@mod_arrays_,0,0,0,0,0,30,0,0,0,0,21.6667
function@mod_arrays_..omp_par,3,3,0,3,2,10,3,35.5,2.66667,22.25,2615.92
function@def_error_,0,0,0,0,0,0,0,0,0,0,0
function@def_norm_,0,0,0,0,0,0,0,0,0,0,0
function@def_gst_,0,0,0,0,0,0,0,0,0,0,0
function@_QMinterpolate_modPlinterp2d,7,9,0,12,5,7,684.5,703,689.5,429,644
function@_QMinterpolate_modPcinterp2d,111,86,0,81,6,46,22448.3,17502.8,13924.1,429.667,9388.67
function@_QMinterpolate_modPhindices,99,56,0,88,7,26,10535.9,9250.12,3582.29,533.059,7259.41
function@_QMinterpolate_modPtry_range,187,90,0,75,28,25,359.889,192.946,110.702,8.58974,97.1319
function@_QMinterpolate_modPinside,17,4,0,7,2,15,265.36,60.9767,58.7674,24.0698,164.733
function@_QMbc_3d_modPbc_r3d_tile,70,28,0,43,9,21,974.963,679.889,513.728,19.7901,228.84
function@_QMbc_3d_modPbc_u3d_tile,37,20,0,22,4,7,644.086,421.025,424.716,0.395062,206.556
function@_QMbc_3d_modPbc_v3d_tile,39,11,0,29,6,23,528.679,297.593,287.136,138.198,236.84
function@_QMbc_3d_modPbc_w3d_tile,70,28,0,43,9,21,974.963,679.889,513.728,19.7901,228.84
function@stats_modobs_,0,0,0,0,0,0,0,0,0,0,0
function@wrt_hessian_,0,0,0,0,0,0,0,0,0,0,0
function@wrt_his_,165,55,0,70,17,234,32.0323,6.21281,4.59805,0.245372,17.2059
function@_QMmod_couplingPallocate_coupling,105,4,0,20,3,18,104.5,4,20,3,17
function@_QMmod_couplingPinitialize_coupling,0,0,0,0,0,31,0,0,0,0,3713.58
function@_QMnf_fwrite2d_bry_modPnf_fwrite2d_bry,49,29,0,26,19,32,5452.95,4780.33,3436.43,720.667,2500.76
function@_QMwhite_noise_modPwhite_noise1d,19,0,0,5,1,60,14.9072,0,5,1,71.2093
function@_QMwhite_noise_modPwhite_noise2d,19,17,0,13,10,39,25.1393,70.4426,28.2787,63.9016,451.467
function@_QMwhite_noise_modPwhite_noise2d_bry,6,0,0,3,0,59,3.20765,0,3,0,86.307
function@_QMwhite_noise_modPwhite_noise3d,23,29,0,24,8,39,2107.79,1141.3,248.926,252.287,8039.3
function@_QMwhite_noise_modPwhite_noise3d_bry,33,19,0,28,8,45,1166.41,56.5,404,8.48684,419.289
function@get_ngfld_,182,35,0,64,11,158,81.0933,7.09358,37.773,5.80327,95.2358
function@regrid_,70,39,0,27,25,33,105.586,32.0391,15.125,10.5,41.1094
function@_QMv3dbc_modPv3dbc,4,0,0,4,0,2,4,0,4,0,2
function@_QMv3dbc_modPv3dbc_tile,9,12,0,8,4,17,15.5185,406.321,5.92593,0.395062,434.679
function@_QMstate_dotprod_modPstate_dotprod,167,75,0,98,14,35,553520,28670.6,360563,178308,92800.6
function@my_abort_,0,0,0,0,0,0,0,0,0,0,0
function@get_bounds_,2,0,0,1,0,6,2,0,1,0,6
function@get_domain_,10,0,0,2,0,11,5.12941,0,2,0,11
function@get_iobounds_,0,0,0,0,0,0,0,0,0,0,0
function@get_tile_,18,5,0,9,0,9,11.1905,3.47619,7.09524,0,6.71429
function@tile_bounds_1d_,0,0,0,0,0,6,0,0,0,0,4.5
function@tile_bounds_2d_,0,0,0,0,0,11,0,0,0,0,11
function@var_bounds_,0,0,0,0,0,0,0,0,0,0,0
function@_QMset_massflux_modPset_massflux,20,0,0,20,0,12,20,0,20,0,12
function@_QMset_massflux_modPset_massflux_tile,61,65,0,59,6,19,3237.48,52914.5,936.905,382.714,41272
function@_QMzetabc_modPzetabc,1,0,0,1,0,2,1,0,1,0,2
function@_QMzetabc_modPzetabc_tile,8,18,0,8,4,12,20.9412,32.1961,4.78431,10.3137,24.6274
function@_QMbc_2d_modPbc_r2d_tile,41,26,0,22,13,31,46.9267,33.511,18.9242,6.83374,29.6528
function@_QMbc_2d_modPbc_u2d_tile,32,21,0,16,4,23,51.5294,38.6863,19.4314,10.3137,31.6275
function@_QMbc_2d_modPbc_v2d_tile,23,16,0,11,10,26,18.7311,22.5892,6.76284,7.01467,24.5037
function@_QMnf_fread2d_modPnf_fread2d,258,93,0,155,7,34,25.1566,50.7725,21.6021,3.37249,45.2264
function@def_mod_,0,0,0,0,0,0,0,0,0,0,0
function@def_ini_,0,0,0,0,0,0,0,0,0,0,0
function@_QMv2dbc_modPv2dbc,1,0,0,1,0,2,1,0,1,0,2
function@_QMv2dbc_modPv2dbc_tile,2,6,0,2,6,10,0.470588,10.6275,2,10.7843,24.3137
function@_QMrhs3d_modPrhs3d,73,0,0,73,0,24,73,0,73,0,24
function@_QMrhs3d_modPrhs3d_tile,2043,1157,0,826,286,314,945598,738122,255177,96241.9,315742
function@def_rst_,0,0,0,0,0,3,0,0,0,0,3
function@_QMmod_paramPinitialize_param,0,0,0,0,0,0,0,0,0,0,0
function@get_ngfldr_,0,0,0,0,0,0,0,0,0,0,0
function@_QMset_2dfld_modPset_2dfld_tile,154,50,0,66,21,51,604.639,118.22,317.959,51.0567,263.445
function@_QMrho_eos_modPrho_eos,34,0,0,34,0,16,34,0,34,0,16
function@_QMrho_eos_modPrho_eos_tile,922,460,0,533,65,243,1.16602e+06,520688,834663,14316.2,388037
function@_QMstiffness_modPstiffness,2,0,0,2,0,2,2,0,2,0,2
function@_QMstiffness_modPstiffness_tile,158,58,0,120,24,67,88946.8,2239.17,62445.8,24446.1,37869.7
function@get_idata_,0,0,0,0,0,0,0,0,0,0,0
function@_QMprsgrd_modPprsgrd,28,1,0,24,0,6,28,1,24,0,6
function@_QMprsgrd_modPprsgrd_tile,627,412,0,328,90,189,731014,361098,201760,47403.8,405547
function@def_avg_,0,0,0,0,0,0,0,0,0,0,0
function@_QMu2dbc_modPu2dbc,1,0,0,1,0,2,1,0,1,0,2
function@_QMu2dbc_modPu2dbc_tile,8,18,0,8,4,12,20.9412,32.1961,4.78431,10.3137,24.6274
function@def_info_,435,139,0,41,1,308,59.2496,28.3672,40.4887,2.92969,46.8799
function@_QMstate_scale_modPstate_scale,62,52,0,48,4,28,15921.2,18954.5,1076.07,2.425,230311
function@wrt_diags_,0,0,0,0,0,0,0,0,0,0,0
function@_QMmod_ncparamPinitialize_ncparam,204,10,0,20,169,553,1172.92,201.616,427.626,24.7655,3222.38
function@_QMmod_scalarsPinitialize_scalars,58,5,0,14,1,19,52.4118,4,14,1,14.3529
function@obs_cost_,0,0,0,0,0,0,0,0,0,0,0
function@_QMnf_fread2d_bry_modPnf_fread2d_bry,34,38,0,32,4,24,528.385,2383.58,36.734,200.771,1162.88
function@_QMstate_addition_modPstate_addition,85,69,0,71,7,40,26773.7,39304.7,4825.35,3280.03,347240
function@wrt_tides_,0,0,0,0,0,0,0,0,0,0,0
function@wrt_rst_,83,4,0,27,4,111,8.68669,0.538932,3.69453,0.538825,7.01725
function@_QMomega_modPomega,24,0,0,12,0,13,24,0,12,0,13
function@_QMomega_modPomega_tile,164,102,0,68,25,40,64194.3,41008.5,24543.8,8825.17,28245
function@_QMomega_modPscale_omega,49,33,0,39,14,20,26129.2,10156.6,12289.7,4169.38,9267.38
function@wrt_impulse_,0,0,0,0,0,0,0,0,0,0,0
function@_QMextract_sta_modPextract_sta2d,43,35,0,27,11,46,62.1961,48.7941,22.6078,21.3137,53.549
function@_QMextract_sta_modPextract_sta3d,430,290,0,245,47,165,543.981,264.371,173.751,37.2535,131.507
function@get_gst_,0,0,0,0,0,0,0,0,0,0,0
function@checkerror_,9,0,0,5,0,29,5.7619,0,4.47619,0,20
function@output_,4,0,0,2,1,18,0.490798,0,0.319018,0.122699,8.27607
function@_QMexchange_3d_modPexchange_p3d_tile,17,33,0,14,4,10,330.889,1431.93,213.63,0.395062,412.642
function@_QMexchange_3d_modPexchange_r3d_tile,17,33,0,14,4,10,330.889,1431.93,213.63,0.395062,412.642
function@_QMexchange_3d_modPexchange_u3d_tile,17,33,0,14,4,10,330.889,1431.93,213.63,0.395062,412.642
function@_QMexchange_3d_modPexchange_v3d_tile,17,33,0,14,4,10,330.889,1431.93,213.63,0.395062,412.642
function@_QMexchange_3d_modPexchange_w3d_tile,17,33,0,14,4,10,330.889,1431.93,213.63,0.395062,412.642
function@def_floats_,0,0,0,0,0,0,0,0,0,0,0
function@get_date_,0,0,0,0,0,6,0,0,0,0,5.2381
function@day_code_,0,0,0,0,0,10,0,0,0,0,8.96
function@caldate_,53,2,0,37,0,10,13.0471,0.247059,9.94706,0,5.11176
function@ref_att_,18,9,0,14,0,16,18,9,14,0,16
function@time_string_,0,0,0,0,0,15,0,0,0,0,15
function@_QMset_vbc_modPset_vbc,27,0,0,27,0,12,27,0,27,0,12
function@_QMset_vbc_modPset_vbc_tile,89,84,0,83,23,41,5420.43,8379.07,1454,1861.1,4577.9
function@_QMset_depth_modPset_depth,4,0,0,4,0,5,4,0,4,0,5
function@_QMset_depth_modPset_depth_tile,279,144,0,131,69,57,40365,34930.7,8155.66,2000.79,32794.3
function@_QMstate_product_modPstate_product,197,103,0,119,35,61,467180,69792.3,212263,210146,269295
function@wrt_avg_,0,0,0,0,0,0,0,0,0,0,0
function@_QMstrings_modPfind_string,8,3,0,7,4,5,53.0769,20.9615,34.4615,11.7308,32.4615
function@_QMstrings_modPlowercase,0,0,0,0,0,13,0,0,0,0,50
function@_QMstrings_modPuppercase,0,0,0,0,0,13,0,0,0,0,50
function@_QMstep3d_uv_modPstep3d_uv,159,0,0,80,0,17,159,0,80,0,17
function@_QMstep3d_uv_modPstep3d_uv_tile,1815,1068,0,452,291,370,704796,445611,55120.7,28399.8,306064
function@ludcmp_,37,20,0,11,6,27,1307.1,1573.35,69.1176,8.75,545.647
function@obs_write_,0,0,0,0,0,0,0,0,0,0,0
function@_QMstate_copy_modPstate_copy,85,69,0,70,6,36,26681.5,39304.7,4538.65,3.225,343797
function@ran1_s_,0,0,0,0,0,3,0,0,0,0,3
function@ran1_v_,0,0,0,0,0,3,0,0,0,0,3
function@_QMmod_parallelPinitialize_parallel,0,0,0,0,0,9,0,0,0,0,9
function@main3d_,36,0,0,1,0,5,16.9805,0,1,0,5
function@main3d_..omp_par.13,3,3,0,3,2,7,3,35.5,2.66667,22.25,930.833
function@main3d_..omp_par.12,8,3,0,4,3,7,47.8333,30.1667,3.66667,22.9167,349.5
function@main3d_..omp_par.11,8,3,0,4,3,7,47.8333,30.1667,3.66667,22.9167,349.5
function@main3d_..omp_par.10,3,3,0,3,2,7,3,35.5,2.66667,22.25,930.833
function@main3d_..omp_par.9,8,3,0,4,3,7,47.8333,30.1667,3.66667,22.9167,349.5
function@main3d_..omp_par.8,8,3,0,4,3,7,47.8333,30.1667,3.66667,22.9167,349.5
function@main3d_..omp_par.7,8,3,0,4,3,7,47.8333,30.1667,3.66667,22.9167,349.5
function@main3d_..omp_par.6,3,3,0,3,2,7,3,35.5,2.66667,22.25,930.833
function@main3d_..omp_par.5,8,3,0,4,3,12,47.8333,30.1667,3.66667,22.9167,1629.08
function@main3d_..omp_par.4,3,3,0,3,2,9,3,35.5,2.66667,22.25,1784
function@main3d_..omp_par.3,3,3,0,3,2,11,3,35.5,2.66667,22.25,2637.17
function@main3d_..omp_par.2,8,3,0,4,3,7,47.8333,30.1667,3.66667,22.9167,349.5
function@main3d_..omp_par.1,3,3,0,3,2,7,3,35.5,2.66667,22.25,930.833
function@main3d_..omp_par,3,3,0,3,2,7,3,35.5,2.66667,22.25,930.833
function@_QMbc_bry2d_modPbc_r2d_bry_tile,0,0,0,0,0,9,0,0,0,0,5.9375
function@_QMbc_bry2d_modPbc_u2d_bry_tile,0,0,0,0,0,12,0,0,0,0,7.40625
function@_QMbc_bry2d_modPbc_v2d_bry_tile,0,0,0,0,0,12,0,0,0,0,7.40625
function@wrt_ini_,0,0,0,0,0,0,0,0,0,0,0
function@_QMmod_oceanPallocate_ocean,162,17,0,48,6,23,161.5,17,48,6,22
function@_QMmod_oceanPinitialize_ocean,11,46,0,14,5,92,5782.96,6808.16,173.48,15.28,1.13947e+06
