Comando: /home/mpvreal/Code/Faculdade/tcc/llvm/build/bin/llc --march=aarch64 --regalloc=basic -o -
Heurística: original
function@_Z10exit_usagePKc,0,0,0,0,0,1,0,0,0,0,1
function@_Z8NAMD_bugPKc,0,0,0,0,0,1,0,0,0,0,1
function@_Z8NAMD_diePKc,0,0,0,0,0,1,0,0,0,0,1
function@main,43,0,0,16,0,113,574.221,0,130.549,0,301.232
function@_ZN9ResultSetD2Ev,0,0,0,0,0,1,0,0,0,0,1
function@__clang_call_terminate,0,0,0,0,0,0,0,0,0,0,0
function@_ZN20ComputeNonbondedUtil20calc_pair_energy_fepEP9nonbonded,871,0,0,245,0,154,14396.3,0,4275.79,0,1414.84
function@_Z22pairlist_from_pairlistddddPK8CompAtomPKtiPtdPd,0,0,0,0,0,15,0,0,0,0,66.84
function@_Z24fep_vdw_forceandenergiesdddddddddiidddPdS_S_,56,0,0,12,0,18,18.8824,0,7.70588,0,10.6471
function@_ZN20ComputeNonbondedUtil30calc_pair_energy_fullelect_fepEP9nonbonded,1037,0,0,358,0,156,26690.3,0,10105.1,0,1620.44
function@_ZN20ComputeNonbondedUtil36calc_pair_energy_merge_fullelect_fepEP9nonbonded,965,0,0,268,0,155,18492.4,0,5282.4,0,1626.86
function@_ZN20ComputeNonbondedUtil35calc_pair_energy_slow_fullelect_fepEP9nonbonded,797,0,0,212,0,148,9573.21,0,3136.22,0,850.318
function@_ZN20ComputeNonbondedUtil20calc_self_energy_fepEP9nonbonded,813,0,0,227,0,160,11625.5,0,2720.81,0,1264.43
function@_ZN20ComputeNonbondedUtil30calc_self_energy_fullelect_fepEP9nonbonded,1046,0,0,278,0,169,19579.3,0,4730.32,0,1179.75
function@_ZN20ComputeNonbondedUtil36calc_self_energy_merge_fullelect_fepEP9nonbonded,909,0,0,233,0,162,15200.5,0,2808.37,0,1762.39
function@_ZN20ComputeNonbondedUtil35calc_self_energy_slow_fullelect_fepEP9nonbonded,740,0,0,191,0,179,8256.69,0,2124.15,0,979.61
function@_ZN14ResizeArrayRawI6VectorE6resizeEi,0,0,0,0,0,6,0,0,0,0,2.72941
function@_ZN5PatchC2Ev,0,0,0,0,0,0,0,0,0,0,0
function@_ZN5PatchD2Ev,0,0,0,0,0,1,0,0,0,0,1
function@_ZN5Patch9moveatomsEv,0,0,0,0,0,8,0,0,0,0,88
function@_ZN5Patch10zeroforcesEv,0,0,0,0,0,0,0,0,0,0,0
function@_ZN5Patch9setforcesEP6VectorS1_,0,0,0,0,0,2,0,0,0,0,1.33333
function@_ZN5Patch8readfileEP8_IO_FILEP8Molecule,0,0,0,0,0,29,0,0,0,0,7.19157
function@_ZN9ResultSet9writefileEP8_IO_FILE,0,0,0,0,0,25,0,0,0,0,25
function@_ZN9ResultSet8readfileEP8_IO_FILE,0,0,0,0,0,25,0,0,0,0,25
function@_Z5equaldd,0,0,0,0,0,0,0,0,0,0,0
function@_Z5equalPdS_,0,0,0,0,0,1,0,0,0,0,8.583e-06
function@_Z5equalPdS_S_S_,0,0,0,0,0,1,0,0,0,0,8.583e-06
function@_ZN9ResultSet5checkEv,0,0,0,0,0,0,0,0,0,0,0
function@_ZN9ResultSet8samemodeERS_,0,0,0,0,0,0,0,0,0,0,0
function@_ZN9ResultSet7compareERS_,0,0,0,0,0,14,0,0,0,0,6.99999
function@_ZN9PatchListC2ER7Lattice,0,0,0,0,0,1,0,0,0,0,1
function@_ZN9PatchListD2Ev,0,0,0,0,0,6,0,0,0,0,2.25002
function@__clang_call_terminate,0,0,0,0,0,0,0,0,0,0,0
function@_ZN9PatchList9moveatomsEv,0,0,0,0,0,3,0,0,0,0,2.33333
function@_ZN9PatchList11zeroresultsEv,0,0,0,0,0,3,0,0,0,0,2.33333
function@_ZN9PatchList10setresultsEP9ResultSet,0,0,0,0,0,9,0,0,0,0,4.875
function@_ZN9PatchList8readfileEP8_IO_FILEP8Molecule,0,0,0,0,0,20,0,0,0,0,8.4499
function@_ZN7LJTableC2Ev,0,0,0,0,0,0,0,0,0,0,0
function@_ZN7LJTable8readfileEP8_IO_FILE,0,0,0,0,0,11,0,0,0,0,8.02929
function@_ZN7LJTableD2Ev,0,0,0,0,0,0,0,0,0,0,0
function@_ZN7LJTable18compute_vdw_paramsEiiPNS_10TableEntryES1_,0,0,0,0,0,0,0,0,0,0,0
function@_ZN20ComputeNonbondedUtil9calc_pairEP9nonbonded,365,0,0,109,0,85,2053.04,0,801.972,0,143.808
function@_Z22pairlist_from_pairlistddddPK8CompAtomPKtiPtdPd,0,0,0,0,0,15,0,0,0,0,66.84
function@_ZN20ComputeNonbondedUtil16calc_pair_energyEP9nonbonded,391,0,0,114,0,82,2515.94,0,813.453,0,276.588
function@_ZN20ComputeNonbondedUtil19calc_pair_fullelectEP9nonbonded,412,0,0,147,0,96,4699.47,0,2361.31,0,169.75
function@_ZN20ComputeNonbondedUtil26calc_pair_energy_fullelectEP9nonbonded,454,0,0,164,0,90,5847.51,0,2889.26,0,373.585
function@_ZN20ComputeNonbondedUtil25calc_pair_merge_fullelectEP9nonbonded,373,0,0,117,0,90,2545.88,0,1179.44,0,168.83
function@_ZN20ComputeNonbondedUtil32calc_pair_energy_merge_fullelectEP9nonbonded,422,0,0,122,0,84,3450.67,0,1117.28,0,357.566
function@_ZN20ComputeNonbondedUtil24calc_pair_slow_fullelectEP9nonbonded,365,0,0,118,0,91,2361.95,0,1179.95,0,169.275
function@_ZN20ComputeNonbondedUtil31calc_pair_energy_slow_fullelectEP9nonbonded,416,0,0,124,0,89,3062.11,0,1176.75,0,375.711
function@_ZN20ComputeNonbondedUtil9calc_selfEP9nonbonded,391,0,0,102,0,88,1637.06,0,228.239,0,142.982
function@_ZN20ComputeNonbondedUtil16calc_self_energyEP9nonbonded,407,0,0,105,0,88,1709.78,0,233.829,0,281.922
function@_ZN20ComputeNonbondedUtil19calc_self_fullelectEP9nonbonded,451,0,0,134,0,104,3099.06,0,833.697,0,169.614
function@_ZN20ComputeNonbondedUtil26calc_self_energy_fullelectEP9nonbonded,475,0,0,143,0,106,3468.58,0,918.638,0,392.298
function@_ZN20ComputeNonbondedUtil25calc_self_merge_fullelectEP9nonbonded,397,0,0,103,0,95,1959.5,0,302.819,0,161.696
function@_ZN20ComputeNonbondedUtil32calc_self_energy_merge_fullelectEP9nonbonded,418,0,0,116,0,96,2214.88,0,532.553,0,380.712
function@_ZN20ComputeNonbondedUtil24calc_self_slow_fullelectEP9nonbonded,416,0,0,111,0,94,2166.74,0,303.216,0,161.603
function@_ZN20ComputeNonbondedUtil31calc_self_energy_slow_fullelectEP9nonbonded,431,0,0,117,0,97,2276.79,0,307.353,0,380.981
function@_ZN20ComputeNonbondedUtil20calc_pair_energy_intEP9nonbonded,400,0,0,119,0,92,4245.11,0,773.063,0,240.486
function@_ZN20ComputeNonbondedUtil30calc_pair_energy_fullelect_intEP9nonbonded,522,0,0,171,0,90,8618.54,0,2462.95,0,319.071
function@_ZN20ComputeNonbondedUtil36calc_pair_energy_merge_fullelect_intEP9nonbonded,439,0,0,130,0,89,5613.02,0,1063.13,0,311.796
function@_ZN20ComputeNonbondedUtil20calc_self_energy_intEP9nonbonded,502,0,0,124,0,90,2946.15,0,461.804,0,222.815
function@_ZN20ComputeNonbondedUtil30calc_self_energy_fullelect_intEP9nonbonded,598,0,0,154,0,104,5520.36,0,738.962,0,304.847
function@_ZN20ComputeNonbondedUtil36calc_self_energy_merge_fullelect_intEP9nonbonded,506,0,0,126,0,98,3651.3,0,465.885,0,294.203
function@_ZN14ResizeArrayRawI6VectorE6resizeEi,0,0,0,0,0,6,0,0,0,0,2.72941
function@_ZN8MoleculeC2Ev,0,0,0,0,0,5,0,0,0,0,2
function@_ZN8MoleculeD2Ev,0,0,0,0,0,4,0,0,0,0,2.24074
function@_ZN8Molecule8readfileEP8_IO_FILE,2,0,0,1,0,15,0.450611,0,0.234375,0,7.33947
function@_ZN11ObjectArenaIcE11getNewArrayEi,0,0,0,0,0,5,0,0,0,0,2.5
function@_ZN11ResizeArrayIPcED2Ev,0,0,0,0,0,1,0,0,0,0,0.352941
function@_ZN11ResizeArrayIPcED0Ev,0,0,0,0,0,3,0,0,0,0,2.35294
function@_ZN14ResizeArrayRawIPcE3insERKS0_i,0,0,0,0,0,7,0,0,0,0,3.98824
function@_Z9dummy_erfi,0,0,0,0,0,0,0,0,0,0,0
function@_ZN26ComputeNonbondedWorkArraysC2Ev,22,0,0,15,0,37,13.9999,0,14.9999,0,9
function@_ZN26ComputeNonbondedWorkArraysD2Ev,0,0,0,0,0,20,0,0,0,0,7.70588
function@_ZN11SelfCompute6doWorkEP9PatchList,0,0,0,0,0,1,0,0,0,0,1
function@_ZN11PairCompute6doWorkEP9PatchList,0,0,0,0,0,0,0,0,0,0,0
function@_ZN11ResizeArrayI6VectorED2Ev,0,0,0,0,0,1,0,0,0,0,0.352941
function@__clang_call_terminate,0,0,0,0,0,0,0,0,0,0,0
function@_ZN11ResizeArrayItED2Ev,0,0,0,0,0,1,0,0,0,0,0.352941
function@_ZN11ResizeArrayIdED2Ev,0,0,0,0,0,1,0,0,0,0,0.352941
function@_ZN11ResizeArrayItED0Ev,0,0,0,0,0,3,0,0,0,0,2.35294
function@_ZN11ResizeArrayIdED0Ev,0,0,0,0,0,3,0,0,0,0,2.35294
function@_ZN14ResizeArrayRawI6VectorE6resizeEi,0,0,0,0,0,6,0,0,0,0,2.72941
function@_ZN11ResizeArrayI6VectorED0Ev,0,0,0,0,0,3,0,0,0,0,2.35294
function@_GLOBAL__sub_I_Compute.C,0,0,0,0,0,2,0,0,0,0,2
function@_ZN13SimParametersC2Ev,0,0,0,0,0,0,0,0,0,0,0
function@_ZN13SimParameters8setparamEPKcS1_,0,0,0,0,0,134,0,0,0,0,12.729
function@_Z11parse_paramPKcS0_S0_Ri,0,0,0,0,0,5,0,0,0,0,4
function@_Z11parse_paramPKcS0_S0_Rd,0,0,0,0,0,4,0,0,0,0,3
function@_ZN13SimParameters8readfileEP8_IO_FILE,0,0,0,0,0,16,0,0,0,0,12.1282
function@_ZN7Lattice3setE6VectorS0_S0_S0_,0,0,0,0,0,9,0,0,0,0,7.35294
function@_ZN11ComputeListC2Ev,0,0,0,0,0,0,0,0,0,0,0
function@_ZN11ComputeListD2Ev,0,0,0,0,0,5,0,0,0,0,3.47619
function@_ZN11ComputeList8readfileEP8_IO_FILEP9PatchList,11,0,0,3,0,24,0.380572,0,0.256391,0,6.53407
function@_ZN11ComputeList11runComputesEP9PatchList,0,0,0,0,0,8,0,0,0,0,47.1667
function@_ZN20ComputeNonbondedUtil13calc_pair_lesEP9nonbonded,369,0,0,111,0,84,2058.57,0,805.67,0,143.371
function@_Z22pairlist_from_pairlistddddPK8CompAtomPKtiPtdPd,0,0,0,0,0,15,0,0,0,0,66.84
function@_ZN20ComputeNonbondedUtil20calc_pair_energy_lesEP9nonbonded,395,0,0,116,0,81,2521.47,0,817.151,0,276.151
function@_ZN20ComputeNonbondedUtil23calc_pair_fullelect_lesEP9nonbonded,421,0,0,147,0,91,4732.27,0,2360.11,0,168.632
function@_ZN20ComputeNonbondedUtil30calc_pair_energy_fullelect_lesEP9nonbonded,483,0,0,177,0,88,7703.38,0,3707.11,0,369.448
function@_ZN20ComputeNonbondedUtil29calc_pair_merge_fullelect_lesEP9nonbonded,376,0,0,119,0,89,2550.72,0,1183.14,0,165.129
function@_ZN20ComputeNonbondedUtil36calc_pair_energy_merge_fullelect_lesEP9nonbonded,425,0,0,124,0,83,3455.5,0,1120.98,0,353.865
function@_ZN20ComputeNonbondedUtil28calc_pair_slow_fullelect_lesEP9nonbonded,368,0,0,118,0,90,2390.27,0,1179.63,0,168.83
function@_ZN20ComputeNonbondedUtil35calc_pair_energy_slow_fullelect_lesEP9nonbonded,390,0,0,125,0,88,2766.92,0,1190.54,0,379.395
function@_ZN20ComputeNonbondedUtil13calc_self_lesEP9nonbonded,391,0,0,100,0,90,1640.98,0,224.082,0,143.345
function@_ZN20ComputeNonbondedUtil20calc_self_energy_lesEP9nonbonded,407,0,0,103,0,90,1713.69,0,229.672,0,282.285
function@_ZN20ComputeNonbondedUtil23calc_self_fullelect_lesEP9nonbonded,451,0,0,136,0,102,3105.32,0,839.711,0,156.927
function@_ZN20ComputeNonbondedUtil30calc_self_energy_fullelect_lesEP9nonbonded,485,0,0,148,0,104,4206.15,0,1144.04,0,379.611
function@_ZN20ComputeNonbondedUtil29calc_self_merge_fullelect_lesEP9nonbonded,401,0,0,105,0,93,1967.96,0,306.475,0,156.898
function@_ZN20ComputeNonbondedUtil36calc_self_energy_merge_fullelect_lesEP9nonbonded,422,0,0,118,0,94,2223.33,0,536.21,0,375.913
function@_ZN20ComputeNonbondedUtil28calc_self_slow_fullelect_lesEP9nonbonded,420,0,0,111,0,94,2177.94,0,304.131,0,161.603
function@_ZN20ComputeNonbondedUtil35calc_self_energy_slow_fullelect_lesEP9nonbonded,435,0,0,119,0,95,2284.07,0,312.424,0,380.618
function@_ZN14ResizeArrayRawI6VectorE6resizeEi,0,0,0,0,0,6,0,0,0,0,2.72941
function@_ZN20ComputeNonbondedUtil15calc_pair_pprofEP9nonbonded,474,0,0,129,0,79,3603.35,0,711.783,0,118.742
function@_Z22pairlist_from_pairlistddddPK8CompAtomPKtiPtdPd,0,0,0,0,0,15,0,0,0,0,66.84
function@_ZN20ComputeNonbondedUtil22calc_pair_energy_pprofEP9nonbonded,481,0,0,130,0,79,3750.96,0,714.302,0,234.247
function@_ZN20ComputeNonbondedUtil25calc_pair_fullelect_pprofEP9nonbonded,533,0,0,170,0,82,7214.25,0,2012.46,0,116.412
function@_ZN20ComputeNonbondedUtil32calc_pair_energy_fullelect_pprofEP9nonbonded,650,0,0,200,0,85,12603.6,0,3549.3,0,299.42
function@_ZN20ComputeNonbondedUtil31calc_pair_merge_fullelect_pprofEP9nonbonded,443,0,0,125,0,91,4645.68,0,1016.4,0,130.319
function@_ZN20ComputeNonbondedUtil38calc_pair_energy_merge_fullelect_pprofEP9nonbonded,463,0,0,131,0,89,5125.36,0,1084.06,0,300.541
function@_ZN20ComputeNonbondedUtil30calc_pair_slow_fullelect_pprofEP9nonbonded,486,0,0,133,0,79,3918.74,0,1018.46,0,115.879
function@_ZN20ComputeNonbondedUtil37calc_pair_energy_slow_fullelect_pprofEP9nonbonded,494,0,0,134,0,82,4076.29,0,1016.16,0,301.349
function@_ZN20ComputeNonbondedUtil15calc_self_pprofEP9nonbonded,503,0,0,124,0,86,3016.9,0,243.922,0,92.6292
function@_ZN20ComputeNonbondedUtil22calc_self_energy_pprofEP9nonbonded,523,0,0,130,0,86,3066.37,0,250.282,0,215.666
function@_ZN20ComputeNonbondedUtil25calc_self_fullelect_pprofEP9nonbonded,584,0,0,151,0,107,5961.63,0,746.156,0,121.864
function@_ZN20ComputeNonbondedUtil32calc_self_energy_fullelect_pprofEP9nonbonded,661,0,0,175,0,103,9846.51,0,1688.2,0,288.277
function@_ZN20ComputeNonbondedUtil31calc_self_merge_fullelect_pprofEP9nonbonded,504,0,0,124,0,98,4021.28,0,300.335,0,113.143
function@_ZN20ComputeNonbondedUtil38calc_self_energy_merge_fullelect_pprofEP9nonbonded,533,0,0,137,0,96,4317.15,0,496.116,0,285.118
function@_ZN20ComputeNonbondedUtil30calc_self_slow_fullelect_pprofEP9nonbonded,515,0,0,125,0,91,3463.1,0,296.341,0,108.669
function@_ZN20ComputeNonbondedUtil37calc_self_energy_slow_fullelect_pprofEP9nonbonded,530,0,0,134,0,93,3732.74,0,493.348,0,287.77
function@_ZN14ResizeArrayRawI6VectorE6resizeEi,0,0,0,0,0,6,0,0,0,0,2.72941
function@_ZN20ComputeNonbondedUtil10calc_errorEP9nonbonded,0,0,0,0,0,0,0,0,0,0,0
function@_ZN20ComputeNonbondedUtil6selectEP13SimParametersP8MoleculeP7LJTable,112,0,0,43,0,51,2487.01,0,211.825,0,2849.36
