Comando: /home/mpvreal/Code/Faculdade/tcc/llvm/build/bin/llc -march=x86 --regalloc=greedy -o -
Heurística: div(cost,mul(area,degree))
~&SPILL_STATS,0, 0, 0, 0, 0, 0, 0, 0, 0, 0, 0
~&SPILL_STATS,0, 0, 0, 0, 0, 0, 0, 0, 0, 0, 0
~&SPILL_STATS,75, 23, 0, 53, 26, 98, 11.9861, 7.76402, 20.3055, 7.0994, 159.067
~&SPILL_STATS,0, 0, 0, 0, 0, 13, 0, 0, 0, 0, 2.52679
~&SPILL_STATS,142, 0, 0, 142, 0, 6, 142, 0, 142, 0, 6
~&SPILL_STATS,151, 65, 0, 112, 7, 93, 57539, 13391.5, 7143.23, 2.0696, 9076.16
~&SPILL_STATS,166, 15, 0, 48, 18, 42, 165, 15, 44, 16, 40
~&SPILL_STATS,108, 61, 0, 86, 1, 91, 1.00444e+06, 903187, 636647, 6.36, 999151
~&SPILL_STATS,31, 0, 0, 31, 0, 4, 31, 0, 31, 0, 4
~&SPILL_STATS,17, 7, 0, 25, 1, 18, 1336.65, 2470.05, 894.35, 0.5, 2094
~&SPILL_STATS,13, 7, 0, 12, 0, 240, 4.79933, 0.820566, 3.0433, 0, 184.784
~&SPILL_STATS,70, 36, 0, 73, 5, 55, 572417, 363868, 93015.8, 196.413, 332612
~&SPILL_STATS,11, 4, 0, 6, 1, 17, 110.32, 36.36, 4.2, 0.32, 130.68
~&SPILL_STATS,11, 4, 0, 6, 1, 17, 110.32, 36.36, 4.2, 0.32, 130.68
~&SPILL_STATS,8, 7, 0, 6, 1, 14, 79.72, 66.96, 4.2, 0.32, 109.64
~&SPILL_STATS,14, 52, 0, 18, 30, 26, 83.3235, 2338.63, 111.804, 1338.15, 313.098
~&SPILL_STATS,33, 8, 0, 16, 13, 25, 1117.49, 245.882, 182.412, 459.882, 308.402
~&SPILL_STATS,47, 13, 0, 51, 3, 27, 1866.68, 376.196, 1746.3, 76.9216, 403.765
~&SPILL_STATS,0, 0, 0, 0, 0, 1, 0, 0, 0, 0, 1
~&SPILL_STATS,34, 12, 0, 20, 0, 33, 160.156, 67.6562, 39.2188, 0, 149.711
~&SPILL_STATS,23, 16, 0, 18, 0, 37, 124.609, 94.6094, 32.9688, 0, 156.938
~&SPILL_STATS,145, 25, 0, 114, 4, 81, 402.705, 91.3953, 301.16, 0.811768, 181.681
~&SPILL_STATS,47, 35, 0, 43, 1, 38, 3568.91, 2013.67, 850.176, 0.3125, 2084.03
~&SPILL_STATS,52, 32, 0, 42, 1, 40, 3550.16, 1695.23, 630.176, 0.3125, 2696.84
~&SPILL_STATS,153, 0, 0, 153, 0, 8, 153, 0, 153, 0, 8
~&SPILL_STATS,304, 102, 0, 157, 19, 129, 497264, 189601, 119659, 12967.1, 121496
~&SPILL_STATS,62, 0, 0, 62, 0, 4, 62, 0, 62, 0, 4
~&SPILL_STATS,42, 7, 0, 47, 3, 33, 136805, 31211.8, 22718.3, 30.0588, 83001.4
~&SPILL_STATS,61, 28, 0, 60, 1, 21, 691624, 664277, 419867, 655.32, 406185
~&SPILL_STATS,0, 0, 0, 0, 0, 0, 0, 0, 0, 0, 0
~&SPILL_STATS,84, 25, 0, 49, 30, 43, 9001.62, 3530.68, 2130.65, 3534.02, 2727.32
~&SPILL_STATS,93, 37, 0, 87, 2, 71, 766700, 2.06067e+06, 732868, 0.758242, 1.75479e+06
~&SPILL_STATS,16, 5, 0, 10, 13, 20, 64.5351, 10.3511, 20.7143, 49.1961, 46.3656
~&SPILL_STATS,298, 16, 0, 288, 3, 166, 5.06094e-06, 6.83591e-06, 2, 1.67638e-07, 4.00062
~&SPILL_STATS,146, 0, 0, 146, 0, 7, 146, 0, 146, 0, 7
~&SPILL_STATS,414, 147, 0, 254, 71, 228, 1.69455e+07, 6.12845e+06, 4.08562e+06, 2.73642e+06, 6.48745e+06
~&SPILL_STATS,225, 0, 0, 224, 0, 10, 225, 0, 224, 0, 10
~&SPILL_STATS,246, 93, 0, 202, 19, 140, 705108, 680776, 413079, 51.8529, 417747
~&SPILL_STATS,34, 0, 0, 34, 0, 10, 34, 0, 34, 0, 10
~&SPILL_STATS,33, 13, 0, 42, 1, 40, 1511.13, 3203, 808.13, 0.5, 2158.98
~&SPILL_STATS,112, 5, 0, 38, 58, 66, 403.788, 23.1765, 100.859, 112.518, 249.306
~&SPILL_STATS,144, 49, 0, 112, 4, 84, 47852.9, 32617.1, 14734.2, 2.11538, 21199.1
~&SPILL_STATS,24, 3, 0, 27, 0, 107, 240.559, 135.576, 376.136, 0, 4005.29
~&SPILL_STATS,18, 9, 0, 17, 1, 39, 290.85, 618.85, 169.35, 2.85, 889.2
~&SPILL_STATS,0, 0, 0, 0, 0, 1, 0, 0, 0, 0, 1
~&SPILL_STATS,0, 0, 0, 0, 0, 1, 0, 0, 0, 0, 1
~&SPILL_STATS,538, 84, 0, 119, 26, 132, 531.5, 84, 116, 21.5, 119.5
~&SPILL_STATS,34, 61, 0, 34, 0, 144, 39043.2, 54548.6, 26118.1, 0, 92871.2
~&SPILL_STATS,469, 3, 0, 470, 0, 14, 469, 3, 470, 0, 14
~&SPILL_STATS,852, 448, 0, 725, 41, 426, 2.09264e+07, 1.28492e+07, 6.12238e+06, 48946.5, 6.7861e+06
~&SPILL_STATS,50, 2, 0, 51, 0, 607, 31.625, 2, 51, 0, 2087
~&SPILL_STATS,0, 0, 0, 0, 0, 0, 0, 0, 0, 0, 0
~&SPILL_STATS,35, 17, 0, 27, 3, 51, 228.077, 217.616, 226.912, 0.21972, 578.884
~&SPILL_STATS,74, 38, 0, 63, 23, 117, 24.381, 39.1868, 37.7227, 8.91423, 185.648
~&SPILL_STATS,54, 18, 0, 47, 4, 34, 10381.8, 5049.44, 5156.03, 1.75, 3260.98
~&SPILL_STATS,6, 0, 0, 0, 6, 0, 41.75, 0, 0, 3, 0
~&SPILL_STATS,317, 83, 0, 110, 82, 155, 10084.6, 3923.39, 2814, 4294.07, 3416.37
~&SPILL_STATS,0, 0, 0, 0, 0, 4, 0, 0, 0, 0, 2.21875
~&SPILL_STATS,105, 44, 0, 57, 0, 82, 137.648, 122.525, 231.025, 0, 430.279
~&SPILL_STATS,335, 316, 0, 320, 123, 987, 17.1425, 405.817, 22.5044, 378.901, 154.585
~&SPILL_STATS,40, 23, 0, 26, 6, 104, 15.6327, 25.7449, 15.9286, 1.4949, 179.643
~&SPILL_STATS,0, 0, 0, 0, 0, 1, 0, 0, 0, 0, 0.5
~&SPILL_STATS,0, 0, 0, 0, 0, 0, 0, 0, 0, 0, 0
~&SPILL_STATS,0, 0, 0, 0, 0, 1, 0, 0, 0, 0, 0.5
~&SPILL_STATS,53, 7, 0, 39, 23, 28, 120.603, 15.7304, 72.7647, 46.0833, 47.9216
~&SPILL_STATS,3, 10, 0, 8, 3, 15, 0.928571, 91.5952, 41.8095, 30.4286, 83.9524
~&SPILL_STATS,28, 6, 0, 11, 24, 31, 101.637, 15.5098, 7.34314, 91.4412, 64.7843
~&SPILL_STATS,71, 51, 0, 72, 47, 78, 26.4487, 42.0181, 25.1968, 3.5459, 126.812
~&SPILL_STATS,15, 16, 0, 22, 0, 26, 84.6905, 142.619, 48.9048, 0, 71.1429
~&SPILL_STATS,15, 16, 0, 22, 0, 26, 84.6905, 142.619, 48.9048, 0, 71.1429
~&SPILL_STATS,15, 16, 0, 22, 0, 26, 84.6905, 142.619, 48.9048, 0, 71.1429
~&SPILL_STATS,15, 16, 0, 22, 0, 26, 84.6905, 142.619, 48.9048, 0, 71.1429
~&SPILL_STATS,104, 65, 0, 84, 4, 73, 4427.58, 6114.24, 2077.64, 128.467, 3213.38
~&SPILL_STATS,91, 62, 0, 81, 5, 63, 86591.9, 118528, 45832.5, 2958.32, 71734.3
~&SPILL_STATS,92, 31, 0, 54, 13, 78, 1043.58, 1102.13, 798.859, 55.4588, 2369.4
~&SPILL_STATS,255, 0, 0, 253, 0, 11, 255, 0, 253, 0, 11
~&SPILL_STATS,219, 75, 0, 223, 11, 91, 1.26004e+06, 526180, 265038, 1284.12, 175743
~&SPILL_STATS,0, 0, 0, 0, 0, 5, 0, 0, 0, 0, 25.9839
~&SPILL_STATS,0, 0, 0, 0, 0, 0, 0, 0, 0, 0, 0
~&SPILL_STATS,0, 0, 0, 0, 0, 4, 0, 0, 0, 0, 41.25
~&SPILL_STATS,576, 0, 0, 574, 0, 9, 576, 0, 574, 0, 9
~&SPILL_STATS,1728, 836, 0, 1251, 90, 922, 86546.6, 55642.5, 28696.7, 1018.97, 28615.9
~&SPILL_STATS,208, 22, 0, 50, 12, 53, 205.5, 22, 48, 10, 47.5
~&SPILL_STATS,50, 10, 0, 21, 1, 45, 51442.6, 33177.4, 21251.6, 204.775, 46288.8
~&SPILL_STATS,37, 9, 0, 31, 0, 20, 1242.73, 398.446, 565.536, 0, 413.018
~&SPILL_STATS,24, 0, 0, 24, 0, 3, 24, 0, 24, 0, 3
~&SPILL_STATS,25, 12, 0, 32, 0, 33, 893.441, 2409.35, 648.647, 0, 1680.96
~&SPILL_STATS,85, 38, 0, 79, 3, 95, 47.1804, 38.4446, 40.343, 2.2889e-07, 107.558
~&SPILL_STATS,401, 0, 0, 400, 0, 34, 401, 0, 400, 0, 34
~&SPILL_STATS,344, 104, 0, 297, 34, 167, 61023.9, 42884.9, 15720, 5615.52, 36945
~&SPILL_STATS,30, 0, 0, 30, 0, 3, 30, 0, 30, 0, 3
~&SPILL_STATS,28, 15, 0, 37, 0, 31, 1295.19, 2817.18, 1050.78, 0, 1674.43
~&SPILL_STATS,60, 19, 0, 36, 20, 84, 6645.72, 1699.66, 613.594, 1370.47, 5797.44
~&SPILL_STATS,49, 14, 0, 45, 5, 30, 532124, 515571, 321827, 13.7636, 216610
~&SPILL_STATS,177, 0, 0, 176, 0, 10, 177, 0, 176, 0, 10
~&SPILL_STATS,260, 132, 0, 219, 12, 110, 506305, 279895, 135765, 11998.5, 136526
~&SPILL_STATS,229, 0, 0, 229, 0, 9, 229, 0, 229, 0, 9
~&SPILL_STATS,634, 76, 0, 182, 262, 174, 763249, 23941.3, 22960.7, 303248, 62219.9
~&SPILL_STATS,22, 0, 0, 0, 14, 1, 11, 0, 0, 7, 0.25
~&SPILL_STATS,15, 0, 0, 0, 10, 1, 7.5, 0, 0, 5.5, 0.25
~&SPILL_STATS,33, 10, 0, 41, 0, 17, 33981.5, 26217.2, 20561.3, 0, 13418.8
~&SPILL_STATS,87, 16, 0, 93, 19, 73, 2.92931, 1.12862, 1.63546, 1.13605, 8.92142
~&SPILL_STATS,12, 5, 0, 8, 4, 34, 18.7798, 10.9404, 5.41284, 1.50459, 75.9266
~&SPILL_STATS,1, 2, 0, 3, 0, 13, 6.375, 12.75, 0.7, 0, 73.275
~&SPILL_STATS,0, 4, 0, 4, 0, 22, 0, 4, 4, 0, 20
~&SPILL_STATS,18, 0, 0, 18, 0, 3, 18, 0, 18, 0, 3
~&SPILL_STATS,72, 30, 0, 52, 0, 43, 760.642, 1441.25, 463.259, 0, 664.864
~&SPILL_STATS,12, 0, 0, 12, 0, 4, 12, 0, 12, 0, 4
~&SPILL_STATS,22, 5, 0, 21, 0, 21, 960.7, 639.75, 468.1, 0, 890.9
~&SPILL_STATS,204, 0, 0, 204, 0, 13, 204, 0, 204, 0, 13
~&SPILL_STATS,268, 105, 0, 213, 13, 163, 23406.2, 17696.2, 8786.91, 422.397, 9711.62
~&SPILL_STATS,12, 0, 0, 12, 0, 4, 12, 0, 12, 0, 4
~&SPILL_STATS,22, 5, 0, 21, 0, 21, 960.7, 639.75, 468.1, 0, 890.9
~&SPILL_STATS,156, 0, 0, 156, 0, 4, 78, 0, 78, 0, 3.5
~&SPILL_STATS,162, 46, 0, 122, 5, 92, 181052, 87531.4, 57948.8, 20973.7, 88891.4
~&SPILL_STATS,12, 0, 0, 12, 0, 4, 12, 0, 12, 0, 4
~&SPILL_STATS,22, 5, 0, 21, 0, 21, 960.7, 639.75, 468.1, 0, 890.9
~&SPILL_STATS,12, 0, 0, 12, 0, 4, 12, 0, 12, 0, 4
~&SPILL_STATS,22, 5, 0, 21, 0, 21, 960.7, 639.75, 468.1, 0, 890.9
~&SPILL_STATS,78, 0, 0, 78, 0, 5, 78, 0, 78, 0, 5
~&SPILL_STATS,33, 6, 0, 26, 10, 16, 7692.45, 1855.7, 714.35, 1028.25, 2069.3
~&SPILL_STATS,18, 0, 0, 18, 0, 4, 18, 0, 18, 0, 4
~&SPILL_STATS,69, 33, 0, 57, 2, 41, 756.963, 1447.53, 466.235, 0.987654, 641.049
~&SPILL_STATS,12, 0, 0, 12, 0, 4, 12, 0, 12, 0, 4
~&SPILL_STATS,22, 5, 0, 21, 0, 21, 960.7, 639.75, 468.1, 0, 890.9
~&SPILL_STATS,38, 0, 0, 38, 0, 5, 38, 0, 38, 0, 5
~&SPILL_STATS,16, 8, 0, 24, 0, 16, 2572.65, 2879.6, 903.4, 0, 1287.05
~&SPILL_STATS,117, 55, 0, 80, 1, 158, 150.637, 66.4902, 75.3235, 0.0686275, 101.118
~&SPILL_STATS,123, 57, 0, 84, 1, 156, 151.245, 66.7843, 76.4706, 0.0686275, 101.892
~&SPILL_STATS,126, 54, 0, 85, 1, 153, 151.892, 66.3333, 76.6372, 0.0686275, 101.49
~&SPILL_STATS,0, 0, 0, 0, 0, 0, 0, 0, 0, 0, 0
~&SPILL_STATS,163, 0, 0, 163, 0, 9, 163, 0, 163, 0, 9
~&SPILL_STATS,603, 306, 0, 455, 39, 315, 2.31654e+07, 1.36873e+07, 6.94575e+06, 183829, 7.31938e+06
~&SPILL_STATS,363, 0, 0, 361, 0, 14, 363, 0, 361, 0, 14
~&SPILL_STATS,866, 364, 0, 521, 101, 386, 794280, 406931, 187068, 56386.6, 226328
~&SPILL_STATS,49, 17, 0, 50, 6, 31, 393944, 255211, 199974, 2.90769, 131051
~&SPILL_STATS,0, 0, 0, 0, 0, 1, 0, 0, 0, 0, 12.1429
~&SPILL_STATS,2, 0, 0, 0, 2, 1, 1.09524, 0, 0, 1.09524, 0.714286
~&SPILL_STATS,0, 2, 0, 2, 0, 6, 0, 42.5, 42.5, 0, 45.1667
~&SPILL_STATS,7, 10, 0, 21, 1, 22, 1052.25, 2524.62, 1709, 19.9375, 2687.44
~&SPILL_STATS,168, 19, 0, 26, 84, 29, 32902.1, 3974.75, 2996.56, 16619.9, 2887.62
~&SPILL_STATS,109, 18, 0, 35, 31, 59, 19544, 2995.28, 6529.44, 1378.2, 14516.7
~&SPILL_STATS,47, 30, 0, 48, 1, 33, 448.476, 349.333, 198.048, 0.380952, 172.381
~&SPILL_STATS,23, 1, 0, 9, 8, 15, 287.495, 0.0747664, 12.0093, 69.1963, 365.458
~&SPILL_STATS,67, 18, 0, 48, 0, 44, 1276.4, 1153.02, 772.45, 0, 1088.08
~&SPILL_STATS,34, 15, 0, 36, 0, 37, 1322.3, 1857.33, 678.725, 0, 2101.97
~&SPILL_STATS,52, 16, 0, 44, 0, 33, 939.65, 833.75, 467.4, 0, 661.85
~&SPILL_STATS,67, 18, 0, 48, 0, 44, 1276.4, 1153.02, 772.45, 0, 1088.08
~&SPILL_STATS,394, 74, 0, 406, 25, 135, 61.1408, 19.1123, 22.7847, 0.626191, 34.5033
~&SPILL_STATS,95, 17, 0, 29, 5, 33, 92.5, 17, 27.5, 4, 29.5
~&SPILL_STATS,21, 3, 0, 15, 0, 26, 2700.93, 614.325, 1052.32, 0, 3089.28
~&SPILL_STATS,61, 31, 0, 56, 3, 33, 3312.16, 3561.72, 2031.64, 38.28, 2263.72
~&SPILL_STATS,35, 14, 0, 25, 1, 58, 88.3115, 39.7213, 42.7049, 0.0655738, 91.5164
~&SPILL_STATS,112, 40, 0, 68, 23, 130, 1869.53, 1546.29, 1065.31, 662.335, 4382.21
~&SPILL_STATS,41, 13, 0, 26, 1, 57, 123.737, 39.2763, 48.3158, 0.105263, 99.8947
~&SPILL_STATS,71, 38, 0, 65, 8, 85, 48805.4, 26858.2, 15778.2, 702.653, 22471.9
~&SPILL_STATS,68, 26, 0, 53, 6, 69, 2538.93, 1128.89, 848.75, 36.0132, 955.158
~&SPILL_STATS,58, 37, 0, 58, 20, 89, 62.4308, 29.8744, 64.18, 3.74458, 144.284
~&SPILL_STATS,39, 46, 0, 34, 2, 60, 690.445, 564.719, 248, 0.1875, 428.961
~&SPILL_STATS,24, 0, 0, 24, 0, 3, 24, 0, 24, 0, 3
~&SPILL_STATS,56, 16, 0, 44, 1, 35, 1738.43, 1020.06, 844.324, 0.191176, 677.397
~&SPILL_STATS,153, 44, 0, 131, 11, 73, 2.29347e+06, 1.31253e+06, 706878, 90.5625, 693627
~&SPILL_STATS,0, 0, 0, 0, 0, 0, 0, 0, 0, 0, 0
~&SPILL_STATS,0, 0, 0, 0, 0, 1, 0, 0, 0, 0, 0.0705882
~&SPILL_STATS,0, 0, 0, 0, 0, 1, 0, 0, 0, 0, 1
~&SPILL_STATS,2, 0, 0, 2, 0, 10, 1.28, 0, 1.28, 0, 5.76
~&SPILL_STATS,0, 0, 0, 0, 0, 2, 0, 0, 0, 0, 0.75
~&SPILL_STATS,2, 0, 0, 2, 0, 5, 2, 0, 2, 0, 4
~&SPILL_STATS,0, 0, 0, 0, 0, 0, 0, 0, 0, 0, 0
~&SPILL_STATS,134, 0, 0, 134, 0, 4, 134, 0, 134, 0, 4
~&SPILL_STATS,65, 18, 0, 68, 1, 35, 242828, 101639, 55127.1, 0.666667, 69653.6
~&SPILL_STATS,18, 0, 0, 18, 0, 3, 18, 0, 18, 0, 3
~&SPILL_STATS,14, 15, 0, 21, 0, 29, 55.6429, 102.976, 38.9524, 0, 81.2143
~&SPILL_STATS,33, 14, 0, 20, 0, 36, 84.6275, 32.7255, 38.3529, 0, 46.0196
~&SPILL_STATS,13, 13, 0, 17, 0, 26, 65.12, 83.88, 29.96, 0, 81.16
~&SPILL_STATS,21, 13, 0, 15, 0, 29, 44.1569, 32.5686, 22.8824, 0, 44.1373
~&SPILL_STATS,462, 70, 0, 316, 3, 117, 273.118, 97.9671, 145.987, 1.5, 211.458
~&SPILL_STATS,18, 0, 0, 18, 0, 3, 18, 0, 18, 0, 3
~&SPILL_STATS,26, 15, 0, 18, 0, 25, 55.3137, 51.098, 27.1373, 0, 37.6667
~&SPILL_STATS,368, 0, 0, 366, 0, 7, 368, 0, 366, 0, 7
~&SPILL_STATS,803, 429, 0, 641, 30, 422, 1.78212e+06, 1.01485e+06, 664482, 3922.64, 578545
~&SPILL_STATS,0, 0, 0, 0, 0, 1, 0, 0, 0, 0, 1
~&SPILL_STATS,0, 0, 0, 0, 0, 0, 0, 0, 0, 0, 0
~&SPILL_STATS,117, 36, 0, 84, 4, 74, 1379.9, 879.323, 434.076, 2.11684, 622.88
~&SPILL_STATS,210, 0, 0, 210, 0, 8, 210, 0, 210, 0, 8
~&SPILL_STATS,788, 133, 0, 203, 380, 204, 3.15812e+06, 289449, 177461, 1.86326e+06, 438636
~&SPILL_STATS,50, 0, 0, 50, 0, 2, 50, 0, 50, 0, 2
~&SPILL_STATS,104, 19, 0, 76, 5, 85, 130153, 49065.9, 20319.9, 1011.83, 138153
~&SPILL_STATS,156, 0, 0, 156, 0, 6, 156, 0, 156, 0, 6
~&SPILL_STATS,531, 200, 0, 325, 80, 258, 1.18464e+06, 557398, 261924, 212886, 421069
~&SPILL_STATS,18, 0, 0, 18, 0, 3, 18, 0, 18, 0, 3
~&SPILL_STATS,14, 15, 0, 21, 0, 29, 55.6429, 102.976, 38.9524, 0, 81.2143
~&SPILL_STATS,20, 6, 0, 12, 0, 203, 30.9377, 21.9141, 40.375, 0, 349.399
~&SPILL_STATS,97, 27, 0, 85, 2, 69, 2.09425e+06, 1.06121e+06, 733277, 0.758242, 1.10047e+06
~&SPILL_STATS,281, 149, 0, 170, 51, 278, 2232.92, 2527.9, 2121.93, 53.2571, 3907.31
~&SPILL_STATS,59, 38, 0, 64, 6, 73, 284.353, 361.706, 177.804, 4.41176, 386.804
~&SPILL_STATS,72, 38, 0, 68, 6, 56, 22785.1, 9241.11, 5884.17, 151.284, 12705.6
~&SPILL_STATS,112, 42, 0, 113, 2, 69, 2.84392e+06, 3.07807e+06, 744444, 0.758242, 1.3952e+06
~&SPILL_STATS,115, 42, 0, 156, 27, 42, 2.9267, 3.30657, 5.78229, 0.462421, 3.06548
~&SPILL_STATS,77, 0, 0, 77, 0, 6, 77, 0, 77, 0, 6
~&SPILL_STATS,65, 39, 0, 78, 1, 55, 83267.8, 52944.7, 34744.1, 19.9375, 38342.4
~&SPILL_STATS,33, 9, 0, 38, 0, 18, 118703, 63252.6, 23326.2, 0, 32467.6
~&SPILL_STATS,56, 25, 0, 34, 28, 41, 287.635, 70.9176, 50.2941, 103.647, 196.553
~&SPILL_STATS,252, 81, 0, 195, 51, 173, 569.547, 161.179, 288.311, 50.8113, 315.198
~&SPILL_STATS,0, 0, 0, 0, 0, 2, 0, 0, 0, 0, 1.17647
~&SPILL_STATS,0, 1, 0, 1, 0, 7, 0, 0.118321, 0.118321, 0, 4.59924
~&SPILL_STATS,32, 20, 0, 39, 0, 44, 1296.18, 3225.38, 864.029, 0, 2055.87
~&SPILL_STATS,32, 20, 0, 39, 0, 44, 1296.18, 3225.38, 864.029, 0, 2055.87
~&SPILL_STATS,32, 20, 0, 39, 0, 44, 1296.18, 3225.38, 864.029, 0, 2055.87
~&SPILL_STATS,32, 20, 0, 39, 0, 44, 1296.18, 3225.38, 864.029, 0, 2055.87
~&SPILL_STATS,32, 20, 0, 39, 0, 44, 1296.18, 3225.38, 864.029, 0, 2055.87
~&SPILL_STATS,0, 0, 0, 0, 0, 4, 0, 0, 0, 0, 3.47619
~&SPILL_STATS,53, 21, 0, 43, 31, 23, 325.96, 17.28, 322.76, 10.6, 77.52
~&SPILL_STATS,10, 0, 0, 0, 7, 19, 2.2346, 0, 0, 1.36364, 2.87976
~&SPILL_STATS,6, 3, 0, 3, 4, 4, 6, 3, 3, 4, 3
~&SPILL_STATS,0, 1, 0, 1, 0, 8, 0, 1, 1, 0, 8
~&SPILL_STATS,147, 0, 0, 147, 0, 4, 147, 0, 147, 0, 4
~&SPILL_STATS,74, 34, 0, 90, 0, 53, 15096.7, 11940.7, 6440.6, 0, 4719.3
~&SPILL_STATS,84, 0, 0, 84, 0, 5, 84, 0, 84, 0, 5
~&SPILL_STATS,91, 38, 0, 93, 8, 58, 124074, 40181.4, 31331.2, 3280.71, 14736.3
~&SPILL_STATS,128, 31, 0, 125, 2, 70, 3.88702e+06, 2.37342e+06, 755577, 0.758242, 1.07803e+06
~&SPILL_STATS,2, 1, 0, 3, 0, 2, 19.6154, 10.1538, 20.9231, 0, 19.9615
~&SPILL_STATS,3, 0, 0, 2, 0, 11, 21.9375, 0, 20.9375, 0, 85.25
~&SPILL_STATS,3, 0, 0, 2, 0, 11, 21.9375, 0, 20.9375, 0, 85.25
~&SPILL_STATS,337, 0, 0, 336, 0, 11, 337, 0, 336, 0, 11
~&SPILL_STATS,1071, 552, 0, 675, 104, 515, 1.63075e+06, 956057, 514073, 36052.2, 556828
~&SPILL_STATS,105, 41, 0, 57, 17, 64, 13211.5, 13005.6, 8532.65, 275.853, 9834.59
~&SPILL_STATS,107, 36, 0, 111, 2, 69, 2.49939e+06, 2.73352e+06, 744043, 0.758242, 1.07843e+06
~&SPILL_STATS,0, 0, 0, 0, 0, 1, 0, 0, 0, 0, 1
~&SPILL_STATS,0, 0, 0, 0, 0, 1, 0, 0, 0, 0, 1
~&SPILL_STATS,0, 0, 0, 0, 0, 0, 0, 0, 0, 0, 0
~&SPILL_STATS,47, 2, 0, 48, 0, 174, 234.133, 163.302, 397.52, 0, 3129.29
~&SPILL_STATS,7, 4, 0, 3, 0, 22, 2.32812, 2, 2.23438, 0, 8.21875
~&SPILL_STATS,10, 4, 0, 5, 0, 25, 3.03125, 2, 3.46875, 0, 9.6875
~&SPILL_STATS,8, 10, 0, 3, 0, 31, 2.5625, 3.40625, 3, 0, 11.0938
~&SPILL_STATS,231, 14, 0, 70, 15, 58, 228, 14, 67.5, 13, 53.5
~&SPILL_STATS,95, 61, 0, 53, 0, 67, 1.22328e+06, 593813, 382941, 0, 426720
