Comando: /home/mpvreal/Code/Faculdade/tcc/llvm/build/bin/llc -march=x86 --regalloc=basic -o -
Heurística: div(cost,mul(area,degree))
~&SPILL_STATS,0, 0, 0, 0, 0, 0, 0, 0, 0, 0, 0
~&SPILL_STATS,0, 0, 0, 0, 0, 0, 0, 0, 0, 0, 0
~&SPILL_STATS,96, 63, 0, 57, 61, 70, 18.1703, 22.5698, 23.153, 23.4233, 149.31
~&SPILL_STATS,0, 0, 0, 0, 0, 0, 0, 0, 0, 0, 0
~&SPILL_STATS,0, 0, 0, 0, 0, 13, 0, 0, 0, 0, 2.52679
~&SPILL_STATS,144, 0, 0, 144, 0, 6, 144, 0, 144, 0, 6
~&SPILL_STATS,311, 107, 0, 138, 68, 43, 87746.7, 20679.2, 25645.2, 10906.6, 10957.8
~&SPILL_STATS,241, 41, 0, 49, 44, 8, 241, 41, 42.5, 41.5, 8
~&SPILL_STATS,262, 73, 0, 136, 55, 41, 2.11974e+06, 980843, 860913, 283998, 282965
~&SPILL_STATS,51, 0, 0, 35, 0, 3, 51, 0, 35, 0, 3
~&SPILL_STATS,26, 10, 0, 22, 15, 7, 2161.15, 2484.4, 458.2, 47.75, 835.45
~&SPILL_STATS,0, 0, 0, 0, 0, 0, 0, 0, 0, 0, 0
~&SPILL_STATS,0, 0, 0, 0, 0, 0, 0, 0, 0, 0, 0
~&SPILL_STATS,30, 20, 0, 33, 12, 128, 12.4284, 4.38177, 5.94255, 1.1428, 162.381
~&SPILL_STATS,112, 49, 0, 70, 64, 11, 698444, 389266, 12644.1, 93942.9, 190380
~&SPILL_STATS,15, 3, 0, 4, 3, 10, 160.68, 26.16, 2.56, 13.8, 78.4
~&SPILL_STATS,15, 3, 0, 4, 3, 10, 160.68, 26.16, 2.56, 13.8, 78.4
~&SPILL_STATS,16, 3, 0, 5, 3, 10, 173.44, 26.16, 15.32, 13.8, 78.4
~&SPILL_STATS,26, 82, 0, 18, 55, 8, 335.775, 3324.15, 336.559, 1356.18, 118.196
~&SPILL_STATS,43, 20, 0, 14, 34, 10, 1476.47, 281.304, 182.873, 544.284, 195.824
~&SPILL_STATS,51, 22, 0, 47, 60, 7, 1708.55, 333.049, 1745.22, 1734.45, 140.951
~&SPILL_STATS,0, 0, 0, 0, 0, 1, 0, 0, 0, 0, 1
~&SPILL_STATS,42, 29, 0, 19, 9, 18, 212.539, 130.375, 45.1797, 26.875, 113.5
~&SPILL_STATS,43, 25, 0, 15, 15, 17, 224.805, 135.531, 37.6016, 49.6289, 101.312
~&SPILL_STATS,396, 61, 0, 105, 39, 22, 1208.61, 150.814, 269.315, 71.8816, 74.5321
~&SPILL_STATS,64, 50, 0, 37, 31, 16, 3603.12, 2601.08, 564.77, 497.451, 1795.44
~&SPILL_STATS,64, 44, 0, 38, 35, 18, 4363.12, 2041.08, 1574.46, 1464.64, 975.438
~&SPILL_STATS,180, 0, 0, 158, 0, 6, 180, 0, 158, 0, 6
~&SPILL_STATS,649, 131, 0, 187, 102, 36, 891881, 215910, 148040, 71884.9, 65620.6
~&SPILL_STATS,77, 0, 0, 66, 0, 3, 77, 0, 66, 0, 3
~&SPILL_STATS,49, 20, 0, 43, 23, 15, 157037, 41916.5, 1204.33, 1032.1, 72004.9
~&SPILL_STATS,0, 0, 0, 0, 0, 0, 0, 0, 0, 0, 0
~&SPILL_STATS,86, 32, 0, 59, 41, 4, 826889, 533806, 148715, 280612, 135168
~&SPILL_STATS,0, 0, 0, 0, 0, 0, 0, 0, 0, 0, 0
~&SPILL_STATS,0, 0, 0, 0, 0, 0, 0, 0, 0, 0, 0
~&SPILL_STATS,0, 0, 0, 0, 0, 0, 0, 0, 0, 0, 0
~&SPILL_STATS,0, 0, 0, 0, 0, 0, 0, 0, 0, 0, 0
~&SPILL_STATS,0, 0, 0, 0, 0, 0, 0, 0, 0, 0, 0
~&SPILL_STATS,0, 0, 0, 0, 0, 0, 0, 0, 0, 0, 0
~&SPILL_STATS,138, 35, 0, 54, 73, 14, 12362, 3152.5, 1320.45, 4615.83, 1822.23
~&SPILL_STATS,120, 47, 0, 84, 65, 18, 1.44493e+06, 1.38383e+06, 23901.4, 376857, 699424
~&SPILL_STATS,25, 14, 0, 9, 21, 17, 86.0605, 27.0605, 15.8789, 59.678, 43.8499
~&SPILL_STATS,707, 16, 0, 351, 10, 156, 2.00001, 1.00001, 2, 1.5, 2.00062
~&SPILL_STATS,172, 0, 0, 150, 0, 6, 172, 0, 150, 0, 6
~&SPILL_STATS,745, 196, 0, 261, 187, 76, 3.32333e+07, 7.24553e+06, 4.05698e+06, 4.08727e+06, 2.63192e+06
~&SPILL_STATS,253, 0, 0, 230, 0, 10, 253, 0, 230, 0, 10
~&SPILL_STATS,473, 133, 0, 214, 132, 37, 1.02094e+06, 798001, 398035, 281344, 137759
~&SPILL_STATS,33, 0, 0, 33, 0, 9, 33, 0, 33, 0, 9
~&SPILL_STATS,52, 20, 0, 44, 32, 16, 2515.46, 2818.89, 373.278, 924.907, 1149.39
~&SPILL_STATS,148, 45, 0, 29, 74, 55, 461.941, 134.988, 70.4823, 146.741, 221.035
~&SPILL_STATS,188, 62, 0, 113, 101, 20, 63926.6, 21069.4, 5679.71, 14344.2, 8540.45
~&SPILL_STATS,0, 0, 0, 0, 0, 0, 0, 0, 0, 0, 0
~&SPILL_STATS,0, 0, 0, 0, 0, 0, 0, 0, 0, 0, 0
~&SPILL_STATS,26, 34, 0, 36, 47, 77, 163.661, 347.864, 195.22, 94.5254, 3741.1
~&SPILL_STATS,30, 16, 0, 15, 18, 13, 581.6, 486.85, 101.1, 402.45, 371.75
~&SPILL_STATS,0, 0, 0, 0, 0, 1, 0, 0, 0, 0, 1
~&SPILL_STATS,0, 0, 0, 0, 0, 1, 0, 0, 0, 0, 1
~&SPILL_STATS,601, 159, 0, 119, 124, 59, 597, 159, 98, 116, 59
~&SPILL_STATS,930, 108, 0, 428, 68, 10, 299695, 63333.7, 118483, 25955.1, 8662.44
~&SPILL_STATS,486, 3, 0, 489, 0, 10, 486, 3, 489, 0, 10
~&SPILL_STATS,1323, 539, 0, 756, 380, 122, 3.40803e+07, 1.16661e+07, 4.23453e+06, 3.52359e+06, 3.00184e+06
~&SPILL_STATS,56, 51, 0, 52, 149, 457, 55.125, 51, 51, 124.5, 1938.5
~&SPILL_STATS,0, 0, 0, 0, 0, 0, 0, 0, 0, 0, 0
~&SPILL_STATS,0, 0, 0, 0, 0, 0, 0, 0, 0, 0, 0
~&SPILL_STATS,30, 15, 0, 13, 14, 45, 141.152, 409.06, 220.543, 11.7008, 665.201
~&SPILL_STATS,0, 0, 0, 0, 0, 0, 0, 0, 0, 0, 0
~&SPILL_STATS,90, 88, 0, 66, 57, 70, 31.7394, 73.4398, 41.9898, 21.8426, 161.324
~&SPILL_STATS,66, 27, 0, 45, 38, 11, 12406, 4198.27, 4147.13, 3160.8, 993.384
~&SPILL_STATS,0, 0, 0, 0, 0, 0, 0, 0, 0, 0, 0
~&SPILL_STATS,15, 0, 0, 0, 6, 0, 147, 0, 0, 49.5, 0
~&SPILL_STATS,682, 116, 0, 94, 183, 69, 28519.8, 4209.82, 2737.45, 4614.63, 2137.54
~&SPILL_STATS,0, 0, 0, 0, 0, 4, 0, 0, 0, 0, 2.21875
~&SPILL_STATS,354, 98, 0, 157, 79, 56, 2418.17, 419.68, 1099.03, 592.82, 310.762
~&SPILL_STATS,507, 425, 0, 330, 259, 656, 44.1306, 417.545, 21.1934, 411.089, 129.732
~&SPILL_STATS,32, 44, 0, 24, 33, 76, 46.9898, 40.3214, 18.4031, 23.4694, 146.26
~&SPILL_STATS,0, 0, 0, 0, 0, 2, 0, 0, 0, 0, 1.5
~&SPILL_STATS,0, 0, 0, 0, 0, 2, 0, 0, 0, 0, 2
~&SPILL_STATS,0, 0, 0, 0, 0, 2, 0, 0, 0, 0, 1.5
~&SPILL_STATS,138, 13, 0, 42, 40, 11, 300.892, 27.9902, 78.9069, 63.4804, 34.8382
~&SPILL_STATS,15, 11, 0, 12, 14, 3, 26.3333, 63.6667, 25.0238, 44.381, 20.7857
~&SPILL_STATS,34, 11, 0, 8, 30, 13, 109.794, 11.0784, 3.09804, 107.471, 40.8235
~&SPILL_STATS,111, 74, 0, 60, 125, 61, 74.7412, 32.8462, 19.2266, 32.9795, 109.134
~&SPILL_STATS,23, 21, 0, 21, 7, 10, 59.881, 144.738, 40.7143, 13.1429, 25.0238
~&SPILL_STATS,23, 21, 0, 21, 7, 10, 59.881, 144.738, 40.7143, 13.1429, 25.0238
~&SPILL_STATS,23, 21, 0, 21, 7, 10, 59.881, 144.738, 40.7143, 13.1429, 25.0238
~&SPILL_STATS,23, 21, 0, 21, 7, 10, 59.881, 144.738, 40.7143, 13.1429, 25.0238
~&SPILL_STATS,182, 76, 0, 88, 55, 24, 9597.07, 5469.47, 1575.78, 785.822, 2355
~&SPILL_STATS,149, 70, 0, 82, 53, 25, 194055, 100015, 22072.2, 16491.4, 50573.4
~&SPILL_STATS,0, 0, 0, 0, 0, 0, 0, 0, 0, 0, 0
~&SPILL_STATS,0, 0, 0, 0, 0, 0, 0, 0, 0, 0, 0
~&SPILL_STATS,179, 59, 0, 63, 89, 19, 2062.25, 920.4, 341.118, 562.73, 728.471
~&SPILL_STATS,0, 0, 0, 0, 0, 0, 0, 0, 0, 0, 0
~&SPILL_STATS,270, 0, 0, 270, 0, 8, 270, 0, 270, 0, 8
~&SPILL_STATS,311, 106, 0, 237, 78, 20, 1.81721e+06, 611928, 357631, 138629, 42886.2
~&SPILL_STATS,1, 1, 0, 2, 2, 3, 0.387097, 12.5, 13.1129, 1, 13.0968
~&SPILL_STATS,0, 0, 0, 0, 0, 0, 0, 0, 0, 0, 0
~&SPILL_STATS,1, 1, 0, 2, 2, 2, 0.625, 20, 21, 1.625, 20.625
~&SPILL_STATS,0, 0, 0, 0, 0, 0, 0, 0, 0, 0, 0
~&SPILL_STATS,593, 0, 0, 593, 0, 10, 593, 0, 593, 0, 10
~&SPILL_STATS,2787, 990, 0, 1377, 891, 223, 141364, 53552.3, 23445.9, 20164.5, 11340.9
~&SPILL_STATS,231, 59, 0, 52, 50, 25, 228.5, 59, 43.5, 46.5, 24.5
~&SPILL_STATS,53, 47, 0, 15, 19, 8, 47336.5, 47520.5, 4324.83, 9212.53, 16387.4
~&SPILL_STATS,0, 0, 0, 0, 0, 0, 0, 0, 0, 0, 0
~&SPILL_STATS,45, 16, 0, 28, 21, 2, 852.232, 797.107, 293.607, 158.893, 127.982
~&SPILL_STATS,35, 0, 0, 30, 0, 1, 35, 0, 30, 0, 1
~&SPILL_STATS,43, 23, 0, 34, 19, 12, 1926.94, 2035.54, 67.1029, 618.603, 618.632
~&SPILL_STATS,80, 57, 0, 47, 34, 69, 39.2188, 66.586, 49.2422, 1.25977, 96.7763
~&SPILL_STATS,410, 0, 0, 387, 0, 7, 410, 0, 387, 0, 7
~&SPILL_STATS,490, 150, 0, 309, 164, 48, 77962.2, 47944.2, 12467.6, 9246.3, 29094.5
~&SPILL_STATS,41, 0, 0, 36, 0, 1, 41, 0, 36, 0, 1
~&SPILL_STATS,45, 26, 0, 38, 22, 11, 2328.5, 2838.35, 475, 1020.47, 417.853
~&SPILL_STATS,104, 43, 0, 35, 61, 52, 7212.31, 2094.31, 456.594, 1618.06, 5520.25
~&SPILL_STATS,66, 26, 0, 46, 44, 6, 637055, 417065, 118186, 207222, 206821
~&SPILL_STATS,0, 0, 0, 0, 0, 0, 0, 0, 0, 0, 0
~&SPILL_STATS,184, 0, 0, 184, 0, 10, 184, 0, 184, 0, 10
~&SPILL_STATS,411, 169, 0, 236, 106, 27, 852726, 303259, 136828, 84788.2, 49900.7
~&SPILL_STATS,220, 0, 0, 220, 0, 8, 220, 0, 220, 0, 8
~&SPILL_STATS,1013, 120, 0, 180, 351, 31, 1.09257e+06, 25163.8, 4651.18, 309899, 37288.4
~&SPILL_STATS,37, 0, 0, 0, 14, 1, 19, 0, 0, 7.5, 0.25
~&SPILL_STATS,28, 0, 0, 0, 11, 0, 14.5, 0, 0, 5.75, 0
~&SPILL_STATS,44, 14, 0, 37, 30, 6, 40483.1, 19927.7, 7151.98, 13643.1, 13209.3
~&SPILL_STATS,161, 41, 0, 138, 40, 59, 3.3717, 2.5015, 1.90613, 1.7143, 6.67595
~&SPILL_STATS,13, 8, 0, 8, 8, 18, 14.8991, 17.5872, 3.18349, 2.7844, 66.2798
~&SPILL_STATS,1, 3, 0, 3, 0, 11, 6.375, 13.05, 0.7, 0, 66.925
~&SPILL_STATS,0, 0, 0, 0, 0, 0, 0, 0, 0, 0, 0
~&SPILL_STATS,0, 4, 0, 4, 0, 22, 0, 4, 4, 0, 20
~&SPILL_STATS,0, 0, 0, 0, 0, 0, 0, 0, 0, 0, 0
~&SPILL_STATS,28, 0, 0, 23, 0, 1, 28, 0, 23, 0, 1
~&SPILL_STATS,99, 45, 0, 50, 40, 12, 1158.63, 1474.33, 245.086, 46.5679, 413.753
~&SPILL_STATS,19, 0, 0, 16, 0, 1, 19, 0, 16, 0, 1
~&SPILL_STATS,38, 11, 0, 21, 16, 7, 2190.2, 872, 642.35, 251.8, 419.45
~&SPILL_STATS,221, 0, 0, 198, 0, 7, 221, 0, 198, 0, 7
~&SPILL_STATS,485, 153, 0, 251, 135, 48, 44422.5, 18155.2, 7733.09, 4894.35, 4405.71
~&SPILL_STATS,19, 0, 0, 16, 0, 1, 19, 0, 16, 0, 1
~&SPILL_STATS,38, 11, 0, 21, 16, 7, 2190.2, 872, 642.35, 251.8, 419.45
~&SPILL_STATS,188, 0, 0, 161, 0, 3, 97, 0, 81, 0, 3
~&SPILL_STATS,242, 72, 0, 134, 84, 22, 278850, 90196.4, 47439.6, 56193.8, 33365.6
~&SPILL_STATS,19, 0, 0, 16, 0, 1, 19, 0, 16, 0, 1
~&SPILL_STATS,38, 11, 0, 21, 16, 7, 2190.2, 872, 642.35, 251.8, 419.45
~&SPILL_STATS,19, 0, 0, 16, 0, 1, 19, 0, 16, 0, 1
~&SPILL_STATS,38, 11, 0, 21, 16, 7, 2190.2, 872, 642.35, 251.8, 419.45
~&SPILL_STATS,92, 0, 0, 81, 0, 5, 92, 0, 81, 0, 5
~&SPILL_STATS,42, 14, 0, 23, 24, 9, 8721.5, 2305.65, 75.55, 1701, 2051.75
~&SPILL_STATS,33, 0, 0, 22, 0, 3, 33, 0, 22, 0, 3
~&SPILL_STATS,105, 46, 0, 56, 43, 12, 1164.63, 1475.33, 250.58, 48.5556, 413.753
~&SPILL_STATS,19, 0, 0, 16, 0, 1, 19, 0, 16, 0, 1
~&SPILL_STATS,38, 11, 0, 21, 16, 7, 2190.2, 872, 642.35, 251.8, 419.45
~&SPILL_STATS,70, 0, 0, 43, 0, 4, 70, 0, 43, 0, 4
~&SPILL_STATS,24, 10, 0, 23, 14, 6, 2988, 2484.4, 482.5, 455.8, 425.9
~&SPILL_STATS,131, 87, 0, 71, 18, 59, 191.353, 89.1863, 15.4804, 40.2941, 30.6569
~&SPILL_STATS,135, 87, 0, 72, 20, 60, 191.961, 89.1863, 16.4804, 40.6078, 31.6569
~&SPILL_STATS,136, 86, 0, 72, 20, 60, 192.059, 89.1078, 16.4804, 40.6078, 31.6569
~&SPILL_STATS,0, 0, 0, 0, 0, 0, 0, 0, 0, 0, 0
~&SPILL_STATS,195, 0, 0, 167, 0, 8, 195, 0, 167, 0, 8
~&SPILL_STATS,1112, 391, 0, 492, 281, 92, 4.09293e+07, 1.32298e+07, 6.7762e+06, 4.26021e+06, 3.29491e+06
~&SPILL_STATS,0, 0, 0, 0, 0, 0, 0, 0, 0, 0, 0
~&SPILL_STATS,0, 0, 0, 0, 0, 0, 0, 0, 0, 0, 0
~&SPILL_STATS,0, 0, 0, 0, 0, 0, 0, 0, 0, 0, 0
~&SPILL_STATS,0, 0, 0, 0, 0, 0, 0, 0, 0, 0, 0
~&SPILL_STATS,0, 0, 0, 0, 0, 0, 0, 0, 0, 0, 0
~&SPILL_STATS,0, 0, 0, 0, 0, 0, 0, 0, 0, 0, 0
~&SPILL_STATS,0, 0, 0, 0, 0, 0, 0, 0, 0, 0, 0
~&SPILL_STATS,0, 0, 0, 0, 0, 0, 0, 0, 0, 0, 0
~&SPILL_STATS,0, 0, 0, 0, 0, 0, 0, 0, 0, 0, 0
~&SPILL_STATS,0, 0, 0, 0, 0, 0, 0, 0, 0, 0, 0
~&SPILL_STATS,0, 0, 0, 0, 0, 0, 0, 0, 0, 0, 0
~&SPILL_STATS,0, 0, 0, 0, 0, 0, 0, 0, 0, 0, 0
~&SPILL_STATS,0, 0, 0, 0, 0, 0, 0, 0, 0, 0, 0
~&SPILL_STATS,0, 0, 0, 0, 0, 0, 0, 0, 0, 0, 0
~&SPILL_STATS,0, 0, 0, 0, 0, 0, 0, 0, 0, 0, 0
~&SPILL_STATS,0, 0, 0, 0, 0, 0, 0, 0, 0, 0, 0
~&SPILL_STATS,0, 0, 0, 0, 0, 0, 0, 0, 0, 0, 0
~&SPILL_STATS,0, 0, 0, 0, 0, 0, 0, 0, 0, 0, 0
~&SPILL_STATS,0, 0, 0, 0, 0, 0, 0, 0, 0, 0, 0
~&SPILL_STATS,0, 0, 0, 0, 0, 0, 0, 0, 0, 0, 0
~&SPILL_STATS,0, 0, 0, 0, 0, 0, 0, 0, 0, 0, 0
~&SPILL_STATS,0, 0, 0, 0, 0, 0, 0, 0, 0, 0, 0
~&SPILL_STATS,0, 0, 0, 0, 0, 0, 0, 0, 0, 0, 0
~&SPILL_STATS,0, 0, 0, 0, 0, 0, 0, 0, 0, 0, 0
~&SPILL_STATS,0, 0, 0, 0, 0, 0, 0, 0, 0, 0, 0
~&SPILL_STATS,0, 0, 0, 0, 0, 0, 0, 0, 0, 0, 0
~&SPILL_STATS,0, 0, 0, 0, 0, 0, 0, 0, 0, 0, 0
~&SPILL_STATS,0, 0, 0, 0, 0, 0, 0, 0, 0, 0, 0
~&SPILL_STATS,0, 0, 0, 0, 0, 0, 0, 0, 0, 0, 0
~&SPILL_STATS,0, 0, 0, 0, 0, 0, 0, 0, 0, 0, 0
~&SPILL_STATS,0, 0, 0, 0, 0, 0, 0, 0, 0, 0, 0
~&SPILL_STATS,0, 0, 0, 0, 0, 0, 0, 0, 0, 0, 0
~&SPILL_STATS,0, 0, 0, 0, 0, 0, 0, 0, 0, 0, 0
~&SPILL_STATS,0, 0, 0, 0, 0, 0, 0, 0, 0, 0, 0
~&SPILL_STATS,0, 0, 0, 0, 0, 0, 0, 0, 0, 0, 0
~&SPILL_STATS,0, 0, 0, 0, 0, 0, 0, 0, 0, 0, 0
~&SPILL_STATS,0, 0, 0, 0, 0, 0, 0, 0, 0, 0, 0
~&SPILL_STATS,0, 0, 0, 0, 0, 0, 0, 0, 0, 0, 0
~&SPILL_STATS,0, 0, 0, 0, 0, 0, 0, 0, 0, 0, 0
~&SPILL_STATS,0, 0, 0, 0, 0, 0, 0, 0, 0, 0, 0
~&SPILL_STATS,0, 0, 0, 0, 0, 0, 0, 0, 0, 0, 0
~&SPILL_STATS,0, 0, 0, 0, 0, 0, 0, 0, 0, 0, 0
~&SPILL_STATS,0, 0, 0, 0, 0, 0, 0, 0, 0, 0, 0
~&SPILL_STATS,374, 0, 0, 374, 0, 11, 374, 0, 374, 0, 11
~&SPILL_STATS,1537, 430, 0, 564, 347, 125, 1.39156e+06, 444918, 237551, 185364, 71320.5
~&SPILL_STATS,0, 0, 0, 0, 0, 0, 0, 0, 0, 0, 0
~&SPILL_STATS,0, 0, 0, 0, 0, 0, 0, 0, 0, 0, 0
~&SPILL_STATS,59, 28, 0, 45, 41, 11, 394250, 257267, 69484.3, 132696, 128857
~&SPILL_STATS,0, 0, 0, 0, 0, 0, 0, 0, 0, 0, 0
~&SPILL_STATS,0, 0, 0, 0, 0, 2, 0, 0, 0, 0, 12.5238
~&SPILL_STATS,2, 0, 0, 0, 2, 1, 1.09524, 0, 0, 1.09524, 0.714286
~&SPILL_STATS,0, 0, 0, 0, 0, 0, 0, 0, 0, 0, 0
~&SPILL_STATS,2, 1, 0, 2, 1, 3, 1.33333, 21.25, 21.9167, 0.666667, 43.1667
~&SPILL_STATS,0, 0, 0, 0, 0, 0, 0, 0, 0, 0, 0
~&SPILL_STATS,0, 0, 0, 0, 0, 0, 0, 0, 0, 0, 0
~&SPILL_STATS,0, 0, 0, 0, 0, 0, 0, 0, 0, 0, 0
~&SPILL_STATS,13, 20, 0, 24, 16, 7, 1058.25, 3369.44, 1692.06, 110.688, 1439.69
~&SPILL_STATS,268, 41, 0, 23, 101, 8, 52217.8, 6789.56, 1514.56, 17650.2, 1200
~&SPILL_STATS,119, 38, 0, 36, 52, 23, 21891.2, 19336, 2734.44, 2128.12, 17478.7
~&SPILL_STATS,71, 30, 0, 48, 23, 10, 500.524, 330.667, 113.524, 103.143, 69.8571
~&SPILL_STATS,26, 14, 0, 6, 16, 10, 264.019, 215.804, 7.38318, 107.374, 353.234
~&SPILL_STATS,98, 36, 0, 55, 31, 12, 2214.15, 1593.8, 778.1, 149.425, 315.1
~&SPILL_STATS,54, 22, 0, 34, 27, 14, 2341.02, 1667.4, 41.4, 455.5, 836.65
~&SPILL_STATS,94, 23, 0, 50, 34, 10, 2405.3, 656.3, 668.25, 456.55, 419.85
~&SPILL_STATS,98, 36, 0, 55, 31, 12, 2214.15, 1593.8, 778.1, 149.425, 315.1
~&SPILL_STATS,0, 0, 0, 0, 0, 0, 0, 0, 0, 0, 0
~&SPILL_STATS,0, 0, 0, 0, 0, 0, 0, 0, 0, 0, 0
~&SPILL_STATS,778, 135, 0, 494, 74, 67, 54.9082, 46.6003, 24.7956, 2.116, 24.7772
~&SPILL_STATS,106, 31, 0, 28, 27, 15, 104, 31, 23, 25, 14
~&SPILL_STATS,23, 6, 0, 13, 14, 14, 2292.98, 417.025, 445.025, 630.775, 1846.98
~&SPILL_STATS,91, 40, 0, 63, 27, 9, 3819.88, 3298.4, 1348.64, 802.76, 1034.28
~&SPILL_STATS,52, 35, 0, 27, 25, 35, 124.033, 76.5901, 23.6311, 40.5656, 67.836
~&SPILL_STATS,244, 75, 0, 68, 93, 47, 4699.04, 1904.51, 406.698, 1083.22, 2605.9
~&SPILL_STATS,52, 34, 0, 25, 27, 40, 139.013, 82.6316, 26.4868, 45.3816, 86.2763
~&SPILL_STATS,95, 71, 0, 63, 73, 33, 16738.8, 50313.8, 9539.5, 11876.9, 20699.7
~&SPILL_STATS,89, 59, 0, 52, 59, 36, 2373.54, 1881.17, 508.513, 874.303, 818.197
~&SPILL_STATS,99, 73, 0, 63, 58, 56, 84.1591, 84.4785, 65.2218, 29.8126, 80.6359
~&SPILL_STATS,61, 99, 0, 36, 50, 23, 2789.43, 1068.28, 1078.95, 799.047, 182.711
~&SPILL_STATS,35, 0, 0, 30, 0, 1, 35, 0, 30, 0, 1
~&SPILL_STATS,82, 35, 0, 56, 23, 5, 1797.37, 1464.69, 890.677, 218.103, 203.765
~&SPILL_STATS,279, 60, 0, 150, 80, 13, 3.39499e+06, 1.31955e+06, 682170, 245130, 230600
~&SPILL_STATS,0, 0, 0, 0, 0, 0, 0, 0, 0, 0, 0
~&SPILL_STATS,0, 0, 0, 0, 0, 0, 0, 0, 0, 0, 0
~&SPILL_STATS,0, 0, 0, 0, 0, 1, 0, 0, 0, 0, 0.0705882
~&SPILL_STATS,0, 0, 0, 0, 0, 1, 0, 0, 0, 0, 1
~&SPILL_STATS,3, 2, 0, 2, 0, 6, 1.92, 1.64, 1.64, 0, 3.2
~&SPILL_STATS,0, 0, 0, 0, 0, 3, 0, 0, 0, 0, 1.25
~&SPILL_STATS,2, 5, 0, 2, 0, 7, 2, 5, 2, 0, 6
~&SPILL_STATS,0, 0, 0, 0, 0, 0, 0, 0, 0, 0, 0
~&SPILL_STATS,136, 0, 0, 136, 0, 4, 136, 0, 136, 0, 4
~&SPILL_STATS,84, 25, 0, 71, 33, 14, 317879, 119812, 70503.6, 52592.1, 34852
~&SPILL_STATS,28, 0, 0, 23, 0, 1, 28, 0, 23, 0, 1
~&SPILL_STATS,21, 16, 0, 20, 8, 11, 68.9048, 94.0238, 30.381, 22.9048, 25.3333
~&SPILL_STATS,45, 25, 0, 20, 7, 16, 92.9804, 50.1176, 14.6275, 21.1373, 21.8627
~&SPILL_STATS,22, 15, 0, 16, 3, 17, 77.84, 75.12, 19.92, 20.88, 38.12
~&SPILL_STATS,26, 25, 0, 14, 8, 14, 17.6863, 54.8039, 18.2353, 12.2745, 35.2941
~&SPILL_STATS,559, 139, 0, 281, 27, 48, 224.362, 170.976, 49.5608, 44.7963, 80.5619
~&SPILL_STATS,0, 0, 0, 0, 0, 0, 0, 0, 0, 0, 0
~&SPILL_STATS,0, 0, 0, 0, 0, 0, 0, 0, 0, 0, 0
~&SPILL_STATS,28, 0, 0, 23, 0, 1, 28, 0, 23, 0, 1
~&SPILL_STATS,36, 31, 0, 20, 9, 13, 59.7451, 74.4314, 20.1176, 12.5882, 34.2941
~&SPILL_STATS,384, 0, 0, 384, 0, 8, 384, 0, 384, 0, 8
~&SPILL_STATS,1239, 505, 0, 694, 387, 128, 2.87056e+06, 1.11386e+06, 648790, 478736, 216076
~&SPILL_STATS,0, 0, 0, 0, 0, 1, 0, 0, 0, 0, 1
~&SPILL_STATS,0, 0, 0, 0, 0, 0, 0, 0, 0, 0, 0
~&SPILL_STATS,0, 0, 0, 0, 0, 0, 0, 0, 0, 0, 0
~&SPILL_STATS,150, 61, 0, 75, 66, 21, 1481.22, 914.935, 125.914, 276.756, 338.244
~&SPILL_STATS,214, 0, 0, 214, 0, 8, 214, 0, 214, 0, 8
~&SPILL_STATS,1379, 195, 0, 240, 416, 57, 5.47561e+06, 332146, 246540, 1.70343e+06, 123756
~&SPILL_STATS,59, 0, 0, 54, 0, 1, 59, 0, 54, 0, 1
~&SPILL_STATS,121, 45, 0, 64, 58, 43, 64321, 66800.9, 489.241, 3504.46, 136662
~&SPILL_STATS,0, 0, 0, 0, 0, 0, 0, 0, 0, 0, 0
~&SPILL_STATS,158, 0, 0, 158, 0, 6, 158, 0, 158, 0, 6
~&SPILL_STATS,858, 259, 0, 354, 256, 76, 2.08985e+06, 611242, 297719, 390924, 182439
~&SPILL_STATS,0, 0, 0, 0, 0, 0, 0, 0, 0, 0, 0
~&SPILL_STATS,28, 0, 0, 23, 0, 1, 28, 0, 23, 0, 1
~&SPILL_STATS,21, 16, 0, 20, 7, 14, 68.9048, 94.0238, 30.381, 22.4048, 36.2857
~&SPILL_STATS,20, 10, 0, 13, 7, 105, 28.7112, 39.5391, 35.2188, 20.8594, 303.654
~&SPILL_STATS,114, 44, 0, 82, 67, 17, 2.44592e+06, 1.72853e+06, 680014, 705817, 372071
~&SPILL_STATS,0, 0, 0, 0, 0, 0, 0, 0, 0, 0, 0
~&SPILL_STATS,603, 289, 0, 198, 255, 188, 4409.35, 3741.55, 1598.37, 1462.87, 3548.3
~&SPILL_STATS,307, 51, 0, 64, 45, 53, 1014.24, 302.843, 231.98, 130.353, 364.745
~&SPILL_STATS,0, 0, 0, 0, 0, 0, 0, 0, 0, 0, 0
~&SPILL_STATS,96, 47, 0, 62, 38, 25, 38048.7, 13048.8, 6541.92, 7180.31, 10274.4
~&SPILL_STATS,139, 55, 0, 115, 69, 17, 3.52415e+06, 2.43436e+06, 79841.1, 722186, 372071
~&SPILL_STATS,0, 0, 0, 0, 0, 0, 0, 0, 0, 0, 0
~&SPILL_STATS,212, 58, 0, 190, 37, 31, 5.98463, 4.90804, 7.82025, 0.700376, 2.14816
~&SPILL_STATS,79, 0, 0, 79, 0, 6, 79, 0, 79, 0, 6
~&SPILL_STATS,97, 53, 0, 81, 30, 23, 126985, 60568.9, 25197.6, 20741.6, 13805.4
~&SPILL_STATS,43, 11, 0, 38, 23, 8, 149830, 42620.7, 22672.2, 21996.4, 21629.6
~&SPILL_STATS,0, 0, 0, 0, 0, 0, 0, 0, 0, 0, 0
~&SPILL_STATS,123, 47, 0, 47, 47, 18, 623.447, 143.718, 97.4235, 161.659, 92.7529
~&SPILL_STATS,414, 146, 0, 213, 107, 45, 970.736, 310.236, 368.368, 136.906, 109.943
~&SPILL_STATS,0, 0, 0, 0, 0, 0, 0, 0, 0, 0, 0
~&SPILL_STATS,0, 4, 0, 1, 0, 1, 0, 0.705882, 0.176471, 0, 1
~&SPILL_STATS,0, 1, 0, 1, 1, 6, 0, 0.118321, 0.194656, 0.118321, 4.48092
~&SPILL_STATS,58, 30, 0, 38, 31, 9, 3901.1, 3240.41, 440.412, 1049.46, 818.647
~&SPILL_STATS,58, 30, 0, 38, 31, 9, 3901.1, 3240.41, 440.412, 1049.46, 818.647
~&SPILL_STATS,58, 30, 0, 38, 31, 9, 3901.1, 3240.41, 440.412, 1049.46, 818.647
~&SPILL_STATS,58, 30, 0, 38, 31, 9, 3901.1, 3240.41, 440.412, 1049.46, 818.647
~&SPILL_STATS,58, 30, 0, 38, 31, 9, 3901.1, 3240.41, 440.412, 1049.46, 818.647
~&SPILL_STATS,0, 0, 0, 0, 0, 0, 0, 0, 0, 0, 0
~&SPILL_STATS,0, 1, 0, 1, 1, 3, 0, 1, 1, 0.47619, 2.47619
~&SPILL_STATS,65, 34, 0, 51, 42, 16, 305.08, 63.68, 311.36, 24.68, 39
~&SPILL_STATS,22, 0, 0, 0, 7, 16, 4.71554, 0, 0, 1.36364, 2.261
~&SPILL_STATS,14, 3, 0, 3, 4, 4, 14, 3, 3, 4, 3
~&SPILL_STATS,0, 1, 0, 1, 0, 7, 0, 1, 1, 0, 7
~&SPILL_STATS,149, 0, 0, 149, 0, 4, 149, 0, 149, 0, 4
~&SPILL_STATS,105, 46, 0, 89, 46, 12, 19280.9, 12803.5, 4408.6, 3823.1, 431.9
~&SPILL_STATS,213, 0, 0, 91, 0, 0, 213, 0, 91, 0, 0
~&SPILL_STATS,136, 52, 0, 92, 47, 16, 128942, 46061.4, 25890.7, 12197.1, 1157.53
~&SPILL_STATS,158, 41, 0, 131, 69, 21, 4.9429e+06, 2.35131e+06, 1.42251e+06, 409995, 710585
~&SPILL_STATS,0, 0, 0, 0, 0, 0, 0, 0, 0, 0, 0
~&SPILL_STATS,0, 5, 0, 4, 1, 1, 0, 41.2692, 31.4615, 0.615385, 9.80769
~&SPILL_STATS,6, 1, 0, 3, 1, 5, 24.9375, 19.9375, 21.9375, 0.5, 41.875
~&SPILL_STATS,6, 1, 0, 3, 1, 5, 24.9375, 19.9375, 21.9375, 0.5, 41.875
~&SPILL_STATS,515, 0, 0, 351, 0, 8, 515, 0, 351, 0, 8
~&SPILL_STATS,2164, 602, 0, 793, 417, 154, 2.85114e+06, 850098, 390014, 390571, 213616
~&SPILL_STATS,123, 66, 0, 41, 76, 23, 11953.2, 13988.2, 2607.47, 6772.53, 5254.94
~&SPILL_STATS,0, 0, 0, 0, 0, 0, 0, 0, 0, 0, 0
~&SPILL_STATS,134, 45, 0, 111, 71, 22, 3.84951e+06, 1.72893e+06, 723118, 1.39327e+06, 710597
~&SPILL_STATS,0, 0, 0, 0, 0, 1, 0, 0, 0, 0, 1
~&SPILL_STATS,0, 0, 0, 0, 0, 1, 0, 0, 0, 0, 1
~&SPILL_STATS,0, 0, 0, 0, 0, 0, 0, 0, 0, 0, 0
~&SPILL_STATS,55, 52, 0, 67, 77, 128, 197.503, 271.071, 199.584, 53.8033, 2921.73
~&SPILL_STATS,6, 8, 0, 3, 0, 9, 2.09375, 3.75, 3, 0, 5.17188
~&SPILL_STATS,9, 9, 0, 5, 2, 12, 2.79688, 3.98438, 4.23438, 0.46875, 6.64062
~&SPILL_STATS,13, 9, 0, 5, 2, 12, 4.42188, 3.98438, 4.23438, 0.46875, 6.64062
~&SPILL_STATS,0, 0, 0, 0, 0, 0, 0, 0, 0, 0, 0
~&SPILL_STATS,305, 54, 0, 70, 64, 18, 303, 54, 61, 59, 18
~&SPILL_STATS,222, 82, 0, 63, 35, 27, 1.29616e+06, 793175, 255378, 186692, 27861.8
