Comando: /home/mpvreal/Code/Faculdade/tcc/llvm/build/bin/llc --march=x86-64 --regalloc=basic -o -
Heurística: original
function@flux_,44,3,0,13,4,5,44,3,13,4,5
function@flux_..omp_par.4,284,41,0,104,36,9,1.48495e+06,40601.8,52918.7,6382.83,68532.6
function@flux_..omp_par.3,74,37,0,45,9,16,16962.6,9562.17,1932.5,1342.42,5998.67
function@flux_..omp_par.2,33,14,0,20,2,6,7851.92,3462.75,88.9167,1.66667,2133.58
function@flux_..omp_par.1,255,190,0,92,153,11,53938.6,25685.8,5560.96,9613.84,10125
function@flux_..omp_par,33,14,0,20,2,6,7851.92,3462.75,88.9167,1.66667,2133.58
function@_QQmain,0,0,0,0,0,134,0,0,0,0,129.619
function@jacobian_,2,0,0,2,0,11,2,0,2,0,11
function@jacobian_..omp_par,136,63,0,107,10,13,857610,386095,506065,73.3333,110932
function@fill1_,5,1,0,3,0,4,5,1,3,0,4
function@fill1_..omp_par.1,1,1,0,2,0,5,21.25,13.25,2,0,25.25
function@fill1_..omp_par,17,11,0,13,2,2,364.75,236.333,32.25,1.66667,133.917
function@shell_,167,31,0,61,24,17,326718,163119,487812,24,10701.2
function@shell_..omp_par.8,26,20,0,20,5,5,699.25,2107.5,132,182,627.167
function@shell_..omp_par.7,177,44,0,108,42,12,1.3255e+07,306920,55314.8,388138,1.6648e+06
function@shell_..omp_par.6,157,37,0,110,48,11,3.49745e+08,9.0358e+06,413645,1.27167e+07,7.8652e+07
function@shell_..omp_par.5,12,2,0,8,2,15,427.625,24.875,7.625,1.25,80820.2
function@shell_..omp_par.4,57,23,0,43,9,29,20246.7,952.562,811.25,132.688,1254.75
function@shell_..omp_par.3,20,5,0,18,4,6,9203,62,36.9167,23.5833,17879.5
function@shell_..omp_par.2,30,24,0,28,13,6,2106.42,2561.5,576.167,694.417,1726.5
function@shell_..omp_par.1,20,13,0,17,2,2,239.5,315.917,66.6667,7.58333,4.75
function@shell_..omp_par,45,9,0,39,13,0,79812,949.667,1112.75,480.667,0
function@.omp.reduction.func,0,0,0,0,0,2,0,0,0,0,2
function@bi_cgstab_block_,45,3,0,17,4,11,373.625,32.875,31.4375,4,55.8125
function@bi_cgstab_block_..omp_par.12,22,10,0,18,6,3,358.312,1128.62,76.125,47.0625,3149.81
function@bi_cgstab_block_..omp_par.11,55,38,0,49,25,4,73130.4,88063.8,28351.2,45606.3,87999.7
function@bi_cgstab_block_..omp_par.10,28,13,0,22,6,4,3272.25,4029.12,80.125,47.0625,3399.75
function@bi_cgstab_block_..omp_par.9,53,27,0,46,10,3,29097.7,56203.1,3845.67,1023.08,7333.17
function@bi_cgstab_block_..omp_par.8,26,13,0,21,6,4,3271.25,4029.12,79.125,47.0625,3399.75
function@bi_cgstab_block_..omp_par.7,36,27,0,38,12,2,20881.7,57463,5511.08,8743.67,2666.5
function@bi_cgstab_block_..omp_par.6,26,13,0,21,6,4,3271.25,4029.12,79.125,47.0625,3399.75
function@bi_cgstab_block_..omp_par.5,18,8,0,16,3,3,501.5,95.5625,52.375,21.5625,749.812
function@bi_cgstab_block_..omp_par,84,31,0,63,8,8,49176.8,68732.8,5595.67,1021.75,20041.2
function@mat_times_vec_,5,2,0,5,0,5,5,2,5,0,5
function@mat_times_vec_..omp_par,142,51,0,100,32,2,6.62832e+07,7.07495e+06,3.83993e+06,3.50591e+06,5599.83
function@.omp.reduction.func,0,0,0,0,0,0,0,0,0,0,0
function@.omp.reduction.func.1,0,0,0,0,0,0,0,0,0,0,0
function@.omp.reduction.func.2,0,0,0,0,0,0,0,0,0,0,0
function@.omp.reduction.func.3,0,0,0,0,0,0,0,0,0,0,0
function@.omp.reduction.func.4,0,0,0,0,0,0,0,0,0,0,0
function@fill2_,0,0,0,0,0,4,0,0,0,0,4
function@fill2_..omp_par.1,1,3,0,3,1,5,21.25,35.5,2.66667,1,25.25
function@fill2_..omp_par,23,14,0,6,2,5,8554.25,4727.92,17.25,427.583,25.25
