Comando: /home/mpvreal/Code/Faculdade/tcc/llvm/build/bin/llc --march=x86 --regalloc=greedy -o -
Heurística: div(cost,mul(area,pow(degree,2)))
function@message_verbosity_increase,0,0,0,0,0,0,0,0,0,0,0
function@message_verbosity_decrease,0,0,0,0,0,0,0,0,0,0,0
function@message_verbosity_get,0,0,0,0,0,0,0,0,0,0,0
function@message_strm,0,0,0,0,0,0,0,0,0,0,0
function@message_mem_needed,0,0,0,0,0,4,0,0,0,0,1.8125
function@message_filters_to_str,9,2,0,4,2,12,28,4,28,8,87
function@message_filters_show,0,0,0,0,0,0,0,0,0,0,0
function@message_version,0,0,0,0,0,0,0,0,0,0,0
function@message_help,0,0,0,0,0,0,0,0,0,0,0
function@coder_set_check,0,0,0,0,0,0,0,0,0,0,0
function@coder_set_preset,0,0,0,0,0,0,0,0,0,0,0
function@coder_set_extreme,0,0,0,0,0,0,0,0,0,0,0
function@coder_add_filter,0,0,0,0,0,0,0,0,0,0,0
function@coder_set_compression_settings,5,5,0,5,0,14,18.7381,26.0952,3.5,0,89.881
function@coder_run,3,0,0,2,1,14,0.0776641,0,0.0759126,0.00155073,2.43689
function@is_format_lzma,0,0,0,0,0,6,0,0,0,0,0.556641
function@hardware_threadlimit_set,0,0,0,0,0,0,0,0,0,0,0
function@hardware_threadlimit_get,0,0,0,0,0,0,0,0,0,0,0
function@hardware_memlimit_set,0,0,0,0,0,1,0,0,0,0,0.5
function@hardware_memlimit_get,0,0,0,0,0,1,0,0,0,0,1
function@hardware_memlimit_show,0,0,0,0,0,0,0,0,0,0,0
function@io_open_src,0,0,0,0,0,2,0,0,0,0,9.15294
function@io_open_dest,0,0,0,0,0,2,0,0,0,0,2
function@io_close,0,0,0,0,0,3,0,0,0,0,4.06687
function@io_read,0,0,0,0,0,8,0,0,0,0,22.9231
function@io_pread,0,0,0,0,0,13,0,0,0,0,12.2
function@io_write,1,0,0,1,1,15,0.483516,0,0.531136,0.0622711,24.3718
function@list_totals,1,4,0,5,0,6,0.195312,1.96875,2.16406,0,1.09375
function@list_file,62,67,0,80,10,84,27.4824,1.70413,35.464,3.58857,52.4072
function@get_check_names,0,0,0,0,0,1,0,0,0,0,1
function@print_adv_helper,0,0,0,0,0,5,0,0,0,0,5
function@parse_details,1,2,0,1,0,6,0.456055,1.02747,1,0,2.19084
function@xrealloc,0,0,0,0,0,2,0,0,0,0,2
function@xstrdup,0,0,0,0,0,3,0,0,0,0,3
function@str_to_uint64,4,1,0,3,8,13,0.49763,0.137441,0.393365,0.417062,29.3365
function@round_up_to_mib,0,0,0,0,0,1,0,0,0,0,1
function@uint64_to_str,0,0,0,0,0,1,0,0,0,0,1
function@uint64_to_nicestr,0,0,0,0,0,3,0,0,0,0,3
function@my_snprintf,0,0,0,0,0,2,0,0,0,0,0.625
function@is_empty_filename,0,0,0,0,0,0,0,0,0,0,0
function@options_delta,3,2,0,4,1,5,9.6,4.3,11.55,2.35,413.55
function@options_bcj,3,2,0,4,1,4,9.6,6.65,11.55,2.35,407.3
function@options_lzma,17,2,0,6,1,12,70.75,1.25,216.95,2.35,639.8
function@set_lzma,0,0,0,0,0,2,0,0,0,0,1.10031
function@set_exit_status,0,0,0,0,0,0,0,0,0,0,0
function@sha_init,0,0,0,0,0,0,0,0,0,0,0
function@sha_process,1,1,0,1,0,6,0.624999,0.999999,0.999999,0,41
function@sha_compress,100,79,0,97,1,158,3076,2125,2577,32,5056
function@sha_done,0,0,0,0,0,5,0,0,0,0,3.96774
function@spec_mem_init,3,5,0,4,0,9,32.498,16.2491,39.9976,0,299.232
function@spec_mem_sum,0,0,0,0,0,4,0,0,0,0,26.625
function@spec_mem_load,22,5,0,11,0,35,129.347,12.0468,8.94504,0,282.207
function@fd_grow,0,0,0,0,0,3,0,0,0,0,3
function@spec_uncompress,0,0,0,0,0,2,0,0,0,0,2
function@compare_sum,0,0,0,0,0,1,0,0,0,0,7.51515
function@print_sum,0,0,0,0,0,1,0,0,0,0,15.9375
function@spec_mem_read,1,1,0,1,0,15,0.470588,0.470588,0.470588,0,6.67647
function@spec_mem_fread,9,3,0,8,1,10,3.24999,1.25,3.99999,0.249999,4.74999
function@spec_mem_getc,0,0,0,0,0,4,0,0,0,0,3.49999
function@spec_mem_ungetc,0,0,0,0,0,2,0,0,0,0,2
function@spec_mem_lseek,1,2,0,1,0,10,0.264706,0.602941,0.941176,0,6.32353
function@spec_mem_rewind,0,0,0,0,0,0,0,0,0,0,0
function@spec_mem_reset,0,0,0,0,0,1,0,0,0,0,1
function@spec_mem_get_length,0,0,0,0,0,1,0,0,0,0,1
function@spec_mem_fopen,0,0,0,0,0,12,0,0,0,0,3.48168
function@spec_mem_open,0,0,0,0,0,13,0,0,0,0,3.84314
function@spec_mem_write,2,0,0,2,0,15,1.88235,0,1.88235,0,54.8823
function@spec_mem_fwrite,8,2,0,5,0,13,22.5,31.9999,4.99999,0,56.9999
function@spec_mem_putc,0,0,0,0,0,3,0,0,0,0,2.99999
function@spec_mem_feof,0,1,0,1,0,2,0,0.5,0.5,0,0.999999
function@spec_mem_close,0,0,0,0,0,1,0,0,0,0,0.999999
function@spec_compress,0,0,0,0,0,2,0,0,0,0,2
function@sum_str_to_hex,2,0,0,1,0,5,17,0,1,0,34
function@spec_mem_alloc_fds,0,0,0,0,0,2,0,0,0,0,2
function@spec_mem_free_fds,1,2,0,1,0,2,0.25,16.7188,1,0,31.9375
function@lzma_delta_decoder_init,0,0,0,0,0,0,0,0,0,0,0
function@delta_decode,17,4,0,9,1,17,19.2344,34,6.8125,0.0625,40.9219
function@lzma_delta_props_decode,0,0,0,0,0,0,0,0,0,0,0
function@lzma_delta_encoder_init,0,0,0,0,0,0,0,0,0,0,0
function@delta_encode,66,16,0,24,10,64,27.1461,32.0577,7.62958,0.712912,110.949
function@delta_encoder_update,0,0,0,0,0,0,0,0,0,0,0
function@lzma_delta_props_encode,0,0,0,0,0,0,0,0,0,0,0
function@lzma_delta_coder_init,0,0,0,0,0,0,0,0,0,0,0
function@lzma_delta_coder_memusage,0,0,0,0,0,1,0,0,0,0,0.235294
function@lzma_mf_find,1,0,0,1,0,7,0.153846,0,0.153846,0,1.53846
function@lzma_mf_hc3_find,29,4,0,21,1,17,53.3463,38.2787,12.334,0.75,54.0123
function@lzma_mf_hc3_skip,6,2,0,5,0,8,142.75,91.625,141,0,182.25
function@lzma_mf_hc4_find,45,3,0,25,2,22,75.17,1.98867,17.8697,0.937677,39.6062
function@lzma_mf_hc4_skip,7,3,0,5,0,5,144.5,181.5,142.875,0,169.125
function@lzma_mf_bt2_find,29,3,0,25,3,12,88.136,4.344,50.424,0.936,24.4
function@lzma_mf_bt2_skip,29,2,0,21,3,12,587.316,25,519.526,30,332.895
function@lzma_mf_bt3_find,58,6,0,36,4,17,135.421,5.42205,37.2055,0.624809,14.9127
function@lzma_mf_bt3_skip,25,2,0,21,4,14,516.316,303.526,469.632,56.8947,354
function@lzma_mf_bt4_find,62,6,0,39,6,21,99.4809,3.56662,29.5544,1.40429,13.2274
function@lzma_mf_bt4_skip,28,1,0,22,4,11,893,293.526,523.421,40,329.632
function@lzma_lz_encoder_memusage,0,0,0,0,0,2,0,0,0,0,1.5
function@lz_encoder_prepare,14,3,0,13,0,10,2.12533,0.545692,2.68407,0,3.25326
function@lzma_lz_encoder_init,0,0,0,0,0,5,0,0,0,0,2.34713
function@lz_encode,0,2,0,1,0,13,0,10.2723,1,0,74.4503
function@lz_encoder_end,0,0,0,0,0,0,0,0,0,0,0
function@lz_encoder_update,0,0,0,0,0,0,0,0,0,0,0
function@lzma_mf_is_supported,0,0,0,0,0,1,0,0,0,0,1
function@lzma_lz_decoder_init,1,0,0,1,0,8,0.0981902,0,0.0981902,0,1.22486
function@lz_decode,25,13,0,22,1,40,486.557,675.279,649.858,0.100821,944.218
function@lz_decoder_end,0,0,0,0,0,0,0,0,0,0,0
function@lzma_lz_decoder_memusage,0,0,0,0,0,0,0,0,0,0,0
function@lzma_lz_decoder_uncompressed,0,0,0,0,0,0,0,0,0,0,0
function@lzma_lzma_optimum_fast,50,14,0,17,4,24,2.45415,4.20334,5.05205,0.490234,6.32565
function@lzma_lzma_preset,0,0,0,0,0,2,0,0,0,0,1.75
function@lzma_lzma_optimum_normal,246,69,0,171,15,206,422.216,137.238,164.26,1.80343,886.25
function@lzma_lzma2_encoder_init,0,0,0,0,0,0,0,0,0,0,0
function@lzma2_encoder_init,0,0,0,0,0,0,0,0,0,0,0
function@lzma_lzma2_encoder_memusage,0,0,0,0,0,1,0,0,0,0,1
function@lzma_lzma2_props_encode,0,0,0,0,0,5,0,0,0,0,5
function@lzma2_encode,15,7,0,9,1,17,21.8744,10.1498,8.50441,2.22026,25.4317
function@lzma2_encoder_end,0,0,0,0,0,0,0,0,0,0,0
function@lzma2_encoder_options_update,0,0,0,0,0,0,0,0,0,0,0
function@lzma_lzma2_decoder_init,0,0,0,0,0,0,0,0,0,0,0
function@lzma2_decoder_init,0,0,0,0,0,0,0,0,0,0,0
function@lzma_lzma2_decoder_memusage,0,0,0,0,0,0,0,0,0,0,0
function@lzma_lzma2_props_decode,0,0,0,0,0,1,0,0,0,0,0.0784314
function@lzma2_decode,4,3,0,5,11,21,2.57111,8.67566,10.0849,7.42215,58.5537
function@lzma2_decoder_end,0,0,0,0,0,0,0,0,0,0,0
function@lzma_lzma_encode,14,1,0,9,0,49,39.7135,0.696728,15.2703,0,171.525
function@rc_encode,4,1,0,3,0,13,13.4094,0.0631676,2.06317,0,21.133
function@lzma_lzma_encoder_reset,3,2,0,5,0,118,0.436035,0.0615234,0.208496,0,21.6143
function@lzma_lzma_encoder_create,0,0,0,0,0,1,0,0,0,0,0.375
function@lzma_lzma_encoder_init,0,0,0,0,0,0,0,0,0,0,0
function@lzma_encoder_init,0,0,0,0,0,0,0,0,0,0,0
function@lzma_lzma_encoder_memusage,0,0,0,0,0,1,0,0,0,0,0.0312499
function@lzma_lzma_lclppb_encode,0,0,0,0,0,0,0,0,0,0,0
function@lzma_lzma_props_encode,0,0,0,0,0,0,0,0,0,0,0
function@lzma_mode_is_supported,0,0,0,0,0,0,0,0,0,0,0
function@match,8,5,0,4,0,31,2.33268,0.710372,2.37182,0,25.8023
function@length,16,1,0,8,0,15,6.33333,1,5.21429,0,5.38095
function@length_update_prices,31,13,0,12,2,29,54.5488,66.2601,24.66,1,2211.71
function@lzma_encode,0,0,0,0,0,0,0,0,0,0,0
function@lzma_lzma_decoder_create,0,0,0,0,0,0,0,0,0,0,0
function@lzma_decode,682,35,0,707,114,1099,224.71,15.7047,182.778,7.58596,310.539
function@lzma_decoder_reset,3,0,0,3,0,101,3,0,3,0,606.641
function@lzma_decoder_uncompressed,0,0,0,0,0,0,0,0,0,0,0
function@lzma_lzma_decoder_init,0,0,0,0,0,0,0,0,0,0,0
function@lzma_decoder_init,0,0,0,0,0,0,0,0,0,0,0
function@lzma_lzma_lclppb_decode,0,0,0,0,0,1,0,0,0,0,0.5
function@lzma_lzma_decoder_memusage_nocheck,0,0,0,0,0,0,0,0,0,0,0
function@lzma_lzma_decoder_memusage,0,0,0,0,0,0,0,0,0,0,0
function@lzma_lzma_props_decode,0,0,0,0,0,2,0,0,0,0,1.14706
function@lzma_simple_x86_encoder_init,0,0,0,0,0,0,0,0,0,0,0
function@lzma_simple_x86_decoder_init,0,0,0,0,0,0,0,0,0,0,0
function@x86_code,12,0,0,5,0,18,34.75,0,18.8125,0,209.688
function@lzma_simple_armthumb_encoder_init,0,0,0,0,0,0,0,0,0,0,0
function@lzma_simple_armthumb_decoder_init,0,0,0,0,0,0,0,0,0,0,0
function@armthumb_code,1,0,0,1,0,24,1.96875,0,0.25,0,111.25
function@lzma_simple_powerpc_encoder_init,0,0,0,0,0,0,0,0,0,0,0
function@lzma_simple_powerpc_decoder_init,0,0,0,0,0,0,0,0,0,0,0
function@powerpc_code,10,0,0,8,0,27,19.6875,0,19.75,0,132.188
function@lzma_simple_arm_encoder_init,0,0,0,0,0,0,0,0,0,0,0
function@lzma_simple_arm_decoder_init,0,0,0,0,0,0,0,0,0,0,0
function@arm_code,5,0,0,5,0,30,19.8438,0,16.125,0,172.094
function@lzma_simple_props_size,0,0,0,0,0,0,0,0,0,0,0
function@lzma_simple_props_encode,0,0,0,0,0,0,0,0,0,0,0
function@lzma_simple_coder_init,0,0,0,0,0,5,0,0,0,0,1.85714
function@simple_code,10,6,0,10,0,18,1.35813,0.790634,2.7989,0,3.04408
function@simple_coder_end,0,0,0,0,0,0,0,0,0,0,0
function@simple_coder_update,0,0,0,0,0,0,0,0,0,0,0
function@lzma_simple_sparc_encoder_init,0,0,0,0,0,0,0,0,0,0,0
function@lzma_simple_sparc_decoder_init,0,0,0,0,0,0,0,0,0,0,0
function@sparc_code,8,0,0,8,0,27,21.25,0,21.25,0,123.188
function@lzma_simple_props_decode,0,0,0,0,0,2,0,0,0,0,2
function@lzma_simple_ia64_encoder_init,0,0,0,0,0,0,0,0,0,0,0
function@lzma_simple_ia64_decoder_init,0,0,0,0,0,0,0,0,0,0,0
function@ia64_code,25,5,0,27,0,40,126.438,31.6875,242.312,0,302.562
function@lzma_stream_buffer_decode,4,0,0,4,0,9,0.0292969,0,0.0585938,0,2.89941
function@lzma_index_init,0,0,0,0,0,5,0,0,0,0,3.14706
function@index_tree_append,0,1,0,1,0,8,0,0.308824,0.617647,0,3.39706
function@lzma_index_end,0,0,0,0,0,0,0,0,0,0,0
function@index_stream_end,0,0,0,0,0,0,0,0,0,0,0
function@lzma_index_prealloc,0,0,0,0,0,1,0,0,0,0,1
function@lzma_index_memusage,1,0,0,1,0,3,1,0,1,0,3
function@lzma_index_memused,1,2,0,2,1,4,1,2,2,1,4
function@lzma_index_block_count,0,0,0,0,0,0,0,0,0,0,0
function@lzma_index_stream_count,0,0,0,0,0,0,0,0,0,0,0
function@lzma_index_size,0,0,0,0,0,1,0,0,0,0,1
function@lzma_index_total_size,0,0,0,0,0,0,0,0,0,0,0
function@lzma_index_stream_size,0,0,0,0,0,1,0,0,0,0,1
function@lzma_index_file_size,0,1,0,1,0,1,0,0.619048,0.619048,0,0.619048
function@lzma_index_uncompressed_size,0,0,0,0,0,0,0,0,0,0,0
function@lzma_index_checks,0,0,0,0,0,0,0,0,0,0,0
function@lzma_index_padding_size,0,0,0,0,0,1,0,0,0,0,1
function@lzma_index_stream_flags,0,0,0,0,0,0,0,0,0,0,0
function@lzma_index_stream_padding,2,1,0,3,0,1,1,0.309524,1.30952,0,1
function@lzma_index_append,16,3,0,13,2,14,1.46057,0.697161,4.99054,0.37224,6.28076
function@lzma_index_cat,12,3,0,8,2,9,1.35956,2.625,4.4375,0.75,3.05627
function@index_cat_helper,0,0,0,0,0,5,0,0,0,0,85.625
function@lzma_index_dup,7,1,0,8,0,14,5.64493,3.77355,5.99638,0,141.745
function@lzma_index_iter_init,0,0,0,0,0,0,0,0,0,0,0
function@lzma_index_iter_rewind,0,0,0,0,0,0,0,0,0,0,0
function@lzma_index_iter_next,1,0,0,1,0,27,0.582712,0,0.499255,0,72.149
function@iter_set_info,4,2,0,6,0,6,2.8719,1.24793,4.8719,0,3.8843
function@lzma_index_iter_locate,8,1,0,8,2,12,51.7143,10.1429,41.6905,0.5,83.2619
function@index_tree_node_end,0,0,0,0,0,4,0,0,0,0,3.33333
function@lzma_filter_decoder_is_supported,0,0,0,0,0,4,0,0,0,0,2.6
function@decoder_find,0,0,0,0,0,2,0,0,0,0,2
function@lzma_raw_decoder_init,0,0,0,0,0,0,0,0,0,0,0
function@lzma_raw_decoder,0,0,0,0,0,3,0,0,0,0,2.375
function@lzma_raw_decoder_memusage,0,0,0,0,0,0,0,0,0,0,0
function@lzma_properties_decode,0,0,0,0,0,2,0,0,0,0,2
function@lzma_block_header_decode,0,1,0,1,0,8,0,0.348775,0.02215,0,2.26348
function@free_properties,0,0,0,0,0,2,0,0,0,0,2
function@lzma_auto_decoder,0,0,0,0,0,6,0,0,0,0,2.91134
function@auto_decoder_init,0,0,0,0,0,1,0,0,0,0,1
function@auto_decode,0,0,0,0,0,4,0,0,0,0,0.680352
function@auto_decoder_get_check,0,0,0,0,0,0,0,0,0,0,0
function@auto_decoder_memconfig,0,0,0,0,0,1,0,0,0,0,1
function@lzma_stream_encoder_init,0,0,0,0,0,0,0,0,0,0,0
function@stream_encode,2,7,0,6,0,10,0.599363,7.9264,3,0,3.65611
function@stream_encoder_end,0,0,0,0,0,0,0,0,0,0,0
function@stream_encoder_update,0,1,0,1,0,0,0,0.159292,0.159292,0,0
function@lzma_stream_encoder,0,0,0,0,0,3,0,0,0,0,2.375
function@lzma_raw_buffer_decode,4,0,0,4,0,4,0.125,0,0.1875,0,1.42187
function@lzma_easy_decoder_memusage,0,0,0,0,0,0,0,0,0,0,0
function@lzma_stream_buffer_bound,0,0,0,0,0,1,0,0,0,0,1
function@lzma_stream_buffer_encode,2,4,0,4,1,15,0.0292966,0.0267859,0.20996,0.0390624,1.47764
function@lzma_easy_preset,0,0,0,0,0,0,0,0,0,0,0
function@lzma_alone_encoder,0,0,0,0,0,3,0,0,0,0,2.375
function@alone_encoder_init,0,0,0,0,0,7,0,0,0,0,2.28906
function@alone_encode,0,0,0,0,0,1,0,0,0,0,0.0842105
function@lzma_vli_size,0,0,0,0,0,4,0,0,0,0,61.4762
function@lzma_raw_buffer_encode,2,0,0,2,0,3,0.0937498,0,0.1875,0,1.59375
function@lzma_filter_flags_size,0,0,0,0,0,1,0,0,0,0,0.190476
function@lzma_filter_flags_encode,0,0,0,0,0,1,0,0,0,0,0.0263672
function@lzma_easy_encoder,0,0,0,0,0,2,0,0,0,0,1.5
function@lzma_index_encoder_init,0,0,0,0,0,1,0,0,0,0,0.230769
function@index_encode,8,3,0,6,0,14,9.60204,2.65306,3,0,26.1429
function@lzma_index_encoder,0,0,0,0,0,3,0,0,0,0,2.08678
function@lzma_index_buffer_encode,0,0,0,0,0,3,0,0,0,0,1.375
function@lzma_block_buffer_decode,4,0,0,4,0,9,0.0781245,0,0.117187,0,2.55273
function@lzma_filters_copy,1,0,0,1,0,21,0.0886833,0,0.0886833,0,4.92702
function@lzma_raw_coder_init,13,7,0,15,7,19,19.8891,7.31645,36.7364,12.6153,60.5342
function@lzma_raw_coder_memusage,10,3,0,9,5,12,20.4289,6.17632,27.2184,6.93947,29.0395
function@lzma_block_header_size,0,0,0,0,0,3,0,0,0,0,0.841553
function@lzma_block_header_encode,0,0,0,0,0,11,0,0,0,0,2.19709
function@lzma_filter_flags_decode,0,1,0,1,0,0,0,0.0351562,0.0703125,0,0
function@lzma_block_encoder_init,0,0,0,0,0,0,0,0,0,0,0
function@block_encode,12,6,0,8,3,18,0.403316,0.624814,1.79881,0.28111,2.34557
function@block_encoder_update,0,0,0,0,0,0,0,0,0,0,0
function@lzma_block_encoder,0,0,0,0,0,3,0,0,0,0,2.375
function@lzma_alloc,0,0,0,0,0,1,0,0,0,0,1
function@lzma_free,0,0,0,0,0,0,0,0,0,0,0
function@lzma_bufcpy,3,0,0,3,0,5,3,0,3,0,5
function@lzma_next_filter_init,0,0,0,0,0,4,0,0,0,0,2.49541
function@lzma_next_end,0,0,0,0,0,0,0,0,0,0,0
function@lzma_next_filter_update,0,0,0,0,0,0,0,0,0,0,0
function@lzma_strm_init,0,0,0,0,0,0,0,0,0,0,0
function@lzma_code,0,1,0,1,0,0,0,2.5824e-07,1.83228e-06,0,0
function@lzma_end,0,0,0,0,0,0,0,0,0,0,0
function@lzma_get_check,0,0,0,0,0,0,0,0,0,0,0
function@lzma_memusage,0,0,0,0,0,1,0,0,0,0,0.999999
function@lzma_memlimit_get,0,0,0,0,0,1,0,0,0,0,0.999999
function@lzma_memlimit_set,0,0,0,0,0,2,0,0,0,0,0.488281
function@lzma_filter_encoder_is_supported,0,0,0,0,0,4,0,0,0,0,2.6
function@encoder_find,0,0,0,0,0,2,0,0,0,0,2
function@lzma_filters_update,8,2,0,7,0,7,11.9629,9.76562,55.426,0,37.3047
function@lzma_raw_encoder_memusage,0,0,0,0,0,0,0,0,0,0,0
function@lzma_raw_encoder_init,0,0,0,0,0,0,0,0,0,0,0
function@lzma_raw_encoder,0,0,0,0,0,3,0,0,0,0,2.375
function@lzma_properties_size,0,0,0,0,0,3,0,0,0,0,2.13924
function@lzma_properties_encode,0,0,0,0,0,2,0,0,0,0,2
function@lzma_stream_decoder_init,0,0,0,0,0,5,0,0,0,0,1.86264
function@stream_decode,8,4,0,4,0,23,3.82596,2.03002,4,0,49.3725
function@stream_decoder_end,0,0,0,0,0,0,0,0,0,0,0
function@stream_decoder_get_check,0,0,0,0,0,0,0,0,0,0,0
function@stream_decoder_memconfig,0,0,0,0,0,2,0,0,0,0,1.64
function@lzma_stream_decoder,0,0,0,0,0,3,0,0,0,0,2.375
function@lzma_vli_encode,5,1,0,3,0,6,8.50198,0.123016,5.18651,0,17.373
function@lzma_block_compressed_size,0,0,0,0,0,8,0,0,0,0,1.50916
function@lzma_block_unpadded_size,0,0,0,0,0,7,0,0,0,0,0.520147
function@lzma_block_total_size,0,0,0,0,0,8,0,0,0,0,2.46886
function@lzma_easy_buffer_encode,0,0,0,0,0,2,0,0,0,0,1.5
function@lzma_index_decoder,0,0,0,0,0,3,0,0,0,0,2.375
function@index_decoder_init,0,0,0,0,0,1,0,0,0,0,0.185841
function@lzma_index_buffer_decode,1,0,0,1,0,4,0.0781249,0,0.15625,0,0.932291
function@index_decode,15,5,0,6,0,29,6.69617,4.71976,2.99115,0,35
function@index_decoder_end,0,0,0,0,0,0,0,0,0,0,0
function@index_decoder_memconfig,0,0,0,0,0,2,0,0,0,0,1.64
function@lzma_stream_header_decode,0,0,0,0,0,1,0,0,0,0,1
function@lzma_stream_footer_decode,0,0,0,0,0,2,0,0,0,0,1.03524
function@lzma_stream_header_encode,0,0,0,0,0,0,0,0,0,0,0
function@lzma_stream_footer_encode,0,0,0,0,0,4,0,0,0,0,1.12941
function@lzma_vli_decode,13,3,0,12,1,23,7.2359,3.26479,11.7024,0.1875,17.4619
function@lzma_block_decoder_init,0,0,0,0,0,2,0,0,0,0,0.994506
function@block_decode,13,6,0,13,0,18,0.398801,0.827747,2.13687,0,2.34616
function@block_decoder_end,0,0,0,0,0,0,0,0,0,0,0
function@lzma_block_decoder,0,0,0,0,0,3,0,0,0,0,2.375
function@lzma_index_hash_init,0,0,0,0,0,2,0,0,0,0,1.375
function@lzma_index_hash_size,0,0,0,0,0,1,0,0,0,0,1
function@lzma_index_hash_append,0,1,0,1,0,9,0,0.0976562,0.0976562,0,6.125
function@lzma_index_hash_decode,13,8,0,10,0,25,7.84416,7.21055,6.28397,0,20.9387
function@lzma_alone_decoder_init,0,0,0,0,0,1,0,0,0,0,1
function@alone_decode,3,2,0,4,7,9,2.42147,0.865465,1.17947,1.32774,6.2682
function@alone_decoder_memconfig,0,0,0,0,0,2,0,0,0,0,1.64
function@lzma_alone_decoder,0,0,0,0,0,6,0,0,0,0,2.93388
function@lzma_block_buffer_bound,0,0,0,0,0,6,0,0,0,0,2.5
function@lzma_block_buffer_encode,2,1,0,1,0,16,0.00426173,0.00572193,0.011444,0,1.3815
function@block_encode_normal,6,3,0,5,0,10,0.128906,0.111328,1.1875,0,3.4707
function@block_encode_uncompressed,2,0,0,1,0,17,0.74707,0,0.375,0,6.12939
function@lzma_easy_encoder_memusage,0,0,0,0,0,0,0,0,0,0,0
function@lzma_stream_flags_compare,1,0,0,1,0,8,0.00246781,0,0.00332618,0,0.0555794
function@lzma_sha256_init,0,0,0,0,0,0,0,0,0,0,0
function@lzma_sha256_update,2,0,0,1,1,1,42.5,0,1,21.25,21.25
function@process,167,70,0,114,1,275,4752.25,1804.25,2765.88,31.875,7685.62
function@lzma_sha256_finish,0,0,0,0,0,17,0,0,0,0,199.667
function@lzma_check_is_supported,0,0,0,0,0,0,0,0,0,0,0
function@lzma_check_size,0,0,0,0,0,0,0,0,0,0,0
function@lzma_check_init,0,0,0,0,0,0,0,0,0,0,0
function@lzma_check_update,0,0,0,0,0,0,0,0,0,0,0
function@lzma_check_finish,0,0,0,0,0,0,0,0,0,0,0
function@lzma_crc64,2,0,0,1,0,35,0.49939,0,0.49939,0,49.2296
function@lzma_crc32,2,0,0,2,0,58,0.623581,0,0.623581,0,89.0288
function@main,17,13,0,17,2,21,10.7885,9.32389,12.6073,1.5,17.4008
function@init_encoder,0,0,0,0,0,1,0,0,0,0,1
function@uncompressStream,1,0,0,1,0,2,0.983716,0,1.01545,0,3.01461
function@compressStream,1,0,0,1,0,3,0.756098,0,0.780488,0,4.12195
function@tuklib_mbstr_fw,0,0,0,0,0,5,0,0,0,0,3.5625
function@tuklib_mbstr_width,0,0,0,0,0,0,0,0,0,0,0
function@tuklib_exit,0,0,0,0,0,0,0,0,0,0,0
