Comando: /home/mpvreal/Code/Faculdade/tcc/llvm/build/bin/llc -march=x86 --regalloc=greedy -o -
Heurística: div(cost,mul(area,pow(degree,2)))
~&SPILL_STATS,0, 0, 0, 0, 0, 2, 0, 0, 0, 0, 2
~&SPILL_STATS,0, 0, 0, 0, 0, 1, 0, 0, 0, 0, 12.5294
~&SPILL_STATS,0, 0, 0, 0, 0, 3, 0, 0, 0, 0, 524.719
~&SPILL_STATS,0, 0, 0, 0, 0, 4, 0, 0, 0, 0, 9.7109
~&SPILL_STATS,1, 4, 0, 4, 0, 8, 0.0581395, 2.34109, 0.20155, 0, 4.66667
~&SPILL_STATS,12, 1, 0, 6, 0, 2, 1.34334, 0.0235828, 0.384942, 0, 1.13139
~&SPILL_STATS,43, 13, 0, 29, 6, 29, 36.7969, 9.10351, 28.0129, 0.284504, 465.421
~&SPILL_STATS,6, 1, 0, 7, 0, 7, 1650.67, 406.333, 1277.29, 0, 21993.5
~&SPILL_STATS,0, 0, 0, 0, 0, 0, 0, 0, 0, 0, 0
~&SPILL_STATS,0, 0, 0, 0, 0, 1, 0, 0, 0, 0, 15.75
~&SPILL_STATS,2, 3, 0, 3, 1, 5, 32.9524, 469.762, 53.2381, 6.33333, 876.048
~&SPILL_STATS,4, 1, 0, 5, 0, 20, 959.905, 406.333, 586.524, 0, 71771.1
~&SPILL_STATS,0, 0, 0, 0, 0, 0, 0, 0, 0, 0, 0
~&SPILL_STATS,0, 0, 0, 0, 0, 0, 0, 0, 0, 0, 0
~&SPILL_STATS,0, 2, 0, 2, 0, 0, 0, 1.77163, 1.94118, 0, 0
~&SPILL_STATS,0, 2, 0, 2, 0, 0, 0, 1.77778, 1.94444, 0, 0
~&SPILL_STATS,0, 0, 0, 0, 0, 0, 0, 0, 0, 0, 0
~&SPILL_STATS,7, 5, 0, 12, 0, 1, 7, 5, 12, 0, 0.5
~&SPILL_STATS,0, 0, 0, 0, 0, 2, 0, 0, 0, 0, 2
~&SPILL_STATS,55, 13, 0, 23, 1, 35, 70.0816, 92.5777, 46.0188, 0.236277, 57.2121
~&SPILL_STATS,37, 14, 0, 28, 0, 24, 675.628, 176.176, 350.922, 0, 483.157
~&SPILL_STATS,0, 0, 0, 0, 0, 2, 0, 0, 0, 0, 10.92
~&SPILL_STATS,1, 1, 0, 1, 0, 3, 6.25, 12.5, 12.5, 0, 220
~&SPILL_STATS,5, 1, 0, 6, 0, 3, 5567.58, 426.583, 1175.5, 0, 8960.83
~&SPILL_STATS,5, 1, 0, 6, 0, 4, 5567.58, 426.583, 1175.5, 0, 13227.4
~&SPILL_STATS,5, 1, 0, 6, 0, 3, 5567.58, 426.583, 1175.5, 0, 8960.83
~&SPILL_STATS,5, 1, 0, 6, 0, 4, 5567.58, 426.583, 1175.5, 0, 13227.4
~&SPILL_STATS,0, 0, 0, 0, 0, 0, 0, 0, 0, 0, 0
~&SPILL_STATS,0, 0, 0, 0, 0, 0, 0, 0, 0, 0, 0
~&SPILL_STATS,0, 0, 0, 0, 0, 0, 0, 0, 0, 0, 0
~&SPILL_STATS,0, 0, 0, 0, 0, 2, 0, 0, 0, 0, 4.08075
~&SPILL_STATS,0, 0, 0, 0, 0, 1, 0, 0, 0, 0, 6.2
~&SPILL_STATS,0, 0, 0, 0, 0, 3, 0, 0, 0, 0, 1.68
~&SPILL_STATS,18, 3, 0, 21, 0, 25, 595.644, 146.621, 460.934, 0, 7937.29
~&SPILL_STATS,22, 3, 0, 25, 0, 22, 596.144, 146.621, 461.434, 0, 7936.92
~&SPILL_STATS,0, 0, 0, 0, 0, 1, 0, 0, 0, 0, 1
~&SPILL_STATS,38, 5, 0, 43, 0, 36, 551.903, 135.701, 427.224, 0, 7345.9
~&SPILL_STATS,0, 0, 0, 0, 0, 1, 0, 0, 0, 0, 1
~&SPILL_STATS,14, 1, 0, 13, 1, 12, 235.673, 57.4449, 181.257, 0.143612, 3115.9
~&SPILL_STATS,0, 0, 0, 0, 0, 0, 0, 0, 0, 0, 0
~&SPILL_STATS,9, 0, 0, 3, 0, 2, 5.625, 0, 1.875, 0, 1.25
~&SPILL_STATS,0, 0, 0, 0, 0, 2, 0, 0, 0, 0, 63.75
~&SPILL_STATS,0, 0, 0, 0, 0, 1, 0, 0, 0, 0, 21.25
~&SPILL_STATS,4, 1, 0, 5, 0, 2, 1239.29, 406.333, 865.905, 0, 8533.29
~&SPILL_STATS,1, 0, 0, 1, 1, 9, 5, 0, 5, 0.156863, 43.0196
~&SPILL_STATS,0, 0, 0, 0, 0, 0, 0, 0, 0, 0, 0
~&SPILL_STATS,0, 0, 0, 0, 0, 0, 0, 0, 0, 0, 0
~&SPILL_STATS,0, 0, 0, 0, 0, 0, 0, 0, 0, 0, 0
~&SPILL_STATS,0, 0, 0, 0, 0, 0, 0, 0, 0, 0, 0
~&SPILL_STATS,10, 2, 0, 11, 0, 4, 10, 2, 11, 0, 3.25
~&SPILL_STATS,0, 0, 0, 0, 0, 0, 0, 0, 0, 0, 0
~&SPILL_STATS,99, 4, 0, 50, 12, 68, 19672.5, 37.0743, 2051.29, 5.6875, 18461.6
~&SPILL_STATS,8, 0, 0, 6, 0, 5, 17696.3, 0, 1201.14, 0, 17320.5
~&SPILL_STATS,6, 7, 0, 11, 0, 0, 5.88235, 6.70588, 10.9412, 0, 0
~&SPILL_STATS,0, 0, 0, 0, 0, 0, 0, 0, 0, 0, 0
~&SPILL_STATS,43, 6, 0, 14, 6, 54, 6.26063, 0.234638, 1.46383, 0.12987, 7.66898
~&SPILL_STATS,231, 26, 0, 70, 2, 182, 374.629, 88.83, 204.205, 0.867772, 216.868
~&SPILL_STATS,115, 15, 0, 49, 4, 124, 109.936, 21.2016, 68.1111, 1.23342, 116.498
~&SPILL_STATS,4, 2, 0, 7, 1, 33, 1.31023, 0.561056, 2.68317, 0.186469, 10.2607
~&SPILL_STATS,148, 27, 0, 58, 4, 96, 36.2315, 10.6301, 11.4442, 0.409673, 51.4342
~&SPILL_STATS,5, 1, 0, 6, 0, 13, 0.996582, 0.164062, 1.19141, 0, 3.61719
~&SPILL_STATS,101, 11, 0, 56, 2, 109, 12.8892, 0.27709, 11.5478, 0.102773, 19.055
~&SPILL_STATS,7, 5, 0, 8, 0, 5, 0.272539, 0.45135, 0.3845, 0, 2.0188
~&SPILL_STATS,1, 0, 0, 1, 0, 2, 1, 0, 1, 0, 2
~&SPILL_STATS,135, 61, 0, 49, 4, 95, 160.655, 100.856, 37.229, 0.528183, 72.7342
~&SPILL_STATS,18, 6, 0, 11, 0, 20, 313.238, 151.238, 146.714, 0, 1461.62
~&SPILL_STATS,50, 21, 0, 21, 4, 32, 836.125, 929.75, 137.625, 8.75, 1204.88
~&SPILL_STATS,62, 13, 0, 22, 2, 22, 15.778, 0.0281477, 8.3954, 0.000418759, 34.2277
~&SPILL_STATS,18, 2, 0, 17, 8, 94, 37.2453, 1.58491, 12.6981, 3.11321, 109.83
~&SPILL_STATS,24, 4, 0, 10, 0, 14, 1657.14, 86.2857, 785.048, 0, 785.81
~&SPILL_STATS,44, 24, 0, 18, 4, 37, 750.062, 1051.5, 118.188, 8.75, 1266.38
~&SPILL_STATS,62, 13, 0, 22, 2, 22, 15.778, 0.0281477, 8.3954, 0.000418759, 34.2277
~&SPILL_STATS,33, 2, 0, 7, 0, 13, 35.2453, 1.58491, 19.8491, 0, 61.9623
~&SPILL_STATS,0, 0, 0, 0, 0, 0, 0, 0, 0, 0, 0
~&SPILL_STATS,0, 0, 0, 0, 0, 8, 0, 0, 0, 0, 6.4375
~&SPILL_STATS,0, 0, 0, 0, 0, 5, 0, 0, 0, 0, 158.375
~&SPILL_STATS,0, 0, 0, 0, 0, 5, 0, 0, 0, 0, 158.375
~&SPILL_STATS,0, 0, 0, 0, 0, 0, 0, 0, 0, 0, 0
~&SPILL_STATS,0, 0, 0, 0, 0, 20, 0, 0, 0, 0, 171.484
~&SPILL_STATS,0, 0, 0, 0, 0, 0, 0, 0, 0, 0, 0
~&SPILL_STATS,0, 0, 0, 0, 0, 4, 0, 0, 0, 0, 126.5
~&SPILL_STATS,0, 0, 0, 0, 0, 0, 0, 0, 0, 0, 0
~&SPILL_STATS,0, 0, 0, 0, 0, 0, 0, 0, 0, 0, 0
~&SPILL_STATS,0, 0, 0, 0, 0, 0, 0, 0, 0, 0, 0
~&SPILL_STATS,0, 0, 0, 0, 0, 0, 0, 0, 0, 0, 0
~&SPILL_STATS,1, 0, 0, 1, 0, 0, 1, 0, 1, 0, 0
~&SPILL_STATS,16, 5, 0, 13, 6, 15, 88.8501, 25.0787, 69.3572, 6.1916, 349.2
~&SPILL_STATS,0, 0, 0, 0, 0, 0, 0, 0, 0, 0, 0
~&SPILL_STATS,14, 2, 0, 10, 4, 15, 383.48, 176.56, 72.36, 21.04, 433.08
~&SPILL_STATS,0, 0, 0, 0, 0, 1, 0, 0, 0, 0, 0.553634
~&SPILL_STATS,116, 19, 0, 27, 26, 37, 13404.1, 7354.69, 6794.8, 3010.68, 9134.94
~&SPILL_STATS,15, 0, 0, 9, 1, 7, 46673.9, 0, 8438.59, 235.294, 30871.2
~&SPILL_STATS,23, 6, 0, 17, 2, 19, 5681.65, 4533.09, 624.485, 7.58272, 18215.8
~&SPILL_STATS,33, 2, 0, 22, 0, 20, 445921, 4155.6, 115247, 0, 234686
~&SPILL_STATS,0, 0, 0, 0, 0, 2, 0, 0, 0, 0, 1.5551
~&SPILL_STATS,6, 7, 0, 12, 0, 1, 6, 7, 12, 0, 1
~&SPILL_STATS,0, 0, 0, 0, 0, 2, 0, 0, 0, 0, 2
~&SPILL_STATS,0, 0, 0, 0, 0, 1, 0, 0, 0, 0, 1
~&SPILL_STATS,0, 0, 0, 0, 0, 1, 0, 0, 0, 0, 1
~&SPILL_STATS,5, 7, 0, 11, 1, 21, 28.9999, 37.0624, 4.93749, 9.99998, 70.9999
~&SPILL_STATS,5, 7, 0, 11, 1, 21, 28.9999, 37.0624, 4.93749, 9.99998, 70.9999
~&SPILL_STATS,0, 0, 0, 0, 0, 0, 0, 0, 0, 0, 0
~&SPILL_STATS,0, 0, 0, 0, 0, 0, 0, 0, 0, 0, 0
~&SPILL_STATS,0, 0, 0, 0, 0, 0, 0, 0, 0, 0, 0
~&SPILL_STATS,0, 0, 0, 0, 0, 0, 0, 0, 0, 0, 0
~&SPILL_STATS,0, 0, 0, 0, 0, 0, 0, 0, 0, 0, 0
~&SPILL_STATS,0, 0, 0, 0, 0, 0, 0, 0, 0, 0, 0
~&SPILL_STATS,0, 0, 0, 0, 0, 0, 0, 0, 0, 0, 0
~&SPILL_STATS,0, 0, 0, 0, 0, 0, 0, 0, 0, 0, 0
~&SPILL_STATS,0, 0, 0, 0, 0, 0, 0, 0, 0, 0, 0
~&SPILL_STATS,0, 0, 0, 0, 0, 0, 0, 0, 0, 0, 0
~&SPILL_STATS,0, 0, 0, 0, 0, 0, 0, 0, 0, 0, 0
~&SPILL_STATS,0, 0, 0, 0, 0, 0, 0, 0, 0, 0, 0
~&SPILL_STATS,0, 0, 0, 0, 0, 0, 0, 0, 0, 0, 0
~&SPILL_STATS,0, 0, 0, 0, 0, 0, 0, 0, 0, 0, 0
~&SPILL_STATS,1, 2, 0, 2, 0, 8, 1, 25, 1.625, 0, 120.244
~&SPILL_STATS,0, 0, 0, 0, 0, 0, 0, 0, 0, 0, 0
~&SPILL_STATS,0, 0, 0, 0, 0, 5, 0, 0, 0, 0, 40.625
~&SPILL_STATS,3, 0, 0, 2, 0, 2, 1.15725, 0, 1.53588, 0, 1.76794
~&SPILL_STATS,1, 3, 0, 1, 0, 11, 1, 12.25, 1, 0, 150.244
~&SPILL_STATS,5, 0, 0, 1, 0, 7, 33.5, 0, 0.999999, 0, 98.125
~&SPILL_STATS,4, 1, 0, 2, 0, 14, 0.873016, 0.124008, 0.749008, 0, 70.2778
~&SPILL_STATS,0, 0, 0, 0, 0, 0, 0, 0, 0, 0, 0
~&SPILL_STATS,53, 0, 0, 33, 1, 65, 2625.72, 0, 442.372, 0.624998, 3026.41
~&SPILL_STATS,46, 18, 0, 44, 1, 32, 29.9123, 15.4792, 17.118, 0.3125, 91.4375
~&SPILL_STATS,0, 0, 0, 0, 0, 8, 0, 0, 0, 0, 2.92188
~&SPILL_STATS,10, 3, 0, 12, 0, 6, 162.286, 50.7143, 154.143, 0, 102.429
~&SPILL_STATS,27, 11, 0, 35, 0, 10, 486.857, 223.143, 641, 0, 182.571
~&SPILL_STATS,105, 65, 0, 112, 0, 24, 1473.74, 1072.48, 1564.52, 0, 556.66
~&SPILL_STATS,21, 9, 0, 25, 0, 8, 17081.2, 1543.75, 4806.64, 0, 9006.25
~&SPILL_STATS,88, 26, 0, 66, 1, 35, 66757.3, 30854.8, 49205.6, 59.8145, 17437.7
~&SPILL_STATS,1, 0, 0, 1, 0, 0, 1, 0, 1, 0, 0
~&SPILL_STATS,50, 33, 0, 70, 0, 21, 17755.5, 14632, 17201.6, 0, 10200
~&SPILL_STATS,72, 16, 0, 62, 4, 39, 20147.4, 3392.93, 10746.1, 609.375, 15134.9
~&SPILL_STATS,0, 0, 0, 0, 0, 0, 0, 0, 0, 0, 0
~&SPILL_STATS,0, 0, 0, 0, 0, 0, 0, 0, 0, 0, 0
~&SPILL_STATS,0, 0, 0, 0, 0, 0, 0, 0, 0, 0, 0
~&SPILL_STATS,0, 0, 0, 0, 0, 1, 0, 0, 0, 0, 1
~&SPILL_STATS,52, 24, 0, 33, 4, 85, 132.509, 280.083, 49.9702, 8.21312, 1003.84
~&SPILL_STATS,0, 0, 0, 0, 0, 1, 0, 0, 0, 0, 1
~&SPILL_STATS,0, 0, 0, 0, 0, 0, 0, 0, 0, 0, 0
~&SPILL_STATS,1, 2, 0, 2, 0, 0, 32, 2, 33, 0, 0
~&SPILL_STATS,0, 0, 0, 0, 0, 7, 0, 0, 0, 0, 6.99999
~&SPILL_STATS,3, 1, 0, 4, 0, 2, 633, 301.429, 356.057, 0, 3315.83
~&SPILL_STATS,108, 25, 0, 73, 1, 152, 1.32203e+06, 155239, 617451, 7.05967, 2.41949e+06
~&SPILL_STATS,0, 0, 0, 0, 0, 2, 0, 0, 0, 0, 2
~&SPILL_STATS,5, 0, 0, 4, 0, 5, 4466.25, 0, 206.333, 0, 4694
~&SPILL_STATS,7, 2, 0, 9, 1, 44, 35.9592, 10.4683, 4.63169, 0.673524, 162.048
~&SPILL_STATS,13, 4, 0, 14, 0, 16, 35446.9, 11226.3, 35308.2, 0, 48500
~&SPILL_STATS,5, 2, 0, 6, 0, 7, 1314.25, 5759.83, 1175.5, 0, 23092.8
~&SPILL_STATS,0, 0, 0, 0, 0, 2, 0, 0, 0, 0, 1.01587
~&SPILL_STATS,51, 10, 0, 14, 18, 37, 112.083, 92.0731, 7.00682, 1.56417, 286.865
~&SPILL_STATS,7, 2, 0, 6, 0, 5, 39.8425, 15.6245, 17.5093, 0, 18.0151
~&SPILL_STATS,17, 2, 0, 5, 0, 6, 17.0819, 0.00268546, 19.1384, 0, 26.0977
~&SPILL_STATS,6, 1, 0, 5, 0, 2, 120.146, 98.2927, 19.1463, 0, 99.2927
~&SPILL_STATS,0, 0, 0, 0, 0, 5, 0, 0, 0, 0, 38.2443
~&SPILL_STATS,0, 0, 0, 0, 0, 4, 0, 0, 0, 0, 2.05164
~&SPILL_STATS,0, 0, 0, 0, 0, 2, 0, 0, 0, 0, 1.01587
~&SPILL_STATS,29, 3, 0, 16, 1, 34, 10.1914, 2.66929, 5.33502, 0.0419269, 15.3421
~&SPILL_STATS,0, 0, 0, 0, 0, 8, 0, 0, 0, 0, 8.68269
~&SPILL_STATS,0, 0, 0, 0, 0, 4, 0, 0, 0, 0, 10.2059
~&SPILL_STATS,0, 0, 0, 0, 0, 1, 0, 0, 0, 0, 1
~&SPILL_STATS,456, 6, 0, 110, 0, 300, 2267.87, 17.6248, 131.02, 0, 2676.44
~&SPILL_STATS,0, 2, 0, 1, 0, 4, 0, 3.14815, 1, 0, 10.1852
~&SPILL_STATS,0, 0, 0, 0, 0, 7, 0, 0, 0, 0, 28.5
~&SPILL_STATS,0, 0, 0, 0, 0, 0, 0, 0, 0, 0, 0
~&SPILL_STATS,0, 0, 0, 0, 0, 0, 0, 0, 0, 0, 0
~&SPILL_STATS,0, 0, 0, 0, 0, 0, 0, 0, 0, 0, 0
~&SPILL_STATS,0, 0, 0, 0, 0, 0, 0, 0, 0, 0, 0
~&SPILL_STATS,4, 0, 0, 1, 0, 62, 21.3971, 0, 0.352941, 0, 437.647
~&SPILL_STATS,0, 0, 0, 0, 0, 2, 0, 0, 0, 0, 2
~&SPILL_STATS,0, 0, 0, 0, 0, 0, 0, 0, 0, 0, 0
~&SPILL_STATS,1, 0, 0, 1, 0, 9, 0.15625, 0, 0.15625, 0, 15.3125
~&SPILL_STATS,0, 0, 0, 0, 0, 0, 0, 0, 0, 0, 0
~&SPILL_STATS,4, 0, 0, 3, 0, 6, 2.9375, 0, 2.3125, 0, 27.625
~&SPILL_STATS,11, 10, 0, 9, 0, 15, 57.5, 8.99999, 8.99999, 0, 52.5
~&SPILL_STATS,29, 3, 0, 16, 0, 21, 228.531, 209.969, 73.6875, 0, 688
~&SPILL_STATS,56, 35, 0, 37, 1, 45, 559.703, 487.098, 121.584, 4.26923, 410.647
~&SPILL_STATS,9, 2, 0, 6, 0, 11, 99.4141, 40, 28.25, 0, 1079.5
~&SPILL_STATS,9, 1, 0, 7, 0, 11, 63.75, 19.875, 7, 0, 86.625
~&SPILL_STATS,15, 2, 0, 10, 0, 19, 164.969, 19.875, 64.5, 0, 284.594
~&SPILL_STATS,0, 0, 0, 0, 0, 0, 0, 0, 0, 0, 0
~&SPILL_STATS,0, 0, 0, 0, 0, 1, 0, 0, 0, 0, 1
~&SPILL_STATS,0, 0, 0, 0, 0, 3, 0, 0, 0, 0, 14.35
~&SPILL_STATS,0, 0, 0, 0, 0, 1, 0, 0, 0, 0, 1
~&SPILL_STATS,0, 0, 0, 0, 0, 0, 0, 0, 0, 0, 0
~&SPILL_STATS,0, 0, 0, 0, 0, 0, 0, 0, 0, 0, 0
~&SPILL_STATS,0, 0, 0, 0, 0, 0, 0, 0, 0, 0, 0
~&SPILL_STATS,0, 0, 0, 0, 0, 2, 0, 0, 0, 0, 1
~&SPILL_STATS,0, 0, 0, 0, 0, 0, 0, 0, 0, 0, 0
~&SPILL_STATS,0, 0, 0, 0, 0, 2, 0, 0, 0, 0, 1.1
~&SPILL_STATS,0, 0, 0, 0, 0, 0, 0, 0, 0, 0, 0
~&SPILL_STATS,0, 0, 0, 0, 0, 1, 0, 0, 0, 0, 1
~&SPILL_STATS,0, 0, 0, 0, 0, 0, 0, 0, 0, 0, 0
~&SPILL_STATS,0, 0, 0, 0, 0, 2, 0, 0, 0, 0, 7.66667
~&SPILL_STATS,8, 6, 0, 9, 2, 4, 78.7302, 256.258, 70.5139, 1.25, 30.8413
~&SPILL_STATS,8, 1, 0, 4, 4, 10, 0.205198, 0.0774024, 0.433665, 0.162142, 2.78101
~&SPILL_STATS,2, 0, 0, 1, 0, 3, 0.0629882, 0, 0.390625, 0, 13.5315
~&SPILL_STATS,0, 0, 0, 0, 0, 2, 0, 0, 0, 0, 13.5
~&SPILL_STATS,0, 1, 0, 1, 0, 2, 0, 10.625, 1, 0, 2
~&SPILL_STATS,0, 0, 0, 0, 0, 6, 0, 0, 0, 0, 2.85965
~&SPILL_STATS,0, 0, 0, 0, 0, 0, 0, 0, 0, 0, 0
~&SPILL_STATS,0, 0, 0, 0, 0, 0, 0, 0, 0, 0, 0
~&SPILL_STATS,0, 0, 0, 0, 0, 0, 0, 0, 0, 0, 0
~&SPILL_STATS,0, 0, 0, 0, 0, 0, 0, 0, 0, 0, 0
~&SPILL_STATS,0, 0, 0, 0, 0, 2, 0, 0, 0, 0, 7.25
~&SPILL_STATS,0, 3, 0, 3, 0, 14, 0, 0.0498697, 0.0526879, 0, 10.7315
~&SPILL_STATS,0, 0, 0, 0, 0, 7, 0, 0, 0, 0, 70.087
~&SPILL_STATS,2, 0, 0, 2, 2, 11, 0.666667, 0, 2, 3.33333, 53.7083
~&SPILL_STATS,7, 0, 0, 4, 0, 5, 3.57812, 0, 4, 0, 3.75
~&SPILL_STATS,0, 0, 0, 0, 0, 3, 0, 0, 0, 0, 2.7619
~&SPILL_STATS,0, 0, 0, 0, 0, 4, 0, 0, 0, 0, 22
~&SPILL_STATS,3, 0, 0, 0, 6, 11, 6.5333, 0, 0, 7.3763, 810.651
~&SPILL_STATS,20, 1, 0, 35, 0, 24, 5.81633, 0.187585, 9.39935, 0, 13.8436
~&SPILL_STATS,41, 0, 0, 51, 3, 36, 727.627, 0, 694.948, 1.9043, 521.792
~&SPILL_STATS,0, 0, 0, 0, 0, 2, 0, 0, 0, 0, 2
~&SPILL_STATS,1, 1, 0, 4, 0, 5, 0.3125, 0.3125, 7.025, 0, 7.2
~&SPILL_STATS,0, 0, 0, 0, 0, 1, 0, 0, 0, 0, 12.5
~&SPILL_STATS,0, 0, 0, 0, 0, 0, 0, 0, 0, 0, 0
~&SPILL_STATS,0, 0, 0, 0, 0, 0, 0, 0, 0, 0, 0
~&SPILL_STATS,0, 0, 0, 0, 0, 0, 0, 0, 0, 0, 0
