Comando: /home/mpvreal/Code/Faculdade/tcc/llvm/build/bin/llc --march=x86 --regalloc=basic -o -
Heurística: div(cost,mul(area,pow(degree,2)))
function@newmolecule,0,0,0,0,0,2,0,0,0,0,2
function@freeresidue,0,0,0,0,0,1,0,0,0,0,12.5294
function@freemolecule,0,0,0,0,0,3,0,0,0,0,524.719
function@addstrand,0,0,0,0,0,4,0,0,0,0,9.7109
function@addresidue,8,6,0,4,2,6,1.05814,2.49612,0.496124,0.0852713,4.6124
function@connectres,17,2,0,5,0,4,0.555588,0.221913,0.422147,0,1.13945
function@mergestr,68,37,0,38,45,14,51.9461,124.239,13.7124,31.9638,172.418
function@upd_molnumbers,13,9,0,6,11,2,2254.43,5831.95,587.524,1393.57,8126.95
function@countmolstrands,0,0,0,0,0,0,0,0,0,0,0
function@countstrandresidues,0,0,0,0,0,1,0,0,0,0,15.75
function@countmolres,9,6,0,5,2,5,1126.1,511.333,60.5714,19,864.381
function@countmolatoms,5,7,0,4,8,20,460.571,5044.67,54.2381,10832.6,71771.1
function@dist,0,0,0,0,0,0,0,0,0,0,0
function@distp,0,0,0,0,0,0,0,0,0,0,0
function@angle,3,2,0,5,0,0,3,1.77163,3.94118,0,0
function@anglep,3,2,0,5,0,0,3,1.77778,3.94444,0,0
function@torsion,0,0,0,0,0,0,0,0,0,0,0
function@torsionp,20,23,0,10,0,1,20,23,10,0,0.5
function@getresname,0,0,0,0,0,2,0,0,0,0,2
function@cap,147,29,0,25,11,16,429.59,120.014,46.4372,8.26836,44.1387
function@delete_atom,48,35,0,23,17,18,590.137,708.98,147.608,59.6275,389.627
function@copyextbonds,0,0,0,0,0,3,0,0,0,0,21.16
function@setreskind,2,3,0,2,0,1,26.25,45,20.625,0,200
function@setxyz_from_mol,10,5,0,5,4,2,22668.5,896.667,8590,879.667,8534.25
function@setxyzw_from_mol,11,5,0,5,4,3,26935.1,896.667,8590,879.667,12800.8
function@setmol_from_xyz,10,5,0,5,4,2,22668.5,896.667,8590,879.667,8534.25
function@setmol_from_xyzw,11,5,0,5,4,3,26935.1,896.667,8590,879.667,12800.8
function@NAB_ainit,0,0,0,0,0,0,0,0,0,0,0
function@NAB_initres,0,0,0,0,0,0,0,0,0,0,0
function@NAB_initatom,0,0,0,0,0,0,0,0,0,0,0
function@NAB_mnext,0,0,0,0,0,2,0,0,0,0,4.08075
function@NAB_rnext,0,0,0,0,0,2,0,0,0,0,7.2
function@NAB_anext,0,0,0,0,0,3,0,0,0,0,1.68
function@NAB_mri,40,27,0,19,37,6,814.549,2104.38,213.043,503.894,2932.44
function@NAB_rri,59,27,0,23,37,6,817.701,2104.38,214.385,503.894,2932.44
function@NAB_rrc,0,0,0,0,0,1,0,0,0,0,1
function@NAB_ari,99,45,0,39,62,10,757.303,1947.66,198.907,466.443,2714.05
function@NAB_arf,0,0,0,0,0,1,0,0,0,0,1
function@NAB_arc,30,13,0,16,19,3,328.423,827.637,86.5302,199.539,1150.36
function@NAB_arp,0,0,0,0,0,0,0,0,0,0,0
function@newtransform,12,0,0,3,0,0,7.5,0,1.875,0,0
function@concat_mat,0,0,0,0,0,4,0,0,0,0,65.75
function@transformres,0,0,0,0,0,3,0,0,0,0,23.25
function@transformmol,6,5,0,4,4,2,1272.24,854.238,54.2381,838,8127.95
function@transformpts,15,1,0,4,2,7,75,5,20,5.15686,37.8627
function@updtransform,0,0,0,0,0,0,0,0,0,0,0
function@trans4p,0,0,0,0,0,0,0,0,0,0,0
function@NAB_matcpy,0,0,0,0,0,1,0,0,0,0,1
function@trans4,0,0,0,0,0,0,0,0,0,0,0
function@rot4p,13,14,0,13,0,1,13,14,11.5,0,1
function@rot4,0,0,0,0,0,0,0,0,0,0,0
function@set_belly_mask,146,23,0,42,33,52,11434.5,545.501,645.467,9174.55,17723.8
function@set_cons_mask,9,3,0,4,7,4,9654.14,427.619,287.905,8965.95,16914.2
function@circle,10,14,0,10,0,0,9.88235,13.6471,9.94118,0,0
function@rt_errormsg,0,0,0,0,0,0,0,0,0,0,0
function@rt_errormsg_s,0,0,0,0,0,0,0,0,0,0,0
function@rt_errormsg_2s,0,0,0,0,0,0,0,0,0,0,0
function@rt_errormsg_d,0,0,0,0,0,0,0,0,0,0,0
function@regcomp,88,24,0,21,25,37,10.6542,1.4025,0.924543,2.20687,4.94806
function@p_ere,483,106,0,116,47,122,1039.22,422.006,359.65,64.3234,103.331
function@p_bre,359,56,0,61,25,79,383.098,106.912,85.1226,25.6665,55.946
function@doinsert,11,5,0,11,2,27,2.82838,1.30858,3.80528,0.561056,9.23432
function@p_bracket,329,82,0,68,27,58,382.371,30.0425,19.2572,2.97461,25.0735
function@ordinary,12,2,0,8,3,13,2.8252,0.328125,2.4375,0.65625,3.61719
function@repeat,331,58,0,76,40,63,36.6702,7.39266,13.8188,3.09122,2.9123
function@p_b_symbol,18,9,0,8,8,1,4.06882,0.813608,1.23517,0.671449,1
function@bothcases,1,0,0,1,0,2,1,0,1,0,2
function@regexec,122,153,0,58,26,52,96.5612,257.653,13.3387,6.56426,96.224
function@sslow,17,21,0,9,7,19,181.19,445.286,116.905,54.1429,1474.38
function@sdissect,69,49,0,27,18,13,1526.62,1539.81,464.062,129.125,538.188
function@sbackref,107,48,0,27,26,14,45.429,8.24282,7.43619,1.92066,33.1718
function@sstep,15,3,0,7,6,33,70.0943,2.07547,4.75472,18.7547,61.717
function@lslow,13,21,0,12,5,7,211.667,432.381,112.143,61.2857,48.9048
function@ldissect,59,48,0,25,13,18,1309.5,1538.06,465.938,154.125,606.188
function@lbackref,107,48,0,27,26,14,45.429,8.24282,7.43619,1.92066,33.1718
function@lstep,42,7,0,8,5,4,60.0943,4.84906,5.66038,33.566,40.717
function@regfree,0,0,0,0,0,0,0,0,0,0,0
function@regerror,1,2,0,2,2,6,0.3125,0.625,2,0.625,5.125
function@spec_srand,0,0,0,0,0,6,0,0,0,0,190.25
function@spec_init_genrand,0,0,0,0,0,6,0,0,0,0,190.25
function@spec_rand,0,0,0,0,0,0,0,0,0,0,0
function@spec_genrand_int32,0,0,0,0,0,21,0,0,0,0,179.71
function@spec_lrand48,0,0,0,0,0,0,0,0,0,0,0
function@spec_init_by_array,0,0,0,0,0,5,0,0,0,0,158.375
function@spec_genrand_int31,0,0,0,0,0,0,0,0,0,0,0
function@spec_genrand_real1,0,0,0,0,0,0,0,0,0,0,0
function@spec_genrand_real2,0,0,0,0,0,0,0,0,0,0,0
function@spec_genrand_real3,0,0,0,0,0,0,0,0,0,0,0
function@spec_genrand_res53,1,0,0,1,0,0,1,0,1,0,0
function@getpdb,16,13,0,16,9,6,78.7118,69.6678,86.4504,12.8418,474.139
function@initres,0,0,0,0,0,0,0,0,0,0,0
function@makebonds,34,7,0,10,9,10,1181.48,228.24,57.32,42.72,401.88
function@getmatrix,0,0,0,0,0,1,0,0,0,0,0.553634
function@putpdb,126,36,0,50,30,14,22148.3,9354.53,4777.76,4243.2,3961.69
function@putcif,28,5,0,8,12,3,62043.5,408.588,428.353,1173.53,15435.3
function@putbnd,28,22,0,12,13,8,3605.02,5718.19,33.2693,240.493,5681.73
function@putdist,38,14,0,11,28,11,767827,12208.3,107509,66092.3,224704
function@putmatrix,0,0,0,0,0,2,0,0,0,0,1.5551
function@chirvol,7,16,0,15,0,0,7,16,15,0,0
function@nrerror,0,0,0,0,0,0,0,0,0,0,0
function@vector,0,0,0,0,0,2,0,0,0,0,2
function@ivector,0,0,0,0,0,1,0,0,0,0,1
function@ipvector,0,0,0,0,0,1,0,0,0,0,1
function@matrix,4,8,0,10,15,8,9.24998,28.3124,6.56249,24.0625,24
function@imatrix,4,8,0,10,15,8,9.24998,28.3124,6.56249,24.0625,24
function@free_vector,0,0,0,0,0,0,0,0,0,0,0
function@free_ivector,0,0,0,0,0,0,0,0,0,0,0
function@free_matrix,0,0,0,0,0,0,0,0,0,0,0
function@free_imatrix,0,0,0,0,0,0,0,0,0,0,0
function@errormsg,0,0,0,0,0,0,0,0,0,0,0
function@errormsg_s,0,0,0,0,0,0,0,0,0,0,0
function@errormsg_2s,0,0,0,0,0,0,0,0,0,0,0
function@errormsg_d,0,0,0,0,0,0,0,0,0,0,0
function@errors,0,0,0,0,0,0,0,0,0,0,0
function@seconds,0,0,0,0,0,0,0,0,0,0,0
function@myroc,0,0,0,0,0,0,0,0,0,0,0
function@get_nr_debug,0,0,0,0,0,0,0,0,0,0,0
function@get_blocksize,0,0,0,0,0,0,0,0,0,0,0
function@get_mytaskid,0,0,0,0,0,0,0,0,0,0,0
function@get_numtasks,0,0,0,0,0,0,0,0,0,0,0
function@mpierror,0,0,0,0,0,0,0,0,0,0,0
function@reducerror,0,0,0,0,0,0,0,0,0,0,0
function@mpifinalize,0,0,0,0,0,0,0,0,0,0,0
function@mpiinit,0,0,0,0,0,0,0,0,0,0,0
function@getxyz,0,0,0,0,0,0,0,0,0,0,0
function@getxyzw,1,6,0,4,0,7,1,27.8691,1.625,0,110
function@putxyz,0,0,0,0,0,0,0,0,0,0,0
function@putxyzw,0,0,0,0,0,5,0,0,0,0,40.625
function@strindex,4,0,0,1,3,2,2.53588,0,0.378626,1.78015,1.53588
function@getxv,1,8,0,3,0,10,1,16.1191,1,0,150
function@putxv,8,1,0,2,0,6,36.125,0.625,1,0,97.5
function@checkpoint,6,6,0,2,0,11,1.875,2.87698,1.25,0,68.6508
function@mme_timer,0,0,0,0,0,0,0,0,0,0,0
function@mme_init,82,7,0,29,17,47,2852.57,51.8122,118.001,132.738,2128.93
function@mme34,96,40,0,46,13,22,248.891,42.0417,38.6875,14.4062,81.2292
function@egb,1,0,0,2,0,8,0.999999,0,1,0,3.54688
function@ebond,23,9,0,13,5,3,406.714,153.143,155.762,62.0952,60.8571
function@eangl,80,32,0,35,5,2,1471.71,569,591.286,81.7619,40.5714
function@ephi,129,178,0,101,7,4,2465.51,2791.68,1340.32,101.249,99.9988
function@egb.omp_outlined,28,24,0,26,2,5,28275,5077.25,11251,206.25,8600
function@egb.omp_outlined.81,118,77,0,81,13,12,106534,87142.6,59768.4,7517.33,8846.62
function@egb.omp_outlined.81.omp.reduction.reduction_func,1,0,0,1,0,0,1,0,1,0,0
function@egb.omp_outlined.84,91,92,0,81,4,8,49152.3,24030.3,32277.6,412.5,8400
function@nbond.omp_outlined,97,49,0,66,16,15,33503.2,12152.4,14159.3,2913.45,5752.31
function@nbond.omp_outlined.omp.reduction.reduction_func,0,0,0,0,0,0,0,0,0,0,0
function@mme,0,0,0,0,0,0,0,0,0,0,0
function@mme4,0,0,0,0,0,0,0,0,0,0,0
function@mm_set_checkpoint,0,0,0,0,0,1,0,0,0,0,1
function@md,70,51,0,34,25,36,191.761,753.871,129.401,21.413,838.506
function@setseed,0,0,0,0,0,1,0,0,0,0,1
function@rseed,0,0,0,0,0,0,0,0,0,0,0
function@gauss,4,2,0,2,0,0,81.5,2,64,0,0
function@rand2,0,0,0,0,0,0,0,0,0,0,0
function@CG_exit,0,0,0,0,0,0,0,0,0,0,0
function@main,0,0,0,0,0,7,0,0,0,0,6.99999
function@setpoint,5,5,0,4,2,2,386.2,649.071,55.6286,310.843,3315.83
function@select_atoms,151,111,0,83,75,115,1.73964e+06,720437,371917,523265,2.59846e+06
function@is_pattern,0,0,0,0,0,4,0,0,0,0,3.75163
function@match_atom_pat,11,3,0,3,4,5,5345.75,235.5,235.5,439.667,6614
function@atom_in_aexpr,15,5,0,11,6,27,60.3519,25.9365,31.8276,9.41765,103.46
function@set_attr_if,19,13,0,10,12,11,42177.1,29456,17682.9,18879,40980.4
function@clear_attr,8,8,0,5,5,5,1490,6923.08,483.333,1146.25,22399.6
function@getreslibkind,0,0,0,0,0,3,0,0,0,0,2.01587
function@read_reslib,44,38,0,12,27,15,179.885,152.573,25.0404,27.9433,259.26
function@addres2reslib,35,6,0,5,2,3,140.074,25.4524,10.3064,8.05639,9.20287
function@addbonds2reslib,40,10,0,4,0,4,51.1948,15.5893,12.987,0,13.7949
function@addqr2reslib,9,4,0,4,4,2,132.951,105.293,4.14634,12.8293,99.2927
function@addchi2reslib,0,0,0,0,0,5,0,0,0,0,38.2443
function@setreslibkind,0,0,0,0,0,4,0,0,0,0,2.05164
function@getresidue,0,0,0,0,0,4,0,0,0,0,2.6719
function@copyresidue,94,27,0,15,16,21,73.0826,11.8113,7.27595,3.53567,12.1228
function@copystrand,0,0,0,0,0,7,0,0,0,0,10.6058
function@copymolecule,0,0,0,0,0,4,0,0,0,0,10.2059
function@ggets,0,0,0,0,0,1,0,0,0,0,1
function@readparm,683,23,0,106,22,205,3330.49,63.9107,118.223,67.7911,2477.2
function@preadln,0,4,0,3,3,2,0,5.14815,1.37037,2.31481,8.42593
function@pfind,0,0,0,0,0,7,0,0,0,0,28.5
function@FortranFormat,0,0,0,0,0,0,0,0,0,0,0
function@FortranWriteInt,0,0,0,0,0,0,0,0,0,0,0
function@FortranWriteDouble,0,0,0,0,0,0,0,0,0,0,0
function@FortranWriteString,0,0,0,0,0,0,0,0,0,0,0
function@FortranEndLine,0,0,0,0,0,0,0,0,0,0,0
function@writeparm,0,0,0,0,0,63,0,0,0,0,438.647
function@copyparm,0,0,0,0,0,2,0,0,0,0,2
function@readbinposhdr,0,0,0,0,0,0,0,0,0,0,0
function@readbinposfrm,3,5,0,2,1,8,0.968749,8.46873,0.812499,0.312499,15.1562
function@writebinposhdr,0,0,0,0,0,0,0,0,0,0,0
function@writebinposfrm,8,5,0,3,2,4,6.9375,17.1875,2.625,1.625,26.3125
function@nblist,10,21,0,8,1,14,56.5,20,7.125,0.999999,51.5
function@heapsort_index,17,13,0,12,10,8,122.312,395.688,51.0625,42.4062,396.688
function@buildkdtree,71,49,0,42,16,18,649.325,612.682,209.388,314.563,141.839
function@nblist.omp_outlined,44,22,0,12,20,12,2520.2,550.75,67.0859,322.866,508.086
function@searchkdtree,15,2,0,9,0,7,76.5,31.875,9,0,75.125
function@heapsort_pairs,13,14,0,10,5,6,81.0312,465.75,61.875,21.2812,210.688
function@nblist.omp_outlined.omp.reduction.reduction_func,0,0,0,0,0,0,0,0,0,0,0
function@sDBRemoveSpaces,0,0,0,0,0,2,0,0,0,0,2
function@sDBRemoveControlAndPadding,0,0,0,0,0,4,0,0,0,0,15.35
function@sDBRemoveLeadingSpaces,0,0,0,0,0,1,0,0,0,0,1
function@sDBRemoveFirstString,0,0,0,0,0,0,0,0,0,0,0
function@dDictCreate,0,0,0,0,0,0,0,0,0,0,0
function@DictDestroy,0,0,0,0,0,0,0,0,0,0,0
function@DictAdd,0,0,0,0,0,4,0,0,0,0,2
function@vPDictFind,0,0,0,0,0,1,0,0,0,0,1
function@vPDictDelete,0,0,0,0,0,2,0,0,0,0,1.1
function@ziDictKeyCompare,0,0,0,0,0,0,0,0,0,0,0
function@dlDictLoop,0,0,0,0,0,1,0,0,0,0,1
function@vPDictNext,0,0,0,0,0,0,0,0,0,0,0
function@zbDBParseSimpleHeader,0,0,0,0,0,2,0,0,0,0,7.66667
function@CompactDataBase,13,10,0,9,5,3,306.397,287.099,61.9901,21.875,21
function@dbDBRndOpen,14,3,0,5,5,7,0.359257,0.327407,0.466712,0.2493,2.09696
function@bDBRndDeleteEntry,6,0,0,1,0,3,2.72729,0,1,0,13.5315
function@DBRndLoopEntryWithPrefix,0,0,0,0,0,2,0,0,0,0,13.5
function@bDBRndNextEntryWithPrefix,1,1,0,1,0,0,1,10.625,1,0,0
function@dbDBSeqOpen,0,0,0,0,0,6,0,0,0,0,2.85965
function@DBSeqRewind,0,0,0,0,0,0,0,0,0,0,0
function@DBSeqSkipData,0,0,0,0,0,0,0,0,0,0,0
function@lDBSeqCurPos,0,0,0,0,0,0,0,0,0,0,0
function@DBSeqGoto,0,0,0,0,0,0,0,0,0,0,0
function@bDBGetType,0,0,0,0,0,2,0,0,0,0,7.25
function@bDBGetValue,0,6,0,4,3,11,0,0.0762131,1.05269,0.0263436,10.6819
function@sStripString,0,0,0,0,0,8,0,0,0,0,71.087
function@DBPutValue,0,1,0,0,2,7,0,1.66667,0,1.71875,49.5417
function@ePrepareDatabaseForEntry,22,0,0,5,0,5,16,0,4.875,0,2.75
function@ConstructDataHeader,0,0,0,0,0,3,0,0,0,0,2.7619
function@ConcatString,0,0,0,0,0,4,0,0,0,0,22
function@bDBGetTableType,6,1,0,1,11,5,10.8071,3.0754,0.562004,11.085,781.534
function@bDBGetTable,20,14,0,31,11,15,8.7273,9.07669,8.56738,5.10267,6.33088
function@DBPutTable,53,1,0,47,16,1,214.306,20,35.8071,182.786,12.5
function@AddColumnType,0,0,0,0,0,2,0,0,0,0,2
function@DBClose,6,2,0,3,2,2,12.8676,3.36765,6.85294,0.485294,3.67647
function@DBPushPrefix,0,0,0,0,0,1,0,0,0,0,12.5
function@DBPopPrefix,0,0,0,0,0,0,0,0,0,0,0
function@DBZeroPrefix,0,0,0,0,0,0,0,0,0,0,0
function@DBPushZeroPrefix,0,0,0,0,0,0,0,0,0,0,0
