Comando: /home/mpvreal/Code/Faculdade/tcc/llvm/build/bin/llc --march=x86-64 --regalloc=basic --priority-function=original -o -
Heurística: original
function@_ZN5PatchC2Ev,0,0,0,0,0,0,0,0,0,0,0
function@_ZN5PatchD2Ev,0,0,0,0,0,1,0,0,0,0,1
function@_ZN5Patch9moveatomsEv,3,5,0,5,1,1,43.5,106.25,86,1,1
function@_ZN5Patch10zeroforcesEv,0,0,0,0,0,1,0,0,0,0,0.64
function@_ZN5Patch9setforcesEP6VectorS1_,0,0,0,0,0,0,0,0,0,0,0
function@_ZN5Patch8readfileEP8_IO_FILEP8Molecule,9,9,0,4,2,38,2.66044,0.743408,0.309448,0.757417,8.28061
function@_ZN7LJTableC2Ev,0,0,0,0,0,0,0,0,0,0,0
function@_ZN7LJTable8readfileEP8_IO_FILE,3,4,0,2,2,10,2.24299,2.57212,0.656315,0.270302,6.89992
function@_ZN7LJTableD2Ev,0,0,0,0,0,0,0,0,0,0,0
function@_ZN7LJTable18compute_vdw_paramsEiiPNS_10TableEntryES1_,0,0,0,0,0,0,0,0,0,0,0
function@_ZN20ComputeNonbondedUtil10calc_errorEP9nonbonded,0,0,0,0,0,0,0,0,0,0,0
function@_ZN20ComputeNonbondedUtil6selectEP13SimParametersP8MoleculeP7LJTable,160,123,0,83,13,26,2387.66,9076.23,867.435,193.25,1122.29
function@_ZN20ComputeNonbondedUtil15calc_pair_pprofEP9nonbonded,512,160,0,171,50,125,5327.22,1199.69,1079.52,84.8475,529.285
function@_Z22pairlist_from_pairlistddddPK8CompAtomPKtiPtdPd,20,10,0,16,0,16,174.68,54.24,66.76,0,86.88
function@_ZN20ComputeNonbondedUtil22calc_pair_energy_pprofEP9nonbonded,525,161,0,175,50,125,5817.12,1200.06,1201.9,84.8475,529.285
function@_ZN20ComputeNonbondedUtil25calc_pair_fullelect_pprofEP9nonbonded,680,193,0,251,67,129,13345,2257.41,3381.49,702.254,956.302
function@_ZN20ComputeNonbondedUtil32calc_pair_energy_fullelect_pprofEP9nonbonded,766,231,0,251,63,133,15838.5,5055.76,4348.65,640.43,900.984
function@_ZN20ComputeNonbondedUtil31calc_pair_merge_fullelect_pprofEP9nonbonded,574,173,0,201,56,126,7820.91,1517.81,1890.65,393.864,648.257
function@_ZN20ComputeNonbondedUtil38calc_pair_energy_merge_fullelect_pprofEP9nonbonded,600,178,0,211,58,129,10354,1824.77,2381.75,394.237,649.169
function@_ZN20ComputeNonbondedUtil30calc_pair_slow_fullelect_pprofEP9nonbonded,675,170,0,204,63,120,6961.96,1758.89,2138.92,576.35,715.989
function@_ZN20ComputeNonbondedUtil37calc_pair_energy_slow_fullelect_pprofEP9nonbonded,639,170,0,219,57,135,9288.09,1577.4,2758.84,396.694,775.445
function@_ZN20ComputeNonbondedUtil15calc_self_pprofEP9nonbonded,611,145,0,190,54,117,5697.56,1244.6,858.259,332.827,374.136
function@_ZN20ComputeNonbondedUtil22calc_self_energy_pprofEP9nonbonded,628,149,0,199,54,117,6508.48,1307.43,1113.6,332.827,374.136
function@_ZN20ComputeNonbondedUtil25calc_self_fullelect_pprofEP9nonbonded,714,196,0,242,64,132,12546.4,2015.41,1895.78,523.099,880.04
function@_ZN20ComputeNonbondedUtil32calc_self_energy_fullelect_pprofEP9nonbonded,849,238,0,248,57,141,16995.7,4601.48,2993.74,703.797,946.106
function@_ZN20ComputeNonbondedUtil31calc_self_merge_fullelect_pprofEP9nonbonded,676,164,0,216,56,117,8168.79,1695.24,1502.44,334.769,509.338
function@_ZN20ComputeNonbondedUtil38calc_self_energy_merge_fullelect_pprofEP9nonbonded,714,168,0,230,57,116,10097.1,1880.76,2007.72,396.483,447.624
function@_ZN20ComputeNonbondedUtil30calc_self_slow_fullelect_pprofEP9nonbonded,704,191,0,223,59,122,6822,1639.04,1564.55,581.815,567.943
function@_ZN20ComputeNonbondedUtil37calc_self_energy_slow_fullelect_pprofEP9nonbonded,717,162,0,229,59,121,7930.98,1633.71,1934.74,519.912,567.849
function@_ZN14ResizeArrayRawI6VectorE6resizeEi,4,1,0,3,0,8,0.988235,0.247059,0.741176,0,3.09412
function@_ZN9PatchListC2ER7Lattice,0,0,0,0,0,1,0,0,0,0,1
function@_ZN9PatchListD2Ev,0,0,0,0,0,6,0,0,0,0,1.62502
function@__clang_call_terminate,0,0,0,0,0,0,0,0,0,0,0
function@_ZN9PatchList9moveatomsEv,0,0,0,0,0,1,0,0,0,0,1
function@_ZN9PatchList11zeroresultsEv,0,0,0,0,0,1,0,0,0,0,1
function@_ZN9PatchList10setresultsEP9ResultSet,0,0,0,0,0,2,0,0,0,0,2
function@_ZN9PatchList8readfileEP8_IO_FILEP8Molecule,12,2,0,5,4,14,2.66898,2.34368,0.541993,2.9296,9.27723
function@_ZN20ComputeNonbondedUtil13calc_pair_lesEP9nonbonded,454,133,0,160,45,109,4028.97,487.346,877.445,20.4973,248.286
function@_Z22pairlist_from_pairlistddddPK8CompAtomPKtiPtdPd,20,10,0,16,0,16,174.68,54.24,66.76,0,86.88
function@_ZN20ComputeNonbondedUtil20calc_pair_energy_lesEP9nonbonded,461,134,0,160,45,109,4473.43,487.721,877.445,20.4973,248.286
function@_ZN20ComputeNonbondedUtil23calc_pair_fullelect_lesEP9nonbonded,529,147,0,199,49,110,7051.38,675.091,2011.44,25.1882,553.094
function@_ZN20ComputeNonbondedUtil30calc_pair_energy_fullelect_lesEP9nonbonded,591,148,0,198,47,115,9403.6,948.44,2298.2,23.9643,551.742
function@_ZN20ComputeNonbondedUtil29calc_pair_merge_fullelect_lesEP9nonbonded,508,144,0,190,49,98,5250.77,600.139,1264.47,21.908,256.291
function@_ZN20ComputeNonbondedUtil36calc_pair_energy_merge_fullelect_lesEP9nonbonded,527,146,0,196,49,98,6144.51,604.026,1416.57,21.908,256.291
function@_ZN20ComputeNonbondedUtil28calc_pair_slow_fullelect_lesEP9nonbonded,542,139,0,192,49,99,5370.4,377.724,1268.17,28.5343,400.618
function@_ZN20ComputeNonbondedUtil35calc_pair_energy_slow_fullelect_lesEP9nonbonded,551,139,0,197,49,99,5815.6,377.724,1490.59,28.5343,400.618
function@_ZN20ComputeNonbondedUtil13calc_self_lesEP9nonbonded,495,140,0,155,47,109,3782.71,495.486,429.346,26.6566,209.24
function@_ZN20ComputeNonbondedUtil20calc_self_energy_lesEP9nonbonded,518,152,0,174,49,102,4105.65,504.124,605.108,29.1703,201.951
function@_ZN20ComputeNonbondedUtil23calc_self_fullelect_lesEP9nonbonded,589,145,0,180,44,115,6703.19,648.254,897.776,29.3654,500.145
function@_ZN20ComputeNonbondedUtil30calc_self_energy_fullelect_lesEP9nonbonded,612,150,0,196,44,115,7890.82,653.27,1208.16,29.3654,500.145
function@_ZN20ComputeNonbondedUtil29calc_self_merge_fullelect_lesEP9nonbonded,605,144,0,166,51,104,5950.15,569.594,579.382,27.0302,218.338
function@_ZN20ComputeNonbondedUtil36calc_self_energy_merge_fullelect_lesEP9nonbonded,624,145,0,174,51,104,6844.18,569.969,737.808,27.0302,218.338
function@_ZN20ComputeNonbondedUtil28calc_self_slow_fullelect_lesEP9nonbonded,590,140,0,164,50,113,4872.32,566.249,574.084,25.2019,377.708
function@_ZN20ComputeNonbondedUtil35calc_self_energy_slow_fullelect_lesEP9nonbonded,599,140,0,169,50,113,5312.3,566.249,793.886,25.2019,377.708
function@_ZN14ResizeArrayRawI6VectorE6resizeEi,4,1,0,3,0,8,0.988235,0.247059,0.741176,0,3.09412
function@_ZN9ResultSet9writefileEP8_IO_FILE,0,0,0,0,0,15,0,0,0,0,15
function@_ZN9ResultSet8readfileEP8_IO_FILE,0,0,0,0,0,16,0,0,0,0,16
function@_Z5equaldd,0,0,0,0,0,0,0,0,0,0,0
function@_Z5equalPdS_,0,0,0,0,0,1,0,0,0,0,8.583e-06
function@_Z5equalPdS_S_S_,0,0,0,0,0,1,0,0,0,0,8.583e-06
function@_ZN9ResultSet5checkEv,0,0,0,0,0,0,0,0,0,0,0
function@_ZN9ResultSet8samemodeERS_,0,0,0,0,0,0,0,0,0,0,0
function@_ZN9ResultSet7compareERS_,3,3,0,2,0,13,0.749998,1.5,1.5,0,7.24999
function@_ZN13SimParametersC2Ev,0,0,0,0,0,0,0,0,0,0,0
function@_ZN13SimParameters8setparamEPKcS1_,0,0,0,0,0,89,0,0,0,0,8.44287
function@_Z11parse_paramPKcS0_S0_Ri,0,0,0,0,0,4,0,0,0,0,3.38095
function@_Z11parse_paramPKcS0_S0_Rd,0,0,0,0,0,4,0,0,0,0,3.38095
function@_ZN13SimParameters8readfileEP8_IO_FILE,0,0,0,0,0,16,0,0,0,0,13.5706
function@_ZN7Lattice3setE6VectorS0_S0_S0_,0,0,0,0,0,0,0,0,0,0,0
function@_Z10exit_usagePKc,0,0,0,0,0,1,0,0,0,0,1
function@_Z8NAMD_bugPKc,0,0,0,0,0,1,0,0,0,0,1
function@_Z8NAMD_diePKc,0,0,0,0,0,1,0,0,0,0,1
function@main,23,27,0,11,17,190,213.396,404.575,18.1871,165.037,718.741
function@_ZN9ResultSetD2Ev,0,0,0,0,0,1,0,0,0,0,1
function@__clang_call_terminate,0,0,0,0,0,0,0,0,0,0,0
function@_ZN26ComputeNonbondedWorkArraysC2Ev,0,0,0,0,0,25,0,0,0,0,3.00001
function@_ZN26ComputeNonbondedWorkArraysD2Ev,0,0,0,0,0,20,0,0,0,0,7.70588
function@_ZN11SelfCompute6doWorkEP9PatchList,0,0,0,0,0,0,0,0,0,0,0
function@_ZN11PairCompute6doWorkEP9PatchList,0,0,0,0,0,6,0,0,0,0,6
function@_ZN11ResizeArrayI6VectorED2Ev,0,0,0,0,0,1,0,0,0,0,0.352941
function@__clang_call_terminate,0,0,0,0,0,0,0,0,0,0,0
function@_ZN11ResizeArrayItED2Ev,0,0,0,0,0,1,0,0,0,0,0.352941
function@_ZN11ResizeArrayIdED2Ev,0,0,0,0,0,1,0,0,0,0,0.352941
function@_ZN11ResizeArrayItED0Ev,0,0,0,0,0,3,0,0,0,0,2.35294
function@_ZN11ResizeArrayIdED0Ev,0,0,0,0,0,3,0,0,0,0,2.35294
function@_ZN14ResizeArrayRawI6VectorE6resizeEi,4,1,0,3,0,8,0.988235,0.247059,0.741176,0,3.09412
function@_ZN11ResizeArrayI6VectorED0Ev,0,0,0,0,0,3,0,0,0,0,2.35294
function@_GLOBAL__sub_I_Compute.C,0,0,0,0,0,0,0,0,0,0,0
function@_ZN11ComputeListC2Ev,0,0,0,0,0,0,0,0,0,0,0
function@_ZN11ComputeListD2Ev,0,0,0,0,0,3,0,0,0,0,2.2381
function@_ZN11ComputeList8readfileEP8_IO_FILEP9PatchList,10,5,0,4,0,17,0.526626,0.234803,1.25639,0,6.94257
function@_ZN11ComputeList11runComputesEP9PatchList,0,0,0,0,0,4,0,0,0,0,44.5
function@_ZN20ComputeNonbondedUtil20calc_pair_energy_fepEP9nonbonded,971,280,0,319,72,180,17532.1,4472.4,4559.6,41.6608,911.981
function@_Z22pairlist_from_pairlistddddPK8CompAtomPKtiPtdPd,20,10,0,16,0,16,174.68,54.24,66.76,0,86.88
function@_Z24fep_vdw_forceandenergiesdddddddddiidddPdS_S_,51,75,0,28,0,3,17.7206,24.3971,15.7647,0,3
function@_ZN20ComputeNonbondedUtil30calc_pair_energy_fullelect_fepEP9nonbonded,1235,356,0,420,75,197,30997,7947.43,8390.37,53.0652,1602.67
function@_ZN20ComputeNonbondedUtil36calc_pair_energy_merge_fullelect_fepEP9nonbonded,1089,310,0,360,77,183,22399.8,5783.23,5505.9,49.7706,932.09
function@_ZN20ComputeNonbondedUtil35calc_pair_energy_slow_fullelect_fepEP9nonbonded,1115,242,0,333,87,150,14141.2,1694.63,3843.13,66.1703,751.56
function@_ZN20ComputeNonbondedUtil20calc_self_energy_fepEP9nonbonded,975,282,0,294,72,189,18927.5,4061.26,3384.72,50.0773,1216.53
function@_ZN20ComputeNonbondedUtil30calc_self_energy_fullelect_fepEP9nonbonded,1216,342,0,366,74,198,30820.1,7546.59,5662.9,53.4925,1923.51
function@_ZN20ComputeNonbondedUtil36calc_self_energy_merge_fullelect_fepEP9nonbonded,1115,311,0,349,79,193,24702.2,4871.67,4213.98,56.3708,1223.48
function@_ZN20ComputeNonbondedUtil35calc_self_energy_slow_fullelect_fepEP9nonbonded,1041,304,0,327,79,171,13315.8,1945.48,2305.39,59.4235,765.547
function@_ZN14ResizeArrayRawI6VectorE6resizeEi,4,1,0,3,0,8,0.988235,0.247059,0.741176,0,3.09412
function@_ZN8MoleculeC2Ev,0,0,0,0,0,5,0,0,0,0,2
function@_ZN8MoleculeD2Ev,0,0,0,0,0,3,0,0,0,0,1.85185
function@_ZN8Molecule8readfileEP8_IO_FILE,4,1,0,2,1,13,1.08372,0.245899,0.307617,0.245899,6.91995
function@_ZN11ObjectArenaIcE11getNewArrayEi,0,0,0,0,0,7,0,0,0,0,28.25
function@_ZN11ResizeArrayIPcED2Ev,0,0,0,0,0,1,0,0,0,0,0.352941
function@_ZN11ResizeArrayIPcED0Ev,0,0,0,0,0,3,0,0,0,0,2.35294
function@_ZN14ResizeArrayRawIPcE3insERKS0_i,11,4,0,7,2,7,4.21176,2.98824,4.08235,0.494118,3.98824
function@_Z9dummy_erfi,0,0,0,0,0,1,0,0,0,0,1
function@_ZN20ComputeNonbondedUtil9calc_pairEP9nonbonded,481,132,0,157,44,116,4503.59,493.21,867.264,19.7981,254.335
function@_Z22pairlist_from_pairlistddddPK8CompAtomPKtiPtdPd,20,10,0,16,0,16,174.68,54.24,66.76,0,86.88
function@_ZN20ComputeNonbondedUtil16calc_pair_energyEP9nonbonded,494,133,0,161,44,115,5097.57,493.585,1015.66,19.7981,250.635
function@_ZN20ComputeNonbondedUtil19calc_pair_fullelectEP9nonbonded,560,141,0,195,50,116,7476.59,664.148,2008.07,31.489,555.442
function@_ZN20ComputeNonbondedUtil26calc_pair_energy_fullelectEP9nonbonded,597,139,0,204,48,116,9625.99,442.482,2378.89,31.1154,555.442
function@_ZN20ComputeNonbondedUtil25calc_pair_merge_fullelectEP9nonbonded,549,136,0,188,48,104,6268.29,367.248,1261.29,27.8352,258.64
function@_ZN20ComputeNonbondedUtil32calc_pair_energy_merge_fullelectEP9nonbonded,568,141,0,195,48,102,7162.03,380.849,1417.09,27.8352,251.239
function@_ZN20ComputeNonbondedUtil24calc_pair_slow_fullelectEP9nonbonded,531,134,0,189,48,107,5129.37,366.875,1258.21,27.8352,410.368
function@_ZN20ComputeNonbondedUtil31calc_pair_energy_slow_fullelectEP9nonbonded,540,134,0,194,48,107,5574.58,366.875,1480.62,27.8352,410.368
function@_ZN20ComputeNonbondedUtil9calc_selfEP9nonbonded,523,139,0,154,46,115,4187.62,493.106,422.643,24.8283,215.387
function@_ZN20ComputeNonbondedUtil16calc_self_energyEP9nonbonded,535,142,0,161,46,116,4781.39,494.231,577.412,24.8283,219.044
function@_ZN20ComputeNonbondedUtil19calc_self_fullelectEP9nonbonded,628,152,0,183,45,114,6474.21,647.156,894.26,27.7239,511.265
function@_ZN20ComputeNonbondedUtil26calc_self_energy_fullelectEP9nonbonded,651,157,0,199,45,114,7661.84,652.171,1204.64,27.7239,511.265
function@_ZN20ComputeNonbondedUtil25calc_self_merge_fullelectEP9nonbonded,552,142,0,158,46,119,5705.05,566.623,572.585,24.8283,230.014
function@_ZN20ComputeNonbondedUtil32calc_self_energy_merge_fullelectEP9nonbonded,571,143,0,166,46,120,6599.08,566.998,731.011,24.8283,233.67
function@_ZN20ComputeNonbondedUtil24calc_self_slow_fullelectEP9nonbonded,543,142,0,160,47,120,4613.16,569.906,574.6,26.6566,377.752
function@_ZN20ComputeNonbondedUtil31calc_self_energy_slow_fullelectEP9nonbonded,552,142,0,165,47,120,5053.14,569.906,794.402,26.6566,377.752
function@_ZN20ComputeNonbondedUtil20calc_pair_energy_intEP9nonbonded,509,148,0,173,46,123,5406.14,614.216,983.488,31.2679,215.982
function@_ZN20ComputeNonbondedUtil30calc_pair_energy_fullelect_intEP9nonbonded,621,174,0,199,50,127,8772.08,2352.55,2385.77,34.8887,511.137
function@_ZN20ComputeNonbondedUtil36calc_pair_energy_merge_fullelect_intEP9nonbonded,603,153,0,184,49,120,8067.88,684.82,1344.05,34.3723,224.81
function@_ZN20ComputeNonbondedUtil20calc_self_energy_intEP9nonbonded,583,133,0,173,49,115,4674.45,671.224,515.812,24.2555,192.078
function@_ZN20ComputeNonbondedUtil30calc_self_energy_fullelect_intEP9nonbonded,701,192,0,211,45,127,8588.41,1684.35,1231.15,26.0096,444.637
function@_ZN20ComputeNonbondedUtil36calc_self_energy_merge_fullelect_intEP9nonbonded,629,144,0,188,51,113,6033.65,810.618,661.648,26.1978,203.852
function@_ZN14ResizeArrayRawI6VectorE6resizeEi,4,1,0,3,0,8,0.988235,0.247059,0.741176,0,3.09412
