Comando: /home/mpvreal/Code/Faculdade/tcc/llvm/build/bin/llc --march=x86 --regalloc=greedy -o -
Heurística: div(cost,pow(degree,2))
function@primal_update_flow,0,0,0,0,0,0,0,0,0,0,0
function@set_static_vars,0,0,0,0,0,0,0,0,0,0,0
function@bea_is_dual_infeasible,0,0,0,0,0,0,0,0,0,0,0
function@cost_compare,0,0,0,0,0,1,0,0,0,0,1
function@primal_bea_mpp,12,3,0,9,3,36,75.5714,297.143,41.7143,5.80952,2510.67
function@refreshArcPointers,2,0,0,2,0,8,16.5,0,16.5,0,131
function@refreshPositions,4,3,0,3,0,12,30.75,24.75,17.5,0,187.75
function@marc_arcs,11,8,0,12,0,17,35.7619,23.9762,23.6429,0,53.0476
function@arc_compare,0,0,0,0,0,1,0,0,0,0,1
function@resize_prob,0,1,0,1,0,3,0,3.96,0.64,0,2.64
function@insert_new_arc,6,0,0,7,0,5,62.5,0,63.9167,0,44.3333
function@replace_weaker_arc,3,0,0,3,1,4,23.4375,0,23.4375,0.5,21.75
function@calculate_max_redcost,1,2,0,3,2,10,10.0196,10.3333,15.3333,0.941177,66.7255
function@switch_arcs,41,2,0,18,7,16,9751.09,1523.76,3279.29,239.952,3532.67
function@price_out_impl,195,53,0,102,39,90,293.073,187.636,153.695,22.4834,287.563
function@suspend_impl,45,26,0,41,3,62,89.1646,45.6329,76.5823,7.96203,139.835
function@global_opt,0,0,0,0,0,4,0,0,0,0,112.37
function@main,0,0,0,0,0,3,0,0,0,0,1.375
function@read_min,46,16,0,33,6,54,21.5803,7.24683,16.4394,0.457849,31.9297
function@primal_start_artificial,24,7,0,17,0,21,168.84,83.36,108.68,0,256.2
function@update_tree,20,1,0,20,0,25,256.903,10.2903,174.032,0,235.742
function@refresh_neighbour_lists,0,0,0,0,0,1,0,0,0,0,19.9375
function@flow_cost,13,7,0,7,7,13,74.16,44.48,15.16,8.24,120.68
function@getArcPosition,5,6,0,8,0,14,3,3.5,6.5,0,10.5
function@getOriginalArcPosition,0,0,0,0,0,0,0,0,0,0,0
function@flow_org_cost,4,10,0,6,6,20,2.96,69.12,4.96,7.92,192.08
function@primal_feasible,0,6,0,6,0,9,0,40.8511,17.8085,0,48.9362
function@dual_feasible,0,0,0,0,0,0,0,0,0,0,0
function@getfree,0,0,0,0,0,0,0,0,0,0,0
function@spec_qsort,633,207,0,321,21,407,5417.42,3855.43,3292.19,207.944,10322.9
function@markBaskets,3,0,0,4,2,9,23.873,0,122.921,1,648.707
function@worker,8,15,0,14,0,12,9.75,104.5,14.75,0,31.25
function@master,11,14,0,19,0,19,18.855,44.0777,34.0632,0,319.952
function@primal_net_simplex,0,0,0,0,0,0,0,0,0,0,0
function@write_circulations,0,0,0,0,0,6,0,0,0,0,4.77207
function@write_objective_value,0,0,0,0,0,2,0,0,0,0,2
function@primal_iminus,0,0,0,0,0,6,0,0,0,0,18.0952
