Comando: /home/mpvreal/Code/Faculdade/tcc/llvm/build/bin/llc -march=x86 --regalloc=greedy -o -
Heurística: div(cost,mul(area,pow(degree,2)))
~&SPILL_STATS,0, 0, 0, 0, 0, 0, 0, 0, 0, 0, 0
~&SPILL_STATS,0, 0, 0, 0, 0, 0, 0, 0, 0, 0, 0
~&SPILL_STATS,0, 0, 0, 0, 0, 0, 0, 0, 0, 0, 0
~&SPILL_STATS,104, 76, 0, 78, 17, 241, 510.701, 540.039, 295.282, 109.203, 735.177
~&SPILL_STATS,0, 0, 0, 0, 0, 0, 0, 0, 0, 0, 0
~&SPILL_STATS,0, 0, 0, 0, 0, 0, 0, 0, 0, 0, 0
~&SPILL_STATS,818, 138, 0, 431, 29, 388, 13272.9, 3636.19, 6648.58, 18.2479, 2137.9
~&SPILL_STATS,20, 9, 0, 35, 2, 22, 160, 91.8, 233.96, 0.96, 135.48
~&SPILL_STATS,22, 13, 0, 20, 0, 2, 10.0735, 4.29412, 9.75, 0, 0.441176
~&SPILL_STATS,1032, 184, 0, 560, 42, 400, 20066, 6258.4, 11707.7, 95.0371, 3467.74
~&SPILL_STATS,940, 143, 0, 470, 36, 381, 15771.8, 4034.11, 7075.08, 27.2084, 2466.76
~&SPILL_STATS,832, 119, 0, 411, 35, 395, 10836.5, 3009.41, 4721.09, 32.9517, 2587.96
~&SPILL_STATS,757, 136, 0, 404, 35, 403, 12649.2, 3538.5, 4784.14, 24.5089, 2178.53
~&SPILL_STATS,898, 165, 0, 471, 47, 426, 18022, 5805.37, 7327.86, 184.14, 3304.09
~&SPILL_STATS,846, 152, 0, 442, 40, 421, 14445.6, 4701.94, 5947.28, 39.5089, 2575.28
~&SPILL_STATS,756, 123, 0, 364, 43, 430, 9239.78, 2966.07, 1970.26, 39.8839, 3380.23
~&SPILL_STATS,6, 4, 0, 8, 0, 21, 8.62353, 8.25882, 5.07059, 0, 23.9882
~&SPILL_STATS,0, 0, 0, 0, 0, 0, 0, 0, 0, 0, 0
~&SPILL_STATS,0, 0, 0, 0, 0, 0, 0, 0, 0, 0, 0
~&SPILL_STATS,7, 4, 0, 8, 0, 5, 148.75, 85, 149.417, 0, 106.25
~&SPILL_STATS,0, 2, 0, 1, 0, 5, 0, 13.4, 0.64, 0, 44
~&SPILL_STATS,0, 0, 0, 0, 0, 2, 0, 0, 0, 0, 42.5
~&SPILL_STATS,9, 17, 0, 17, 0, 55, 1.93231, 4.37622, 2.36444, 0, 17.0226
~&SPILL_STATS,0, 0, 0, 0, 0, 0, 0, 0, 0, 0, 0
~&SPILL_STATS,0, 0, 0, 0, 0, 0, 0, 0, 0, 0, 0
~&SPILL_STATS,0, 0, 0, 0, 0, 0, 0, 0, 0, 0, 0
~&SPILL_STATS,0, 0, 0, 0, 0, 0, 0, 0, 0, 0, 0
~&SPILL_STATS,0, 0, 0, 0, 0, 0, 0, 0, 0, 0, 0
~&SPILL_STATS,0, 0, 0, 0, 0, 0, 0, 0, 0, 0, 0
~&SPILL_STATS,0, 0, 0, 0, 0, 0, 0, 0, 0, 0, 0
~&SPILL_STATS,4, 2, 0, 4, 0, 0, 0.999996, 0.499999, 2, 0, 0
~&SPILL_STATS,0, 0, 0, 0, 0, 0, 0, 0, 0, 0, 0
~&SPILL_STATS,2, 0, 0, 1, 0, 1, 0.624997, 0, 0.625, 0, 1.15481e-05
~&SPILL_STATS,0, 0, 0, 0, 0, 0, 0, 0, 0, 0, 0
~&SPILL_STATS,0, 0, 0, 0, 0, 2, 0, 0, 0, 0, 42.5
~&SPILL_STATS,0, 0, 0, 0, 0, 2, 0, 0, 0, 0, 42.5
~&SPILL_STATS,4, 0, 0, 5, 0, 3, 79.75, 0, 80.375, 0, 59.8125
~&SPILL_STATS,2, 1, 0, 2, 0, 10, 0.720775, 1.67632e-06, 0.19043, 0, 3.10073
~&SPILL_STATS,0, 0, 0, 0, 0, 0, 0, 0, 0, 0, 0
~&SPILL_STATS,1, 0, 0, 1, 0, 7, 2.07961, 0, 0.234375, 0, 6.78954
~&SPILL_STATS,0, 0, 0, 0, 0, 0, 0, 0, 0, 0, 0
~&SPILL_STATS,435, 66, 0, 212, 20, 188, 3239.96, 516.047, 1247.51, 4.58379, 563.091
~&SPILL_STATS,20, 9, 0, 35, 2, 22, 160, 91.8, 233.96, 0.96, 135.48
~&SPILL_STATS,433, 71, 0, 224, 18, 211, 4365.78, 957.536, 2359.53, 77.783, 892.639
~&SPILL_STATS,489, 79, 0, 262, 16, 199, 5924.69, 1394.97, 3221.75, 4.09478, 1091.72
~&SPILL_STATS,513, 86, 0, 287, 19, 205, 6595.66, 1997.02, 4711.19, 3.76786, 1169.02
~&SPILL_STATS,449, 70, 0, 226, 19, 185, 4264.5, 802.486, 1863.94, 4.65522, 856.794
~&SPILL_STATS,476, 75, 0, 249, 22, 200, 5157.01, 1030.79, 2981.45, 7.08242, 1018.21
~&SPILL_STATS,437, 69, 0, 216, 19, 200, 3727.51, 600.28, 1194.65, 4.65522, 1153.43
~&SPILL_STATS,450, 70, 0, 228, 19, 200, 4299.68, 810.463, 1863.84, 4.65522, 1014.98
~&SPILL_STATS,405, 66, 0, 196, 30, 217, 2847.47, 640.382, 749.482, 8.12638, 957.69
~&SPILL_STATS,425, 75, 0, 213, 29, 225, 3534.41, 1090.77, 1782.08, 8.1978, 891.763
~&SPILL_STATS,461, 67, 0, 225, 27, 238, 4536.55, 782.251, 1385.9, 9.46566, 1266.14
~&SPILL_STATS,468, 84, 0, 261, 28, 235, 5876.06, 1817.07, 3509.62, 9.46429, 1264.04
~&SPILL_STATS,427, 69, 0, 202, 28, 233, 3763.36, 652.797, 846.507, 11.7514, 1108.16
~&SPILL_STATS,459, 79, 0, 232, 30, 232, 4639.74, 1231.54, 2262.41, 82.7239, 1320.57
~&SPILL_STATS,421, 64, 0, 194, 32, 236, 3155.2, 427.552, 249.88, 10.1415, 1184.91
~&SPILL_STATS,439, 70, 0, 214, 30, 232, 3738.29, 578.412, 1017.23, 9.39148, 1183.55
~&SPILL_STATS,491, 104, 0, 257, 29, 223, 3768.2, 2173.27, 2751.81, 10.9973, 722.287
~&SPILL_STATS,592, 116, 0, 309, 24, 253, 6572.96, 3479.78, 4818.11, 12.2885, 1177.67
~&SPILL_STATS,543, 95, 0, 272, 19, 232, 5207.44, 1747.04, 2996.95, 8.21703, 935.876
~&SPILL_STATS,486, 108, 0, 244, 29, 256, 3113.01, 1890.26, 2061.14, 8.22528, 821.46
~&SPILL_STATS,575, 113, 0, 303, 30, 276, 6089.79, 2306.19, 3902.95, 11.2651, 1463.43
~&SPILL_STATS,511, 109, 0, 263, 31, 280, 3849.31, 2293.41, 2406.81, 9.66896, 918.165
~&SPILL_STATS,6, 4, 0, 8, 0, 21, 8.62353, 8.25882, 5.07059, 0, 23.9882
~&SPILL_STATS,0, 0, 0, 0, 0, 2, 0, 0, 0, 0, 1
~&SPILL_STATS,0, 0, 0, 0, 0, 3, 0, 0, 0, 0, 25.8889
~&SPILL_STATS,3, 0, 0, 3, 0, 9, 0.737696, 0, 0.837822, 0, 2.8978
~&SPILL_STATS,0, 0, 0, 0, 0, 4, 0, 0, 0, 0, 2.25
~&SPILL_STATS,0, 0, 0, 0, 0, 0, 0, 0, 0, 0, 0
~&SPILL_STATS,0, 0, 0, 0, 0, 0, 0, 0, 0, 0, 0
~&SPILL_STATS,2, 2, 0, 4, 0, 16, 0.494118, 0.494118, 0.988235, 0, 3.74118
~&SPILL_STATS,0, 0, 0, 0, 0, 0, 0, 0, 0, 0, 0
~&SPILL_STATS,0, 0, 0, 0, 0, 18, 0, 0, 0, 0, 1.90732e-05
~&SPILL_STATS,0, 0, 0, 0, 0, 0, 0, 0, 0, 0, 0
~&SPILL_STATS,0, 0, 0, 0, 0, 0, 0, 0, 0, 0, 0
~&SPILL_STATS,1, 4, 0, 5, 0, 15, 1, 4, 5, 0, 15
~&SPILL_STATS,0, 0, 0, 0, 0, 0, 0, 0, 0, 0, 0
~&SPILL_STATS,0, 0, 0, 0, 0, 0, 0, 0, 0, 0, 0
~&SPILL_STATS,0, 0, 0, 0, 0, 0, 0, 0, 0, 0, 0
~&SPILL_STATS,0, 0, 0, 0, 0, 0, 0, 0, 0, 0, 0
~&SPILL_STATS,0, 0, 0, 0, 0, 0, 0, 0, 0, 0, 0
~&SPILL_STATS,0, 0, 0, 0, 0, 0, 0, 0, 0, 0, 0
~&SPILL_STATS,6, 4, 0, 8, 0, 21, 8.62353, 8.25882, 5.07059, 0, 23.9882
~&SPILL_STATS,0, 0, 0, 0, 0, 0, 0, 0, 0, 0, 0
~&SPILL_STATS,0, 0, 0, 0, 0, 0, 0, 0, 0, 0, 0
~&SPILL_STATS,0, 0, 0, 0, 0, 1, 0, 0, 0, 0, 1
~&SPILL_STATS,0, 0, 0, 0, 0, 1, 0, 0, 0, 0, 1
~&SPILL_STATS,0, 0, 0, 0, 0, 1, 0, 0, 0, 0, 1
~&SPILL_STATS,0, 0, 0, 0, 0, 3, 0, 0, 0, 0, 2.40935
~&SPILL_STATS,17, 10, 0, 27, 0, 12, 9.43137, 8.7451, 17.3922, 0, 5.88235
~&SPILL_STATS,0, 0, 0, 0, 0, 0, 0, 0, 0, 0, 0
~&SPILL_STATS,0, 0, 0, 0, 0, 0, 0, 0, 0, 0, 0
~&SPILL_STATS,2, 2, 0, 3, 0, 26, 0.0869995, 0.180594, 0.0956018, 0, 4.30495
~&SPILL_STATS,0, 0, 0, 0, 0, 4, 0, 0, 0, 0, 85
~&SPILL_STATS,428, 65, 0, 207, 18, 201, 3386.55, 514.172, 1248.4, 4.46841, 584.76
~&SPILL_STATS,20, 9, 0, 35, 2, 22, 160, 91.8, 233.96, 0.96, 135.48
~&SPILL_STATS,427, 79, 0, 224, 18, 201, 4064.35, 1549.65, 2504.12, 6.08104, 738.268
~&SPILL_STATS,490, 82, 0, 260, 20, 184, 6283.96, 1335.13, 3299.85, 77.7816, 1010.54
~&SPILL_STATS,515, 83, 0, 283, 21, 199, 7474.84, 1634.78, 4711.39, 151.795, 1458.5
~&SPILL_STATS,461, 69, 0, 229, 21, 183, 4541.63, 729.222, 1869.8, 4.7706, 858.937
~&SPILL_STATS,477, 70, 0, 245, 19, 200, 5441.65, 882.79, 2833.72, 6.78022, 792.684
~&SPILL_STATS,445, 66, 0, 219, 21, 186, 4299.46, 437.381, 1196.47, 4.7706, 1011.97
~&SPILL_STATS,458, 69, 0, 228, 19, 204, 4685.37, 585.595, 1865.23, 4.65522, 1090.81
~&SPILL_STATS,405, 70, 0, 192, 29, 221, 2910.75, 589.525, 674.693, 8.43956, 816.815
~&SPILL_STATS,424, 72, 0, 213, 29, 229, 3608.21, 943.772, 1786.09, 8.1978, 1046.17
~&SPILL_STATS,463, 70, 0, 229, 30, 248, 5459.14, 1020.7, 1953.63, 12.125, 1504.08
~&SPILL_STATS,477, 86, 0, 263, 29, 237, 6459.52, 2032.84, 3946.13, 10.2967, 1268.87
~&SPILL_STATS,440, 68, 0, 206, 32, 231, 3900.04, 643.698, 845.349, 12.2404, 1042.11
~&SPILL_STATS,462, 78, 0, 234, 30, 229, 5144.43, 1158.4, 2339.27, 11.8668, 1102.55
~&SPILL_STATS,439, 68, 0, 202, 30, 241, 3479.26, 377.223, 490.056, 9.76786, 1197.06
~&SPILL_STATS,450, 68, 0, 217, 30, 236, 4186.38, 503.394, 954.544, 9.39148, 1335.38
~&SPILL_STATS,6, 4, 0, 8, 0, 21, 8.62353, 8.25882, 5.07059, 0, 23.9882
~&SPILL_STATS,490, 101, 0, 251, 25, 218, 4174.59, 1572.9, 2025.12, 5.56319, 984.88
~&SPILL_STATS,20, 9, 0, 35, 2, 22, 160, 91.8, 233.96, 0.96, 135.48
~&SPILL_STATS,495, 117, 0, 260, 22, 222, 4175.58, 2547.8, 2523.01, 5.23901, 1348.55
~&SPILL_STATS,611, 109, 0, 312, 17, 255, 8746.09, 2609.29, 4332.92, 65.3791, 2468.48
~&SPILL_STATS,663, 134, 0, 348, 15, 287, 11121.2, 3775.88, 6248.1, 65.0055, 2214.72
~&SPILL_STATS,522, 107, 0, 276, 18, 233, 5654.14, 2009.72, 2737.54, 6.46841, 1174.69
~&SPILL_STATS,568, 122, 0, 305, 18, 250, 6445.54, 2849.57, 3670.29, 6.23214, 1553.96
~&SPILL_STATS,507, 101, 0, 263, 22, 235, 5216.88, 1643.71, 1996.26, 5.23901, 1114.08
~&SPILL_STATS,540, 106, 0, 284, 18, 235, 6048.68, 2009.54, 2989.62, 65.5659, 1354.65
~&SPILL_STATS,484, 93, 0, 251, 30, 269, 3815.29, 1157.16, 1366.3, 8.16621, 908.32
~&SPILL_STATS,515, 112, 0, 273, 29, 258, 4108.88, 2078.05, 2361.89, 8.26649, 1093.82
~&SPILL_STATS,589, 113, 0, 313, 33, 294, 7336.23, 2323.94, 3150.6, 9.03984, 2046.18
~&SPILL_STATS,608, 132, 0, 336, 33, 290, 8727.35, 3202.27, 4870.22, 73.0659, 2475.87
~&SPILL_STATS,534, 108, 0, 276, 30, 283, 5094.84, 1644.5, 1771.48, 69.3091, 1220.44
~&SPILL_STATS,546, 122, 0, 300, 34, 276, 5755.27, 2621.08, 3014.14, 71.2527, 1520.47
~&SPILL_STATS,523, 94, 0, 265, 31, 280, 4680.24, 1189.27, 971.629, 71.4382, 1231.11
~&SPILL_STATS,544, 106, 0, 288, 28, 283, 5246.58, 1876.2, 2149.93, 70.5412, 1586.38
~&SPILL_STATS,6, 4, 0, 8, 0, 21, 8.62353, 8.25882, 5.07059, 0, 23.9882
~&SPILL_STATS,146, 42, 0, 120, 27, 89, 7912.79, 2192.25, 4894.85, 64.0729, 5002.49
