Comando: /home/mpvreal/Code/Faculdade/tcc/llvm/build/bin/llc --march=x86 --regalloc=greedy -o -
Heurística: div(cost,mul(area,pow(degree,2)))
function@_Z10exit_usagePKc,0,0,0,0,0,0,0,0,0,0,0
function@_Z8NAMD_bugPKc,0,0,0,0,0,0,0,0,0,0,0
function@_Z8NAMD_diePKc,0,0,0,0,0,0,0,0,0,0,0
function@main,122,76,0,92,17,232,515.075,540.039,299.657,109.203,733.864
function@_ZN9ResultSetD2Ev,0,0,0,0,0,0,0,0,0,0,0
function@__clang_call_terminate,0,0,0,0,0,0,0,0,0,0,0
function@_ZN20ComputeNonbondedUtil20calc_pair_energy_fepEP9nonbonded,829,127,0,431,27,362,13607.3,2757.25,6190.1,17.5532,1766.92
function@_Z22pairlist_from_pairlistddddPK8CompAtomPKtiPtdPd,20,9,0,35,2,22,160,91.8,233.96,0.96,135.48
function@_Z24fep_vdw_forceandenergiesdddddddddiidddPdS_S_,22,13,0,20,0,2,10.0735,4.29412,9.75,0,0.441176
function@_ZN20ComputeNonbondedUtil30calc_pair_energy_fullelect_fepEP9nonbonded,1037,190,0,557,31,414,20062.8,6384.8,11642,16.1136,3277.38
function@_ZN20ComputeNonbondedUtil36calc_pair_energy_merge_fullelect_fepEP9nonbonded,933,135,0,462,26,376,15896.1,3373.79,6976.02,15.8338,1932.37
function@_ZN20ComputeNonbondedUtil35calc_pair_energy_slow_fullelect_fepEP9nonbonded,807,117,0,402,25,361,10858.8,2377.28,4110.46,14.9097,2101.27
function@_ZN20ComputeNonbondedUtil20calc_self_energy_fepEP9nonbonded,752,134,0,399,38,392,12217.1,3537.19,4844.36,24.5309,2093.99
function@_ZN20ComputeNonbondedUtil30calc_self_energy_fullelect_fepEP9nonbonded,888,173,0,463,36,421,18315,5970.68,7465.04,23.2652,3078.03
function@_ZN20ComputeNonbondedUtil36calc_self_energy_merge_fullelect_fepEP9nonbonded,824,153,0,433,34,419,14782.2,4570.15,5791.79,24.8839,2427.63
function@_ZN20ComputeNonbondedUtil35calc_self_energy_slow_fullelect_fepEP9nonbonded,751,123,0,363,36,407,9554.31,2833.13,2328.82,25.0714,2472.26
function@_ZN14ResizeArrayRawI6VectorE6resizeEi,6,4,0,8,0,21,8.62353,8.25882,5.07059,0,23.9882
function@_ZN5PatchC2Ev,0,0,0,0,0,0,0,0,0,0,0
function@_ZN5PatchD2Ev,0,0,0,0,0,0,0,0,0,0,0
function@_ZN5Patch9moveatomsEv,7,4,0,8,0,5,148.75,85,149.417,0,106.25
function@_ZN5Patch10zeroforcesEv,0,2,0,1,0,5,0,13.4,0.64,0,44
function@_ZN5Patch9setforcesEP6VectorS1_,0,0,0,0,0,2,0,0,0,0,42.5
function@_ZN5Patch8readfileEP8_IO_FILEP8Molecule,12,17,0,20,0,57,2.04218,4.37622,2.47431,0,17.0958
function@_ZN9ResultSet9writefileEP8_IO_FILE,0,0,0,0,0,0,0,0,0,0,0
function@_ZN9ResultSet8readfileEP8_IO_FILE,0,0,0,0,0,0,0,0,0,0,0
function@_Z5equaldd,0,0,0,0,0,0,0,0,0,0,0
function@_Z5equalPdS_,0,0,0,0,0,0,0,0,0,0,0
function@_Z5equalPdS_S_S_,0,0,0,0,0,0,0,0,0,0,0
function@_ZN9ResultSet5checkEv,0,0,0,0,0,0,0,0,0,0,0
function@_ZN9ResultSet8samemodeERS_,0,0,0,0,0,0,0,0,0,0,0
function@_ZN9ResultSet7compareERS_,4,2,0,4,0,0,0.999996,0.499999,2,0,0
function@_ZN9PatchListC2ER7Lattice,0,0,0,0,0,0,0,0,0,0,0
function@_ZN9PatchListD2Ev,2,0,0,1,0,1,0.624997,0,0.625,0,1.15481e-05
function@__clang_call_terminate,0,0,0,0,0,0,0,0,0,0,0
function@_ZN9PatchList9moveatomsEv,0,0,0,0,0,2,0,0,0,0,42.5
function@_ZN9PatchList11zeroresultsEv,0,0,0,0,0,2,0,0,0,0,42.5
function@_ZN9PatchList10setresultsEP9ResultSet,4,1,0,5,0,3,60.4375,19.9375,80.375,0,59.8125
function@_ZN9PatchList8readfileEP8_IO_FILEP8Molecule,2,1,0,2,0,10,0.720775,1.60648e-06,0.19043,0,3.10073
function@_ZN7LJTableC2Ev,0,0,0,0,0,0,0,0,0,0,0
function@_ZN7LJTable8readfileEP8_IO_FILE,1,0,0,1,0,7,2.07961,0,0.234375,0,6.78954
function@_ZN7LJTableD2Ev,0,0,0,0,0,0,0,0,0,0,0
function@_ZN20ComputeNonbondedUtil9calc_pairEP9nonbonded,438,59,0,212,22,198,3531.07,649.894,1313.25,5.09615,800.677
function@_Z22pairlist_from_pairlistddddPK8CompAtomPKtiPtdPd,20,9,0,35,2,22,160,91.8,233.96,0.96,135.48
function@_ZN20ComputeNonbondedUtil16calc_pair_energyEP9nonbonded,455,69,0,225,22,195,4365.07,954.755,2358.81,78.4107,794.816
function@_ZN20ComputeNonbondedUtil19calc_pair_fullelectEP9nonbonded,476,80,0,257,16,207,5608.7,1553,3219.13,4.35302,952.5
function@_ZN20ComputeNonbondedUtil26calc_pair_energy_fullelectEP9nonbonded,509,86,0,282,17,197,6741.05,2061.94,4561.77,3.76923,1159.3
function@_ZN20ComputeNonbondedUtil25calc_pair_merge_fullelectEP9nonbonded,441,72,0,228,18,203,4092.73,961.268,1862.92,6.96841,791.701
function@_ZN20ComputeNonbondedUtil32calc_pair_energy_merge_fullelectEP9nonbonded,476,76,0,248,16,202,4926.19,1249.32,2909.85,6.59478,866.43
function@_ZN20ComputeNonbondedUtil24calc_pair_slow_fullelectEP9nonbonded,423,64,0,217,17,198,3564.68,664.152,1116.96,4.65659,793.401
function@_ZN20ComputeNonbondedUtil31calc_pair_energy_slow_fullelectEP9nonbonded,464,73,0,230,17,207,4390.74,1035.28,2156.65,4.65659,790.831
function@_ZN20ComputeNonbondedUtil9calc_selfEP9nonbonded,397,70,0,196,26,226,2783.78,673.394,745.783,8.01236,967.99
function@_ZN20ComputeNonbondedUtil16calc_self_energyEP9nonbonded,409,78,0,210,27,223,3446.83,1189.05,1703.09,8.18681,1102.32
function@_ZN20ComputeNonbondedUtil19calc_self_fullelectEP9nonbonded,448,66,0,225,27,238,4487.26,858.168,1376.44,9.84066,1203.75
function@_ZN20ComputeNonbondedUtil26calc_self_energy_fullelectEP9nonbonded,468,84,0,256,29,241,5675.38,1821.59,3508.28,12.5549,1131.2
function@_ZN20ComputeNonbondedUtil25calc_self_merge_fullelectEP9nonbonded,420,74,0,202,25,235,3622.07,812.287,843.414,9.46703,960.395
function@_ZN20ComputeNonbondedUtil32calc_self_energy_merge_fullelectEP9nonbonded,443,79,0,228,26,233,4547.1,1304.17,2251.58,82.6099,963.423
function@_ZN20ComputeNonbondedUtil24calc_self_slow_fullelectEP9nonbonded,413,69,0,197,28,240,3267.06,531.926,249.18,9.95742,978.835
function@_ZN20ComputeNonbondedUtil31calc_self_energy_slow_fullelectEP9nonbonded,429,70,0,210,28,236,3517.92,731.24,781.864,9.58105,1116.7
function@_ZN20ComputeNonbondedUtil20calc_pair_energy_intEP9nonbonded,473,89,0,248,21,221,3891.79,1735.79,2606.74,4.5055,801.244
function@_ZN20ComputeNonbondedUtil30calc_pair_energy_fullelect_intEP9nonbonded,576,114,0,313,18,236,6573.83,3333.1,5030.89,4.0522,1513.22
function@_ZN20ComputeNonbondedUtil36calc_pair_energy_merge_fullelect_intEP9nonbonded,528,97,0,270,16,238,5554.62,1729.23,3191.32,73.5055,1083.53
function@_ZN20ComputeNonbondedUtil20calc_self_energy_intEP9nonbonded,470,103,0,250,31,262,3233.37,1885.58,2130.82,12.2115,722.385
function@_ZN20ComputeNonbondedUtil30calc_self_energy_fullelect_intEP9nonbonded,551,114,0,302,31,260,5977.05,2378.55,3898.73,9.82692,1160.44
function@_ZN20ComputeNonbondedUtil36calc_self_energy_merge_fullelect_intEP9nonbonded,501,112,0,267,32,276,3922.96,2310.49,2397.95,9.72665,856.246
function@_ZN14ResizeArrayRawI6VectorE6resizeEi,6,4,0,8,0,21,8.62353,8.25882,5.07059,0,23.9882
function@_ZN8MoleculeC2Ev,0,0,0,0,0,2,0,0,0,0,1
function@_ZN8MoleculeD2Ev,0,0,0,0,0,3,0,0,0,0,25.8889
function@_ZN8Molecule8readfileEP8_IO_FILE,3,0,0,3,0,9,0.737696,0,0.837822,0,2.8978
function@_ZN11ObjectArenaIcE11getNewArrayEi,0,0,0,0,0,4,0,0,0,0,2.25
function@_ZN11ResizeArrayIPcED2Ev,0,0,0,0,0,0,0,0,0,0,0
function@_ZN11ResizeArrayIPcED0Ev,0,0,0,0,0,0,0,0,0,0,0
function@_ZN14ResizeArrayRawIPcE3insERKS0_i,2,2,0,4,0,16,0.494118,0.494118,0.988235,0,3.74118
function@_Z9dummy_erfi,0,0,0,0,0,0,0,0,0,0,0
function@_ZN26ComputeNonbondedWorkArraysC2Ev,0,0,0,0,0,18,0,0,0,0,1.90732e-05
function@_ZN26ComputeNonbondedWorkArraysD2Ev,0,0,0,0,0,0,0,0,0,0,0
function@_ZN11SelfCompute6doWorkEP9PatchList,0,0,0,0,0,0,0,0,0,0,0
function@_ZN11PairCompute6doWorkEP9PatchList,1,4,0,5,0,15,1,4,5,0,15
function@_ZN11ResizeArrayI6VectorED2Ev,0,0,0,0,0,0,0,0,0,0,0
function@__clang_call_terminate,0,0,0,0,0,0,0,0,0,0,0
function@_ZN11ResizeArrayItED2Ev,0,0,0,0,0,0,0,0,0,0,0
function@_ZN11ResizeArrayIdED2Ev,0,0,0,0,0,0,0,0,0,0,0
function@_ZN11ResizeArrayItED0Ev,0,0,0,0,0,0,0,0,0,0,0
function@_ZN11ResizeArrayIdED0Ev,0,0,0,0,0,0,0,0,0,0,0
function@_ZN14ResizeArrayRawI6VectorE6resizeEi,6,4,0,8,0,21,8.62353,8.25882,5.07059,0,23.9882
function@_ZN11ResizeArrayI6VectorED0Ev,0,0,0,0,0,0,0,0,0,0,0
function@_ZN13SimParametersC2Ev,0,0,0,0,0,0,0,0,0,0,0
function@_ZN13SimParameters8setparamEPKcS1_,0,0,0,0,0,1,0,0,0,0,0.999999
function@_Z11parse_paramPKcS0_S0_Ri,0,0,0,0,0,1,0,0,0,0,1
function@_Z11parse_paramPKcS0_S0_Rd,0,0,0,0,0,1,0,0,0,0,1
function@_ZN13SimParameters8readfileEP8_IO_FILE,0,0,0,0,0,3,0,0,0,0,2.40935
function@_ZN7Lattice3setE6VectorS0_S0_S0_,22,7,0,26,0,10,12.1961,7,16.8824,0,4.82353
function@_ZN11ComputeListC2Ev,0,0,0,0,0,0,0,0,0,0,0
function@_ZN11ComputeListD2Ev,0,0,0,0,0,0,0,0,0,0,0
function@_ZN11ComputeList8readfileEP8_IO_FILEP9PatchList,3,1,0,3,0,24,0.0955991,0.171994,0.0956018,0,4.02976
function@_ZN11ComputeList11runComputesEP9PatchList,0,0,0,0,0,4,0,0,0,0,85
function@_ZN20ComputeNonbondedUtil13calc_pair_lesEP9nonbonded,426,63,0,210,22,194,3533.28,658.295,1312.99,5.09615,576.971
function@_Z22pairlist_from_pairlistddddPK8CompAtomPKtiPtdPd,20,9,0,35,2,22,160,91.8,233.96,0.96,135.48
function@_ZN20ComputeNonbondedUtil20calc_pair_energy_lesEP9nonbonded,430,77,0,222,16,188,3833.62,1548.78,2496.83,3.95742,640.441
function@_ZN20ComputeNonbondedUtil23calc_pair_fullelect_lesEP9nonbonded,487,82,0,260,13,204,6358.74,1555.29,3370.32,3.39698,1023.68
function@_ZN20ComputeNonbondedUtil30calc_pair_energy_fullelect_lesEP9nonbonded,506,85,0,282,19,197,7467.44,1643.53,4636.23,151.797,1305.61
function@_ZN20ComputeNonbondedUtil29calc_pair_merge_fullelect_lesEP9nonbonded,456,69,0,225,20,188,4326.89,883.93,1793.39,7.08379,856.42
function@_ZN20ComputeNonbondedUtil36calc_pair_energy_merge_fullelect_lesEP9nonbonded,487,72,0,251,21,197,5526.71,1023.7,2987.88,9.41758,946.173
function@_ZN20ComputeNonbondedUtil28calc_pair_slow_fullelect_lesEP9nonbonded,422,64,0,214,17,210,3994.37,590.325,1119.15,4.65659,804.18
function@_ZN20ComputeNonbondedUtil35calc_pair_energy_slow_fullelect_lesEP9nonbonded,471,71,0,234,17,208,5127.64,887.254,2310.69,4.65659,794.532
function@_ZN20ComputeNonbondedUtil13calc_self_lesEP9nonbonded,408,67,0,198,29,222,2953.25,590.771,682.392,8.31456,759.121
function@_ZN20ComputeNonbondedUtil20calc_self_energy_lesEP9nonbonded,413,72,0,211,25,230,3593.78,949.441,1782.07,8.07143,1190.19
function@_ZN20ComputeNonbondedUtil23calc_self_fullelect_lesEP9nonbonded,455,71,0,224,29,251,5182.82,1024.94,1879.31,12.3132,1515.79
function@_ZN20ComputeNonbondedUtil30calc_self_energy_fullelect_lesEP9nonbonded,480,85,0,260,28,240,6471.3,2035.37,3943.92,8.62775,1207.41
function@_ZN20ComputeNonbondedUtil29calc_self_merge_fullelect_lesEP9nonbonded,409,72,0,201,28,237,3767.67,741.086,842.4,10.0275,906.788
function@_ZN20ComputeNonbondedUtil36calc_self_energy_merge_fullelect_lesEP9nonbonded,457,76,0,232,27,234,4972.92,1229.32,2332.83,9.58242,1248.43
function@_ZN20ComputeNonbondedUtil28calc_self_slow_fullelect_lesEP9nonbonded,415,66,0,201,30,238,3493,448.142,332.503,10.1429,1201.58
function@_ZN20ComputeNonbondedUtil35calc_self_energy_slow_fullelect_lesEP9nonbonded,455,64,0,218,30,230,4409.27,501.716,1087.29,9.76648,980.329
function@_ZN14ResizeArrayRawI6VectorE6resizeEi,6,4,0,8,0,21,8.62353,8.25882,5.07059,0,23.9882
function@_ZN20ComputeNonbondedUtil15calc_pair_pprofEP9nonbonded,506,95,0,252,18,232,4491.27,1514.21,2263.75,6.84341,1070.65
function@_Z22pairlist_from_pairlistddddPK8CompAtomPKtiPtdPd,20,9,0,35,2,22,160,91.8,233.96,0.96,135.48
function@_ZN20ComputeNonbondedUtil22calc_pair_energy_pprofEP9nonbonded,505,111,0,263,19,243,4374.42,2434.83,2699.79,67.8462,1254.42
function@_ZN20ComputeNonbondedUtil25calc_pair_fullelect_pprofEP9nonbonded,597,113,0,311,15,261,8543.71,2677.38,4455.66,65.2637,2716.27
function@_ZN20ComputeNonbondedUtil32calc_pair_energy_fullelect_pprofEP9nonbonded,640,136,0,344,15,289,10106.3,3837.59,6184.46,65.2637,2758.74
function@_ZN20ComputeNonbondedUtil31calc_pair_merge_fullelect_pprofEP9nonbonded,525,108,0,276,18,249,5840.41,2074.45,2903.99,6.84341,1251.48
function@_ZN20ComputeNonbondedUtil38calc_pair_energy_merge_fullelect_pprofEP9nonbonded,550,110,0,294,15,244,6434.02,2724.21,3650.18,65.8283,1483.18
function@_ZN20ComputeNonbondedUtil30calc_pair_slow_fullelect_pprofEP9nonbonded,503,100,0,262,17,246,5154.74,1706.36,1992.4,4.93819,1185.82
function@_ZN20ComputeNonbondedUtil37calc_pair_energy_slow_fullelect_pprofEP9nonbonded,528,104,0,279,20,234,6079.7,2009.89,3032.56,66.0563,1356.49
function@_ZN20ComputeNonbondedUtil15calc_self_pprofEP9nonbonded,477,94,0,253,28,259,3822.31,1158.08,1364.66,8.16758,889.144
function@_ZN20ComputeNonbondedUtil22calc_self_energy_pprofEP9nonbonded,512,112,0,272,30,264,4061.64,2071.68,2359.89,8.28297,1279.93
function@_ZN20ComputeNonbondedUtil25calc_self_fullelect_pprofEP9nonbonded,564,112,0,310,32,288,7269.94,2387.32,3139.38,9.72665,1962.29
function@_ZN20ComputeNonbondedUtil32calc_self_energy_fullelect_pprofEP9nonbonded,594,131,0,336,32,277,8741.69,3247.53,4866.64,71.2541,2337.93
function@_ZN20ComputeNonbondedUtil31calc_self_merge_fullelect_pprofEP9nonbonded,529,100,0,275,32,284,5160.53,1563.24,1769.89,71.2541,1470.34
function@_ZN20ComputeNonbondedUtil38calc_self_energy_merge_fullelect_pprofEP9nonbonded,535,120,0,297,32,278,5811.96,2619.41,3010.92,71.2541,1222.91
function@_ZN20ComputeNonbondedUtil30calc_self_slow_fullelect_pprofEP9nonbonded,521,96,0,264,29,273,4728.49,1274.75,1028.97,70.9519,1084.67
function@_ZN20ComputeNonbondedUtil37calc_self_energy_slow_fullelect_pprofEP9nonbonded,526,108,0,285,30,280,5309.22,2010.68,2143.83,70.7624,1163.44
function@_ZN14ResizeArrayRawI6VectorE6resizeEi,6,4,0,8,0,21,8.62353,8.25882,5.07059,0,23.9882
function@_ZN20ComputeNonbondedUtil6selectEP13SimParametersP8MoleculeP7LJTable,153,48,0,126,26,96,3585.87,1721.53,2422.14,31.2917,2824.41
