Comando: /home/mpvreal/Code/Faculdade/tcc/llvm/build/bin/llc --march=x86-64 --regalloc=greedy -o -
Heurística: div(cost,mul(area,degree))
function@flux_,27,0,0,14,0,13,27,0,14,0,13
function@flux_..omp_par.4,138,15,0,86,12,36,801994,35460.1,60174.9,3076.33,108535
function@flux_..omp_par.3,52,13,0,40,2,25,14733.5,3486.92,629.5,21.9167,6432.58
function@flux_..omp_par.2,21,6,0,23,3,11,4010,914.167,123.75,35.1667,2158.5
function@flux_..omp_par.1,258,88,0,75,133,39,13641.4,5721.14,3763.6,9519.47,12114.4
function@flux_..omp_par,21,6,0,23,3,11,4010,914.167,123.75,35.1667,2158.5
function@_QQmain,0,0,0,0,0,136,0,0,0,0,131.619
function@jacobian_,3,0,0,3,0,9,3,0,3,0,9
function@jacobian_..omp_par,56,14,0,63,5,47,269815,43460.2,147205,470.417,358401
function@fill1_,5,0,0,4,0,3,5,0,4,0,3
function@fill1_..omp_par.1,1,1,0,2,0,4,1,0.666667,2,0,24.25
function@fill1_..omp_par,7,5,0,11,1,9,83.9167,194.25,29.5833,21.25,565.833
function@shell_,94,8,0,42,0,91,1381.95,92.5238,118.381,0,16228.8
function@shell_..omp_par.8,13,6,0,18,2,10,701.25,194.333,109.75,42.5,631.833
function@shell_..omp_par.7,98,9,0,90,22,22,6.00751e+06,9060.58,225873,15444.3,1.67365e+06
function@shell_..omp_par.6,86,10,0,87,36,27,1.16256e+08,17847.2,1.82918e+06,2.79727e+06,7.92582e+07
function@shell_..omp_par.5,6,3,0,9,1,21,23.6875,44.8125,8.625,0.625,80825.7
function@shell_..omp_par.4,62,17,0,35,4,37,1867.06,649.188,592.688,160,1812.25
function@shell_..omp_par.3,14,6,0,19,2,12,646.25,914.167,57.8333,21.9167,18310.8
function@shell_..omp_par.2,60,20,0,25,7,9,1100.75,1420.58,147.417,421.25,1564.58
function@shell_..omp_par.1,8,8,0,13,0,8,66.6667,273.167,48.0833,0,30.6667
function@shell_..omp_par,28,6,0,33,11,6,79202.2,500.833,632.167,879.75,8984.08
function@.omp.reduction.func,0,0,0,0,0,2,0,0,0,0,2
function@bi_cgstab_block_,48,1,0,19,0,35,540.938,15.9375,32.4375,0,184.375
function@bi_cgstab_block_..omp_par.12,9,6,0,13,0,13,724.25,695.312,61.1875,0,11157.5
function@bi_cgstab_block_..omp_par.11,51,22,0,33,21,11,50730.5,42344.8,14429,42152.9,96964.2
function@bi_cgstab_block_..omp_par.10,14,7,0,17,0,16,3637.69,3195.25,84.125,0,11428
function@bi_cgstab_block_..omp_par.9,33,13,0,33,6,13,20937.6,11621.1,1390.5,2154.17,15886.7
function@bi_cgstab_block_..omp_par.8,13,7,0,16,0,17,6136.5,707.75,83.125,0,11428.6
function@bi_cgstab_block_..omp_par.7,30,13,0,26,9,8,18454.8,19173.6,1081.5,12393.9,3097.75
function@bi_cgstab_block_..omp_par.6,13,7,0,16,0,17,6136.5,707.75,83.125,0,11428.6
function@bi_cgstab_block_..omp_par.5,8,5,0,13,1,12,486.125,69.6875,49.75,19.9375,9156.19
function@bi_cgstab_block_..omp_par,51,13,0,46,8,17,62309.8,14751.2,2421.17,3007.33,28593.8
function@mat_times_vec_,3,0,0,3,0,3,3,0,3,0,3
function@mat_times_vec_..omp_par,80,14,0,73,21,22,2.32294e+07,190927,1.03925e+06,64488.9,2.10032e+07
function@.omp.reduction.func,0,0,0,0,0,0,0,0,0,0,0
function@.omp.reduction.func.1,0,0,0,0,0,0,0,0,0,0,0
function@.omp.reduction.func.2,0,0,0,0,0,0,0,0,0,0,0
function@.omp.reduction.func.3,0,0,0,0,0,0,0,0,0,0,0
function@.omp.reduction.func.4,0,0,0,0,0,0,0,0,0,0,0
function@fill2_,0,0,0,0,0,4,0,0,0,0,4
function@fill2_..omp_par.1,2,2,0,3,0,6,1.66667,26.5,2.66667,0,25.5833
function@fill2_..omp_par,3,2,0,4,0,6,14.9167,26.5,3.33333,0,25.5833
