Comando: /home/mpvreal/Code/Faculdade/tcc/llvm/build/bin/llc --march=x86 --regalloc=basic -o -
Heurística: div(cost,pow(degree,2))
function@_ZN11TimeControlC2Eiiii,0,0,0,0,0,0,0,0,0,0,0
function@_ZN11TimeControl13set_boardsizeEi,0,0,0,0,0,0,0,0,0,0,0
function@_ZN11TimeControl5startEi,0,0,0,0,0,0,0,0,0,0,0
function@_ZN11TimeControl4stopEi,0,0,0,0,0,1,0,0,0,0,1
function@_ZN11TimeControl12time_forfeitEi,0,0,0,0,0,0,0,0,0,0,0
function@_ZN11TimeControl13display_timesEv,0,0,0,0,0,16,0,0,0,0,16
function@_ZN11TimeControl17max_time_for_moveEi,0,0,0,0,0,2,0,0,0,0,0.518519
function@_ZN11TimeControl11adjust_timeEiii,0,0,0,0,0,0,0,0,0,0,0
function@_ZN11TimeControl12get_maintimeEv,0,0,0,0,0,1,0,0,0,0,1
function@_ZN11TimeControl18get_remaining_timeEi,0,0,0,0,0,0,0,0,0,0,0
function@_ZN9SGFParser14chop_from_fileENSt7__cxx1112basic_stringIcSt11char_traitsIcESaIcEEEi,3,5,0,4,6,9,31.9988,32.8198,47.4982,19.4368,62.9976
function@__clang_call_terminate,0,0,0,0,0,0,0,0,0,0,0
function@_ZN9SGFParser19parse_property_nameERNSt7__cxx1119basic_istringstreamIcSt11char_traitsIcESaIcEEE,6,2,0,4,1,5,77.7602,15.2536,47.2529,15.2536,46.7609
function@_ZN9SGFParser20parse_property_valueERNSt7__cxx1119basic_istringstreamIcSt11char_traitsIcESaIcEEERNS0_12basic_stringIcS3_S4_EE,5,1,0,4,1,5,36,8,24.25,8,33.754
function@_ZN9SGFParser5parseERNSt7__cxx1119basic_istringstreamIcSt11char_traitsIcESaIcEEEP7SGFTree,3,1,0,3,2,25,64.4901,0.00400355,0.503113,0.378878,479.02
function@_ZN7SGFTreeC2ERKS_,0,2,0,1,0,10,0,1.62469,1,0,43.4868
function@_ZN7SGFTreeD2Ev,0,0,0,0,0,0,0,0,0,0,0
function@_ZNSt8auto_ptrI7SGFTreeED2Ev,0,0,0,0,0,0,0,0,0,0,0
function@_ZN7KoStateC2ERKS_,7,3,0,4,5,11,5.99656,0.00149831,3.62273,4.62367,4.87466
function@_ZNSt6vectorI7SGFTreeSaIS0_EED2Ev,0,0,0,0,0,0,0,0,0,0,0
function@_ZN7KoStateD2Ev,0,0,0,0,0,0,0,0,0,0,0
function@_ZSt16__do_uninit_copyIN9__gnu_cxx17__normal_iteratorIPK7SGFTreeSt6vectorIS2_SaIS2_EEEEPS2_ET0_T_SB_SA_,10,9,0,6,3,15,170.807,136.144,100.025,59.4127,843.507
function@_ZSt8_DestroyI7SGFTreeEvPT_,0,0,0,0,0,0,0,0,0,0,0
function@_ZNSt8_Rb_treeINSt7__cxx1112basic_stringIcSt11char_traitsIcESaIcEEESt4pairIKS5_S5_ESt10_Select1stIS8_ESt4lessIS5_ESaIS8_EE7_M_copyILb0ENSE_11_Alloc_nodeEEEPSt13_Rb_tree_nodeIS8_ESJ_PSt18_Rb_tree_node_baseRT0_,10,0,0,1,0,8,6.87498,0,1,0,59.9953
function@_ZNSt8_Rb_treeINSt7__cxx1112basic_stringIcSt11char_traitsIcESaIcEEESt4pairIKS5_S5_ESt10_Select1stIS8_ESt4lessIS5_ESaIS8_EE8_M_eraseEPSt13_Rb_tree_nodeIS8_E,0,0,0,0,0,1,0,0,0,0,21.25
function@_ZNSt4pairIKNSt7__cxx1112basic_stringIcSt11char_traitsIcESaIcEEES5_EC2ERKS7_,3,2,0,2,0,9,2.33333,0.333334,2,0,6.33333
function@_ZN9SGFParser19count_games_in_fileENSt7__cxx1112basic_stringIcSt11char_traitsIcESaIcEEE,0,0,0,0,0,7,0,0,0,0,32.9697
function@_ZN4Time8timediffES_S_,0,0,0,0,0,0,0,0,0,0,0
function@_ZN4TimeC2Ev,0,0,0,0,0,0,0,0,0,0,0
function@_ZN7UCTNodeC2Eii,0,0,0,0,0,0,0,0,0,0,0
function@_ZN7UCTNodeD2Ev,0,0,0,0,0,1,0,0,0,0,20
function@_ZN7UCTNode9get_mutexEv,0,0,0,0,0,0,0,0,0,0,0
function@__clang_call_terminate,0,0,0,0,0,0,0,0,0,0,0
function@_ZNK7UCTNode11first_visitEv,0,0,0,0,0,0,0,0,0,0,0
function@_ZN7UCTNode10link_childEPS_,0,0,0,0,0,0,0,0,0,0,0
function@_ZN7UCTNode15create_childrenER9FastStateb,42,16,0,13,25,14,6.08371,6.28357,1.62154,3.80853,16.2986
function@_ZNK7UCTNode12has_childrenEv,0,0,0,0,0,0,0,0,0,0,0
function@_ZN7UCTNode10set_extendEi,0,0,0,0,0,0,0,0,0,0,0
function@_ZN7UCTNode13kill_superkosER7KoState,1,0,0,1,0,8,6.2497,0,0.625,0,109.737
function@_ZNK7UCTNode8get_moveEv,0,0,0,0,0,0,0,0,0,0,0
function@_ZN7KoStateC2ERKS_,7,3,0,4,5,11,5.99656,0.00149831,3.62273,4.62367,4.87466
function@_ZN7UCTNode12delete_childEPS_,0,0,0,0,0,2,0,0,0,0,10.1587
function@_ZN7KoStateD2Ev,0,0,0,0,0,0,0,0,0,0,0
function@_ZN7UCTNode8set_moveEi,0,0,0,0,0,0,0,0,0,0,0
function@_ZN7UCTNode6updateER7Playouti,0,0,0,0,0,1,0,0,0,0,9.53673e-07
function@_ZNK7UCTNode13get_blackwinsEv,0,0,0,0,0,0,0,0,0,0,0
function@_ZN7UCTNode10set_visitsEi,0,0,0,0,0,0,0,0,0,0,0
function@_ZN7UCTNode13set_blackwinsEi,0,0,0,0,0,0,0,0,0,0,0
function@_ZNK7UCTNode11get_winrateEi,0,0,0,0,0,0,0,0,0,0,0
function@_ZNK7UCTNode10get_visitsEv,0,0,0,0,0,0,0,0,0,0,0
function@_ZNK7UCTNode12get_raverateEv,0,0,0,0,0,0,0,0,0,0,0
function@_ZNK7UCTNode14get_ravevisitsEv,0,0,0,0,0,0,0,0,0,0,0
function@_ZNK7UCTNode9do_extendEv,0,0,0,0,0,0,0,0,0,0,0
function@_ZN7UCTNode16uct_select_childEi,1,2,0,2,1,5,0.62963,1.01852,1.01852,0.314815,2.55556
function@_ZN7UCTNode5validEv,0,0,0,0,0,0,0,0,0,0,0
function@_ZN7UCTNode13sort_childrenEi,41,16,0,14,9,21,185.426,103.436,100.623,18.8747,72.3816
function@_ZSt13__stable_sortIN9__gnu_cxx17__normal_iteratorIPN5boost6tuples5tupleIiiP7UCTNodeNS3_9null_typeES7_S7_S7_S7_S7_S7_EESt6vectorIS8_SaIS8_EEEENS0_5__ops15_Iter_comp_iterI8NodeCompEEEvT_SI_T0_,7,2,0,2,6,14,3.90594,1.24937,1.25,3.75,34.8925
function@_ZSt21__inplace_stable_sortIN9__gnu_cxx17__normal_iteratorIPN5boost6tuples5tupleIiiP7UCTNodeNS3_9null_typeES7_S7_S7_S7_S7_S7_EESt6vectorIS8_SaIS8_EEEENS0_5__ops15_Iter_comp_iterI8NodeCompEEEvT_SI_T0_,2,5,0,3,2,6,1,3,2,1.5,3.5
function@_ZSt29__stable_sort_adaptive_resizeIN9__gnu_cxx17__normal_iteratorIPN5boost6tuples5tupleIiiP7UCTNodeNS3_9null_typeES7_S7_S7_S7_S7_S7_EESt6vectorIS8_SaIS8_EEEES9_lNS0_5__ops15_Iter_comp_iterI8NodeCompEEEvT_SI_T0_T1_T2_,0,2,0,1,0,5,0,1,1,0,5
function@_ZSt24__merge_sort_with_bufferIN9__gnu_cxx17__normal_iteratorIPN5boost6tuples5tupleIiiP7UCTNodeNS3_9null_typeES7_S7_S7_S7_S7_S7_EESt6vectorIS8_SaIS8_EEEES9_NS0_5__ops15_Iter_comp_iterI8NodeCompEEEvT_SI_T0_T1_,69,38,0,26,15,33,47454.8,19782.9,9049.81,8376.19,17760
function@_ZSt16__merge_adaptiveIN9__gnu_cxx17__normal_iteratorIPN5boost6tuples5tupleIiiP7UCTNodeNS3_9null_typeES7_S7_S7_S7_S7_S7_EESt6vectorIS8_SaIS8_EEEElS9_NS0_5__ops15_Iter_comp_iterI8NodeCompEEEvT_SI_SI_T0_SJ_T1_T2_,20,3,0,5,6,23,47.2481,6.33333,3.36434,18.3101,36.7442
function@_ZSt16__insertion_sortIN9__gnu_cxx17__normal_iteratorIPN5boost6tuples5tupleIiiP7UCTNodeNS3_9null_typeES7_S7_S7_S7_S7_S7_EESt6vectorIS8_SaIS8_EEEENS0_5__ops15_Iter_comp_iterI8NodeCompEEEvT_SI_T0_,14,1,0,4,1,10,61.1951,12.4634,31.439,12.7805,355.61
function@_ZSt12__move_mergeIN9__gnu_cxx17__normal_iteratorIPN5boost6tuples5tupleIiiP7UCTNodeNS3_9null_typeES7_S7_S7_S7_S7_S7_EESt6vectorIS8_SaIS8_EEEES9_NS0_5__ops15_Iter_comp_iterI8NodeCompEEET0_T_SJ_SJ_SJ_SI_T1_,13,11,0,9,14,9,18.125,47.2188,61.1875,10.25,44.6875
function@_ZSt12__move_mergeIPN5boost6tuples5tupleIiiP7UCTNodeNS1_9null_typeES5_S5_S5_S5_S5_S5_EEN9__gnu_cxx17__normal_iteratorIS7_St6vectorIS6_SaIS6_EEEENS8_5__ops15_Iter_comp_iterI8NodeCompEEET0_T_SJ_SJ_SJ_SI_T1_,26,10,0,7,11,13,152.156,23.25,7,48.5938,85.875
function@_ZSt30__move_merge_adaptive_backwardIN9__gnu_cxx17__normal_iteratorIPN5boost6tuples5tupleIiiP7UCTNodeNS3_9null_typeES7_S7_S7_S7_S7_S7_EESt6vectorIS8_SaIS8_EEEES9_SD_NS0_5__ops15_Iter_comp_iterI8NodeCompEEEvT_SI_T0_SJ_T1_T2_,26,4,0,13,7,11,110.935,13.0998,19.3979,15.9472,9.08216
function@_ZSt22__merge_without_bufferIN9__gnu_cxx17__normal_iteratorIPN5boost6tuples5tupleIiiP7UCTNodeNS3_9null_typeES7_S7_S7_S7_S7_S7_EESt6vectorIS8_SaIS8_EEEElNS0_5__ops15_Iter_comp_iterI8NodeCompEEEvT_SI_SI_T0_SJ_T1_,63,35,0,36,22,17,879.974,443.837,349.727,448.831,355.329
function@_ZNSt3_V28__rotateIN9__gnu_cxx17__normal_iteratorIPN5boost6tuples5tupleIiiP7UCTNodeNS4_9null_typeES8_S8_S8_S8_S8_S8_EESt6vectorIS9_SaIS9_EEEEEET_SF_SF_SF_St26random_access_iterator_tag,66,26,0,34,7,8,435.605,184.617,301.37,21.4691,134.235
function@_ZSt23__merge_adaptive_resizeIN9__gnu_cxx17__normal_iteratorIPN5boost6tuples5tupleIiiP7UCTNodeNS3_9null_typeES7_S7_S7_S7_S7_S7_EESt6vectorIS8_SaIS8_EEEElS9_NS0_5__ops15_Iter_comp_iterI8NodeCompEEEvT_SI_SI_T0_SJ_T1_SJ_T2_,49,43,0,38,21,17,1728.12,961.438,708,896.469,722
function@_ZSt17__rotate_adaptiveIN9__gnu_cxx17__normal_iteratorIPN5boost6tuples5tupleIiiP7UCTNodeNS3_9null_typeES7_S7_S7_S7_S7_S7_EESt6vectorIS8_SaIS8_EEEES9_lET_SE_SE_SE_T1_SF_T0_SF_,53,15,0,16,19,48,145.478,11.9044,14.6765,27.2132,48.5809
function@_ZN7UCTNode15get_first_childEv,0,0,0,0,0,0,0,0,0,0,0
function@_ZN7UCTNode11get_siblingEv,0,0,0,0,0,0,0,0,0,0,0
function@_ZN7UCTNode14get_pass_childEv,0,0,0,0,0,2,0,0,0,0,1.30769
function@_ZN7UCTNode16get_nopass_childEv,0,0,0,0,0,2,0,0,0,0,1.30769
function@_ZN7UCTNode10invalidateEv,0,0,0,0,0,0,0,0,0,0,0
function@_ZN7UCTNode10updateRAVEER7Playouti,0,0,0,0,0,0,0,0,0,0,0
function@_ZN3SMP5MutexC2Ev,0,0,0,0,0,0,0,0,0,0,0
function@_ZN3SMP4LockC2ERNS_5MutexE,0,0,0,0,0,0,0,0,0,0,0
function@_ZN3SMP4LockD2Ev,0,0,0,0,0,0,0,0,0,0,0
function@_ZN3SMP12get_num_cpusEv,0,0,0,0,0,0,0,0,0,0,0
function@_ZN12MCOwnerTable7get_MCOEv,0,0,0,0,0,5,0,0,0,0,2.125
function@_ZN12MCOwnerTableC2Ev,0,0,0,0,0,2,0,0,0,0,1
function@_ZNSt6vectorIiSaIiEE17_M_default_appendEm,4,5,0,3,1,5,1.40625,1.21094,1.5625,0.625,1.44531
function@_ZN12MCOwnerTable6updateERSt6bitsetILm441EE,8,2,0,4,4,3,214.75,62,95,125,96
function@_ZN12MCOwnerTable9get_scoreEii,0,0,0,0,0,0,0,0,0,0,0
function@_ZN12MCOwnerTable5clearEv,0,0,0,0,0,0,0,0,0,0,0
function@_ZN12MCOwnerTable9is_primedEv,0,0,0,0,0,0,0,0,0,0,0
function@_ZNSt7__cxx1112basic_stringIcSt11char_traitsIcESaIcEEC2IS3_EEPKcRKS3_,0,0,0,0,0,6,0,0,0,0,5.16666
function@__cxx_global_array_dtor,0,0,0,0,0,0,0,0,0,0,0
function@__clang_call_terminate,0,0,0,0,0,0,0,0,0,0,0
function@_ZN3GTP13get_life_listB5cxx11ER9GameStateb,29,15,0,11,9,37,4420.47,5347.82,2472.31,1384.22,4204.6
function@_ZNSt6vectorINSt7__cxx1112basic_stringIcSt11char_traitsIcESaIcEEESaIS5_EED2Ev,0,0,0,0,0,0,0,0,0,0,0
function@_ZSt16__introsort_loopIN9__gnu_cxx17__normal_iteratorIPNSt7__cxx1112basic_stringIcSt11char_traitsIcESaIcEEESt6vectorIS7_SaIS7_EEEElNS0_5__ops15_Iter_less_iterEEvT_SF_T0_T1_,13,15,0,8,4,10,42120.9,34563.3,766.182,24.6349,58324.3
function@_ZSt11__make_heapIN9__gnu_cxx17__normal_iteratorIPNSt7__cxx1112basic_stringIcSt11char_traitsIcESaIcEEESt6vectorIS7_SaIS7_EEEENS0_5__ops15_Iter_less_iterEEvT_SF_RT0_,10,3,0,7,3,1,48.4987,32.9991,34.9991,2,1.51396e-05
function@_ZSt10__pop_heapIN9__gnu_cxx17__normal_iteratorIPNSt7__cxx1112basic_stringIcSt11char_traitsIcESaIcEEESt6vectorIS7_SaIS7_EEEENS0_5__ops15_Iter_less_iterEEvT_SF_SF_RT0_,0,1,0,1,2,4,0,1,1,2,0.624876
function@_ZSt13__adjust_heapIN9__gnu_cxx17__normal_iteratorIPNSt7__cxx1112basic_stringIcSt11char_traitsIcESaIcEEESt6vectorIS7_SaIS7_EEEElS7_NS0_5__ops15_Iter_less_iterEEvT_T0_SG_T1_T2_,85,26,0,43,18,12,443.457,129.004,205.668,92.4375,76.3417
function@_ZSt11__push_heapIN9__gnu_cxx17__normal_iteratorIPNSt7__cxx1112basic_stringIcSt11char_traitsIcESaIcEEESt6vectorIS7_SaIS7_EEEElS7_NS0_5__ops14_Iter_less_valEEvT_T0_SG_T1_RT2_,39,11,0,13,4,13,142.238,52.6795,72.6723,27.0793,42.8868
function@_ZSt22__move_median_to_firstIN9__gnu_cxx17__normal_iteratorIPNSt7__cxx1112basic_stringIcSt11char_traitsIcESaIcEEESt6vectorIS7_SaIS7_EEEENS0_5__ops15_Iter_less_iterEEvT_SF_SF_SF_T0_,8,20,0,6,0,18,2.82143,6.75,4.60714,0,10.0357
function@_ZSt16__insertion_sortIN9__gnu_cxx17__normal_iteratorIPNSt7__cxx1112basic_stringIcSt11char_traitsIcESaIcEEESt6vectorIS7_SaIS7_EEEENS0_5__ops15_Iter_less_iterEEvT_SF_T0_,17,8,0,11,4,10,269.763,149.414,212.012,21.875,264.778
function@_ZSt25__unguarded_linear_insertIN9__gnu_cxx17__normal_iteratorIPNSt7__cxx1112basic_stringIcSt11char_traitsIcESaIcEEESt6vectorIS7_SaIS7_EEEENS0_5__ops14_Val_less_iterEEvT_T0_,14,5,0,7,0,9,114.818,64.7496,76.1094,0,150.785
function@_ZNSt6vectorINSt7__cxx1112basic_stringIcSt11char_traitsIcESaIcEEESaIS5_EE8_M_eraseEN9__gnu_cxx17__normal_iteratorIPS5_S7_EESB_,5,4,0,4,6,8,16.6504,16.6407,16.4063,1.89422,10.4694
function@_ZSt8__uniqueIN9__gnu_cxx17__normal_iteratorIPNSt7__cxx1112basic_stringIcSt11char_traitsIcESaIcEEESt6vectorIS7_SaIS7_EEEENS0_5__ops19_Iter_equal_to_iterEET_SF_SF_T0_,8,3,0,5,1,6,6.25966,4.79128,8.82431,0.513209,15.1174
function@_ZN3GTP7executeER9GameStateNSt7__cxx1112basic_stringIcSt11char_traitsIcESaIcEEE,13,3,0,92,6,31,46.1305,8.58292,39.6523,15.0364,65.8841
function@_ZSteqIcSt11char_traitsIcESaIcEEbRKNSt7__cxx1112basic_stringIT_T0_T1_EEPKS5_,0,0,0,0,0,1,0,0,0,0,0.5
function@_ZNSt8auto_ptrI9UCTSearchED2Ev,0,0,0,0,0,0,0,0,0,0,0
function@_ZN9GameStateaSEOS_,2,2,0,1,0,1,1.33333,2,1,0,1
function@_ZN9GameStateD2Ev,0,0,0,0,0,0,0,0,0,0,0
function@_ZNSt8auto_ptrI7SGFTreeED2Ev,0,0,0,0,0,0,0,0,0,0,0
function@_ZN9FastStateaSEOS_,0,0,0,0,0,1,0,0,0,0,1
function@_ZNSt8_Rb_treeINSt7__cxx1112basic_stringIcSt11char_traitsIcESaIcEEESt4pairIKS5_S5_ESt10_Select1stIS8_ESt4lessIS5_ESaIS8_EE8_M_eraseEPSt13_Rb_tree_nodeIS8_E,0,0,0,0,0,1,0,0,0,0,21.25
function@_ZSt8_DestroyI7SGFTreeEvPT_,0,0,0,0,0,0,0,0,0,0,0
function@_GLOBAL__sub_I_GTP.cpp,0,0,0,0,0,5,0,0,0,0,1
function@_ZN7Matcher11get_MatcherEv,0,0,0,0,0,3,0,0,0,0,1.375
function@_ZN7Matcher11set_MatcherEPS_,0,0,0,0,0,0,0,0,0,0,0
function@_ZN5boost5arrayISt6vectorIhSaIhEELm2EED2Ev,0,0,0,0,0,0,0,0,0,0,0
function@__clang_call_terminate,0,0,0,0,0,0,0,0,0,0,0
function@_ZN7MatcherC2Ev,19,16,0,12,4,24,504.708,377.283,135.922,65.9626,4158.6
function@_ZNSt3mapIifSt4lessIiESaISt4pairIKifEEE6insertIRS2_IifEEENSt9enable_ifIXsr16is_constructibleIS4_T_EE5valueES2_ISt17_Rb_tree_iteratorIS4_EbEE4typeEOSB_,1,1,0,1,0,10,0.251465,0.804687,0.804687,0,6.35644
function@_ZN7Matcher4clipEi,0,0,0,0,0,0,0,0,0,0,0
function@_ZNSt3mapIifSt4lessIiESaISt4pairIKifEEED2Ev,0,0,0,0,0,0,0,0,0,0,0
function@_ZNSt6vectorIhSaIhEE17_M_default_appendEm,5,7,0,3,2,7,1.44531,2.14844,1.13281,0.429687,2.38281
function@_ZNSt8_Rb_treeIiSt4pairIKifESt10_Select1stIS2_ESt4lessIiESaIS2_EE29_M_get_insert_hint_unique_posESt23_Rb_tree_const_iteratorIS2_ERS1_,7,2,0,13,4,14,1.56063,0.146457,1.23622,0.47874,9.86772
function@_ZNSt8_Rb_treeIiSt4pairIKifESt10_Select1stIS2_ESt4lessIiESaIS2_EE8_M_eraseEPSt13_Rb_tree_nodeIS2_E,0,0,0,0,0,1,0,0,0,0,21.25
function@_ZN7Matcher7matchesEii,0,0,0,0,0,0,0,0,0,0,0
function@_ZN7PlayoutC2Ev,0,0,0,0,0,0,0,0,0,0,0
function@_ZN7Playout9get_scoreEv,0,0,0,0,0,0,0,0,0,0,0
function@_ZN7Playout15set_final_scoreEf,0,0,0,0,0,0,0,0,0,0,0
function@_ZN7Playout3runER9FastStateb,5,15,0,9,0,15,5,699.111,13.8153,0,1705.41
function@_ZN7Playout11passthroughEii,0,0,0,0,0,2,0,0,0,0,1.61905
function@_ZN7Playout20do_playout_benchmarkER9GameState,5,0,0,5,0,5,67,0,67,0,664.111
function@_ZN7Playout8mc_ownerER9FastStatei,5,1,0,5,4,6,60.895,0.618794,3.36569,60.0293,84.1638
function@main,8,0,0,17,2,14,4.02024e-05,0,5.96045e-06,3.41302e-05,1.00221
function@_ZN9GameStateC2Ev,0,0,0,0,0,1,0,0,0,0,9.53674e-07
function@_ZN9GameStateaSEOS_,2,2,0,1,0,1,1.33333,2,1,0,1
function@_ZN9GameStateD2Ev,0,0,0,0,0,0,0,0,0,0,0
function@_ZNSt8auto_ptrI9UCTSearchED2Ev,0,0,0,0,0,0,0,0,0,0,0
function@_ZNSt8auto_ptrI7SGFTreeED2Ev,0,0,0,0,0,0,0,0,0,0,0
function@_ZNSt8auto_ptrI9GameStateED2Ev,0,0,0,0,0,0,0,0,0,0,0
function@__clang_call_terminate,0,0,0,0,0,0,0,0,0,0,0
function@_ZNSt6vectorI7KoStateSaIS0_EED2Ev,0,0,0,0,0,0,0,0,0,0,0
function@_ZN7KoStateD2Ev,0,0,0,0,0,0,0,0,0,0,0
function@_ZN9FastStateaSEOS_,0,0,0,0,0,1,0,0,0,0,1
function@_ZNSt8_Rb_treeINSt7__cxx1112basic_stringIcSt11char_traitsIcESaIcEEESt4pairIKS5_S5_ESt10_Select1stIS8_ESt4lessIS5_ESaIS8_EE8_M_eraseEPSt13_Rb_tree_nodeIS8_E,0,0,0,0,0,1,0,0,0,0,21.25
function@_ZSt8_DestroyI7SGFTreeEvPT_,0,0,0,0,0,0,0,0,0,0,0
function@_ZN9UCTSearchC2ER9GameState,0,0,0,0,0,0,0,0,0,0,0
function@_ZN9UCTSearch11set_runflagEPb,0,0,0,0,0,0,0,0,0,0,0
function@_ZN9UCTSearch15play_simulationER7KoStateP7UCTNode,0,5,0,2,0,3,0,3.75,2,0,1.875
function@_ZN9UCTSearch10dump_statsER9GameStateR7UCTNode,31,6,0,13,4,23,58.6437,14.727,18.1641,4.57117,15.1007
function@_ZN9UCTSearch6get_pvB5cxx11ER9GameStateR7UCTNode,3,4,0,3,0,10,0.583333,0.583334,0.75,0,2.29167
function@_ZN9GameStateD2Ev,0,0,0,0,0,0,0,0,0,0,0
function@__clang_call_terminate,0,0,0,0,0,0,0,0,0,0,0
function@_ZNSt20__uninitialized_copyILb0EE13__uninit_copyIN9__gnu_cxx17__normal_iteratorIPK7KoStateSt6vectorIS4_SaIS4_EEEEPS4_EET0_T_SD_SC_,0,0,0,0,0,2,0,0,0,0,1
function@_ZN7KoStateC2ERKS_,7,3,0,4,5,11,5.99656,0.00149831,3.62273,4.62367,4.87466
function@_ZN7KoStateD2Ev,0,0,0,0,0,0,0,0,0,0,0
function@_ZN9UCTSearch13get_best_moveEi,2,3,0,5,0,8,0.714602,0.464602,1.51549,0,2.75664
function@_ZN9UCTSearch13dump_analysisEv,5,0,0,2,2,8,4.24938,0,2,2,3.62437
function@_ZN9UCTSearch10is_runningEv,0,0,0,0,0,0,0,0,0,0,0
function@_ZN9UCTWorkerclEv,0,0,0,0,0,1,0,0,0,0,3.03984e-05
function@_ZN9UCTSearch9get_scoreEv,0,0,0,0,0,0,0,0,0,0,0
function@_ZN9UCTSearch5thinkEii,2,2,0,2,2,6,1.75391,56.122,1.75391,1.75391,29.9379
function@_ZN9UCTSearch6ponderEv,0,0,0,0,0,2,0,0,0,0,1
function@_ZN9UCTSearch15set_visit_limitEi,0,0,0,0,0,0,0,0,0,0,0
function@_ZN9UCTSearch13set_analyzingEb,0,0,0,0,0,0,0,0,0,0,0
function@_ZN9UCTSearch9set_quietEb,0,0,0,0,0,0,0,0,0,0,0
function@_ZN7KoState9init_gameEif,34,4,0,10,4,10,12.3437,1.5,5.96875,1.5,3.75
function@_ZN7KoState10legal_moveEi,11,5,0,8,10,12,2.66167,1.56497,2.55474,0.890139,3.8343
function@_ZN7KoStateC2ERKS_,7,3,0,4,5,11,5.99656,0.00149831,3.62273,4.62367,4.87466
function@_ZN7KoState9play_moveEi,0,0,0,0,0,0,0,0,0,0,0
function@_ZN7KoState7superkoEv,10,4,0,7,10,10,10.0467,5.27103,9.62617,3.53271,11.3738
function@_ZN7KoStateD2Ev,0,0,0,0,0,0,0,0,0,0,0
function@_ZN7KoState7superkoEy,4,4,0,5,1,21,1.07477,2.35514,3.52336,0.261682,17.8972
function@_ZN7KoState10reset_gameEv,34,4,0,10,4,10,12.3437,1.5,5.96875,1.5,3.75
function@_ZN7KoState9play_passEv,24,4,0,6,4,10,7.59374,1.5,1.96875,1.5,3.75
function@_ZN7KoState9play_moveEii,32,4,0,8,8,4,5.29687,0.749999,1.35937,1.5,0.749999
function@_ZN5Utils17input_causes_stopEv,0,0,0,0,0,0,0,0,0,0,0
function@_ZN5Utils13input_pendingEv,0,0,0,0,0,0,0,0,0,0,0
function@_ZN5Utils8myprintfEPKcz,0,0,0,0,0,0,0,0,0,0,0
function@_ZN5Utils10gtp_printfEiPKcz,0,0,0,0,0,0,0,0,0,0,0
function@_ZN5Utils15gtp_fail_printfEiPKcz,0,0,0,0,0,0,0,0,0,0,0
function@_ZN6Random7get_RngEv,0,0,0,0,0,0,0,0,0,0,0
function@_ZN6RandomC2Ei,0,0,0,0,0,0,0,0,0,0,0
function@_ZN6Random10seedrandomEj,0,0,0,0,0,0,0,0,0,0,0
function@_ZN6Random7randintEt,0,0,0,0,0,3,0,0,0,0,3
function@_ZN6Random6randomEv,0,0,0,0,0,2,0,0,0,0,2
function@_ZN9FastBoard13get_boardsizeEv,0,0,0,0,0,0,0,0,0,0,0
function@_ZN9FastBoard10get_vertexEii,0,0,0,0,0,0,0,0,0,0,0
function@_ZN9FastBoard10get_squareEi,0,0,0,0,0,0,0,0,0,0,0
function@_ZN9FastBoard10set_squareEiNS_8square_tE,0,0,0,0,0,0,0,0,0,0,0
function@_ZN9FastBoard10get_squareEii,0,0,0,0,0,0,0,0,0,0,0
function@_ZN9FastBoard10set_squareEiiNS_8square_tE,0,0,0,0,0,0,0,0,0,0,0
function@_ZN9FastBoard11reset_boardEi,24,11,0,12,8,19,1704.88,842.36,1025.2,237.44,896.2
function@_ZN9FastBoard10is_suicideEii,5,19,0,13,2,3,0.0923754,0.329912,0.268328,0.0439883,1.02639
function@_ZN9FastBoard16count_plibertiesEi,0,0,0,0,0,0,0,0,0,0,0
function@_ZN9FastBoard13add_neighbourEii,1,2,0,1,0,0,1,1.5,1,0,0
function@_ZN9FastBoard16remove_neighbourEii,1,2,0,1,0,0,1,1.5,1,0,0
function@_ZN9FastBoard16count_neighboursEii,0,0,0,0,0,0,0,0,0,0,0
function@_ZN9FastBoard15fast_ss_suicideEii,0,0,0,0,0,1,0,0,0,0,1
function@_ZN9FastBoard18remove_string_fastEi,0,0,0,0,0,1,0,0,0,0,1
function@_ZN9FastBoard16calc_reach_colorEi,57,35,0,19,16,61,29946.5,14928.3,2992.76,7796.16,27817.5
function@_ZNSt6vectorIbSaIbEEaSERKS1_,32,16,0,19,7,13,252.552,80.0784,104.044,26.9925,15.8599
function@_ZN9FastBoard21percentual_area_scoreEf,0,0,0,0,0,0,0,0,0,0,0
function@_ZN9FastBoard10area_scoreEf,15,7,0,11,6,10,4892.25,1702.23,1234.87,1960.62,3841.48
function@_ZN9FastBoard17estimate_mc_scoreEf,0,0,0,0,0,0,0,0,0,0,0
function@_ZN9FastBoard14final_mc_scoreEf,1,4,0,2,1,4,0.294118,12.2353,1.29412,0.294118,30.3529
function@_ZN9FastBoard11remove_deadEv,5,6,0,2,1,4,2.99956,3.9995,1.62468,1,2.62543
function@_ZN9FastBoard9influenceEv,0,0,0,0,0,3,0,0,0,0,0.999999
function@_ZN9FastBoard9run_bouzyEii,24,17,0,12,6,15,902.847,134.124,87.8741,22.4993,1654.93
function@_ZN9FastBoard4moyoEv,0,0,0,0,0,3,0,0,0,0,0.999999
function@_ZN9FastBoard4areaEv,0,0,0,0,0,3,0,0,0,0,0.999999
function@_ZNSt6vectorIiSaIiEEaSERKS1_,12,12,0,5,1,8,1.56277,3.16319,2.03118,0.625001,3.12469
function@_ZN9FastBoard11display_mapESt6vectorIiSaIiEE,0,0,0,0,0,1,0,0,0,0,0.666667
function@_ZN9FastBoard4evalEf,11,9,0,9,8,3,2571.25,722.234,1922.62,1621.25,341
function@_ZN9FastBoard13display_boardEi,24,22,0,14,9,4,870.1,867.775,28.475,8.325,164.95
function@_ZN9FastBoard9starpointEiii,0,3,0,1,0,5,0,1.45161,0.483871,0,3.19355
function@_ZN9FastBoard17display_libertiesEi,29,40,0,18,17,6,667,2484.68,56.2941,30.7941,307.765
function@_ZN9FastBoard13merge_stringsEii,6,4,0,2,0,0,80,8,2,0,0
function@_ZN9FastBoard16update_board_eyeEii,15,3,0,2,14,2,2400,608,44,1286,13
function@_ZN9FastBoard17update_board_fastEii,22,25,0,3,1,4,5.70821,18.2317,2.3739,0.3739,0.134897
function@_ZN9FastBoard6is_eyeEii,0,0,0,0,0,3,0,0,0,0,2.25
function@_ZN9FastBoard17predict_solid_eyeEiii,12,7,0,7,2,1,0.164061,0.0976554,0.109374,0.0273435,0.999999
function@_ZN9FastBoard11no_eye_fillEi,0,0,0,0,0,3,0,0,0,0,2.25
function@_ZN9FastBoard12move_to_textB5cxx11Ei,0,0,0,0,0,6,0,0,0,0,4
function@_ZN9FastBoard16move_to_text_sgfB5cxx11Ei,0,0,0,0,0,5,0,0,0,0,3
function@_ZN9FastBoard9starpointEii,0,3,0,1,0,5,0,1.45161,0.483871,0,3.19355
function@_ZN9FastBoard13get_prisonersEi,0,0,0,0,0,0,0,0,0,0,0
function@_ZN9FastBoard13black_to_moveEv,0,0,0,0,0,0,0,0,0,0,0
function@_ZN9FastBoard11get_to_moveEv,0,0,0,0,0,0,0,0,0,0,0
function@_ZN9FastBoard11get_groupidEi,0,0,0,0,0,0,0,0,0,0,0
function@_ZN9FastBoard17get_string_stonesEi,14,6,0,5,2,9,119.873,91.9982,57.6239,12.9998,67.4987
function@_ZN9FastBoard10get_stringB5cxx11Ei,1,1,0,1,0,9,1,0.000153519,1,0,64.9905
function@_ZN9FastBoard13fast_in_atariEi,0,0,0,0,0,0,0,0,0,0,0
function@_ZN9FastBoard8in_atariEi,0,0,0,0,0,0,0,0,0,0,0
function@_ZN9FastBoard15kill_neighboursEiRN5boost5arrayIiLm24EEERi,37,12,0,17,6,4,520.215,100,123.5,21.5,19.5
function@_ZN9FastBoard11saving_sizeEii,15,3,0,9,1,1,10.9882,5.92941,4.03529,0.670588,0.164706
function@_ZN9FastBoard10self_atariEii,10,11,0,8,4,6,0.740764,0.7267,1.03308,0.329956,1.17037
function@_ZN9FastBoard11string_sizeEi,0,0,0,0,0,0,0,0,0,0,0
function@_ZN9FastBoard24save_critical_neighboursEiiRN5boost5arrayIiLm24EEERi,22,9,0,10,8,3,124.667,42.3124,33.9374,41.0624,41.4999
function@_ZN9FastBoard7get_dirEi,0,0,0,0,0,0,0,0,0,0,0
function@_ZN9FastBoard13get_extra_dirEi,0,0,0,0,0,0,0,0,0,0,0
function@_ZN9FastBoard15kill_or_connectEii,0,0,0,0,0,1,0,0,0,0,1
function@_ZN9FastBoard20add_string_libertiesILi3EEEviRN5boost5arrayIiXT_EEERi,0,0,0,0,0,4,0,0,0,0,213.375
function@_ZN9FastBoard16get_pattern_fastEi,0,0,0,0,0,0,0,0,0,0,0
function@_ZN9FastBoard24get_pattern_fast_augmentEi,4,6,0,8,11,2,4,6,8,11,2
function@_ZN9FastBoard12get_pattern3Eib,59,29,0,40,38,5,55,29,36,38,5
function@_ZN9FastBoard20get_pattern3_augmentEib,27,20,0,24,8,6,16.9825,24.9825,18,6,6
function@_ZN9FastBoard25get_pattern3_augment_specEiib,80,48,0,58,61,5,76,48,54,61,5
function@_ZN9FastBoard12get_pattern4Eib,15,18,0,21,3,2,11,18,15.5,3,1.5
function@_ZN9FastBoard12get_pattern5Eibb,394,127,0,166,227,3,382,126.5,148.5,218.5,2
function@_ZN9FastBoard17add_pattern_movesEiiRN5boost5arrayIiLm24EEERi,0,0,0,0,0,0,0,0,0,0,0
function@_ZN9FastBoard19add_global_capturesEiRN5boost5arrayIiLm24EEERi,13,4,0,5,2,2,50.65,12.8,7.55,1.2,40.9
function@_ZN9FastBoard11try_captureEiiRN5boost5arrayIiLm24EEERi,0,0,0,0,0,1,0,0,0,0,0.305785
function@_ZN9FastBoard12capture_sizeEii,0,0,0,0,0,2,0,0,0,0,1.61667
function@_ZN9FastBoard14get_stone_listB5cxx11Ev,1,1,0,1,0,8,1,0.000953155,1,0,399.38
function@_ZN9FastBoard6get_xyEi,0,0,0,0,0,2,0,0,0,0,2
function@_ZN9FastBoard18minimum_elib_countEii,0,0,0,0,0,1,0,0,0,0,0.5
function@_ZN9FastBoard15nbr_criticalityEii,0,0,0,0,0,1,0,0,0,0,0.999999
function@_ZN9FastBoard16count_rlibertiesEi,0,0,0,0,0,0,0,0,0,0,0
function@_ZN9FastBoard19check_losing_ladderEiii,15,8,0,7,8,15,6.2827,0.123906,1.82876,1.35267,4.36851
function@_ZN9FastBoard20add_string_libertiesILi2EEEviRN5boost5arrayIiXT_EEERi,0,0,0,0,0,4,0,0,0,0,213.375
function@_ZN9FastBoard18merged_string_sizeEii,0,0,0,0,0,1,0,0,0,0,0.999999
function@_ZN9FastBoard17get_neighbour_idsEi,59,10,0,23,18,17,27.7404,2.74901,8.38516,7.16902,31.5115
function@_ZN9FastBoard16predict_is_aliveEii,49,13,0,26,12,35,541,55.5,191.333,72.0833,359.5
function@_ZN9FastBoard9get_emptyEv,0,0,0,0,0,0,0,0,0,0,0
function@_ZN9FastBoard13augment_chainERSt6vectorIiSaIiEEi,81,36,0,20,21,39,4294.3,1517.63,1024.47,1726.95,1828.68
function@_ZN9FastBoard20get_augmented_stringEi,3,4,0,2,0,6,20.8582,2.375,1,0,40.9976
function@_ZNSt11__copy_moveILb0ELb0ESt26random_access_iterator_tagE8__copy_mIPiSt20back_insert_iteratorISt6vectorIiSaIiEEEEET0_T_SA_S9_,21,7,0,9,8,5,145.748,83.4991,66.0618,28.5622,33.7496
function@_ZN9FastBoard16dilate_libertiesERSt6vectorIiSaIiEE,47,26,0,19,14,27,313.488,129.995,87.8717,46.2483,76.8721
function@_ZN9FastBoard18get_nearby_enemiesERSt6vectorIiSaIiEE,73,35,0,24,36,20,4106.54,1481.66,1331.17,511.01,1358.6
function@_ZSt16__introsort_loopIN9__gnu_cxx17__normal_iteratorIPiSt6vectorIiSaIiEEEElNS0_5__ops15_Iter_less_iterEEvT_S9_T0_T1_,19,11,0,13,13,12,188.127,269.227,204.921,203.175,814.186
function@_ZSt22__final_insertion_sortIN9__gnu_cxx17__normal_iteratorIPiSt6vectorIiSaIiEEEENS0_5__ops15_Iter_less_iterEEvT_S9_T0_,9,3,0,5,2,11,67.502,18.496,34,10.5,62.002
function@_ZSt11__make_heapIN9__gnu_cxx17__normal_iteratorIPiSt6vectorIiSaIiEEEENS0_5__ops15_Iter_less_iterEEvT_S9_RT0_,34,16,0,10,16,22,231.781,763.562,19.9375,38.125,1466.03
function@_ZN9FastBoard12predict_killEii,0,0,0,0,0,0,0,0,0,0,0
function@_ZN9GameState9init_gameEif,0,0,0,0,0,1,0,0,0,0,0.625
function@__clang_call_terminate,0,0,0,0,0,0,0,0,0,0,0
function@_ZNSt6vectorI7KoStateSaIS0_EE17_M_realloc_insertIJRKS0_EEEvN9__gnu_cxx17__normal_iteratorIPS0_S2_EEDpOT_,9,10,0,5,3,9,7.87499,8.62499,4.625,3,7.625
function@_ZN7KoStateC2ERKS_,7,3,0,4,5,11,5.99656,0.00149831,3.62273,4.62367,4.87466
function@_ZN9GameState10reset_gameEv,0,0,0,0,0,1,0,0,0,0,0.625
function@_ZN9GameState12forward_moveEv,4,2,0,2,1,1,2.5,2,1.5,1,1
function@_ZN9FastStateaSERKS_,0,0,0,0,0,1,0,0,0,0,1
function@_ZNSt6vectorIySaIyEEaSERKS1_,12,12,0,5,1,8,1.56277,3.16319,2.03118,0.625001,3.12469
function@_ZNSt6vectorIiSaIiEEaSERKS1_,12,12,0,5,1,8,1.56277,3.16319,2.03118,0.625001,3.12469
function@_ZN9GameState9undo_moveEv,0,0,0,0,0,0,0,0,0,0,0
function@_ZN9GameState6rewindEv,0,0,0,0,0,0,0,0,0,0,0
function@_ZN9GameState9play_moveEi,0,0,0,0,0,0,0,0,0,0,0
function@_ZN9GameState9play_moveEii,0,2,0,1,0,7,0,0.858824,1,0,4.49412
function@_ZN9GameState9play_passEv,0,0,0,0,0,0,0,0,0,0,0
function@_ZNSt6vectorI7KoStateSaIS0_EE17_M_default_appendEm,7,11,0,6,1,5,2.38281,9.99999,2.5,0.3125,1.95312
function@_ZN9GameState13play_textmoveENSt7__cxx1112basic_stringIcSt11char_traitsIcESaIcEEES5_,4,5,0,2,5,11,0.452555,0.520101,0.432292,0.900879,4.20027
function@_ZN9GameState10stop_clockEi,0,0,0,0,0,0,0,0,0,0,0
function@_ZN9GameState11start_clockEi,0,0,0,0,0,0,0,0,0,0,0
function@_ZN9GameState13display_stateEv,0,0,0,0,0,0,0,0,0,0,0
function@_ZN9GameState15get_timecontrolEv,0,0,0,0,0,0,0,0,0,0,0
function@_ZN9GameState15set_timecontrolEiii,0,0,0,0,0,0,0,0,0,0,0
function@_ZN9GameState15set_timecontrolE11TimeControl,0,0,0,0,0,0,0,0,0,0,0
function@_ZN9GameState11adjust_timeEiii,0,0,0,0,0,0,0,0,0,0,0
function@_ZN9GameState19anchor_game_historyEv,0,0,0,0,0,1,0,0,0,0,0.619048
function@_ZN9GameState18set_fixed_handicapEi,0,6,0,1,3,4,0,0.152344,0.0625,0.1875,2.5
function@_ZN9GameState14valid_handicapEi,0,0,0,0,0,1,0,0,0,0,1
function@_ZN9GameState19place_free_handicapEi,0,0,0,0,0,7,0,0,0,0,42.9965
function@_ZNSt8auto_ptrI9UCTSearchED2Ev,0,0,0,0,0,0,0,0,0,0,0
function@_ZN9FastState9init_gameEif,0,0,0,0,0,0,0,0,0,0,0
function@_ZN9FastState8set_komiEf,0,0,0,0,0,0,0,0,0,0,0
function@_ZN9FastState10reset_gameEv,0,0,0,0,0,0,0,0,0,0,0
function@_ZN9FastState11reset_boardEv,0,0,0,0,0,0,0,0,0,0,0
function@_ZN9FastState16play_random_moveEv,0,0,0,0,0,0,0,0,0,0,0
function@_ZN9FastState16play_random_moveEi,23,19,0,13,8,26,11.6636,10.9055,5.70456,1.17158,20.7059
function@_ZN9FastState14generate_movesEi,42,10,0,11,17,16,84.6877,16.8278,31.515,23.0777,82.4572
function@_ZN9FastState8try_moveEiib,0,0,0,0,0,1,0,0,0,0,1
function@_ZN9FastState15walk_empty_listEiib,2,0,0,2,2,13,7.80037,0,0.283582,0.283582,60.0951
function@_ZN9FastState14play_move_fastEi,0,0,0,0,0,1,0,0,0,0,1
function@_ZN9FastState16increment_passesEv,0,0,0,0,0,0,0,0,0,0,0
function@_ZN9FastState10set_passesEi,0,0,0,0,0,0,0,0,0,0,0
function@_ZN9FastState9play_passEv,0,0,0,0,0,0,0,0,0,0,0
function@_ZN9FastState10get_passesEv,0,0,0,0,0,0,0,0,0,0,0
function@_ZN9FastState9play_moveEi,0,0,0,0,0,0,0,0,0,0,0
function@_ZN9FastState9play_moveEii,0,0,0,0,0,0,0,0,0,0,0
function@_ZN9FastState11get_movenumEv,0,0,0,0,0,0,0,0,0,0,0
function@_ZN9FastState17estimate_mc_scoreEv,0,0,0,0,0,0,0,0,0,0,0
function@_ZN9FastState18calculate_mc_scoreEv,0,0,0,0,0,0,0,0,0,0,0
function@_ZN9FastState21percentual_area_scoreEv,0,0,0,0,0,0,0,0,0,0,0
function@_ZN9FastState13get_last_moveEv,0,0,0,0,0,0,0,0,0,0,0
function@_ZN9FastState17get_prevlast_moveEv,0,0,0,0,0,0,0,0,0,0,0
function@_ZN9FastState11get_to_moveEv,0,0,0,0,0,0,0,0,0,0,0
function@_ZN9FastState11set_to_moveEi,0,0,0,0,0,0,0,0,0,0,0
function@_ZN9FastState13display_stateEv,0,0,0,0,0,1,0,0,0,0,1
function@_ZN9FastState12move_to_textB5cxx11Ei,0,0,0,0,0,1,0,0,0,0,1
function@_ZN9FastState9mark_deadEv,16,2,0,4,4,24,15801.6,56.617,4,57.617,57518.9
function@_ZN9FastState15final_score_mapEv,15,16,0,8,15,34,7151.85,3983.05,961.332,2043.68,11514.9
function@_ZNSt6vectorIiSaIiEE17_M_default_appendEm,4,5,0,3,1,5,1.40625,1.21094,1.5625,0.625,1.44531
function@_ZN9FastState11final_scoreEv,4,6,0,2,4,18,2875.78,1022.71,1.99691,1021.08,6711.7
function@_ZN9FastState8get_komiEv,0,0,0,0,0,0,0,0,0,0,0
function@_ZN9FastState12get_handicapEv,0,0,0,0,0,0,0,0,0,0,0
function@_ZN9FastState12set_handicapEi,0,0,0,0,0,0,0,0,0,0,0
function@_ZN9FastState10get_komoveEv,0,0,0,0,0,0,0,0,0,0,0
function@_ZN9FullBoard13remove_stringEi,2,1,0,1,2,0,32.875,31.875,1,32.875,0
function@_ZN9FullBoard12calc_ko_hashEv,1,4,0,2,1,4,0.294118,12.2353,1.29412,0.294118,22.0392
function@_ZN9FullBoard9calc_hashEv,1,3,0,1,0,4,0.294118,2.21569,1,0,22.0392
function@_ZN9FullBoard8get_hashEv,0,0,0,0,0,1,0,0,0,0,1
function@_ZN9FullBoard11get_ko_hashEv,0,0,0,0,0,1,0,0,0,0,1
function@_ZN9FullBoard12update_boardEii,12,7,0,5,10,1,526.857,457.952,230.476,492.429,6.04762
function@_ZN9FullBoard13display_boardEi,0,0,0,0,0,0,0,0,0,0,0
function@_ZN9FullBoard11reset_boardEi,10,6,0,7,2,6,22.9412,4.5098,21.3137,2,42.0784
function@_ZN9FullBoard15predict_ko_hashEii,107,39,0,38,39,53,52.478,35.2279,34.5294,26.2132,73.1691
function@_ZN6TTable6get_TTEv,0,0,0,0,0,5,0,0,0,0,2.125
function@_ZN6TTableC2Ei,0,0,0,0,0,5,0,0,0,0,4
function@_ZNSt6vectorI7TTEntrySaIS0_EE17_M_default_appendEm,2,7,0,2,3,8,0.507812,2.38281,1.625,0.9375,2.46094
function@_ZN6TTable6updateEyPK7UCTNode,0,0,0,0,0,3,0,0,0,0,2
function@_ZN6TTable4syncEyP7UCTNode,0,0,0,0,0,2,0,0,0,0,1
function@_ZN7TTEntryC2Ev,0,0,0,0,0,0,0,0,0,0,0
function@_ZN7Zobrist12init_zobristER6Random,0,0,0,0,0,17,0,0,0,0,387.5
function@_ZN7SGFTreeC2Ev,0,0,0,0,0,0,0,0,0,0,0
function@__clang_call_terminate,0,0,0,0,0,0,0,0,0,0,0
function@_ZN7SGFTree9get_stateEv,0,0,0,0,0,0,0,0,0,0,0
function@_ZN7SGFTree9get_childEj,0,0,0,0,0,1,0,0,0,0,1
function@_ZN7SGFTree12get_mainlineEj,0,0,0,0,0,8,0,0,0,0,73.9978
function@_ZN7SGFTree8get_moveEi,12,11,0,8,2,22,24.6365,48.2863,13.6013,1.23804,95.1496
function@_ZN9GameStateD2Ev,0,0,0,0,0,0,0,0,0,0,0
function@_ZNSt6vectorI7KoStateSaIS0_EED2Ev,0,0,0,0,0,0,0,0,0,0,0
function@_ZN7KoStateD2Ev,0,0,0,0,0,0,0,0,0,0,0
function@_ZN9FastStateaSERKS_,0,0,0,0,0,1,0,0,0,0,1
function@_ZNSt6vectorIySaIyEEaSERKS1_,12,12,0,5,1,8,1.56277,3.16319,2.03118,0.625001,3.12469
function@_ZNSt6vectorIiSaIiEEaSERKS1_,12,12,0,5,1,8,1.56277,3.16319,2.03118,0.625001,3.12469
function@_ZN7SGFTree23get_state_from_mainlineEj,0,0,0,0,0,2,0,0,0,0,16.9677
function@_ZN7SGFTree20count_mainline_movesEv,0,0,0,0,0,2,0,0,0,0,33
function@_ZN7SGFTree16load_from_stringENSt7__cxx1112basic_stringIcSt11char_traitsIcESaIcEEE,0,0,0,0,0,1,0,0,0,0,2.74181e-06
function@_ZN7SGFTree15populate_statesEv,20,17,0,10,0,66,7.5585,68.2909,26.2655,0,519.627
function@_ZN7SGFTree14load_from_fileENSt7__cxx1112basic_stringIcSt11char_traitsIcESaIcEEEi,0,0,0,0,0,14,0,0,0,0,7.66667
function@_ZN7SGFTree16string_to_vertexENSt7__cxx1112basic_stringIcSt11char_traitsIcESaIcEEE,0,0,0,0,0,2,0,0,0,0,0.566407
function@_ZN7SGFTree10apply_moveEii,0,0,0,0,0,1,0,0,0,0,5.96047e-07
function@_ZN7SGFTree9set_stateER7KoState,0,0,0,0,0,0,0,0,0,0,0
function@_ZN7SGFTree10apply_moveEi,0,0,0,0,0,2,0,0,0,0,1
function@_ZNSt8_Rb_treeINSt7__cxx1112basic_stringIcSt11char_traitsIcESaIcEEESt4pairIKS5_S5_ESt10_Select1stIS8_ESt4lessIS5_ESaIS8_EE11equal_rangeERS7_,21,21,0,10,4,17,93.7525,125.594,39.9406,6.11881,78.396
function@_ZN7SGFTree12add_propertyENSt7__cxx1112basic_stringIcSt11char_traitsIcESaIcEEES5_,0,0,0,0,0,1,0,0,0,0,9.53673e-07
function@_ZNSt4pairINSt7__cxx1112basic_stringIcSt11char_traitsIcESaIcEEES5_ED2Ev,0,0,0,0,0,0,0,0,0,0,0
function@_ZNSt8_Rb_treeINSt7__cxx1112basic_stringIcSt11char_traitsIcESaIcEEESt4pairIKS5_S5_ESt10_Select1stIS8_ESt4lessIS5_ESaIS8_EE16_M_emplace_equalIJS6_IS5_S5_EEEESt17_Rb_tree_iteratorIS8_EDpOT_,26,19,0,18,5,8,61.0606,93.5152,40.0606,1.24242,95.9697
function@_ZNSt4pairINSt7__cxx1112basic_stringIcSt11char_traitsIcESaIcEEES5_EC2IRS5_S8_Lb1EEEOT_OT0_,3,2,0,2,0,9,2.33333,0.333334,2,0,6.33333
function@_ZN7SGFTree9add_childES_,0,1,0,1,0,2,0,0.46875,1,0,1.46875
function@_ZSt19__relocate_object_aI7SGFTreeS0_SaIS0_EEvPT_PT0_RT1_,0,0,0,0,0,2,0,0,0,0,1
function@_ZNSt6vectorI7SGFTreeSaIS0_EED2Ev,0,0,0,0,0,0,0,0,0,0,0
function@_ZNSt8_Rb_treeINSt7__cxx1112basic_stringIcSt11char_traitsIcESaIcEEESt4pairIKS5_S5_ESt10_Select1stIS8_ESt4lessIS5_ESaIS8_EE8_M_eraseEPSt13_Rb_tree_nodeIS8_E,0,0,0,0,0,1,0,0,0,0,21.25
function@_ZSt8_DestroyI7SGFTreeEvPT_,0,0,0,0,0,0,0,0,0,0,0
function@_ZNSt6vectorI7SGFTreeSaIS0_EE17_M_realloc_insertIJRKS0_EEEvN9__gnu_cxx17__normal_iteratorIPS0_S2_EEDpOT_,9,10,0,5,3,9,7.87499,8.62499,4.625,3,7.625
function@_ZN7SGFTreeC2ERKS_,0,2,0,1,0,10,0,1.62469,1,0,43.4868
function@_ZN7KoStateC2ERKS_,7,3,0,4,5,11,5.99656,0.00149831,3.62273,4.62367,4.87466
function@_ZSt16__do_uninit_copyIN9__gnu_cxx17__normal_iteratorIPK7SGFTreeSt6vectorIS2_SaIS2_EEEEPS2_ET0_T_SB_SA_,10,9,0,6,3,15,170.807,136.144,100.025,59.4127,843.507
function@_ZNSt8_Rb_treeINSt7__cxx1112basic_stringIcSt11char_traitsIcESaIcEEESt4pairIKS5_S5_ESt10_Select1stIS8_ESt4lessIS5_ESaIS8_EE7_M_copyILb0ENSE_11_Alloc_nodeEEEPSt13_Rb_tree_nodeIS8_ESJ_PSt18_Rb_tree_node_baseRT0_,10,0,0,1,0,8,6.87498,0,1,0,59.9953
function@_ZNSt4pairIKNSt7__cxx1112basic_stringIcSt11char_traitsIcESaIcEEES5_EC2ERKS7_,3,2,0,2,0,9,2.33333,0.333334,2,0,6.33333
