Comando: /home/mpvreal/Code/Faculdade/tcc/llvm/build/bin/llc --march=x86-64 --regalloc=greedy -o -
Heurística: div(cost,pow(degree,2))
function@main,41,16,0,50,10,140,0.112058,0.0496933,4.20028,1.39111,79.6732
function@Help,0,0,0,0,0,12,0,0,0,0,8.5
function@x264_adaptive_quant_frame,22,0,0,18,0,47,671.183,0,244.58,0,871.511
function@x264_macroblock_tree_read,0,0,0,0,0,11,0,0,0,0,7.06774
function@x264_reference_build_list_optimal,0,0,0,0,0,7,0,0,0,0,100.5
function@x264_ratecontrol_init_reconfigurable,1,1,0,3,0,8,0.381579,0.381579,0.759868,0,2.93092
function@x264_ratecontrol_new,127,6,0,19,0,198,16.6297,12.0964,1.67027,0,13.2672
function@x264_strcat_filename,0,0,0,0,0,11,0,0,0,0,9.66667
function@init_pass2,122,55,0,106,3,74,6144.13,4611.32,6558.75,7.39268,3576.18
function@x264_ratecontrol_summary,0,1,0,2,0,2,0,0.154412,0.147059,0,1.15441
function@x264_ratecontrol_delete,0,0,0,0,0,4,0,0,0,0,2.4
function@x264_ratecontrol_start,1,1,0,2,0,9,0.00988766,0.0527343,1.00989,0,4.43743
function@rate_estimate_qscale,35,26,0,47,0,19,94.0312,40.306,46.1576,0,5.96532
function@x264_ratecontrol_mb,15,8,0,18,0,18,3.86298,3.97837,1.46955,0,6.5016
function@predict_row_size_sum,9,2,0,7,0,7,45.7619,4.26191,22.4286,0,3.85714
function@x264_ratecontrol_qp,0,0,0,0,0,0,0,0,0,0,0
function@x264_ratecontrol_mb_qp,0,0,0,0,0,0,0,0,0,0,0
function@x264_ratecontrol_slice_type,0,0,0,0,0,5,0,0,0,0,2.80882
function@x264_ratecontrol_set_weights,0,0,0,0,0,1,0,0,0,0,0.4
function@x264_ratecontrol_end,7,8,0,9,0,11,1.63209,2.63917,4.68869,0,2.69297
function@x264_hrd_fullness,2,0,0,2,0,2,1.5,0,1.5,0,1.75
function@x264_threads_normalize_predictors,0,0,0,0,0,3,0,0,0,0,1.325
function@x264_threads_distribute_ratecontrol,0,0,0,0,0,16,0,0,0,0,50.653
function@x264_threads_merge_ratecontrol,3,2,0,4,0,5,13.7132,7.83824,23.9044,0,11.8603
function@x264_thread_sync_ratecontrol,0,0,0,0,0,0,0,0,0,0,0
function@clip_qscale,23,2,0,12,0,11,4.08105,0.46875,4.45703,0,31.0166
function@x264_mb_encode_i4x4,0,0,0,0,0,15,0,0,0,0,7.125
function@x264_mb_encode_i8x8,0,0,0,0,0,18,0,0,0,0,9.35938
function@x264_mb_encode_8x8_chroma,56,7,0,16,3,68,265.776,38.8984,42.7705,17.5957,463.465
function@x264_mb_optimize_chroma_dc,0,1,0,1,0,13,0,0.156863,0.235294,0,338.882
function@x264_predict_lossless_8x8_chroma,0,0,0,0,0,10,0,0,0,0,3.33333
function@x264_predict_lossless_4x4,0,0,0,0,0,5,0,0,0,0,3.66667
function@x264_predict_lossless_8x8,0,0,0,0,0,8,0,0,0,0,4
function@x264_predict_lossless_16x16,0,0,0,0,0,3,0,0,0,0,1.66667
function@x264_macroblock_encode,209,13,0,23,15,163,47.0815,2.22975,7.4828,2.80526,52.4902
function@x264_macroblock_probe_skip,6,6,0,13,0,46,14.8704,13.5648,15.227,0,159.174
function@x264_noise_reduction_update,0,0,0,0,0,31,0,0,0,0,58.4762
function@x264_macroblock_encode_p8x8,21,11,0,10,7,96,5.32031,2.76367,5.22681,0.566895,20.2053
function@x264_macroblock_encode_p4x4,0,0,0,0,0,13,0,0,0,0,5.40625
function@x264_lookahead_init,0,0,0,0,0,11,0,0,0,0,5.52927
function@x264_lookahead_delete,0,0,0,0,0,2,0,0,0,0,1.66667
function@x264_lookahead_put_frame,0,0,0,0,0,0,0,0,0,0,0
function@x264_lookahead_is_empty,0,0,0,0,0,0,0,0,0,0,0
function@x264_lookahead_get_frames,0,0,0,0,0,8,0,0,0,0,29.6907
function@x264_me_search_ref,637,114,0,252,2,360,1211.99,257.358,103.736,0.6875,633.219
function@refine_subpel,198,40,0,62,3,165,153.878,35.6849,48.3972,2.34092,145.271
function@x264_me_refine_qpel,0,0,0,0,0,0,0,0,0,0,0
function@x264_me_refine_qpel_refdupe,0,0,0,0,0,1,0,0,0,0,1
function@x264_me_refine_bidir_satd,0,0,0,0,0,0,0,0,0,0,0
function@x264_me_refine_bidir,66,30,0,46,8,86,483.562,383.677,183.353,7.01488,687.212
function@x264_me_refine_bidir_rd,0,0,0,0,0,2,0,0,0,0,2
function@x264_me_refine_qpel_rd,241,47,0,89,2,127,52.7507,20.5369,36.3552,0.315358,39.6686
function@x264_sps_init,0,0,0,0,0,3,0,0,0,0,3
function@x264_sps_write,0,0,0,0,0,189,0,0,0,0,94.8088
function@x264_pps_init,0,0,0,0,0,0,0,0,0,0,0
function@x264_pps_write,0,0,0,0,0,63,0,0,0,0,44.5
function@scaling_list_write,0,0,0,0,0,15,0,0,0,0,17.6145
function@x264_sei_recovery_point_write,0,0,0,0,0,14,0,0,0,0,12.125
function@x264_sei_write_header,0,0,0,0,0,4,0,0,0,0,2.6
function@x264_sei_write,0,0,0,0,0,9,0,0,0,0,6.3125
function@x264_sei_version_write,0,0,0,0,0,25,0,0,0,0,42.9877
function@x264_sei_buffering_period_write,0,0,0,0,0,15,0,0,0,0,12.24
function@x264_sei_pic_timing_write,0,0,0,0,0,10,0,0,0,0,8.52
function@x264_filler_write,0,0,0,0,0,7,0,0,0,0,33.3125
function@x264_validate_levels,1,3,0,2,0,21,1,1.73438,2,0,9.23438
function@x264_encoder_open_96,3,2,0,5,0,65,0.0354848,0.0018326,0.0373174,0,10.4537
function@x264_validate_parameters,2,1,0,2,0,43,0.033834,0.016917,0.033834,0,3.96879
function@x264_set_aspect_ratio,0,0,0,0,0,6,0,0,0,0,14.793
function@mbcmp_init,0,0,0,0,0,0,0,0,0,0,0
function@x264_encoder_reconfig,0,0,0,0,0,11,0,0,0,0,7.23529
function@x264_encoder_parameters,0,0,0,0,0,2,0,0,0,0,2
function@x264_encoder_headers,0,0,0,0,0,16,0,0,0,0,9.99029
function@x264_nal_start,0,0,0,0,0,0,0,0,0,0,0
function@x264_nal_end,0,0,0,0,0,4,0,0,0,0,2.80952
function@x264_encoder_encapsulate_nals,0,0,0,0,0,14,0,0,0,0,19.9762
function@x264_weighted_reference_duplicate,0,0,0,0,0,8,0,0,0,0,5.5
function@x264_encoder_intra_refresh,0,0,0,0,0,0,0,0,0,0,0
function@x264_encoder_encode,18,1,0,12,0,135,2.12787,0.226453,3.62029,0,292.165
function@x264_encoder_frame_end,11,0,0,9,0,75,2.03821,0,2.33147,0,351.826
function@x264_reference_check_reorder,0,0,0,0,0,2,0,0,0,0,8.2381
function@x264_threaded_slices_write,0,2,0,2,0,21,0,28.65,1,0,341.95
function@x264_slices_write,47,9,0,32,8,200,150.454,97.968,138.316,11.3925,853.354
function@x264_encoder_close,75,20,0,88,2,76,11074.1,16668.9,18799.8,1.14062,13284.2
function@x264_encoder_delayed_frames,0,0,0,0,0,2,0,0,0,0,1.48387
function@x264_slice_header_init,0,0,0,0,0,5,0,0,0,0,39.6412
function@x264_fdec_filter_row,9,4,0,7,0,30,3.47059,1.57843,3.5,0,30.0686
function@x264_macroblock_write_cavlc,96,0,0,3,0,125,21.3289,0,4.12536,0,52.031
function@bs_write_ue,0,0,0,0,0,1,0,0,0,0,1
function@bs_write_te,0,0,0,0,0,1,0,0,0,0,0.5
function@cavlc_mb_mvd,0,0,0,0,0,10,0,0,0,0,9
function@block_residual_write_cavlc,2,1,0,3,0,19,2,0.5,3,0,28.875
function@block_residual_write_cavlc_escape,0,0,0,0,0,18,0,0,0,0,11.3937
function@x264_cabac_mb_skip,0,0,0,0,0,1,0,0,0,0,1
function@x264_macroblock_write_cabac,68,3,0,14,7,409,36.1987,2.41641,4.44904,0.513888,140.695
function@x264_cabac_mb_ref,0,0,0,0,0,5,0,0,0,0,23.9048
function@x264_cabac_mb_mvd,0,0,0,0,0,15,0,0,0,0,15
function@block_residual_write_cabac,7,5,0,6,0,30,33.4574,13.3467,4,0,854.932
function@x264_cabac_mb_type_intra,2,0,0,2,0,25,0.494118,0,0.494118,0,9
function@x264_cabac_mb_mvd_cpn,0,0,0,0,0,26,0,0,0,0,15.8824
function@x264_rd_cost_part,36,15,0,20,0,123,20.4126,1.11301,9.9056,0,80.5863
function@x264_rd_cost_mb,8,2,0,8,0,71,2.5,2,4.5,0,14.863
function@ssd_plane,12,2,0,6,0,25,1.0989,0.0879121,0.967033,0,7.62088
function@x264_rdo_init,32,0,0,32,0,11,252,0,32,0,1870.62
function@x264_quant_dc_trellis,0,0,0,0,0,3,0,0,0,0,3
function@quant_trellis_cabac,33,9,0,26,0,45,2711.62,2299.94,535.96,0,3859.67
function@x264_quant_4x4_trellis,0,0,0,0,0,4,0,0,0,0,4
function@x264_quant_8x8_trellis,0,0,0,0,0,4,0,0,0,0,4
function@x264_analyse_init_costs,0,1,0,1,0,8,0,7.5,0.234283,0,9.66261
function@x264_analyse_free_costs,0,0,0,0,0,1,0,0,0,0,1
function@x264_analyse_weight_frame,3,0,0,3,1,3,9.54,0,0.8,0.16,7.36
function@x264_macroblock_analyse,375,21,0,99,3,392,90.8358,16.9085,36.8222,0.410098,348.442
function@x264_mb_analyse_intra,57,8,0,22,5,58,1411.77,217.793,94.4922,11.8594,1553.04
function@x264_intra_rd,0,0,0,0,0,13,0,0,0,0,7.78125
function@x264_intra_rd_refine,94,16,0,64,4,97,4783.46,1161.33,2554.73,1.33333,5799.24
function@x264_mb_analyse_init_qp,0,0,0,0,0,0,0,0,0,0,0
function@x264_mb_analyse_inter_p8x8_mixed_ref,10,4,0,10,0,17,9222,8064,289,0,12826.5
function@x264_mb_analyse_inter_p8x8,9,0,0,9,0,13,292.286,0,103.429,0,327.762
function@x264_mb_cache_mv_p8x8,0,0,0,0,0,5,0,0,0,0,2.2
function@x264_mb_analyse_inter_p16x8,6,3,0,7,0,18,96.6737,40.4211,130.347,0,233.411
function@x264_mb_analyse_inter_p8x16,9,3,0,7,0,19,134.737,40.4211,89.2316,0,264.411
function@x264_mb_analyse_intra_chroma,0,0,0,0,0,7,0,0,0,0,16.25
function@x264_mb_analyse_transform_rd,0,0,0,0,0,9,0,0,0,0,5.05018
function@x264_analyse_update_cache,0,0,0,0,0,58,0,0,0,0,6.54403
function@x264_mb_analyse_b_rd,0,0,0,0,0,23,0,0,0,0,7.4375
function@x264_mb_analyse_inter_b8x8_mixed_ref,43,14,0,18,1,22,7344,6466,264.146,32,4897
function@x264_mb_analyse_inter_b8x8,19,0,0,17,0,22,608,0,389,0,642
function@x264_mb_analyse_inter_b16x8,22,4,0,18,1,20,169.929,56.381,140.032,15.254,253.936
function@x264_mb_analyse_inter_b8x16,22,2,0,13,1,33,219.429,32,180.794,15.254,346.782
function@x264_refine_bidir,0,0,0,0,0,15,0,0,0,0,2.65409
function@x264_weight_plane_analyse,4,2,0,6,0,5,337.214,20.2857,13.0714,0,328.381
function@x264_weights_analyse,53,17,0,45,0,43,19113.3,3774.98,477.049,0,23661.9
function@x264_slicetype_frame_cost,25,0,0,12,0,39,890.59,0,6.45898,0,1296.98
function@x264_slicetype_analyse,122,19,0,42,2,179,5857.5,970.376,146.19,2.75862,6840.1
function@scenecut,6,4,0,3,0,19,9.225,5.775,3,0,78.375
function@x264_slicetype_decide,6,3,0,4,0,33,4.12598,2.81067,1.24817,0,78.7091
function@x264_rc_analyse_slice,5,0,0,3,0,16,1.26207,0,1.42759,0,16.8966
function@x264_slicetype_frame_cost_recalculate,0,0,0,0,0,2,0,0,0,0,127.952
function@x264_macroblock_size_cabac,53,9,0,8,21,290,22.2342,2.59306,3.01111,1.60642,100.07
function@x264_cabac_mb_ref,0,0,0,0,0,5,0,0,0,0,21.64
function@x264_cabac_mb8x8_mvd,3,0,0,3,0,63,0.6,0,0.6,0,14.2
function@x264_cabac_mb_mvd_cpn,0,0,0,0,0,3,0,0,0,0,1.23529
function@block_residual_write_cabac_internal,4,7,0,4,0,16,17.7143,29.7937,3.61905,0,40
function@cavlc_mb_mvd,0,0,0,0,0,6,0,0,0,0,6
function@cavlc_mb8x8_mvd,0,0,0,0,0,22,0,0,0,0,6
function@block_residual_write_cavlc,0,1,0,1,0,15,0,0.5,1,0,36.625
function@x264_macroblock_luma_write_cavlc,2,1,0,1,0,11,1.5,0.75,1,0,63.6875
function@x264_rd_cost_i8x8_chroma,2,1,0,3,0,33,1.25,0.625,1.875,0,17.1899
function@x264_mb_analyse_inter_p4x4_chroma,61,15,0,12,1,58,19.0833,5.66667,6.95833,0.375,17.875
function@x264_mb_cache_mv_b8x8,0,0,0,0,0,7,0,0,0,0,4.11765
function@x264_slicetype_mb_cost,50,14,0,22,3,103,33.5859,32.7812,17.75,1.5,70.25
function@scenecut_internal,2,0,0,2,0,13,0.988235,0,0.988235,0,11.1765
function@x264_macroblock_tree_propagate,63,20,0,31,1,27,2158.45,929.438,464.219,1,968.156
function@mk_create_writer,0,0,0,0,0,12,0,0,0,0,16.1149
function@mk_create_context,0,0,0,0,0,3,0,0,0,0,3
function@mk_writeHeader,5,2,0,5,0,60,0.000172362,1.69593e-06,1.76953,0,30.4863
function@mk_write_uint,0,0,0,0,0,14,0,0,0,0,13.4972
function@mk_write_string,0,0,0,0,0,12,0,0,0,0,15.8308
function@mk_close_context,0,0,0,0,0,8,0,0,0,0,7.54545
function@mk_flush_context_id,0,0,0,0,0,3,0,0,0,0,8.29231
function@mk_write_float,0,0,0,0,0,5,0,0,0,0,41.4375
function@mk_write_bin,0,0,0,0,0,9,0,0,0,0,30.3
function@mk_flush_context_data,0,0,0,0,0,7,0,0,0,0,8.56881
function@mk_start_frame,0,0,0,0,0,2,0,0,0,0,2
function@mk_flush_frame,0,0,0,0,0,20,0,0,0,0,19.1567
function@mk_set_frame_flags,0,0,0,0,0,0,0,0,0,0,0
function@mk_add_frame_data,0,0,0,0,0,7,0,0,0,0,14.0661
function@mk_close,3,0,0,3,0,23,0.316279,0,0.506977,0,102.009
function@mk_close_cluster,1,0,0,1,0,6,0.0479042,0,0.0718563,0,4.7485
function@mk_write_id,1,0,0,1,0,14,0.195303,0,0.311496,0,20.3004
function@mk_write_size,2,0,0,2,0,10,0.0381232,0,0.0615836,0,18.8856
function@open_file,0,0,0,0,0,6,0,0,0,0,4.85294
function@set_param,0,0,0,0,0,15,0,0,0,0,51.956
function@write_headers,7,3,0,9,1,11,0.577568,0.222222,1.31132,0.0953878,2.70964
function@write_frame,0,0,0,0,0,6,0,0,0,0,5.71429
function@close_file,0,0,0,0,0,5,0,0,0,0,5
function@open_file,0,0,0,0,0,4,0,0,0,0,3.61765
function@write_headers,0,0,0,0,0,3,0,0,0,0,3
function@write_frame,0,0,0,0,0,4,0,0,0,0,4
function@close_file,0,0,0,0,0,0,0,0,0,0,0
function@dbl2int,0,0,0,0,0,0,0,0,0,0,0
function@x264_put_byte,0,0,0,0,0,3,0,0,0,0,18.36
function@flv_append_data,0,0,0,0,0,5,0,0,0,0,20.0476
function@x264_put_be32,0,0,0,0,0,12,0,0,0,0,69.9524
function@x264_put_be64,0,0,0,0,0,6,0,0,0,0,6
function@x264_put_be16,0,0,0,0,0,6,0,0,0,0,35.4762
function@x264_put_be24,0,0,0,0,0,9,0,0,0,0,52.7143
function@x264_put_tag,0,0,0,0,0,3,0,0,0,0,343.25
function@x264_put_amf_string,1,0,0,1,0,9,0.809524,0,1,0,52.9048
function@x264_put_amf_double,1,0,0,1,0,6,0.48,0,0.48,0,21.36
function@flv_create_writer,0,0,0,0,0,6,0,0,0,0,4.23529
function@rewrite_amf_be24,0,0,0,0,0,2,0,0,0,0,2
function@flv_flush_data,0,0,0,0,0,2,0,0,0,0,2
function@open_file,0,0,0,0,0,12,0,0,0,0,7.52941
function@set_param,0,0,0,0,0,30,0,0,0,0,30
function@write_headers,1,1,0,2,0,32,0.619048,0.619048,1.2381,0,20.9524
function@write_frame,3,0,0,3,0,25,2.03687,0,2.03687,0,22.7005
function@close_file,2,1,0,1,0,20,1.25,0.390625,0.625,0,13.6719
function@open_file,0,0,0,0,0,4,0,0,0,0,3.54286
function@get_frame_total,0,0,0,0,0,0,0,0,0,0,0
function@read_frame,0,0,0,0,0,5,0,0,0,0,4
function@release_frame,0,0,0,0,0,0,0,0,0,0,0
function@close_file,0,0,0,0,0,2,0,0,0,0,2
function@open_file,2,0,0,1,0,14,0.544643,0,0.625,0,12.5179
function@get_frame_total,0,0,0,0,0,6,0,0,0,0,5
function@read_frame,0,0,0,0,0,4,0,0,0,0,4
function@close_file,0,0,0,0,0,2,0,0,0,0,1.4
function@open_file,61,8,0,23,5,120,18.7401,1.63302,5.64928,1.85153,453.226
function@get_frame_total,0,0,0,0,0,0,0,0,0,0,0
function@read_frame,0,0,0,0,0,8,0,0,0,0,7.02941
function@release_frame,0,0,0,0,0,0,0,0,0,0,0
function@close_file,0,0,0,0,0,2,0,0,0,0,2
function@correct_fps,1,0,0,1,0,14,1,0,1,0,93.6286
function@try_mkv_timebase_den,1,1,0,2,0,6,18.8436,18.8436,19.4692,0,727.493
function@open_file,3,0,0,3,2,26,0.111607,0,0.139509,0.0744047,7.23865
function@get_frame_total,0,0,0,0,0,8,0,0,0,0,7
function@read_frame,0,0,0,0,0,4,0,0,0,0,3.5
function@close_file,0,0,0,0,0,2,0,0,0,0,1.4
function@x264_pixel_ssd_wxh,19,12,0,16,0,29,742.941,136.51,17.5882,0,738.372
function@x264_pixel_ssim_wxh,41,7,0,34,0,19,17913.5,459.063,928.857,0,4956.4
function@x264_pixel_init,0,0,0,0,0,1,0,0,0,0,1
function@x264_pixel_sad_16x16,0,0,0,0,0,0,0,0,0,0,0
function@x264_pixel_sad_16x8,0,0,0,0,0,0,0,0,0,0,0
function@x264_pixel_sad_8x16,0,0,0,0,0,0,0,0,0,0,0
function@x264_pixel_sad_8x8,0,0,0,0,0,0,0,0,0,0,0
function@x264_pixel_sad_8x4,0,0,0,0,0,0,0,0,0,0,0
function@x264_pixel_sad_4x8,0,0,0,0,0,0,0,0,0,0,0
function@x264_pixel_sad_4x4,0,0,0,0,0,0,0,0,0,0,0
function@x264_pixel_sad_x3_16x16,0,0,0,0,0,14,0,0,0,0,14
function@x264_pixel_sad_x3_16x8,0,0,0,0,0,14,0,0,0,0,14
function@x264_pixel_sad_x3_8x16,0,0,0,0,0,0,0,0,0,0,0
function@x264_pixel_sad_x3_8x8,0,0,0,0,0,1,0,0,0,0,1
function@x264_pixel_sad_x3_8x4,0,0,0,0,0,14,0,0,0,0,14
function@x264_pixel_sad_x3_4x8,0,0,0,0,0,14,0,0,0,0,14
function@x264_pixel_sad_x3_4x4,0,0,0,0,0,49,0,0,0,0,49
function@x264_pixel_sad_x4_16x16,0,0,0,0,0,17,0,0,0,0,17
function@x264_pixel_sad_x4_16x8,0,0,0,0,0,17,0,0,0,0,17
function@x264_pixel_sad_x4_8x16,0,0,0,0,0,0,0,0,0,0,0
function@x264_pixel_sad_x4_8x8,0,0,0,0,0,1,0,0,0,0,1
function@x264_pixel_sad_x4_8x4,0,0,0,0,0,17,0,0,0,0,17
function@x264_pixel_sad_x4_4x8,0,0,0,0,0,17,0,0,0,0,17
function@x264_pixel_sad_x4_4x4,0,0,0,0,0,66,0,0,0,0,66
function@x264_pixel_ssd_16x16,0,0,0,0,0,0,0,0,0,0,0
function@x264_pixel_ssd_16x8,0,0,0,0,0,0,0,0,0,0,0
function@x264_pixel_ssd_8x16,0,0,0,0,0,0,0,0,0,0,0
function@x264_pixel_ssd_8x8,0,0,0,0,0,0,0,0,0,0,0
function@x264_pixel_ssd_8x4,0,0,0,0,0,0,0,0,0,0,0
function@x264_pixel_ssd_4x8,0,0,0,0,0,0,0,0,0,0,0
function@x264_pixel_ssd_4x4,0,0,0,0,0,0,0,0,0,0,0
function@x264_pixel_satd_16x16,6,4,0,10,0,26,6,4,10,0,26
function@x264_pixel_satd_16x8,1,2,0,3,0,15,1,2,3,0,15
function@x264_pixel_satd_8x16,1,2,0,3,0,15,1,2,3,0,15
function@x264_pixel_satd_8x8,0,0,0,0,0,11,0,0,0,0,11
function@x264_pixel_satd_8x4,8,0,0,8,0,34,8,0,8,0,34
function@x264_pixel_satd_4x8,0,0,0,0,0,11,0,0,0,0,11
function@x264_pixel_satd_4x4,0,0,0,0,0,0,0,0,0,0,0
function@x264_pixel_satd_x3_16x16,0,0,0,0,0,14,0,0,0,0,14
function@x264_pixel_satd_x3_16x8,9,4,0,9,0,28,9,4,9,0,28
function@x264_pixel_satd_x3_8x16,11,6,0,11,0,31,11,6,11,0,31
function@x264_pixel_satd_x3_8x8,2,2,0,4,0,23,2,2,4,0,23
function@x264_pixel_satd_x3_8x4,0,0,0,0,0,14,0,0,0,0,14
function@x264_pixel_satd_x3_4x8,2,2,0,4,0,23,2,2,4,0,23
function@x264_pixel_satd_x3_4x4,0,0,0,0,0,14,0,0,0,0,14
function@x264_pixel_satd_x4_16x16,0,0,0,0,0,17,0,0,0,0,17
function@x264_pixel_satd_x4_16x8,11,6,0,13,0,41,11,6,13,0,41
function@x264_pixel_satd_x4_8x16,16,6,0,14,0,42,16,6,14,0,42
function@x264_pixel_satd_x4_8x8,2,3,0,5,0,30,2,3,5,0,30
function@x264_pixel_satd_x4_8x4,0,0,0,0,0,17,0,0,0,0,17
function@x264_pixel_satd_x4_4x8,2,3,0,5,0,30,2,3,5,0,30
function@x264_pixel_satd_x4_4x4,0,0,0,0,0,17,0,0,0,0,17
function@x264_pixel_hadamard_ac_16x16,0,0,0,0,0,11,0,0,0,0,11
function@x264_pixel_hadamard_ac_16x8,0,0,0,0,0,8,0,0,0,0,8
function@x264_pixel_hadamard_ac_8x16,0,0,0,0,0,7,0,0,0,0,7
function@x264_pixel_hadamard_ac_8x8,0,0,0,0,0,1,0,0,0,0,1
function@x264_pixel_ads4,0,0,0,0,0,0,0,0,0,0,0
function@x264_pixel_ads2,0,0,0,0,0,4,0,0,0,0,81.1429
function@x264_pixel_ads1,0,0,0,0,0,2,0,0,0,0,40.5714
function@x264_pixel_sa8d_16x16,1,2,0,3,0,15,1,2,3,0,15
function@x264_pixel_sa8d_8x8,0,0,0,0,0,0,0,0,0,0,0
function@x264_pixel_var_16x16,0,0,0,0,0,4,0,0,0,0,127.5
function@x264_pixel_var_8x8,0,0,0,0,0,0,0,0,0,0,0
function@ssim_4x4x2_core,16,1,0,11,0,39,510,31.875,196.25,0,1243.12
function@ssim_end4,0,0,0,0,0,4,0,0,0,0,81.1429
function@pixel_var2_8x8,0,0,0,0,0,0,0,0,0,0,0
function@pixel_hadamard_ac,4,8,0,12,0,4,4,8,12,0,4
function@sa8d_8x8,0,0,0,0,0,0,0,0,0,0,0
function@x264_frame_new,26,8,0,8,0,32,5.18334,0.901187,6.49988,0,13.0383
function@x264_frame_delete,0,0,0,0,0,2,0,0,0,0,2
function@x264_frame_copy_picture,0,0,0,0,0,21,0,0,0,0,6.76963
function@x264_frame_expand_border,87,38,0,60,1,83,1488.18,721.294,144.824,4.67647,3226.68
function@x264_frame_expand_border_filtered,230,15,0,126,0,311,2492.14,347.667,220.429,0,2819.62
function@x264_frame_expand_border_lowres,10,1,0,7,0,142,572.75,12.375,170.25,0,4492.25
function@x264_frame_expand_border_mod16,9,1,0,4,0,7,585.917,170.583,37.75,0,643.5
function@x264_frame_cond_broadcast,0,0,0,0,0,0,0,0,0,0,0
function@x264_frame_cond_wait,0,0,0,0,0,0,0,0,0,0,0
function@x264_frame_push,0,0,0,0,0,0,0,0,0,0,0
function@x264_frame_pop,0,0,0,0,0,0,0,0,0,0,0
function@x264_frame_unshift,0,0,0,0,0,6,0,0,0,0,55.5882
function@x264_frame_shift,0,0,0,0,0,0,0,0,0,0,0
function@x264_frame_push_unused,0,0,0,0,0,0,0,0,0,0,0
function@x264_frame_pop_unused,0,0,0,0,0,2,0,0,0,0,1.38095
function@x264_frame_push_blank_unused,0,0,0,0,0,0,0,0,0,0,0
function@x264_frame_pop_blank_unused,0,0,0,0,0,0,0,0,0,0,0
function@x264_frame_sort,0,0,0,0,0,2,0,0,0,0,10.75
function@x264_weight_scale_plane,3,2,0,5,0,10,831.85,25.5,39.05,0,1246.2
function@x264_frame_delete_list,0,0,0,0,0,2,0,0,0,0,1.61905
function@x264_synch_frame_list_init,0,0,0,0,0,5,0,0,0,0,3.38095
function@x264_synch_frame_list_delete,0,0,0,0,0,1,0,0,0,0,0.619048
function@x264_synch_frame_list_push,0,0,0,0,0,0,0,0,0,0,0
function@x264_macroblock_cache_mv_4_4,0,0,0,0,0,1,0,0,0,0,1
function@x264_macroblock_cache_mv_2_4,0,0,0,0,0,1,0,0,0,0,1
function@x264_macroblock_cache_mv_4_2,0,0,0,0,0,1,0,0,0,0,1
function@x264_macroblock_cache_mv_2_2,0,0,0,0,0,1,0,0,0,0,1
function@x264_macroblock_cache_mv_2_1,0,0,0,0,0,1,0,0,0,0,1
function@x264_macroblock_cache_mv_1_2,0,0,0,0,0,0,0,0,0,0,0
function@x264_macroblock_cache_mv_1_1,0,0,0,0,0,0,0,0,0,0,0
function@x264_macroblock_cache_mvd_4_4,0,0,0,0,0,2,0,0,0,0,2
function@x264_macroblock_cache_mvd_2_4,0,0,0,0,0,1,0,0,0,0,1
function@x264_macroblock_cache_mvd_4_2,0,0,0,0,0,2,0,0,0,0,2
function@x264_macroblock_cache_mvd_2_2,0,0,0,0,0,1,0,0,0,0,1
function@x264_macroblock_cache_mvd_2_1,0,0,0,0,0,1,0,0,0,0,1
function@x264_macroblock_cache_mvd_1_2,0,0,0,0,0,0,0,0,0,0,0
function@x264_macroblock_cache_mvd_1_1,0,0,0,0,0,0,0,0,0,0,0
function@x264_macroblock_cache_ref_4_4,0,0,0,0,0,0,0,0,0,0,0
function@x264_macroblock_cache_ref_2_4,0,0,0,0,0,1,0,0,0,0,1
function@x264_macroblock_cache_ref_4_2,0,0,0,0,0,0,0,0,0,0,0
function@x264_macroblock_cache_ref_2_2,0,0,0,0,0,1,0,0,0,0,1
function@x264_macroblock_cache_ref_2_1,0,0,0,0,0,1,0,0,0,0,1
function@x264_mb_mc_8x8,0,0,0,0,0,40,0,0,0,0,6.98113
function@x264_mb_mc_0xywh,10,1,0,7,0,17,9.61905,1,7,0,14.7143
function@x264_mb_mc_01xywh,20,6,0,16,0,27,20,6,16,0,25
function@x264_mb_mc_1xywh,4,0,0,4,0,13,4,0,4,0,13
function@x264_mb_mc,0,0,0,0,0,20,0,0,0,0,3.59341
function@x264_macroblock_cache_allocate,0,0,0,0,0,21,0,0,0,0,4.18334
function@x264_macroblock_cache_free,0,0,0,0,0,1,0,0,0,0,1
function@x264_macroblock_thread_allocate,0,0,0,0,0,6,0,0,0,0,6.65116
function@x264_macroblock_thread_free,0,0,0,0,0,1,0,0,0,0,1
function@x264_macroblock_slice_init,0,0,0,0,0,7,0,0,0,0,39.0735
function@x264_macroblock_thread_init,0,0,0,0,0,0,0,0,0,0,0
function@x264_prefetch_fenc,0,0,0,0,0,5,0,0,0,0,5
function@x264_macroblock_cache_load,27,6,0,17,0,46,67.598,33.1176,9.70588,0,46.9755
function@x264_macroblock_load_pic_pointers,4,2,0,3,0,20,2.625,1.625,3,0,35.3086
function@x264_macroblock_cache_load_neighbours_deblock,0,0,0,0,0,0,0,0,0,0,0
function@x264_macroblock_cache_load_deblock,1,0,0,1,0,5,0.779817,0,0.0244648,0,0.510703
function@x264_macroblock_cache_save,12,0,0,4,0,10,3.4902,0,4,0,7.0098
function@x264_macroblock_bipred_init,2,1,0,3,0,6,15.9375,7.96875,16.1562,0,23999.8
function@x264_frame_deblock_row,83,6,0,37,0,97,472.875,71.875,250.5,0,477.818
function@x264_deblock_init,0,0,0,0,0,0,0,0,0,0,0
function@deblock_v_luma_c,0,0,0,0,0,3,0,0,0,0,3
function@deblock_h_luma_c,0,0,0,0,0,4,0,0,0,0,4
function@deblock_v_chroma_c,0,0,0,0,0,3,0,0,0,0,3
function@deblock_h_chroma_c,0,0,0,0,0,4,0,0,0,0,4
function@deblock_v_luma_intra_c,0,0,0,0,0,2,0,0,0,0,2
function@deblock_h_luma_intra_c,0,0,0,0,0,3,0,0,0,0,3
function@deblock_v_chroma_intra_c,0,0,0,0,0,2,0,0,0,0,2
function@deblock_h_chroma_intra_c,0,0,0,0,0,3,0,0,0,0,3
function@deblock_strength_c,8,17,0,5,0,53,78.0541,127.514,23.3514,0,2074.03
function@deblock_luma_c,12,1,0,6,0,16,560.5,11.875,24.875,0,2194.12
function@deblock_chroma_c,4,1,0,3,0,15,19.5,11.875,3,0,145.625
function@deblock_luma_intra_c,10,5,0,9,0,22,10.875,31.375,9,0,141.125
function@deblock_chroma_intra_c,0,0,0,0,0,44,0,0,0,0,23.5
function@x264_cqm_init,68,15,0,38,10,92,40.3498,1.88283,1.09796,0.28718,121.074
function@x264_cqm_delete,0,0,0,0,0,1,0,0,0,0,1
function@x264_cqm_parse_file,0,0,0,0,0,33,0,0,0,0,82.0952
function@x264_cqm_parse_jmlist,11,0,0,3,0,25,0.877175,0,2.01562,0,12.2371
function@spec_strdup,0,0,0,0,0,8,0,0,0,0,7.33333
function@x264_param_default,0,0,0,0,0,2,0,0,0,0,2
function@x264_log_default,0,0,0,0,0,4,0,0,0,0,4
function@x264_param_default_preset,0,0,0,0,0,36,0,0,0,0,42.516
function@x264_param_apply_fastfirstpass,0,0,0,0,0,0,0,0,0,0,0
function@x264_param_apply_profile,0,0,0,0,0,8,0,0,0,0,4.51034
function@x264_log,0,0,0,0,0,4,0,0,0,0,2.52941
function@x264_param_parse,110,1,0,5,0,456,2.54871,0.625,1.77734,0,62.5608
function@x264_atobool,0,0,0,0,0,9,0,0,0,0,5.50224
function@parse_enum,0,0,0,0,0,5,0,0,0,0,14.1538
function@parse_cqm,1,1,0,1,0,8,0.5,0.338596,1,0,24.1596
function@x264_picture_alloc,0,0,0,0,0,7,0,0,0,0,5.61905
function@x264_malloc,0,0,0,0,0,4,0,0,0,0,3
function@x264_picture_clean,0,0,0,0,0,1,0,0,0,0,1
function@x264_free,0,0,0,0,0,0,0,0,0,0,0
function@x264_nal_encode,0,0,0,0,0,3,0,0,0,0,25.9524
function@x264_reduce_fraction,0,0,0,0,0,6,0,0,0,0,31.5952
function@x264_slurp_file,0,0,0,0,0,15,0,0,0,0,6.22936
function@x264_param2string,0,0,0,0,0,56,0,0,0,0,28.9901
function@x264_plane_copy_c,2,1,0,2,0,20,0.764706,12.5294,0.764706,0,161.176
function@x264_frame_init_lowres,0,0,0,0,0,20,0,0,0,0,24.5784
function@x264_mc_init,0,0,0,0,0,0,0,0,0,0,0
function@mc_luma,20,12,0,11,0,53,12.5494,10.3176,3.91416,0,196.858
function@get_ref,26,6,0,7,0,41,9.41237,9.76804,3.19845,0,176.343
function@mc_chroma,9,2,0,7,0,8,38.85,19.1,4,0,375.85
function@pixel_avg_16x16,0,0,0,0,0,0,0,0,0,0,0
function@pixel_avg_16x8,0,0,0,0,0,0,0,0,0,0,0
function@pixel_avg_8x16,0,0,0,0,0,0,0,0,0,0,0
function@pixel_avg_8x8,0,0,0,0,0,0,0,0,0,0,0
function@pixel_avg_8x4,0,0,0,0,0,0,0,0,0,0,0
function@pixel_avg_4x8,0,0,0,0,0,4,0,0,0,0,63.75
function@pixel_avg_4x4,0,0,0,0,0,16,0,0,0,0,8
function@pixel_avg_4x2,0,0,0,0,0,8,0,0,0,0,4
function@pixel_avg_2x4,0,0,0,0,0,8,0,0,0,0,4
function@pixel_avg_2x2,0,0,0,0,0,4,0,0,0,0,2
function@x264_weight_cache,0,0,0,0,0,0,0,0,0,0,0
function@mc_copy_w16,0,0,0,0,0,1,0,0,0,0,0.64
function@mc_copy_w8,0,0,0,0,0,1,0,0,0,0,0.64
function@mc_copy_w4,0,0,0,0,0,1,0,0,0,0,0.64
function@hpel_filter,149,43,0,66,29,56,554.698,309.34,445.495,161.859,1101
function@memzero_aligned,0,0,0,0,0,0,0,0,0,0,0
function@frame_init_lowres_core,38,6,0,19,42,7,570.326,37.4879,46.0157,262.122,378.516
function@integral_init4h,0,0,0,0,0,4,0,0,0,0,8.71875
function@integral_init8h,0,0,0,0,0,4,0,0,0,0,8.71875
function@integral_init4v,0,0,0,0,0,13,0,0,0,0,1.69141
function@integral_init8v,0,0,0,0,0,5,0,0,0,0,0.717647
function@mbtree_propagate_cost,0,0,0,0,0,3,0,0,0,0,43.5
function@x264_frame_filter,24,8,0,9,1,18,48.5,11.1029,2.67647,0.117647,22.1176
function@pixel_avg_weight_wxh,0,0,0,0,0,19,0,0,0,0,102.68
function@mc_weight_w2,0,0,0,0,0,2,0,0,0,0,25.0588
function@mc_weight_w4,0,0,0,0,0,4,0,0,0,0,50.1176
function@mc_weight_w8,0,0,0,0,0,8,0,0,0,0,100.235
function@mc_weight_w12,0,0,0,0,0,13,0,0,0,0,151.353
function@mc_weight_w16,0,0,0,0,0,17,0,0,0,0,201.471
function@mc_weight_w20,0,1,0,1,0,6,0,12.5294,0.382353,0,227.588
function@x264_dct_init,0,0,0,0,0,0,0,0,0,0,0
function@sub4x4_dct,10,0,0,10,0,6,10,0,10,0,6
function@add4x4_idct,0,0,0,0,0,6,0,0,0,0,6
function@sub8x8_dct,0,0,0,0,0,9,0,0,0,0,9
function@sub8x8_dct_dc,0,0,0,0,0,2,0,0,0,0,2
function@add8x8_idct,0,0,0,0,0,6,0,0,0,0,6
function@add8x8_idct_dc,0,0,0,0,0,4,0,0,0,0,4
function@sub16x16_dct,0,0,0,0,0,9,0,0,0,0,9
function@add16x16_idct,0,0,0,0,0,6,0,0,0,0,6
function@add16x16_idct_dc,0,0,0,0,0,4,0,0,0,0,4
function@sub8x8_dct8,27,21,0,46,0,2,27,21,46,0,2
function@add8x8_idct8,0,0,0,0,0,8,0,0,0,0,255
function@sub16x16_dct8,0,0,0,0,0,9,0,0,0,0,9
function@add16x16_idct8,0,0,0,0,0,6,0,0,0,0,6
function@dct4x4dc,0,6,0,6,0,5,0,6,6,0,5
function@idct4x4dc,0,5,0,5,0,8,0,5,5,0,8
function@x264_dct_init_weights,0,0,0,0,0,0,0,0,0,0,0
function@x264_zigzag_init,0,0,0,0,0,0,0,0,0,0,0
function@zigzag_scan_8x8_field,0,0,0,0,0,0,0,0,0,0,0
function@zigzag_scan_4x4_field,0,0,0,0,0,0,0,0,0,0,0
function@zigzag_sub_8x8_field,0,0,0,0,0,1,0,0,0,0,1
function@zigzag_sub_4x4_field,0,0,0,0,0,0,0,0,0,0,0
function@zigzag_sub_4x4ac_field,0,0,0,0,0,0,0,0,0,0,0
function@zigzag_scan_8x8_frame,0,0,0,0,0,0,0,0,0,0,0
function@zigzag_scan_4x4_frame,0,0,0,0,0,0,0,0,0,0,0
function@zigzag_sub_8x8_frame,0,0,0,0,0,1,0,0,0,0,1
function@zigzag_sub_4x4_frame,0,0,0,0,0,0,0,0,0,0,0
function@zigzag_sub_4x4ac_frame,0,0,0,0,0,0,0,0,0,0,0
function@zigzag_interleave_8x8_cavlc,0,0,0,0,0,0,0,0,0,0,0
function@add4x4_idct_dc,0,0,0,0,0,0,0,0,0,0,0
function@x264_cabac_context_init,0,0,0,0,0,1,0,0,0,0,15.9375
function@x264_cabac_encode_init_core,0,0,0,0,0,0,0,0,0,0,0
function@x264_cabac_encode_init,0,0,0,0,0,0,0,0,0,0,0
function@x264_cabac_encode_decision_c,0,0,0,0,0,12,0,0,0,0,8.08642
function@x264_cabac_encode_bypass_c,0,0,0,0,0,6,0,0,0,0,1.65686
function@x264_cabac_encode_ue_bypass,0,0,0,0,0,14,0,0,0,0,180.812
function@x264_cabac_encode_terminal_c,0,0,0,0,0,9,0,0,0,0,5.08642
function@x264_cabac_encode_flush,0,0,0,0,0,20,0,0,0,0,6.65031
function@x264_init_vlc_tables,0,0,0,0,0,7,0,0,0,0,3423.12
function@x264_predict_16x16_init,0,0,0,0,0,0,0,0,0,0,0
function@predict_16x16_v,0,0,0,0,0,0,0,0,0,0,0
function@predict_16x16_h,0,0,0,0,0,0,0,0,0,0,0
function@predict_16x16_dc,0,0,0,0,0,0,0,0,0,0,0
function@predict_16x16_p,0,0,0,0,0,3,0,0,0,0,3
function@predict_16x16_dc_left,0,0,0,0,0,0,0,0,0,0,0
function@predict_16x16_dc_top,0,0,0,0,0,0,0,0,0,0,0
function@predict_16x16_dc_128,0,0,0,0,0,0,0,0,0,0,0
function@x264_predict_8x8c_init,0,0,0,0,0,0,0,0,0,0,0
function@predict_8x8c_v,0,0,0,0,0,0,0,0,0,0,0
function@predict_8x8c_h,0,0,0,0,0,0,0,0,0,0,0
function@predict_8x8c_dc,0,0,0,0,0,0,0,0,0,0,0
function@predict_8x8c_p,0,0,0,0,0,4,0,0,0,0,4
function@predict_8x8c_dc_left,0,0,0,0,0,0,0,0,0,0,0
function@predict_8x8c_dc_top,0,0,0,0,0,0,0,0,0,0,0
function@predict_8x8c_dc_128,0,0,0,0,0,0,0,0,0,0,0
function@x264_predict_8x8_init,0,0,0,0,0,0,0,0,0,0,0
function@predict_8x8_v,0,0,0,0,0,0,0,0,0,0,0
function@predict_8x8_h,0,0,0,0,0,0,0,0,0,0,0
function@predict_8x8_dc,0,0,0,0,0,0,0,0,0,0,0
function@predict_8x8_ddl,0,0,0,0,0,0,0,0,0,0,0
function@predict_8x8_ddr,0,0,0,0,0,0,0,0,0,0,0
function@predict_8x8_vr,3,0,0,3,0,1,3,0,3,0,1
function@predict_8x8_hd,2,0,0,2,0,5,2,0,2,0,5
function@predict_8x8_vl,0,0,0,0,0,0,0,0,0,0,0
function@predict_8x8_hu,0,0,0,0,0,1,0,0,0,0,1
function@predict_8x8_dc_left,0,0,0,0,0,0,0,0,0,0,0
function@predict_8x8_dc_top,0,0,0,0,0,0,0,0,0,0,0
function@predict_8x8_dc_128,0,0,0,0,0,0,0,0,0,0,0
function@predict_8x8_filter,0,0,0,0,0,4,0,0,0,0,3
function@x264_predict_4x4_init,0,0,0,0,0,0,0,0,0,0,0
function@predict_4x4_v,0,0,0,0,0,0,0,0,0,0,0
function@predict_4x4_h,0,0,0,0,0,0,0,0,0,0,0
function@predict_4x4_dc,0,0,0,0,0,0,0,0,0,0,0
function@predict_4x4_ddl,0,0,0,0,0,0,0,0,0,0,0
function@predict_4x4_ddr,0,0,0,0,0,0,0,0,0,0,0
function@predict_4x4_vr,0,0,0,0,0,0,0,0,0,0,0
function@predict_4x4_hd,0,0,0,0,0,0,0,0,0,0,0
function@predict_4x4_vl,0,0,0,0,0,1,0,0,0,0,1
function@predict_4x4_hu,0,0,0,0,0,0,0,0,0,0,0
function@predict_4x4_dc_left,0,0,0,0,0,0,0,0,0,0,0
function@predict_4x4_dc_top,0,0,0,0,0,0,0,0,0,0,0
function@predict_4x4_dc_128,0,0,0,0,0,0,0,0,0,0,0
function@x264_quant_init,0,0,0,0,0,0,0,0,0,0,0
function@quant_8x8,0,0,0,0,0,0,0,0,0,0,0
function@quant_4x4,0,0,0,0,0,0,0,0,0,0,0
function@quant_4x4_dc,0,4,0,4,0,31,0,4,4,0,15.381
function@quant_2x2_dc,0,0,0,0,0,7,0,0,0,0,2.66667
function@dequant_4x4,0,0,0,0,0,10,0,0,0,0,6
function@dequant_4x4_dc,0,0,0,0,0,2,0,0,0,0,1.5
function@dequant_8x8,0,0,0,0,0,2,0,0,0,0,2
function@x264_denoise_dct,0,0,0,0,0,3,0,0,0,0,28.5397
function@x264_decimate_score15,0,0,0,0,0,2,0,0,0,0,17.7076
function@x264_decimate_score16,0,0,0,0,0,2,0,0,0,0,28.3322
function@x264_decimate_score64,0,0,0,0,0,2,0,0,0,0,28.342
function@x264_coeff_last4,0,0,0,0,0,0,0,0,0,0,0
function@x264_coeff_last15,0,0,0,0,0,1,0,0,0,0,15.8146
function@x264_coeff_last16,0,0,0,0,0,1,0,0,0,0,15.453
function@x264_coeff_last64,0,0,0,0,0,1,0,0,0,0,15.746
function@x264_coeff_level_run4,0,0,0,0,0,8,0,0,0,0,3.93636
function@x264_coeff_level_run15,0,0,0,0,0,6,0,0,0,0,17.3275
function@x264_coeff_level_run16,0,0,0,0,0,6,0,0,0,0,16.9903
function@x264_mb_predict_mv,0,0,0,0,0,8,0,0,0,0,4.5
function@x264_mb_predict_mv_16x16,0,0,0,0,0,7,0,0,0,0,4.77953
function@x264_mb_predict_mv_pskip,0,0,0,0,0,7,0,0,0,0,1.08309
function@x264_mb_predict_mv_direct16x16,18,18,0,19,2,53,3.8154,4.17652,2.71118,0.0366209,12.597
function@x264_mb_predict_mv_ref16x16,0,0,0,0,0,11,0,0,0,0,5.49451
function@RBSPtoSODB,0,0,0,0,0,3,0,0,0,0,3
function@EBSPtoRBSP,0,0,0,0,0,5,0,0,0,0,5.2898
function@intrapred8x8_mbaff,125,63,0,94,0,422,7.64443,6.23749,11.8609,0,44.8234
function@LowPassForIntra8x8Pred,0,0,0,0,0,0,0,0,0,0,0
function@init_motion_vector_prediction,0,0,0,0,0,0,0,0,0,0,0
function@GetMotionVectorPredictorMBAFF,8,0,0,2,0,41,2.98431,0,2,0,8.61569
function@GetMotionVectorPredictorNormal,0,0,0,0,0,10,0,0,0,0,0.928571
function@set_ec_flag,0,0,0,0,0,0,0,0,0,0,0
function@reset_ec_flags,0,0,0,0,0,0,0,0,0,0,0
function@get_concealed_element,0,0,0,0,0,0,0,0,0,0,0
function@mb_pred_intra4x4,22,3,0,8,0,60,121.685,19.3228,13.0472,0,375.197
function@mb_pred_intra16x16,0,0,0,0,0,9,0,0,0,0,7.66667
function@mb_pred_intra8x8,1,0,0,1,0,21,0.333333,0,1,0,20.3333
function@mb_pred_skip,0,0,0,0,0,8,0,0,0,0,8
function@set_chroma_vector,0,0,0,0,0,20,0,0,0,0,1.03738
function@mb_pred_sp_skip,0,0,0,0,0,9,0,0,0,0,9
function@mb_pred_p_inter8x8,13,4,0,12,0,21,260.125,127.75,12,0,423.188
function@mb_pred_p_inter16x16,0,0,0,0,0,10,0,0,0,0,10
function@mb_pred_p_inter16x8,0,0,0,0,0,13,0,0,0,0,13
function@mb_pred_p_inter8x16,0,0,0,0,0,13,0,0,0,0,13
function@mb_pred_b_d8x8temporal,25,2,0,11,1,19,4551.31,1024.38,104,32,6181.05
function@mb_pred_b_d4x4temporal,23,1,0,10,0,24,2055.64,0.375,134,0,2151.59
function@mb_pred_b_d8x8spatial,10,1,0,7,0,20,66.625,0.375,52,0,122.75
function@mb_pred_b_d4x4spatial,24,1,0,8,0,33,2510.62,0.375,39,0,3401.62
function@mb_pred_b_inter8x8,21,1,0,11,1,24,1947.18,320,54.5,32,1634.5
function@mb_pred_ipcm,8,0,0,4,0,8,3.26437,0,2.18391,0,5.28736
function@constructTiff,0,0,0,0,0,0,0,0,0,0,0
function@destructTiff,0,0,0,0,0,1,0,0,0,0,1
function@horizontal_half_1chan_cosite,32,10,0,30,0,15,3198.08,2111.92,82.75,0,1495.83
function@vertical_half_1chan,53,12,0,34,0,27,2867.33,772.429,41.0238,0,417.69
function@ReadTIFFImage,53,29,0,28,0,117,1.11702,1.39227,2.33211,0,20.2247
function@getU16,0,0,0,0,0,0,0,0,0,0,0
function@getU32,0,0,0,0,0,0,0,0,0,0,0
function@getSwappedU16,0,0,0,0,0,0,0,0,0,0,0
function@getSwappedU32,0,0,0,0,0,0,0,0,0,0,0
function@getIntArray,0,0,0,0,0,1,0,0,0,0,0.0784314
function@DeblockPicture,0,0,0,0,0,5,0,0,0,0,65.75
function@DeblockMb,89,4,0,14,3,73,137.662,5.00851,6.74965,0.69043,111.279
function@DeblockPicturePartially,0,0,0,0,0,7,0,0,0,0,51.8125
function@init_Deblock,0,0,0,0,0,44,0,0,0,0,451.892
function@forward4x4,10,0,0,10,0,15,10,0,10,0,15
function@inverse4x4,11,0,0,11,0,18,11,0,11,0,18
function@hadamard4x4,9,0,0,9,0,3,9,0,9,0,3
function@ihadamard4x4,7,0,0,7,0,16,7,0,7,0,16
function@hadamard4x2,0,0,0,0,0,0,0,0,0,0,0
function@ihadamard4x2,0,0,0,0,0,2,0,0,0,0,2
function@hadamard2x2,0,0,0,0,0,0,0,0,0,0,0
function@ihadamard2x2,0,0,0,0,0,0,0,0,0,0,0
function@forward8x8,15,1,0,14,0,14,356,32,45,0,448
function@inverse8x8,13,1,0,12,0,26,292,32,12,0,832
function@set_chroma_qp,0,0,0,0,0,0,0,0,0,0,0
function@update_qp,0,0,0,0,0,0,0,0,0,0,0
function@invScaleCoeff,0,0,0,0,0,1,0,0,0,0,0.64
function@start_macroblock,0,0,0,0,0,5,0,0,0,0,5
function@exit_macroblock,0,0,0,0,0,6,0,0,0,0,4.11837
function@setup_slice_methods,0,0,0,0,0,2,0,0,0,0,1.16471
function@interpret_mb_mode_P,0,0,0,0,0,2,0,0,0,0,0.583333
function@read_motion_info_from_NAL_p_slice,1,0,0,1,0,5,1,0,1,0,5
function@read_one_macroblock_p_slice,5,0,0,4,0,40,2.6626,0,3.5,0,13.8389
function@decode_one_component_p_slice,0,0,0,0,0,5,0,0,0,0,0.555556
function@decode_one_component_sp_slice,0,0,0,0,0,6,0,0,0,0,0.666667
function@interpret_mb_mode_B,0,0,0,0,0,0,0,0,0,0,0
function@read_motion_info_from_NAL_b_slice,6,0,0,3,0,21,4,0,3,0,19.5
function@read_one_macroblock_b_slice,4,0,0,3,0,41,2.1626,0,3,0,12.4821
function@decode_one_component_b_slice,0,0,0,0,0,5,0,0,0,0,0.546875
function@interpret_mb_mode_I,0,0,0,0,0,1,0,0,0,0,0.333333
function@read_one_macroblock_i_slice,2,0,0,4,0,12,1.30469,0,2,0,7.01855
function@decode_one_component_i_slice,0,0,0,0,0,1,0,0,0,0,0.2
function@interpret_mb_mode_SI,0,0,0,0,0,1,0,0,0,0,0.25
function@read_CBP_and_coeffs_from_NAL_CABAC_444,27,4,0,11,0,38,52.5566,3.2914,8.29167,0,81.5318
function@read_CBP_and_coeffs_from_NAL_CABAC_422,100,11,0,33,2,29,1505.56,87.7938,75.4507,0.373535,970.444
function@read_CBP_and_coeffs_from_NAL_CABAC_400,10,0,0,4,0,25,1.16119,0,1.29139,0,13.0509
function@read_CBP_and_coeffs_from_NAL_CABAC_420,97,15,0,32,3,47,1495.9,124.586,25.6549,0.68099,373.252
function@read_CBP_and_coeffs_from_NAL_CAVLC_444,9,0,0,4,0,36,4.79112,0,2.49973,0,14.8324
function@read_CBP_and_coeffs_from_NAL_CAVLC_422,71,8,0,19,2,35,431.092,23.9843,47.3804,0.373535,987.333
function@read_CBP_and_coeffs_from_NAL_CAVLC_400,6,2,0,3,0,26,1.20833,1.2914,2.20833,0,11.0663
function@read_CBP_and_coeffs_from_NAL_CAVLC_420,86,10,0,19,3,32,319.103,6.16249,18.5924,0.68099,23.4113
function@SetB8Mode,0,0,0,0,0,0,0,0,0,0,0
function@reset_coeffs,0,0,0,0,0,0,0,0,0,0,0
function@field_flag_inference,0,0,0,0,0,0,0,0,0,0,0
function@skip_macroblock,3,0,0,2,0,11,2,0,2,0,9.25
function@get_neighbors,6,1,0,5,0,19,3.68627,0.156863,5,0,18.1373
function@predict_nnz,12,0,0,3,0,12,2.84668,0,3,0,9.56543
function@predict_nnz_chroma,7,0,0,2,0,15,1.64453,0,1,0,8.37695
function@decode_one_macroblock,0,0,0,0,0,20,0,0,0,0,7.82353
function@init_cur_imgy,0,0,0,0,0,1,0,0,0,0,1
function@change_plane_JV,0,0,0,0,0,0,0,0,0,0,0
function@make_frame_picture_JV,0,0,0,0,0,4,0,0,0,0,1.63158
function@init_macroblock,0,0,0,0,0,0,0,0,0,0,0
function@read_ipred_modes,22,4,0,21,0,15,20078.8,4096,2350.64,0,20390.1
function@concealIPCMcoeffs,0,0,0,0,0,0,0,0,0,0,0
function@read_IPCM_coeffs_from_NAL,0,0,0,0,0,22,0,0,0,0,310.727
function@readMBRefPictureIdx,9,2,0,7,0,10,1311.88,1023.75,37.875,0,4809.5
function@readMBMotionVectors,57,21,0,56,11,50,3.91884e+06,1.14258e+06,550221,12225,1.73929e+07
function@readRefPictureIdx_FLC,0,0,0,0,0,2,0,0,0,0,2
function@readRefPictureIdx_VLC,0,0,0,0,0,2,0,0,0,0,2
function@read_delta_quant,0,0,0,0,0,5,0,0,0,0,5
function@readCompCoeff8x8MB_CABAC,0,0,0,0,0,27,0,0,0,0,15
function@readCompCoeff4x4MB_CABAC,43,7,0,11,1,50,1380.47,14.75,27.4412,1,35140.9
function@readCompCoeff8x8_CABAC,14,1,0,7,0,12,23.549,6.15686,4.76471,0,30.3529
function@readCompCoeff8x8_CABAC_lossless,7,1,0,4,0,11,20.4495,6.15596,2.49541,0,24.9908
function@readCompCoeff4x4SMB_CABAC,28,8,0,12,0,11,34961.6,15636.5,674.238,0,29741.3
function@readCoeff4x4_CAVLC,24,3,0,10,6,27,20.4583,1.9375,4.70833,1.33333,40.9766
function@readCompCoeff4x4MB_CAVLC,45,10,0,24,0,43,23964,17556,2077,0,22119
function@readCompCoeff8x8MB_CAVLC,49,7,0,22,1,40,36816,12416,2199,1,40194
function@ercConcealInterFrame,67,8,0,19,0,57,5247.33,637.742,120.374,0,6768.22
function@concealByTrial,65,8,0,31,6,36,3102.68,320.597,930.333,173.333,1516.85
function@concealByCopy,24,10,0,26,0,25,70.1562,36.6562,12.25,0,64.7812
function@conceal_lost_frames,7,1,0,4,0,12,28.375,15.9375,3.5,0,128.875
function@update_ref_list_for_concealment,0,0,0,0,0,1,0,0,0,0,0.3
function@init_lists_for_non_reference_loss,2,0,0,2,0,21,0.875,0,0.875,0,45.3438
function@compare_pic_by_pic_num_desc,0,0,0,0,0,0,0,0,0,0,0
function@compare_pic_by_poc_desc,0,0,0,0,0,0,0,0,0,0,0
function@compare_pic_by_poc_asc,0,0,0,0,0,0,0,0,0,0,0
function@compare_pic_by_lt_pic_num_asc,0,0,0,0,0,0,0,0,0,0,0
function@get_pic_from_dpb,0,0,0,0,0,2,0,0,0,0,0.695652
function@comp,0,0,0,0,0,0,0,0,0,0,0
function@init_node,0,0,0,0,0,2,0,0,0,0,2
function@print_node,0,0,0,0,0,0,0,0,0,0,0
function@print_list,0,0,0,0,0,1,0,0,0,0,1
function@delete_list,0,0,0,0,0,3,0,0,0,0,37.5882
function@conceal_non_ref_pics,2,0,0,2,0,9,3.16,0,0.96,0,110.12
function@copy_to_conceal,83,17,0,67,2,87,7668.3,1049.85,4149.65,137.5,4449.34
function@sliding_window_poc_management,0,0,0,0,0,1,0,0,0,0,7.96875
function@write_lost_non_ref_pic,0,0,0,0,0,1,0,0,0,0,0.3125
function@write_lost_ref_after_idr,0,0,0,0,0,5,0,0,0,0,3.7619
function@buildPredRegionYUV,64,8,0,64,0,24,1.08119e+07,438684,1.07592e+06,0,2.2276e+06
function@edgeDistortion,302,1,0,293,0,40,1395.29,13,788.143,0,317.19
function@copyPredMB,32,14,0,32,3,12,60,31.8039,18.0588,5.13726,13.6275
function@intra4x4_pred_mbaff,42,19,0,39,0,157,2.64707,1.19453,4.7,0,20.1789
function@arideco_create_decoding_environment,0,0,0,0,0,2,0,0,0,0,2
function@arideco_delete_decoding_environment,0,0,0,0,0,0,0,0,0,0,0
function@arideco_done_decoding,0,0,0,0,0,0,0,0,0,0,0
function@getbyte,0,0,0,0,0,0,0,0,0,0,0
function@getword,0,0,0,0,0,0,0,0,0,0,0
function@arideco_start_decoding,0,0,0,0,0,0,0,0,0,0,0
function@arideco_bits_read,0,0,0,0,0,0,0,0,0,0,0
function@biari_decode_symbol,0,0,0,0,0,8,0,0,0,0,5.92857
function@biari_decode_symbol_eq_prob,0,0,0,0,0,1,0,0,0,0,0.380952
function@biari_decode_final,0,0,0,0,0,1,0,0,0,0,1
function@biari_init_context,0,0,0,0,0,0,0,0,0,0,0
function@InterpretSEIMessage,7,0,0,2,0,55,10.5,0,2,0,1250.5
function@interpret_buffering_period_info,0,0,0,0,0,11,0,0,0,0,38.875
function@interpret_picture_timing_info,0,0,0,0,0,28,0,0,0,0,42.2941
function@interpret_pan_scan_rect_info,0,0,0,0,0,13,0,0,0,0,37.0588
function@interpret_recovery_point_info,0,0,0,0,0,10,0,0,0,0,10
function@interpret_dec_ref_pic_marking_repetition_info,2,0,0,2,0,13,2,0,2,0,11.5882
function@interpret_spare_pic,24,1,0,14,0,28,5803.28,19.9998,478.537,0,7482.26
function@interpret_scene_information,0,0,0,0,0,7,0,0,0,0,6.5
function@interpret_subsequence_info,0,0,0,0,0,11,0,0,0,0,10.6667
function@interpret_subsequence_layer_characteristics_info,0,0,0,0,0,9,0,0,0,0,69.75
function@interpret_subsequence_characteristics_info,0,0,0,0,0,17,0,0,0,0,76.4167
function@interpret_full_frame_freeze_info,0,0,0,0,0,5,0,0,0,0,5
function@interpret_full_frame_snapshot_info,0,0,0,0,0,5,0,0,0,0,5
function@interpret_progressive_refinement_start_info,0,0,0,0,0,6,0,0,0,0,6
function@interpret_progressive_refinement_end_info,0,0,0,0,0,5,0,0,0,0,5
function@interpret_motion_constrained_slice_group_set_info,0,0,0,0,0,13,0,0,0,0,53.1667
function@interpret_film_grain_characteristics_info,0,1,0,1,0,54,0,0.372414,0.372414,0,341.228
function@interpret_deblocking_filter_display_preference_info,0,0,0,0,0,8,0,0,0,0,6.14286
function@interpret_stereo_video_info_info,0,0,0,0,0,9,0,0,0,0,8.38095
function@interpret_tone_mapping,17,7,0,9,0,53,1.80351,0.556567,2.05781,0,22.6152
function@interpret_post_filter_hints_info,0,0,0,0,0,15,0,0,0,0,1548
function@interpret_frame_packing_arrangement_info,0,0,0,0,0,24,0,0,0,0,12.7143
function@tone_map,0,0,0,0,0,1,0,0,0,0,0.5
function@init_tone_mapping_sei,0,0,0,0,0,0,0,0,0,0,0
function@update_tone_mapping_sei,0,0,0,0,0,0,0,0,0,0,0
function@error,0,0,0,0,0,3,0,0,0,0,3
function@FreeDecPicList,0,0,0,0,0,3,0,0,0,0,43.5
function@init_frext,0,0,0,0,0,5,0,0,0,0,3.85714
function@AllocPartition,0,0,0,0,0,4,0,0,0,0,22.9988
function@FreePartition,0,0,0,0,0,2,0,0,0,0,2
function@malloc_slice,0,0,0,0,0,5,0,0,0,0,5
function@init_global_buffers,0,0,0,0,0,17,0,0,0,0,24.5179
function@free_global_buffers,0,0,0,0,0,2,0,0,0,0,2
function@ClearDecPicList,0,0,0,0,0,5,0,0,0,0,14.8824
function@GetOneAvailDecPicFromList,0,0,0,0,0,4,0,0,0,0,17.7143
function@OpenDecoder,0,0,0,0,0,9,0,0,0,0,6.85294
function@DecodeOneFrame,0,0,0,0,0,6,0,0,0,0,8.46364
function@FinitDecoder,0,0,0,0,0,5,0,0,0,0,5.01695
function@CloseDecoder,2,0,0,2,0,43,1.25,0,1.25,0,37.1094
function@free_slice,0,0,0,0,0,4,0,0,0,0,4
function@init_all_macroblocks,0,0,0,0,0,0,0,0,0,0,0
function@init_slice,0,0,0,0,0,7,0,0,0,0,4.75
function@reorder_lists,0,0,0,0,0,4,0,0,0,0,2.31085
function@decode_slice,17,0,0,14,0,17,10474.8,0,144.371,0,1031.85
function@decode_one_slice,0,0,0,0,0,7,0,0,0,0,98.75
function@decode_one_frame,4,0,0,3,0,38,3.55883,0,1.625,0,175.864
function@init_picture,0,0,0,0,0,30,0,0,0,0,15.614
function@read_new_slice,5,0,0,2,6,54,1.79526,0,1.24988,7.79352,147.825
function@CopySliceInfo,0,0,0,0,0,0,0,0,0,0,0
function@exit_picture,70,2,0,30,0,79,226.676,0.0666904,111.979,0,512.564
function@buffer2img,23,13,0,17,0,54,33.6514,90.6514,5.36697,0,152.743
function@compute_SSE,1,4,0,5,0,4,12.5294,31.3235,2.52941,0,17.0294
function@calculate_frame_no,0,0,0,0,0,1,0,0,0,0,1
function@find_snr,19,5,0,13,0,23,110.313,37.1093,53.5845,0,674.094
function@is_new_picture,0,0,0,0,0,0,0,0,0,0,0
function@pad_buf,24,13,0,18,1,31,88.4469,54.6117,11.1136,10,143.267
function@pad_dec_picture,0,0,0,0,0,12,0,0,0,0,8.19048
function@field_postprocessing,0,0,0,0,0,1,0,0,0,0,1
function@ercWriteMBMODEandMV,2,0,0,1,0,32,0.25,0,0.25,0,6.54167
function@init_old_slice,0,0,0,0,0,0,0,0,0,0,0
function@copy_dec_picture_JV,0,0,0,0,0,4,0,0,0,0,3.23529
function@GetVOIdx,0,0,0,0,0,3,0,0,0,0,6.63415
function@get_maxViewIdx,0,0,0,0,0,0,0,0,0,0,0
function@intrapred16x16,0,0,0,0,0,0,0,0,0,0,0
function@ParseSizeFromString,4,0,0,2,0,29,2.70407,0,2,0,41.2334
function@ParseFrameNoFormatFromString,1,0,0,1,0,14,0.097838,0,0.625,0,79.4862
function@OpenFrameFile,0,0,0,0,0,16,0,0,0,0,16
function@OpenFiles,0,0,0,0,0,6,0,0,0,0,2.57143
function@CloseFiles,0,0,0,0,0,1,0,0,0,0,1
function@ParseVideoType,0,0,0,0,0,6,0,0,0,0,4.25287
function@compute_residue,3,5,0,8,0,3,38.25,31.75,5,0,16.3
function@sample_reconstruct,9,7,0,16,0,13,82.75,39.65,8.2,0,571.15
function@JMDecHelpExit,0,0,0,0,0,0,0,0,0,0,0
function@ParseCommand,9,1,0,10,0,55,2.81894,0.0135304,2.64368,0,133.546
function@get_colocated_info_4x4,0,0,0,0,0,4,0,0,0,0,0.252199
function@get_colocated_info_8x8,0,0,0,0,0,17,0,0,0,0,1.64587
function@update_direct_types,0,0,0,0,0,0,0,0,0,0,0
function@update_direct_mv_info_spatial_8x8,20,0,0,5,0,9,42.4841,0,10,0,47.25
function@update_direct_mv_info_temporal,85,10,0,32,3,63,5.43841e+06,42152.8,96237.2,8447.75,2.12089e+06
function@update_direct_mv_info_spatial_4x4,14,4,0,11,0,12,3910,1170,521.25,0,1052.25
function@intrapred,0,0,0,0,0,0,0,0,0,0,0
function@itrans8x8,0,0,0,0,0,23,0,0,0,0,132
function@fmo_init,21,5,0,16,0,70,28.1543,1.87465,6.48632,0,893.206
function@FmoFinit,0,0,0,0,0,1,0,0,0,0,1
function@FmoGetNumberOfSliceGroup,0,0,0,0,0,0,0,0,0,0,0
function@FmoGetLastMBOfPicture,0,0,0,0,0,0,0,0,0,0,0
function@FmoGetLastMBInSliceGroup,0,0,0,0,0,0,0,0,0,0,0
function@FmoGetSliceGroupId,0,0,0,0,0,0,0,0,0,0,0
function@FmoGetNextMBNr,0,0,0,0,0,2,0,0,0,0,17.5333
function@intrapred8x8_normal,133,15,0,58,3,218,7.65849,1.5,8.12968,0.0703125,26.7609
function@LowPassForIntra8x8Pred,0,0,0,0,0,0,0,0,0,0,0
function@itrans4x4,0,0,0,0,0,8,0,0,0,0,8
function@itrans4x4_ls,0,0,0,0,0,0,0,0,0,0,0
function@Inv_Residual_trans_4x4,19,0,0,19,0,4,6.33333,0,6.33333,0,1.33333
function@Inv_Residual_trans_8x8,3,0,0,3,0,0,1,0,1,0,0
function@Inv_Residual_trans_16x16,13,0,0,8,4,0,82.4583,0,3.79167,0.833333,0
function@Inv_Residual_trans_Chroma,0,0,0,0,0,14,0,0,0,0,18.4375
function@itrans_2,0,0,0,0,0,17,0,0,0,0,17
function@itrans_sp,17,1,0,14,0,58,75,1,12,0,823
function@itrans_sp_cr,41,2,0,26,0,70,42192.4,0.5,788.203,0,199570
function@iMBtrans4x4,0,0,0,0,0,70,0,0,0,0,24.8235
function@copy_image_data_16x16,0,0,0,0,0,0,0,0,0,0,0
function@iMBtrans8x8,0,0,0,0,0,11,0,0,0,0,10.381
function@iTransform,55,4,0,25,0,63,312.344,44.459,16.7295,0,956.172
function@copy_image_data,10,3,0,9,0,7,42.72,30.6,2.88,0,22
function@copy_image_data_8x8,0,0,0,0,0,0,0,0,0,0,0
function@copy_image_data_4x4,0,0,0,0,0,0,0,0,0,0,0
function@CheckVertMV,0,0,0,0,0,0,0,0,0,0,0
function@initBitsFile,0,0,0,0,0,2,0,0,0,0,1.33333
function@read_next_nalu,0,0,0,0,0,6,0,0,0,0,4.74699
function@CheckZeroByteNonVCL,0,0,0,0,0,0,0,0,0,0,0
function@CheckZeroByteVCL,0,0,0,0,0,0,0,0,0,0,0
function@nal_unit_header_mvc_extension,0,0,0,0,0,9,0,0,0,0,9
function@main,0,0,0,0,0,11,0,0,0,0,51.277
function@set_loop_filter_functions_normal,0,0,0,0,0,0,0,0,0,0,0
function@GetStrengthVer,34,18,0,30,2,43,0.867249,0.235908,1.16404,0.160654,4.50423
function@GetStrengthHor,26,35,0,37,0,47,0.163784,0.700221,0.753589,0,4.06699
function@EdgeLoopLumaVer,23,10,0,13,0,87,111,290.159,72.4636,0,1019.71
function@EdgeLoopLumaHor,63,5,0,28,0,90,403.265,53.4437,89.5033,0,1093.17
function@EdgeLoopChromaVer,3,1,0,4,0,13,5.6962,0.316456,1.41772,0,32.1519
function@EdgeLoopChromaHor,5,1,0,6,0,13,4.1236,0.280899,2.06742,0,28.9213
function@AllocNALU,0,0,0,0,0,4,0,0,0,0,3.38095
function@FreeNALU,0,0,0,0,0,2,0,0,0,0,1.61905
function@intrapred_16x16_mbaff,9,6,0,10,0,122,0.86875,0.590625,1.55,0,25.225
function@init_contexts,4,0,0,4,0,394,2,0,2,0,2704.62
function@malloc_annex_b,0,0,0,0,0,2,0,0,0,0,2
function@init_annex_b,0,0,0,0,0,0,0,0,0,0,0
function@free_annex_b,0,0,0,0,0,1,0,0,0,0,1
function@GetAnnexbNALU,5,0,0,1,0,12,0.124287,0,0.124667,0,15.6226
function@OpenAnnexBFile,0,0,0,0,0,7,0,0,0,0,5.14286
function@CloseAnnexBFile,0,0,0,0,0,0,0,0,0,0,0
function@ResetAnnexB,0,0,0,0,0,0,0,0,0,0,0
function@GetConfigFileContent,0,0,0,0,0,19,0,0,0,0,6.53402
function@ParseContent,8,0,0,3,0,19,20.3403,0,2.3125,0,214.738
function@InitParams,0,0,0,0,0,1,0,0,0,0,21.25
function@TestParams,0,0,0,0,0,8,0,0,0,0,10.8333
function@DisplayParams,0,0,0,0,0,4,0,0,0,0,4
function@intra4x4_pred_normal,30,10,0,30,0,101,1.91015,0.715624,3,0,13.2895
function@timediff,0,0,0,0,0,0,0,0,0,0,0
function@timenorm,0,0,0,0,0,2,0,0,0,0,2
function@ercInit,0,0,0,0,0,6,0,0,0,0,6
function@ercClose,0,0,0,0,0,3,0,0,0,0,2.6
function@ercOpen,0,0,0,0,0,2,0,0,0,0,2
function@ercSetErrorConcealment,0,0,0,0,0,0,0,0,0,0,0
function@ercReset,0,0,0,0,0,13,0,0,0,0,5.14483
function@ercStartSegment,0,0,0,0,0,0,0,0,0,0,0
function@ercStopSegment,0,0,0,0,0,0,0,0,0,0,0
function@ercMarkCurrSegmentLost,0,0,0,0,0,3,0,0,0,0,20.3529
function@ercMarkCurrSegmentOK,0,0,0,0,0,3,0,0,0,0,20.72
function@ercMarkCurrMBConcealed,0,0,0,0,0,3,0,0,0,0,1.19266
function@reorder_short_term,0,0,0,0,0,7,0,0,0,0,21.5529
function@reorder_long_term,0,0,0,0,0,8,0,0,0,0,22.5529
function@init_lists_i_slice_mvc,0,0,0,0,0,0,0,0,0,0,0
function@init_lists_p_slice_mvc,7,2,0,5,0,24,3.49235,0.373089,3.87156,0,25.8563
function@compare_pic_by_pic_num_desc,0,0,0,0,0,0,0,0,0,0,0
function@compare_pic_by_lt_pic_num_asc,0,0,0,0,0,0,0,0,0,0,0
function@compare_fs_by_frame_num_desc,0,0,0,0,0,0,0,0,0,0,0
function@compare_fs_by_lt_pic_idx_asc,0,0,0,0,0,0,0,0,0,0,0
function@init_lists_b_slice_mvc,21,8,0,12,0,63,8.73089,1.77676,8.25688,0,40.5627
function@compare_pic_by_poc_desc,0,0,0,0,0,0,0,0,0,0,0
function@compare_pic_by_poc_asc,0,0,0,0,0,0,0,0,0,0,0
function@compare_fs_by_poc_desc,0,0,0,0,0,0,0,0,0,0,0
function@compare_fs_by_poc_asc,0,0,0,0,0,0,0,0,0,0,0
function@init_lists_mvc,37,8,0,17,0,87,3.20696,0.411477,3.82234,0,20.2631
function@reorder_ref_pic_list_mvc,35,5,0,19,2,25,114.953,13.7918,16.9167,1.25,120.838
function@reorder_lists_mvc,0,0,0,0,0,5,0,0,0,0,3.31085
function@ReadFrameConcatenated,2,0,0,1,0,18,0.177073,0,0.266617,0,54.6001
function@ReadFrameSeparate,2,0,0,1,0,18,0.177073,0,0.266617,0,56.1001
function@Scaling_List,2,0,0,1,0,10,12.72,0,1,0,60.24
function@InterpretSPS,6,1,0,4,0,56,312.542,15.7778,6.79167,0,997.542
function@InitVUI,0,0,0,0,0,0,0,0,0,0,0
function@ReadVUI,0,0,0,0,0,36,0,0,0,0,16.925
function@ReadHRDParameters,0,0,0,0,0,11,0,0,0,0,103.625
function@InterpretPPS,3,1,0,2,0,44,105.874,7.84034,0.487395,0,510.475
function@MakePPSavailable,0,0,0,0,0,4,0,0,0,0,4
function@CleanUpPPS,0,0,0,0,0,1,0,0,0,0,1
function@MakeSPSavailable,0,0,0,0,0,2,0,0,0,0,2
function@ProcessSPS,0,0,0,0,0,13,0,0,0,0,10.8678
function@get_max_dec_frame_buf_size,0,0,0,0,0,1,0,0,0,0,1
function@ProcessSubsetSPS,4,0,0,2,0,20,1.94737,0,2,0,23.3421
function@ProcessPPS,0,0,0,0,0,13,0,0,0,0,11.3853
function@reset_format_info,0,0,0,0,0,2,0,0,0,0,1.23529
function@activate_sps,0,0,0,0,0,15,0,0,0,0,9.53893
function@activate_pps,0,0,0,0,0,3,0,0,0,0,2.4
function@UseParameterSet,0,0,0,0,0,7,0,0,0,0,4.38095
function@seq_parameter_set_mvc_extension,0,0,0,0,0,40,0,0,0,0,3380.94
function@MemAlloc1D,0,0,0,0,0,3,0,0,0,0,2.61905
function@hrd_parameters,0,0,0,0,0,12,0,0,0,0,72.75
function@mvc_vui_parameters_extension,0,0,0,0,0,31,0,0,0,0,507.118
function@init_subset_sps_list,0,0,0,0,0,4,0,0,0,0,3.32
function@reset_subset_sps,0,0,0,0,0,2,0,0,0,0,7.01923
function@GetBaseViewId,0,0,0,0,0,0,0,0,0,0,0
function@initInput,0,0,0,0,0,0,0,0,0,0,0
function@buf2img_endian,10,6,0,13,0,37,19.9219,15.1406,2.5,0,39.8281
function@buf2img_basic,34,36,0,33,0,48,57.3516,375.879,30.8516,0,821.406
function@buf2img_bitshift,41,27,0,41,0,49,457.409,320.844,39.1816,0,1360.05
function@fillPlane,0,0,0,0,0,6,0,0,0,0,8.45
function@AllocateFrameMemory,0,0,0,0,0,3,0,0,0,0,3
function@DeleteFrameMemory,0,0,0,0,0,1,0,0,0,0,1
function@read_one_frame,33,5,0,31,1,51,82,8.82569,34.8807,0.495413,91.6238
function@pad_borders,22,5,0,8,1,35,4.85294,1.2549,4.03922,0.156863,107.49
function@init_top_bot_planes,0,0,0,0,0,12,0,0,0,0,9.25
function@no_mem_exit,0,0,0,0,0,3,0,0,0,0,3
function@free_top_bot_planes,0,0,0,0,0,2,0,0,0,0,2
function@get_mem2Ddist,0,0,0,0,0,12,0,0,0,0,8
function@get_mem2Dlm,0,0,0,0,0,11,0,0,0,0,7
function@free_mem2Ddist,0,0,0,0,0,2,0,0,0,0,1.61765
function@free_mem2Dlm,0,0,0,0,0,2,0,0,0,0,1.61765
function@get_mem2Dmp,0,0,0,0,0,12,0,0,0,0,8
function@get_mem3Dmp,0,0,0,0,0,11,0,0,0,0,9.25
function@free_mem2Dmp,0,0,0,0,0,2,0,0,0,0,1.61765
function@free_mem3Dmp,0,0,0,0,0,3,0,0,0,0,2.01852
function@get_mem2Dquant,0,0,0,0,0,10,0,0,0,0,6.75
function@get_mem3Dquant,0,0,0,0,0,11,0,0,0,0,9.25
function@get_mem4Dquant,1,2,0,3,0,17,1,1.5,3,0,13.5
function@get_mem5Dquant,1,0,0,1,0,11,1,0,1,0,10.5
function@free_mem2Dquant,0,0,0,0,0,2,0,0,0,0,1.61765
function@free_mem3Dquant,0,0,0,0,0,3,0,0,0,0,2.01852
function@free_mem4Dquant,0,0,0,0,0,4,0,0,0,0,2.25287
function@free_mem5Dquant,0,0,0,0,0,2,0,0,0,0,1.61905
function@get_mem2D_spp,0,0,0,0,0,10,0,0,0,0,7
function@get_mem3D_spp,0,0,0,0,0,11,0,0,0,0,9.25
function@get_mem2Dmv,0,0,0,0,0,10,0,0,0,0,7
function@get_mem3Dmv,0,0,0,0,0,11,0,0,0,0,9.25
function@get_mem4Dmv,1,2,0,3,0,17,1,1.5,3,0,13.5
function@get_mem5Dmv,1,0,0,1,0,11,1,0,1,0,10.5
function@get_mem6Dmv,4,2,0,6,0,19,4,1.5,6,0,14.25
function@get_mem7Dmv,1,0,0,1,0,11,1,0,1,0,10.5
function@free_mem2D_spp,0,0,0,0,0,2,0,0,0,0,1.61765
function@free_mem3D_spp,0,0,0,0,0,3,0,0,0,0,2.01852
function@free_mem2Dmv,0,0,0,0,0,2,0,0,0,0,1.61765
function@free_mem3Dmv,0,0,0,0,0,3,0,0,0,0,2.01852
function@free_mem4Dmv,0,0,0,0,0,4,0,0,0,0,2.25287
function@free_mem5Dmv,0,0,0,0,0,2,0,0,0,0,1.61905
function@free_mem6Dmv,0,0,0,0,0,3,0,0,0,0,2
function@free_mem7Dmv,0,0,0,0,0,4,0,0,0,0,2.25926
function@get_mem1Dpel,0,0,0,0,0,4,0,0,0,0,2.7619
function@get_mem2Dpel,0,0,0,0,0,10,0,0,0,0,7
function@get_mem2DpelWithPad,0,0,0,0,0,10,0,0,0,0,7
function@get_mem3Dpel,0,0,0,0,0,11,0,0,0,0,9.25
function@get_mem3DpelWithPad,1,0,0,1,0,11,1,0,1,0,10.5
function@get_mem3DpelWithPadSeparately,2,1,0,3,0,12,20.9048,20.2857,2.2381,0,88.7619
function@get_mem4Dpel,1,2,0,3,0,17,1,1.5,3,0,13.5
function@get_mem4DpelWithPad,3,2,0,5,0,18,3,1.5,5,0,14.5
function@get_mem4DpelWithPadSeparately,3,2,0,5,0,17,21.9688,1.5,5,0,51.5625
function@get_mem5Dpel,1,0,0,1,0,11,1,0,1,0,10.5
function@get_mem5DpelWithPad,1,0,0,1,0,11,1,0,1,0,10.5
function@get_mem5DpelWithPadSeparately,1,0,0,1,0,11,1,0,1,0,10.5
function@free_mem1Dpel,0,0,0,0,0,0,0,0,0,0,0
function@free_mem2Dpel,0,0,0,0,0,2,0,0,0,0,1.61765
function@free_mem2DpelWithPad,0,0,0,0,0,2,0,0,0,0,2
function@free_mem3Dpel,0,0,0,0,0,3,0,0,0,0,2.01852
function@free_mem3DpelWithPad,0,0,0,0,0,3,0,0,0,0,2.62963
function@free_mem3DpelWithPadSeparately,0,0,0,0,0,2,0,0,0,0,1.61905
function@free_mem4Dpel,0,0,0,0,0,4,0,0,0,0,2.25287
function@free_mem4DpelWithPad,0,0,0,0,0,2,0,0,0,0,1.61905
function@free_mem4DpelWithPadSeparately,1,0,0,1,0,3,0.382353,0,0.382353,0,2
function@free_mem5Dpel,0,0,0,0,0,2,0,0,0,0,1.61905
function@free_mem5DpelWithPad,0,0,0,0,0,3,0,0,0,0,2
function@free_mem5DpelWithPadSeparately,0,0,0,0,0,2,0,0,0,0,1.61905
function@new_mem2D,0,0,0,0,0,11,0,0,0,0,8
function@get_mem2D,0,0,0,0,0,11,0,0,0,0,8
function@new_mem2Dint,0,0,0,0,0,14,0,0,0,0,16.4688
function@get_mem2Dint,0,0,0,0,0,10,0,0,0,0,7
function@get_mem2DintWithPad,0,0,0,0,0,11,0,0,0,0,7.25
function@get_mem2Dint64,0,0,0,0,0,10,0,0,0,0,7
function@get_mem2Ddistblk,0,0,0,0,0,10,0,0,0,0,7
function@get_mem3D,0,0,0,0,0,11,0,0,0,0,9.25
function@get_mem4D,1,2,0,3,0,17,1,1.5,3,0,13.5
function@get_mem3Dint,0,0,0,0,0,11,0,0,0,0,9.25
function@get_mem3Dint64,0,0,0,0,0,11,0,0,0,0,9.25
function@get_mem3Ddistblk,0,0,0,0,0,11,0,0,0,0,9.25
function@get_mem4Dint,1,2,0,3,0,17,1,1.5,3,0,13.5
function@get_mem4Dint64,1,2,0,3,0,17,1,1.5,3,0,13.5
function@get_mem4Ddistblk,1,2,0,3,0,17,1,1.5,3,0,13.5
function@get_mem5Dint,1,0,0,1,0,11,1,0,1,0,10.5
function@free_mem2D,0,0,0,0,0,2,0,0,0,0,1.61765
function@free_mem2Dint,0,0,0,0,0,2,0,0,0,0,1.61765
function@free_mem2DintWithPad,0,0,0,0,0,2,0,0,0,0,2
function@free_mem2Dint64,0,0,0,0,0,2,0,0,0,0,1.61765
function@free_mem3D,0,0,0,0,0,3,0,0,0,0,2.01852
function@free_mem4D,0,0,0,0,0,4,0,0,0,0,2.25287
function@free_mem3Dint,0,0,0,0,0,3,0,0,0,0,2.01852
function@free_mem3Dint64,0,0,0,0,0,3,0,0,0,0,2.01852
function@free_mem3Ddistblk,0,0,0,0,0,3,0,0,0,0,2.01852
function@free_mem2Ddistblk,0,0,0,0,0,2,0,0,0,0,1.61765
function@free_mem4Dint,0,0,0,0,0,4,0,0,0,0,2.25287
function@free_mem4Dint64,0,0,0,0,0,4,0,0,0,0,2.25287
function@free_mem4Ddistblk,0,0,0,0,0,4,0,0,0,0,2.25287
function@free_mem5Dint,0,0,0,0,0,2,0,0,0,0,1.61905
function@new_mem2Duint16,0,0,0,0,0,14,0,0,0,0,16.4688
function@get_mem2Duint16,0,0,0,0,0,10,0,0,0,0,7
function@get_mem3Duint16,0,0,0,0,0,11,0,0,0,0,9.25
function@get_mem4Duint16,1,2,0,3,0,17,1,1.5,3,0,13.5
function@get_mem2Dshort,0,0,0,0,0,10,0,0,0,0,7
function@get_mem3Dshort,0,0,0,0,0,11,0,0,0,0,9.25
function@get_mem4Dshort,1,2,0,3,0,17,1,1.5,3,0,13.5
function@get_mem5Dshort,1,0,0,1,0,11,1,0,1,0,10.5
function@get_mem6Dshort,4,2,0,6,0,19,4,1.5,6,0,14.25
function@get_mem7Dshort,1,0,0,1,0,11,1,0,1,0,10.5
function@free_mem2Duint16,0,0,0,0,0,2,0,0,0,0,1.61765
function@free_mem3Duint16,0,0,0,0,0,3,0,0,0,0,2.01852
function@free_mem4Duint16,0,0,0,0,0,4,0,0,0,0,2.25287
function@free_mem2Dshort,0,0,0,0,0,2,0,0,0,0,1.61765
function@free_mem3Dshort,0,0,0,0,0,3,0,0,0,0,2.01852
function@free_mem4Dshort,0,0,0,0,0,4,0,0,0,0,2.25287
function@free_mem5Dshort,0,0,0,0,0,2,0,0,0,0,1.61905
function@free_mem6Dshort,0,0,0,0,0,3,0,0,0,0,2
function@free_mem7Dshort,0,0,0,0,0,4,0,0,0,0,2.25926
function@get_mem2Ddouble,0,0,0,0,0,10,0,0,0,0,7
function@get_mem1Dodouble,0,0,0,0,0,6,0,0,0,0,4.7619
function@get_mem2Dodouble,0,0,0,0,0,11,0,0,0,0,8
function@get_mem3Dodouble,3,6,0,5,0,14,13.8438,15.8438,3.75,0,707.906
function@get_offset_mem2Dshort,0,0,0,0,0,16,0,0,0,0,12.25
function@get_mem3Doint,3,6,0,5,0,14,13.8438,15.8438,3.75,0,707.906
function@get_mem2Doint,0,0,0,0,0,11,0,0,0,0,8
function@get_mem3Ddouble,0,0,0,0,0,14,0,0,0,0,9.70312
function@free_mem2Ddouble,0,0,0,0,0,2,0,0,0,0,1.61765
function@free_mem1Dodouble,0,0,0,0,0,0,0,0,0,0,0
function@free_mem2Dodouble,0,0,0,0,0,3,0,0,0,0,2.23529
function@free_mem3Dodouble,1,1,0,1,0,4,0.294118,0.617647,0.617647,0,12.2647
function@free_mem3Doint,1,1,0,1,0,4,0.294118,0.617647,0.617647,0,12.2647
function@free_mem2Doint,0,0,0,0,0,3,0,0,0,0,2.23529
function@free_offset_mem2Dshort,0,0,0,0,0,3,0,0,0,0,2.23529
function@free_mem3Ddouble,0,0,0,0,0,3,0,0,0,0,2.01852
function@get_mem2Dolm,0,0,0,0,0,12,0,0,0,0,8
function@free_mem2Dolm,0,0,0,0,0,2,0,0,0,0,1.61765
function@CheckAvailabilityOfNeighborsCABAC,0,0,0,0,0,5,0,0,0,0,5
function@cabac_new_slice,0,0,0,0,0,0,0,0,0,0,0
function@create_contexts_MotionInfo,0,0,0,0,0,2,0,0,0,0,2
function@create_contexts_TextureInfo,0,0,0,0,0,2,0,0,0,0,2
function@delete_contexts_MotionInfo,0,0,0,0,0,0,0,0,0,0,0
function@delete_contexts_TextureInfo,0,0,0,0,0,0,0,0,0,0,0
function@readFieldModeInfo_CABAC,0,0,0,0,0,3,0,0,0,0,3
function@check_next_mb_and_get_field_mode_CABAC_p_slice,32,1,0,16,0,17,28.5,1,16,0,16.5
function@read_skip_flag_CABAC_p_slice,0,0,0,0,0,3,0,0,0,0,3
function@check_next_mb_and_get_field_mode_CABAC_b_slice,33,0,0,15,2,15,29.5,0,15,1,14.5
function@read_skip_flag_CABAC_b_slice,0,0,0,0,0,3,0,0,0,0,3
function@read_MVD_CABAC,11,3,0,7,0,27,6.11914,2.09375,7,0,122.158
function@readB8_typeInfo_CABAC_p_slice,0,0,0,0,0,6,0,0,0,0,3.83929
function@readB8_typeInfo_CABAC_b_slice,0,0,0,0,0,17,0,0,0,0,6.97701
function@readMB_transform_size_flag_CABAC,0,0,0,0,0,3,0,0,0,0,3
function@readMB_typeInfo_CABAC_i_slice,3,0,0,1,0,21,0.663609,0,0.333333,0,5.66055
function@readMB_typeInfo_CABAC_p_slice,0,0,0,0,0,21,0,0,0,0,7.08257
function@readMB_typeInfo_CABAC_b_slice,5,0,0,1,0,30,0.388359,0,0.390267,0,8.42271
function@readIntraPredMode_CABAC,0,0,0,0,0,9,0,0,0,0,6
function@readRefFrame_CABAC,4,0,0,2,0,11,1.01562,0,2,0,33.625
function@read_dQuant_CABAC,0,0,0,0,0,7,0,0,0,0,29.575
function@read_CBP_CABAC,23,0,0,7,0,9,10.0417,0,7,0,7.625
function@readCIPredMode_CABAC,0,0,0,0,0,7,0,0,0,0,5
function@set_read_and_store_CBP,0,0,0,0,0,0,0,0,0,0,0
function@read_and_store_CBP_block_bit_444,30,3,0,14,1,32,8.1875,1.625,13.25,1,12.5938
function@read_and_store_CBP_block_bit_normal,17,2,0,16,0,66,1.8875,0.125,2,0,11.425
function@readRunLevel_CABAC,19,0,0,11,2,39,27.9628,0,11.0496,4.92975,383.764
function@readSyntaxElement_CABAC,0,0,0,0,0,8,0,0,0,0,8
function@cabac_startcode_follows,0,0,0,0,0,1,0,0,0,0,0.619048
function@readIPCM_CABAC,69,10,0,34,0,70,2122.42,320,405.092,0,2230.45
function@ue_v,0,0,0,0,0,0,0,0,0,0,0
function@linfo_ue,0,0,0,0,0,1,0,0,0,0,1
function@readSyntaxElement_VLC,0,0,0,0,0,5,0,0,0,0,15.1681
function@se_v,0,0,0,0,0,0,0,0,0,0,0
function@linfo_se,0,0,0,0,0,3,0,0,0,0,3
function@u_v,0,0,0,0,0,4,0,0,0,0,10.4706
function@readSyntaxElement_FLC,0,0,0,0,0,4,0,0,0,0,10.4706
function@i_v,0,0,0,0,0,6,0,0,0,0,12.4706
function@u_1,0,0,0,0,0,1,0,0,0,0,0.5
function@linfo_cbp_intra_normal,0,0,0,0,0,1,0,0,0,0,1
function@linfo_cbp_intra_other,0,0,0,0,0,1,0,0,0,0,1
function@linfo_cbp_inter_normal,0,0,0,0,0,1,0,0,0,0,1
function@linfo_cbp_inter_other,0,0,0,0,0,1,0,0,0,0,1
function@linfo_levrun_inter,0,0,0,0,0,6,0,0,0,0,3.5
function@linfo_levrun_c2x2,0,0,0,0,0,6,0,0,0,0,3.5
function@GetVLCSymbol,0,0,0,0,0,3,0,0,0,0,1.58824
function@readSyntaxElement_UVLC,0,0,0,0,0,1,0,0,0,0,1
function@readSyntaxElement_Intra4x4PredictionMode,0,0,0,0,0,2,0,0,0,0,1.19048
function@GetVLCSymbol_IntraMode,0,0,0,0,0,1,0,0,0,0,1
function@more_rbsp_data,0,0,0,0,0,2,0,0,0,0,1.5
function@uvlc_startcode_follows,0,0,0,0,0,2,0,0,0,0,1.4902
function@GetBits,0,0,0,0,0,5,0,0,0,0,10.9608
function@readSyntaxElement_NumCoeffTrailingOnes,3,0,0,3,0,26,0.75,0,0.75,0,18.75
function@ShowBits,0,0,0,0,0,5,0,0,0,0,11.4706
function@readSyntaxElement_NumCoeffTrailingOnesChromaDC,0,0,0,0,0,20,0,0,0,0,34.9999
function@readSyntaxElement_Level_VLC0,0,0,0,0,0,22,0,0,0,0,23.7294
function@readSyntaxElement_Level_VLCN,6,0,0,6,0,28,0.834646,0,0.834646,0,35.3307
function@readSyntaxElement_TotalZeros,0,0,0,0,0,16,0,0,0,0,2.99275
function@readSyntaxElement_TotalZerosChromaDC,0,0,0,0,0,16,0,0,0,0,2.99275
function@readSyntaxElement_Run,0,0,0,0,0,16,0,0,0,0,2.99275
function@process_image,0,0,0,0,0,5,0,0,0,0,2.44118
function@MuxImages,26,5,0,20,0,45,110.719,41.125,8.84375,0,1825.06
function@FilterImageSep,27,4,0,19,1,34,72.6782,14.7011,19.1667,0.390805,1698.94
function@intrapred_16x16_normal,1,1,0,2,0,26,0.0500976,0.2,0.4,0,6.02088
function@AllocPPS,0,0,0,0,0,2,0,0,0,0,2
function@AllocSPS,0,0,0,0,0,2,0,0,0,0,2
function@FreePPS,0,0,0,0,0,2,0,0,0,0,2
function@FreeSPS,0,0,0,0,0,0,0,0,0,0,0
function@sps_is_equal,0,0,0,0,0,5,0,0,0,0,1.02289
function@pps_is_equal,0,0,0,0,0,12,0,0,0,0,1.84687
function@CeilLog2,0,0,0,0,0,2,0,0,0,0,20.9048
function@CeilLog2_sf,0,0,0,0,0,2,0,0,0,0,20.9048
function@FirstPartOfSliceHeader,0,0,0,0,0,5,0,0,0,0,4.61905
function@RestOfSliceHeader,16,0,0,11,0,77,13.4758,0,5.66079,0,140.115
function@dec_ref_pic_marking,0,0,0,0,0,15,0,0,0,0,193.059
function@decode_poc,0,0,0,0,0,16,0,0,0,0,2.98036
function@dumppoc,0,0,0,0,0,1,0,0,0,0,1
function@picture_order,0,0,0,0,0,0,0,0,0,0,0
function@ercConcealIntraFrame,2,0,0,1,0,19,0.481481,0,0.240741,0,9.12963
function@concealBlocks,88,25,0,42,3,47,34366.6,25766.5,793.368,25.3906,22034.5
function@ercPixConcealIMB,60,17,0,16,0,66,926.06,27.9459,5.13601,0,542.516
function@ercCollect8PredBlocks,26,6,0,6,3,8,6.56305,2.12023,6,1.56012,6.6217
function@ercCollectColumnBlocks,0,0,0,0,0,0,0,0,0,0,0
function@write_picture,69,16,0,34,2,74,10.0151,3.05713,6.59713,0.140625,11.717
function@init_out_buffer,0,0,0,0,0,1,0,0,0,0,1
function@uninit_out_buffer,0,0,0,0,0,1,0,0,0,0,1
function@clear_picture,0,0,0,0,0,18,0,0,0,0,23.5
function@write_unpaired_field,0,0,0,0,0,46,0,0,0,0,31.35
function@flush_direct_output,0,0,0,0,0,2,0,0,0,0,2
function@write_stored_frame,0,0,0,0,0,6,0,0,0,0,4.32
function@direct_output,0,0,0,0,0,17,0,0,0,0,5.90196
function@img2buf_endian,0,0,0,0,0,6,0,0,0,0,11.9844
function@img2buf_normal,21,10,0,18,0,50,217.624,25.2471,11.0118,0,506.847
function@allocate_pred_mem,0,0,0,0,0,6,0,0,0,0,6
function@free_pred_mem,0,0,0,0,0,1,0,0,0,0,1
function@get_block_luma,32,15,0,34,0,100,7.3542,3.07405,1.24275,0,24.8267
function@get_luma_01,50,8,0,27,4,46,385.57,53.4356,65.4294,25.1288,259.828
function@get_luma_02,44,5,0,18,0,29,406.79,33.8148,45.0617,0,232.654
function@get_luma_03,51,10,0,29,3,45,394.994,66,84.2761,18.8466,256.687
function@get_luma_21,34,7,0,27,0,16,171.125,45.2812,79.4688,0,311.75
function@get_luma_22,28,7,0,21,0,25,135.312,45.2812,43.6562,0,359.469
function@get_luma_23,34,7,0,27,0,16,171.125,45.2812,79.4688,0,311.75
function@get_luma_12,18,9,0,18,0,13,90.6667,38.7647,21.4314,0,306.098
function@get_luma_32,18,9,0,18,0,13,90.6667,38.7647,21.4314,0,306.098
function@get_luma_11,58,17,0,33,6,34,230.813,61.0431,28.7799,12.4019,288.55
function@get_luma_13,59,17,0,34,6,34,243.354,61.0431,41.3206,12.4019,288.55
function@get_luma_31,58,16,0,32,6,34,230.813,58.5933,26.3301,12.4019,288.55
function@get_luma_33,59,16,0,33,6,34,243.354,58.5933,38.8708,12.4019,288.55
function@intra_cr_decoding,33,1,0,10,0,37,4233,31.875,82.5,0,4014.5
function@prepare_direct_params,1,0,0,1,0,16,0.625,0,1,0,8.67432
function@perform_mc,424,132,0,211,10,263,83.2786,42.0455,41.7545,1.49517,433.671
function@get_block_chroma,108,48,0,58,7,88,37.0807,29.5242,15.2581,6.73387,196.987
function@intrapred8x8,0,0,0,0,0,2,0,0,0,0,2
function@intrapred_chroma_ver_mbaff,0,2,0,2,0,14,0,5.08423,0.448608,0,39.328
function@intrapred_chroma,167,91,0,53,4,170,108.079,44.3642,4.16382,0.325,127.89
function@intrapred_chroma_mbaff,99,42,0,65,10,111,985.58,244.861,214.249,0.76875,570.896
function@intra_chroma_DC_all_mbaff,0,0,0,0,0,2,0,0,0,0,0.852941
function@set_loop_filter_functions_mbaff,0,0,0,0,0,0,0,0,0,0,0
function@GetStrengthVerMBAff,31,20,0,17,0,101,30.7102,2.24472,3.51928,0,89.3707
function@GetStrengthHorMBAff,9,8,0,7,0,41,10.7703,0.234832,2.36865,0,33.819
function@EdgeLoopLumaVerMBAff,30,11,0,21,0,32,113.771,40.4375,15.0781,0,45.2598
function@EdgeLoopLumaHorMBAff,27,10,0,22,2,29,27.6092,12.7405,12.0909,0.74884,25.7224
function@EdgeLoopChromaVerMBAff,11,4,0,12,0,21,145.022,24.5239,8.625,0,182.706
function@EdgeLoopChromaHorMBAff,8,5,0,11,0,20,20.1859,10.4107,9.12939,0,37.8217
function@get_non_aff_neighbor_luma,0,0,0,0,0,1,0,0,0,0,1
function@get_non_aff_neighbor_chroma,0,0,0,0,0,0,0,0,0,0,0
function@init_qp_process,0,0,0,0,0,7,0,0,0,0,8.46032
function@free_qp_matrices,0,0,0,0,0,1,0,0,0,0,1
function@assign_quant_params,0,0,0,0,0,6,0,0,0,0,48.3214
function@CalculateQuant4x4Param,37,5,0,21,0,5,1179.38,159.375,484.125,0,159.375
function@CalculateQuant8x8Param,4,0,0,4,0,31,2,0,2,0,21.5
function@set_dequant8x8,0,0,0,0,0,0,0,0,0,0,0
function@OpenRTPFile,0,0,0,0,0,6,0,0,0,0,4.14286
function@CloseRTPFile,0,0,0,0,0,1,0,0,0,0,1
function@GetRTPNALU,0,0,0,0,0,11,0,0,0,0,8.48
function@RTPReadPacket,0,0,0,0,0,12,0,0,0,0,8.5
function@DumpRTPHeader,0,0,0,0,0,1,0,0,0,0,1
function@getDpbSize,0,0,0,0,0,2,0,0,0,0,1.60886
function@check_num_ref,0,0,0,0,0,0,0,0,0,0,0
function@init_dpb,0,0,0,0,0,15,0,0,0,0,29.9412
function@free_dpb,0,0,0,0,0,3,0,0,0,0,9.34375
function@GetMaxDecFrameBuffering,0,0,0,0,0,4,0,0,0,0,13.625
function@alloc_frame_store,0,0,0,0,0,2,0,0,0,0,2
function@alloc_storable_picture,8,0,0,5,0,26,6.85714,0,5,0,21.0476
function@re_init_dpb,0,0,0,0,0,9,0,0,0,0,12.1905
function@free_frame_store,0,0,0,0,0,2,0,0,0,0,1.61905
function@free_storable_picture,0,0,0,0,0,2,0,0,0,0,1.625
function@alloc_pic_motion,0,0,0,0,0,1,0,0,0,0,1
function@free_pic_motion,0,0,0,0,0,1,0,0,0,0,1
function@is_short_ref,0,0,0,0,0,0,0,0,0,0,0
function@is_long_ref,0,0,0,0,0,0,0,0,0,0,0
function@gen_pic_list_from_frame_list,12,1,0,4,0,15,27.7949,0.794872,4,0,719.564
function@update_pic_num,0,0,0,0,0,3,0,0,0,0,9.23673
function@init_lists_i_slice,0,0,0,0,0,0,0,0,0,0,0
function@init_lists_p_slice,12,4,0,4,0,50,17.3547,0.746177,3.24771,0,1045.47
function@compare_pic_by_pic_num_desc,0,0,0,0,0,0,0,0,0,0,0
function@compare_pic_by_lt_pic_num_asc,0,0,0,0,0,0,0,0,0,0,0
function@compare_fs_by_frame_num_desc,0,0,0,0,0,0,0,0,0,0,0
function@compare_fs_by_lt_pic_idx_asc,0,0,0,0,0,0,0,0,0,0,0
function@append_interview_list,6,0,0,2,0,9,2,0,2,0,27.5893
function@init_lists_b_slice,32,6,0,12,0,108,10.6239,1.07951,7.63303,0,1880.34
function@compare_pic_by_poc_desc,0,0,0,0,0,0,0,0,0,0,0
function@compare_pic_by_poc_asc,0,0,0,0,0,0,0,0,0,0,0
function@compare_fs_by_poc_desc,0,0,0,0,0,0,0,0,0,0,0
function@compare_fs_by_poc_asc,0,0,0,0,0,0,0,0,0,0,0
function@init_lists,47,9,0,17,0,150,10.931,0.43956,3.37241,0,792.836
function@init_mbaff_lists,0,0,0,0,0,0,0,0,0,0,0
function@get_short_term_pic,0,0,0,0,0,0,0,0,0,0,0
function@get_long_term_pic,0,0,0,0,0,0,0,0,0,0,0
function@reorder_ref_pic_list,8,1,0,7,0,9,35,8,6,0,49.5
function@update_ref_list,0,0,0,0,0,2,0,0,0,0,1
function@update_ltref_list,0,0,0,0,0,2,0,0,0,0,1
function@mm_update_max_long_term_frame_idx,0,0,0,0,0,4,0,0,0,0,4
function@store_picture_in_dpb,9,0,0,4,0,74,2.27792,0,1.63469,0,51.5236
function@insert_picture_in_dpb,0,0,0,0,0,13,0,0,0,0,5.33742
function@remove_unused_frame_from_dpb,0,0,0,0,0,1,0,0,0,0,1
function@output_one_frame_from_dpb,0,0,0,0,0,14,0,0,0,0,13.0813
function@flush_dpb,0,0,0,0,0,7,0,0,0,0,98.4412
function@unmark_for_reference,0,0,0,0,0,1,0,0,0,0,1
function@dpb_split_field,3,2,0,3,0,27,0.735294,3.92647,1.73529,0,372.676
function@dpb_combine_field_yuv,0,0,0,0,0,4,0,0,0,0,3.23214
function@dpb_combine_field,0,0,0,0,0,4,0,0,0,0,4
function@alloc_ref_pic_list_reordering_buffer,0,0,0,0,0,9,0,0,0,0,4.3125
function@free_ref_pic_list_reordering_buffer,0,0,0,0,0,1,0,0,0,0,1
function@fill_frame_num_gap,1,0,0,1,0,9,1,0,1,0,92.625
function@compute_colocated,0,0,0,0,0,2,0,0,0,0,188.176
function@unmark_long_term_field_for_reference_by_frame_idx,0,0,0,0,0,1,0,0,0,0,1
function@remove_frame_from_dpb,0,0,0,0,0,7,0,0,0,0,21.9524
function@mb_is_available,0,0,0,0,0,0,0,0,0,0,0
function@CheckAvailabilityOfNeighbors,0,0,0,0,0,3,0,0,0,0,1.62455
function@get_mb_block_pos_normal,0,0,0,0,0,0,0,0,0,0,0
function@get_mb_block_pos_mbaff,0,0,0,0,0,1,0,0,0,0,1
function@get_mb_pos,0,0,0,0,0,7,0,0,0,0,7
function@getNonAffNeighbour,0,0,0,0,0,0,0,0,0,0,0
function@getAffNeighbour,0,0,0,0,0,8,0,0,0,0,2.17074
function@get4x4Neighbour,0,0,0,0,0,2,0,0,0,0,2
function@get4x4NeighbourBase,0,0,0,0,0,2,0,0,0,0,2
function@main,103,4,0,48,11,111,531.423,3.16374,288.46,3.56892,936.592
function@get_version,0,0,0,0,0,15,0,0,0,0,8.49999
function@spec_strdup,0,0,0,0,0,10,0,0,0,0,9
function@printUsage,0,0,0,0,0,1,0,0,0,0,1
function@load_image_file,0,0,0,0,0,26,0,0,0,0,19.6406
function@init_targa,0,0,0,0,0,12,0,0,0,0,26.64
function@dump_tga,0,0,0,0,0,29,0,0,0,0,456.333
function@dump_header,0,0,0,0,0,3,0,0,0,0,2.5
function@computeSSIM,96,16,0,56,0,56,898374,189346,34472.7,0,215579
function@mean,0,0,0,0,0,1,0,0,0,0,0.6
function@variance,0,0,0,0,0,2,0,0,0,0,1.6
function@covariance,0,0,0,0,0,1,0,0,0,0,0.32
function@read_yuv_file,19,3,0,5,0,49,50.1651,21.6237,4.99999,0,983.467
function@read_tga_file,1,0,0,1,0,42,7.49975,0,19.9994,0,957.512
