Comando: /home/mpvreal/Code/Faculdade/tcc/llvm/build/bin/llc --march=x86 --regalloc=basic -o -
Heurística: original
function@flux_,35,2,0,6,6,3,35,2,6,5.5,3
function@flux_..omp_par.4,283,22,0,60,21,12,2.08362e+06,33507.1,162574,73577.1,17062.4
function@flux_..omp_par.3,118,30,0,42,19,12,42906.1,7693.06,4923.19,4839.44,2462.44
function@flux_..omp_par.2,106,12,0,43,20,6,39280.8,1269.19,8880,5638.69,426.688
function@flux_..omp_par.1,806,179,0,90,220,9,1.70708e+06,22708.7,51651.4,100846,1912.5
function@flux_..omp_par,106,12,0,43,20,6,39280.8,1269.19,8880,5638.69,426.688
function@_QQmain,1,5,0,3,1,27,1,5,3,0.47619,25
function@jacobian_,12,1,0,1,5,0,12,1,1,4.5,0
function@jacobian_..omp_par,463,18,0,100,43,8,3.25986e+06,33619.2,234450,226176,8775.88
function@fill1_,4,2,0,2,2,0,4,2,2,1,0
function@fill1_..omp_par.1,18,17,0,15,3,3,4098.12,3656.38,1271.81,2.25,800.5
function@fill1_..omp_par,24,15,0,17,13,2,30960.2,9331.5,5634.56,5464.12,1.25
function@shell_,126,52,0,42,51,8,1.34318e+06,180412,338671,338539,169003
function@shell_..omp_par.8,88,28,0,37,34,3,185450,27443.8,24806,24335.2,1125.44
function@shell_..omp_par.7,138,26,0,53,34,13,2.61957e+07,2.04976e+06,1.85057e+06,3.63465e+06,33049.9
function@shell_..omp_par.6,121,21,0,50,18,8,7.46051e+08,4.94092e+07,4.1258e+07,9.24933e+06,8.20853e+06
function@shell_..omp_par.5,39,13,0,26,12,4,147598,16696.1,2516.06,9328.06,16001
function@shell_..omp_par.4,109,44,0,59,40,15,43053.1,11483.4,6581.88,2924.75,9365
function@shell_..omp_par.3,32,8,0,27,7,11,63622.2,543.75,1869.19,827,48670.6
function@shell_..omp_par.2,98,36,0,45,27,8,142862,11529.2,11839.8,18649.5,9110.88
function@shell_..omp_par.1,13,18,0,13,6,1,529.688,830.625,55.875,224.062,19.9375
function@shell_..omp_par,150,10,0,27,13,2,3.33306e+07,256706,801515,281327,15999.9
function@.omp.reduction.func,0,0,0,0,0,0,0,0,0,0,0
function@bi_cgstab_block_,47,5,0,7,10,3,465.25,19.9375,7,23.4375,3
function@bi_cgstab_block_..omp_par.12,23,20,0,21,12,14,268586,122208,22512.9,83839.2,192578
function@bi_cgstab_block_..omp_par.11,130,44,0,46,49,4,4.06213e+06,264770,241563,342154,144388
function@bi_cgstab_block_..omp_par.10,31,21,0,24,13,22,748586,202208,105014,86339.1,286655
function@bi_cgstab_block_..omp_par.9,50,24,0,30,33,5,464360,111607,36560.1,175939,180013
function@bi_cgstab_block_..omp_par.8,30,20,0,23,12,14,751085,122208,102514,83839.2,192578
function@bi_cgstab_block_..omp_par.7,88,30,0,42,36,5,2.4092e+06,230356,231562,237345,149388
function@bi_cgstab_block_..omp_par.6,30,20,0,23,12,14,751085,122208,102514,83839.2,192578
function@bi_cgstab_block_..omp_par.5,36,18,0,27,13,5,2.12736e+06,170723,497527,342575,165013
function@bi_cgstab_block_..omp_par,170,47,0,70,56,7,3.45227e+06,182657,121361,95048.8,182533
function@mat_times_vec_,2,2,0,2,2,0,2,2,2,1,0
function@mat_times_vec_..omp_par,90,31,0,53,20,11,1.26909e+08,1.61897e+07,1.36516e+07,1.00573e+07,3.21604e+06
function@.omp.reduction.func,0,0,0,0,0,0,0,0,0,0,0
function@.omp.reduction.func.1,0,0,0,0,0,0,0,0,0,0,0
function@.omp.reduction.func.2,0,0,0,0,0,0,0,0,0,0,0
function@.omp.reduction.func.3,0,0,0,0,0,0,0,0,0,0,0
function@.omp.reduction.func.4,0,0,0,0,0,0,0,0,0,0,0
function@fill2_,2,1,0,1,1,0,2,1,1,0.5,0
function@fill2_..omp_par.1,32,10,0,14,6,1,9685.44,1256.12,2057.62,39.5625,0.625
function@fill2_..omp_par,42,10,0,16,6,2,13684.8,1256.12,2058.88,39.5625,1.25
