Comando: /home/mpvreal/Code/Faculdade/tcc/llvm/build/bin/llc --march=x86 --regalloc=basic -o -
Heurística: div(cost,mul(area,pow(degree,2)))
function@main,3,0,0,1,0,2,1.66667,0,1,0,2
function@MAIN_parseCommandLine,0,0,0,0,0,1,0,0,0,0,0.499999
function@MAIN_printInfo,0,0,0,0,0,0,0,0,0,0,0
function@MAIN_initialize,0,0,0,0,0,0,0,0,0,0,0
function@MAIN_finalize,0,0,0,0,0,0,0,0,0,0,0
function@LBM_allocateGrid,0,0,0,0,0,0,0,0,0,0,0
function@LBM_freeGrid,0,0,0,0,0,0,0,0,0,0,0
function@LBM_initializeGrid,0,0,0,0,0,0,0,0,0,0,0
function@LBM_initializeGrid.omp_outlined,0,2,0,1,0,6,0,2,1,0,49.5
function@LBM_swapGrids,0,0,0,0,0,0,0,0,0,0,0
function@LBM_loadObstacleFile,4,3,0,1,8,3,2111.5,2079.62,31.875,2177.25,33792.8
function@LBM_initializeSpecialCellsForLDC,0,0,0,0,0,0,0,0,0,0,0
function@LBM_initializeSpecialCellsForLDC.omp_outlined,2,8,0,3,3,7,32,598.556,18,37.3333,31857.8
function@LBM_initializeSpecialCellsForChannel,0,0,0,0,0,0,0,0,0,0,0
function@LBM_initializeSpecialCellsForChannel.omp_outlined,2,4,0,3,0,4,32,19,18,0,32768
function@LBM_performStreamCollideBGK,0,0,0,0,0,0,0,0,0,0,0
function@LBM_performStreamCollideBGK.omp_outlined,46,39,0,19,4,4,368,214,138,32.5,40.5
function@LBM_performStreamCollideTRT,0,0,0,0,0,0,0,0,0,0,0
function@LBM_performStreamCollideTRT.omp_outlined,86,122,0,70,4,4,692,926,546,32.5,40.5
function@LBM_handleInOutFlow,0,0,0,0,0,0,0,0,0,0,0
function@LBM_handleInOutFlow.omp_outlined,3,5,0,7,1,6,48,50,97,16,80.5
function@LBM_handleInOutFlow.omp_outlined.2,15,38,0,40,0,1,240,608,640,0,0.5
function@LBM_showGridStatistics,25,32,0,34,2,7,296.125,686,668.312,16.9375,207.562
function@LBM_storeVelocityField,11,2,0,3,9,1,109633,1056,1057,3202,32768
function@LBM_compareVelocityField,13,46,0,23,9,2,232513,1.44285e+06,656417,3202,32769
