Comando: /home/mpvreal/Code/Faculdade/tcc/llvm/build/bin/llc --march=x86 --regalloc=greedy -o -
Heurística: div(cost,mul(area,degree))
function@writeout_,173,66,0,144,6,195,47060.1,22002.2,14915.1,217.042,12634.4
function@_QMplane_source_modPplane_source_init,0,0,0,0,0,26,0,0,0,0,708.723
function@_QMplane_source_modPplane_source_read,156,84,0,151,37,146,72240.3,21304.1,20237.5,24136.3,27653.3
function@_QMplane_source_modPplane_source_apply,50,22,0,26,24,39,2328.75,1238.75,529.938,1097.12,1261.62
function@_QMcommunicate_modPcom_init_mpi,0,0,0,0,0,0,0,0,0,0,0
function@_QMcommunicate_modPcommunicate_end,0,0,0,0,0,5,0,0,0,0,2.8
function@init_,16,12,0,18,1,99,16.9277,16.9189,10.1566,0.0439453,41.5527
function@_QMmur_modPmur_init,116,21,0,87,6,196,139.012,75.4678,42.4307,2.25,397.341
function@_QMmur_modPmur_updatee,1001,543,0,790,110,474,13228.4,8340.21,5217.89,627.433,4535.11
function@_QMmur_modPmur_storee,502,297,0,370,113,264,17399.3,6345.46,4796.93,5605.28,6611.76
function@_QMmur_modPmur_end,0,0,0,0,0,15,0,0,0,0,2.57812
function@_QMmur_modPmur_set_mf_arrays,35,70,0,84,3,64,3935.95,11793,966.35,1.6,8424.1
function@_QMupdate_modPupdate_init,0,0,0,0,0,0,0,0,0,0,0
function@_QMupdate_modPupdateh,203,0,0,61,6,28,203,0,61,4.5,28
function@_QMupdate_modPupdateh..omp_par.4,219,101,0,161,105,48,145321,54920,40111,7711.25,25850.5
function@_QMupdate_modPupdateh..omp_par.3,54,34,0,72,2,18,6231.38,7449.94,1755.62,10.5625,3570.12
function@_QMupdate_modPupdateh..omp_par.2,30,19,0,43,1,12,3320.88,3590.19,1062.69,0.625,2580.62
function@_QMupdate_modPupdateh..omp_par.1,26,21,0,42,2,11,2341.12,4540.06,1052.75,1.25,1941.25
function@_QMupdate_modPupdateh..omp_par,46,34,0,69,3,14,5349.38,10094.2,1363.31,413,2870.88
function@_QMupdate_modPupdatee,134,0,0,54,0,38,96,0,54,0,32
function@_QMupdate_modPupdatee..omp_par.7,319,112,0,198,120,117,222289,84374.1,62392.9,10677.8,86565.5
function@_QMupdate_modPupdatee..omp_par.6,130,38,0,81,15,37,2869.2,2307.09,1156.33,140.564,2288.69
function@_QMupdate_modPupdatee..omp_par.5,121,45,0,76,19,40,2936.41,2478.18,1160.82,148.417,1781.23
function@_QMupdate_modPupdatee..omp_par,30,20,0,41,2,14,3327.62,4119.44,902.812,1.25,2102.88
function@_QMupdate_modPupdate_inith,126,43,0,81,11,63,3645,3448.67,138.176,3.94118,3188.18
function@_QMupdate_modPupdate_inith..omp_par.11,102,52,0,96,11,38,39725.1,12186.8,16360.4,2972.06,10328.8
function@_QMupdate_modPupdate_inith..omp_par.10,17,12,0,28,2,9,1367.44,2919.25,73.375,1.25,2250
function@_QMupdate_modPupdate_inith..omp_par.9,18,11,0,18,1,8,1506,999.312,210.875,0.625,689.5
function@_QMupdate_modPupdate_inith..omp_par.8,20,10,0,19,2,8,1516.94,994.375,371.188,160.562,530.062
function@_QMupdate_modPupdate_inith..omp_par,15,13,0,27,2,8,1291.5,3269.19,80.25,1.25,2424.5
function@_QMupdate_modPupdate_inite,219,139,0,169,16,181,2885.89,2209.19,423.333,4.57045,2860.69
function@_QMupdate_modPupdate_inite..omp_par.14,92,55,0,92,6,40,52510.1,15741.6,16528.9,119.75,37594.7
function@_QMupdate_modPupdate_inite..omp_par.13,23,13,0,23,2,18,592.438,738.688,471.812,1.25,718.688
function@_QMupdate_modPupdate_inite..omp_par.12,24,15,0,24,2,19,245.5,769.125,470.875,1.25,724.875
function@_QMupdate_modPupdate_inite..omp_par,7,7,0,13,2,9,466.688,1644.56,43.375,1.25,1665
function@_QMupml_modPupml_allocate,0,4,0,4,10,306,0,4,4,10,266.294
function@_QMupml_modPcheck_allocate,0,0,0,0,0,2,0,0,0,0,9.31323e-10
function@_QMupml_modPupml_set_eps_arrays,319,209,0,254,21,339,10256.5,25094.1,1865.88,8.19048,25178.7
function@_QMupml_modPupml_init,3540,1095,0,1271,1071,1506,6118.81,3017.44,1289.64,769.417,4881.38
function@_QMupml_modPupml_initb,0,0,0,0,0,0,0,0,0,0,0
function@_QMupml_modPupml_initb..omp_par,602,73,0,574,18,76,3.17374e+06,238994,2.8864e+06,11.25,200036
function@_QMupml_modPupml_inith,27,0,0,26,0,13,27,0,26,0,13
function@_QMupml_modPupml_inith..omp_par,554,350,0,351,56,238,290288,85730.4,111728,2781.38,104444
function@_QMupml_modPupml_updateh,59,0,0,56,0,29,59,0,56,0,29
function@_QMupml_modPupml_updateh..omp_par,3206,469,0,2955,22,301,1.81605e+07,2.07075e+06,1.52039e+07,890.062,994586
function@_QMupml_modPupml_updatee_homo,58,0,0,56,0,28,58,0,56,0,28
function@_QMupml_modPupml_updatee_homo..omp_par,4669,711,0,4198,22,508,1.85985e+07,956920,1.46827e+07,13.75,892664
function@_QMupml_modPupml_updatee_simple,58,0,0,56,0,28,58,0,56,0,28
function@_QMupml_modPupml_updatee_simple..omp_par,5275,695,0,4693,22,566,2.11704e+07,902596,1.68351e+07,13.75,1.1008e+06
function@_QMupml_modPupml_initd,0,0,0,0,0,0,0,0,0,0,0
function@_QMupml_modPupml_initd..omp_par,962,146,0,942,39,138,3.52533e+06,285392,3.24884e+06,223.688,210205
function@_QMupml_modPupml_inite,27,0,0,26,0,13,27,0,26,0,13
function@_QMupml_modPupml_inite..omp_par,722,434,0,415,80,354,316117,102960,121350,3363.76,126723
function@_QMupml_modPupml_end,0,0,0,0,0,90,0,0,0,0,48.3333
function@_QMupml_modPcheck_deallocate,0,0,0,0,0,1,0,0,0,0,0.619048
function@_QMreadline_modPreadline,19,56,0,59,4,84,57.462,638.033,598.321,3.08152,603.75
function@_QMreadline_modPcheckifkeyword,0,0,0,0,0,1,0,0,0,0,9.80769
function@mpi_barrier_,0,0,0,0,0,1,0,0,0,0,1
function@mpi_bcast_,0,0,0,0,0,1,0,0,0,0,1
function@mpi_bcast_integers_,0,0,0,0,0,1,0,0,0,0,1
function@mpi_bcast_reals_,0,0,0,0,0,1,0,0,0,0,1
function@mpi_bcast_logical_,0,0,0,0,0,1,0,0,0,0,1
function@mpi_cart_rank_,0,0,0,0,0,1,0,0,0,0,1
function@mpi_cart_create_,0,0,0,0,0,1,0,0,0,0,1
function@mpi_cart_coords_,0,0,0,0,0,1,0,0,0,0,1
function@mpi_cart_shift_,0,0,0,0,0,1,0,0,0,0,1
function@mpi_comm_rank_,0,0,0,0,0,1,0,0,0,0,1
function@mpi_comm_size_,0,0,0,0,0,1,0,0,0,0,1
function@mpi_finalize_,0,0,0,0,0,0,0,0,0,0,0
function@mpi_init_,0,0,0,0,0,0,0,0,0,0,0
function@mpi_recv_,0,0,0,0,0,1,0,0,0,0,1
function@mpi_ssend_,0,0,0,0,0,1,0,0,0,0,1
function@mpi_bsend_,0,0,0,0,0,1,0,0,0,0,1
function@mpi_sendrecv_,0,0,0,0,0,2,0,0,0,0,2
function@mpi_wait_,0,0,0,0,0,1,0,0,0,0,1
function@mpi_isend_,0,0,0,0,0,1,0,0,0,0,1
function@mpi_wtick_,0,0,0,0,0,0,0,0,0,0,0
function@mpi_wtime_,0,0,0,0,0,0,0,0,0,0,0
function@mpi_buffer_attach_,0,0,0,0,0,1,0,0,0,0,1
function@mpi_buffer_detach_,0,0,0,0,0,1,0,0,0,0,1
function@mpi_pack_size_,0,0,0,0,0,1,0,0,0,0,1
function@mpi_gather_,0,0,0,0,0,1,0,0,0,0,1
function@mpi_type_struct_,0,0,0,0,0,2,0,0,0,0,2
function@mpi_type_commit_,0,0,0,0,0,1,0,0,0,0,1
function@mpi_type_extent_,0,0,0,0,0,1,0,0,0,0,1
function@mpi_type_free_,0,0,0,0,0,1,0,0,0,0,1
function@mpi_type_vector_,0,0,0,0,0,1,0,0,0,0,1
function@mpi_type_hvector_,0,0,0,0,0,1,0,0,0,0,1
function@mpi_irecv_,0,0,0,0,0,1,0,0,0,0,1
function@mpi_waitall_,0,0,0,0,0,1,0,0,0,0,1
function@mpi_sendrecv_replace_,0,0,0,0,0,2,0,0,0,0,2
function@mpi_bsend_init_,0,0,0,0,0,1,0,0,0,0,1
function@mpi_recv_init_,0,0,0,0,0,1,0,0,0,0,1
function@mpi_dims_create_,0,0,0,0,0,1,0,0,0,0,1
function@mpi_start_,0,0,0,0,0,1,0,0,0,0,1
function@mpi_allreduce_,0,0,0,0,0,0,0,0,0,0,0
function@mpi_reduce_,0,0,0,0,0,0,0,0,0,0,0
function@_QMhuygens_modPhuygens_init,1,0,0,0,1,0,1,0,0,1,0
function@_QMhuygens_modPhuygensh,1522,577,0,959,374,914,47583.6,24057,15589,14164.4,17563.9
function@_QMhuygens_modPhuygense,1925,750,0,1166,398,1128,58923.7,31438.4,20803.1,14172.8,23463.7
function@_QMhuygens_modPuin,964,324,0,231,473,209,16699.6,6447.03,2671.2,9460.93,4188.17
function@_QMmaterial_modPmat_init,1926,694,0,1774,61,848,3.34729e+08,9.54836e+07,2.73071e+08,928736,9.83162e+07
function@_QMmaterial_modPmat_updatee,135,0,0,54,0,36,96.5,0,54,0,31
function@_QMmaterial_modPmat_updatee..omp_par.3,209,45,0,219,2,36,1.24356e+06,101369,892226,1.25,60821.5
function@_QMmaterial_modPmat_updatee..omp_par.2,73,23,0,84,2,11,20125.6,2547.69,15318.2,1.25,1689.88
function@_QMmaterial_modPmat_updatee..omp_par.1,78,20,0,88,2,12,20939.2,2945.12,16518.7,1.25,903.688
function@_QMmaterial_modPmat_updatee..omp_par,78,23,0,86,2,10,21369.6,5694.94,16916.8,1.25,1665.62
function@calcflops_,0,0,0,0,0,0,0,0,0,0,0
function@_QMpower_modPpower_init,19,14,0,30,4,61,354.125,1137,125.141,1.5,2482
function@_QMpower_modPpower_init..omp_par,107,8,0,104,7,7,37074.4,2819.5,34184.1,850.25,2400.12
function@_QMpower_modPpower_stop,0,0,0,0,0,0,0,0,0,0,0
function@_QMpower_modPpower_dft,24,4,0,9,3,14,487.759,81.6296,26.5926,1.55556,242.074
function@_QMpower_modPpower_dft..omp_par.1,191,12,0,185,8,17,56979.1,4039.25,51858.9,850.875,4869.5
function@_QMpower_modPpower_dft..omp_par,82,0,0,64,4,5,1559.12,0,991.938,2.5,99.6875
function@_QMpower_modPpower_print,30,14,0,25,8,45,1300.45,2513.42,41.3906,8.69922,1586.69
function@_QMpower_modPpower_intere,12,20,0,17,0,30,4,6.66667,14,0,17.3333
function@_QMpower_modPpower_interh,31,20,0,25,0,30,10.3333,6.66667,16.3333,0,17.3333
function@_QMpower_modPread_power,10,5,0,13,0,75,37.0559,207.307,228.501,0,2451.04
function@_QMpower_modPpower_updateh,68,56,0,84,5,65,2794.22,2823.53,1469.44,54.3457,1604.4
function@timer_,0,0,0,0,0,5,0,0,0,0,3.85714
function@leapfrog_,45,69,0,63,14,74,2854.11,5668.12,1880.34,10.332,3168.06
function@_QMpec_modPpec_read,0,1,0,0,2,21,0,0.375,0,0.738281,56.5156
function@_QMpec_modPpec_init,696,369,0,452,39,446,340312,111537,134861,3704.5,206685
function@_QMpec_modPpec_apply,15,24,0,39,0,30,299.062,478.5,87.5625,0,198.188
function@_QMpec_modPpec_end,0,0,0,0,0,3,0,0,0,0,1.2
function@_QQmain,13,16,0,29,0,74,8.125,21.875,18.125,0,52.5
