Comando: /home/mpvreal/Code/Faculdade/tcc/llvm/build/bin/llc --march=x86 --regalloc=basic -o -
Heurística: div(cost,mul(area,degree))
function@writeout_,278,135,0,173,158,99,41084.4,49934.5,10318,1610.94,1935.03
function@_QMplane_source_modPplane_source_init,0,0,0,0,0,26,0,0,0,0,708.723
function@_QMplane_source_modPplane_source_read,281,175,0,157,154,63,145391,16816.4,10831.9,35232.5,12015.9
function@_QMplane_source_modPplane_source_apply,55,44,0,21,40,13,2619.94,1911.75,218.125,1189.12,962.312
function@_QMplane_source_modPplane_source_end,0,0,0,0,0,0,0,0,0,0,0
function@_QMcommunicate_modPcom_init_mpi,0,0,0,0,0,0,0,0,0,0,0
function@_QMcommunicate_modPcommunicate_end,0,0,0,0,0,5,0,0,0,0,2.8
function@init_,37,25,0,22,8,91,25.0137,26.1716,9.66577,4.55658,34.416
function@_QMmur_modPmur_init,152,120,0,82,58,157,91.083,360.244,40.9258,73.3633,346.77
function@_QMmur_modPmur_updatee,1333,723,0,720,834,126,18004.8,7268.12,3674.23,3570.1,2036.72
function@_QMmur_modPmur_storee,840,437,0,345,492,83,29230.3,8605.57,3455.54,8968.23,3168.91
function@_QMmur_modPmur_end,0,0,0,0,0,15,0,0,0,0,2.57812
function@_QMmur_modPmur_set_mf_arrays,58,95,0,89,6,38,4218.7,12103.1,1045.5,3.2,8082.9
function@_QMupdate_modPupdate_init,0,0,0,0,0,0,0,0,0,0,0
function@_QMupdate_modPupdateh,256,10,0,62,82,1,256,10,62,72,1
function@_QMupdate_modPupdateh..omp_par.4,377,162,0,166,130,29,278748,50621.7,37091.4,20023.3,17730.5
function@_QMupdate_modPupdateh..omp_par.3,60,44,0,72,11,18,8799.62,8763.56,2403.88,1641.06,3551.5
function@_QMupdate_modPupdateh..omp_par.2,39,30,0,49,6,8,6200.31,4913.75,2992.31,971.375,1300.88
function@_QMupdate_modPupdateh..omp_par.1,40,26,0,48,7,7,6830.25,4564,2982.38,972,661.5
function@_QMupdate_modPupdateh..omp_par,55,46,0,72,9,14,9355.62,10569.5,2969.94,1227.81,3250.5
function@_QMupdate_modPupdatee,184,7,0,55,83,1,142,7,55,72.5,1
function@_QMupdate_modPupdatee..omp_par.7,474,157,0,219,177,22,451536,88906.4,52687.9,24168.6,19413
function@_QMupdate_modPupdatee..omp_par.6,179,48,0,81,42,12,6626.13,1990.93,1066.79,270.963,1302.01
function@_QMupdate_modPupdatee..omp_par.5,183,55,0,83,38,14,6896.89,2182.5,1164.27,289.65,1376.74
function@_QMupdate_modPupdatee..omp_par,35,26,0,42,5,14,5745.56,4911.5,1701.69,27.125,1703.56
function@_QMupdate_modPupdate_inith,172,81,0,83,102,19,1426.82,8176.47,153.588,146,3012.41
function@_QMupdate_modPupdate_inith..omp_par.11,237,67,0,89,61,16,187772,13462,9460.5,3690,9219.69
function@_QMupdate_modPupdate_inith..omp_par.10,19,17,0,26,4,5,2016.25,3253.19,72.8125,12.1875,1280.25
function@_QMupdate_modPupdate_inith..omp_par.9,17,23,0,16,9,5,1061.06,1673.88,56.75,38.5,649.688
function@_QMupdate_modPupdate_inith..omp_par.8,17,22,0,16,7,6,1061.06,1672.88,56.75,37,650.188
function@_QMupdate_modPupdate_inith..omp_par,21,17,0,27,5,5,3691.12,2893.19,862.75,414.625,449.688
function@_QMupdate_modPupdate_inite,238,286,0,145,219,66,1324.41,6021.3,430.261,219.88,2156.33
function@_QMupdate_modPupdate_inite..omp_par.14,222,69,0,113,64,12,165549,11410.6,13193.8,8461.56,17068.8
function@_QMupdate_modPupdate_inite..omp_par.13,32,22,0,25,17,6,807.312,790.5,602.312,233.875,480
function@_QMupdate_modPupdate_inite..omp_par.12,32,22,0,25,17,6,807.312,802.312,602.688,233.875,480
function@_QMupdate_modPupdate_inite..omp_par,15,10,0,17,5,7,3286.19,1248.62,1643.12,802.125,865.125
function@_QMupml_modPupml_allocate,2,2,0,2,12,301,2,2,2,12,261.294
function@_QMupml_modPcheck_allocate,0,0,0,0,0,2,0,0,0,0,9.31323e-10
function@_QMupml_modPupml_set_eps_arrays,437,366,0,208,100,178,7450.98,29317,1483.41,502.095,24382.7
function@_QMupml_modPupml_init,3849,2435,0,1204,1628,725,7617.97,6731.84,731.142,1235.33,3539.54
function@_QMupml_modPupml_initb,0,0,0,0,0,0,0,0,0,0,0
function@_QMupml_modPupml_initb..omp_par,990,139,0,521,93,24,5.36946e+06,453108,2.45179e+06,104381,88801.9
function@_QMupml_modPupml_inith,49,8,0,31,34,0,49,8,31,29.5,0
function@_QMupml_modPupml_inith..omp_par,1317,427,0,346,356,89,1.3166e+06,80745.1,71982.3,26805.2,70341.3
function@_QMupml_modPupml_updateh,104,13,0,65,79,2,104,13,65,69,2
function@_QMupml_modPupml_updateh..omp_par,6307,746,0,2838,197,104,3.64184e+07,3.25373e+06,1.44211e+07,659191,416237
function@_QMupml_modPupml_updatee,0,0,0,0,0,0,0,0,0,0,0
function@_QMupml_modPupml_updatee_homo,104,18,0,70,74,2,104,18,70,64,2
function@_QMupml_modPupml_updatee_homo..omp_par,9524,1180,0,4092,307,162,3.86997e+07,2.21193e+06,1.39015e+07,382242,31199.4
function@_QMupml_modPupml_updatee_simple,104,18,0,70,74,2,104,18,70,64,2
function@_QMupml_modPupml_updatee_simple..omp_par,10664,1208,0,4507,324,117,4.38095e+07,2.37273e+06,1.5875e+07,386163,14242.2
function@_QMupml_modPupml_initd,0,0,0,0,0,0,0,0,0,0,0
function@_QMupml_modPupml_initd..omp_par,1640,247,0,857,161,55,5.92044e+06,510518,2.74314e+06,114320,100005
function@_QMupml_modPupml_inite,49,8,0,31,34,0,49,8,31,29.5,0
function@_QMupml_modPupml_inite..omp_par,1560,590,0,417,423,151,1.42872e+06,92863.4,77003.8,30628.6,81510.7
function@_QMupml_modPupml_end,0,0,0,0,0,90,0,0,0,0,48.3333
function@_QMupml_modPcheck_deallocate,0,0,0,0,0,1,0,0,0,0,0.619048
function@_QMreadline_modPreadline,92,82,0,66,23,35,896.832,765.305,739.413,45.1359,196.625
function@_QMreadline_modPcheckifkeyword,1,0,0,0,3,1,1,0,0,1.26923,9.80769
function@mpi_barrier_,0,0,0,0,0,1,0,0,0,0,1
function@mpi_bcast_,0,0,0,0,0,1,0,0,0,0,1
function@mpi_bcast_integers_,0,0,0,0,0,1,0,0,0,0,1
function@mpi_bcast_reals_,0,0,0,0,0,1,0,0,0,0,1
function@mpi_bcast_logical_,0,0,0,0,0,1,0,0,0,0,1
function@mpi_cart_rank_,0,0,0,0,0,1,0,0,0,0,1
function@mpi_cart_create_,0,0,0,0,0,1,0,0,0,0,1
function@mpi_cart_coords_,0,0,0,0,0,1,0,0,0,0,1
function@mpi_cart_shift_,0,0,0,0,0,1,0,0,0,0,1
function@mpi_comm_rank_,0,0,0,0,0,1,0,0,0,0,1
function@mpi_comm_size_,0,0,0,0,0,1,0,0,0,0,1
function@mpi_finalize_,0,0,0,0,0,0,0,0,0,0,0
function@mpi_init_,0,0,0,0,0,0,0,0,0,0,0
function@mpi_recv_,0,0,0,0,0,1,0,0,0,0,1
function@mpi_ssend_,0,0,0,0,0,1,0,0,0,0,1
function@mpi_bsend_,0,0,0,0,0,1,0,0,0,0,1
function@mpi_sendrecv_,0,0,0,0,0,2,0,0,0,0,2
function@mpi_wait_,0,0,0,0,0,1,0,0,0,0,1
function@mpi_isend_,0,0,0,0,0,1,0,0,0,0,1
function@mpi_wtick_,0,0,0,0,0,0,0,0,0,0,0
function@mpi_wtime_,0,0,0,0,0,0,0,0,0,0,0
function@mpi_buffer_attach_,0,0,0,0,0,1,0,0,0,0,1
function@mpi_buffer_detach_,0,0,0,0,0,1,0,0,0,0,1
function@mpi_pack_size_,0,0,0,0,0,1,0,0,0,0,1
function@mpi_gather_,0,0,0,0,0,1,0,0,0,0,1
function@mpi_type_struct_,0,0,0,0,0,2,0,0,0,0,2
function@mpi_type_commit_,0,0,0,0,0,1,0,0,0,0,1
function@mpi_type_extent_,0,0,0,0,0,1,0,0,0,0,1
function@mpi_type_free_,0,0,0,0,0,1,0,0,0,0,1
function@mpi_type_vector_,0,0,0,0,0,1,0,0,0,0,1
function@mpi_type_hvector_,0,0,0,0,0,1,0,0,0,0,1
function@mpi_irecv_,0,0,0,0,0,1,0,0,0,0,1
function@mpi_waitall_,0,0,0,0,0,1,0,0,0,0,1
function@mpi_sendrecv_replace_,0,0,0,0,0,2,0,0,0,0,2
function@mpi_bsend_init_,0,0,0,0,0,1,0,0,0,0,1
function@mpi_recv_init_,0,0,0,0,0,1,0,0,0,0,1
function@mpi_dims_create_,0,0,0,0,0,1,0,0,0,0,1
function@mpi_start_,0,0,0,0,0,1,0,0,0,0,1
function@mpi_allreduce_,0,0,0,0,0,0,0,0,0,0,0
function@mpi_abort_,0,0,0,0,0,0,0,0,0,0,0
function@mpi_reduce_,0,0,0,0,0,0,0,0,0,0,0
function@_QMhuygens_modPhuygens_init,6,0,0,0,4,0,6,0,0,4,0
function@_QMhuygens_modPhuygensh,3120,833,0,1032,1034,274,124384,23320.7,15751,19643.9,13091.1
function@_QMhuygens_modPhuygense,3756,1059,0,1302,1228,310,149419,30547.4,19526.7,21711.1,16824
function@_QMhuygens_modPuin,1505,393,0,134,665,89,29328.3,7013.03,2065.14,10671.9,2571.43
function@_QMmaterial_modPmat_init,3823,1255,0,1854,991,207,8.31783e+08,7.56271e+07,2.57252e+08,3.84646e+07,3.21833e+07
function@_QMmaterial_modPmat_updatee,184,7,0,55,83,1,142,7,55,72.5,1
function@_QMmaterial_modPmat_updatee..omp_par.3,379,60,0,214,28,14,2.47119e+06,117793,837305,75665.7,16826.1
function@_QMmaterial_modPmat_updatee..omp_par.2,110,29,0,88,12,3,31078.3,2960.12,15021.9,1303.5,401.062
function@_QMmaterial_modPmat_updatee..omp_par.1,112,29,0,89,12,3,31091.4,3758.75,15022.6,1303.5,1.75
function@_QMmaterial_modPmat_updatee..omp_par,109,35,0,86,13,3,31465.2,7712.69,15001.4,1710.94,1.75
function@calcflops_,0,0,0,0,0,0,0,0,0,0,0
function@_QMpower_modPpower_init,40,43,0,36,29,39,219.25,1490.88,146.578,64.25,1357.38
function@_QMpower_modPpower_init..omp_par,229,27,0,99,12,5,74466.8,7663.62,31405.5,1675.62,1600.25
function@_QMpower_modPpower_stop,0,0,0,0,0,0,0,0,0,0,0
function@_QMpower_modPpower_dft,34,15,0,7,3,8,653.926,167.926,18.2222,1.7037,246.519
function@_QMpower_modPpower_dft..omp_par.1,458,31,0,182,35,9,129932,8142.31,49514.1,8150.94,3200
function@_QMpower_modPpower_dft..omp_par,164,10,0,64,5,0,3156.12,123.625,973,22.4375,0
function@_QMpower_modPpower_print,61,27,0,29,16,27,2888.41,3028.5,41.1602,31.3281,1548.09
function@_QMpower_modPpower_intere,19,47,0,22,12,17,16.3333,20,19,8.66667,5.66667
function@_QMpower_modPpower_interh,64,51,0,43,18,13,30.6667,20.3333,26,10,5
function@_QMpower_modPread_power,31,36,0,22,8,69,185.423,376.222,226.732,96.1721,2306.82
function@_QMpower_modPpower_updateh,109,73,0,73,87,21,3895.57,3333.07,1161.18,708.198,762.84
function@timer_,0,0,0,0,0,5,0,0,0,0,3.85714
function@leapfrog_,68,105,0,63,49,44,3071.09,5999.52,804.875,135.078,2553.31
function@_QMpec_modPpec_read,0,1,0,0,2,21,0,0.375,0,0.738281,56.5156
function@_QMpec_modPpec_init,911,505,0,467,323,186,456645,120907,202138,98938.9,104679
function@_QMpec_modPpec_apply,39,32,0,44,22,9,436.688,505.438,112.625,112.562,63.5625
function@_QMpec_modPpec_end,0,0,0,0,0,3,0,0,0,0,1.2
function@_QQmain,22,25,0,45,18,71,13.75,15.625,28.125,11.25,50.625
