Comando: /home/mpvreal/Code/Faculdade/tcc/llvm/build/bin/llc --march=aarch64 --regalloc=greedy -o -
Heurística: div(cost,mul(area,degree))
function@_QMlogicPnew_solver,495,0,0,79,0,460,751163,0,41580.7,0,191343
function@_QMlogicFnew_solverPupdate,39,0,0,12,0,32,19.8462,0,12,0,86
function@_QMlogicFnew_solverPx_wing,410,0,0,124,0,147,8480.41,0,1321.25,0,3638.4
function@_QMlogicFnew_solverPspecific,477,0,0,236,0,187,2.09495e+06,0,166694,0,340118
function@_QMlogicFnew_solverPnaked_pairs,472,0,0,112,0,153,78226.1,0,5079.62,0,21704.5
function@_QMlogicFnew_solverPhidden_pairs,546,0,0,121,0,189,1.26333e+06,0,208291,0,520341
function@_QMlogicFnew_solverPnaked_triplets,809,0,0,155,0,220,1.35553e+06,0,61527.4,0,385166
function@_QMlogicFnew_solverPhidden_triplets,1004,0,0,210,0,354,951761,0,81581.8,0,273010
function@_QMbrute_forcePbrute,27,0,0,20,0,110,35.3749,0,22.5607,0,584.942
function@_QMbrute_forcePrearrange,69,0,0,52,0,89,654.362,0,412.894,0,815.872
function@_QMbrute_forcePdigits_2,188,7,0,91,0,201,433.744,5.73297,118.706,0,410.324
function@_QMbrute_forcePcovered,54,0,0,34,0,42,592.372,0,144.613,0,1128.6
function@_QMbrute_forcePreflected,11,0,0,11,0,7,365.825,0,11.1784,0,10.7173
function@_QQmain,289,0,0,254,0,153,4.02176e+13,0,2.28191e+13,0,3.91464e+13
function@_QFPeliminate,4,0,0,4,0,14,58.0625,0,14.3333,0,644.542
function@_QFPknt_val,47,0,0,47,0,2,1498.12,0,1004.12,0,2
function@_QFPone_nine,0,0,0,0,0,0,0,0,0,0,0
function@_QFPread_raw_data,0,0,0,0,0,27,0,0,0,0,90.5
