Comando: /home/mpvreal/Code/Faculdade/tcc/llvm/build/bin/llc --march=x86 --regalloc=greedy -o -
Heurística: original
function@writeout_,165,66,0,144,4,197,51696.9,24771.3,18397.8,7.04167,17148.7
function@_QMplane_source_modPplane_source_init,0,0,0,0,0,26,0,0,0,0,708.723
function@_QMplane_source_modPplane_source_read,150,83,0,159,43,139,67795.4,23104.5,20216.1,22265.6,5105.04
function@_QMplane_source_modPplane_source_apply,39,26,0,23,27,32,1775.31,1467.31,363.75,1052.56,1205.12
function@_QMcommunicate_modPcom_init_mpi,0,0,0,0,0,0,0,0,0,0,0
function@_QMcommunicate_modPcommunicate_end,0,0,0,0,0,5,0,0,0,0,2.8
function@init_,15,11,0,19,1,107,17.8506,14.1943,10.0687,0.0439453,46.9202
function@_QMmur_modPmur_init,113,34,0,97,8,227,135.482,84.1494,37.8623,3,514.665
function@_QMmur_modPmur_updatee,984,554,0,846,113,503,13042.4,8561.37,4886.32,879.564,4420.23
function@_QMmur_modPmur_storee,524,254,0,370,116,306,16807.6,5085.02,5389.7,5072.92,7565.46
function@_QMmur_modPmur_end,0,0,0,0,0,15,0,0,0,0,2.57812
function@_QMmur_modPmur_set_mf_arrays,35,70,0,84,3,64,3935.95,11793,966.35,1.6,8424.1
function@_QMupdate_modPupdate_init,0,0,0,0,0,0,0,0,0,0,0
function@_QMupdate_modPupdateh,203,0,0,60,2,30,203,0,60,1.5,30
function@_QMupdate_modPupdateh..omp_par.4,220,97,0,162,109,85,134233,45170.5,21302,11980.8,27021.7
function@_QMupdate_modPupdateh..omp_par.3,48,36,0,69,4,20,5251.06,8089.81,1115.12,340.438,3571.38
function@_QMupdate_modPupdateh..omp_par.2,31,18,0,43,2,12,3001.5,4209.56,743.375,10.5625,2581
function@_QMupdate_modPupdateh..omp_par.1,29,20,0,43,3,10,2691.62,4220.12,1053.75,11.1875,1940.62
function@_QMupdate_modPupdateh..omp_par,51,31,0,71,4,12,5764.38,9293.75,1372.44,425.438,2850.31
function@_QMupdate_modPupdatee,131,0,0,53,0,41,92,0,53,0,36.5
function@_QMupdate_modPupdatee..omp_par.7,381,111,0,211,128,70,236453,77446.9,67787.2,8451.84,75024.9
function@_QMupdate_modPupdatee..omp_par.6,117,40,0,82,14,45,3140.36,1958.72,1230.82,40.6871,2684.71
function@_QMupdate_modPupdatee..omp_par.5,108,42,0,80,16,41,2761.78,2516.37,1246.26,48.3436,2351.79
function@_QMupdate_modPupdatee..omp_par,30,17,0,43,2,15,3726.56,4070.31,1315.19,1.25,2502.81
function@_QMupdate_modPupdate_inith,127,45,0,84,13,67,3355.22,4231.37,751.765,5.58823,4664.88
function@_QMupdate_modPupdate_inith..omp_par.11,106,54,0,100,7,32,49296.7,11266.7,16483,212.312,10079.8
function@_QMupdate_modPupdate_inith..omp_par.10,16,13,0,27,2,8,1056.44,3239.19,72.75,1.25,1620.06
function@_QMupdate_modPupdate_inith..omp_par.9,17,12,0,17,3,7,896.062,1159.25,50.9375,165.5,679.562
function@_QMupdate_modPupdate_inith..omp_par.8,16,12,0,17,4,13,729.312,1174.25,66.3125,166.125,1010.81
function@_QMupdate_modPupdate_inith..omp_par,17,13,0,28,2,8,1711.38,3269.19,487.688,1.25,2424.5
function@_QMupdate_modPupdate_inite,212,171,0,166,26,184,2180.47,3865.56,424.203,5.06186,3119.25
function@_QMupdate_modPupdate_inite..omp_par.14,112,54,0,95,5,40,74891.4,15472.9,24742.3,126.062,38901
function@_QMupdate_modPupdate_inite..omp_par.13,22,14,0,21,3,23,569.062,748,453.188,4.3125,2467.19
function@_QMupdate_modPupdate_inite..omp_par.12,20,14,0,22,2,24,562.812,766.062,450.375,1.25,2823.44
function@_QMupdate_modPupdate_inite..omp_par,7,7,0,13,2,10,466.688,1644.56,43.375,1.25,2064.94
function@_QMupml_modPupml_allocate,2,1,0,3,4,309,2,1,3,4,269.294
function@_QMupml_modPcheck_allocate,0,0,0,0,0,2,0,0,0,0,9.31323e-10
function@_QMupml_modPupml_set_eps_arrays,335,191,0,258,23,375,10672.1,24890.3,1857.07,8.90476,25422.2
function@_QMupml_modPupml_init,3457,988,0,1198,1144,1609,6352.28,3054.78,1166.11,735.848,4862.02
function@_QMupml_modPupml_initb,0,0,0,0,0,0,0,0,0,0,0
function@_QMupml_modPupml_initb..omp_par,603,82,0,592,29,61,3.14638e+06,313393,2.97059e+06,1710.56,92297.1
function@_QMupml_modPupml_inith,27,0,0,26,0,12,27,0,26,0,12
function@_QMupml_modPupml_inith..omp_par,574,348,0,379,42,239,293706,84246.8,126279,1889.62,132960
function@_QMupml_modPupml_updateh,58,0,0,56,0,24,58,0,56,0,24
function@_QMupml_modPupml_updateh..omp_par,3113,457,0,2869,24,321,1.75055e+07,2.02935e+06,1.46179e+07,1439.25,1.07596e+06
function@_QMupml_modPupml_updatee_homo,59,0,0,56,0,25,59,0,56,0,25
function@_QMupml_modPupml_updatee_homo..omp_par,4596,692,0,4147,23,529,1.81991e+07,918881,1.4427e+07,26.1875,998349
function@_QMupml_modPupml_updatee_simple,59,0,0,56,0,25,59,0,56,0,25
function@_QMupml_modPupml_updatee_simple..omp_par,5127,682,0,4609,24,543,2.05746e+07,840966,1.63364e+07,36.125,1.00673e+06
function@_QMupml_modPupml_initd,0,0,0,0,0,0,0,0,0,0,0
function@_QMupml_modPupml_initd..omp_par,956,158,0,961,55,129,3.50631e+06,354932,3.3146e+06,1842.69,103746
function@_QMupml_modPupml_inite,27,0,0,26,0,12,27,0,26,0,12
function@_QMupml_modPupml_inite..omp_par,708,453,0,454,72,376,306879,101655,134644,2970.45,168322
function@_QMupml_modPupml_end,0,0,0,0,0,90,0,0,0,0,48.3333
function@_QMupml_modPcheck_deallocate,0,0,0,0,0,1,0,0,0,0,0.619048
function@_QMreadline_modPreadline,24,63,0,64,6,93,83.3859,691.793,644.13,4.66304,735.5
function@_QMreadline_modPcheckifkeyword,0,0,0,0,0,1,0,0,0,0,9.80769
function@mpi_barrier_,0,0,0,0,0,1,0,0,0,0,1
function@mpi_bcast_,0,0,0,0,0,1,0,0,0,0,1
function@mpi_bcast_integers_,0,0,0,0,0,1,0,0,0,0,1
function@mpi_bcast_reals_,0,0,0,0,0,1,0,0,0,0,1
function@mpi_bcast_logical_,0,0,0,0,0,1,0,0,0,0,1
function@mpi_cart_rank_,0,0,0,0,0,1,0,0,0,0,1
function@mpi_cart_create_,0,0,0,0,0,1,0,0,0,0,1
function@mpi_cart_coords_,0,0,0,0,0,1,0,0,0,0,1
function@mpi_cart_shift_,0,0,0,0,0,1,0,0,0,0,1
function@mpi_comm_rank_,0,0,0,0,0,1,0,0,0,0,1
function@mpi_comm_size_,0,0,0,0,0,1,0,0,0,0,1
function@mpi_finalize_,0,0,0,0,0,0,0,0,0,0,0
function@mpi_init_,0,0,0,0,0,0,0,0,0,0,0
function@mpi_recv_,0,0,0,0,0,1,0,0,0,0,1
function@mpi_ssend_,0,0,0,0,0,1,0,0,0,0,1
function@mpi_bsend_,0,0,0,0,0,1,0,0,0,0,1
function@mpi_sendrecv_,0,0,0,0,0,2,0,0,0,0,2
function@mpi_wait_,0,0,0,0,0,1,0,0,0,0,1
function@mpi_isend_,0,0,0,0,0,1,0,0,0,0,1
function@mpi_wtick_,0,0,0,0,0,0,0,0,0,0,0
function@mpi_wtime_,0,0,0,0,0,0,0,0,0,0,0
function@mpi_buffer_attach_,0,0,0,0,0,1,0,0,0,0,1
function@mpi_buffer_detach_,0,0,0,0,0,1,0,0,0,0,1
function@mpi_pack_size_,0,0,0,0,0,1,0,0,0,0,1
function@mpi_gather_,0,0,0,0,0,1,0,0,0,0,1
function@mpi_type_struct_,0,0,0,0,0,2,0,0,0,0,2
function@mpi_type_commit_,0,0,0,0,0,1,0,0,0,0,1
function@mpi_type_extent_,0,0,0,0,0,1,0,0,0,0,1
function@mpi_type_free_,0,0,0,0,0,1,0,0,0,0,1
function@mpi_type_vector_,0,0,0,0,0,1,0,0,0,0,1
function@mpi_type_hvector_,0,0,0,0,0,1,0,0,0,0,1
function@mpi_irecv_,0,0,0,0,0,1,0,0,0,0,1
function@mpi_waitall_,0,0,0,0,0,1,0,0,0,0,1
function@mpi_sendrecv_replace_,0,0,0,0,0,2,0,0,0,0,2
function@mpi_bsend_init_,0,0,0,0,0,1,0,0,0,0,1
function@mpi_recv_init_,0,0,0,0,0,1,0,0,0,0,1
function@mpi_dims_create_,0,0,0,0,0,1,0,0,0,0,1
function@mpi_start_,0,0,0,0,0,1,0,0,0,0,1
function@mpi_allreduce_,0,0,0,0,0,0,0,0,0,0,0
function@mpi_reduce_,0,0,0,0,0,0,0,0,0,0,0
function@_QMhuygens_modPhuygens_init,0,0,0,0,0,0,0,0,0,0,0
function@_QMhuygens_modPhuygensh,1489,595,0,962,343,905,42044.7,24015.6,13509.6,13769.2,21490.8
function@_QMhuygens_modPhuygense,1859,776,0,1134,376,1105,50500,31400.7,17547.2,14864.9,29828.3
function@_QMhuygens_modPuin,841,334,0,256,464,257,15327.6,6663.54,3273.25,8988.96,5751.88
function@_QMmaterial_modPmat_init,1987,693,0,1837,103,878,3.32082e+08,9.54232e+07,2.68339e+08,955527,9.13431e+07
function@_QMmaterial_modPmat_updatee,132,0,0,53,0,41,92.5,0,53,0,36.5
function@_QMmaterial_modPmat_updatee..omp_par.3,207,41,0,224,3,42,1.21206e+06,100370,916883,13.6875,93171.1
function@_QMmaterial_modPmat_updatee..omp_par.2,73,20,0,91,2,11,20126,2122.88,16974.6,1.25,1298.06
function@_QMmaterial_modPmat_updatee..omp_par.1,78,16,0,92,2,13,20152.8,2120.38,16963.8,1.25,1691.12
function@_QMmaterial_modPmat_updatee..omp_par,78,17,0,90,3,13,21737.8,4070.31,16575.1,401.188,2489.75
function@calcflops_,0,0,0,0,0,0,0,0,0,0,0
function@_QMpower_modPpower_init,19,15,0,30,3,55,114,1387,106.359,21,1476.25
function@_QMpower_modPpower_init..omp_par,109,10,0,114,5,8,37494.2,3619.38,38183.5,50.375,2420.06
function@_QMpower_modPpower_stop,0,0,0,0,0,0,0,0,0,0,0
function@_QMpower_modPpower_dft,26,4,0,10,2,14,417.389,82.963,29.7037,1.25926,378.963
function@_QMpower_modPpower_dft..omp_par.1,203,11,0,191,8,18,61408.4,4019.31,54258.6,850.875,5259.44
function@_QMpower_modPpower_dft..omp_par,87,0,0,66,4,9,1639.88,0,1031.81,2.5,179.438
function@_QMpower_modPpower_print,28,19,0,26,11,38,798.58,3026.04,58.4375,8.93359,1541.81
function@_QMpower_modPpower_intere,11,21,0,16,0,29,3.66667,7,13.3333,0,17
function@_QMpower_modPpower_interh,31,19,0,24,0,28,10.3333,6.33333,16.3333,0,16.6667
function@_QMpower_modPread_power,10,5,0,12,2,74,37.0559,207.307,227.876,0.859375,2451.04
function@_QMpower_modPpower_updateh,57,60,0,84,10,71,2185.39,3250.48,1298.56,191.79,1496.39
function@timer_,0,0,0,0,0,5,0,0,0,0,3.85714
function@leapfrog_,44,69,0,66,15,76,3663.86,4647.81,1890.23,13.6133,5194.48
function@_QMpec_modPpec_read,0,1,0,0,2,21,0,0.375,0,0.738281,56.5156
function@_QMpec_modPpec_init,668,359,0,442,50,440,301258,145205,125174,3726.24,203926
function@_QMpec_modPpec_apply,17,25,0,42,0,28,338.938,498.438,147.375,0,196.188
function@_QMpec_modPpec_end,0,0,0,0,0,3,0,0,0,0,1.2
function@_QQmain,13,16,0,29,0,74,8.125,21.875,18.125,0,52.5
