Comando: /home/mpvreal/Code/Faculdade/tcc/llvm/build/bin/llc --march=x86 --regalloc=basic -o -
Heurística: div(cost,pow(degree,2))
function@main,3,0,0,1,0,2,1.66667,0,1,0,2
function@MAIN_parseCommandLine,0,0,0,0,0,1,0,0,0,0,0.499999
function@MAIN_printInfo,0,0,0,0,0,0,0,0,0,0,0
function@MAIN_initialize,0,0,0,0,0,0,0,0,0,0,0
function@MAIN_finalize,0,0,0,0,0,0,0,0,0,0,0
function@LBM_allocateGrid,0,0,0,0,0,0,0,0,0,0,0
function@LBM_freeGrid,0,0,0,0,0,0,0,0,0,0,0
function@LBM_initializeGrid,0,0,0,0,0,0,0,0,0,0,0
function@LBM_initializeGrid.omp_outlined,0,2,0,1,0,6,0,2,1,0,49.5
function@LBM_swapGrids,0,0,0,0,0,0,0,0,0,0,0
function@LBM_loadObstacleFile,4,3,0,1,8,3,2111.5,2079.62,31.875,2177.25,33792.8
function@LBM_initializeSpecialCellsForLDC,0,0,0,0,0,0,0,0,0,0,0
function@LBM_initializeSpecialCellsForLDC.omp_outlined,2,8,0,3,3,7,32,598.556,18,37.3333,31857.8
function@LBM_initializeSpecialCellsForChannel,0,0,0,0,0,0,0,0,0,0,0
function@LBM_initializeSpecialCellsForChannel.omp_outlined,2,4,0,3,0,4,32,19,18,0,32768
function@LBM_performStreamCollideBGK,0,0,0,0,0,0,0,0,0,0,0
function@LBM_performStreamCollideBGK.omp_outlined,8,43,0,19,5,6,42,255,146.5,26,56.5
function@LBM_performStreamCollideTRT,0,0,0,0,0,0,0,0,0,0,0
function@LBM_performStreamCollideTRT.omp_outlined,50,117,0,66,5,6,382,887,514.5,26,56.5
function@LBM_handleInOutFlow,0,0,0,0,0,0,0,0,0,0,0
function@LBM_handleInOutFlow.omp_outlined,2,4,0,2,2,7,2,19,2,1.5,96.5
function@LBM_handleInOutFlow.omp_outlined.2,15,25,0,30,0,1,240,400,480,0,0.5
function@LBM_showGridStatistics,24,31,0,32,2,7,280.188,670.062,636.438,16.9375,207.562
function@LBM_storeVelocityField,6,2,0,2,9,2,35904,1056,1056,3202,32769
function@LBM_compareVelocityField,13,46,0,23,9,2,232513,1.44285e+06,656417,3202,32769
