Comando: /home/mpvreal/Code/Faculdade/tcc/llvm/build/bin/llc -march=x86 --regalloc=greedy -o -
Heurística: div(cost,mul(area,degree))
~&SPILL_STATS,55, 10, 0, 35, 2, 46, 809.68, 629.147, 404.406, 2.51107, 1018.72
~&SPILL_STATS,5, 0, 0, 3, 0, 6, 615, 0, 40, 0, 823.125
~&SPILL_STATS,2, 1, 0, 2, 0, 7, 220, 200, 220, 0, 1622.5
~&SPILL_STATS,0, 0, 0, 0, 0, 5, 0, 0, 0, 0, 45.5
~&SPILL_STATS,0, 0, 0, 0, 0, 2, 0, 0, 0, 0, 40.5714
~&SPILL_STATS,0, 0, 0, 0, 0, 2, 0, 0, 0, 0, 40.5714
~&SPILL_STATS,0, 0, 0, 0, 0, 2, 0, 0, 0, 0, 40.5714
~&SPILL_STATS,0, 0, 0, 0, 0, 2, 0, 0, 0, 0, 40.5714
~&SPILL_STATS,0, 0, 0, 0, 0, 0, 0, 0, 0, 0, 0
~&SPILL_STATS,0, 0, 0, 0, 0, 5, 0, 0, 0, 0, 56.1964
~&SPILL_STATS,0, 0, 0, 0, 0, 2, 0, 0, 0, 0, 2
~&SPILL_STATS,0, 0, 0, 0, 0, 0, 0, 0, 0, 0, 0
~&SPILL_STATS,18, 2, 0, 13, 0, 15, 74.5, 13.125, 73.875, 0, 135.25
~&SPILL_STATS,0, 0, 0, 0, 0, 2, 0, 0, 0, 0, 20.0588
~&SPILL_STATS,9, 1, 0, 6, 0, 21, 730, 200, 245.312, 0, 1003.51
~&SPILL_STATS,0, 0, 0, 0, 0, 0, 0, 0, 0, 0, 0
~&SPILL_STATS,0, 0, 0, 0, 0, 0, 0, 0, 0, 0, 0
~&SPILL_STATS,0, 0, 0, 0, 0, 0, 0, 0, 0, 0, 0
~&SPILL_STATS,0, 0, 0, 0, 0, 0, 0, 0, 0, 0, 0
~&SPILL_STATS,0, 0, 0, 0, 0, 0, 0, 0, 0, 0, 0
~&SPILL_STATS,7, 1, 0, 7, 0, 20, 47.3889, 7.88889, 21.7963, 0, 94.3518
~&SPILL_STATS,13, 2, 0, 15, 0, 7, 0.583333, 0.166667, 0.75, 0, 2.20833
~&SPILL_STATS,6, 0, 0, 5, 0, 10, 2.45161, 0, 2.19355, 0, 55.4194
~&SPILL_STATS,0, 0, 0, 0, 0, 2, 0, 0, 0, 0, 1.91667
~&SPILL_STATS,4, 0, 0, 4, 0, 1, 0.1875, 0, 0.1875, 0, 1
~&SPILL_STATS,1, 0, 0, 2, 0, 2, 0.625, 0, 0.625, 0, 2
~&SPILL_STATS,1, 1, 0, 1, 3, 2, 0.625, 15.8571, 1, 8.55357, 1.625
~&SPILL_STATS,0, 0, 0, 0, 0, 1, 0, 0, 0, 0, 1
~&SPILL_STATS,0, 0, 0, 0, 0, 3, 0, 0, 0, 0, 21.9375
~&SPILL_STATS,0, 0, 0, 0, 0, 0, 0, 0, 0, 0, 0
~&SPILL_STATS,0, 0, 0, 0, 0, 0, 0, 0, 0, 0, 0
~&SPILL_STATS,0, 0, 0, 0, 0, 0, 0, 0, 0, 0, 0
~&SPILL_STATS,0, 0, 0, 0, 0, 0, 0, 0, 0, 0, 0
~&SPILL_STATS,0, 0, 0, 0, 0, 0, 0, 0, 0, 0, 0
~&SPILL_STATS,0, 0, 0, 0, 0, 0, 0, 0, 0, 0, 0
~&SPILL_STATS,7, 0, 0, 5, 4, 6, 78.8235, 0, 34.6765, 12.3235, 366.941
~&SPILL_STATS,5, 0, 0, 2, 2, 2, 149.5, 0, 62.3529, 24.9118, 21.0588
~&SPILL_STATS,0, 0, 0, 0, 0, 1, 0, 0, 0, 0, 1
~&SPILL_STATS,0, 0, 0, 0, 0, 0, 0, 0, 0, 0, 0
~&SPILL_STATS,0, 0, 0, 0, 0, 0, 0, 0, 0, 0, 0
~&SPILL_STATS,0, 0, 0, 0, 0, 0, 0, 0, 0, 0, 0
~&SPILL_STATS,0, 0, 0, 0, 0, 0, 0, 0, 0, 0, 0
~&SPILL_STATS,16, 0, 0, 12, 0, 6, 28.7109, 0, 28.7109, 0, 7.55859
~&SPILL_STATS,0, 1, 0, 1, 0, 8, 0, 0.625, 1, 0, 29.625
~&SPILL_STATS,0, 0, 0, 0, 0, 6, 0, 0, 0, 0, 8.82353
~&SPILL_STATS,2, 0, 0, 2, 0, 2, 0.46875, 0, 0.9375, 0, 2
~&SPILL_STATS,0, 0, 0, 0, 0, 0, 0, 0, 0, 0, 0
~&SPILL_STATS,0, 0, 0, 0, 0, 0, 0, 0, 0, 0, 0
~&SPILL_STATS,0, 0, 0, 0, 0, 1, 0, 0, 0, 0, 0.625
~&SPILL_STATS,0, 0, 0, 0, 0, 2, 0, 0, 0, 0, 2
~&SPILL_STATS,0, 0, 0, 0, 0, 0, 0, 0, 0, 0, 0
~&SPILL_STATS,0, 0, 0, 0, 0, 0, 0, 0, 0, 0, 0
~&SPILL_STATS,0, 0, 0, 0, 0, 6, 0, 0, 0, 0, 1.14286
~&SPILL_STATS,0, 0, 0, 0, 0, 0, 0, 0, 0, 0, 0
~&SPILL_STATS,0, 0, 0, 0, 0, 0, 0, 0, 0, 0, 0
~&SPILL_STATS,0, 0, 0, 0, 0, 0, 0, 0, 0, 0, 0
~&SPILL_STATS,18, 0, 0, 4, 0, 24, 0.124878, 0, 0.161804, 0, 0.583801
~&SPILL_STATS,0, 0, 0, 0, 0, 0, 0, 0, 0, 0, 0
~&SPILL_STATS,0, 0, 0, 0, 0, 0, 0, 0, 0, 0, 0
~&SPILL_STATS,92, 9, 0, 23, 12, 45, 209.925, 18.8867, 105.991, 10.6545, 14166.7
~&SPILL_STATS,60, 13, 0, 19, 3, 47, 502.294, 233.98, 31.902, 1.94118, 987.353
~&SPILL_STATS,0, 0, 0, 0, 0, 0, 0, 0, 0, 0, 0
~&SPILL_STATS,0, 0, 0, 0, 0, 0, 0, 0, 0, 0, 0
~&SPILL_STATS,0, 0, 0, 0, 0, 0, 0, 0, 0, 0, 0
~&SPILL_STATS,0, 0, 0, 0, 0, 1, 0, 0, 0, 0, 1
~&SPILL_STATS,0, 0, 0, 0, 0, 11, 0, 0, 0, 0, 18.9347
~&SPILL_STATS,0, 0, 0, 0, 0, 0, 0, 0, 0, 0, 0
~&SPILL_STATS,0, 0, 0, 0, 0, 0, 0, 0, 0, 0, 0
~&SPILL_STATS,0, 0, 0, 0, 0, 0, 0, 0, 0, 0, 0
~&SPILL_STATS,0, 0, 0, 0, 0, 0, 0, 0, 0, 0, 0
~&SPILL_STATS,0, 0, 0, 0, 0, 0, 0, 0, 0, 0, 0
~&SPILL_STATS,0, 0, 0, 0, 0, 0, 0, 0, 0, 0, 0
~&SPILL_STATS,0, 0, 0, 0, 0, 0, 0, 0, 0, 0, 0
~&SPILL_STATS,0, 0, 0, 0, 0, 5, 0, 0, 0, 0, 13.2222
~&SPILL_STATS,0, 0, 0, 0, 0, 4, 0, 0, 0, 0, 3
~&SPILL_STATS,0, 0, 0, 0, 0, 1, 0, 0, 0, 0, 1
~&SPILL_STATS,0, 0, 0, 0, 0, 4, 0, 0, 0, 0, 4
~&SPILL_STATS,0, 0, 0, 0, 0, 0, 0, 0, 0, 0, 0
~&SPILL_STATS,0, 0, 0, 0, 0, 0, 0, 0, 0, 0, 0
~&SPILL_STATS,0, 0, 0, 0, 0, 2, 0, 0, 0, 0, 25.3333
~&SPILL_STATS,19, 19, 0, 31, 0, 0, 11.875, 11.875, 19.375, 0, 0
~&SPILL_STATS,19, 19, 0, 31, 0, 0, 11.875, 11.875, 19.375, 0, 0
~&SPILL_STATS,4, 0, 0, 3, 0, 22, 1.40625, 0, 1.01562, 0, 95.5098
~&SPILL_STATS,69, 32, 0, 26, 4, 73, 2887.6, 2702.46, 456.481, 158.019, 4408.81
~&SPILL_STATS,6, 1, 0, 5, 6, 12, 17.0547, 0.3125, 11.4844, 6.46875, 32.0703
~&SPILL_STATS,0, 0, 0, 0, 0, 0, 0, 0, 0, 0, 0
~&SPILL_STATS,1, 1, 0, 1, 3, 8, 9.84127, 1, 10.1587, 1.64872, 517.922
~&SPILL_STATS,0, 0, 0, 0, 0, 0, 0, 0, 0, 0, 0
~&SPILL_STATS,1, 0, 0, 1, 0, 18, 0.320236, 0, 0.320236, 0, 5.8746
~&SPILL_STATS,0, 0, 0, 0, 0, 5, 0, 0, 0, 0, 26.1587
~&SPILL_STATS,0, 0, 0, 0, 0, 0, 0, 0, 0, 0, 0
~&SPILL_STATS,0, 0, 0, 0, 0, 4, 0, 0, 0, 0, 3.01852
~&SPILL_STATS,0, 0, 0, 0, 0, 0, 0, 0, 0, 0, 0
~&SPILL_STATS,0, 0, 0, 0, 0, 0, 0, 0, 0, 0, 0
~&SPILL_STATS,0, 0, 0, 0, 0, 2, 0, 0, 0, 0, 1
~&SPILL_STATS,0, 1, 0, 1, 0, 0, 0, 0.5, 0.5, 0, 0
~&SPILL_STATS,0, 0, 0, 0, 0, 0, 0, 0, 0, 0, 0
~&SPILL_STATS,0, 0, 0, 0, 0, 5, 0, 0, 0, 0, 106.25
~&SPILL_STATS,0, 0, 0, 0, 0, 0, 0, 0, 0, 0, 0
~&SPILL_STATS,12, 10, 0, 10, 11, 5, 12.9062, 22.9688, 23.5312, 13.125, 21.6875
~&SPILL_STATS,2, 0, 0, 1, 0, 2, 1, 0, 1, 0, 0.25
~&SPILL_STATS,0, 0, 0, 0, 0, 0, 0, 0, 0, 0, 0
~&SPILL_STATS,0, 0, 0, 0, 0, 2, 0, 0, 0, 0, 2
~&SPILL_STATS,0, 0, 0, 0, 0, 0, 0, 0, 0, 0, 0
~&SPILL_STATS,0, 0, 0, 0, 0, 0, 0, 0, 0, 0, 0
~&SPILL_STATS,0, 0, 0, 0, 0, 0, 0, 0, 0, 0, 0
~&SPILL_STATS,0, 0, 0, 0, 0, 0, 0, 0, 0, 0, 0
~&SPILL_STATS,0, 0, 0, 0, 0, 0, 0, 0, 0, 0, 0
~&SPILL_STATS,0, 0, 0, 0, 0, 0, 0, 0, 0, 0, 0
~&SPILL_STATS,0, 0, 0, 0, 0, 2, 0, 0, 0, 0, 2
~&SPILL_STATS,0, 0, 0, 0, 0, 2, 0, 0, 0, 0, 2
~&SPILL_STATS,3, 0, 0, 3, 0, 3, 0.75, 0, 0.75, 0, 0.75
~&SPILL_STATS,0, 0, 0, 0, 0, 0, 0, 0, 0, 0, 0
~&SPILL_STATS,0, 0, 0, 0, 0, 0, 0, 0, 0, 0, 0
~&SPILL_STATS,0, 0, 0, 0, 0, 2, 0, 0, 0, 0, 2
~&SPILL_STATS,0, 0, 0, 0, 0, 0, 0, 0, 0, 0, 0
~&SPILL_STATS,1, 0, 0, 1, 0, 1, 0.015625, 0, 0.03125, 0, 1
~&SPILL_STATS,0, 0, 0, 0, 0, 0, 0, 0, 0, 0, 0
~&SPILL_STATS,0, 0, 0, 0, 0, 0, 0, 0, 0, 0, 0
~&SPILL_STATS,0, 0, 0, 0, 0, 2, 0, 0, 0, 0, 2
~&SPILL_STATS,0, 0, 0, 0, 0, 0, 0, 0, 0, 0, 0
~&SPILL_STATS,0, 0, 0, 0, 0, 0, 0, 0, 0, 0, 0
~&SPILL_STATS,0, 0, 0, 0, 0, 0, 0, 0, 0, 0, 0
~&SPILL_STATS,0, 0, 0, 0, 0, 0, 0, 0, 0, 0, 0
~&SPILL_STATS,0, 0, 0, 0, 0, 0, 0, 0, 0, 0, 0
~&SPILL_STATS,0, 0, 0, 0, 0, 0, 0, 0, 0, 0, 0
~&SPILL_STATS,7, 1, 0, 8, 0, 5, 41.0156, 5.85938, 41.1987, 0, 12.1948
~&SPILL_STATS,31, 10, 0, 42, 0, 1, 76.9687, 16.062, 90.4248, 0, 0.375
~&SPILL_STATS,0, 0, 0, 0, 0, 0, 0, 0, 0, 0, 0
~&SPILL_STATS,0, 0, 0, 0, 0, 2, 0, 0, 0, 0, 2
~&SPILL_STATS,0, 0, 0, 0, 0, 0, 0, 0, 0, 0, 0
~&SPILL_STATS,0, 0, 0, 0, 0, 0, 0, 0, 0, 0, 0
~&SPILL_STATS,0, 0, 0, 0, 0, 0, 0, 0, 0, 0, 0
~&SPILL_STATS,0, 0, 0, 0, 0, 0, 0, 0, 0, 0, 0
~&SPILL_STATS,0, 0, 0, 0, 0, 2, 0, 0, 0, 0, 2
~&SPILL_STATS,0, 0, 0, 0, 0, 4, 0, 0, 0, 0, 27.5
~&SPILL_STATS,0, 0, 0, 0, 0, 2, 0, 0, 0, 0, 25.3333
~&SPILL_STATS,0, 0, 0, 0, 0, 0, 0, 0, 0, 0, 0
~&SPILL_STATS,0, 0, 0, 0, 0, 0, 0, 0, 0, 0, 0
~&SPILL_STATS,0, 0, 0, 0, 0, 0, 0, 0, 0, 0, 0
~&SPILL_STATS,0, 0, 0, 0, 0, 0, 0, 0, 0, 0, 0
~&SPILL_STATS,0, 0, 0, 0, 0, 1, 0, 0, 0, 0, 32.4762
~&SPILL_STATS,0, 0, 0, 0, 0, 0, 0, 0, 0, 0, 0
~&SPILL_STATS,0, 0, 0, 0, 0, 2, 0, 0, 0, 0, 0.494118
~&SPILL_STATS,0, 0, 0, 0, 0, 0, 0, 0, 0, 0, 0
~&SPILL_STATS,1, 2, 0, 3, 4, 17, 0.857143, 1.85714, 25.25, 2.71429, 85.3036
~&SPILL_STATS,2, 0, 0, 1, 0, 6, 0.499825, 0, 1, 0, 5.14934
~&SPILL_STATS,0, 0, 0, 0, 0, 2, 0, 0, 0, 0, 1.5
~&SPILL_STATS,0, 0, 0, 0, 0, 2, 0, 0, 0, 0, 40.9
~&SPILL_STATS,0, 0, 0, 0, 0, 2, 0, 0, 0, 0, 40.1176
~&SPILL_STATS,0, 0, 0, 0, 0, 0, 0, 0, 0, 0, 0
~&SPILL_STATS,3, 1, 0, 2, 0, 3, 18.5469, 0.429688, 1.11719, 0, 18.8281
~&SPILL_STATS,0, 0, 0, 0, 0, 3, 0, 0, 0, 0, 0.117438
~&SPILL_STATS,13, 16, 0, 3, 0, 11, 1.02815, 0.702413, 2.08579, 0, 3.2118
~&SPILL_STATS,0, 0, 0, 0, 0, 0, 0, 0, 0, 0, 0
~&SPILL_STATS,3, 2, 0, 4, 0, 4, 1.64, 2, 2.96, 0, 3.28
~&SPILL_STATS,19, 2, 0, 13, 0, 0, 13.4706, 1.2549, 11, 0, 0
~&SPILL_STATS,24, 2, 0, 16, 0, 3, 19.2353, 1.2549, 12.6078, 0, 2.37255
~&SPILL_STATS,14, 1, 0, 9, 0, 5, 10.8571, 1, 8.47619, 0, 4.47619
~&SPILL_STATS,0, 1, 0, 1, 0, 6, 0, 8, 0.5, 0, 79.6875
~&SPILL_STATS,28, 0, 0, 28, 0, 2, 28, 0, 28, 0, 1
~&SPILL_STATS,0, 0, 0, 0, 0, 3, 0, 0, 0, 0, 14.4211
~&SPILL_STATS,34, 4, 0, 9, 0, 28, 5.15625, 0.90625, 4.75, 0, 9.875
~&SPILL_STATS,0, 0, 0, 0, 0, 0, 0, 0, 0, 0, 0
~&SPILL_STATS,0, 0, 0, 0, 0, 0, 0, 0, 0, 0, 0
~&SPILL_STATS,14, 0, 0, 14, 0, 0, 14, 0, 14, 0, 0
~&SPILL_STATS,25, 7, 0, 23, 0, 6, 5.81176, 0.988235, 13.2824, 0, 2.58824
~&SPILL_STATS,31, 0, 0, 31, 0, 3, 31, 0, 31, 0, 3
~&SPILL_STATS,31, 0, 0, 31, 0, 3, 31, 0, 31, 0, 3
~&SPILL_STATS,0, 0, 0, 0, 0, 0, 0, 0, 0, 0, 0
~&SPILL_STATS,0, 0, 0, 0, 0, 0, 0, 0, 0, 0, 0
~&SPILL_STATS,0, 0, 0, 0, 0, 0, 0, 0, 0, 0, 0
~&SPILL_STATS,0, 0, 0, 0, 0, 2, 0, 0, 0, 0, 2
~&SPILL_STATS,0, 0, 0, 0, 0, 0, 0, 0, 0, 0, 0
~&SPILL_STATS,0, 0, 0, 0, 0, 0, 0, 0, 0, 0, 0
~&SPILL_STATS,0, 0, 0, 0, 0, 0, 0, 0, 0, 0, 0
~&SPILL_STATS,0, 0, 0, 0, 0, 0, 0, 0, 0, 0, 0
~&SPILL_STATS,7, 0, 0, 7, 0, 11, 9.375, 0, 1.30208, 0, 16.5417
~&SPILL_STATS,32, 5, 0, 9, 0, 38, 2.87109, 0.292969, 3.35156, 0, 6.84766
~&SPILL_STATS,5, 0, 0, 5, 0, 9, 5, 0, 5, 0, 8.625
~&SPILL_STATS,4, 1, 0, 5, 0, 10, 1.11719, 0.5, 2.11719, 0, 3.27344
~&SPILL_STATS,12, 31, 0, 41, 0, 5, 291, 929, 878, 0, 98
~&SPILL_STATS,0, 0, 0, 0, 0, 0, 0, 0, 0, 0, 0
~&SPILL_STATS,0, 0, 0, 0, 0, 0, 0, 0, 0, 0, 0
~&SPILL_STATS,0, 0, 0, 0, 0, 0, 0, 0, 0, 0, 0
~&SPILL_STATS,0, 0, 0, 0, 0, 0, 0, 0, 0, 0, 0
~&SPILL_STATS,0, 0, 0, 0, 0, 2, 0, 0, 0, 0, 2
~&SPILL_STATS,0, 0, 0, 0, 0, 2, 0, 0, 0, 0, 1.61765
~&SPILL_STATS,0, 0, 0, 0, 0, 0, 0, 0, 0, 0, 0
~&SPILL_STATS,40, 8, 0, 16, 0, 9, 3.11285, 0.330758, 2.4922, 0, 1.56416
~&SPILL_STATS,6, 1, 0, 6, 0, 3, 1.50391, 0.0703125, 1.50391, 0, 2.38281
~&SPILL_STATS,10, 5, 0, 10, 0, 9, 3.84252, 0.661417, 3.89764, 0, 9.59055
~&SPILL_STATS,112, 4, 0, 54, 18, 50, 268.086, 2.91373, 522.767, 6.06892, 571.508
~&SPILL_STATS,1, 2, 0, 2, 0, 7, 0.499999, 0.499999, 0.999999, 0, 4.5
~&SPILL_STATS,0, 0, 0, 0, 0, 4, 0, 0, 0, 0, 4
~&SPILL_STATS,0, 0, 0, 0, 0, 0, 0, 0, 0, 0, 0
~&SPILL_STATS,0, 0, 0, 0, 0, 7, 0, 0, 0, 0, 6.99999
~&SPILL_STATS,2, 2, 0, 2, 0, 3, 1.62498, 19.9994, 1.625, 0, 21.9993
~&SPILL_STATS,11, 0, 0, 3, 1, 6, 500.166, 0, 33.5, 0.624999, 674.333
~&SPILL_STATS,0, 0, 0, 0, 0, 1, 0, 0, 0, 0, 0.5
~&SPILL_STATS,126, 38, 0, 73, 9, 65, 1.82413e+06, 620595, 114158, 10999.7, 1.04306e+06
~&SPILL_STATS,0, 0, 0, 0, 0, 9, 0, 0, 0, 0, 84.76
~&SPILL_STATS,0, 0, 0, 0, 0, 5, 0, 0, 0, 0, 43.96
~&SPILL_STATS,0, 0, 0, 0, 0, 4, 0, 0, 0, 0, 11.44
~&SPILL_STATS,43, 32, 0, 35, 1, 79, 779.161, 484.328, 353.486, 0.3906, 4250.8
~&SPILL_STATS,19, 0, 0, 10, 0, 18, 1485.95, 0, 654.478, 0, 1977.52
~&SPILL_STATS,0, 0, 0, 0, 0, 3, 0, 0, 0, 0, 15.625
~&SPILL_STATS,50, 14, 0, 26, 2, 28, 1126.15, 218.75, 169.519, 16.25, 802.673
~&SPILL_STATS,0, 0, 0, 0, 0, 2, 0, 0, 0, 0, 25.3333
~&SPILL_STATS,0, 0, 0, 0, 0, 0, 0, 0, 0, 0, 0
~&SPILL_STATS,16, 3, 0, 12, 0, 11, 131.562, 23.8125, 137.438, 0, 117.5
