Comando: /home/mpvreal/Code/Faculdade/tcc/llvm/build/bin/llc --march=x86-64 --regalloc=greedy -o -
Heurística: div(cost,pow(degree,2))
function@set_data_,0,0,0,0,0,8,0,0,0,0,8
function@set_data_tile_,0,0,0,0,0,34,0,0,0,0,34
function@get_3dfld_,90,10,0,33,5,190,37.2502,1.98889,11.9008,3.4167,182.174
function@close_io_,0,0,0,0,0,35,0,0,0,0,10.3929
function@_QMdiag_modPdiag,8,0,0,8,0,10,8,0,8,0,10
function@_QMdiag_modPdiag_tile,201,74,0,123,24,128,34461.5,15769.3,673.201,29.4029,29682.3
function@_QMmod_mixingPallocate_mixing,59,0,0,22,0,39,59,0,22,0,38
function@_QMmod_mixingPinitialize_mixing,54,17,0,20,0,72,184744,4424.64,2934.24,0,1.30455e+06
function@_QMset_zeta_modPset_zeta,1,0,0,1,0,8,1,0,1,0,8
function@_QMset_zeta_modPset_zeta_tile,38,7,0,21,2,31,89.8088,36.0147,17.0735,6.26471,680.971
function@_QMdef_var_modPdef_var,95,0,0,8,0,607,7.56245,0,6.12448,0,208.18
function@_QMnf_fread3d_bry_modPnf_fread3d_bry,38,25,0,40,0,31,3481.75,10139.9,791.229,0,24314.6
function@_QMnrutilParray_copy_r,0,0,0,0,0,4,0,0,0,0,1.68
function@_QMnrutilParray_copy_d,0,0,0,0,0,4,0,0,0,0,1.68
function@_QMnrutilParray_copy_i,0,0,0,0,0,4,0,0,0,0,1.68
function@_QMnrutilParth_r,5,0,0,4,0,15,25.049,0,5.45098,0,55.3628
function@_QMnrutilParth_d,5,0,0,4,0,15,25.049,0,5.45098,0,55.3628
function@_QMnrutilParth_i,4,0,0,4,0,13,20.0392,0,5.45098,0,48.7941
function@_QMnrutilPnrerror,0,0,0,0,0,8,0,0,0,0,8
function@_QMnrutilPreallocate_rv,3,0,0,3,0,17,1.64062,0,1.875,0,8.00781
function@_QMnrutilPreallocate_iv,3,0,0,3,0,18,1.64062,0,1.875,0,8.63281
function@_QMnrutilPreallocate_hv,4,4,0,3,0,32,1.47583,0.78125,2.25,0,10.1762
function@_QMnrutilPreallocate_rm,16,4,0,9,0,26,25.1074,1.50391,5.625,0,75.125
function@_QMnrutilPreallocate_im,16,4,0,9,0,26,25.1074,1.50391,5.625,0,75.125
function@_QMlmd_vmix_modPlmd_vmix,12,1,0,13,0,16,12,1,13,0,16
function@_QMlmd_vmix_modPlmd_vmix_tile,464,152,0,201,7,137,182353,68565.4,8315.29,177.108,152386
function@_QMlmd_vmix_modPlmd_finish,5,0,0,5,0,4,5,0,5,0,4
function@_QMlmd_vmix_modPlmd_finish_tile,43,15,0,36,3,23,2403.62,5301.45,673.708,0.630769,48699.6
function@_QMnf_fwrite3d_bry_modPnf_fwrite3d_bry,66,40,0,41,4,34,20810.1,25581.1,2090.24,1970.71,75566.5
function@my_wtime_,0,0,0,0,0,0,0,0,0,0,0
function@lmd_swfrac_tile_,38,17,0,42,1,36,3489.3,1512.75,2785,0.4,3248.3
function@_QMstate_initialize_modPstate_initialize,40,36,0,31,0,40,14257.4,14679.1,208,0,237973
function@get_cycle_,23,1,0,10,2,54,15.4552,5.25666,13.6005,2,68.4262
function@wrt_info_,299,78,0,7,0,638,2.96536,2,5.5,0,14.9654
function@_QMt3dmix_modPt3dmix2,8,0,0,8,0,12,8,0,8,0,12
function@_QMt3dmix_modPt3dmix2_tile,343,224,0,209,13,247,4.52396e+06,2.88307e+06,299175,16878.3,4.91699e+06
function@_QMini_fields_modPini_fields,13,0,0,13,0,10,13,0,13,0,10
function@_QMini_fields_modPini_fields_tile,280,116,0,140,18,186,14824.5,19920.8,764.125,494.268,109550
function@_QMini_fields_modPini_zeta,2,0,0,2,0,9,2,0,2,0,9
function@_QMini_fields_modPini_zeta_tile,37,12,0,18,3,46,70.5872,31,21.3028,1.00917,844.514
function@set_scoord_,49,12,0,37,0,79,168.635,41.3176,99.0235,0,333.612
function@_QMset_3dfld_modPset_3dfld_tile,106,51,0,67,11,105,689.385,596.746,71.0516,1.05498,8248.23
function@initial_,4,0,0,4,0,80,31.7903,0,31.7903,0,4490.97
function@lubksb_,0,0,0,0,0,9,0,0,0,0,64.5
function@_QMran_statePran_init,0,0,0,0,0,3,0,0,0,0,3
function@_QMran_statePran_seed,0,0,0,0,0,3,0,0,0,0,3
function@_QMmod_gridPallocate_grid,207,1,0,45,0,100,207,1,45,0,99
function@_QMmod_gridPinitialize_grid,10,5,0,8,0,112,683.12,151.2,160.52,0,79861.5
function@_QMpre_step3d_modPpre_step3d,60,0,0,60,0,14,60,0,60,0,14
function@_QMpre_step3d_modPpre_step3d_tile,1366,647,0,662,52,727,2.84905e+06,3.64173e+06,216532,26790.2,4.91924e+06
function@checkdefs_,1,0,0,1,0,372,1,0,1,0,221.281
function@_QQmain,0,0,0,0,0,0,0,0,0,0,0
function@checkvars_,20,2,0,8,0,312,111.156,105,15.875,0,939.52
function@get_2dfld_,100,15,0,32,8,225,33.9205,1.42745,15.3374,2.97495,195.319
function@_QMnf_fread3d_modPnf_fread3d,40,16,0,27,2,30,122.108,74.0349,14.8576,0.0465116,869.887
function@gasdev_s_,2,1,0,3,0,5,1,0.5,1.5,0,65
function@gasdev_v_,58,5,0,28,0,54,296.81,23.7179,128.062,0,211.417
function@def_dim_,0,0,0,0,0,22,0,0,0,0,10.5312
function@inp_par_,10,4,0,14,0,149,19.2951,32.2295,51.5246,0,688.713
function@read_phypar_,408,7,0,14,1,2171,14.82,3.68815,7.31423,8.36586e-19,711.549
function@decode_line_,32,13,0,16,3,76,10.0191,12.4841,6.35032,1.09554,61.6624
function@load_i1_,0,0,0,0,0,0,0,0,0,0,0
function@load_l1_,0,0,0,0,0,2,0,0,0,0,2
function@load_r1_,0,0,0,0,0,0,0,0,0,0,0
function@load_i_,0,0,0,0,0,15,0,0,0,0,3.12745
function@load_l_,7,2,0,6,1,13,31.6667,20.2857,2.2381,10.1429,55.1429
function@load_r_,0,0,0,0,0,16,0,0,0,0,2.73529
function@get_varcoords_,49,4,0,15,0,65,6.39746,0.992188,8.19141,0,28.5205
function@_QMexchange_2d_modPexchange_p2d_tile,1,4,0,2,0,15,1,0.941177,2,0,29.2549
function@_QMexchange_2d_modPexchange_r2d_tile,1,4,0,2,0,15,1,0.941177,2,0,29.2549
function@_QMexchange_2d_modPexchange_u2d_tile,1,4,0,2,0,15,1,0.941177,2,0,29.2549
function@_QMexchange_2d_modPexchange_v2d_tile,1,4,0,2,0,15,1,0.941177,2,0,29.2549
function@_QMshapiro_modPshapiro2d_tile,62,33,0,41,1,65,155.527,123.275,44.3407,0.0879121,1502.03
function@_QMshapiro_modPshapiro3d_tile,71,50,0,44,2,59,4262.17,3929.25,624.167,21.9167,30862.7
function@set_ngfld_,23,6,0,16,0,46,10.7647,3.65882,10.0706,0,402.647
function@_QMuv3dmix_modPuv3dmix2,8,0,0,8,0,12,8,0,8,0,12
function@_QMuv3dmix_modPuv3dmix2_tile,326,134,0,272,3,174,575486,287043,27589.4,27.1667,312167
function@_QMocean_control_modProms_initialize,0,0,0,0,0,9,0,0,0,0,38.9355
function@_QMocean_control_modProms_run,0,0,0,0,0,1,0,0,0,0,8.125
function@_QMocean_control_modProms_finalize,0,0,0,0,0,5,0,0,0,0,60.9375
function@_QMstep2d_modPstep2d,42,0,0,42,0,15,42,0,42,0,15
function@_QMstep2d_modPstep2d_tile,1840,1018,0,1058,51,1046,23690.6,15229,1419.67,100.564,23003.6
function@_QMmod_forcesPallocate_forces,77,0,0,23,0,45,77,0,23,0,44
function@_QMmod_forcesPinitialize_forces,5,1,0,5,2,46,230.275,0.3,219.525,0.475,55303.8
function@_QMnf_fwrite2d_modPnf_fwrite2d,18,9,0,17,1,28,12.375,21.9861,8.29167,0.111111,95.0833
function@_QMu3dbc_modPu3dbc,5,0,0,5,0,2,5,0,5,0,2
function@_QMu3dbc_modPu3dbc_tile,15,10,0,14,2,21,33.716,25.8025,13.4074,0.197531,446.58
function@def_his_,92,23,0,36,3,603,44.8584,9.84376,2.23442,0.292969,169.365
function@_QMmetrics_modPmetrics,3,0,0,3,0,8,3,0,3,0,8
function@_QMmetrics_modPmetrics_tile,927,235,0,400,283,453,19165.1,10599,1702.25,714.831,19588
function@_QMt3dbc_modPt3dbc,9,0,0,9,0,2,9,0,9,0,2
function@_QMt3dbc_modPt3dbc_tile,16,10,0,15,2,17,34.716,25.8025,14.4074,0.197531,431.84
function@set_weights_,21,3,0,21,0,70,3378.31,1300.79,1391.62,0,947.905
function@_QMnf_fwrite4d_modPnf_fwrite4d,43,17,0,38,0,40,6217.93,12510.7,265.833,0,35312.7
function@_QMwvelocity_modPwvelocity,8,1,0,9,0,10,8,1,9,0,10
function@_QMwvelocity_modPwvelocity_tile,399,230,0,224,40,215,132257,76492.6,4612,134.524,115587
function@_QMbulk_flux_modPbulk_flux,8,1,0,9,0,13,8,1,9,0,13
function@_QMbulk_flux_modPbulk_flux_tile,597,229,0,426,1,460,390641,170896,247964,20.0337,178065
function@_QMbulk_flux_modPbulk_psiu,8,4,0,10,0,5,4,2,5,0,3.5
function@_QMbulk_flux_modPbulk_psit,12,4,0,11,0,3,6,2,6,0,2.5
function@_QMnf_fwrite3d_modPnf_fwrite3d,34,15,0,27,3,31,340.74,434.519,21.8173,0.557692,1770.47
function@get_state_,59,2,0,10,1,327,1.47171,0.0270475,5.26873,0.00132823,18.5715
function@_QMutility_modPnrng,17,3,0,16,0,15,7.03388,0.76282,7.56593,0,11.2106
function@_QMutility_modPurng,0,0,0,0,0,6,0,0,0,0,18.8889
function@checkadj_,0,0,0,0,0,78,0,0,0,0,62
function@_QManalytical_modPana_btflux,2,0,0,2,0,4,2,0,2,0,4
function@_QManalytical_modPana_btflux_tile,0,11,0,2,0,31,0,13.2454,2,0,443.748
function@_QManalytical_modPana_cloud,0,0,0,0,0,6,0,0,0,0,6
function@_QManalytical_modPana_cloud_tile,10,0,0,8,0,17,18.975,0,5.6,0,250.225
function@_QManalytical_modPana_grid,1,0,0,1,0,11,1,0,1,0,11
function@_QManalytical_modPana_grid_tile,441,133,0,208,83,209,7268.57,5441.58,800.975,265.3,12025.3
function@_QManalytical_modPana_humid,0,0,0,0,0,6,0,0,0,0,6
function@_QManalytical_modPana_humid_tile,10,0,0,8,0,17,18.975,0,5.6,0,250.225
function@_QManalytical_modPana_initial,16,0,0,16,0,5,8,0,8,0,4
function@_QManalytical_modPana_nlminitial_tile,79,47,0,53,1,71,23362.3,38899.9,17218.2,0.4,21962
function@_QManalytical_modPana_pair,0,0,0,0,0,6,0,0,0,0,6
function@_QManalytical_modPana_pair_tile,10,0,0,8,0,17,18.975,0,5.6,0,250.225
function@_QManalytical_modPana_rain,0,0,0,0,0,6,0,0,0,0,6
function@_QManalytical_modPana_rain_tile,9,0,0,7,0,18,12.6,0,5.4,0,256.6
function@_QManalytical_modPana_srflux,0,0,0,0,0,7,0,0,0,0,7
function@_QManalytical_modPana_srflux_tile,120,46,0,92,2,29,3916.68,4430.8,2099.97,3.375,1773.23
function@_QManalytical_modPana_stflux,2,0,0,2,0,6,2,0,2,0,6
function@_QManalytical_modPana_stflux_tile,4,6,0,5,0,32,4,12.5276,5,0,444.748
function@_QManalytical_modPana_tair,0,0,0,0,0,6,0,0,0,0,6
function@_QManalytical_modPana_tair_tile,10,0,0,8,0,17,18.975,0,5.6,0,250.225
function@_QManalytical_modPana_winds,0,0,0,0,0,7,0,0,0,0,7
function@_QManalytical_modPana_winds_tile,51,12,0,37,1,43,2161.38,654.875,312.6,0.2,2207.75
function@_QMbc_bry3d_modPbc_r3d_bry_tile,15,0,0,2,0,30,3.62745,0,2,0,45.5882
function@_QMbc_bry3d_modPbc_u3d_bry_tile,21,0,0,3,0,36,6.11765,0,3,0,46.8823
function@_QMbc_bry3d_modPbc_v3d_bry_tile,15,4,0,3,0,35,3.62745,2,3,0,46.8823
function@get_data_,0,0,0,0,0,5,0,0,0,0,5
function@_QMstep3d_t_modPstep3d_t,11,0,0,11,0,14,11,0,11,0,14
function@_QMstep3d_t_modPstep3d_t_tile,679,334,0,358,34,372,5.26435e+06,4.81169e+06,271039,37284.9,6.78845e+06
function@_QMlmd_skpp_modPlmd_skpp,29,0,0,29,0,11,29,0,29,0,11
function@_QMlmd_skpp_modPlmd_skpp_tile,1359,575,0,623,33,617,460226,245173,43792.5,1269.76,305216
function@_QMnf_fread4d_modPnf_fread4d,54,21,0,42,0,35,3058.16,1493.02,91.2439,0,18046.6
function@wclock_on_,0,0,0,0,0,2,0,0,0,0,2
function@wclock_off_,0,2,0,2,0,3,0,1.09524,1.09524,0,2.71429
function@mod_arrays_,0,0,0,0,0,37,0,0,0,0,271.667
function@_QMinterpolate_modPlinterp2d,8,3,0,11,2,7,1642.42,39.75,51.5,1.33333,876.583
function@_QMinterpolate_modPcinterp2d,39,7,0,35,2,107,8255.75,893.083,4333.75,1.33333,22422.3
function@_QMinterpolate_modPhindices,53,11,0,48,1,50,5146.15,2665.12,1509.09,0.5,12763
function@_QMinterpolate_modPtry_range,182,32,0,40,4,58,94.2662,59.5079,19.884,1.23443,166.519
function@_QMinterpolate_modPinside,4,0,0,2,0,17,28.0465,0,2,0,241.372
function@_QMbc_3d_modPbc_r3d_tile,30,15,0,25,0,38,17.8272,32,15.5062,0,481.914
function@_QMbc_3d_modPbc_u3d_tile,23,12,0,17,1,21,24.4691,27.2963,14.7654,0.0987654,443.58
function@_QMbc_3d_modPbc_v3d_tile,23,5,0,16,0,29,14.5062,2.23457,13.2963,0,255.395
function@_QMbc_3d_modPbc_w3d_tile,30,15,0,25,0,38,17.8272,32,15.5062,0,481.914
function@wrt_his_,83,9,0,28,0,283,12.0742,1.62584,2.41408,0,35.8728
function@_QMmod_couplingPallocate_coupling,35,0,0,12,0,24,35,0,12,0,23
function@_QMmod_couplingPinitialize_coupling,0,0,0,0,0,24,0,0,0,0,3707.58
function@_QMnf_fwrite2d_bry_modPnf_fwrite2d_bry,45,17,0,25,0,25,2104.48,1039.29,297,0,3560
function@_QMwhite_noise_modPwhite_noise1d,6,1,0,4,0,67,0.599349,0.0781759,0.677524,0,70.7028
function@_QMwhite_noise_modPwhite_noise2d,13,10,0,8,0,43,29.8033,63.2295,8,0,473.443
function@_QMwhite_noise_modPwhite_noise2d_bry,2,0,0,1,0,68,0.666124,0,1,0,83.1335
function@_QMwhite_noise_modPwhite_noise3d,24,12,0,15,1,42,633.721,455.287,48.6311,20.1393,8228.76
function@_QMwhite_noise_modPwhite_noise3d_bry,24,11,0,13,0,57,25.75,27,6.73684,0,454.961
function@get_ngfld_,85,16,0,33,6,189,29.2343,3.01913,16.8297,2.35499,108.711
function@regrid_,33,22,0,29,0,64,42.0469,13.6328,13.1875,0,101.789
function@_QMv3dbc_modPv3dbc,5,0,0,5,0,2,5,0,5,0,2
function@_QMv3dbc_modPv3dbc_tile,4,8,0,7,0,22,2.61728,13.8272,5.61728,0,446.568
function@_QMstate_dotprod_modPstate_dotprod,72,63,0,61,6,47,20521.9,30453.1,3572.02,1.875,276247
function@get_bounds_,0,0,0,0,0,0,0,0,0,0,0
function@get_domain_,0,0,0,0,0,0,0,0,0,0,0
function@get_iobounds_,0,0,0,0,0,0,0,0,0,0,0
function@get_tile_,0,0,0,0,0,13,0,0,0,0,8.80952
function@tile_bounds_1d_,0,0,0,0,0,3,0,0,0,0,2
function@tile_bounds_2d_,0,0,0,0,0,8,0,0,0,0,8
function@var_bounds_,0,0,0,0,0,0,0,0,0,0,0
function@_QMset_massflux_modPset_massflux,10,0,0,10,0,8,10,0,10,0,8
function@_QMset_massflux_modPset_massflux_tile,58,32,0,54,0,45,9222.52,38688.7,2158.38,0,49926
function@_QMzetabc_modPzetabc,2,0,0,2,0,2,2,0,2,0,2
function@_QMzetabc_modPzetabc_tile,5,4,0,3,0,14,1.62745,0.941177,3,0,25.098
function@_QMbc_2d_modPbc_r2d_tile,10,2,0,9,0,31,6.62592,1.01711,8.01711,0,26.5966
function@_QMbc_2d_modPbc_u2d_tile,9,4,0,7,0,14,5.62745,0.941177,7,0,25.098
function@_QMbc_2d_modPbc_v2d_tile,5,5,0,7,0,25,5,0.652812,6.03667,0,17.6724
function@_QMnf_fread2d_modPnf_fread2d,128,33,0,103,0,79,8.40318,5.84339,16.8593,0,52.6688
function@_QMv2dbc_modPv2dbc,2,0,0,2,0,2,2,0,2,0,2
function@_QMv2dbc_modPv2dbc_tile,0,4,0,1,0,11,0,0.627451,1,0,23.7843
function@_QMrhs3d_modPrhs3d,31,0,0,31,0,22,31,0,31,0,22
function@_QMrhs3d_modPrhs3d_tile,1386,628,0,572,38,575,466272,344904,24415.7,1555.33,402786
function@def_rst_,0,0,0,0,0,3,0,0,0,0,3
function@_QMmod_paramPinitialize_param,0,0,0,0,0,0,0,0,0,0,0
function@_QMset_2dfld_modPset_2dfld_tile,74,23,0,33,1,99,32.3213,20.8144,18.8557,0.0223368,413.16
function@_QMrho_eos_modPrho_eos,11,0,0,11,0,12,11,0,11,0,12
function@_QMrho_eos_modPrho_eos_tile,556,184,0,278,22,571,430656,145354,243934,1508.14,729201
function@_QMstiffness_modPstiffness,1,0,0,1,0,2,1,0,1,0,2
function@_QMstiffness_modPstiffness_tile,84,20,0,48,1,86,832.119,572.844,87.9449,0.385321,43638.2
function@_QMprsgrd_modPprsgrd,7,1,0,8,0,10,7,1,8,0,10
function@_QMprsgrd_modPprsgrd_tile,434,210,0,259,6,328,254387,214116,15215.2,840.25,562366
function@_QMu2dbc_modPu2dbc,2,0,0,2,0,2,2,0,2,0,2
function@_QMu2dbc_modPu2dbc_tile,5,4,0,3,0,14,1.62745,0.941177,3,0,25.098
function@def_info_,342,134,0,26,0,502,22.2808,6.6875,18.5825,0,61.5735
function@_QMstate_scale_modPstate_scale,45,39,0,36,0,39,14871.7,17968.6,414.175,0,240897
function@_QMmod_ncparamPinitialize_ncparam,174,0,0,12,10,611,498.334,0,125.824,8.63722,4256.27
function@_QMmod_scalarsPinitialize_scalars,0,1,0,1,0,24,0,1,1,0,18.3529
function@_QMnf_fread2d_bry_modPnf_fread2d_bry,27,8,0,25,0,29,168.569,531.413,46.6055,0,1154.25
function@_QMstate_addition_modPstate_addition,94,63,0,85,4,35,54283.3,361650,18278.5,1.2,347295
function@wrt_rst_,16,1,0,5,0,148,1.54788,0.5,1.50242,0,8.04606
function@_QMomega_modPomega,2,0,0,2,0,10,2,0,2,0,10
function@_QMomega_modPomega_tile,133,74,0,64,2,86,16189.3,25543.8,1621.67,67.25,44178.3
function@_QMomega_modPscale_omega,48,19,0,42,2,25,3339.91,9373.77,670.369,0.507692,21272.1
function@_QMextract_sta_modPextract_sta2d,36,6,0,16,0,46,42.1471,15.049,5.94118,0,55.3333
function@_QMextract_sta_modPextract_sta3d,225,74,0,173,8,253,143.887,64.23,50.6948,0.976526,218.986
function@checkerror_,3,0,0,3,0,29,1.95238,0,3,0,17.381
function@output_,0,0,0,0,0,22,0,0,0,0,5.33742
function@_QMexchange_3d_modPexchange_p3d_tile,13,11,0,12,2,22,33.0988,26.2963,15.4691,0.197531,546.802
function@_QMexchange_3d_modPexchange_r3d_tile,13,11,0,12,2,22,33.0988,26.2963,15.4691,0.197531,546.802
function@_QMexchange_3d_modPexchange_u3d_tile,13,11,0,12,2,22,33.0988,26.2963,15.4691,0.197531,546.802
function@_QMexchange_3d_modPexchange_v3d_tile,13,11,0,12,2,22,33.0988,26.2963,15.4691,0.197531,546.802
function@_QMexchange_3d_modPexchange_w3d_tile,13,11,0,12,2,22,33.0988,26.2963,15.4691,0.197531,546.802
function@get_date_,0,0,0,0,0,6,0,0,0,0,5.2381
function@day_code_,0,0,0,0,0,9,0,0,0,0,7.96
function@caldate_,8,1,0,6,0,13,1.98824,0.123529,1.24118,0,6.35882
function@ref_att_,7,2,0,7,0,23,7,2,7,0,23
function@time_string_,0,0,0,0,0,15,0,0,0,0,15
function@_QMset_vbc_modPset_vbc,17,0,0,17,0,8,17,0,17,0,8
function@_QMset_vbc_modPset_vbc_tile,72,49,0,72,7,81,3778.5,6200.85,227.325,1.825,8135.88
function@_QMset_depth_modPset_depth,1,0,0,1,0,5,1,0,1,0,5
function@_QMset_depth_modPset_depth_tile,148,92,0,110,36,132,19816.8,24457.2,1052.97,649.763,38699.6
function@_QMstate_product_modPstate_product,126,75,0,96,3,89,54222.8,57199,4748.3,1,484413
function@_QMstrings_modPfind_string,4,0,0,4,0,10,30.4231,0,3.23077,0,83.2308
function@_QMstrings_modPlowercase,0,0,0,0,0,13,0,0,0,0,50
function@_QMstrings_modPuppercase,0,0,0,0,0,13,0,0,0,0,50
function@_QMstep3d_uv_modPstep3d_uv,32,0,0,32,0,14,32,0,32,0,14
function@_QMstep3d_uv_modPstep3d_uv_tile,1412,690,0,477,191,709,240689,268995,19911.9,6867.67,402529
function@ludcmp_,27,3,0,14,0,50,669.088,69.4853,91.0882,0,793.794
function@_QMstate_copy_modPstate_copy,79,58,0,68,4,37,43403.4,41956.9,8162.78,1.2,350750
function@ran1_s_,0,0,0,0,0,3,0,0,0,0,3
function@ran1_v_,0,0,0,0,0,3,0,0,0,0,3
function@_QMmod_parallelPinitialize_parallel,0,0,0,0,0,0,0,0,0,0,0
function@main3d_,6,0,0,6,0,110,11.3393,0,11.8541,0,3681.03
function@_QMbc_bry2d_modPbc_r2d_bry_tile,0,0,0,0,0,8,0,0,0,0,4.9375
function@_QMbc_bry2d_modPbc_u2d_bry_tile,0,0,0,0,0,11,0,0,0,0,6.40625
function@_QMbc_bry2d_modPbc_v2d_bry_tile,0,0,0,0,0,11,0,0,0,0,6.40625
function@_QMmod_oceanPallocate_ocean,90,2,0,30,1,36,90,2,30,1,35
function@_QMmod_oceanPinitialize_ocean,13,8,0,11,0,92,5813.24,3043.88,375.8,0,1.14249e+06
