Comando: /home/mpvreal/Code/Faculdade/tcc/llvm/build/bin/llc --march=aarch64 --regalloc=greedy -o -
Heurística: original
function@writeout_,113,0,0,63,0,590,44500.7,0,1261.06,0,31860.8
function@_QMplane_source_modPplane_source_init,52,0,0,12,0,112,4887.69,0,12,0,2144.98
function@_QMplane_source_modPplane_source_read,9,0,0,3,0,180,60.7969,0,0.867188,0,1723.73
function@_QMplane_source_modPplane_source_apply,0,0,0,0,0,9,0,0,0,0,13
function@_QMplane_source_modPplane_source_end,0,0,0,0,0,0,0,0,0,0,0
function@_QMcommunicate_modPcom_init_mpi,0,0,0,0,0,0,0,0,0,0,0
function@_QMcommunicate_modPcommunicate_end,0,0,0,0,0,16,0,0,0,0,8.89412
function@init_,0,0,0,0,0,369,0,0,0,0,71.6206
function@_QMmur_modPmur_init,3,0,0,3,0,198,1.875,0,3,0,158.719
function@_QMmur_modPmur_updatee,270,0,0,62,0,174,142.622,0,29.5695,0,171.192
function@_QMmur_modPmur_storee,30,0,0,10,0,68,6.75926,0,10,0,177.111
function@_QMmur_modPmur_end,0,0,0,0,0,78,0,0,0,0,10.3125
function@_QMmur_modPmur_set_mf_arrays,3,0,0,3,0,11,53.65,0,2.6,0,146.05
function@_QMupdate_modPupdate_init,0,0,0,0,0,0,0,0,0,0,0
function@_QMupdate_modPupdateh,631,0,0,194,0,62,6919.76,0,1588.22,0,679.812
function@_QMupdate_modPupdatee,1135,0,0,166,0,121,63610.1,0,5449.94,0,61933.2
function@_QMupdate_modPupdate_inith,94,0,0,45,0,47,780.56,0,70,0,2397.6
function@_QMupdate_modPupdate_inite,140,0,0,44,0,76,1468.36,0,29.6755,0,1702.07
function@_QMupml_modPupml_allocate,0,0,0,0,0,370,0,0,0,0,317.059
function@_QMupml_modPcheck_allocate,0,0,0,0,0,22,0,0,0,0,1.02445e-08
function@_QMupml_modPupml_set_eps_arrays,14,0,0,11,0,156,883.094,0,100.781,0,1322.28
function@_QMupml_modPupml_init,4148,0,0,437,0,946,1063.01,0,184.322,0,2806.57
function@_QMupml_modPupml_initb,34,0,0,26,0,59,1006.67,0,280.238,0,1391.52
function@_QMupml_modPupml_inith,214,0,0,85,0,63,5382.71,0,177,0,1805.05
function@_QMupml_modPupml_updateh,1288,0,0,538,0,161,1.09156e+06,0,19799.1,0,293409
function@_QMupml_modPupml_updatee,0,0,0,0,0,0,0,0,0,0,0
function@_QMupml_modPupml_updatee_homo,3702,0,0,1305,0,575,1.14674e+06,0,91550.2,0,935843
function@_QMupml_modPupml_updatee_simple,4716,0,0,1415,0,588,1.22452e+06,0,42593.1,0,1.12588e+06
function@_QMupml_modPupml_initd,38,0,0,26,0,105,1152.03,0,329.882,0,1952.29
function@_QMupml_modPupml_inite,285,0,0,92,0,74,7957.71,0,178.176,0,1820.41
function@_QMupml_modPupml_end,0,0,0,0,0,450,0,0,0,0,241.667
function@_QMupml_modPcheck_deallocate,0,0,0,0,0,9,0,0,0,0,6.33333
function@_QMreadline_modPreadline,8,0,0,7,0,69,9.46739,0,6,0,190.12
function@_QMreadline_modPcheckifkeyword,0,0,0,0,0,8,0,0,0,0,33.7308
function@mpi_barrier_,0,0,0,0,0,6,0,0,0,0,6
function@mpi_bcast_,0,0,0,0,0,13,0,0,0,0,13
function@mpi_bcast_integers_,0,0,0,0,0,13,0,0,0,0,13
function@mpi_bcast_reals_,0,0,0,0,0,13,0,0,0,0,13
function@mpi_bcast_logical_,0,0,0,0,0,13,0,0,0,0,13
function@mpi_cart_rank_,0,0,0,0,0,9,0,0,0,0,9
function@mpi_cart_create_,0,0,0,0,0,15,0,0,0,0,15
function@mpi_cart_coords_,0,0,0,0,0,11,0,0,0,0,11
function@mpi_cart_shift_,0,0,0,0,0,14,0,0,0,0,14
function@mpi_comm_rank_,0,0,0,0,0,7,0,0,0,0,7
function@mpi_comm_size_,0,0,0,0,0,7,0,0,0,0,7
function@mpi_finalize_,0,0,0,0,0,0,0,0,0,0,0
function@mpi_init_,0,0,0,0,0,0,0,0,0,0,0
function@mpi_recv_,0,0,0,0,0,14,0,0,0,0,14
function@mpi_ssend_,0,0,0,0,0,15,0,0,0,0,15
function@mpi_bsend_,0,0,0,0,0,15,0,0,0,0,15
function@mpi_sendrecv_,4,0,0,4,0,26,4,0,4,0,26
function@mpi_wait_,0,0,0,0,0,7,0,0,0,0,7
function@mpi_isend_,0,0,0,0,0,16,0,0,0,0,16
function@mpi_wtick_,0,0,0,0,0,0,0,0,0,0,0
function@mpi_wtime_,0,0,0,0,0,0,0,0,0,0,0
function@mpi_buffer_attach_,0,0,0,0,0,7,0,0,0,0,7
function@mpi_buffer_detach_,0,0,0,0,0,7,0,0,0,0,7
function@mpi_pack_size_,0,0,0,0,0,10,0,0,0,0,10
function@mpi_gather_,0,0,0,0,0,16,0,0,0,0,16
function@mpi_type_struct_,0,0,0,0,0,16,0,0,0,0,16
function@mpi_type_commit_,0,0,0,0,0,5,0,0,0,0,5
function@mpi_type_extent_,0,0,0,0,0,6,0,0,0,0,6
function@mpi_type_free_,0,0,0,0,0,5,0,0,0,0,5
function@mpi_type_vector_,0,0,0,0,0,14,0,0,0,0,14
function@mpi_type_hvector_,0,0,0,0,0,14,0,0,0,0,14
function@mpi_irecv_,0,0,0,0,0,14,0,0,0,0,14
function@mpi_waitall_,0,0,0,0,0,9,0,0,0,0,9
function@mpi_sendrecv_replace_,4,0,0,4,0,26,4,0,4,0,26
function@mpi_bsend_init_,0,0,0,0,0,15,0,0,0,0,15
function@mpi_recv_init_,0,0,0,0,0,15,0,0,0,0,15
function@mpi_dims_create_,0,0,0,0,0,9,0,0,0,0,9
function@mpi_start_,0,0,0,0,0,6,0,0,0,0,6
function@mpi_allreduce_,0,0,0,0,0,0,0,0,0,0,0
function@mpi_reduce_,0,0,0,0,0,0,0,0,0,0,0
function@_QMhuygens_modPhuygens_init,0,0,0,0,0,0,0,0,0,0,0
function@_QMhuygens_modPhuygensh,337,0,0,149,0,486,127.339,0,96.1429,0,1086.59
function@_QMhuygens_modPhuygense,429,0,0,162,0,619,147.464,0,92.625,0,1438.27
function@_QMhuygens_modPuin,108,0,0,48,0,179,287.476,0,7.27257,0,346.198
function@_QMmaterial_modPmat_init,254,0,0,151,0,513,520269,0,44177.6,0,2.95261e+06
function@_QMmaterial_modPmat_updatee,171,0,0,97,0,22,175075,0,3978.98,0,82630.1
function@calcflops_,0,0,0,0,0,0,0,0,0,0,0
function@_QMpower_modPpower_init,2,0,0,1,0,167,2,0,1,0,78.2656
function@_QMpower_modPpower_stop,0,0,0,0,0,10,0,0,0,0,455.833
function@_QMpower_modPpower_dft,12,0,0,11,0,22,546.796,0,33.0556,0,1231.63
function@_QMpower_modPpower_print,1,0,0,1,0,64,0.375,0,0.375,0,35.2617
function@_QMpower_modPpower_intere,0,0,0,0,0,23,0,0,0,0,3.57007e-09
function@_QMpower_modPpower_interh,0,0,0,0,0,23,0,0,0,0,3.57007e-09
function@_QMpower_modPread_power,117,0,0,14,0,258,14029.3,0,17.6932,0,6995.26
function@_QMpower_modPpower_updateh,20,0,0,15,0,30,4.8,0,11.8,0,46.5
function@timer_,0,0,0,0,0,11,0,0,0,0,7.57143
function@leapfrog_,101,0,0,39,0,176,741.587,0,45.5781,0,2535.85
function@_QMpec_modPpec_read,2,0,0,2,0,119,0.738281,0,0.738281,0,289.195
function@_QMpec_modPpec_init,127,0,0,102,0,376,16723.6,0,6608.02,0,95884.1
function@_QMpec_modPpec_apply,0,0,0,0,0,0,0,0,0,0,0
function@_QMpec_modPpec_end,0,0,0,0,0,9,0,0,0,0,3.6
function@_QQmain,21,0,0,21,0,226,13.125,0,13.125,0,276.797
