Comando: /home/mpvreal/Code/Faculdade/tcc/llvm/build/bin/llc --march=x86 --regalloc=basic -o -
Heurística: div(cost,mul(area,pow(degree,2)))
function@writeout_,276,140,0,173,155,99,41083.2,49935.3,10316.3,1608.44,1935.03
function@_QMplane_source_modPplane_source_init,0,0,0,0,0,26,0,0,0,0,708.723
function@_QMplane_source_modPplane_source_read,281,175,0,157,154,63,145391,16816.4,10831.9,35232.5,12015.9
function@_QMplane_source_modPplane_source_apply,55,44,0,21,40,13,2619.94,1911.75,218.125,1189.12,962.312
function@_QMplane_source_modPplane_source_end,0,0,0,0,0,0,0,0,0,0,0
function@_QMcommunicate_modPcom_init_mpi,0,0,0,0,0,0,0,0,0,0,0
function@_QMcommunicate_modPcommunicate_end,0,0,0,0,0,5,0,0,0,0,2.8
function@init_,37,25,0,22,8,91,25.0137,26.1716,9.66577,4.55658,34.416
function@_QMmur_modPmur_init,152,122,0,82,58,157,91.083,360.994,41.7383,73.3789,346.77
function@_QMmur_modPmur_updatee,1314,758,0,711,831,127,17211.1,7530.03,3295.92,3374.78,2249.89
function@_QMmur_modPmur_storee,840,437,0,345,492,83,29230.3,8605.57,3455.54,8968.23,3168.91
function@_QMmur_modPmur_end,0,0,0,0,0,15,0,0,0,0,2.57812
function@_QMmur_modPmur_set_mf_arrays,58,95,0,89,6,38,4218.7,12103.1,1045.5,3.2,8082.9
function@_QMupdate_modPupdate_init,0,0,0,0,0,0,0,0,0,0,0
function@_QMupdate_modPupdateh,256,10,0,62,82,1,256,10,62,72,1
function@_QMupdate_modPupdateh..omp_par.4,365,158,0,160,126,23,280074,50696.8,37011.4,19718.2,15810.5
function@_QMupdate_modPupdateh..omp_par.3,63,48,0,78,9,16,9759.44,10043.3,4323.5,1001.19,2911.62
function@_QMupdate_modPupdateh..omp_par.2,39,30,0,49,6,8,6200.31,4913.75,2992.31,971.375,1300.88
function@_QMupdate_modPupdateh..omp_par.1,40,26,0,48,7,7,6830.25,4564,2982.38,972,661.5
function@_QMupdate_modPupdateh..omp_par,54,45,0,71,7,15,9355,10568.5,2968.94,1226.31,3251.12
function@_QMupdate_modPupdatee,184,7,0,55,83,1,142,7,55,72.5,1
function@_QMupdate_modPupdatee..omp_par.7,475,156,0,219,177,22,451598,88815.1,52656.6,24213,19413
function@_QMupdate_modPupdatee..omp_par.6,177,49,0,78,41,12,6620.14,1994.17,1057.36,267.822,1302.01
function@_QMupdate_modPupdatee..omp_par.5,180,53,0,81,39,14,6840.64,2176.22,1157.99,244.89,1376.74
function@_QMupdate_modPupdatee..omp_par,36,26,0,43,5,12,5765.5,4524,2109.12,34.625,1283.69
function@_QMupdate_modPupdate_inith,172,81,0,83,102,19,1426.82,8176.47,153.588,146,3012.41
function@_QMupdate_modPupdate_inith..omp_par.11,240,68,0,91,63,15,196652,13541.9,9670.5,6000,6979.69
function@_QMupdate_modPupdate_inith..omp_par.10,19,17,0,26,4,5,2016.25,3253.19,72.8125,12.1875,1280.25
function@_QMupdate_modPupdate_inith..omp_par.9,17,23,0,16,9,5,1061.06,1673.88,56.75,38.5,649.688
function@_QMupdate_modPupdate_inith..omp_par.8,17,22,0,16,7,6,1061.06,1672.88,56.75,37,650.188
function@_QMupdate_modPupdate_inith..omp_par,21,17,0,27,5,5,3691.12,2893.19,862.75,414.625,449.688
function@_QMupdate_modPupdate_inite,238,287,0,146,218,66,1324.41,6022.3,431.261,218.88,2156.33
function@_QMupdate_modPupdate_inite..omp_par.14,226,65,0,109,69,11,169524,10760.8,13206.5,8961.25,17268.9
function@_QMupdate_modPupdate_inite..omp_par.13,37,20,0,25,18,5,946.438,756.062,506.5,233.812,481.312
function@_QMupdate_modPupdate_inite..omp_par.12,37,19,0,24,19,5,946.438,755.438,494.438,246.25,481.312
function@_QMupdate_modPupdate_inite..omp_par,15,10,0,17,5,7,3286.19,1248.62,1643.12,802.125,865.125
function@_QMupml_modPupml_allocate,2,2,0,2,12,301,2,2,2,12,261.294
function@_QMupml_modPcheck_allocate,0,0,0,0,0,2,0,0,0,0,9.31323e-10
function@_QMupml_modPupml_set_eps_arrays,437,366,0,208,100,178,7450.98,29317,1483.41,502.095,24382.7
function@_QMupml_modPupml_init,3838,2406,0,1184,1664,725,7615.96,6727.3,727.461,1240.61,3539.54
function@_QMupml_modPupml_initb,0,0,0,0,0,0,0,0,0,0,0
function@_QMupml_modPupml_initb..omp_par,991,143,0,523,92,24,5.36947e+06,469109,2.45179e+06,104380,88801.9
function@_QMupml_modPupml_inith,49,8,0,31,34,0,49,8,31,29.5,0
function@_QMupml_modPupml_inith..omp_par,1324,421,0,343,365,89,1.32118e+06,79695.5,72195,27910.9,70741.3
function@_QMupml_modPupml_updateh,104,13,0,65,79,2,104,13,65,69,2
function@_QMupml_modPupml_updateh..omp_par,6307,744,0,2838,197,104,3.64184e+07,3.24093e+06,1.44211e+07,659191,416237
function@_QMupml_modPupml_updatee,0,0,0,0,0,0,0,0,0,0,0
function@_QMupml_modPupml_updatee_homo,104,18,0,70,74,2,104,18,70,64,2
function@_QMupml_modPupml_updatee_homo..omp_par,9524,1180,0,4092,307,162,3.86997e+07,2.21193e+06,1.39015e+07,382242,31199.4
function@_QMupml_modPupml_updatee_simple,104,18,0,70,74,2,104,18,70,64,2
function@_QMupml_modPupml_updatee_simple..omp_par,10664,1208,0,4507,324,117,4.38095e+07,2.37273e+06,1.5875e+07,386163,14242.2
function@_QMupml_modPupml_initd,0,0,0,0,0,0,0,0,0,0,0
function@_QMupml_modPupml_initd..omp_par,1641,251,0,859,161,55,5.92044e+06,526520,2.74314e+06,114320,100005
function@_QMupml_modPupml_inite,49,8,0,31,34,0,49,8,31,29.5,0
function@_QMupml_modPupml_inite..omp_par,1569,583,0,416,435,152,1.43391e+06,91419,77417.8,32347.2,82113.1
function@_QMupml_modPupml_end,0,0,0,0,0,90,0,0,0,0,48.3333
function@_QMupml_modPcheck_deallocate,0,0,0,0,0,1,0,0,0,0,0.619048
function@_QMreadline_modPreadline,123,83,0,64,25,21,1106.47,769.837,636.956,61.7609,207.582
function@_QMreadline_modPcheckifkeyword,1,0,0,0,3,1,1,0,0,1.26923,9.80769
function@mpi_barrier_,0,0,0,0,0,1,0,0,0,0,1
function@mpi_bcast_,0,0,0,0,0,1,0,0,0,0,1
function@mpi_bcast_integers_,0,0,0,0,0,1,0,0,0,0,1
function@mpi_bcast_reals_,0,0,0,0,0,1,0,0,0,0,1
function@mpi_bcast_logical_,0,0,0,0,0,1,0,0,0,0,1
function@mpi_cart_rank_,0,0,0,0,0,1,0,0,0,0,1
function@mpi_cart_create_,0,0,0,0,0,1,0,0,0,0,1
function@mpi_cart_coords_,0,0,0,0,0,1,0,0,0,0,1
function@mpi_cart_shift_,0,0,0,0,0,1,0,0,0,0,1
function@mpi_comm_rank_,0,0,0,0,0,1,0,0,0,0,1
function@mpi_comm_size_,0,0,0,0,0,1,0,0,0,0,1
function@mpi_finalize_,0,0,0,0,0,0,0,0,0,0,0
function@mpi_init_,0,0,0,0,0,0,0,0,0,0,0
function@mpi_recv_,0,0,0,0,0,1,0,0,0,0,1
function@mpi_ssend_,0,0,0,0,0,1,0,0,0,0,1
function@mpi_bsend_,0,0,0,0,0,1,0,0,0,0,1
function@mpi_sendrecv_,0,0,0,0,0,2,0,0,0,0,2
function@mpi_wait_,0,0,0,0,0,1,0,0,0,0,1
function@mpi_isend_,0,0,0,0,0,1,0,0,0,0,1
function@mpi_wtick_,0,0,0,0,0,0,0,0,0,0,0
function@mpi_wtime_,0,0,0,0,0,0,0,0,0,0,0
function@mpi_buffer_attach_,0,0,0,0,0,1,0,0,0,0,1
function@mpi_buffer_detach_,0,0,0,0,0,1,0,0,0,0,1
function@mpi_pack_size_,0,0,0,0,0,1,0,0,0,0,1
function@mpi_gather_,0,0,0,0,0,1,0,0,0,0,1
function@mpi_type_struct_,0,0,0,0,0,2,0,0,0,0,2
function@mpi_type_commit_,0,0,0,0,0,1,0,0,0,0,1
function@mpi_type_extent_,0,0,0,0,0,1,0,0,0,0,1
function@mpi_type_free_,0,0,0,0,0,1,0,0,0,0,1
function@mpi_type_vector_,0,0,0,0,0,1,0,0,0,0,1
function@mpi_type_hvector_,0,0,0,0,0,1,0,0,0,0,1
function@mpi_irecv_,0,0,0,0,0,1,0,0,0,0,1
function@mpi_waitall_,0,0,0,0,0,1,0,0,0,0,1
function@mpi_sendrecv_replace_,0,0,0,0,0,2,0,0,0,0,2
function@mpi_bsend_init_,0,0,0,0,0,1,0,0,0,0,1
function@mpi_recv_init_,0,0,0,0,0,1,0,0,0,0,1
function@mpi_dims_create_,0,0,0,0,0,1,0,0,0,0,1
function@mpi_start_,0,0,0,0,0,1,0,0,0,0,1
function@mpi_allreduce_,0,0,0,0,0,0,0,0,0,0,0
function@mpi_abort_,0,0,0,0,0,0,0,0,0,0,0
function@mpi_reduce_,0,0,0,0,0,0,0,0,0,0,0
function@_QMhuygens_modPhuygens_init,6,0,0,0,4,0,6,0,0,4,0
function@_QMhuygens_modPhuygensh,3120,837,0,1036,1030,274,124384,23322.4,15752.8,19642.1,13091.1
function@_QMhuygens_modPhuygense,3756,1058,0,1301,1229,310,149419,30547.3,19526.7,21711.2,16824
function@_QMhuygens_modPuin,1505,393,0,134,665,89,29328.3,7013.03,2065.14,10671.9,2571.43
function@_QMmaterial_modPmat_init,3808,1257,0,1850,983,210,8.20083e+08,7.56278e+07,2.52303e+08,3.61436e+07,3.44333e+07
function@_QMmaterial_modPmat_updatee,184,7,0,55,83,1,142,7,55,72.5,1
function@_QMmaterial_modPmat_updatee..omp_par.3,379,60,0,214,28,14,2.47119e+06,117793,837305,75665.7,16826.1
function@_QMmaterial_modPmat_updatee..omp_par.2,110,29,0,88,12,3,31078.3,2960.12,15021.9,1303.5,401.062
function@_QMmaterial_modPmat_updatee..omp_par.1,112,29,0,89,12,3,31091.4,3758.75,15022.6,1303.5,1.75
function@_QMmaterial_modPmat_updatee..omp_par,109,35,0,86,13,3,31465.2,7712.69,15001.4,1710.94,1.75
function@calcflops_,0,0,0,0,0,0,0,0,0,0,0
function@_QMpower_modPpower_init,40,43,0,36,29,40,219.25,1490.88,132.203,64.25,1372.38
function@_QMpower_modPpower_init..omp_par,237,27,0,99,12,5,77666.2,7663.62,31405.5,1675.62,1600.25
function@_QMpower_modPpower_stop,0,0,0,0,0,0,0,0,0,0,0
function@_QMpower_modPpower_dft,34,15,0,7,3,8,653.926,167.926,18.2222,1.7037,246.519
function@_QMpower_modPpower_dft..omp_par.1,458,31,0,182,35,9,129932,8142.31,49514.1,8150.94,3200
function@_QMpower_modPpower_dft..omp_par,164,10,0,64,5,0,3156.12,123.625,973,22.4375,0
function@_QMpower_modPpower_print,61,28,0,30,15,27,2888.41,3028.73,41.3945,31.0938,1548.09
function@_QMpower_modPpower_intere,21,46,0,23,10,16,15.6667,19.6667,18.6667,7.16667,6
function@_QMpower_modPpower_interh,79,44,0,48,17,9,34.3333,18,27,8.83333,4.33333
function@_QMpower_modPread_power,31,36,0,22,8,69,185.423,376.222,226.732,96.1721,2306.82
function@_QMpower_modPpower_updateh,110,72,0,72,89,21,3898.72,3330.32,1158.04,714.099,762.84
function@timer_,0,0,0,0,0,5,0,0,0,0,3.85714
function@leapfrog_,68,105,0,63,49,44,3071.09,5999.52,804.875,135.078,2553.31
function@_QMpec_modPpec_read,0,1,0,0,2,21,0,0.375,0,0.738281,56.5156
function@_QMpec_modPpec_init,925,501,0,466,322,175,456647,120907,202140,98939.1,104678
function@_QMpec_modPpec_apply,39,32,0,44,22,12,436.688,505.438,112.625,112.562,65.4375
function@_QMpec_modPpec_end,0,0,0,0,0,3,0,0,0,0,1.2
function@_QQmain,22,25,0,45,18,71,13.75,15.625,28.125,11.25,50.625
