Comando: /home/mpvreal/Code/Faculdade/tcc/llvm/build/bin/llc --march=x86 --regalloc=greedy -o -
Heurística: div(cost,mul(area,degree))
function@writeout_,173,66,0,144,6,195,47060.1,22002.2,14915.1,217.042,12634.4
function@_QMplane_source_modPplane_source_init,0,0,0,0,0,26,0,0,0,0,708.723
function@_QMplane_source_modPplane_source_read,156,84,0,151,37,146,72240.3,21304.1,20237.5,24136.3,27653.3
function@_QMplane_source_modPplane_source_apply,50,22,0,26,24,39,2328.75,1238.75,529.938,1097.12,1261.62
function@_QMcommunicate_modPcom_init_mpi,0,0,0,0,0,0,0,0,0,0,0
function@_QMcommunicate_modPcommunicate_end,0,0,0,0,0,5,0,0,0,0,2.8
function@init_,16,12,0,18,1,99,16.9277,16.9189,10.1566,0.0439453,41.5527
function@_QMmur_modPmur_init,116,21,0,87,6,196,139.012,75.4678,42.4307,2.25,397.341
function@_QMmur_modPmur_updatee,1001,543,0,790,110,474,13228.4,8340.21,5217.89,627.433,4535.11
function@_QMmur_modPmur_storee,502,297,0,370,113,264,17399.3,6345.46,4796.93,5605.28,6611.76
function@_QMmur_modPmur_end,0,0,0,0,0,15,0,0,0,0,2.57812
function@_QMmur_modPmur_set_mf_arrays,35,70,0,84,3,64,3935.95,11793,966.35,1.6,8424.1
function@_QMupdate_modPupdate_init,0,0,0,0,0,0,0,0,0,0,0
function@_QMupdate_modPupdateh,381,324,0,280,174,189,87260.9,58812.7,29673.9,6311.95,46284.1
function@_QMupdate_modPupdatee,485,214,0,270,147,262,156654,88728.7,62217.4,10618.7,88584.9
function@_QMupdate_modPupdate_inith,187,155,0,177,19,159,31018.2,15219.1,13589.1,190.373,22060.2
function@_QMupdate_modPupdate_inite,272,240,0,246,21,252,29778.8,19390.9,17334.5,102.433,42918.5
function@_QMupml_modPupml_allocate,0,4,0,4,10,306,0,4,4,10,266.294
function@_QMupml_modPcheck_allocate,0,0,0,0,0,2,0,0,0,0,9.31323e-10
function@_QMupml_modPupml_set_eps_arrays,319,209,0,254,21,339,10256.5,25094.1,1865.88,8.19048,25178.7
function@_QMupml_modPupml_init,3541,1109,0,1276,1057,1517,6114.65,3029.04,1294.42,767.574,5024.62
function@_QMupml_modPupml_initb,382,297,0,363,37,295,198117,279342,92396.2,14485,215328
function@_QMupml_modPupml_inith,487,296,0,342,27,280,197224,75409.9,99504.7,2006.77,95111.2
function@_QMupml_modPupml_updateh,704,588,0,716,157,458,1.96656e+06,752464,295992,1823.11,476116
function@_QMupml_modPupml_updatee_homo,2783,1577,0,1681,934,1083,2.31694e+06,930791,351910,12942.3,695418
function@_QMupml_modPupml_updatee_simple,2799,1710,0,1935,913,1129,2.5036e+06,1.09134e+06,342038,11752.7,742006
function@_QMupml_modPupml_initd,466,391,0,479,44,449,232306,332418,106530,17203.2,256332
function@_QMupml_modPupml_inite,557,382,0,409,31,442,230659,88649.8,110501,2413.05,118727
function@_QMupml_modPupml_end,0,0,0,0,0,90,0,0,0,0,48.3333
function@_QMupml_modPcheck_deallocate,0,0,0,0,0,1,0,0,0,0,0.619048
function@_QMreadline_modPreadline,19,56,0,59,4,84,57.462,638.033,598.321,3.08152,603.75
function@_QMreadline_modPcheckifkeyword,0,0,0,0,0,1,0,0,0,0,9.80769
function@mpi_barrier_,0,0,0,0,0,1,0,0,0,0,1
function@mpi_bcast_,0,0,0,0,0,1,0,0,0,0,1
function@mpi_bcast_integers_,0,0,0,0,0,1,0,0,0,0,1
function@mpi_bcast_reals_,0,0,0,0,0,1,0,0,0,0,1
function@mpi_bcast_logical_,0,0,0,0,0,1,0,0,0,0,1
function@mpi_cart_rank_,0,0,0,0,0,1,0,0,0,0,1
function@mpi_cart_create_,0,0,0,0,0,1,0,0,0,0,1
function@mpi_cart_coords_,0,0,0,0,0,1,0,0,0,0,1
function@mpi_cart_shift_,0,0,0,0,0,1,0,0,0,0,1
function@mpi_comm_rank_,0,0,0,0,0,1,0,0,0,0,1
function@mpi_comm_size_,0,0,0,0,0,1,0,0,0,0,1
function@mpi_finalize_,0,0,0,0,0,0,0,0,0,0,0
function@mpi_init_,0,0,0,0,0,0,0,0,0,0,0
function@mpi_recv_,0,0,0,0,0,1,0,0,0,0,1
function@mpi_ssend_,0,0,0,0,0,1,0,0,0,0,1
function@mpi_bsend_,0,0,0,0,0,1,0,0,0,0,1
function@mpi_sendrecv_,0,0,0,0,0,2,0,0,0,0,2
function@mpi_wait_,0,0,0,0,0,1,0,0,0,0,1
function@mpi_isend_,0,0,0,0,0,1,0,0,0,0,1
function@mpi_wtick_,0,0,0,0,0,0,0,0,0,0,0
function@mpi_wtime_,0,0,0,0,0,0,0,0,0,0,0
function@mpi_buffer_attach_,0,0,0,0,0,1,0,0,0,0,1
function@mpi_buffer_detach_,0,0,0,0,0,1,0,0,0,0,1
function@mpi_pack_size_,0,0,0,0,0,1,0,0,0,0,1
function@mpi_gather_,0,0,0,0,0,1,0,0,0,0,1
function@mpi_type_struct_,0,0,0,0,0,2,0,0,0,0,2
function@mpi_type_commit_,0,0,0,0,0,1,0,0,0,0,1
function@mpi_type_extent_,0,0,0,0,0,1,0,0,0,0,1
function@mpi_type_free_,0,0,0,0,0,1,0,0,0,0,1
function@mpi_type_vector_,0,0,0,0,0,1,0,0,0,0,1
function@mpi_type_hvector_,0,0,0,0,0,1,0,0,0,0,1
function@mpi_irecv_,0,0,0,0,0,1,0,0,0,0,1
function@mpi_waitall_,0,0,0,0,0,1,0,0,0,0,1
function@mpi_sendrecv_replace_,0,0,0,0,0,2,0,0,0,0,2
function@mpi_bsend_init_,0,0,0,0,0,1,0,0,0,0,1
function@mpi_recv_init_,0,0,0,0,0,1,0,0,0,0,1
function@mpi_dims_create_,0,0,0,0,0,1,0,0,0,0,1
function@mpi_start_,0,0,0,0,0,1,0,0,0,0,1
function@mpi_allreduce_,0,0,0,0,0,0,0,0,0,0,0
function@mpi_reduce_,0,0,0,0,0,0,0,0,0,0,0
function@_QMhuygens_modPhuygens_init,1,0,0,0,1,0,1,0,0,1,0
function@_QMhuygens_modPhuygensh,1522,577,0,959,374,914,47583.6,24057,15589,14164.4,17563.9
function@_QMhuygens_modPhuygense,1925,750,0,1166,398,1128,58923.7,31438.4,20803.1,14172.8,23463.7
function@_QMhuygens_modPuin,964,324,0,231,473,209,16699.6,6447.03,2671.2,9460.93,4188.17
function@_QMmaterial_modPmat_init,1926,694,0,1774,61,848,3.34729e+08,9.54836e+07,2.73071e+08,928736,9.83162e+07
function@_QMmaterial_modPmat_updatee,97,137,0,164,3,144,203373,176987,56163.7,426.619,116190
function@calcflops_,0,0,0,0,0,0,0,0,0,0,0
function@_QMpower_modPpower_init,45,34,0,59,5,79,22029.1,36481.8,11378.9,2.5,24283.6
function@_QMpower_modPpower_stop,0,0,0,0,0,0,0,0,0,0,0
function@_QMpower_modPpower_dft,71,19,0,33,8,33,16504.6,25016.9,5649,137.833,18623.1
function@_QMpower_modPpower_print,30,14,0,25,8,45,1300.45,2513.42,41.3906,8.69922,1586.69
function@_QMpower_modPpower_intere,12,20,0,17,0,30,4,6.66667,14,0,17.3333
function@_QMpower_modPpower_interh,31,20,0,25,0,30,10.3333,6.66667,16.3333,0,17.3333
function@_QMpower_modPread_power,10,5,0,13,0,75,37.0559,207.307,228.501,0,2451.04
function@_QMpower_modPpower_updateh,68,56,0,84,5,65,2794.22,2823.53,1469.44,54.3457,1604.4
function@timer_,0,0,0,0,0,5,0,0,0,0,3.85714
function@leapfrog_,45,69,0,63,14,74,2854.11,5668.12,1880.34,10.332,3168.06
function@_QMpec_modPpec_read,0,1,0,0,2,21,0,0.375,0,0.738281,56.5156
function@_QMpec_modPpec_init,696,369,0,452,39,446,340312,111537,134861,3704.5,206685
function@_QMpec_modPpec_apply,15,24,0,39,0,30,299.062,478.5,87.5625,0,198.188
function@_QMpec_modPpec_end,0,0,0,0,0,3,0,0,0,0,1.2
function@_QQmain,13,16,0,29,0,74,8.125,21.875,18.125,0,52.5
