Comando: /home/mpvreal/Code/Faculdade/tcc/llvm/build/bin/llc --march=aarch64 --regalloc=greedy -o -
Heurística: div(cost,mul(area,pow(degree,2)))
function@set_data_,0,0,0,0,0,8,0,0,0,0,8
function@set_data_tile_,0,0,0,0,0,34,0,0,0,0,34
function@get_3dfld_,126,0,0,42,0,181,38.2744,0,22.7317,0,212.769
function@close_io_,0,0,0,0,0,35,0,0,0,0,10.3929
function@_QMdiag_modPdiag,0,0,0,0,0,8,0,0,0,0,8
function@_QMdiag_modPdiag_tile,203,2,0,83,0,99,6552.49,1.75562,265.188,0,7678.93
function@_QMmod_mixingPallocate_mixing,18,0,0,15,0,26,17.5,0,15,0,25
function@_QMmod_mixingPinitialize_mixing,7,0,0,6,0,41,262.12,0,31.56,0,15256.2
function@_QMset_zeta_modPset_zeta,0,0,0,0,0,8,0,0,0,0,8
function@_QMset_zeta_modPset_zeta_tile,13,1,0,8,0,30,3.55882,1.55882,2.38235,0,61
function@_QMdef_var_modPdef_var,122,0,0,7,0,626,4.84804,0,4.6557,0,89.3073
function@_QMnf_fread3d_bry_modPnf_fread3d_bry,12,0,0,10,0,37,133.147,0,17.4862,0,9037.85
function@_QMnrutilParray_copy_r,0,0,0,0,0,0,0,0,0,0,0
function@_QMnrutilParray_copy_d,0,0,0,0,0,0,0,0,0,0,0
function@_QMnrutilParray_copy_i,0,0,0,0,0,0,0,0,0,0,0
function@_QMnrutilParth_r,2,0,0,1,0,15,10,0,5,0,56.6471
function@_QMnrutilParth_d,2,0,0,1,0,15,10,0,5,0,56.6471
function@_QMnrutilParth_i,0,0,0,0,0,15,0,0,0,0,56.6471
function@_QMnrutilPnrerror,0,0,0,0,0,8,0,0,0,0,8
function@_QMnrutilPreallocate_rv,0,0,0,0,0,16,0,0,0,0,7.38281
function@_QMnrutilPreallocate_iv,0,0,0,0,0,16,0,0,0,0,7.38281
function@_QMnrutilPreallocate_hv,0,0,0,0,0,23,0,0,0,0,8.39233
function@_QMnrutilPreallocate_rm,1,0,0,1,0,33,0.244141,0,0.625,0,79.3438
function@_QMnrutilPreallocate_im,1,0,0,1,0,33,0.244141,0,0.625,0,79.3438
function@_QMlmd_vmix_modPlmd_vmix,0,0,0,0,0,12,0,0,0,0,12
function@_QMlmd_vmix_modPlmd_vmix_tile,469,5,0,144,0,26,81071.9,165.8,4608.81,0,989.323
function@_QMlmd_vmix_modPlmd_finish,0,0,0,0,0,0,0,0,0,0,0
function@_QMlmd_vmix_modPlmd_finish_tile,25,0,0,14,0,18,56.2,0,13.2154,0,635.554
function@_QMnf_fwrite3d_bry_modPnf_fwrite3d_bry,46,0,0,21,0,39,6234.05,0,132.524,0,14089.8
function@my_wtime_,0,0,0,0,0,0,0,0,0,0,0
function@lmd_swfrac_tile_,33,1,0,26,0,16,1493.2,3.15,749.55,0,1235.2
function@_QMstate_initialize_modPstate_initialize,1,0,0,1,0,39,0.384615,0,0.384615,0,14617.1
function@get_cycle_,35,0,0,16,0,49,19.5206,0,16,0,62.569
function@wrt_info_,366,0,0,6,0,638,4.96502,0,2.75,0,16.9665
function@_QMt3dmix_modPt3dmix2,0,0,0,0,0,8,0,0,0,0,8
function@_QMt3dmix_modPt3dmix2_tile,395,9,0,109,0,32,1.06155e+06,5603.5,37622.7,0,20593.2
function@_QMini_fields_modPini_fields,0,0,0,0,0,0,0,0,0,0,0
function@_QMini_fields_modPini_fields_tile,367,4,0,108,0,142,2648.18,21.3929,223.25,0,5997.82
function@_QMini_fields_modPini_zeta,0,0,0,0,0,0,0,0,0,0,0
function@_QMini_fields_modPini_zeta_tile,28,0,0,15,0,60,16.9358,0,12.4679,0,70.8349
function@set_scoord_,9,0,0,6,0,30,41.3412,0,1.2,0,196.6
function@_QMset_3dfld_modPset_3dfld_tile,86,1,0,25,0,72,33.9553,3.66323,14.1718,0,697.481
function@initial_,0,0,0,0,0,35,0,0,0,0,2398.74
function@lubksb_,0,0,0,0,0,6,0,0,0,0,40.55
function@_QMran_statePran_init,0,0,0,0,0,3,0,0,0,0,3
function@_QMran_statePran_seed,0,0,0,0,0,3,0,0,0,0,3
function@_QMmod_gridPallocate_grid,35,0,0,8,0,56,34.5,0,8,0,55
function@_QMmod_gridPinitialize_grid,0,0,0,0,0,11,0,0,0,0,664.72
function@_QMpre_step3d_modPpre_step3d,0,0,0,0,0,8,0,0,0,0,8
function@_QMpre_step3d_modPpre_step3d_tile,1652,16,0,376,0,141,1.17277e+06,3411.94,28529.3,0,618206
function@checkdefs_,0,0,0,0,0,370,0,0,0,0,1783.88
function@_QQmain,0,0,0,0,0,0,0,0,0,0,0
function@checkvars_,89,0,0,12,0,312,75.8859,0,12.4062,0,1051.09
function@get_2dfld_,114,0,0,45,0,239,36.8295,0,23.2511,0,217.138
function@_QMnf_fread3d_modPnf_fread3d,20,0,0,12,0,44,8.02443,0,9.06981,0,114.534
function@gasdev_s_,0,0,0,0,0,2,0,0,0,0,1.5
function@gasdev_v_,62,0,0,29,0,63,326.294,0,87.5849,0,646.053
function@def_dim_,0,0,0,0,0,25,0,0,0,0,12.8824
function@inp_par_,2,0,0,1,0,68,0.688525,0,0.5,0,14.541
function@read_phypar_,354,0,0,11,0,2356,6.88827,0,8.089,0,335.279
function@decode_line_,16,0,0,11,0,63,17.4286,0,3.7449,0,51.8367
function@load_i1_,0,0,0,0,0,0,0,0,0,0,0
function@load_l1_,0,0,0,0,0,2,0,0,0,0,2
function@load_r1_,0,0,0,0,0,0,0,0,0,0,0
function@load_i_,0,0,0,0,0,9,0,0,0,0,2.51471
function@load_l_,1,0,0,1,0,28,0.309524,0,0.309524,0,149.619
function@load_r_,0,0,0,0,0,9,0,0,0,0,2.66667
function@get_varcoords_,79,0,0,14,0,77,9.02687,0,9.4978,0,53.5369
function@_QMexchange_2d_modPexchange_p2d_tile,0,0,0,0,0,4,0,0,0,0,1.47059
function@_QMexchange_2d_modPexchange_r2d_tile,0,0,0,0,0,4,0,0,0,0,1.47059
function@_QMexchange_2d_modPexchange_u2d_tile,0,0,0,0,0,4,0,0,0,0,1.47059
function@_QMexchange_2d_modPexchange_v2d_tile,0,0,0,0,0,4,0,0,0,0,1.47059
function@_QMshapiro_modPshapiro2d_tile,19,1,0,10,0,49,6.81319,3.13187,3.95604,0,316.033
function@_QMshapiro_modPshapiro3d_tile,64,5,0,25,0,26,1974.17,217.417,58.1667,0,5438.17
function@set_ngfld_,0,0,0,0,0,31,0,0,0,0,30.8938
function@_QMuv3dmix_modPuv3dmix2,0,0,0,0,0,8,0,0,0,0,8
function@_QMuv3dmix_modPuv3dmix2_tile,380,4,0,182,0,26,361933,141.417,17164.3,0,21829.2
function@_QMocean_control_modProms_initialize,0,0,0,0,0,6,0,0,0,0,13.5484
function@_QMocean_control_modProms_run,0,0,0,0,0,0,0,0,0,0,0
function@_QMocean_control_modProms_finalize,0,0,0,0,0,1,0,0,0,0,20
function@_QMstep2d_modPstep2d,181,0,0,180,0,5,181,0,180,0,5
function@_QMstep2d_modPstep2d_tile,2231,28,0,524,0,390,11699.3,36.6655,420.73,0,2915.43
function@_QMmod_forcesPallocate_forces,10,0,0,5,0,22,10,0,5,0,21
function@_QMmod_forcesPinitialize_forces,0,0,0,0,0,3,0,0,0,0,12.925
function@_QMnf_fwrite2d_modPnf_fwrite2d,1,0,0,1,0,25,0.625,0,0.625,0,24.5
function@_QMu3dbc_modPu3dbc,0,0,0,0,0,1,0,0,0,0,1
function@_QMu3dbc_modPu3dbc_tile,0,0,0,0,0,12,0,0,0,0,37.7778
function@def_his_,189,0,0,21,0,551,15.9522,0,0.984416,0,167.244
function@_QMmetrics_modPmetrics,18,0,0,18,0,0,18,0,18,0,0
function@_QMmetrics_modPmetrics_tile,724,6,0,288,0,386,4276.02,7.84615,547.092,0,1436.86
function@_QMt3dbc_modPt3dbc,0,0,0,0,0,3,0,0,0,0,3
function@_QMt3dbc_modPt3dbc_tile,0,0,0,0,0,12,0,0,0,0,37.7778
function@set_weights_,0,0,0,0,0,58,0,0,0,0,3713.05
function@_QMnf_fwrite4d_modPnf_fwrite4d,36,0,0,21,0,21,731.389,0,30.1944,0,6366.53
function@_QMwvelocity_modPwvelocity,5,0,0,5,0,0,5,0,5,0,0
function@_QMwvelocity_modPwvelocity_tile,486,6,0,156,0,64,34399.5,284,1124.29,0,10511.9
function@_QMbulk_flux_modPbulk_flux,11,0,0,11,0,6,11,0,11,0,6
function@_QMbulk_flux_modPbulk_flux_tile,589,2,0,260,0,281,243803,6.24719,39689,0,149167
function@_QMbulk_flux_modPbulk_psiu,0,0,0,0,0,12,0,0,0,0,6.5
function@_QMbulk_flux_modPbulk_psit,0,0,0,0,0,10,0,0,0,0,5.5
function@_QMnf_fwrite3d_modPnf_fwrite3d,9,0,0,6,0,22,8.31731,0,5.625,0,344.212
function@get_state_,39,0,0,7,0,354,0.86013,0,1.36423,0,24.1448
function@_QMutility_modPnrng,9,2,0,9,1,10,2.8489,0.935897,1.94048,0.467949,8.56227
function@_QMutility_modPurng,0,0,0,0,0,0,0,0,0,0,0
function@checkadj_,0,0,0,0,0,78,0,0,0,0,62
function@_QManalytical_modPana_btflux,0,0,0,0,0,2,0,0,0,0,2
function@_QManalytical_modPana_btflux_tile,0,0,0,0,0,18,0,0,0,0,26.3497
function@_QManalytical_modPana_cloud,0,0,0,0,0,2,0,0,0,0,2
function@_QManalytical_modPana_cloud_tile,0,0,0,0,0,21,0,0,0,0,58.3
function@_QManalytical_modPana_grid,13,0,0,13,0,1,13,0,13,0,1
function@_QManalytical_modPana_grid_tile,294,2,0,134,0,177,2218.07,2.775,300.525,0,1408.4
function@_QManalytical_modPana_humid,0,0,0,0,0,2,0,0,0,0,2
function@_QManalytical_modPana_humid_tile,0,0,0,0,0,21,0,0,0,0,58.3
function@_QManalytical_modPana_initial,0,0,0,0,0,2,0,0,0,0,1.5
function@_QManalytical_modPana_nlminitial_tile,113,0,0,37,0,70,8263.85,0,570.625,0,34861.4
function@_QManalytical_modPana_pair,0,0,0,0,0,2,0,0,0,0,2
function@_QManalytical_modPana_pair_tile,0,0,0,0,0,21,0,0,0,0,58.3
function@_QManalytical_modPana_rain,0,0,0,0,0,2,0,0,0,0,2
function@_QManalytical_modPana_rain_tile,0,0,0,0,0,21,0,0,0,0,58.3
function@_QManalytical_modPana_srflux,0,0,0,0,0,2,0,0,0,0,2
function@_QManalytical_modPana_srflux_tile,71,0,0,50,0,8,3633.93,0,80.5,0,207.25
function@_QManalytical_modPana_stflux,0,0,0,0,0,2,0,0,0,0,2
function@_QManalytical_modPana_stflux_tile,0,0,0,0,0,23,0,0,0,0,31.3497
function@_QManalytical_modPana_tair,0,0,0,0,0,2,0,0,0,0,2
function@_QManalytical_modPana_tair_tile,0,0,0,0,0,21,0,0,0,0,58.3
function@_QManalytical_modPana_winds,0,0,0,0,0,2,0,0,0,0,2
function@_QManalytical_modPana_winds_tile,51,1,0,31,0,17,1033.3,1.575,141.875,0,447.55
function@_QMbc_bry3d_modPbc_r3d_bry_tile,0,0,0,0,0,16,0,0,0,0,2.37255
function@_QMbc_bry3d_modPbc_u3d_bry_tile,0,0,0,0,0,16,0,0,0,0,2.36275
function@_QMbc_bry3d_modPbc_v3d_bry_tile,0,0,0,0,0,16,0,0,0,0,2.36275
function@get_data_,0,0,0,0,0,5,0,0,0,0,5
function@_QMstep3d_t_modPstep3d_t,0,0,0,0,0,8,0,0,0,0,8
function@_QMstep3d_t_modPstep3d_t_tile,734,9,0,199,0,161,1.33141e+06,5019.43,39236.8,0,953720
function@_QMlmd_skpp_modPlmd_skpp,0,0,0,0,0,0,0,0,0,0,0
function@_QMlmd_skpp_modPlmd_skpp_tile,1654,6,0,393,0,222,371017,106.421,13419.8,0,45807.2
function@_QMnf_fread4d_modPnf_fread4d,46,0,0,30,0,23,592.707,0,22.1341,0,1906.52
function@wclock_on_,0,0,0,0,0,3,0,0,0,0,2.38095
function@wclock_off_,0,0,0,0,0,2,0,0,0,0,2
function@mod_arrays_,0,0,0,0,0,1,0,0,0,0,0.666667
function@_QMinterpolate_modPlinterp2d,0,0,0,0,0,1,0,0,0,0,0.666667
function@_QMinterpolate_modPcinterp2d,17,0,0,17,0,5,2257.25,0,491.583,0,429.5
function@_QMinterpolate_modPhindices,72,1,0,37,0,38,6616.79,8.02941,438.147,0,6912.44
function@_QMinterpolate_modPtry_range,46,0,0,9,0,46,10.6868,0,8.03907,0,8.90446
function@_QMinterpolate_modPinside,0,0,0,0,0,7,0,0,0,0,57.3837
function@_QMbc_3d_modPbc_r3d_tile,8,0,0,6,0,24,6.98765,0,6,0,39.1852
function@_QMbc_3d_modPbc_u3d_tile,1,0,0,1,0,12,1,0,1,0,25.5802
function@_QMbc_3d_modPbc_v3d_tile,2,0,0,2,0,28,2,0,2,0,50.6667
function@_QMbc_3d_modPbc_w3d_tile,8,0,0,6,0,24,6.98765,0,6,0,39.1852
function@wrt_his_,64,0,0,10,0,255,2.15735,0,0.618164,0,22.1377
function@_QMmod_couplingPallocate_coupling,5,0,0,5,0,15,5,0,5,0,14
function@_QMmod_couplingPinitialize_coupling,0,0,0,0,0,3,0,0,0,0,12.925
function@_QMnf_fwrite2d_bry_modPnf_fwrite2d_bry,19,0,0,10,0,26,296.524,0,7.33333,0,604.571
function@_QMwhite_noise_modPwhite_noise1d,0,0,0,0,0,34,0,0,0,0,7.77524
function@_QMwhite_noise_modPwhite_noise2d,4,0,0,4,0,26,1.32632,0,1.32632,0,38.2
function@_QMwhite_noise_modPwhite_noise2d_bry,1,0,0,1,0,31,0.332248,0,0.332248,0,8.13192
function@_QMwhite_noise_modPwhite_noise3d,8,0,0,4,0,33,2.36842,0,4,0,400.197
function@_QMwhite_noise_modPwhite_noise3d_bry,6,0,0,4,0,29,1.28947,0,1.31579,0,26.7105
function@get_ngfld_,107,0,0,32,0,188,29.5401,0,15.4731,0,141.071
function@regrid_,41,0,0,20,0,42,8.52632,0,13.4316,0,57.3789
function@_QMv3dbc_modPv3dbc,0,0,0,0,0,1,0,0,0,0,1
function@_QMv3dbc_modPv3dbc_tile,0,0,0,0,0,12,0,0,0,0,37.7778
function@_QMstate_dotprod_modPstate_dotprod,50,0,0,22,0,28,446.8,0,16.4,0,11368.9
function@get_bounds_,0,0,0,0,0,0,0,0,0,0,0
function@get_domain_,0,0,0,0,0,0,0,0,0,0,0
function@get_iobounds_,0,0,0,0,0,0,0,0,0,0,0
function@get_tile_,0,0,0,0,0,0,0,0,0,0,0
function@tile_bounds_1d_,0,0,0,0,0,0,0,0,0,0,0
function@tile_bounds_2d_,0,0,0,0,0,0,0,0,0,0,0
function@var_bounds_,0,0,0,0,0,0,0,0,0,0,0
function@_QMset_massflux_modPset_massflux,9,0,0,9,0,4,9,0,9,0,4
function@_QMset_massflux_modPset_massflux_tile,60,0,0,26,0,19,1603.24,0,48.9524,0,18.619
function@_QMzetabc_modPzetabc,0,0,0,0,0,1,0,0,0,0,1
function@_QMzetabc_modPzetabc_tile,0,0,0,0,0,4,0,0,0,0,1.47059
function@_QMbc_2d_modPbc_r2d_tile,0,0,0,0,0,12,0,0,0,0,0.667482
function@_QMbc_2d_modPbc_u2d_tile,0,0,0,0,0,4,0,0,0,0,1.47059
function@_QMbc_2d_modPbc_v2d_tile,0,0,0,0,0,15,0,0,0,0,0.823529
function@_QMnf_fread2d_modPnf_fread2d,176,0,0,96,0,69,7.34074,0,16.0889,0,16.3122
function@_QMv2dbc_modPv2dbc,0,0,0,0,0,1,0,0,0,0,1
function@_QMv2dbc_modPv2dbc_tile,0,0,0,0,0,4,0,0,0,0,1.47059
function@_QMrhs3d_modPrhs3d,0,0,0,0,0,16,0,0,0,0,16
function@_QMrhs3d_modPrhs3d_tile,1473,22,0,330,0,156,120333,561.048,3147.14,0,41237.5
function@def_rst_,0,0,0,0,0,3,0,0,0,0,3
function@_QMmod_paramPinitialize_param,0,0,0,0,0,0,0,0,0,0,0
function@_QMset_2dfld_modPset_2dfld_tile,29,0,0,9,0,85,3.33505,0,3.311,0,39.7869
function@_QMrho_eos_modPrho_eos,6,0,0,6,0,4,6,0,6,0,4
function@_QMrho_eos_modPrho_eos_tile,621,7,0,214,0,136,606411,228.381,63976.1,0,75900.2
function@_QMstiffness_modPstiffness,0,0,0,0,0,0,0,0,0,0,0
function@_QMstiffness_modPstiffness_tile,19,0,0,8,0,60,6.42202,0,6.00917,0,21383
function@_QMprsgrd_modPprsgrd,0,0,0,0,0,8,0,0,0,0,8
function@_QMprsgrd_modPprsgrd_tile,495,7,0,164,0,54,113691,272.583,2760.42,0,30398.3
function@_QMu2dbc_modPu2dbc,0,0,0,0,0,1,0,0,0,0,1
function@_QMu2dbc_modPu2dbc_tile,0,0,0,0,0,4,0,0,0,0,1.47059
function@def_info_,643,0,0,42,0,402,12.1811,0,8.37304,0,326.907
function@_QMstate_scale_modPstate_scale,4,0,0,2,0,40,16.7385,0,2,0,14617.8
function@_QMmod_ncparamPinitialize_ncparam,171,0,0,24,0,582,157.961,0,91.7655,0,4398.35
function@_QMmod_scalarsPinitialize_scalars,0,0,0,0,0,25,0,0,0,0,17.6863
function@_QMnf_fread2d_bry_modPnf_fread2d_bry,3,0,0,3,0,30,1.79817,0,2.49541,0,469.046
function@_QMstate_addition_modPstate_addition,66,0,0,33,0,15,8033.73,0,157,0,7565.12
function@wrt_rst_,17,0,0,1,0,136,0.674764,0,0.5,0,7.99585
function@_QMomega_modPomega,0,0,0,0,0,8,0,0,0,0,8
function@_QMomega_modPomega_tile,113,4,0,35,0,56,3504.14,69.3333,97.5238,0,6661.57
function@_QMomega_modPscale_omega,13,0,0,8,0,17,78.6462,0,10.7385,0,937.462
function@_QMextract_sta_modPextract_sta2d,0,0,0,0,0,17,0,0,0,0,23.3333
function@_QMextract_sta_modPextract_sta3d,133,0,0,54,0,88,85.4225,0,10.5634,0,74.6714
function@checkerror_,1,0,0,1,0,33,0.47619,0,0.47619,0,21.619
function@output_,0,0,0,0,0,16,0,0,0,0,8.17178
function@_QMexchange_3d_modPexchange_p3d_tile,0,0,0,0,0,12,0,0,0,0,26.4815
function@_QMexchange_3d_modPexchange_r3d_tile,0,0,0,0,0,11,0,0,0,0,26.3827
function@_QMexchange_3d_modPexchange_u3d_tile,0,0,0,0,0,11,0,0,0,0,26.3827
function@_QMexchange_3d_modPexchange_v3d_tile,0,0,0,0,0,12,0,0,0,0,26.4815
function@_QMexchange_3d_modPexchange_w3d_tile,0,0,0,0,0,11,0,0,0,0,26.3827
function@get_date_,0,0,0,0,0,4,0,0,0,0,4
function@day_code_,0,0,0,0,0,4,0,0,0,0,1.32
function@caldate_,0,0,0,0,0,24,0,0,0,0,9.21765
function@ref_att_,0,0,0,0,0,30,0,0,0,0,30
function@time_string_,0,0,0,0,0,12,0,0,0,0,12
function@_QMset_vbc_modPset_vbc,0,0,0,0,0,8,0,0,0,0,8
function@_QMset_vbc_modPset_vbc_tile,60,0,0,23,0,24,149.6,0,21.125,0,473.875
function@_QMset_depth_modPset_depth,0,0,0,0,0,0,0,0,0,0,0
function@_QMset_depth_modPset_depth_tile,208,3,0,82,0,35,12988.4,11.5263,280.395,0,1651.11
function@_QMstate_product_modPstate_product,112,2,0,52,0,30,21529.9,63.95,302.175,0,12276.3
function@_QMstrings_modPfind_string,3,0,0,3,0,12,20.6154,0,2.61538,0,83.8846
function@_QMstrings_modPlowercase,0,0,0,0,0,10,0,0,0,0,47.5
function@_QMstrings_modPuppercase,0,0,0,0,0,10,0,0,0,0,47.5
function@_QMstep3d_uv_modPstep3d_uv,22,0,0,22,0,6,22,0,22,0,6
function@_QMstep3d_uv_modPstep3d_uv_tile,1583,31,0,321,0,177,79539.7,589.417,8402.92,0,30138.3
function@ludcmp_,0,0,0,0,0,21,0,0,0,0,362.35
function@_QMstate_copy_modPstate_copy,54,0,0,27,0,21,878.575,0,46.4,0,14387.5
function@ran1_s_,0,0,0,0,0,3,0,0,0,0,3
function@ran1_v_,0,0,0,0,0,3,0,0,0,0,3
function@_QMmod_parallelPinitialize_parallel,0,0,0,0,0,0,0,0,0,0,0
function@main3d_,0,0,0,0,0,47,0,0,0,0,1763.79
function@_QMbc_bry2d_modPbc_r2d_bry_tile,0,0,0,0,0,0,0,0,0,0,0
function@_QMbc_bry2d_modPbc_u2d_bry_tile,0,0,0,0,0,0,0,0,0,0,0
function@_QMbc_bry2d_modPbc_v2d_bry_tile,0,0,0,0,0,0,0,0,0,0,0
function@_QMmod_oceanPallocate_ocean,23,0,0,14,0,31,22.5,0,14,0,30
function@_QMmod_oceanPinitialize_ocean,3,0,0,2,0,15,26.76,0,20.4,0,8549.36
