Comando: /home/mpvreal/Code/Faculdade/tcc/llvm/build/bin/llc -march=x86 --regalloc=basic -o -
Heurística: original
~&SPILL_STATS,0, 0, 0, 0, 0, 0, 0, 0, 0, 0, 0
~&SPILL_STATS,0, 0, 0, 0, 0, 0, 0, 0, 0, 0, 0
~&SPILL_STATS,0, 0, 0, 0, 0, 0, 0, 0, 0, 0, 0
~&SPILL_STATS,0, 0, 0, 0, 0, 1, 0, 0, 0, 0, 1
~&SPILL_STATS,0, 0, 0, 0, 0, 0, 0, 0, 0, 0, 0
~&SPILL_STATS,0, 0, 0, 0, 0, 16, 0, 0, 0, 0, 16
~&SPILL_STATS,0, 0, 0, 0, 0, 4, 0, 0, 0, 0, 1.75926
~&SPILL_STATS,0, 0, 0, 0, 0, 0, 0, 0, 0, 0, 0
~&SPILL_STATS,0, 0, 0, 0, 0, 1, 0, 0, 0, 0, 1
~&SPILL_STATS,0, 0, 0, 0, 0, 0, 0, 0, 0, 0, 0
~&SPILL_STATS,7, 5, 0, 3, 5, 5, 78.4969, 32.8198, 31.9988, 3.93742, 4.05357e-05
~&SPILL_STATS,0, 0, 0, 0, 0, 0, 0, 0, 0, 0, 0
~&SPILL_STATS,9, 2, 0, 5, 0, 4, 115.894, 15.2536, 54.8797, 0, 16.2536
~&SPILL_STATS,6, 3, 0, 5, 0, 1, 44, 10, 21.25, 0, 8
~&SPILL_STATS,9, 4, 0, 6, 2, 19, 300.484, 64.4501, 129.231, 0.378878, 364.851
~&SPILL_STATS,2, 3, 0, 2, 1, 10, 1, 1.62469, 1.99969, 1, 43.862
~&SPILL_STATS,0, 0, 0, 0, 0, 0, 0, 0, 0, 0, 0
~&SPILL_STATS,0, 0, 0, 0, 0, 0, 0, 0, 0, 0, 0
~&SPILL_STATS,3, 1, 0, 2, 4, 13, 1.99875, 0.000499281, 1.99906, 2.62461, 6.87373
~&SPILL_STATS,0, 0, 0, 0, 0, 0, 0, 0, 0, 0, 0
~&SPILL_STATS,0, 0, 0, 0, 0, 0, 0, 0, 0, 0, 0
~&SPILL_STATS,30, 11, 0, 8, 2, 12, 510.889, 143.59, 101.025, 39.6001, 841.513
~&SPILL_STATS,0, 0, 0, 0, 0, 0, 0, 0, 0, 0, 0
~&SPILL_STATS,10, 0, 0, 1, 0, 8, 6.87498, 0, 1, 0, 59.9953
~&SPILL_STATS,0, 0, 0, 0, 0, 1, 0, 0, 0, 0, 21.25
~&SPILL_STATS,4, 3, 0, 3, 0, 9, 2.83333, 0.833334, 2.5, 0, 6.33333
~&SPILL_STATS,0, 0, 0, 0, 0, 5, 0, 0, 0, 0, 1
~&SPILL_STATS,0, 0, 0, 0, 0, 0, 0, 0, 0, 0, 0
~&SPILL_STATS,0, 0, 0, 0, 0, 0, 0, 0, 0, 0, 0
~&SPILL_STATS,0, 0, 0, 0, 0, 0, 0, 0, 0, 0, 0
~&SPILL_STATS,0, 0, 0, 0, 0, 1, 0, 0, 0, 0, 20
~&SPILL_STATS,0, 0, 0, 0, 0, 0, 0, 0, 0, 0, 0
~&SPILL_STATS,0, 0, 0, 0, 0, 0, 0, 0, 0, 0, 0
~&SPILL_STATS,0, 0, 0, 0, 0, 0, 0, 0, 0, 0, 0
~&SPILL_STATS,0, 0, 0, 0, 0, 0, 0, 0, 0, 0, 0
~&SPILL_STATS,44, 16, 0, 14, 22, 13, 6.50118, 6.28357, 2.03462, 3.34712, 16.1844
~&SPILL_STATS,0, 0, 0, 0, 0, 0, 0, 0, 0, 0, 0
~&SPILL_STATS,0, 0, 0, 0, 0, 0, 0, 0, 0, 0, 0
~&SPILL_STATS,1, 0, 0, 1, 0, 9, 6.2497, 0, 0.625, 0, 115.986
~&SPILL_STATS,0, 0, 0, 0, 0, 0, 0, 0, 0, 0, 0
~&SPILL_STATS,3, 1, 0, 2, 4, 13, 1.99875, 0.000499281, 1.99906, 2.62461, 6.87373
~&SPILL_STATS,0, 0, 0, 0, 0, 2, 0, 0, 0, 0, 10.1587
~&SPILL_STATS,0, 0, 0, 0, 0, 0, 0, 0, 0, 0, 0
~&SPILL_STATS,0, 0, 0, 0, 0, 0, 0, 0, 0, 0, 0
~&SPILL_STATS,0, 0, 0, 0, 0, 1, 0, 0, 0, 0, 9.53616e-07
~&SPILL_STATS,0, 0, 0, 0, 0, 0, 0, 0, 0, 0, 0
~&SPILL_STATS,0, 0, 0, 0, 0, 0, 0, 0, 0, 0, 0
~&SPILL_STATS,0, 0, 0, 0, 0, 0, 0, 0, 0, 0, 0
~&SPILL_STATS,0, 0, 0, 0, 0, 2, 0, 0, 0, 0, 2
~&SPILL_STATS,0, 0, 0, 0, 0, 0, 0, 0, 0, 0, 0
~&SPILL_STATS,0, 0, 0, 0, 0, 0, 0, 0, 0, 0, 0
~&SPILL_STATS,0, 0, 0, 0, 0, 0, 0, 0, 0, 0, 0
~&SPILL_STATS,0, 0, 0, 0, 0, 0, 0, 0, 0, 0, 0
~&SPILL_STATS,2, 4, 0, 3, 3, 5, 0.62963, 1.40741, 1.01852, 0.62963, 2.55556
~&SPILL_STATS,0, 0, 0, 0, 0, 0, 0, 0, 0, 0, 0
~&SPILL_STATS,41, 21, 0, 12, 7, 20, 231.558, 138.497, 107.561, 9.49986, 67.8114
~&SPILL_STATS,13, 17, 0, 7, 9, 10, 4.86685, 11.7974, 7.42432, 8.54027, 26.792
~&SPILL_STATS,2, 5, 0, 3, 2, 5, 1, 3, 2, 1.5, 3
~&SPILL_STATS,0, 2, 0, 1, 0, 4, 0, 1, 1, 0, 4
~&SPILL_STATS,63, 32, 0, 20, 14, 38, 52055, 13927.1, 993.969, 14136.2, 18207.8
~&SPILL_STATS,19, 7, 0, 9, 13, 15, 55.093, 4.82946, 4.47287, 34.969, 16.8062
~&SPILL_STATS,18, 4, 0, 8, 5, 5, 285.707, 131.244, 258.024, 134.976, 122.585
~&SPILL_STATS,18, 11, 0, 5, 7, 18, 214.781, 56.6562, 29, 58.1875, 89.375
~&SPILL_STATS,31, 11, 0, 7, 11, 14, 277.156, 41.375, 21.625, 76.0625, 86.875
~&SPILL_STATS,22, 2, 0, 13, 5, 11, 78.4296, 0.598592, 19.3979, 8.21244, 9.08216
~&SPILL_STATS,64, 34, 0, 37, 18, 12, 828.853, 535.222, 557.907, 154.527, 191.935
~&SPILL_STATS,82, 17, 0, 40, 9, 11, 1359.84, 133.16, 540.222, 102.802, 87.9876
~&SPILL_STATS,52, 39, 0, 39, 17, 12, 1655.94, 1099.44, 1131, 298.469, 390
~&SPILL_STATS,49, 21, 0, 19, 19, 43, 106.61, 18.625, 20.7868, 22.0956, 47.1765
~&SPILL_STATS,0, 0, 0, 0, 0, 0, 0, 0, 0, 0, 0
~&SPILL_STATS,0, 0, 0, 0, 0, 0, 0, 0, 0, 0, 0
~&SPILL_STATS,0, 0, 0, 0, 0, 2, 0, 0, 0, 0, 1.30769
~&SPILL_STATS,0, 0, 0, 0, 0, 2, 0, 0, 0, 0, 1.30769
~&SPILL_STATS,0, 0, 0, 0, 0, 0, 0, 0, 0, 0, 0
~&SPILL_STATS,0, 0, 0, 0, 0, 0, 0, 0, 0, 0, 0
~&SPILL_STATS,0, 0, 0, 0, 0, 0, 0, 0, 0, 0, 0
~&SPILL_STATS,0, 0, 0, 0, 0, 0, 0, 0, 0, 0, 0
~&SPILL_STATS,0, 0, 0, 0, 0, 0, 0, 0, 0, 0, 0
~&SPILL_STATS,0, 0, 0, 0, 0, 0, 0, 0, 0, 0, 0
~&SPILL_STATS,0, 0, 0, 0, 0, 5, 0, 0, 0, 0, 2.125
~&SPILL_STATS,0, 0, 0, 0, 0, 2, 0, 0, 0, 0, 1
~&SPILL_STATS,7, 6, 0, 3, 0, 5, 2.1875, 2.26562, 1.5625, 0, 1.44531
~&SPILL_STATS,13, 4, 0, 8, 7, 3, 371.75, 125, 221, 220, 96
~&SPILL_STATS,0, 0, 0, 0, 0, 0, 0, 0, 0, 0, 0
~&SPILL_STATS,0, 0, 0, 0, 0, 0, 0, 0, 0, 0, 0
~&SPILL_STATS,0, 0, 0, 0, 0, 0, 0, 0, 0, 0, 0
~&SPILL_STATS,0, 0, 0, 0, 0, 6, 0, 0, 0, 0, 5.16666
~&SPILL_STATS,0, 0, 0, 0, 0, 0, 0, 0, 0, 0, 0
~&SPILL_STATS,0, 0, 0, 0, 0, 0, 0, 0, 0, 0, 0
~&SPILL_STATS,34, 27, 0, 15, 10, 33, 4500.89, 5433.41, 2494.86, 1404.15, 4055
~&SPILL_STATS,0, 0, 0, 0, 0, 0, 0, 0, 0, 0, 0
~&SPILL_STATS,11, 19, 0, 8, 4, 9, 34058.9, 66811.2, 766.182, 24.6349, 55175.1
~&SPILL_STATS,10, 4, 0, 6, 4, 1, 77.4978, 48.9986, 49.9986, 3, 1.52583e-05
~&SPILL_STATS,5, 4, 0, 4, 1, 2, 2.74963, 2.24988, 3.37481, 1, 0.00018836
~&SPILL_STATS,93, 26, 0, 44, 19, 12, 417.488, 136.502, 236.354, 92.9375, 97.4012
~&SPILL_STATS,53, 23, 0, 24, 4, 7, 181.291, 97.1327, 113.681, 16.9841, 33.5134
~&SPILL_STATS,35, 43, 0, 18, 2, 12, 13.2679, 15.1607, 7.5, 0.821429, 5.33929
~&SPILL_STATS,20, 17, 0, 16, 4, 11, 354.919, 315.234, 353.223, 24.8047, 281.966
~&SPILL_STATS,16, 14, 0, 9, 2, 9, 92.1813, 222.625, 133.697, 39, 191.234
~&SPILL_STATS,8, 7, 0, 6, 2, 10, 14.5551, 15.2699, 19.7727, 0.624817, 35.7881
~&SPILL_STATS,10, 4, 0, 6, 1, 4, 10.9834, 5.77538, 11.9735, 0.513209, 10.3937
~&SPILL_STATS,26, 4, 0, 10, 7, 104, 63.0704, 9.40591, 30.1592, 9.90245, 30.0443
~&SPILL_STATS,0, 0, 0, 0, 0, 1, 0, 0, 0, 0, 0.5
~&SPILL_STATS,0, 0, 0, 0, 0, 0, 0, 0, 0, 0, 0
~&SPILL_STATS,2, 2, 0, 1, 0, 1, 1.33333, 2, 1, 0, 1
~&SPILL_STATS,0, 0, 0, 0, 0, 0, 0, 0, 0, 0, 0
~&SPILL_STATS,0, 0, 0, 0, 0, 0, 0, 0, 0, 0, 0
~&SPILL_STATS,0, 0, 0, 0, 0, 1, 0, 0, 0, 0, 1
~&SPILL_STATS,0, 0, 0, 0, 0, 1, 0, 0, 0, 0, 21.25
~&SPILL_STATS,0, 0, 0, 0, 0, 0, 0, 0, 0, 0, 0
~&SPILL_STATS,0, 0, 0, 0, 0, 5, 0, 0, 0, 0, 4
~&SPILL_STATS,0, 0, 0, 0, 0, 3, 0, 0, 0, 0, 1.375
~&SPILL_STATS,0, 0, 0, 0, 0, 0, 0, 0, 0, 0, 0
~&SPILL_STATS,0, 0, 0, 0, 0, 0, 0, 0, 0, 0, 0
~&SPILL_STATS,0, 0, 0, 0, 0, 0, 0, 0, 0, 0, 0
~&SPILL_STATS,19, 16, 0, 12, 4, 17, 504.708, 377.283, 135.922, 65.9626, 3934.72
~&SPILL_STATS,8, 4, 0, 5, 1, 4, 24.7471, 2.00806, 3.60937, 0.195312, 2
~&SPILL_STATS,0, 0, 0, 0, 0, 0, 0, 0, 0, 0, 0
~&SPILL_STATS,0, 0, 0, 0, 0, 0, 0, 0, 0, 0, 0
~&SPILL_STATS,8, 6, 0, 4, 1, 5, 2.57812, 2.26562, 1.875, 0.195312, 1.44531
~&SPILL_STATS,7, 2, 0, 13, 4, 15, 1.56063, 0.146457, 1.23622, 0.47874, 9.88819
~&SPILL_STATS,0, 0, 0, 0, 0, 1, 0, 0, 0, 0, 21.25
~&SPILL_STATS,0, 0, 0, 0, 0, 0, 0, 0, 0, 0, 0
~&SPILL_STATS,0, 0, 0, 0, 0, 0, 0, 0, 0, 0, 0
~&SPILL_STATS,0, 0, 0, 0, 0, 0, 0, 0, 0, 0, 0
~&SPILL_STATS,0, 0, 0, 0, 0, 0, 0, 0, 0, 0, 0
~&SPILL_STATS,9, 17, 0, 11, 4, 13, 14.371, 705.927, 20.6305, 13.6305, 1699.24
~&SPILL_STATS,0, 0, 0, 0, 0, 1, 0, 0, 0, 0, 0.619048
~&SPILL_STATS,5, 0, 0, 5, 0, 4, 67, 0, 67, 0, 333.556
~&SPILL_STATS,12, 4, 0, 6, 4, 4, 164.855, 40.2439, 42.3559, 60.0355, 51.9826
~&SPILL_STATS,8, 0, 0, 17, 2, 14, 4.02024e-05, 0, 5.96045e-06, 3.41302e-05, 1.00221
~&SPILL_STATS,0, 0, 0, 0, 0, 1, 0, 0, 0, 0, 9.53674e-07
~&SPILL_STATS,2, 2, 0, 1, 0, 1, 1.33333, 2, 1, 0, 1
~&SPILL_STATS,0, 0, 0, 0, 0, 0, 0, 0, 0, 0, 0
~&SPILL_STATS,0, 0, 0, 0, 0, 0, 0, 0, 0, 0, 0
~&SPILL_STATS,0, 0, 0, 0, 0, 0, 0, 0, 0, 0, 0
~&SPILL_STATS,0, 0, 0, 0, 0, 0, 0, 0, 0, 0, 0
~&SPILL_STATS,0, 0, 0, 0, 0, 0, 0, 0, 0, 0, 0
~&SPILL_STATS,0, 0, 0, 0, 0, 0, 0, 0, 0, 0, 0
~&SPILL_STATS,0, 0, 0, 0, 0, 0, 0, 0, 0, 0, 0
~&SPILL_STATS,0, 0, 0, 0, 0, 1, 0, 0, 0, 0, 1
~&SPILL_STATS,0, 0, 0, 0, 0, 1, 0, 0, 0, 0, 21.25
~&SPILL_STATS,0, 0, 0, 0, 0, 0, 0, 0, 0, 0, 0
~&SPILL_STATS,0, 0, 0, 0, 0, 0, 0, 0, 0, 0, 0
~&SPILL_STATS,0, 0, 0, 0, 0, 0, 0, 0, 0, 0, 0
~&SPILL_STATS,0, 3, 0, 1, 0, 4, 0, 1.75, 1, 0, 2.875
~&SPILL_STATS,42, 2, 0, 16, 6, 21, 85.4928, 7.95907, 26.2468, 8.73686, 10.935
~&SPILL_STATS,3, 5, 0, 3, 0, 10, 0.583333, 1.08333, 1, 0, 2.04167
~&SPILL_STATS,0, 0, 0, 0, 0, 0, 0, 0, 0, 0, 0
~&SPILL_STATS,0, 0, 0, 0, 0, 0, 0, 0, 0, 0, 0
~&SPILL_STATS,0, 0, 0, 0, 0, 2, 0, 0, 0, 0, 1
~&SPILL_STATS,3, 1, 0, 2, 4, 13, 1.99875, 0.000499281, 1.99906, 2.62461, 6.87373
~&SPILL_STATS,0, 0, 0, 0, 0, 0, 0, 0, 0, 0, 0
~&SPILL_STATS,6, 5, 0, 6, 0, 8, 2.51327, 0.54646, 2.08407, 0, 3.18805
~&SPILL_STATS,7, 2, 0, 2, 0, 8, 6.99875, 2, 2, 0, 3.62469
~&SPILL_STATS,0, 0, 0, 0, 0, 0, 0, 0, 0, 0, 0
~&SPILL_STATS,0, 0, 0, 0, 0, 1, 0, 0, 0, 0, 3.05166e-05
~&SPILL_STATS,0, 0, 0, 0, 0, 0, 0, 0, 0, 0, 0
~&SPILL_STATS,8, 1, 0, 2, 1, 5, 42.9686, 28.061, 1.75391, 0.876953, 29.4995
~&SPILL_STATS,0, 0, 0, 0, 0, 1, 0, 0, 0, 0, 1.90082e-05
~&SPILL_STATS,0, 0, 0, 0, 0, 0, 0, 0, 0, 0, 0
~&SPILL_STATS,0, 0, 0, 0, 0, 0, 0, 0, 0, 0, 0
~&SPILL_STATS,0, 0, 0, 0, 0, 0, 0, 0, 0, 0, 0
~&SPILL_STATS,42, 4, 0, 12, 8, 2, 15.3437, 1.5, 6.71875, 3, 0.75
~&SPILL_STATS,19, 9, 0, 9, 9, 9, 2.82525, 4.81494, 2.49468, 0.765139, 3.57502
~&SPILL_STATS,3, 1, 0, 2, 4, 13, 1.99875, 0.000499281, 1.99906, 2.62461, 6.87373
~&SPILL_STATS,0, 0, 0, 0, 0, 0, 0, 0, 0, 0, 0
~&SPILL_STATS,18, 10, 0, 10, 7, 7, 10.6449, 19.4393, 10.4673, 1.94393, 10.3458
~&SPILL_STATS,0, 0, 0, 0, 0, 0, 0, 0, 0, 0, 0
~&SPILL_STATS,8, 9, 0, 6, 4, 14, 6.75701, 6.97196, 6.37383, 2.18692, 10.0841
~&SPILL_STATS,42, 4, 0, 12, 8, 2, 15.3437, 1.5, 6.71875, 3, 0.75
~&SPILL_STATS,26, 4, 0, 8, 6, 8, 8.34374, 1.5, 2.71875, 2.25, 3
~&SPILL_STATS,45, 4, 0, 9, 6, 8, 9.79687, 0.749999, 1.85937, 1.125, 1.5
~&SPILL_STATS,0, 0, 0, 0, 0, 0, 0, 0, 0, 0, 0
~&SPILL_STATS,0, 0, 0, 0, 0, 0, 0, 0, 0, 0, 0
~&SPILL_STATS,0, 0, 0, 0, 0, 0, 0, 0, 0, 0, 0
~&SPILL_STATS,0, 0, 0, 0, 0, 0, 0, 0, 0, 0, 0
~&SPILL_STATS,0, 0, 0, 0, 0, 0, 0, 0, 0, 0, 0
~&SPILL_STATS,0, 0, 0, 0, 0, 0, 0, 0, 0, 0, 0
~&SPILL_STATS,0, 0, 0, 0, 0, 0, 0, 0, 0, 0, 0
~&SPILL_STATS,0, 0, 0, 0, 0, 0, 0, 0, 0, 0, 0
~&SPILL_STATS,0, 0, 0, 0, 0, 3, 0, 0, 0, 0, 3
~&SPILL_STATS,0, 0, 0, 0, 0, 2, 0, 0, 0, 0, 2
~&SPILL_STATS,0, 0, 0, 0, 0, 0, 0, 0, 0, 0, 0
~&SPILL_STATS,0, 0, 0, 0, 0, 0, 0, 0, 0, 0, 0
~&SPILL_STATS,0, 0, 0, 0, 0, 0, 0, 0, 0, 0, 0
~&SPILL_STATS,0, 0, 0, 0, 0, 0, 0, 0, 0, 0, 0
~&SPILL_STATS,0, 0, 0, 0, 0, 0, 0, 0, 0, 0, 0
~&SPILL_STATS,0, 0, 0, 0, 0, 0, 0, 0, 0, 0, 0
~&SPILL_STATS,18, 11, 0, 10, 8, 14, 2101.96, 1661.52, 1255.64, 455, 1881.96
~&SPILL_STATS,4, 17, 0, 11, 2, 3, 0.0703812, 0.294721, 0.22434, 0.0439883, 1.02639
~&SPILL_STATS,0, 0, 0, 0, 0, 0, 0, 0, 0, 0, 0
~&SPILL_STATS,6, 0, 0, 2, 1, 0, 3.875, 0, 2, 1, 0
~&SPILL_STATS,6, 0, 0, 2, 1, 0, 3.875, 0, 2, 1, 0
~&SPILL_STATS,0, 0, 0, 0, 0, 0, 0, 0, 0, 0, 0
~&SPILL_STATS,2, 0, 0, 1, 2, 0, 1.07843, 0, 0.0784314, 1.07843, 0
~&SPILL_STATS,0, 0, 0, 0, 0, 1, 0, 0, 0, 0, 1
~&SPILL_STATS,60, 33, 0, 20, 13, 46, 29949.3, 14933.4, 2997.07, 7764.92, 22916.2
~&SPILL_STATS,46, 17, 0, 24, 25, 10, 244.476, 68.1007, 129.865, 62.1687, 39.615
~&SPILL_STATS,0, 0, 0, 0, 0, 0, 0, 0, 0, 0, 0
~&SPILL_STATS,13, 7, 0, 11, 5, 10, 3612.25, 1702.23, 594.874, 1320.62, 3841.48
~&SPILL_STATS,0, 0, 0, 0, 0, 0, 0, 0, 0, 0, 0
~&SPILL_STATS,2, 6, 0, 4, 5, 3, 0.588235, 13.3922, 2.58824, 10.6078, 30.0588
~&SPILL_STATS,5, 6, 0, 2, 1, 4, 2.99956, 3.9995, 1.62468, 1, 2.62543
~&SPILL_STATS,0, 0, 0, 0, 0, 3, 0, 0, 0, 0, 1
~&SPILL_STATS,87, 33, 0, 51, 50, 12, 4091.16, 1382.16, 2384.18, 2502.83, 1626.25
~&SPILL_STATS,0, 0, 0, 0, 0, 3, 0, 0, 0, 0, 1
~&SPILL_STATS,0, 0, 0, 0, 0, 3, 0, 0, 0, 0, 1
~&SPILL_STATS,18, 14, 0, 10, 7, 7, 3.75028, 3.47561, 4.21852, 1.40633, 2.96844
~&SPILL_STATS,0, 0, 0, 0, 0, 1, 0, 0, 0, 0, 0.666667
~&SPILL_STATS,2, 9, 0, 3, 3, 5, 1.25, 1051, 2.25, 21.25, 981
~&SPILL_STATS,28, 28, 0, 18, 10, 4, 1281.78, 1207.07, 506.05, 274.375, 233.425
~&SPILL_STATS,2, 5, 0, 3, 3, 4, 0.967742, 2.41935, 1.45161, 1.45161, 2.70968
~&SPILL_STATS,39, 44, 0, 29, 20, 5, 1736.88, 2275.85, 483.765, 406.824, 843.206
~&SPILL_STATS,10, 0, 0, 2, 0, 0, 160, 0, 2, 0, 0
~&SPILL_STATS,13, 5, 0, 2, 11, 1, 2065, 657, 44, 903, 192
~&SPILL_STATS,21, 12, 0, 5, 13, 1, 2.69062, 9.74194, 1.8695, 6.50293, 0.139296
~&SPILL_STATS,0, 0, 0, 0, 0, 2, 0, 0, 0, 0, 1.25
~&SPILL_STATS,8, 5, 0, 5, 4, 0, 0.101562, 0.0664062, 0.078125, 0.0546875, 0
~&SPILL_STATS,0, 0, 0, 0, 0, 2, 0, 0, 0, 0, 1.25
~&SPILL_STATS,0, 0, 0, 0, 0, 5, 0, 0, 0, 0, 3
~&SPILL_STATS,0, 0, 0, 0, 0, 5, 0, 0, 0, 0, 3
~&SPILL_STATS,2, 5, 0, 3, 3, 4, 0.967742, 2.41935, 1.45161, 1.45161, 2.70968
~&SPILL_STATS,0, 0, 0, 0, 0, 0, 0, 0, 0, 0, 0
~&SPILL_STATS,0, 0, 0, 0, 0, 0, 0, 0, 0, 0, 0
~&SPILL_STATS,0, 0, 0, 0, 0, 0, 0, 0, 0, 0, 0
~&SPILL_STATS,0, 0, 0, 0, 0, 0, 0, 0, 0, 0, 0
~&SPILL_STATS,21, 7, 0, 9, 4, 9, 169.997, 111.998, 94.2483, 25.9995, 73.4986
~&SPILL_STATS,1, 1, 0, 1, 0, 9, 1, 0.000153519, 1, 0, 64.9905
~&SPILL_STATS,0, 0, 0, 0, 0, 0, 0, 0, 0, 0, 0
~&SPILL_STATS,1, 0, 0, 1, 0, 1, 3.01754, 0, 0.491228, 0, 0.491228
~&SPILL_STATS,70, 16, 0, 32, 14, 0, 1397.5, 240.887, 705.591, 33.4027, 0
~&SPILL_STATS,30, 4, 0, 12, 1, 1, 28.1412, 7.43529, 9.77647, 0.670588, 1
~&SPILL_STATS,4, 7, 0, 3, 2, 5, 0.760986, 1.42407, 1.75, 0.398438, 0.170367
~&SPILL_STATS,0, 0, 0, 0, 0, 0, 0, 0, 0, 0, 0
~&SPILL_STATS,22, 11, 0, 11, 7, 2, 221.703, 91.9363, 83.9999, 40.4999, 2.4375
~&SPILL_STATS,0, 0, 0, 0, 0, 0, 0, 0, 0, 0, 0
~&SPILL_STATS,0, 0, 0, 0, 0, 0, 0, 0, 0, 0, 0
~&SPILL_STATS,1, 4, 0, 1, 1, 0, 1, 0.929412, 1, 1, 0
~&SPILL_STATS,20, 8, 0, 8, 4, 4, 307.375, 234.875, 64.75, 43.25, 213.375
~&SPILL_STATS,0, 0, 0, 0, 0, 2, 0, 0, 0, 0, 2
~&SPILL_STATS,11, 5, 0, 13, 15, 0, 11, 5, 13, 15, 0
~&SPILL_STATS,4, 3, 0, 6, 0, 8, 2.5, 2.5, 5, 0, 8
~&SPILL_STATS,86, 21, 0, 45, 16, 6, 112.895, 23.9825, 48.0526, 7.26316, 6
~&SPILL_STATS,92, 53, 0, 71, 61, 6, 88, 53, 67, 61, 6
~&SPILL_STATS,11, 13, 0, 15, 2, 5, 7.5, 13, 10.5, 2, 4.5
~&SPILL_STATS,405, 194, 0, 231, 186, 3, 394.5, 193.5, 214.5, 177.5, 3
~&SPILL_STATS,0, 0, 0, 0, 0, 0, 0, 0, 0, 0, 0
~&SPILL_STATS,8, 4, 0, 3, 2, 0, 52.6, 23.05, 6.35, 21.45, 0
~&SPILL_STATS,0, 0, 0, 0, 0, 1, 0, 0, 0, 0, 0.305785
~&SPILL_STATS,0, 0, 0, 0, 0, 2, 0, 0, 0, 0, 1.61667
~&SPILL_STATS,1, 3, 0, 1, 2, 8, 1, 419.351, 1, 20.5955, 399.38
~&SPILL_STATS,0, 0, 0, 0, 0, 1, 0, 0, 0, 0, 1
~&SPILL_STATS,0, 0, 0, 0, 0, 1, 0, 0, 0, 0, 0.5
~&SPILL_STATS,0, 0, 0, 0, 0, 0, 0, 0, 0, 0, 0
~&SPILL_STATS,0, 0, 0, 0, 0, 0, 0, 0, 0, 0, 0
~&SPILL_STATS,7, 15, 0, 9, 6, 12, 2.28945, 9.22691, 4.07862, 0.832996, 3.03398
~&SPILL_STATS,20, 8, 0, 8, 4, 4, 307.375, 234.875, 64.75, 43.25, 213.375
~&SPILL_STATS,0, 0, 0, 0, 0, 1, 0, 0, 0, 0, 1
~&SPILL_STATS,63, 11, 0, 24, 15, 10, 26.1494, 3.62103, 7.93439, 5.21701, 2.43849
~&SPILL_STATS,53, 33, 0, 24, 23, 28, 606.75, 258.333, 255.917, 173.25, 261.167
~&SPILL_STATS,0, 0, 0, 0, 0, 0, 0, 0, 0, 0, 0
~&SPILL_STATS,85, 30, 0, 20, 23, 31, 3743.31, 1501.02, 785.183, 1578.34, 1585.61
~&SPILL_STATS,0, 1, 0, 1, 2, 3, 0, 19.9988, 0.999999, 1.625, 3.90981e-05
~&SPILL_STATS,19, 8, 0, 11, 7, 6, 129.811, 90.999, 83.8741, 25.7497, 38.437
~&SPILL_STATS,41, 30, 0, 17, 14, 27, 258.49, 144.994, 47.8732, 65.6225, 76.8721
~&SPILL_STATS,79, 38, 0, 27, 32, 24, 4539.96, 1644.92, 1579.21, 701.477, 1823.21
~&SPILL_STATS,25, 13, 0, 15, 15, 7, 1244.63, 357.079, 464.194, 295.893, 185.635
~&SPILL_STATS,10, 1, 0, 5, 3, 10, 74, 7.996, 18.5, 26.5, 58.002
~&SPILL_STATS,42, 17, 0, 17, 18, 15, 1293.12, 706.531, 578.406, 605.531, 702.219
~&SPILL_STATS,0, 0, 0, 0, 0, 1, 0, 0, 0, 0, 1
~&SPILL_STATS,5, 1, 0, 1, 0, 0, 3.25, 1, 1, 0, 0
~&SPILL_STATS,0, 0, 0, 0, 0, 0, 0, 0, 0, 0, 0
~&SPILL_STATS,5, 10, 0, 3, 1, 8, 4.24999, 27.625, 2.625, 1, 6.625
~&SPILL_STATS,3, 1, 0, 2, 4, 13, 1.99875, 0.000499281, 1.99906, 2.62461, 6.87373
~&SPILL_STATS,0, 0, 0, 0, 0, 1, 0, 0, 0, 0, 0.625
~&SPILL_STATS,6, 1, 0, 2, 2, 2, 3, 1, 1.5, 2, 2
~&SPILL_STATS,0, 0, 0, 0, 0, 1, 0, 0, 0, 0, 1
~&SPILL_STATS,18, 14, 0, 10, 7, 7, 3.75028, 3.47561, 4.21852, 1.40633, 2.96844
~&SPILL_STATS,18, 14, 0, 10, 7, 7, 3.75028, 3.47561, 4.21852, 1.40633, 2.96844
~&SPILL_STATS,0, 0, 0, 0, 0, 0, 0, 0, 0, 0, 0
~&SPILL_STATS,0, 0, 0, 0, 0, 0, 0, 0, 0, 0, 0
~&SPILL_STATS,0, 0, 0, 0, 0, 0, 0, 0, 0, 0, 0
~&SPILL_STATS,1, 6, 0, 2, 1, 5, 1, 3.09412, 2, 0.494118, 2.49412
~&SPILL_STATS,0, 0, 0, 0, 0, 0, 0, 0, 0, 0, 0
~&SPILL_STATS,12, 11, 0, 4, 3, 4, 51.25, 4.0625, 1.75781, 0.742187, 1.75781
~&SPILL_STATS,4, 6, 0, 3, 6, 10, 0.270182, 0.553873, 1.28369, 0.968424, 3.20028
~&SPILL_STATS,0, 0, 0, 0, 0, 0, 0, 0, 0, 0, 0
~&SPILL_STATS,0, 0, 0, 0, 0, 0, 0, 0, 0, 0, 0
~&SPILL_STATS,0, 0, 0, 0, 0, 0, 0, 0, 0, 0, 0
~&SPILL_STATS,0, 0, 0, 0, 0, 0, 0, 0, 0, 0, 0
~&SPILL_STATS,0, 0, 0, 0, 0, 0, 0, 0, 0, 0, 0
~&SPILL_STATS,0, 0, 0, 0, 0, 0, 0, 0, 0, 0, 0
~&SPILL_STATS,0, 0, 0, 0, 0, 0, 0, 0, 0, 0, 0
~&SPILL_STATS,0, 0, 0, 0, 0, 1, 0, 0, 0, 0, 0.619048
~&SPILL_STATS,0, 6, 0, 1, 3, 4, 0, 0.152344, 0.0625, 0.1875, 1.54688
~&SPILL_STATS,0, 0, 0, 0, 0, 1, 0, 0, 0, 0, 1
~&SPILL_STATS,0, 0, 0, 0, 0, 7, 0, 0, 0, 0, 42.9965
~&SPILL_STATS,0, 0, 0, 0, 0, 0, 0, 0, 0, 0, 0
~&SPILL_STATS,0, 0, 0, 0, 0, 0, 0, 0, 0, 0, 0
~&SPILL_STATS,0, 0, 0, 0, 0, 0, 0, 0, 0, 0, 0
~&SPILL_STATS,0, 0, 0, 0, 0, 0, 0, 0, 0, 0, 0
~&SPILL_STATS,0, 0, 0, 0, 0, 0, 0, 0, 0, 0, 0
~&SPILL_STATS,0, 0, 0, 0, 0, 0, 0, 0, 0, 0, 0
~&SPILL_STATS,22, 31, 0, 21, 10, 13, 11.0333, 13.1427, 6.34059, 2.26549, 16.7529
~&SPILL_STATS,44, 13, 0, 12, 15, 10, 55.0634, 20.5777, 16.5368, 17.7751, 46.8584
~&SPILL_STATS,0, 0, 0, 0, 0, 1, 0, 0, 0, 0, 1
~&SPILL_STATS,4, 5, 0, 2, 0, 15, 7.87921, 6.26758, 7.83945, 0, 67.8868
~&SPILL_STATS,0, 0, 0, 0, 0, 1, 0, 0, 0, 0, 1
~&SPILL_STATS,0, 0, 0, 0, 0, 0, 0, 0, 0, 0, 0
~&SPILL_STATS,0, 0, 0, 0, 0, 0, 0, 0, 0, 0, 0
~&SPILL_STATS,0, 0, 0, 0, 0, 0, 0, 0, 0, 0, 0
~&SPILL_STATS,0, 0, 0, 0, 0, 0, 0, 0, 0, 0, 0
~&SPILL_STATS,0, 0, 0, 0, 0, 0, 0, 0, 0, 0, 0
~&SPILL_STATS,0, 0, 0, 0, 0, 0, 0, 0, 0, 0, 0
~&SPILL_STATS,0, 0, 0, 0, 0, 0, 0, 0, 0, 0, 0
~&SPILL_STATS,0, 0, 0, 0, 0, 0, 0, 0, 0, 0, 0
~&SPILL_STATS,0, 0, 0, 0, 0, 0, 0, 0, 0, 0, 0
~&SPILL_STATS,0, 0, 0, 0, 0, 0, 0, 0, 0, 0, 0
~&SPILL_STATS,0, 0, 0, 0, 0, 0, 0, 0, 0, 0, 0
~&SPILL_STATS,0, 0, 0, 0, 0, 0, 0, 0, 0, 0, 0
~&SPILL_STATS,0, 0, 0, 0, 0, 0, 0, 0, 0, 0, 0
~&SPILL_STATS,0, 0, 0, 0, 0, 0, 0, 0, 0, 0, 0
~&SPILL_STATS,0, 0, 0, 0, 0, 0, 0, 0, 0, 0, 0
~&SPILL_STATS,0, 0, 0, 0, 0, 1, 0, 0, 0, 0, 1
~&SPILL_STATS,15, 1, 0, 4, 2, 21, 14952.4, 28.3353, 4, 29.3353, 55820.3
~&SPILL_STATS,17, 15, 0, 5, 11, 34, 7200.47, 3968.4, 969.434, 2060.82, 9584.52
~&SPILL_STATS,7, 6, 0, 3, 0, 5, 2.1875, 2.26562, 1.5625, 0, 1.44531
~&SPILL_STATS,4, 6, 0, 2, 4, 18, 2875.78, 1022.71, 1.99691, 1021.08, 6711.7
~&SPILL_STATS,0, 0, 0, 0, 0, 0, 0, 0, 0, 0, 0
~&SPILL_STATS,0, 0, 0, 0, 0, 0, 0, 0, 0, 0, 0
~&SPILL_STATS,0, 0, 0, 0, 0, 0, 0, 0, 0, 0, 0
~&SPILL_STATS,0, 0, 0, 0, 0, 0, 0, 0, 0, 0, 0
~&SPILL_STATS,17, 1, 0, 11, 0, 1, 541.875, 31.875, 258, 0, 1
~&SPILL_STATS,3, 6, 0, 4, 1, 3, 0.607843, 12.6863, 1.7451, 0.294118, 21.0392
~&SPILL_STATS,9, 5, 0, 8, 2, 3, 15.451, 13.2353, 14.451, 1.29412, 21.0392
~&SPILL_STATS,0, 0, 0, 0, 0, 1, 0, 0, 0, 0, 1
~&SPILL_STATS,0, 0, 0, 0, 0, 1, 0, 0, 0, 0, 1
~&SPILL_STATS,12, 8, 0, 6, 9, 1, 526.857, 458.952, 231.476, 491.429, 1
~&SPILL_STATS,0, 0, 0, 0, 0, 0, 0, 0, 0, 0, 0
~&SPILL_STATS,16, 9, 0, 13, 4, 5, 27.2549, 15, 25.098, 3.31373, 41.0784
~&SPILL_STATS,116, 33, 0, 46, 52, 44, 87.75, 39.8897, 54.25, 59, 56.5294
~&SPILL_STATS,0, 0, 0, 0, 0, 5, 0, 0, 0, 0, 2.125
~&SPILL_STATS,1, 1, 0, 1, 0, 4, 0.999999, 0.25, 0.999999, 0, 3
~&SPILL_STATS,2, 8, 0, 3, 5, 7, 0.507812, 3.00781, 2.25, 2.1875, 2.14844
~&SPILL_STATS,0, 0, 0, 0, 0, 2, 0, 0, 0, 0, 1
~&SPILL_STATS,0, 1, 0, 1, 0, 2, 0, 0.5, 0.5, 0, 1
~&SPILL_STATS,0, 0, 0, 0, 0, 0, 0, 0, 0, 0, 0
~&SPILL_STATS,0, 0, 0, 0, 0, 17, 0, 0, 0, 0, 387.5
~&SPILL_STATS,0, 0, 0, 0, 0, 0, 0, 0, 0, 0, 0
~&SPILL_STATS,0, 0, 0, 0, 0, 0, 0, 0, 0, 0, 0
~&SPILL_STATS,0, 0, 0, 0, 0, 0, 0, 0, 0, 0, 0
~&SPILL_STATS,0, 0, 0, 0, 0, 1, 0, 0, 0, 0, 1
~&SPILL_STATS,1, 1, 0, 2, 0, 7, 15.9995, 9.99968, 10.9997, 0, 63.9981
~&SPILL_STATS,13, 18, 0, 11, 2, 18, 44.2251, 124.481, 23.6999, 13.1875, 54.7591
~&SPILL_STATS,0, 0, 0, 0, 0, 0, 0, 0, 0, 0, 0
~&SPILL_STATS,0, 0, 0, 0, 0, 0, 0, 0, 0, 0, 0
~&SPILL_STATS,0, 0, 0, 0, 0, 0, 0, 0, 0, 0, 0
~&SPILL_STATS,0, 0, 0, 0, 0, 1, 0, 0, 0, 0, 1
~&SPILL_STATS,18, 14, 0, 10, 7, 7, 3.75028, 3.47561, 4.21852, 1.40633, 2.96844
~&SPILL_STATS,18, 14, 0, 10, 7, 7, 3.75028, 3.47561, 4.21852, 1.40633, 2.96844
~&SPILL_STATS,0, 0, 0, 0, 0, 2, 0, 0, 0, 0, 16.9677
~&SPILL_STATS,0, 0, 0, 0, 0, 2, 0, 0, 0, 0, 33
~&SPILL_STATS,0, 0, 0, 0, 0, 1, 0, 0, 0, 0, 2.86096e-06
~&SPILL_STATS,59, 29, 0, 35, 1, 41, 346.577, 189.889, 227.539, 0.238002, 360.342
~&SPILL_STATS,0, 0, 0, 0, 0, 13, 0, 0, 0, 0, 7.66666
~&SPILL_STATS,0, 0, 0, 0, 0, 1, 0, 0, 0, 0, 0.566406
~&SPILL_STATS,0, 0, 0, 0, 0, 0, 0, 0, 0, 0, 0
~&SPILL_STATS,0, 0, 0, 0, 0, 0, 0, 0, 0, 0, 0
~&SPILL_STATS,0, 0, 0, 0, 0, 1, 0, 0, 0, 0, 1
~&SPILL_STATS,27, 36, 0, 15, 2, 10, 154.208, 179.455, 60.7723, 3.56436, 41.5941
~&SPILL_STATS,0, 0, 0, 0, 0, 1, 0, 0, 0, 0, 9.53616e-07
~&SPILL_STATS,0, 0, 0, 0, 0, 0, 0, 0, 0, 0, 0
~&SPILL_STATS,31, 29, 0, 26, 4, 5, 215.727, 218.03, 174.303, 53.5152, 42.5152
~&SPILL_STATS,4, 3, 0, 3, 0, 9, 2.83333, 0.833334, 2.5, 0, 6.33333
~&SPILL_STATS,0, 0, 0, 0, 0, 3, 0, 0, 0, 0, 2.46875
~&SPILL_STATS,1, 0, 0, 1, 1, 2, 1, 0, 0.625, 0.375, 1
~&SPILL_STATS,0, 0, 0, 0, 0, 0, 0, 0, 0, 0, 0
~&SPILL_STATS,0, 0, 0, 0, 0, 1, 0, 0, 0, 0, 21.25
~&SPILL_STATS,0, 0, 0, 0, 0, 0, 0, 0, 0, 0, 0
~&SPILL_STATS,6, 12, 0, 5, 2, 6, 24.25, 48.6249, 4.625, 21, 4.625
~&SPILL_STATS,2, 3, 0, 2, 1, 10, 1, 1.62469, 1.99969, 1, 43.862
~&SPILL_STATS,3, 1, 0, 2, 4, 13, 1.99875, 0.000499281, 1.99906, 2.62461, 6.87373
~&SPILL_STATS,30, 11, 0, 8, 2, 12, 510.889, 143.59, 101.025, 39.6001, 841.513
~&SPILL_STATS,10, 0, 0, 1, 0, 8, 6.87498, 0, 1, 0, 59.9953
~&SPILL_STATS,4, 3, 0, 3, 0, 9, 2.83333, 0.833334, 2.5, 0, 6.33333
