Comando: /home/mpvreal/Code/Faculdade/tcc/llvm/build/bin/llc --march=x86 --regalloc=basic -o -
Heurística: div(cost,mul(area,pow(degree,2)))
function@set_data_,0,0,0,0,0,0,0,0,0,0,0
function@set_data_tile_,0,0,0,0,0,0,0,0,0,0,0
function@get_3dfld_,89,49,0,42,61,58,22.1343,20.5079,24.118,27.4845,138.748
function@set_ngfldr_,0,0,0,0,0,0,0,0,0,0,0
function@close_io_,0,0,0,0,0,13,0,0,0,0,2.52679
function@_QMdiag_modPdiag,144,0,0,144,0,6,144,0,144,0,6
function@_QMdiag_modPdiag_tile,682,244,0,296,186,76,93223.4,38002.5,15254.3,10848.8,22072.6
function@_QMmod_mixingPallocate_mixing,219,36,0,42,53,10,219,36,38,48,10
function@_QMmod_mixingPinitialize_mixing,243,83,0,138,52,35,2.50348e+06,1.08469e+06,1.39898e+06,267561,192393
function@_QMset_zeta_modPset_zeta,51,0,0,35,0,3,51,0,35,0,3
function@_QMset_zeta_modPset_zeta_tile,121,37,0,62,34,15,3069.74,2222.43,491.721,270.176,1076.32
function@def_impulse_,0,0,0,0,0,0,0,0,0,0,0
function@get_3dfldr_,0,0,0,0,0,0,0,0,0,0,0
function@_QMdef_var_modPdef_var,36,18,0,33,14,120,12.6241,4.34097,5.86428,1.16278,162.184
function@_QMnf_fread3d_bry_modPnf_fread3d_bry,161,81,0,100,88,28,1.13486e+06,671308,214271,207376,486034
function@_QMnrutilParray_copy_r,15,3,0,4,3,10,160.68,26.16,2.56,13.8,78.4
function@_QMnrutilParray_copy_d,15,3,0,4,3,10,160.68,26.16,2.56,13.8,78.4
function@_QMnrutilParray_copy_i,16,3,0,5,3,10,173.44,26.16,15.32,13.8,78.4
function@_QMnrutilParth_r,26,82,0,18,55,8,335.775,3324.15,336.559,1356.18,118.196
function@_QMnrutilParth_d,43,20,0,14,34,10,1476.47,281.304,182.873,544.284,195.824
function@_QMnrutilParth_i,56,24,0,50,60,5,1889.68,384.794,1848.72,1687.39,63.3235
function@_QMnrutilPnrerror,0,0,0,0,0,1,0,0,0,0,1
function@_QMnrutilPreallocate_rv,40,29,0,19,7,20,199.648,142.484,51.0391,20.2344,138.5
function@_QMnrutilPreallocate_iv,39,27,0,15,12,19,199.023,160.531,37.6016,48.457,126.312
function@_QMnrutilPreallocate_hv,353,61,0,102,37,20,1066.13,161.361,259.925,68.4823,68.2821
function@_QMnrutilPreallocate_rm,59,52,0,38,27,16,3655.94,2706.7,724.477,662.92,1885.44
function@_QMnrutilPreallocate_im,62,45,0,36,32,16,4625.94,1896.7,1323.85,1730.11,1195.44
function@_QMlmd_vmix_modPlmd_vmix,180,0,0,158,0,6,180,0,158,0,6
function@_QMlmd_vmix_modPlmd_vmix_tile,1719,422,0,825,406,59,991852,259735,160772,91060.7,69865.3
function@_QMlmd_vmix_modPlmd_finish,77,0,0,66,0,3,77,0,66,0,3
function@_QMlmd_vmix_modPlmd_finish_tile,90,44,0,71,35,25,68702.4,57753.7,1753.54,1866.4,64696.8
function@wrt_floats_,0,0,0,0,0,0,0,0,0,0,0
function@_QMnf_fwrite3d_bry_modPnf_fwrite3d_bry,283,91,0,134,116,18,765537,324687,106737,190922,213274
function@my_flush_,0,0,0,0,0,0,0,0,0,0,0
function@my_getpid_,0,0,0,0,0,0,0,0,0,0,0
function@my_numthreads_,0,0,0,0,0,0,0,0,0,0,0
function@my_threadnum_,0,0,0,0,0,0,0,0,0,0,0
function@my_wtime_,0,0,0,0,0,0,0,0,0,0,0
function@wrt_station_,0,0,0,0,0,0,0,0,0,0,0
function@lmd_swfrac_tile_,135,33,0,58,68,13,12370.2,3162.85,1346.85,4585.95,1821.4
function@_QMstate_initialize_modPstate_initialize,157,76,0,116,60,45,291868,814578,22752,21003.2,693687
function@get_cycle_,26,16,0,10,22,15,82.8136,38.0387,17.1162,63.2712,41.9952
function@wrt_info_,718,19,0,359,15,161,2.00001,1.00001,2,1.5,2.00046
function@_QMt3dmix_modPt3dmix2,172,0,0,150,0,6,172,0,150,0,6
function@_QMt3dmix_modPt3dmix2_tile,1750,468,0,529,458,216,3.6791e+07,7.18178e+06,3.27101e+06,5.02786e+06,4.59482e+06
function@_QMini_fields_modPini_fields,253,0,0,230,0,10,253,0,230,0,10
function@_QMini_fields_modPini_fields_tile,866,272,0,372,256,78,552422,410255,34317.3,188183,93413.7
function@_QMini_fields_modPini_zeta,43,0,0,36,0,2,43,0,36,0,2
function@_QMini_fields_modPini_zeta_tile,78,38,0,62,32,22,2176.49,2633.52,260.853,754.101,1132.65
function@set_scoord_,148,45,0,29,74,55,461.941,134.988,70.4823,146.741,221.035
function@_QMset_3dfld_modPset_3dfld_tile,427,175,0,227,180,48,34723.4,21918.7,1200.25,7512.62,15953.4
function@obs_read_,0,0,0,0,0,0,0,0,0,0,0
function@wrt_error_,0,0,0,0,0,0,0,0,0,0,0
function@initial_,26,32,0,34,43,73,162.984,318.129,166.339,91.5645,3656.97
function@lubksb_,29,16,0,15,18,13,576.55,486.85,101.1,402.45,371.75
function@_QMran_statePran_init,0,0,0,0,0,1,0,0,0,0,1
function@_QMran_statePran_seed,0,0,0,0,0,1,0,0,0,0,1
function@_QMmod_gridPallocate_grid,623,136,0,100,150,53,622.5,136,86,135,53
function@_QMmod_gridPinitialize_grid,920,114,0,430,66,8,250558,75887.7,106475,17750.7,4438.52
function@_QMpre_step3d_modPpre_step3d,487,3,0,490,0,10,487,3,490,0,10
function@_QMpre_step3d_modPpre_step3d_tile,4763,1731,0,2158,1535,357,3.11717e+07,1.03285e+07,4.40872e+06,3.51212e+06,4.25547e+06
function@checkdefs_,98,54,0,53,48,408,79.625,54,52.5,24,1938
function@_QQmain,0,0,0,0,0,0,0,0,0,0,0
function@set_diags_,0,0,0,0,0,0,0,0,0,0,0
function@checkvars_,26,15,0,12,12,45,141.148,409.06,220.543,11.6992,664.265
function@main2d_,0,0,0,0,0,0,0,0,0,0,0
function@get_2dfld_,96,80,0,64,66,60,33.8636,71.4142,41.972,25.0785,158.751
function@_QMnf_fread3d_modPnf_fread3d,163,47,0,78,54,21,11402.3,2897.62,262.602,4012.58,2522.02
function@def_tides_,0,0,0,0,0,0,0,0,0,0,0
function@gasdev_s_,15,0,0,0,6,0,147,0,0,49.5,0
function@gasdev_v_,687,114,0,93,187,64,28527.2,4170.3,2731.83,4639.23,2136.44
function@def_dim_,0,0,0,0,0,4,0,0,0,0,2.21875
function@inp_par_,357,98,0,157,81,56,2448.39,419.68,1099.03,612.967,310.762
function@read_phypar_,546,350,0,340,282,617,48.111,412.604,19.6939,411.275,123.956
function@decode_line_,30,42,0,23,29,48,44.6122,39.3316,18.2092,20.699,140.459
function@load_i1_,0,0,0,0,0,2,0,0,0,0,1.5
function@load_l1_,0,0,0,0,0,2,0,0,0,0,2
function@load_r1_,0,0,0,0,0,2,0,0,0,0,1.5
function@load_i_,122,7,0,36,47,15,307.559,19.0245,74.1765,90.2794,33.1176
function@load_l_,7,11,0,9,12,3,3.61905,83.1429,43.6905,33.5476,20.7857
function@load_r_,32,10,0,7,31,11,104.274,20.4902,12.6667,112.99,45.3431
function@get_varcoords_,110,70,0,58,123,54,74.7417,32.6885,23.8296,27.9058,103.58
function@_QMexchange_2d_modPexchange_p2d_tile,42,39,0,34,21,16,62.1373,161.255,49.8431,13.6078,39.2745
function@_QMexchange_2d_modPexchange_r2d_tile,42,39,0,34,21,16,62.1373,161.255,49.8431,13.6078,39.2745
function@_QMexchange_2d_modPexchange_u2d_tile,42,39,0,34,21,16,62.1373,161.255,49.8431,13.6078,39.2745
function@_QMexchange_2d_modPexchange_v2d_tile,42,39,0,34,21,16,62.1373,161.255,49.8431,13.6078,39.2745
function@_QMshapiro_modPshapiro2d_tile,339,132,0,148,95,38,14610,4760.71,1418.13,1205.19,2612.03
function@_QMshapiro_modPshapiro3d_tile,352,139,0,154,98,42,281918,103381,16748.4,24743.2,55512.3
function@congrad_,0,0,0,0,0,0,0,0,0,0,0
function@obs_depth_,0,0,0,0,0,0,0,0,0,0,0
function@set_ngfld_,196,69,0,82,105,23,2138.04,930.718,418.2,616.918,758.906
function@get_2dfldr_,0,0,0,0,0,0,0,0,0,0,0
function@_QMuv3dmix_modPuv3dmix2,270,0,0,270,0,8,270,0,270,0,8
function@_QMuv3dmix_modPuv3dmix2_tile,1076,307,0,501,283,85,1.79004e+06,462608,223854,194761,127613
function@_QMocean_control_modProms_initialize,1,1,0,2,2,3,0.387097,12.5,13.1129,1,13.0968
function@_QMocean_control_modProms_run,0,0,0,0,0,0,0,0,0,0,0
function@_QMocean_control_modProms_finalize,1,1,0,2,2,2,0.625,20,21,1.625,20.625
function@def_hessian_,0,0,0,0,0,0,0,0,0,0,0
function@_QMstep2d_modPstep2d,594,0,0,594,0,10,594,0,594,0,10
function@_QMstep2d_modPstep2d_tile,7316,2507,0,3007,1988,529,186316,56475.8,25108.8,20756.5,17366.9
function@_QMmod_forcesPallocate_forces,232,43,0,42,58,14,231.5,43,36,52,14
function@_QMmod_forcesPinitialize_forces,54,47,0,18,14,8,47547.3,47731.1,4746.82,8789.93,16387.4
function@def_lanczos_,0,0,0,0,0,0,0,0,0,0,0
function@_QMnf_fwrite2d_modPnf_fwrite2d,115,40,0,57,31,9,1207.56,655.361,301.125,229.958,282.958
function@_QMu3dbc_modPu3dbc,34,0,0,29,0,1,34,0,29,0,1
function@_QMu3dbc_modPu3dbc_tile,70,34,0,46,28,16,2141.69,2049.88,273.457,824.839,522.445
function@def_his_,87,63,0,53,34,69,39.2188,66.586,49.2423,1.25977,96.7763
function@_QMmetrics_modPmetrics,410,0,0,387,0,7,410,0,387,0,7
function@_QMmetrics_modPmetrics_tile,2386,635,0,1084,671,136,110837,59524.4,16072.9,15343,32780.9
function@_QMt3dbc_modPt3dbc,41,0,0,36,0,1,41,0,36,0,1
function@_QMt3dbc_modPt3dbc_tile,76,41,0,55,31,18,2552.48,2757.74,981.938,1128.21,724.691
function@set_weights_,105,44,0,37,59,52,7244.31,2126.31,520.594,1554.06,5520.25
function@_QMnf_fwrite4d_modPnf_fwrite4d,169,62,0,95,52,12,619876,220590,68794.2,133121,112800
function@def_station_,0,0,0,0,0,0,0,0,0,0,0
function@_QMwvelocity_modPwvelocity,184,0,0,184,0,10,184,0,184,0,10
function@_QMwvelocity_modPwvelocity_tile,1354,445,0,562,350,76,991638,298413,144205,90882,85959.6
function@_QMbulk_flux_modPbulk_flux,277,1,0,278,0,9,277,1,278,0,9
function@_QMbulk_flux_modPbulk_flux_tile,1904,244,0,345,605,90,1.11535e+06,26517.8,7091.09,323303,41739.2
function@_QMbulk_flux_modPbulk_psiu,37,0,0,0,14,1,19,0,0,7.5,0.25
function@_QMbulk_flux_modPbulk_psit,28,0,0,0,11,0,14.5,0,0,5.75,0
function@_QMnf_fwrite3d_modPnf_fwrite3d,148,51,0,82,44,11,31173.7,10964.7,3478.1,6639.53,5689.08
function@get_state_,162,35,0,138,40,56,3.38,2.4833,1.90581,1.76172,6.62869
function@_QMutility_modPnrng,38,11,0,13,22,0,25.3608,10.0064,5.96154,10.8535,0
function@_QMutility_modPurng,5,7,0,6,2,20,6.80247,16.037,1.01235,0.197531,59.8025
function@obs_initial_,0,0,0,0,0,0,0,0,0,0,0
function@checkadj_,0,4,0,4,0,22,0,4,4,0,20
function@def_diags_,0,0,0,0,0,0,0,0,0,0,0
function@_QManalytical_modPana_btflux,27,0,0,22,0,1,27,0,22,0,1
function@_QManalytical_modPana_btflux_tile,72,41,0,46,19,33,897.202,1445.66,48.4417,16.3742,1234.13
function@_QManalytical_modPana_cloud,19,0,0,16,0,1,19,0,16,0,1
function@_QManalytical_modPana_cloud_tile,42,24,0,30,11,14,239.525,1048.38,206.425,17,994.425
function@_QManalytical_modPana_grid,221,0,0,198,0,7,221,0,198,0,7
function@_QManalytical_modPana_grid_tile,1166,397,0,575,317,78,45366.5,18194.9,7669.26,4117.35,7464.79
function@_QManalytical_modPana_humid,19,0,0,16,0,1,19,0,16,0,1
function@_QManalytical_modPana_humid_tile,42,24,0,30,11,14,239.525,1048.38,206.425,17,994.425
function@_QManalytical_modPana_initial,188,0,0,161,0,3,97,0,81,0,3
function@_QManalytical_modPana_nlminitial_tile,333,155,0,202,115,66,98752.1,101479,12594.6,28201.9,61499.5
function@_QManalytical_modPana_pair,19,0,0,16,0,1,19,0,16,0,1
function@_QManalytical_modPana_pair_tile,42,24,0,30,11,14,239.525,1048.38,206.425,17,994.425
function@_QManalytical_modPana_rain,19,0,0,16,0,1,19,0,16,0,1
function@_QManalytical_modPana_rain_tile,42,24,0,30,11,14,239.525,1048.38,206.425,17,994.425
function@_QManalytical_modPana_srflux,92,0,0,81,0,5,92,0,81,0,5
function@_QManalytical_modPana_srflux_tile,348,54,0,89,117,41,16193.5,2845.82,382.55,4530.07,3133.65
function@_QManalytical_modPana_stflux,33,0,0,22,0,3,33,0,22,0,3
function@_QManalytical_modPana_stflux_tile,78,42,0,52,22,33,903.202,1446.66,53.9387,18.8712,1234.13
function@_QManalytical_modPana_tair,19,0,0,16,0,1,19,0,16,0,1
function@_QManalytical_modPana_tair_tile,42,24,0,30,11,14,239.525,1048.38,206.425,17,994.425
function@_QManalytical_modPana_winds,70,0,0,43,0,4,70,0,43,0,4
function@_QManalytical_modPana_winds_tile,120,44,0,64,37,13,4244.38,2653.93,704.75,594.175,909.775
function@_QMbc_bry3d_modPbc_r3d_bry_tile,103,101,0,88,65,95,105.343,192.578,60.6176,22.9608,96.7744
function@_QMbc_bry3d_modPbc_u3d_bry_tile,122,111,0,100,80,92,102.108,217.578,72.5196,19.4314,102.225
function@_QMbc_bry3d_modPbc_v3d_bry_tile,120,111,0,98,77,93,92.3823,222.343,67.549,11.9706,102.304
function@get_data_,0,0,0,0,0,0,0,0,0,0,0
function@_QMstep3d_t_modPstep3d_t,195,0,0,167,0,8,195,0,167,0,8
function@_QMstep3d_t_modPstep3d_t_tile,2572,883,0,1028,778,222,4.17683e+07,1.30905e+07,5.87085e+06,4.91509e+06,4.75574e+06
function@_QMmod_netcdfPnetcdf_get_dim,0,0,0,0,0,0,0,0,0,0,0
function@_QMmod_netcdfPnetcdf_check_dim,0,0,0,0,0,0,0,0,0,0,0
function@_QMmod_netcdfPnetcdf_check_var,0,0,0,0,0,0,0,0,0,0,0
function@_QMmod_netcdfPnetcdf_inq_var,0,0,0,0,0,0,0,0,0,0,0
function@_QMmod_netcdfPnetcdf_inq_varid,0,0,0,0,0,0,0,0,0,0,0
function@_QMmod_netcdfPnetcdf_get_fatt,0,0,0,0,0,0,0,0,0,0,0
function@_QMmod_netcdfPnetcdf_get_fvar_0d,0,0,0,0,0,0,0,0,0,0,0
function@_QMmod_netcdfPnetcdf_get_fvar_1d,0,0,0,0,0,0,0,0,0,0,0
function@_QMmod_netcdfPnetcdf_get_fvar_2d,0,0,0,0,0,0,0,0,0,0,0
function@_QMmod_netcdfPnetcdf_get_fvar_3d,0,0,0,0,0,0,0,0,0,0,0
function@_QMmod_netcdfPnetcdf_get_fvar_4d,0,0,0,0,0,0,0,0,0,0,0
function@_QMmod_netcdfPnetcdf_get_ivar_0d,0,0,0,0,0,0,0,0,0,0,0
function@_QMmod_netcdfPnetcdf_get_ivar_1d,0,0,0,0,0,0,0,0,0,0,0
function@_QMmod_netcdfPnetcdf_get_ivar_2d,0,0,0,0,0,0,0,0,0,0,0
function@_QMmod_netcdfPnetcdf_get_svar_0d,0,0,0,0,0,0,0,0,0,0,0
function@_QMmod_netcdfPnetcdf_get_svar_1d,0,0,0,0,0,0,0,0,0,0,0
function@_QMmod_netcdfPnetcdf_put_fvar_0d,0,0,0,0,0,0,0,0,0,0,0
function@_QMmod_netcdfPnetcdf_put_fvar_1d,0,0,0,0,0,0,0,0,0,0,0
function@_QMmod_netcdfPnetcdf_put_fvar_2d,0,0,0,0,0,0,0,0,0,0,0
function@_QMmod_netcdfPnetcdf_put_fvar_3d,0,0,0,0,0,0,0,0,0,0,0
function@_QMmod_netcdfPnetcdf_put_fvar_4d,0,0,0,0,0,0,0,0,0,0,0
function@_QMmod_netcdfPnetcdf_put_ivar_0d,0,0,0,0,0,0,0,0,0,0,0
function@_QMmod_netcdfPnetcdf_put_ivar_1d,0,0,0,0,0,0,0,0,0,0,0
function@_QMmod_netcdfPnetcdf_put_ivar_2d,0,0,0,0,0,0,0,0,0,0,0
function@_QMmod_netcdfPnetcdf_put_lvar_0d,0,0,0,0,0,0,0,0,0,0,0
function@_QMmod_netcdfPnetcdf_put_lvar_1d,0,0,0,0,0,0,0,0,0,0,0
function@_QMmod_netcdfPnetcdf_put_lvar_2d,0,0,0,0,0,0,0,0,0,0,0
function@_QMmod_netcdfPnetcdf_put_svar_0d,0,0,0,0,0,0,0,0,0,0,0
function@_QMmod_netcdfPnetcdf_put_svar_1d,0,0,0,0,0,0,0,0,0,0,0
function@_QMmod_netcdfPnetcdf_close,0,0,0,0,0,0,0,0,0,0,0
function@_QMmod_netcdfPnetcdf_create,0,0,0,0,0,0,0,0,0,0,0
function@_QMmod_netcdfPnetcdf_enddef,0,0,0,0,0,0,0,0,0,0,0
function@_QMmod_netcdfPnetcdf_open,0,0,0,0,0,0,0,0,0,0,0
function@_QMmod_netcdfPnetcdf_openid,0,0,0,0,0,0,0,0,0,0,0
function@_QMmod_netcdfPnetcdf_redef,0,0,0,0,0,0,0,0,0,0,0
function@_QMmod_netcdfPnetcdf_sync,0,0,0,0,0,0,0,0,0,0,0
function@nf90_get_var_,0,0,0,0,0,0,0,0,0,0,0
function@nf90_put_var_,0,0,0,0,0,0,0,0,0,0,0
function@nf90_def_var_,0,0,0,0,0,0,0,0,0,0,0
function@nf90_put_att_,0,0,0,0,0,0,0,0,0,0,0
function@nf90_get_dim_,0,0,0,0,0,0,0,0,0,0,0
function@nf90_def_dim_,0,0,0,0,0,0,0,0,0,0,0
function@nf90_strerror_,0,0,0,0,0,0,0,0,0,0,0
function@_QMlmd_skpp_modPlmd_skpp,374,0,0,374,0,11,374,0,374,0,11
function@_QMlmd_skpp_modPlmd_skpp_tile,4207,1259,0,1753,1099,297,1.93469e+06,572908,218142,314971,161896
function@get_grid_,0,0,0,0,0,0,0,0,0,0,0
function@wrt_gst_,0,0,0,0,0,0,0,0,0,0,0
function@_QMnf_fread4d_modPnf_fread4d,190,61,0,93,70,18,234886,60549.1,5158.84,82873.1,51791
function@grid_coords_,0,0,0,0,0,0,0,0,0,0,0
function@wclock_on_,0,0,0,0,0,2,0,0,0,0,12.5238
function@wclock_off_,2,0,0,0,2,1,1.09524,0,0,1.09524,0.714286
function@rep_matrix_,0,0,0,0,0,0,0,0,0,0,0
function@mod_arrays_,2,1,0,2,1,3,1.33333,21.25,21.9167,0.666667,43.1667
function@def_error_,0,0,0,0,0,0,0,0,0,0,0
function@def_norm_,0,0,0,0,0,0,0,0,0,0,0
function@def_gst_,0,0,0,0,0,0,0,0,0,0,0
function@_QMinterpolate_modPlinterp2d,17,14,0,19,11,6,1081.19,2067.56,884.188,58.5625,1419.75
function@_QMinterpolate_modPcinterp2d,273,40,0,28,93,8,52920.7,7287.44,2893.75,16390.8,1200
function@_QMinterpolate_modPhindices,125,36,0,39,50,22,14019.5,12155.2,2017.82,1056.47,10966.6
function@_QMinterpolate_modPtry_range,355,117,0,140,112,30,727.028,428.722,160.172,152.89,193.899
function@_QMinterpolate_modPinside,29,15,0,7,18,13,260.86,157.977,8.96512,104.605,310.221
function@_QMbc_3d_modPbc_r3d_tile,200,82,0,92,61,25,2650.84,1368.57,82.1481,480.136,882.531
function@_QMbc_3d_modPbc_u3d_tile,115,46,0,73,45,23,2172.95,1185.64,87.0124,470.951,839.099
function@_QMbc_3d_modPbc_v3d_tile,116,51,0,64,41,28,327.568,1008.72,136.963,44.7407,1061.38
function@_QMbc_3d_modPbc_w3d_tile,200,82,0,92,61,25,2650.84,1368.57,82.1481,480.136,882.531
function@stats_modobs_,0,0,0,0,0,0,0,0,0,0,0
function@wrt_hessian_,0,0,0,0,0,0,0,0,0,0,0
function@wrt_his_,786,138,0,490,91,66,47.2727,61.6395,24.7001,3.13962,25.0134
function@_QMmod_couplingPallocate_coupling,106,26,0,24,31,11,105.5,26,20,28,11
function@_QMmod_couplingPinitialize_coupling,23,5,0,14,11,14,2299.05,422.8,457.475,617.725,1846.98
function@_QMnf_fwrite2d_bry_modPnf_fwrite2d_bry,214,64,0,79,82,23,47964.7,18013.2,9739.72,14682.1,11104
function@_QMwhite_noise_modPwhite_noise1d,175,56,0,49,81,42,104.091,105.09,41.7752,45.6352,95.7964
function@_QMwhite_noise_modPwhite_noise2d,226,68,0,74,99,47,4204.69,1362.33,823.159,833.971,1752.41
function@_QMwhite_noise_modPwhite_noise2d_bry,210,56,0,57,92,50,131.118,111.765,40.6433,45.079,119.131
function@_QMwhite_noise_modPwhite_noise3d,316,121,0,143,146,46,47242.9,33852.6,12138.4,12530.4,26728.2
function@_QMwhite_noise_modPwhite_noise3d_bry,338,98,0,121,132,42,5229.5,1584.76,1501.95,1178.72,990.605
function@get_ngfld_,108,75,0,64,61,45,88.2082,81.936,64.9708,29.2797,78.6285
function@regrid_,60,96,0,35,54,22,2789.37,1066.03,1078.08,802.047,182.586
function@_QMv3dbc_modPv3dbc,34,0,0,29,0,1,34,0,29,0,1
function@_QMv3dbc_modPv3dbc_tile,61,27,0,36,23,24,940.494,1442.83,48.8642,28.1358,1241.98
function@_QMstate_dotprod_modPstate_dotprod,428,134,0,247,144,38,1.79178e+06,843759,219693,226058,455197
function@my_abort_,0,0,0,0,0,0,0,0,0,0,0
function@get_bounds_,0,0,0,0,0,0,0,0,0,0,0
function@get_domain_,0,0,0,0,0,1,0,0,0,0,0.0705882
function@get_iobounds_,0,0,0,0,0,1,0,0,0,0,1
function@get_tile_,3,2,0,2,0,6,1.92,1.64,1.64,0,3.2
function@tile_bounds_1d_,0,0,0,0,0,3,0,0,0,0,1.25
function@tile_bounds_2d_,2,5,0,2,0,7,2,5,2,0,6
function@var_bounds_,0,0,0,0,0,0,0,0,0,0,0
function@_QMset_massflux_modPset_massflux,136,0,0,136,0,4,136,0,136,0,4
function@_QMset_massflux_modPset_massflux_tile,163,81,0,124,70,35,168968,137088,18426.6,26893,56883.3
function@_QMzetabc_modPzetabc,27,0,0,22,0,1,27,0,22,0,1
function@_QMzetabc_modPzetabc_tile,37,30,0,29,17,18,66.3725,92.1961,34.6275,27.1961,24.7255
function@_QMbc_2d_modPbc_r2d_tile,112,76,0,51,58,26,53.0905,74.7457,27.3007,17.8704,46.7677
function@_QMbc_2d_modPbc_u2d_tile,63,32,0,29,21,19,82.9804,64.2941,22.1373,22.6667,35.4118
function@_QMbc_2d_modPbc_v2d_tile,87,35,0,35,44,27,36.9902,44.709,23.9413,16.6064,44.0391
function@_QMnf_fread2d_modPnf_fread2d,653,151,0,300,45,54,417.933,123.086,23.2196,109.356,118.835
function@def_mod_,0,0,0,0,0,0,0,0,0,0,0
function@def_ini_,0,0,0,0,0,0,0,0,0,0,0
function@_QMv2dbc_modPv2dbc,27,0,0,22,0,1,27,0,22,0,1
function@_QMv2dbc_modPv2dbc_tile,27,22,0,17,8,23,35.7451,71.5686,18.0588,10.9412,44.8824
function@_QMrhs3d_modPrhs3d,385,0,0,385,0,8,385,0,385,0,8
function@_QMrhs3d_modPrhs3d_tile,5003,1844,0,2375,1429,261,3.23201e+06,1.29832e+06,608691,412528,316055
function@def_rst_,0,0,0,0,0,1,0,0,0,0,1
function@_QMmod_paramPinitialize_param,0,0,0,0,0,0,0,0,0,0,0
function@get_ngfldr_,0,0,0,0,0,0,0,0,0,0,0
function@_QMset_2dfld_modPset_2dfld_tile,323,133,0,148,123,51,1731.01,1091.57,75.8866,370.637,804.261
function@_QMrho_eos_modPrho_eos,214,0,0,214,0,8,214,0,214,0,8
function@_QMrho_eos_modPrho_eos_tile,2738,420,0,439,840,135,4.17925e+06,291572,141799,1.22042e+06,141342
function@_QMstiffness_modPstiffness,59,0,0,54,0,1,59,0,54,0,1
function@_QMstiffness_modPstiffness_tile,237,110,0,131,77,80,112421,84970.8,2293.15,2285.37,138497
function@get_idata_,0,0,0,0,0,0,0,0,0,0,0
function@_QMprsgrd_modPprsgrd,158,0,0,158,0,6,158,0,158,0,6
function@_QMprsgrd_modPprsgrd_tile,1899,615,0,743,641,126,2.38264e+06,597586,241968,495875,245732
function@def_avg_,0,0,0,0,0,0,0,0,0,0,0
function@_QMu2dbc_modPu2dbc,27,0,0,22,0,1,27,0,22,0,1
function@_QMu2dbc_modPu2dbc_tile,37,30,0,29,17,18,66.3725,92.1961,34.6275,27.1961,24.7255
function@def_info_,17,10,0,9,5,105,21.5627,42.3516,21.1563,15.7031,300.76
function@_QMstate_scale_modPstate_scale,180,87,0,130,73,29,968117,1.04948e+06,46623.7,261028,460100
function@wrt_diags_,0,0,0,0,0,0,0,0,0,0,0
function@_QMmod_ncparamPinitialize_ncparam,724,272,0,195,245,184,4202.19,3318.09,1575.07,941.426,3421.43
function@_QMmod_scalarsPinitialize_scalars,293,55,0,62,39,57,966.118,383.314,270.725,166.412,444.98
function@obs_cost_,0,0,0,0,0,0,0,0,0,0,0
function@_QMnf_fread2d_bry_modPnf_fread2d_bry,112,56,0,59,58,27,57248.2,33684.1,10599.1,10931.4,24325.2
function@_QMstate_addition_modPstate_addition,221,112,0,174,83,30,1.34559e+06,1.83387e+06,288917,379506,460111
function@wrt_tides_,0,0,0,0,0,0,0,0,0,0,0
function@wrt_rst_,183,65,0,176,38,35,2.91519,5.15968,6.36408,0.945408,2.78611
function@_QMomega_modPomega,79,0,0,79,0,6,79,0,79,0,6
function@_QMomega_modPomega_tile,489,192,0,218,145,46,278064,118971,49229.9,34929.2,39973.5
function@_QMomega_modPscale_omega,148,58,0,92,60,17,75990.1,49536.4,3789.86,11874.6,28596.6
function@wrt_impulse_,0,0,0,0,0,0,0,0,0,0,0
function@_QMextract_sta_modPextract_sta2d,187,97,0,67,61,42,543.216,181.49,62.3432,135.961,104.127
function@_QMextract_sta_modPextract_sta3d,970,382,0,442,245,107,1260.3,392.789,375.253,268.376,136.192
function@get_gst_,0,0,0,0,0,0,0,0,0,0,0
function@checkerror_,1,0,0,1,1,1,1,0,0.380952,1,0.47619
function@output_,0,1,0,1,1,6,0,0.118321,0.194656,0.118321,4.4542
function@_QMexchange_3d_modPexchange_p3d_tile,90,66,0,69,29,15,2656.8,4205.26,792.395,340.272,922.556
function@_QMexchange_3d_modPexchange_r3d_tile,90,66,0,69,29,15,2656.8,4205.26,792.395,340.272,922.556
function@_QMexchange_3d_modPexchange_u3d_tile,90,66,0,69,29,15,2656.8,4205.26,792.395,340.272,922.556
function@_QMexchange_3d_modPexchange_v3d_tile,90,66,0,69,29,15,2656.8,4205.26,792.395,340.272,922.556
function@_QMexchange_3d_modPexchange_w3d_tile,90,66,0,69,29,15,2656.8,4205.26,792.395,340.272,922.556
function@def_floats_,0,0,0,0,0,0,0,0,0,0,0
function@get_date_,0,3,0,1,1,2,0,2.61905,1,0.47619,2
function@day_code_,66,34,0,52,44,16,306.08,63.68,312.36,26.68,39
function@caldate_,22,0,0,0,7,16,4.71554,0,0,1.36364,2.261
function@ref_att_,14,3,0,3,4,4,14,3,3,4,3
function@time_string_,0,1,0,1,0,7,0,1,1,0,7
function@_QMset_vbc_modPset_vbc,149,0,0,149,0,4,149,0,149,0,4
function@_QMset_vbc_modPset_vbc_tile,191,126,0,162,60,31,14529.3,17255.7,4956.92,3444.72,4111.73
function@_QMset_depth_modPset_depth,213,0,0,91,0,0,213,0,91,0,0
function@_QMset_depth_modPset_depth_tile,610,198,0,237,204,53,152421,44008.5,20346.9,13401.8,17741.2
function@_QMstate_product_modPstate_product,577,204,0,289,237,50,2.10746e+06,1.17603e+06,62951.6,430845,714515
function@wrt_avg_,0,0,0,0,0,0,0,0,0,0,0
function@_QMstrings_modPfind_string,0,5,0,4,1,1,0,41.2692,31.4615,0.615385,9.80769
function@_QMstrings_modPlowercase,6,1,0,3,1,4,24.4375,19.9375,21.9375,0.5,41.375
function@_QMstrings_modPuppercase,6,1,0,3,1,4,24.4375,19.9375,21.9375,0.5,41.375
function@_QMstep3d_uv_modPstep3d_uv,388,0,0,366,0,9,388,0,366,0,9
function@_QMstep3d_uv_modPstep3d_uv_tile,4605,1480,0,1581,927,341,2.91505e+06,925920,474839,400631,279888
function@ludcmp_,116,67,0,43,76,25,11892.7,14159.7,2857.52,6450.57,5273.75
function@obs_write_,0,0,0,0,0,0,0,0,0,0,0
function@_QMstate_copy_modPstate_copy,196,96,0,157,77,38,765800,1.38085e+06,37218,261132,576905
function@ran1_s_,0,0,0,0,0,1,0,0,0,0,1
function@ran1_v_,0,0,0,0,0,1,0,0,0,0,1
function@_QMmod_parallelPinitialize_parallel,0,0,0,0,0,0,0,0,0,0,0
function@main3d_,57,52,0,69,77,121,197.78,271.071,199.756,53.8033,2882.22
function@_QMbc_bry2d_modPbc_r2d_bry_tile,6,8,0,3,0,9,2.09375,3.75,3,0,5.17188
function@_QMbc_bry2d_modPbc_u2d_bry_tile,9,9,0,5,2,12,2.79688,3.98438,4.23438,0.46875,6.64062
function@_QMbc_bry2d_modPbc_v2d_bry_tile,13,9,0,5,2,12,4.42188,3.98438,4.23438,0.46875,6.64062
function@wrt_ini_,0,0,0,0,0,0,0,0,0,0,0
function@_QMmod_oceanPallocate_ocean,269,50,0,64,75,21,268,50,58,66.5,21
function@_QMmod_oceanPinitialize_ocean,222,85,0,66,35,27,1.29592e+06,793441,255403,186680,27861.8
