Comando: /home/mpvreal/Code/Faculdade/tcc/llvm/build/bin/llc --march=aarch64 --regalloc=basic -o -
Heurística: div(cost,mul(area,pow(degree,2)))
function@writeout_,168,0,0,61,0,579,44155.8,0,1022.9,0,31857.3
function@_QMplane_source_modPplane_source_init,58,0,0,14,0,104,4889.94,0,12.75,0,1975.81
function@_QMplane_source_modPplane_source_read,15,0,0,7,0,176,111.648,0,6.33594,0,1712.34
function@_QMplane_source_modPplane_source_apply,0,0,0,0,0,10,0,0,0,0,28.9375
function@_QMplane_source_modPplane_source_end,0,0,0,0,0,0,0,0,0,0,0
function@_QMcommunicate_modPcom_init_mpi,0,0,0,0,0,0,0,0,0,0,0
function@_QMcommunicate_modPcommunicate_end,0,0,0,0,0,16,0,0,0,0,8.89412
function@init_,0,0,0,0,0,324,0,0,0,0,65.2925
function@_QMmur_modPmur_init,27,0,0,3,0,192,8.4375,0,3,0,153.844
function@_QMmur_modPmur_updatee,583,0,0,80,0,173,304.357,0,34.0397,0,176.424
function@_QMmur_modPmur_storee,31,0,0,12,0,71,152.296,0,149.981,0,180.111
function@_QMmur_modPmur_end,0,0,0,0,0,72,0,0,0,0,10.3125
function@_QMmur_modPmur_set_mf_arrays,13,0,0,5,0,7,1042.15,0,16.35,0,88.1
function@_QMupdate_modPupdate_init,0,0,0,0,0,0,0,0,0,0,0
function@_QMupdate_modPupdateh,109,0,0,29,0,0,109,0,29,0,0
function@_QMupdate_modPupdateh..omp_par.4,294,2,0,139,0,1,24143.6,1.25,2266.25,0,20
function@_QMupdate_modPupdateh..omp_par.3,66,0,0,47,0,5,1729.67,0,82.8333,0,34.5
function@_QMupdate_modPupdateh..omp_par.2,16,0,0,14,0,5,42.1667,0,13.6667,0,34.5
function@_QMupdate_modPupdateh..omp_par.1,24,1,0,19,0,3,126.083,0.666667,16.3333,0,32.5
function@_QMupdate_modPupdateh..omp_par,54,0,0,43,0,3,5004.33,0,38.6667,0,35.1667
function@_QMupdate_modPupdatee,75,0,0,30,0,0,55,0,30,0,0
function@_QMupdate_modPupdatee..omp_par.7,368,0,0,162,0,44,143057,0,7898.25,0,250
function@_QMupdate_modPupdatee..omp_par.6,50,0,0,27,0,14,655.012,0,26.0429,0,34.8344
function@_QMupdate_modPupdatee..omp_par.5,62,0,0,30,0,14,296.663,0,30.7362,0,33.6932
function@_QMupdate_modPupdatee..omp_par,16,0,0,13,0,2,500.833,0,12.3333,0,21.9167
function@_QMupdate_modPupdate_inith,80,0,0,26,0,20,101.96,0,26,0,2051.4
function@_QMupdate_modPupdate_inith..omp_par.11,46,1,0,32,0,8,488.417,0.666667,45.8333,0,544.083
function@_QMupdate_modPupdate_inith..omp_par.10,4,0,0,4,0,8,2.66667,0,4,0,47.0833
function@_QMupdate_modPupdate_inith..omp_par.9,0,0,0,0,0,9,0,0,0,0,38.5
function@_QMupdate_modPupdate_inith..omp_par.8,0,0,0,0,0,9,0,0,0,0,38.5
function@_QMupdate_modPupdate_inith..omp_par,4,0,0,4,0,6,15.25,0,4,0,25.9167
function@_QMupdate_modPupdate_inite,196,0,0,27,0,58,115.996,0,27,0,1318.43
function@_QMupdate_modPupdate_inite..omp_par.14,25,0,0,17,0,9,1094.42,0,48.8333,0,379.333
function@_QMupdate_modPupdate_inite..omp_par.13,0,0,0,0,0,11,0,0,0,0,41
function@_QMupdate_modPupdate_inite..omp_par.12,0,0,0,0,0,11,0,0,0,0,41
function@_QMupdate_modPupdate_inite..omp_par,0,0,0,0,0,11,0,0,0,0,41
function@_QMupml_modPupml_allocate,8,0,0,1,0,368,8,0,1,0,315.059
function@_QMupml_modPcheck_allocate,0,0,0,0,0,22,0,0,0,0,2
function@_QMupml_modPupml_set_eps_arrays,24,0,0,11,0,123,1810.25,0,93.0938,0,377.875
function@_QMupml_modPupml_init,1788,0,0,456,0,274,2253.55,0,203.817,0,1007.28
function@_QMupml_modPupml_initb,0,0,0,0,0,5,0,0,0,0,5
function@_QMupml_modPupml_initb..omp_par,382,0,0,67,0,31,1.96907e+06,0,60363.1,0,1422.33
function@_QMupml_modPupml_inith,13,0,0,11,0,0,13,0,11,0,0
function@_QMupml_modPupml_inith..omp_par,294,4,0,94,0,45,29705.2,2.66667,436.667,0,2266.92
function@_QMupml_modPupml_updateh,33,0,0,28,0,0,33,0,28,0,0
function@_QMupml_modPupml_updateh..omp_par,3111,0,0,415,0,31,1.79055e+07,0,212258,0,209.833
function@_QMupml_modPupml_updatee,0,0,0,0,0,0,0,0,0,0,0
function@_QMupml_modPupml_updatee_homo,35,0,0,28,0,0,35,0,28,0,0
function@_QMupml_modPupml_updatee_homo..omp_par,4875,2,0,788,0,71,1.71186e+07,1.33333,212852,0,18957.2
function@_QMupml_modPupml_updatee_simple,35,0,0,28,0,0,35,0,28,0,0
function@_QMupml_modPupml_updatee_simple..omp_par,5354,2,0,830,0,65,1.96216e+07,1.33333,189950,0,3553.58
function@_QMupml_modPupml_initd,0,0,0,0,0,5,0,0,0,0,5
function@_QMupml_modPupml_initd..omp_par,626,0,0,73,0,81,2.27532e+06,0,42047.7,0,1589.92
function@_QMupml_modPupml_inite,11,0,0,10,0,0,11,0,10,0,0
function@_QMupml_modPupml_inite..omp_par,426,2,0,116,0,100,51971.9,1.33333,342,0,2756
function@_QMupml_modPupml_end,0,0,0,0,0,450,0,0,0,0,241.667
function@_QMupml_modPcheck_deallocate,0,0,0,0,0,9,0,0,0,0,6.33333
function@_QMreadline_modPreadline,14,0,0,8,0,55,15.7772,0,8.68478,0,168.223
function@_QMreadline_modPcheckifkeyword,0,0,0,0,0,8,0,0,0,0,33.7308
function@mpi_barrier_,0,0,0,0,0,6,0,0,0,0,6
function@mpi_bcast_,0,0,0,0,0,13,0,0,0,0,13
function@mpi_bcast_integers_,0,0,0,0,0,13,0,0,0,0,13
function@mpi_bcast_reals_,0,0,0,0,0,13,0,0,0,0,13
function@mpi_bcast_logical_,0,0,0,0,0,13,0,0,0,0,13
function@mpi_cart_rank_,0,0,0,0,0,9,0,0,0,0,9
function@mpi_cart_create_,0,0,0,0,0,15,0,0,0,0,15
function@mpi_cart_coords_,0,0,0,0,0,11,0,0,0,0,11
function@mpi_cart_shift_,0,0,0,0,0,14,0,0,0,0,14
function@mpi_comm_rank_,0,0,0,0,0,7,0,0,0,0,7
function@mpi_comm_size_,0,0,0,0,0,7,0,0,0,0,7
function@mpi_finalize_,0,0,0,0,0,0,0,0,0,0,0
function@mpi_init_,0,0,0,0,0,0,0,0,0,0,0
function@mpi_recv_,0,0,0,0,0,14,0,0,0,0,14
function@mpi_ssend_,0,0,0,0,0,15,0,0,0,0,15
function@mpi_bsend_,0,0,0,0,0,15,0,0,0,0,15
function@mpi_sendrecv_,4,0,0,4,0,26,4,0,4,0,26
function@mpi_wait_,0,0,0,0,0,7,0,0,0,0,7
function@mpi_isend_,0,0,0,0,0,16,0,0,0,0,16
function@mpi_wtick_,0,0,0,0,0,0,0,0,0,0,0
function@mpi_wtime_,0,0,0,0,0,0,0,0,0,0,0
function@mpi_buffer_attach_,0,0,0,0,0,7,0,0,0,0,7
function@mpi_buffer_detach_,0,0,0,0,0,7,0,0,0,0,7
function@mpi_pack_size_,0,0,0,0,0,10,0,0,0,0,10
function@mpi_gather_,0,0,0,0,0,16,0,0,0,0,16
function@mpi_type_struct_,0,0,0,0,0,16,0,0,0,0,16
function@mpi_type_commit_,0,0,0,0,0,5,0,0,0,0,5
function@mpi_type_extent_,0,0,0,0,0,6,0,0,0,0,6
function@mpi_type_free_,0,0,0,0,0,5,0,0,0,0,5
function@mpi_type_vector_,0,0,0,0,0,14,0,0,0,0,14
function@mpi_type_hvector_,0,0,0,0,0,14,0,0,0,0,14
function@mpi_irecv_,0,0,0,0,0,14,0,0,0,0,14
function@mpi_waitall_,0,0,0,0,0,9,0,0,0,0,9
function@mpi_sendrecv_replace_,4,0,0,4,0,26,4,0,4,0,26
function@mpi_bsend_init_,0,0,0,0,0,15,0,0,0,0,15
function@mpi_recv_init_,0,0,0,0,0,15,0,0,0,0,15
function@mpi_dims_create_,0,0,0,0,0,9,0,0,0,0,9
function@mpi_start_,0,0,0,0,0,6,0,0,0,0,6
function@mpi_allreduce_,0,0,0,0,0,0,0,0,0,0,0
function@mpi_abort_,0,0,0,0,0,0,0,0,0,0,0
function@mpi_reduce_,0,0,0,0,0,0,0,0,0,0,0
function@_QMhuygens_modPhuygens_init,0,0,0,0,0,0,0,0,0,0,0
function@_QMhuygens_modPhuygensh,656,0,0,130,0,467,838.857,0,90.1429,0,1078.88
function@_QMhuygens_modPhuygense,740,0,0,156,0,608,789.464,0,111.411,0,1434.46
function@_QMhuygens_modPuin,275,0,0,41,0,138,1132.82,0,19.6111,0,340.393
function@_QMmaterial_modPmat_init,571,0,0,191,0,427,1.37835e+06,0,166112,0,2.68781e+06
function@_QMmaterial_modPmat_updatee,75,0,0,30,0,0,54,0,30,0,0
function@_QMmaterial_modPmat_updatee..omp_par.3,198,0,0,87,0,3,949980,0,29620.9,0,268.583
function@_QMmaterial_modPmat_updatee..omp_par.2,39,0,0,26,0,0,5396.83,0,932.5,0,0
function@_QMmaterial_modPmat_updatee..omp_par.1,42,0,0,24,0,5,7913.17,0,59.0833,0,37.1667
function@_QMmaterial_modPmat_updatee..omp_par,42,0,0,24,0,1,8768.75,0,91.5833,0,13.25
function@calcflops_,0,0,0,0,0,0,0,0,0,0,0
function@_QMpower_modPpower_init,10,0,0,4,0,145,10,0,4,0,112.25
function@_QMpower_modPpower_init..omp_par,3,0,0,1,0,4,3,0,1,0,23.9167
function@_QMpower_modPpower_stop,0,0,0,0,0,10,0,0,0,0,455.833
function@_QMpower_modPpower_dft,6,0,0,6,0,12,41.6852,0,5.25926,0,33.7963
function@_QMpower_modPpower_dft..omp_par.1,86,1,0,21,0,4,4178.5,0.666667,85.3333,0,28.5
function@_QMpower_modPpower_dft..omp_par,23,0,0,7,0,4,407.75,0,67.4167,0,85
function@_QMpower_modPpower_print,4,0,0,1,0,63,16.875,0,0.375,0,35.2617
function@_QMpower_modPpower_intere,0,0,0,0,0,26,0,0,0,0,4
function@_QMpower_modPpower_interh,0,0,0,0,0,26,0,0,0,0,4
function@_QMpower_modPread_power,130,0,0,20,0,237,14057.1,0,39.6932,0,5825.48
function@_QMpower_modPpower_updateh,44,0,0,22,0,20,19.95,0,19.6,0,45.3
function@timer_,0,0,0,0,0,11,0,0,0,0,7.57143
function@leapfrog_,162,0,0,37,0,77,2001.67,0,49.25,0,1516.64
function@_QMpec_modPpec_read,2,0,0,2,0,117,0.738281,0,0.738281,0,286.062
function@_QMpec_modPpec_init,225,0,0,102,0,356,26156,0,8533.32,0,89507.1
function@_QMpec_modPpec_apply,0,0,0,0,0,3,0,0,0,0,3
function@_QMpec_modPpec_end,0,0,0,0,0,9,0,0,0,0,3.6
function@_QQmain,20,0,0,20,0,192,12.5,0,12.5,0,121.484
