Comando: /home/mpvreal/Code/Faculdade/tcc/llvm/build/bin/llc --march=aarch64 --regalloc=greedy -o -
Heurística: original
function@flux_,41,0,0,23,0,20,41,0,23,0,20
function@flux_..omp_par.4,108,0,0,77,0,29,429416,0,18087.8,0,97578.5
function@flux_..omp_par.3,25,0,0,24,0,19,2805.83,0,136,0,5563.83
function@flux_..omp_par.2,4,0,0,4,0,7,40.75,0,4,0,51.4167
function@flux_..omp_par.1,425,0,0,109,0,14,8069.02,0,5090,0,350.625
function@flux_..omp_par,4,0,0,4,0,7,40.75,0,4,0,51.4167
function@_QQmain,0,0,0,0,0,146,0,0,0,0,142
function@jacobian_,5,0,0,5,0,5,5,0,5,0,5
function@jacobian_..omp_par,42,0,0,40,0,9,39829.1,0,35133.9,0,26402.5
function@fill1_,0,0,0,0,0,8,0,0,0,0,8
function@fill1_..omp_par.1,0,0,0,0,0,8,0,0,0,0,27.9167
function@fill1_..omp_par,0,0,0,0,0,11,0,0,0,0,1307.67
function@shell_,103,0,0,44,0,94,1410.95,0,79.9048,0,16358
function@shell_..omp_par.8,0,0,0,0,0,11,0,0,0,0,987.667
function@shell_..omp_par.7,95,0,0,82,0,32,1.54269e+06,0,68252.1,0,213358
function@shell_..omp_par.6,86,0,0,82,0,15,176376,0,136045,0,332826
function@shell_..omp_par.5,3,0,0,3,0,16,1.75,0,3,0,831.562
function@shell_..omp_par.4,22,0,0,21,0,28,552.312,0,21.875,0,729.062
function@shell_..omp_par.3,6,0,0,6,0,9,5,0,6,0,985.333
function@shell_..omp_par.2,1,0,0,1,0,10,0.666667,0,1,0,881.083
function@shell_..omp_par.1,0,0,0,0,0,9,0,0,0,0,294.5
function@shell_..omp_par,3,0,0,3,0,7,3,0,3,0,8984.75
function@.omp.reduction.func,0,0,0,0,0,0,0,0,0,0,0
function@bi_cgstab_block_,51,0,0,20,0,53,588.75,0,20,0,396.562
function@bi_cgstab_block_..omp_par.12,0,0,0,0,0,17,0,0,0,0,16680.8
function@bi_cgstab_block_..omp_par.11,30,0,0,25,0,13,15443.9,0,1847.67,0,7205.08
function@bi_cgstab_block_..omp_par.10,1,0,0,1,0,19,0.5,0,1,0,24930.7
function@bi_cgstab_block_..omp_par.9,10,0,0,10,0,16,144.25,0,28.25,0,14044.8
function@bi_cgstab_block_..omp_par.8,0,0,0,0,0,19,0,0,0,0,24930.7
function@bi_cgstab_block_..omp_par.7,21,0,0,20,0,15,7764.67,0,89,0,6684.17
function@bi_cgstab_block_..omp_par.6,0,0,0,0,0,19,0,0,0,0,24930.7
function@bi_cgstab_block_..omp_par.5,1,0,0,1,0,21,0.5,0,1,0,33180.6
function@bi_cgstab_block_..omp_par,40,0,0,36,0,17,5419.42,0,2318.67,0,8271.42
function@mat_times_vec_,5,0,0,5,0,3,5,0,5,0,3
function@mat_times_vec_..omp_par,70,0,0,63,0,13,69325.5,0,14940,0,245338
function@.omp.reduction.func,0,0,0,0,0,0,0,0,0,0,0
function@.omp.reduction.func.1,0,0,0,0,0,0,0,0,0,0,0
function@.omp.reduction.func.2,0,0,0,0,0,0,0,0,0,0,0
function@.omp.reduction.func.3,0,0,0,0,0,0,0,0,0,0,0
function@.omp.reduction.func.4,0,0,0,0,0,0,0,0,0,0,0
function@fill2_,0,0,0,0,0,7,0,0,0,0,7
function@fill2_..omp_par.1,0,0,0,0,0,9,0,0,0,0,41.1667
function@fill2_..omp_par,0,0,0,0,0,9,0,0,0,0,41.1667
