Comando: /home/mpvreal/Code/Faculdade/tcc/llvm/build/bin/llc --march=aarch64 --regalloc=basic -o -
Heurística: original
function@flux_,72,0,0,18,0,20,72,0,18,0,20
function@flux_..omp_par.4,155,0,0,74,0,4,447651,0,9099.08,0,8801.83
function@flux_..omp_par.3,43,1,0,20,0,4,9129,0.666667,137.583,0,461.75
function@flux_..omp_par.2,9,0,0,5,0,4,53.0833,0,5,0,48.4167
function@flux_..omp_par.1,277,3,0,108,0,5,24236.9,1.875,5448.75,0,464.375
function@flux_..omp_par,9,0,0,5,0,4,53.0833,0,5,0,48.4167
function@_QQmain,0,0,0,0,0,146,0,0,0,0,142
function@jacobian_,5,0,0,5,0,7,5,0,5,0,7
function@jacobian_..omp_par,57,0,0,33,0,6,183026,0,43182.2,0,1248.25
function@fill1_,0,0,0,0,0,8,0,0,0,0,8
function@fill1_..omp_par.1,0,0,0,0,0,8,0,0,0,0,27.9167
function@fill1_..omp_par,0,0,0,0,0,11,0,0,0,0,1307.67
function@shell_,180,0,0,42,0,74,2226.57,0,59,0,15980.7
function@shell_..omp_par.8,0,0,0,0,0,11,0,0,0,0,987.667
function@shell_..omp_par.7,170,0,0,80,0,2,9.70372e+06,0,315731,0,2
function@shell_..omp_par.6,134,0,0,98,0,6,321592,0,140044,0,298668
function@shell_..omp_par.5,9,0,0,3,0,9,7.125,0,3,0,825.062
function@shell_..omp_par.4,46,0,0,23,0,25,6635.62,0,642.188,0,679.062
function@shell_..omp_par.3,8,0,0,6,0,6,39.5,0,6,0,982.333
function@shell_..omp_par.2,3,0,0,1,0,6,3,0,1,0,877.083
function@shell_..omp_par.1,0,0,0,0,0,9,0,0,0,0,294.5
function@shell_..omp_par,5,0,0,3,0,4,37.5,0,3,0,8981.75
function@.omp.reduction.func,0,0,0,0,0,0,0,0,0,0,0
function@bi_cgstab_block_,96,0,0,15,0,36,1022.12,0,15,0,260.062
function@bi_cgstab_block_..omp_par.12,0,0,0,0,0,17,0,0,0,0,16680.8
function@bi_cgstab_block_..omp_par.11,37,1,0,22,0,13,20889.2,0.666667,968.667,0,16534.4
function@bi_cgstab_block_..omp_par.10,6,0,0,1,0,12,5.5,0,1,0,24924.2
function@bi_cgstab_block_..omp_par.9,19,1,0,12,0,11,1964.25,0.666667,521.5,0,13774.6
function@bi_cgstab_block_..omp_par.8,0,0,0,0,0,19,0,0,0,0,24930.7
function@bi_cgstab_block_..omp_par.7,33,1,0,22,0,13,9358.5,0.666667,529.167,0,15374.4
function@bi_cgstab_block_..omp_par.6,0,0,0,0,0,19,0,0,0,0,24930.7
function@bi_cgstab_block_..omp_par.5,6,0,0,1,0,14,5.5,0,1,0,33174.1
function@bi_cgstab_block_..omp_par,58,0,0,36,0,16,11386.8,0,2158.67,0,16974.9
function@mat_times_vec_,6,0,0,5,0,4,6,0,5,0,4
function@mat_times_vec_..omp_par,115,0,0,63,0,12,137602,0,14940,0,424534
function@.omp.reduction.func,0,0,0,0,0,0,0,0,0,0,0
function@.omp.reduction.func.1,0,0,0,0,0,0,0,0,0,0,0
function@.omp.reduction.func.2,0,0,0,0,0,0,0,0,0,0,0
function@.omp.reduction.func.3,0,0,0,0,0,0,0,0,0,0,0
function@.omp.reduction.func.4,0,0,0,0,0,0,0,0,0,0,0
function@fill2_,0,0,0,0,0,7,0,0,0,0,7
function@fill2_..omp_par.1,0,0,0,0,0,9,0,0,0,0,41.1667
function@fill2_..omp_par,0,0,0,0,0,9,0,0,0,0,41.1667
