Comando: /home/mpvreal/Code/Faculdade/tcc/llvm/build/bin/llc --march=x86-64 --regalloc=greedy -o -
Heurística: div(cost,mul(area,pow(degree,2)))
function@set_data_,0,0,0,0,0,8,0,0,0,0,8
function@set_data_tile_,0,0,0,0,0,34,0,0,0,0,34
function@get_3dfld_,98,11,0,33,9,186,37.7182,2.01921,11.9008,4.15143,213.564
function@close_io_,0,0,0,0,0,35,0,0,0,0,10.3929
function@_QMdiag_modPdiag,7,0,0,7,0,10,7,0,7,0,10
function@_QMdiag_modPdiag_tile,213,80,0,118,16,127,35948.3,15947.1,673.297,19.8681,20671
function@_QMmod_mixingPallocate_mixing,60,0,0,22,0,34,60,0,22,0,33
function@_QMmod_mixingPinitialize_mixing,54,17,0,20,0,63,187488,4424.64,2934.24,0,648324
function@_QMset_zeta_modPset_zeta,1,0,0,1,0,8,1,0,1,0,8
function@_QMset_zeta_modPset_zeta_tile,43,5,0,25,1,32,98.9706,23.4853,22.6765,3.13235,684.647
function@_QMdef_var_modPdef_var,95,0,0,8,0,628,7.56245,0,6.12448,0,209.955
function@_QMnf_fread3d_bry_modPnf_fread3d_bry,34,29,0,36,0,25,6093.32,8234.77,496.725,0,24410.3
function@_QMnrutilParray_copy_r,0,0,0,0,0,4,0,0,0,0,1.68
function@_QMnrutilParray_copy_d,0,0,0,0,0,4,0,0,0,0,1.68
function@_QMnrutilParray_copy_i,0,0,0,0,0,4,0,0,0,0,1.68
function@_QMnrutilParth_r,5,0,0,4,0,15,25.049,0,5.45098,0,55.3628
function@_QMnrutilParth_d,5,0,0,4,0,15,25.049,0,5.45098,0,55.3628
function@_QMnrutilParth_i,4,0,0,4,0,13,20.0392,0,5.45098,0,48.7941
function@_QMnrutilPnrerror,0,0,0,0,0,8,0,0,0,0,8
function@_QMnrutilPreallocate_rv,3,0,0,3,0,17,1.64062,0,1.875,0,8.00781
function@_QMnrutilPreallocate_iv,3,0,0,3,0,18,1.64062,0,1.875,0,8.63281
function@_QMnrutilPreallocate_hv,2,3,0,3,0,34,1.25,0.50354,1.875,0,10.4021
function@_QMnrutilPreallocate_rm,17,4,0,10,0,25,25.7324,1.50391,6.625,0,74.5
function@_QMnrutilPreallocate_im,17,4,0,10,0,25,25.7324,1.50391,6.625,0,74.5
function@_QMlmd_vmix_modPlmd_vmix,11,1,0,12,0,16,11,1,12,0,16
function@_QMlmd_vmix_modPlmd_vmix_tile,373,152,0,199,10,247,182558,67034.7,8182.21,279.031,177765
function@_QMlmd_vmix_modPlmd_finish,5,0,0,5,0,4,5,0,5,0,4
function@_QMlmd_vmix_modPlmd_finish_tile,43,15,0,36,3,23,2403.62,5301.45,673.708,0.630769,48699.6
function@_QMnf_fwrite3d_bry_modPnf_fwrite3d_bry,67,40,0,41,4,34,20811.1,25581.1,2090.24,1970.71,75566.5
function@my_wtime_,0,0,0,0,0,0,0,0,0,0,0
function@lmd_swfrac_tile_,39,17,0,43,1,38,3898.85,1512.75,2786.6,0.4,3261.45
function@_QMstate_initialize_modPstate_initialize,40,36,0,31,0,39,14257.4,14679.1,208,0,237972
function@get_cycle_,24,1,0,10,2,55,16.1114,5.25666,13.6005,2,68.9177
function@wrt_info_,311,74,0,6,0,629,2.96533,2,4.5,0,15.9653
function@_QMt3dmix_modPt3dmix2,8,0,0,8,0,12,8,0,8,0,12
function@_QMt3dmix_modPt3dmix2_tile,371,217,0,212,10,263,5.30606e+06,2.89197e+06,214231,13169.5,5.02739e+06
function@_QMini_fields_modPini_fields,13,0,0,13,0,10,13,0,13,0,10
function@_QMini_fields_modPini_fields_tile,275,122,0,142,16,177,15169.3,20820.3,865.768,447.982,101110
function@_QMini_fields_modPini_zeta,2,0,0,2,0,9,2,0,2,0,9
function@_QMini_fields_modPini_zeta_tile,42,10,0,19,3,42,73.7156,26.3211,22.3028,1.00917,827.037
function@set_scoord_,49,12,0,37,0,77,168.635,41.3176,99.0235,0,329.118
function@_QMset_3dfld_modPset_3dfld_tile,106,50,0,66,11,101,689.385,595.746,70.0516,1.05498,8252.42
function@initial_,4,0,0,4,0,80,31.7903,0,31.7903,0,4490.97
function@lubksb_,0,0,0,0,0,9,0,0,0,0,64.5
function@_QMran_statePran_init,0,0,0,0,0,3,0,0,0,0,3
function@_QMran_statePran_seed,0,0,0,0,0,3,0,0,0,0,3
function@_QMmod_gridPallocate_grid,215,1,0,44,0,110,215,1,44,0,109
function@_QMmod_gridPinitialize_grid,10,5,0,8,0,110,683.12,151.2,160.52,0,79733.2
function@_QMpre_step3d_modPpre_step3d,60,0,0,60,0,14,60,0,60,0,14
function@_QMpre_step3d_modPpre_step3d_tile,1330,663,0,649,49,717,2.62272e+06,3.69189e+06,180909,24607.8,4.33554e+06
function@checkdefs_,1,0,0,1,0,372,1,0,1,0,221.281
function@_QQmain,0,0,0,0,0,0,0,0,0,0,0
function@checkvars_,33,2,0,10,0,309,121.346,105,17.6675,0,929.314
function@get_2dfld_,94,14,0,33,8,218,33.4874,2.41274,15.3352,2.97495,199.988
function@_QMnf_fread3d_modPnf_fread3d,33,16,0,25,2,38,115.157,74.0349,13.593,0.0465116,878.046
function@gasdev_s_,2,1,0,3,0,5,1,0.5,1.5,0,65
function@gasdev_v_,59,4,0,27,0,54,320.945,23.4839,112.75,0,233.078
function@def_dim_,0,0,0,0,0,22,0,0,0,0,10.5312
function@inp_par_,10,3,0,13,0,146,19.2951,24.1721,43.4672,0,658.492
function@read_phypar_,106,7,0,14,1,2235,17.3544,3.68815,7.31423,8.36586e-19,711.845
function@decode_line_,34,10,0,14,4,72,18.1401,8.19108,8.1465,1.28662,59.7134
function@load_i1_,0,0,0,0,0,0,0,0,0,0,0
function@load_l1_,0,0,0,0,0,2,0,0,0,0,2
function@load_r1_,0,0,0,0,0,0,0,0,0,0,0
function@load_i_,0,0,0,0,0,15,0,0,0,0,3.12745
function@load_l_,7,1,0,6,1,18,31.6667,10.1429,2.2381,10.1429,76.9286
function@load_r_,0,0,0,0,0,16,0,0,0,0,2.73529
function@get_varcoords_,48,3,0,15,1,61,7.07275,0.679688,8.69141,0.0195312,27.8213
function@_QMexchange_2d_modPexchange_p2d_tile,1,4,0,2,0,16,1,0.941177,2,0,30.2549
function@_QMexchange_2d_modPexchange_r2d_tile,1,4,0,2,0,16,1,0.941177,2,0,30.2549
function@_QMexchange_2d_modPexchange_u2d_tile,1,4,0,2,0,16,1,0.941177,2,0,30.2549
function@_QMexchange_2d_modPexchange_v2d_tile,1,4,0,2,0,16,1,0.941177,2,0,30.2549
function@_QMshapiro_modPshapiro2d_tile,63,32,0,41,0,62,151.341,124.407,43.8242,0,1499.32
function@_QMshapiro_modPshapiro3d_tile,70,50,0,42,2,61,4459.17,3929.25,499.75,21.9167,31066.7
function@set_ngfld_,28,9,0,17,0,53,12.4471,12.8824,11.0706,0,406.012
function@_QMuv3dmix_modPuv3dmix2,7,0,0,7,0,12,7,0,7,0,12
function@_QMuv3dmix_modPuv3dmix2_tile,330,141,0,269,4,145,607510,290121,24656.1,293,263039
function@_QMocean_control_modProms_initialize,0,0,0,0,0,9,0,0,0,0,38.9355
function@_QMocean_control_modProms_run,0,0,0,0,0,1,0,0,0,0,8.125
function@_QMocean_control_modProms_finalize,0,0,0,0,0,5,0,0,0,0,60.9375
function@_QMstep2d_modPstep2d,42,0,0,42,0,14,42,0,42,0,14
function@_QMstep2d_modPstep2d_tile,1866,1023,0,1062,52,1032,24644.2,15411.1,1595.7,104.081,23256.9
function@_QMmod_forcesPallocate_forces,78,0,0,22,0,40,78,0,22,0,39
function@_QMmod_forcesPinitialize_forces,5,1,0,5,2,47,230.275,0.3,219.525,0.475,55304.8
function@_QMnf_fwrite2d_modPnf_fwrite2d,26,9,0,17,1,22,21.4583,14.9583,8.80556,0.111111,83.4583
function@_QMu3dbc_modPu3dbc,5,0,0,5,0,2,5,0,5,0,2
function@_QMu3dbc_modPu3dbc_tile,15,10,0,14,2,16,33.716,25.8025,13.4074,0.197531,428.691
function@def_his_,93,23,0,35,3,632,45.625,9.84376,2.71096,0.292969,171.946
function@_QMmetrics_modPmetrics,3,0,0,3,0,8,3,0,3,0,8
function@_QMmetrics_modPmetrics_tile,945,242,0,400,280,441,18537,11619.4,1870.48,706.308,18103.6
function@_QMt3dbc_modPt3dbc,9,0,0,9,0,2,9,0,9,0,2
function@_QMt3dbc_modPt3dbc_tile,22,8,0,17,2,15,53.6049,19.5062,15.2963,0.197531,427.691
function@set_weights_,21,3,0,21,0,70,3378.31,1300.79,1391.62,0,1558.31
function@_QMnf_fwrite4d_modPnf_fwrite4d,48,17,0,36,0,32,9247.32,10949.2,217.611,0,33787.8
function@_QMwvelocity_modPwvelocity,8,1,0,9,0,10,8,1,9,0,10
function@_QMwvelocity_modPwvelocity_tile,393,233,0,222,38,225,115896,89376.1,4563.81,128.381,142645
function@_QMbulk_flux_modPbulk_flux,8,1,0,9,0,13,8,1,9,0,13
function@_QMbulk_flux_modPbulk_flux_tile,618,236,0,430,2,452,391616,171592,248412,20.6517,170634
function@_QMbulk_flux_modPbulk_psiu,8,4,0,10,0,6,4,2,5,0,4
function@_QMbulk_flux_modPbulk_psit,12,4,0,11,0,4,6,2,6,0,3
function@_QMnf_fwrite3d_modPnf_fwrite3d,35,15,0,27,2,27,387.894,434.519,21.8173,0.317308,1707.14
function@get_state_,57,2,0,10,1,331,1.48144,0.0270475,5.26873,0.00132823,17.6882
function@_QMutility_modPnrng,17,3,0,16,0,16,7.03388,0.76282,7.56593,0,12.8516
function@_QMutility_modPurng,0,0,0,0,0,6,0,0,0,0,18.8889
function@checkadj_,0,0,0,0,0,79,0,0,0,0,63
function@_QManalytical_modPana_btflux,2,0,0,2,0,4,2,0,2,0,4
function@_QManalytical_modPana_btflux_tile,0,6,0,1,0,31,0,12.5276,1,0,443.748
function@_QManalytical_modPana_cloud,0,0,0,0,0,6,0,0,0,0,6
function@_QManalytical_modPana_cloud_tile,9,2,0,8,0,15,12.6,12.75,6.025,0,243.65
function@_QManalytical_modPana_grid,1,0,0,1,0,11,1,0,1,0,11
function@_QManalytical_modPana_grid_tile,432,133,0,202,88,234,7222.02,5617.75,639.775,280.575,10786.2
function@_QManalytical_modPana_humid,0,0,0,0,0,6,0,0,0,0,6
function@_QManalytical_modPana_humid_tile,9,2,0,8,0,15,12.6,12.75,6.025,0,243.65
function@_QManalytical_modPana_initial,13,0,0,13,0,5,6.5,0,6.5,0,4
function@_QManalytical_modPana_nlminitial_tile,83,48,0,54,1,71,23600.3,39091.9,17239.3,0.4,22005.5
function@_QManalytical_modPana_pair,0,0,0,0,0,6,0,0,0,0,6
function@_QManalytical_modPana_pair_tile,9,2,0,8,0,15,12.6,12.75,6.025,0,243.65
function@_QManalytical_modPana_rain,0,0,0,0,0,6,0,0,0,0,6
function@_QManalytical_modPana_rain_tile,8,2,0,7,0,18,9.425,12.75,5.825,0,259.575
function@_QManalytical_modPana_srflux,0,0,0,0,0,7,0,0,0,0,7
function@_QManalytical_modPana_srflux_tile,121,45,0,92,1,29,4097.47,4427.8,2104.77,0.2,1772.85
function@_QManalytical_modPana_stflux,2,0,0,2,0,6,2,0,2,0,6
function@_QManalytical_modPana_stflux_tile,4,6,0,5,0,31,4,12.5276,5,0,445.761
function@_QManalytical_modPana_tair,0,0,0,0,0,6,0,0,0,0,6
function@_QManalytical_modPana_tair_tile,9,2,0,8,0,15,12.6,12.75,6.025,0,243.65
function@_QManalytical_modPana_winds,0,0,0,0,0,7,0,0,0,0,7
function@_QManalytical_modPana_winds_tile,51,12,0,37,1,45,2161.38,654.875,312.6,0.2,2388.52
function@_QMbc_bry3d_modPbc_r3d_bry_tile,9,0,0,2,0,29,4.4902,0,2,0,44.5882
function@_QMbc_bry3d_modPbc_u3d_bry_tile,15,0,0,3,0,38,4.93137,0,3,0,48.8823
function@_QMbc_bry3d_modPbc_v3d_bry_tile,17,0,0,3,0,34,6.40196,0,3,0,45.8823
function@get_data_,0,0,0,0,0,5,0,0,0,0,5
function@_QMstep3d_t_modPstep3d_t,11,0,0,11,0,14,11,0,11,0,14
function@_QMstep3d_t_modPstep3d_t_tile,673,336,0,355,30,359,5.09797e+06,4.82878e+06,267293,28603.6,5.5733e+06
function@_QMlmd_skpp_modPlmd_skpp,29,0,0,29,0,11,29,0,29,0,11
function@_QMlmd_skpp_modPlmd_skpp_tile,1374,557,0,621,28,611,494093,222179,46413.9,889.809,351077
function@_QMnf_fread4d_modPnf_fread4d,53,21,0,41,0,36,2996.95,1493.02,90.7683,0,17471.7
function@wclock_on_,0,0,0,0,0,2,0,0,0,0,2
function@wclock_off_,0,2,0,2,0,3,0,1.09524,1.09524,0,2.71429
function@mod_arrays_,0,0,0,0,0,37,0,0,0,0,271.667
function@_QMinterpolate_modPlinterp2d,7,3,0,10,1,5,1642.33,39.75,50.5,0.666667,642
function@_QMinterpolate_modPcinterp2d,38,7,0,34,2,96,8255.67,1106.33,4121.08,1.33333,20075.6
function@_QMinterpolate_modPhindices,68,12,0,54,2,47,4981.53,2471.74,1353.88,16.5588,13341
function@_QMinterpolate_modPtry_range,179,30,0,37,8,57,66.1706,39.0293,19.0476,1.53724,163.545
function@_QMinterpolate_modPinside,4,0,0,2,0,17,28.0465,0,2,0,241.372
function@_QMbc_3d_modPbc_r3d_tile,30,15,0,25,0,36,17.8272,32,15.5062,0,475.617
function@_QMbc_3d_modPbc_u3d_tile,23,12,0,17,1,25,24.4691,27.2963,14.7654,0.0987654,451.877
function@_QMbc_3d_modPbc_v3d_tile,23,5,0,16,0,29,14.5062,2.23457,13.2963,0,255.395
function@_QMbc_3d_modPbc_w3d_tile,30,15,0,25,0,36,17.8272,32,15.5062,0,475.617
function@wrt_his_,92,9,0,28,1,294,11.8898,1.54706,2.21201,0.21007,35.2881
function@_QMmod_couplingPallocate_coupling,37,0,0,12,0,21,37,0,12,0,20
function@_QMmod_couplingPinitialize_coupling,0,0,0,0,0,24,0,0,0,0,3707.58
function@_QMnf_fwrite2d_bry_modPnf_fwrite2d_bry,45,17,0,25,0,26,2104.48,1039.29,297,0,3560.62
function@_QMwhite_noise_modPwhite_noise1d,13,1,0,5,0,57,1.5,0.0781759,1.91205,0,67.6726
function@_QMwhite_noise_modPwhite_noise2d,14,10,0,8,0,42,5.31147,63.2295,8,0,473.992
function@_QMwhite_noise_modPwhite_noise2d_bry,5,0,0,2,0,60,0.645765,0,0.645765,0,83.4234
function@_QMwhite_noise_modPwhite_noise3d,23,14,0,15,1,43,627.008,539.205,46.1066,20.1393,8229.09
function@_QMwhite_noise_modPwhite_noise3d_bry,21,10,0,11,0,57,24.1579,36.4737,8.59211,0,461.289
function@get_ngfld_,100,16,0,35,6,183,31.325,1.72567,15.9963,2.35499,97.7964
function@regrid_,33,22,0,29,0,64,42.0469,13.6328,13.1875,0,101.789
function@_QMv3dbc_modPv3dbc,5,0,0,5,0,2,5,0,5,0,2
function@_QMv3dbc_modPv3dbc_tile,8,4,0,6,0,18,15.9012,1.23457,6,0,439.975
function@_QMstate_dotprod_modPstate_dotprod,72,63,0,61,6,47,20521.9,30453.1,3572.02,1.875,276247
function@get_bounds_,0,0,0,0,0,0,0,0,0,0,0
function@get_domain_,0,0,0,0,0,0,0,0,0,0,0
function@get_iobounds_,0,0,0,0,0,1,0,0,0,0,1
function@get_tile_,0,0,0,0,0,15,0,0,0,0,10.1905
function@tile_bounds_1d_,0,0,0,0,0,3,0,0,0,0,2
function@tile_bounds_2d_,0,0,0,0,0,8,0,0,0,0,8
function@var_bounds_,0,0,0,0,0,0,0,0,0,0,0
function@_QMset_massflux_modPset_massflux,9,0,0,9,0,8,9,0,9,0,8
function@_QMset_massflux_modPset_massflux_tile,58,32,0,54,0,45,9222.52,38688.7,2158.38,0,49926
function@_QMzetabc_modPzetabc,2,0,0,2,0,6,2,0,2,0,6
function@_QMzetabc_modPzetabc_tile,5,4,0,3,0,13,1.62745,0.941177,3,0,24.098
function@_QMbc_2d_modPbc_r2d_tile,12,5,0,9,0,31,6.93888,1.01467,8.01711,0,26.5966
function@_QMbc_2d_modPbc_u2d_tile,15,0,0,7,0,16,7.23529,0,7,0,27.098
function@_QMbc_2d_modPbc_v2d_tile,10,0,0,7,0,24,6.15159,0,6.15403,0,15.709
function@_QMnf_fread2d_modPnf_fread2d,126,32,0,102,1,83,7.76614,5.48042,16.8296,0.0296296,54.0222
function@_QMv2dbc_modPv2dbc,2,0,0,2,0,6,2,0,2,0,6
function@_QMv2dbc_modPv2dbc_tile,0,4,0,1,0,11,0,0.627451,1,0,23.7843
function@_QMrhs3d_modPrhs3d,31,0,0,31,0,22,31,0,31,0,22
function@_QMrhs3d_modPrhs3d_tile,1366,626,0,569,34,525,483013,341089,29339.7,1420.19,354794
function@def_rst_,0,0,0,0,0,3,0,0,0,0,3
function@_QMmod_paramPinitialize_param,0,0,0,0,0,0,0,0,0,0,0
function@_QMset_2dfld_modPset_2dfld_tile,77,22,0,33,1,92,33.0172,20.2045,18.8557,0.0223368,412.265
function@_QMrho_eos_modPrho_eos,11,0,0,11,0,12,11,0,11,0,12
function@_QMrho_eos_modPrho_eos_tile,531,183,0,272,18,581,418997,144112,246529,1238.38,734276
function@_QMstiffness_modPstiffness,1,0,0,1,0,2,1,0,1,0,2
function@_QMstiffness_modPstiffness_tile,84,20,0,48,1,84,831.881,572.844,87.9449,0.385321,43637.2
function@_QMprsgrd_modPprsgrd,6,1,0,7,0,10,6,1,7,0,10
function@_QMprsgrd_modPprsgrd_tile,429,210,0,255,5,309,255131,226894,12699.6,707,487164
function@_QMu2dbc_modPu2dbc,2,0,0,2,0,6,2,0,2,0,6
function@_QMu2dbc_modPu2dbc_tile,5,4,0,3,0,15,1.62745,0.941177,3,0,26.098
function@def_info_,347,134,0,27,0,477,21.1811,6.6875,18.8652,0,62.0837
function@_QMstate_scale_modPstate_scale,45,39,0,36,0,38,14871.7,17968.6,414.175,0,240896
function@_QMmod_ncparamPinitialize_ncparam,173,0,0,12,10,612,239.781,0,125.878,8.63722,4791.64
function@_QMmod_scalarsPinitialize_scalars,0,1,0,1,0,21,0,1,1,0,16.3529
function@_QMnf_fread2d_bry_modPnf_fread2d_bry,27,9,0,25,0,26,168.569,531.523,46.7982,0,1155.16
function@_QMstate_addition_modPstate_addition,92,58,0,78,4,27,60324.8,143538,18272.9,1.2,346847
function@wrt_rst_,18,1,0,4,0,143,1.19483,0.5,1.50116,0,8.36673
function@_QMomega_modPomega,2,0,0,2,0,10,2,0,2,0,10
function@_QMomega_modPomega_tile,143,72,0,63,2,82,16523,25484.8,1686.83,67.25,43557.3
function@_QMomega_modPscale_omega,46,20,0,40,2,23,3339.6,9373.89,544,0.507692,21396.8
function@_QMextract_sta_modPextract_sta2d,42,0,0,19,0,40,49.6765,0,6.17647,0,47.8039
function@_QMextract_sta_modPextract_sta3d,233,53,0,176,8,262,166.789,42.23,57.4976,0.976526,219.094
function@checkerror_,3,0,0,3,0,30,1.95238,0,3,0,17.8571
function@output_,0,0,0,0,0,22,0,0,0,0,5.33742
function@_QMexchange_3d_modPexchange_p3d_tile,13,11,0,12,2,27,33.0988,26.2963,15.4691,0.197531,560.395
function@_QMexchange_3d_modPexchange_r3d_tile,13,11,0,12,2,27,33.0988,26.2963,15.4691,0.197531,560.395
function@_QMexchange_3d_modPexchange_u3d_tile,13,11,0,12,2,27,33.0988,26.2963,15.4691,0.197531,560.395
function@_QMexchange_3d_modPexchange_v3d_tile,13,11,0,12,2,27,33.0988,26.2963,15.4691,0.197531,560.395
function@_QMexchange_3d_modPexchange_w3d_tile,13,11,0,12,2,27,33.0988,26.2963,15.4691,0.197531,560.395
function@get_date_,0,0,0,0,0,6,0,0,0,0,5.2381
function@day_code_,0,0,0,0,0,9,0,0,0,0,7.96
function@caldate_,8,1,0,6,0,13,1.98824,0.123529,1.24118,0,6.35882
function@ref_att_,7,2,0,7,0,22,7,2,7,0,22
function@time_string_,0,0,0,0,0,15,0,0,0,0,15
function@_QMset_vbc_modPset_vbc,16,0,0,16,0,8,16,0,16,0,8
function@_QMset_vbc_modPset_vbc_tile,75,47,0,72,7,73,3797.62,5791.27,222.425,1.825,6281.97
function@_QMset_depth_modPset_depth,1,0,0,1,0,8,1,0,1,0,8
function@_QMset_depth_modPset_depth_tile,142,107,0,108,31,151,16048.5,24449.1,947.79,547.395,43720.6
function@_QMstate_product_modPstate_product,129,76,0,96,3,86,54236.2,57199.2,4748.3,1,484411
function@_QMstrings_modPfind_string,4,0,0,4,0,10,30.4231,0,3.23077,0,83.2308
function@_QMstrings_modPlowercase,0,0,0,0,0,13,0,0,0,0,50
function@_QMstrings_modPuppercase,0,0,0,0,0,13,0,0,0,0,50
function@_QMstep3d_uv_modPstep3d_uv,33,0,0,33,0,14,33,0,33,0,14
function@_QMstep3d_uv_modPstep3d_uv_tile,1422,722,0,469,146,689,233005,265929,19837,5116.67,371041
function@ludcmp_,34,3,0,16,0,40,494.103,94.5882,155,0,720
function@_QMstate_copy_modPstate_copy,78,60,0,69,4,32,40126.6,50148.9,8158.48,1.2,350237
function@ran1_s_,0,0,0,0,0,3,0,0,0,0,3
function@ran1_v_,0,0,0,0,0,3,0,0,0,0,3
function@_QMmod_parallelPinitialize_parallel,0,0,0,0,0,0,0,0,0,0,0
function@main3d_,6,0,0,6,0,113,11.3393,0,11.8541,0,3687.96
function@_QMbc_bry2d_modPbc_r2d_bry_tile,0,0,0,0,0,8,0,0,0,0,4.9375
function@_QMbc_bry2d_modPbc_u2d_bry_tile,0,0,0,0,0,11,0,0,0,0,6.40625
function@_QMbc_bry2d_modPbc_v2d_bry_tile,0,0,0,0,0,11,0,0,0,0,6.40625
function@_QMmod_oceanPallocate_ocean,88,2,0,30,1,43,88,2,30,1,42
function@_QMmod_oceanPinitialize_ocean,13,8,0,11,0,91,5813.24,3043.88,375.8,0,1.14249e+06
