Comando: /home/mpvreal/Code/Faculdade/tcc/llvm/build/bin/llc --march=x86 --regalloc=greedy -o -
Heurística: div(cost,pow(degree,2))
function@main,60,38,0,52,53,61,0.153365,0.111714,1.58724,4.32077,19.9858
function@Help,4,0,0,2,0,2,2,0,2,0,2
function@x264_adaptive_quant_frame,47,13,0,28,6,46,833.08,244.218,414.099,48.5954,712.145
function@x264_macroblock_tree_read,10,0,0,5,0,12,12.2686,0,1.54548,0,28.2255
function@x264_reference_build_list_optimal,3,3,0,6,2,10,80,208,90,6,270
function@x264_ratecontrol_init_reconfigurable,7,3,0,7,0,2,1.26974,0.677632,1.35197,0,0.296053
function@x264_ratecontrol_new,60,27,0,35,0,86,21.3795,79.4902,7.19184,0,141.598
function@x264_strcat_filename,0,0,0,0,0,5,0,0,0,0,5
function@init_pass2,210,56,0,137,12,149,15666.4,7575.18,9457.12,67.2976,13313.4
function@x264_ratecontrol_summary,0,1,0,2,0,0,0,0.154412,0.147059,0,0
function@x264_ratecontrol_delete,0,0,0,0,0,2,0,0,0,0,20.45
function@x264_ratecontrol_start,24,1,0,11,3,18,5.85363,0.0527343,6.13488,1.21053,31.8651
function@rate_estimate_qscale,97,25,0,62,1,21,118.138,15.932,39.4073,0.1875,9.65659
function@x264_ratecontrol_mb,18,10,0,22,0,20,4.15785,4.16346,1.87179,0,6.72035
function@predict_row_size_sum,24,3,0,12,1,13,122.214,12.381,49.2857,0.5,54.2857
function@x264_ratecontrol_qp,0,0,0,0,0,0,0,0,0,0,0
function@x264_ratecontrol_mb_qp,0,0,0,0,0,0,0,0,0,0,0
function@x264_ratecontrol_slice_type,0,0,0,0,0,2,0,0,0,0,7.26471
function@x264_ratecontrol_set_weights,0,0,0,0,0,0,0,0,0,0,0
function@x264_ratecontrol_end,19,4,0,15,1,17,12.7675,0.735532,5.85702,0.208333,14.3579
function@x264_hrd_fullness,2,0,0,2,0,0,1.5,0,1.5,0,0
function@x264_threads_normalize_predictors,1,0,0,1,0,9,0.625,0,0.625,0,71.175
function@x264_threads_distribute_ratecontrol,23,8,0,16,0,40,127.325,269.373,126.034,0,425.94
function@x264_threads_merge_ratecontrol,20,10,0,20,2,21,150.25,297.838,152.904,0.441176,405.404
function@x264_thread_sync_ratecontrol,0,0,0,0,0,0,0,0,0,0,0
function@clip_qscale,49,8,0,29,1,25,65.3414,16.7587,23.1378,0.244141,46.5618
function@x264_mb_encode_i4x4,0,0,0,0,0,3,0,0,0,0,1.48438
function@x264_mb_encode_i8x8,0,0,0,0,0,6,0,0,0,0,4.10938
function@x264_mb_encode_8x8_chroma,37,20,0,19,8,39,244.376,180.779,172.092,48.7266,280.764
function@x264_mb_optimize_chroma_dc,10,2,0,8,6,11,406.333,2.60784,19.2353,4.23529,266.627
function@x264_predict_lossless_8x8_chroma,0,0,0,0,0,0,0,0,0,0,0
function@x264_predict_lossless_4x4,0,0,0,0,0,0,0,0,0,0,0
function@x264_predict_lossless_8x8,0,0,0,0,0,1,0,0,0,0,1
function@x264_predict_lossless_16x16,0,0,0,0,0,0,0,0,0,0,0
function@x264_macroblock_encode,57,57,0,31,10,41,17.3833,18.7792,16.6353,2.13791,27.2503
function@x264_macroblock_probe_skip,10,8,0,15,0,12,52.5582,15.4322,21.1332,0,48.3479
function@x264_noise_reduction_update,26,10,0,14,2,54,56.9375,40.9375,11,1,177.75
function@x264_macroblock_encode_p8x8,26,22,0,21,8,25,6.04143,4.60051,8.14282,0.601227,7.40625
function@x264_macroblock_encode_p4x4,0,1,0,1,0,1,0,0.234375,0.375,0,0.625
function@x264_lookahead_init,1,3,0,2,1,12,0.390465,14.4526,1.01509,0.194931,54.0392
function@x264_lookahead_delete,0,0,0,0,0,0,0,0,0,0,0
function@x264_lookahead_put_frame,0,0,0,0,0,0,0,0,0,0,0
function@x264_lookahead_is_empty,0,0,0,0,0,0,0,0,0,0,0
function@x264_lookahead_get_frames,0,0,0,0,0,0,0,0,0,0,0
function@x264_me_search_ref,690,254,0,403,20,298,1582.43,767.925,578.261,7.37653,714.485
function@refine_subpel,208,78,0,74,5,62,175.72,56.0417,92.409,9.26968,43.8416
function@x264_me_refine_qpel,0,0,0,0,0,0,0,0,0,0,0
function@x264_me_refine_qpel_refdupe,0,0,0,0,0,2,0,0,0,0,2
function@x264_me_refine_bidir_satd,0,0,0,0,0,0,0,0,0,0,0
function@x264_me_refine_bidir,96,58,0,62,9,40,734.926,397,510.713,7.01976,153.756
function@x264_me_refine_bidir_rd,0,0,0,0,0,1,0,0,0,0,1
function@x264_me_refine_qpel_rd,165,75,0,102,4,78,37.3353,25.6862,34.8796,0.924189,25.9492
function@x264_sps_init,0,0,0,0,0,2,0,0,0,0,2
function@x264_sps_write,268,22,0,89,0,397,136.813,11.7343,59.0013,0,192.014
function@x264_pps_init,21,0,0,4,15,8,5.18824,0,0.988235,1.41176,64.1882
function@x264_pps_write,16,5,0,21,0,90,7.85714,5,13.2857,0,61.9286
function@scaling_list_write,29,3,0,11,0,18,51.9853,0.867647,11.5294,0,35.5
function@x264_sei_recovery_point_write,1,1,0,2,0,16,1,1,2,0,13
function@x264_sei_write_header,1,0,0,1,0,7,0.32,0,0.64,0,4.92
function@x264_sei_write,0,0,0,0,0,12,0,0,0,0,8.25
function@x264_sei_version_write,14,1,0,12,0,28,22.5679,6.30864,15.8642,0,96.3704
function@x264_sei_buffering_period_write,5,0,0,2,0,23,2.56,0,2,0,17.48
function@x264_sei_pic_timing_write,2,0,0,3,0,10,1.88,0,1.88,0,7.4
function@x264_filler_write,0,0,0,0,0,8,0,0,0,0,42.9062
function@x264_validate_levels,6,2,0,4,0,9,2.84375,0.6875,4,0,6.21875
function@x264_encoder_open_96,10,5,0,10,1,24,0.283963,0.0375341,0.650233,1.01328e-05,4.15983
function@x264_validate_parameters,4,1,0,4,0,16,0.0523553,0.016917,0.116961,0,2.27928
function@x264_set_aspect_ratio,0,1,0,1,0,3,0,0.146484,0.390625,0,13.5
function@mbcmp_init,0,0,0,0,0,0,0,0,0,0,0
function@x264_encoder_reconfig,0,1,0,1,0,9,0,1,1,0,5.74118
function@x264_encoder_parameters,0,0,0,0,0,0,0,0,0,0,0
function@x264_encoder_headers,2,0,0,1,0,9,1.47573,0,1,0,5.27184
function@x264_nal_start,0,0,0,0,0,0,0,0,0,0,0
function@x264_nal_end,0,0,0,0,0,4,0,0,0,0,3.5
function@x264_encoder_encapsulate_nals,27,4,0,15,1,44,94.9286,42.619,59.3333,0.309524,337.786
function@x264_weighted_reference_duplicate,0,0,0,0,0,1,0,0,0,0,0.5
function@x264_encoder_intra_refresh,0,0,0,0,0,0,0,0,0,0,0
function@x264_encoder_encode,153,21,0,38,22,108,166.689,85.2613,17.5485,1.42825,84.5645
function@x264_encoder_frame_end,62,7,0,30,1,82,399.505,1.34565,13.6693,4.80146,222.897
function@x264_reference_check_reorder,0,0,0,0,0,4,0,0,0,0,16.1905
function@x264_threaded_slices_write,25,5,0,19,2,45,934.725,43.35,125.875,10.525,3343.32
function@x264_slices_write,152,36,0,128,11,354,736.665,378.073,642.808,19.2305,2177.66
function@x264_encoder_close,139,98,0,223,4,55,51499.9,13510.8,40859.9,21.7656,28723.6
function@x264_encoder_delayed_frames,0,2,0,1,0,6,0,10.7742,0.483871,0,36.4516
function@x264_slice_header_init,1,2,0,3,0,13,12.5471,25.0941,1.4,0,79.4529
function@x264_fdec_filter_row,19,20,0,20,2,18,44.8529,14.8333,32.6569,2,36.0294
function@x264_macroblock_write_cavlc,80,6,0,55,3,218,31.2275,12.5438,35.3964,1.66138,91.0709
function@bs_write_ue,0,0,0,0,0,4,0,0,0,0,4
function@bs_write_te,0,0,0,0,0,4,0,0,0,0,2.5
function@cavlc_mb_mvd,3,0,0,3,0,10,3,0,3,0,8
function@block_residual_write_cavlc,38,11,0,24,1,34,140.875,14.25,87,1,136.25
function@block_residual_write_cavlc_escape,5,2,0,5,0,23,2.48031,1.49606,3.48819,0,13.874
function@x264_cabac_mb_skip,0,0,0,0,0,0,0,0,0,0,0
function@x264_macroblock_write_cabac,23,16,0,23,16,167,14.2912,10.9882,14.7432,1.1493,94.4075
function@x264_cabac_mb_ref,0,0,0,0,0,3,0,0,0,0,41.5714
function@x264_cabac_mb_mvd,1,2,0,3,0,5,1,2,3,0,5
function@block_residual_write_cabac,20,12,0,14,0,13,246.161,87.0073,174.5,0,68.5681
function@x264_cabac_mb_type_intra,0,0,0,0,0,3,0,0,0,0,2.24706
function@x264_cabac_mb_mvd_cpn,1,0,0,1,0,7,5,0,0.156863,0,8.17647
function@x264_rd_cost_part,34,25,0,29,1,81,6.79036,1.45725,8.11198,0.195312,65.4712
function@x264_rd_cost_mb,100,9,0,18,0,81,7.68798,5.79883,8.85938,0,18.9186
function@ssd_plane,19,2,0,11,1,14,1.80769,0.159341,1.21429,0.115385,3.02747
function@x264_rdo_init,22,1,0,22,0,35,2693.25,8191.88,1119.25,0,23547.6
function@x264_quant_dc_trellis,0,0,0,0,0,1,0,0,0,0,1
function@quant_trellis_cabac,60,21,0,57,14,62,7250.05,3300.13,2034.83,66.6032,9534.95
function@x264_quant_4x4_trellis,1,1,0,2,0,3,1,1,2,0,3
function@x264_quant_8x8_trellis,0,0,0,0,0,2,0,0,0,0,2
function@x264_analyse_init_costs,8,5,0,3,8,31,7.81559,8.49246,0.495809,0.991199,41.2791
function@x264_analyse_free_costs,0,0,0,0,0,2,0,0,0,0,63.75
function@x264_analyse_weight_frame,5,4,0,7,2,3,7,9.7,1.92,0.32,10.4
function@x264_macroblock_analyse,213,62,0,170,12,235,208.341,183.681,98.2992,7.11336,324.593
function@x264_mb_analyse_intra,66,19,0,27,7,43,2073.67,568.266,427.294,22.8594,981.636
function@x264_intra_rd,0,0,0,0,0,12,0,0,0,0,6.78125
function@x264_intra_rd_refine,113,35,0,87,18,72,5447.73,2508.49,4343.95,68.724,4256.85
function@x264_mb_analyse_init_qp,0,0,0,0,0,0,0,0,0,0,0
function@x264_mb_analyse_inter_p8x8_mixed_ref,23,9,0,19,1,14,16470.8,11136,390.001,32,7816.49
function@x264_mb_analyse_inter_p8x8,20,5,0,12,4,8,542.905,162.381,200.476,34.8571,228.333
function@x264_mb_cache_mv_p8x8,0,0,0,0,0,3,0,0,0,0,2.4
function@x264_mb_analyse_inter_p16x8,22,2,0,13,0,8,349.642,29.6421,197.021,0,172.463
function@x264_mb_analyse_inter_p8x16,23,3,0,13,0,11,339.2,51.2,207.8,0,152.568
function@x264_mb_analyse_intra_chroma,7,0,0,1,0,5,16.6562,0,1,0,9.15625
function@x264_mb_analyse_transform_rd,0,0,0,0,0,7,0,0,0,0,3.03846
function@x264_analyse_update_cache,0,0,0,0,0,38,0,0,0,0,4.82102
function@x264_mb_analyse_b_rd,0,0,0,0,0,23,0,0,0,0,7.4375
function@x264_mb_analyse_inter_b8x8_mixed_ref,30,16,0,20,1,21,11184,8384,1644.15,32,6721
function@x264_mb_analyse_inter_b8x8,31,10,0,25,0,17,992,320,645,0,513
function@x264_mb_analyse_inter_b16x8,27,14,0,22,2,11,267.452,158.476,220.302,31.5079,148.286
function@x264_mb_analyse_inter_b8x16,46,5,0,15,1,22,577.016,40.6349,213.302,15.254,220.198
function@x264_refine_bidir,0,0,0,0,0,2,0,0,0,0,2
function@x264_weight_plane_analyse,6,4,0,8,0,5,1311.43,346.357,348.286,0,4.30952
function@x264_weights_analyse,50,21,0,49,0,20,28772.1,10127.6,16472.7,0,3514.38
function@x264_slicetype_frame_cost,26,1,0,13,2,30,252.631,0.0869141,7.33986,0.521484,1868.97
function@x264_slicetype_analyse,111,47,0,73,9,150,10133.9,2511.86,578.354,20.8226,5834.01
function@scenecut,12,2,0,5,1,6,32.55,6.775,3.6,6.375,118.7
function@x264_slicetype_decide,28,11,0,19,1,25,77.2015,49.5508,43.1405,0.299072,149.682
function@x264_rc_analyse_slice,22,2,0,16,2,15,192.303,32.3655,48.3379,31.4414,51.8759
function@x264_slicetype_frame_cost_recalculate,6,0,0,4,3,2,1252.95,0,15.2857,315.667,127.952
function@x264_macroblock_size_cabac,283,30,0,61,28,268,147.925,16.6747,50.0802,2.04948,108.062
function@x264_cabac_mb_ref,1,0,0,1,0,7,10.2,0,10.2,0,12.44
function@x264_cabac_mb8x8_mvd,12,15,0,19,0,33,2.4,3,4.4,0,7.4
function@x264_cabac_mb_mvd_cpn,9,2,0,9,2,8,13.2843,2.65686,6.09804,2.57843,7.62745
function@block_residual_write_cabac_internal,35,7,0,15,3,16,140.206,35.9524,91.5714,0.968254,78.2857
function@cavlc_mb_mvd,2,0,0,1,0,2,2,0,1,0,2
function@cavlc_mb8x8_mvd,7,0,0,5,0,2,0.999999,0,0.6,0,2
function@block_residual_write_cavlc,17,5,0,8,2,17,19.4375,25.625,9.5,0.53125,60.625
function@x264_macroblock_luma_write_cavlc,4,3,0,5,1,13,30,38.1875,27.75,0.5,74.125
function@x264_rd_cost_i8x8_chroma,8,2,0,8,0,34,2.25952,1.39062,4.32031,0,23.2583
function@x264_mb_analyse_inter_p4x4_chroma,30,39,0,14,1,7,10.6667,13.0833,7.625,0.375,3.66667
function@x264_mb_cache_mv_b8x8,4,0,0,4,0,10,1.42647,0,1.61765,0,5.92647
function@x264_slicetype_mb_cost,67,30,0,36,7,40,71.7422,79.0625,49.1875,2.5,50.1094
function@scenecut_internal,7,1,0,7,0,6,3.96471,1,5.48235,0,4.68235
function@x264_macroblock_tree_propagate,92,25,0,42,2,27,5025.56,1199.28,2344.12,1.625,1190.58
function@mk_create_writer,0,0,0,0,0,6,0,0,0,0,8.49425
function@mk_create_context,0,0,0,0,0,2,0,0,0,0,2
function@mk_writeHeader,12,0,0,1,0,61,0.492652,0,0.322266,0,27.5082
function@mk_write_uint,1,0,0,1,0,14,0.12207,0,0.195312,0,14.3781
function@mk_write_string,0,1,0,1,0,9,0,0.307692,0.384615,0,13.5231
function@mk_close_context,1,1,0,2,0,4,0.0738636,0.193182,0.357955,0,6.875
function@mk_flush_context_id,1,0,0,1,0,3,0.123077,0,0.184615,0,8.29231
function@mk_write_float,0,0,0,0,0,10,0,0,0,0,42.4375
function@mk_write_bin,0,1,0,2,0,7,0,0.4,0.8,0,28.9
function@mk_flush_context_data,1,1,0,2,0,3,0.119266,0.311927,0.577982,0,7.48624
function@mk_start_frame,0,0,0,0,0,1,0,0,0,0,1
function@mk_flush_frame,4,1,0,5,0,13,0.437113,0.0701031,0.929897,0,18.3773
function@mk_set_frame_flags,0,0,0,0,0,0,0,0,0,0,0
function@mk_add_frame_data,0,0,0,0,0,4,0,0,0,0,10.7686
function@mk_close,5,1,0,5,0,11,1.66047,0.15814,2.22791,0,58.4419
function@mk_close_cluster,2,1,0,3,0,3,0.215569,0.11976,0.461078,0,4.4491
function@mk_write_id,5,0,0,2,0,8,1.0309,0,1.3115,0,18.1879
function@mk_write_size,5,0,0,3,0,9,0.239003,0,0.31085,0,18.3856
function@open_file,0,0,0,0,0,2,0,0,0,0,2
function@set_param,0,3,0,3,0,19,0,1.5,1.5,0,87.7353
function@write_headers,6,7,0,11,1,4,0.498952,0.5587,1.5021,0.0953878,0.430818
function@write_frame,0,0,0,0,0,0,0,0,0,0,0
function@close_file,0,0,0,0,0,2,0,0,0,0,2
function@open_file,0,0,0,0,0,0,0,0,0,0,0
function@write_headers,0,0,0,0,0,1,0,0,0,0,1
function@write_frame,0,0,0,0,0,1,0,0,0,0,1
function@close_file,0,0,0,0,0,0,0,0,0,0,0
function@dbl2int,0,0,0,0,0,0,0,0,0,0,0
function@x264_put_byte,0,0,0,0,0,1,0,0,0,0,16.36
function@flv_append_data,0,0,0,0,0,1,0,0,0,0,16.2381
function@x264_put_be32,0,0,0,0,0,7,0,0,0,0,65.5238
function@x264_put_be64,0,0,0,0,0,0,0,0,0,0,0
function@x264_put_be16,1,0,0,1,0,6,0.309524,0,0.5,0,33.6667
function@x264_put_be24,0,0,0,0,0,5,0,0,0,0,49.0952
function@x264_put_tag,1,0,0,1,0,1,6.58333,0,10.5833,0,341.25
function@x264_put_amf_string,5,0,0,1,0,6,1.30952,0,1,0,50.0952
function@x264_put_amf_double,0,0,0,0,0,1,0,0,0,0,16.36
function@flv_create_writer,0,0,0,0,0,3,0,0,0,0,2.38235
function@rewrite_amf_be24,0,0,0,0,0,1,0,0,0,0,1
function@flv_flush_data,0,0,0,0,0,1,0,0,0,0,1
function@open_file,0,0,0,0,0,3,0,0,0,0,2.61765
function@set_param,1,0,0,1,0,0,1,0,1,0,0
function@write_headers,2,2,0,3,0,3,1.2381,1.2381,2.61905,0,2.61905
function@write_frame,11,3,0,11,0,8,4.36406,0.700461,8.54378,0,4.07373
function@close_file,8,1,0,6,0,2,5,0.390625,3.75,0,1.25
function@open_file,0,0,0,0,0,1,0,0,0,0,1
function@get_frame_total,0,0,0,0,0,0,0,0,0,0,0
function@read_frame,0,0,0,0,0,2,0,0,0,0,1.5
function@release_frame,0,0,0,0,0,0,0,0,0,0,0
function@close_file,0,0,0,0,0,0,0,0,0,0,0
function@open_file,0,0,0,0,0,2,0,0,0,0,2
function@get_frame_total,0,0,0,0,0,4,0,0,0,0,4
function@read_frame,0,0,0,0,0,8,0,0,0,0,5
function@close_file,0,0,0,0,0,0,0,0,0,0,0
function@open_file,108,44,0,58,6,93,58.6909,181.612,16.0633,1.92027,204.583
function@get_frame_total,0,0,0,0,0,0,0,0,0,0,0
function@read_frame,0,0,0,0,0,3,0,0,0,0,3
function@release_frame,0,0,0,0,0,0,0,0,0,0,0
function@close_file,0,0,0,0,0,0,0,0,0,0,0
function@correct_fps,6,3,0,8,0,15,30.4143,28.1857,5.37143,0,140.9
function@try_mkv_timebase_den,6,1,0,6,0,11,87.1517,18.8436,59.1564,0,1268.94
function@open_file,2,0,0,2,2,12,0.0744047,0,0.102306,0.0744047,14.7527
function@get_frame_total,0,1,0,1,0,6,0,1,1,0,6
function@read_frame,0,0,0,0,0,5,0,0,0,0,1.89284
function@close_file,0,0,0,0,0,0,0,0,0,0,0
function@x264_pixel_ssd_wxh,48,14,0,47,0,57,3344.12,845.726,1662.41,0,2568
function@x264_pixel_ssim_wxh,23,8,0,24,0,23,9191.26,4624.13,934.905,0,13728.4
function@x264_pixel_init,0,0,0,0,0,0,0,0,0,0,0
function@x264_pixel_sad_16x16,0,0,0,0,0,0,0,0,0,0,0
function@x264_pixel_sad_16x8,0,0,0,0,0,0,0,0,0,0,0
function@x264_pixel_sad_8x16,0,0,0,0,0,0,0,0,0,0,0
function@x264_pixel_sad_8x8,0,0,0,0,0,0,0,0,0,0,0
function@x264_pixel_sad_8x4,0,0,0,0,0,0,0,0,0,0,0
function@x264_pixel_sad_4x8,1,2,0,3,0,2,1,2,3,0,2
function@x264_pixel_sad_4x4,0,0,0,0,0,0,0,0,0,0,0
function@x264_pixel_sad_x3_16x16,0,0,0,0,0,0,0,0,0,0,0
function@x264_pixel_sad_x3_16x8,0,0,0,0,0,0,0,0,0,0,0
function@x264_pixel_sad_x3_8x16,0,0,0,0,0,0,0,0,0,0,0
function@x264_pixel_sad_x3_8x8,0,0,0,0,0,0,0,0,0,0,0
function@x264_pixel_sad_x3_8x4,0,0,0,0,0,0,0,0,0,0,0
function@x264_pixel_sad_x3_4x8,0,0,0,0,0,0,0,0,0,0,0
function@x264_pixel_sad_x3_4x4,1,0,0,1,0,69,1,0,1,0,69
function@x264_pixel_sad_x4_16x16,0,0,0,0,0,0,0,0,0,0,0
function@x264_pixel_sad_x4_16x8,0,0,0,0,0,0,0,0,0,0,0
function@x264_pixel_sad_x4_8x16,0,0,0,0,0,1,0,0,0,0,1
function@x264_pixel_sad_x4_8x8,0,0,0,0,0,0,0,0,0,0,0
function@x264_pixel_sad_x4_8x4,0,0,0,0,0,0,0,0,0,0,0
function@x264_pixel_sad_x4_4x8,0,0,0,0,0,0,0,0,0,0,0
function@x264_pixel_sad_x4_4x4,1,0,0,1,0,91,1,0,1,0,91
function@x264_pixel_ssd_16x16,0,0,0,0,0,0,0,0,0,0,0
function@x264_pixel_ssd_16x8,0,0,0,0,0,2,0,0,0,0,2
function@x264_pixel_ssd_8x16,0,0,0,0,0,0,0,0,0,0,0
function@x264_pixel_ssd_8x8,0,0,0,0,0,0,0,0,0,0,0
function@x264_pixel_ssd_8x4,2,0,0,2,0,0,2,0,2,0,0
function@x264_pixel_ssd_4x8,2,0,0,2,0,0,2,0,2,0,0
function@x264_pixel_ssd_4x4,0,0,0,0,0,0,0,0,0,0,0
function@x264_pixel_satd_16x16,5,4,0,9,0,8,5,4,9,0,8
function@x264_pixel_satd_16x8,0,1,0,1,0,2,0,1,1,0,2
function@x264_pixel_satd_8x16,0,1,0,1,0,2,0,1,1,0,2
function@x264_pixel_satd_8x8,0,0,0,0,0,1,0,0,0,0,1
function@x264_pixel_satd_8x4,16,5,0,21,0,50,16,5,21,0,50
function@x264_pixel_satd_4x8,0,0,0,0,0,1,0,0,0,0,1
function@x264_pixel_satd_4x4,3,0,0,3,0,0,3,0,3,0,0
function@x264_pixel_satd_x3_16x16,0,0,0,0,0,0,0,0,0,0,0
function@x264_pixel_satd_x3_16x8,0,7,0,5,0,10,0,7,5,0,10
function@x264_pixel_satd_x3_8x16,1,12,0,9,0,5,1,12,9,0,5
function@x264_pixel_satd_x3_8x8,0,0,0,0,0,3,0,0,0,0,3
function@x264_pixel_satd_x3_8x4,0,0,0,0,0,0,0,0,0,0,0
function@x264_pixel_satd_x3_4x8,0,0,0,0,0,3,0,0,0,0,3
function@x264_pixel_satd_x3_4x4,0,0,0,0,0,0,0,0,0,0,0
function@x264_pixel_satd_x4_16x16,0,0,0,0,0,0,0,0,0,0,0
function@x264_pixel_satd_x4_16x8,1,10,0,6,0,12,1,10,6,0,12
function@x264_pixel_satd_x4_8x16,1,17,0,10,0,7,1,17,10,0,7
function@x264_pixel_satd_x4_8x8,0,0,0,0,0,5,0,0,0,0,5
function@x264_pixel_satd_x4_8x4,0,0,0,0,0,0,0,0,0,0,0
function@x264_pixel_satd_x4_4x8,0,0,0,0,0,5,0,0,0,0,5
function@x264_pixel_satd_x4_4x4,0,0,0,0,0,0,0,0,0,0,0
function@x264_pixel_hadamard_ac_16x16,0,0,0,0,0,9,0,0,0,0,9
function@x264_pixel_hadamard_ac_16x8,0,0,0,0,0,6,0,0,0,0,6
function@x264_pixel_hadamard_ac_8x16,0,0,0,0,0,5,0,0,0,0,5
function@x264_pixel_hadamard_ac_8x8,0,0,0,0,0,0,0,0,0,0,0
function@x264_pixel_ads4,0,0,0,0,0,1,0,0,0,0,20.2857
function@x264_pixel_ads2,2,0,0,2,0,3,40.5714,0,1.2381,0,60.8571
function@x264_pixel_ads1,0,0,0,0,0,3,0,0,0,0,60.8571
function@x264_pixel_sa8d_16x16,0,1,0,1,0,7,0,1,1,0,7
function@x264_pixel_sa8d_8x8,0,0,0,0,0,0,0,0,0,0,0
function@x264_pixel_var_16x16,1,0,0,1,0,4,31.875,0,31.875,0,127.5
function@x264_pixel_var_8x8,2,3,0,5,0,32,2,3,5,0,32
function@ssim_4x4x2_core,26,19,0,31,0,33,828.75,605.625,988.125,0,1051.88
function@ssim_end4,5,0,0,5,0,4,101.429,0,101.429,0,81.1429
function@pixel_var2_8x8,11,2,0,6,7,1,11,2,6,7,1
function@pixel_hadamard_ac,42,21,0,55,0,10,42,21,55,0,10
function@sa8d_8x8,7,2,0,9,0,2,6.99999,2,8.99999,0,64
function@x264_frame_new,64,7,0,16,4,35,20.6859,0.864313,7.43467,0.131448,27.0001
function@x264_frame_delete,0,0,0,0,0,2,0,0,0,0,24.2857
function@x264_frame_copy_picture,0,0,0,0,0,22,0,0,0,0,4
function@x264_frame_expand_border,130,47,0,50,0,43,4428.94,2516.74,522.529,0,1575.26
function@x264_frame_expand_border_filtered,264,31,0,139,0,73,10014.1,2394.05,353.048,0,6728.24
function@x264_frame_expand_border_lowres,84,14,0,16,0,48,7017.5,1678.25,432.5,0,4334
function@x264_frame_expand_border_mod16,12,4,0,7,1,10,450,874.333,106.083,8.25,681.833
function@x264_frame_cond_broadcast,0,0,0,0,0,0,0,0,0,0,0
function@x264_frame_cond_wait,0,0,0,0,0,0,0,0,0,0,0
function@x264_frame_push,0,0,0,0,0,1,0,0,0,0,31.875
function@x264_frame_pop,0,0,0,0,0,1,0,0,0,0,31.875
function@x264_frame_unshift,0,2,0,3,1,13,0,13.1471,1.61765,0.617647,112.735
function@x264_frame_shift,0,0,0,0,0,1,0,0,0,0,0.666667
function@x264_frame_push_unused,0,0,0,0,0,1,0,0,0,0,12.1429
function@x264_frame_pop_unused,0,0,0,0,0,3,0,0,0,0,21.6667
function@x264_frame_push_blank_unused,0,0,0,0,0,1,0,0,0,0,12.1429
function@x264_frame_pop_blank_unused,0,0,0,0,0,1,0,0,0,0,20.2857
function@x264_frame_sort,5,1,0,5,4,2,639.167,10.8333,694,238.25,10.75
function@x264_weight_scale_plane,2,3,0,5,0,3,422.3,435.05,39.05,0,422.7
function@x264_frame_delete_list,0,0,0,0,0,0,0,0,0,0,0
function@x264_synch_frame_list_init,0,0,0,0,0,1,0,0,0,0,1
function@x264_synch_frame_list_delete,0,0,0,0,0,0,0,0,0,0,0
function@x264_synch_frame_list_push,0,0,0,0,0,0,0,0,0,0,0
function@x264_macroblock_cache_mv_4_4,0,0,0,0,0,0,0,0,0,0,0
function@x264_macroblock_cache_mv_2_4,0,0,0,0,0,0,0,0,0,0,0
function@x264_macroblock_cache_mv_4_2,0,0,0,0,0,0,0,0,0,0,0
function@x264_macroblock_cache_mv_2_2,0,0,0,0,0,0,0,0,0,0,0
function@x264_macroblock_cache_mv_2_1,0,0,0,0,0,0,0,0,0,0,0
function@x264_macroblock_cache_mv_1_2,0,0,0,0,0,0,0,0,0,0,0
function@x264_macroblock_cache_mv_1_1,0,0,0,0,0,0,0,0,0,0,0
function@x264_macroblock_cache_mvd_4_4,0,0,0,0,0,1,0,0,0,0,1
function@x264_macroblock_cache_mvd_2_4,0,0,0,0,0,1,0,0,0,0,1
function@x264_macroblock_cache_mvd_4_2,0,0,0,0,0,1,0,0,0,0,1
function@x264_macroblock_cache_mvd_2_2,0,0,0,0,0,1,0,0,0,0,1
function@x264_macroblock_cache_mvd_2_1,0,0,0,0,0,1,0,0,0,0,1
function@x264_macroblock_cache_mvd_1_2,0,0,0,0,0,0,0,0,0,0,0
function@x264_macroblock_cache_mvd_1_1,0,0,0,0,0,0,0,0,0,0,0
function@x264_macroblock_cache_ref_4_4,0,0,0,0,0,0,0,0,0,0,0
function@x264_macroblock_cache_ref_2_4,0,0,0,0,0,1,0,0,0,0,1
function@x264_macroblock_cache_ref_4_2,0,0,0,0,0,0,0,0,0,0,0
function@x264_macroblock_cache_ref_2_2,0,0,0,0,0,1,0,0,0,0,1
function@x264_macroblock_cache_ref_2_1,0,0,0,0,0,1,0,0,0,0,1
function@x264_mb_mc_8x8,1,0,0,1,0,24,0.0754717,0,0.0754717,0,3.5283
function@x264_mb_mc_0xywh,8,8,0,10,0,5,7.2381,7.2381,9.2381,0,5
function@x264_mb_mc_01xywh,17,17,0,21,0,7,16.625,17,20.625,0,7
function@x264_mb_mc_1xywh,5,3,0,6,0,3,5,3,6,0,3
function@x264_mb_mc,0,0,0,0,0,15,0,0,0,0,0.600733
function@x264_macroblock_cache_allocate,4,2,0,3,3,13,0.314689,0.167977,0.029664,0.00625447,0.682095
function@x264_macroblock_cache_free,0,0,0,0,0,0,0,0,0,0,0
function@x264_macroblock_thread_allocate,0,0,0,0,0,7,0,0,0,0,7.97674
function@x264_macroblock_thread_free,3,1,0,2,0,3,22.5,7.5,15,0,22.5
function@x264_macroblock_slice_init,9,6,0,8,0,24,29.8824,49.5441,5.42647,0,293.265
function@x264_macroblock_thread_init,0,0,0,0,0,0,0,0,0,0,0
function@x264_prefetch_fenc,0,0,0,0,0,2,0,0,0,0,2
function@x264_macroblock_cache_load,72,23,0,42,11,34,182.951,165.078,73.9167,4.18627,94.5539
function@x264_macroblock_load_pic_pointers,53,14,0,31,0,38,275.199,62.3516,90.0938,0,212.645
function@x264_macroblock_cache_load_neighbours_deblock,0,0,0,0,0,0,0,0,0,0,0
function@x264_macroblock_cache_load_deblock,20,3,0,15,0,15,13.4771,2.34557,2.37003,0,4.66667
function@x264_macroblock_cache_save,25,1,0,12,0,7,10.8578,1,11.5,0,4.88726
function@x264_macroblock_bipred_init,13,12,0,13,2,12,33680.9,55943.6,17298.2,0.4375,65215.6
function@x264_frame_deblock_row,172,51,0,88,3,121,712.455,279.463,616.156,60,668.384
function@x264_deblock_init,0,0,0,0,0,0,0,0,0,0,0
function@deblock_v_luma_c,0,0,0,0,0,0,0,0,0,0,0
function@deblock_h_luma_c,0,0,0,0,0,0,0,0,0,0,0
function@deblock_v_chroma_c,0,0,0,0,0,0,0,0,0,0,0
function@deblock_h_chroma_c,0,0,0,0,0,0,0,0,0,0,0
function@deblock_v_luma_intra_c,0,0,0,0,0,0,0,0,0,0,0
function@deblock_h_luma_intra_c,0,0,0,0,0,0,0,0,0,0,0
function@deblock_v_chroma_intra_c,0,0,0,0,0,0,0,0,0,0,0
function@deblock_h_chroma_intra_c,0,0,0,0,0,0,0,0,0,0,0
function@deblock_strength_c,14,16,0,17,2,41,2468.86,2288.16,393.135,21.1081,3394
function@deblock_luma_c,22,5,0,14,0,18,2001.25,111.375,732.875,0,2690.88
function@deblock_chroma_c,13,9,0,10,0,14,85.875,43.375,108.25,0,151.375
function@deblock_luma_intra_c,29,2,0,14,0,13,91.5,11.75,64.375,0,76.875
function@deblock_chroma_intra_c,32,1,0,5,0,45,13.75,0.25,4.25,0,23.5
function@x264_cqm_init,169,48,0,109,3,123,275.954,101.107,114.998,0.00269222,209.591
function@x264_cqm_delete,0,0,0,0,0,0,0,0,0,0,0
function@x264_cqm_parse_file,0,1,0,1,0,22,0,0.619048,0.619048,0,26.4286
function@x264_cqm_parse_jmlist,4,2,0,2,0,8,0.0418206,0.310663,0.720367,0,5.24455
function@spec_strdup,0,0,0,0,0,4,0,0,0,0,4
function@x264_param_default,0,0,0,0,0,0,0,0,0,0,0
function@x264_log_default,0,0,0,0,0,0,0,0,0,0,0
function@x264_param_default_preset,0,0,0,0,0,6,0,0,0,0,10.2341
function@x264_param_apply_fastfirstpass,0,0,0,0,0,0,0,0,0,0,0
function@x264_param_apply_profile,0,0,0,0,0,1,0,0,0,0,1
function@x264_log,0,0,0,0,0,0,0,0,0,0,0
function@x264_param_parse,6,4,0,10,1,130,2.21743,0.146484,0.624481,2.2603e-12,6.13046
function@x264_atobool,0,0,0,0,0,3,0,0,0,0,3
function@parse_enum,0,0,0,0,0,2,0,0,0,0,2
function@parse_cqm,2,1,0,3,0,4,5.67551,5.50353,2,0,17.3386
function@x264_picture_alloc,0,0,0,0,0,4,0,0,0,0,3.2381
function@x264_malloc,0,0,0,0,0,4,0,0,0,0,3.61905
function@x264_picture_clean,0,0,0,0,0,0,0,0,0,0,0
function@x264_free,0,0,0,0,0,0,0,0,0,0,0
function@x264_nal_encode,0,0,0,0,0,3,0,0,0,0,25.9524
function@x264_reduce_fraction,0,0,0,0,0,6,0,0,0,0,31.5952
function@x264_slurp_file,0,1,0,1,0,12,0,0.137615,0.137615,0,4.55963
function@x264_param2string,4,0,0,1,0,46,0.594059,0,0.623762,0,26.4752
function@x264_plane_copy_c,0,0,0,0,0,5,0,0,0,0,2
function@x264_frame_init_lowres,30,14,0,17,3,46,334.946,409.912,40.4216,1.08824,2224.92
function@x264_mc_init,0,0,0,0,0,0,0,0,0,0,0
function@mc_luma,49,26,0,57,8,95,345.313,87.4163,80.1416,8.56652,1381.03
function@get_ref,48,37,0,53,7,81,328.343,114.268,72.5284,9.1134,1262.76
function@mc_chroma,16,3,0,15,1,19,2567.55,723.15,775.8,0.4,1009.7
function@pixel_avg_16x16,0,0,0,0,0,3,0,0,0,0,32.375
function@pixel_avg_16x8,0,0,0,0,0,3,0,0,0,0,32.375
function@pixel_avg_8x16,0,0,0,0,0,2,0,0,0,0,31.875
function@pixel_avg_8x8,0,0,0,0,0,2,0,0,0,0,31.875
function@pixel_avg_8x4,0,0,0,0,0,6,0,0,0,0,3
function@pixel_avg_4x8,7,0,0,5,1,11,111.562,0,49.3125,0.5,98.125
function@pixel_avg_4x4,11,0,0,6,0,32,5.5,0,3,0,16
function@pixel_avg_4x2,0,0,0,0,0,15,0,0,0,0,7.5
function@pixel_avg_2x4,3,1,0,3,0,16,1.5,0.5,1.5,0,8
function@pixel_avg_2x2,0,0,0,0,0,6,0,0,0,0,3
function@x264_weight_cache,0,0,0,0,0,0,0,0,0,0,0
function@mc_copy_w16,0,0,0,0,0,1,0,0,0,0,0.64
function@mc_copy_w8,0,1,0,1,0,1,0,10.2,0.32,0,0.64
function@mc_copy_w4,0,2,0,2,0,1,0,20.4,0.64,0,0.64
function@hpel_filter,100,53,0,77,34,79,2543.03,677.979,1257.52,163.421,3022.17
function@frame_init_lowres_core,70,18,0,22,52,15,2760.16,117.969,489.454,317.188,1194.92
function@integral_init4h,0,2,0,2,0,7,0,8.46875,0.75,0,48.0625
function@integral_init8h,0,2,0,2,0,7,0,8.46875,0.75,0,48.0625
function@integral_init4v,26,3,0,12,0,32,5.95117,4.11523,2.88281,0,24.8535
function@integral_init8v,4,1,0,3,0,10,1.3451,0.427451,1.35294,0,12.7294
function@mbtree_propagate_cost,0,0,0,0,0,2,0,0,0,0,42.5
function@x264_frame_filter,13,7,0,12,2,10,12.5588,27.4559,12.0441,3.73529,15.3382
function@pixel_avg_weight_wxh,33,1,0,13,9,25,206.04,10.2,61.8,32.52,129.56
function@mc_weight_w2,0,0,0,0,0,4,0,0,0,0,50.1176
function@mc_weight_w4,0,0,0,0,0,8,0,0,0,0,100.235
function@mc_weight_w8,0,0,0,0,0,16,0,0,0,0,200.471
function@mc_weight_w12,0,0,0,0,0,24,0,0,0,0,300.706
function@mc_weight_w16,0,0,0,0,0,32,0,0,0,0,400.941
function@mc_weight_w20,4,2,0,5,0,13,238.353,25.0588,38.3529,0,662.853
function@x264_dct_init,0,0,0,0,0,0,0,0,0,0,0
function@sub4x4_dct,27,0,0,27,0,3,27,0,27,0,3
function@add4x4_idct,1,5,0,6,0,7,1,5,6,0,7
function@sub8x8_dct,0,0,0,0,0,0,0,0,0,0,0
function@sub8x8_dct_dc,0,3,0,3,0,25,0,3,3,0,25
function@add8x8_idct,0,0,0,0,0,0,0,0,0,0,0
function@add8x8_idct_dc,0,0,0,0,0,2,0,0,0,0,2
function@sub16x16_dct,0,0,0,0,0,0,0,0,0,0,0
function@add16x16_idct,0,0,0,0,0,0,0,0,0,0,0
function@add16x16_idct_dc,0,0,0,0,0,2,0,0,0,0,2
function@sub8x8_dct8,62,50,0,101,0,2,62,50,101,0,2
function@add8x8_idct8,32,4,0,17,0,15,773,34.875,233.125,0,478.125
function@sub16x16_dct8,0,0,0,0,0,0,0,0,0,0,0
function@add16x16_idct8,0,0,0,0,0,0,0,0,0,0,0
function@dct4x4dc,0,14,0,14,0,8,0,14,14,0,8
function@idct4x4dc,0,14,0,14,0,10,0,14,14,0,10
function@x264_dct_init_weights,0,0,0,0,0,4,0,0,0,0,127.5
function@x264_zigzag_init,0,0,0,0,0,0,0,0,0,0,0
function@zigzag_scan_8x8_field,0,0,0,0,0,0,0,0,0,0,0
function@zigzag_scan_4x4_field,0,0,0,0,0,0,0,0,0,0,0
function@zigzag_sub_8x8_field,0,0,0,0,0,5,0,0,0,0,5
function@zigzag_sub_4x4_field,0,0,0,0,0,1,0,0,0,0,1
function@zigzag_sub_4x4ac_field,0,0,0,0,0,1,0,0,0,0,1
function@zigzag_scan_8x8_frame,0,0,0,0,0,0,0,0,0,0,0
function@zigzag_scan_4x4_frame,0,0,0,0,0,0,0,0,0,0,0
function@zigzag_sub_8x8_frame,0,0,0,0,0,5,0,0,0,0,5
function@zigzag_sub_4x4_frame,0,0,0,0,0,1,0,0,0,0,1
function@zigzag_sub_4x4ac_frame,0,0,0,0,0,1,0,0,0,0,1
function@zigzag_interleave_8x8_cavlc,0,0,0,0,0,0,0,0,0,0,0
function@add4x4_idct_dc,0,0,0,0,0,0,0,0,0,0,0
function@x264_cabac_context_init,0,0,0,0,0,5,0,0,0,0,79.875
function@x264_cabac_encode_init_core,0,0,0,0,0,0,0,0,0,0,0
function@x264_cabac_encode_init,0,0,0,0,0,0,0,0,0,0,0
function@x264_cabac_encode_decision_c,2,0,0,1,0,13,0.506173,0,0.308642,0,8.60494
function@x264_cabac_encode_bypass_c,2,0,0,1,0,9,0.401961,0,0.245098,0,3.06863
function@x264_cabac_encode_ue_bypass,4,0,0,3,0,18,58,0,42.875,0,230.938
function@x264_cabac_encode_terminal_c,2,0,0,1,0,10,0.506173,0,0.308642,0,5.60494
function@x264_cabac_encode_flush,6,0,0,3,0,26,1.45399,0,0.895705,0,8.11043
function@x264_init_vlc_tables,20,9,0,14,1,15,6334.25,3711.12,3902.25,1,8095.25
function@x264_predict_16x16_init,0,0,0,0,0,0,0,0,0,0,0
function@predict_16x16_v,0,0,0,0,0,0,0,0,0,0,0
function@predict_16x16_h,0,0,0,0,0,0,0,0,0,0,0
function@predict_16x16_dc,0,0,0,0,0,0,0,0,0,0,0
function@predict_16x16_p,20,6,0,21,0,6,483.125,129.5,422.375,0,160.375
function@predict_16x16_dc_left,0,0,0,0,0,0,0,0,0,0,0
function@predict_16x16_dc_top,0,0,0,0,0,0,0,0,0,0,0
function@predict_16x16_dc_128,0,0,0,0,0,0,0,0,0,0,0
function@x264_predict_8x8c_init,0,0,0,0,0,0,0,0,0,0,0
function@predict_8x8c_v,0,0,0,0,0,0,0,0,0,0,0
function@predict_8x8c_h,0,0,0,0,0,0,0,0,0,0,0
function@predict_8x8c_dc,1,2,0,3,0,0,1,2,3,0,0
function@predict_8x8c_p,10,0,0,14,3,5,318.75,0,168.375,95.625,5
function@predict_8x8c_dc_left,0,0,0,0,0,0,0,0,0,0,0
function@predict_8x8c_dc_top,0,0,0,0,0,0,0,0,0,0,0
function@predict_8x8c_dc_128,0,0,0,0,0,0,0,0,0,0,0
function@x264_predict_8x8_init,0,0,0,0,0,0,0,0,0,0,0
function@predict_8x8_v,0,0,0,0,0,0,0,0,0,0,0
function@predict_8x8_h,0,2,0,2,0,0,0,2,2,0,0
function@predict_8x8_dc,0,0,0,0,0,0,0,0,0,0,0
function@predict_8x8_ddl,2,0,0,2,0,0,2,0,2,0,0
function@predict_8x8_ddr,3,0,0,3,0,0,3,0,3,0,0
function@predict_8x8_vr,9,0,0,9,0,2,9,0,9,0,2
function@predict_8x8_hd,12,2,0,13,0,8,12,2,13,0,8
function@predict_8x8_vl,4,1,0,5,0,2,4,1,5,0,2
function@predict_8x8_hu,2,0,0,1,0,2,2,0,1,0,2
function@predict_8x8_dc_left,0,0,0,0,0,0,0,0,0,0,0
function@predict_8x8_dc_top,0,0,0,0,0,0,0,0,0,0,0
function@predict_8x8_dc_128,0,0,0,0,0,0,0,0,0,0,0
function@predict_8x8_filter,0,0,0,0,0,7,0,0,0,0,4
function@x264_predict_4x4_init,0,0,0,0,0,0,0,0,0,0,0
function@predict_4x4_v,0,0,0,0,0,0,0,0,0,0,0
function@predict_4x4_h,0,0,0,0,0,0,0,0,0,0,0
function@predict_4x4_dc,0,0,0,0,0,0,0,0,0,0,0
function@predict_4x4_ddl,0,0,0,0,0,0,0,0,0,0,0
function@predict_4x4_ddr,3,0,0,3,0,0,3,0,3,0,0
function@predict_4x4_vr,2,0,0,2,0,0,2,0,2,0,0
function@predict_4x4_hd,4,0,0,4,0,1,4,0,4,0,1
function@predict_4x4_vl,1,0,0,1,0,1,1,0,1,0,1
function@predict_4x4_hu,0,0,0,0,0,0,0,0,0,0,0
function@predict_4x4_dc_left,0,0,0,0,0,0,0,0,0,0,0
function@predict_4x4_dc_top,0,0,0,0,0,0,0,0,0,0,0
function@predict_4x4_dc_128,0,0,0,0,0,0,0,0,0,0,0
function@x264_quant_init,0,0,0,0,0,0,0,0,0,0,0
function@quant_8x8,0,0,0,0,0,3,0,0,0,0,47.9375
function@quant_4x4,0,1,0,1,0,2,0,0.5,0.5,0,16.5
function@quant_4x4_dc,7,5,0,13,0,32,7,5,12,0,15.7619
function@quant_2x2_dc,0,0,0,0,0,12,0,0,0,0,5.66667
function@dequant_4x4,0,0,0,0,0,9,0,0,0,0,6
function@dequant_4x4_dc,0,0,0,0,0,4,0,0,0,0,3
function@dequant_8x8,0,0,0,0,0,3,0,0,0,0,3
function@x264_denoise_dct,3,3,0,3,0,10,0.380952,8.22222,0.492064,0,55.6349
function@x264_decimate_score15,0,0,0,0,0,1,0,0,0,0,1.08941
function@x264_decimate_score16,0,0,0,0,0,1,0,0,0,0,1.74306
function@x264_decimate_score64,0,0,0,0,0,1,0,0,0,0,1.7437
function@x264_coeff_last4,0,0,0,0,0,0,0,0,0,0,0
function@x264_coeff_last15,0,0,0,0,0,1,0,0,0,0,15.8146
function@x264_coeff_last16,0,0,0,0,0,1,0,0,0,0,15.453
function@x264_coeff_last64,0,0,0,0,0,1,0,0,0,0,15.746
function@x264_coeff_level_run4,1,0,0,1,0,10,0.579545,0,1.14318,0,23.9341
function@x264_coeff_level_run15,1,0,0,1,0,9,0.316377,0,0.624069,0,27.8064
function@x264_coeff_level_run16,1,0,0,1,0,9,0.310219,0,0.611922,0,27.2652
function@x264_mb_predict_mv,6,0,0,4,0,17,3,0,3.25,0,8.07292
function@x264_mb_predict_mv_16x16,0,6,0,2,0,9,0,2.79528,2,0,6.03937
function@x264_mb_predict_mv_pskip,2,3,0,5,0,8,0.13467,0.449857,0.702006,0,1.39542
function@x264_mb_predict_mv_direct16x16,49,37,0,46,4,65,9.75732,7.61386,10.426,0.190429,15.9989
function@x264_mb_predict_mv_ref16x16,14,3,0,12,0,14,5.16484,1.30769,6.64835,0,5.63736
function@RBSPtoSODB,0,0,0,0,0,1,0,0,0,0,1
function@EBSPtoRBSP,1,0,0,1,0,6,1.06122,0,0.24898,0,1.40816
function@intrapred8x8_mbaff,416,53,0,233,8,147,32.2023,3.67734,19.8703,0.320312,11.947
function@LowPassForIntra8x8Pred,16,1,0,20,0,2,6.35165,0.461538,9.73077,0,1.74176
function@init_motion_vector_prediction,0,0,0,0,0,0,0,0,0,0,0
function@GetMotionVectorPredictorMBAFF,21,15,0,11,4,23,5.72941,8.09804,6.23529,0.972549,4.58431
function@GetMotionVectorPredictorNormal,2,5,0,3,0,10,0.307692,0.991758,3,0,0.928571
function@set_ec_flag,0,0,0,0,0,0,0,0,0,0,0
function@reset_ec_flags,0,0,0,0,0,0,0,0,0,0,0
function@get_concealed_element,0,0,0,0,0,0,0,0,0,0,0
function@mb_pred_intra4x4,11,1,0,4,2,4,63.8346,0.0629921,15.7165,7.04724,26.1811
function@mb_pred_intra16x16,0,0,0,0,0,0,0,0,0,0,0
function@mb_pred_intra8x8,1,0,0,1,0,0,0.333333,0,1,0,0
function@mb_pred_skip,1,0,0,1,0,1,0.333333,0,1,0,1
function@set_chroma_vector,25,18,0,18,0,118,19.2774,10.7863,3.89048,0,69.036
function@mb_pred_sp_skip,0,0,0,0,0,1,0,0,0,0,1
function@mb_pred_p_inter8x8,1,13,0,14,0,9,0.625,384.25,14,0,132.75
function@mb_pred_p_inter16x16,0,0,0,0,0,1,0,0,0,0,1
function@mb_pred_p_inter16x8,1,0,0,1,0,1,0.666667,0,1,0,1
function@mb_pred_p_inter8x16,1,0,0,1,0,1,0.666667,0,1,0,1
function@mb_pred_b_d8x8temporal,55,9,0,23,4,31,10334.2,4422.25,7805.09,66,15317.4
function@mb_pred_b_d4x4temporal,35,4,0,17,4,17,8290.56,2720,5317,66,10208.5
function@mb_pred_b_d8x8spatial,47,11,0,33,8,55,2590.88,580.938,1779.25,28.5,1727.5
function@mb_pred_b_d4x4spatial,38,2,0,10,4,13,4437.12,2048,2348,66,3329.12
function@mb_pred_b_inter8x8,28,6,0,16,6,16,402.625,973.5,156.188,80.8125,823.5
function@mb_pred_ipcm,24,2,0,17,0,14,179.632,5.86207,14.8736,0,250.161
function@constructTiff,0,0,0,0,0,0,0,0,0,0,0
function@destructTiff,0,0,0,0,0,0,0,0,0,0,0
function@horizontal_half_1chan_cosite,49,14,0,37,0,24,6428.67,4126.83,1789.33,0,2096.92
function@vertical_half_1chan,64,19,0,54,3,21,7724.17,1493.95,814.19,1.2381,411.333
function@ReadTIFFImage,108,77,0,86,4,108,4.99277,6.48039,4.37829,0.0747734,19.4017
function@getU16,0,0,0,0,0,0,0,0,0,0,0
function@getU32,0,0,0,0,0,0,0,0,0,0,0
function@getSwappedU16,0,0,0,0,0,0,0,0,0,0,0
function@getSwappedU32,0,0,0,0,0,0,0,0,0,0,0
function@getIntArray,1,2,0,3,0,5,1,7.5098,1.22549,0,15.1078
function@DeblockPicture,0,0,0,0,0,2,0,0,0,0,42.5
function@DeblockMb,82,28,0,17,3,19,132.628,84.9173,21.6097,0.69043,57.4037
function@DeblockPicturePartially,0,0,0,0,0,2,0,0,0,0,31.875
function@init_Deblock,48,49,0,62,0,52,1372.93,1387.58,496.461,0,945.078
function@forward4x4,28,4,0,19,0,23,28,4,19,0,23
function@inverse4x4,27,4,0,21,0,25,27,4,21,0,25
function@hadamard4x4,26,2,0,21,0,4,26,2,21,0,4
function@ihadamard4x4,26,1,0,19,0,11,26,1,19,0,11
function@hadamard4x2,3,6,0,7,0,0,3,6,7,0,0
function@ihadamard4x2,13,0,0,8,0,2,13,0,8,0,2
function@hadamard2x2,0,0,0,0,0,0,0,0,0,0,0
function@ihadamard2x2,0,0,0,0,0,0,0,0,0,0,0
function@forward8x8,36,14,0,35,2,21,1121,448,810,64,548
function@inverse8x8,33,6,0,28,2,34,1025,192,586,64,964
function@set_chroma_qp,0,0,0,0,0,0,0,0,0,0,0
function@update_qp,1,0,0,1,0,0,1,0,1,0,0
function@invScaleCoeff,1,0,0,1,0,3,0.64,0,0.64,0,1.92
function@start_macroblock,2,0,0,2,0,8,1.375,0,2,0,6
function@exit_macroblock,0,0,0,0,0,1,0,0,0,0,1
function@setup_slice_methods,0,0,0,0,0,0,0,0,0,0,0
function@interpret_mb_mode_P,0,0,0,0,0,2,0,0,0,0,0.583333
function@read_motion_info_from_NAL_p_slice,6,0,0,4,0,0,5.5,0,4,0,0
function@read_one_macroblock_p_slice,32,6,0,9,4,10,14.3291,1.45744,7.06104,1.5,5.01024
function@decode_one_component_p_slice,0,0,0,0,0,0,0,0,0,0,0
function@decode_one_component_sp_slice,0,0,0,0,0,0,0,0,0,0,0
function@interpret_mb_mode_B,0,0,0,0,0,0,0,0,0,0,0
function@read_motion_info_from_NAL_b_slice,71,2,0,8,0,5,59,2,8,0,5
function@read_one_macroblock_b_slice,32,4,0,9,0,10,13.1669,1.02384,8.06104,0,4.43585
function@decode_one_component_b_slice,0,0,0,0,0,0,0,0,0,0,0
function@interpret_mb_mode_I,0,0,0,0,0,1,0,0,0,0,0.333333
function@read_one_macroblock_i_slice,12,5,0,5,0,10,8.02734,1.89062,5,0,3.80469
function@decode_one_component_i_slice,0,0,0,0,0,0,0,0,0,0,0
function@interpret_mb_mode_SI,0,0,0,0,0,1,0,0,0,0,0.25
function@read_CBP_and_coeffs_from_NAL_CABAC_444,33,20,0,21,7,7,99.666,35.2438,35.3958,2.9711,3.48186
function@read_CBP_and_coeffs_from_NAL_CABAC_422,121,56,0,74,13,36,3937.57,929.92,390.705,75.6387,2377.71
function@read_CBP_and_coeffs_from_NAL_CABAC_400,15,3,0,8,4,5,7.0558,2.55752,5.00717,0.637764,1.93498
function@read_CBP_and_coeffs_from_NAL_CABAC_420,112,57,0,62,16,34,1718.37,1447.35,310.086,120.973,584.859
function@read_CBP_and_coeffs_from_NAL_CAVLC_444,43,19,0,19,4,21,86.2926,37.829,45.1667,1.51276,38.6225
function@read_CBP_and_coeffs_from_NAL_CAVLC_422,136,56,0,91,27,49,3583.32,1036.2,649.28,76.1417,2573.91
function@read_CBP_and_coeffs_from_NAL_CAVLC_400,21,6,0,9,3,10,9.04812,5.4164,6.92457,0.512764,7.25645
function@read_CBP_and_coeffs_from_NAL_CAVLC_420,122,58,0,84,28,30,1975.52,1291.97,762.159,121.002,530.091
function@SetB8Mode,0,0,0,0,0,0,0,0,0,0,0
function@reset_coeffs,0,0,0,0,0,0,0,0,0,0,0
function@field_flag_inference,0,0,0,0,0,0,0,0,0,0,0
function@skip_macroblock,32,3,0,12,3,49,387.969,1.71289,7.875,1.75,396.5
function@get_neighbors,2,2,0,3,0,0,0.980392,1.13725,3,0,0
function@predict_nnz,7,1,0,3,0,0,1.84668,1,3,0,0
function@predict_nnz_chroma,7,1,0,3,0,7,1.73828,0.5,1.5,0,2.83203
function@decode_one_macroblock,0,0,0,0,0,6,0,0,0,0,1.41176
function@init_cur_imgy,12,24,0,3,0,25,28.022,56.044,1.12088,0,90.8022
function@change_plane_JV,0,0,0,0,0,0,0,0,0,0,0
function@make_frame_picture_JV,0,0,0,0,0,4,0,0,0,0,80.8421
function@init_macroblock,0,0,0,0,0,0,0,0,0,0,0
function@read_ipred_modes,40,7,0,25,2,3,29517.6,10457.2,3501.73,92.1212,2017.94
function@concealIPCMcoeffs,6,0,0,6,0,9,7.64126,0,6.18386,0,203.722
function@read_IPCM_coeffs_from_NAL,19,0,0,9,1,21,143.328,0,21.3555,0.0457764,225.029
function@readMBRefPictureIdx,9,11,0,12,3,14,116064,18079.5,6951.38,660.75,226431
function@readMBMotionVectors,74,44,0,69,7,52,1.98537e+07,1.66642e+07,4.33629e+06,91836,1.64137e+07
function@readRefPictureIdx_FLC,0,0,0,0,0,0,0,0,0,0,0
function@readRefPictureIdx_VLC,0,0,0,0,0,0,0,0,0,0,0
function@read_delta_quant,2,0,0,2,0,4,2,0,2,0,4
function@readCompCoeff8x8MB_CABAC,0,0,0,0,0,18,0,0,0,0,10
function@readCompCoeff4x4MB_CABAC,25,20,0,19,0,25,10995.1,1022.87,791.397,0,32009.2
function@readCompCoeff8x8_CABAC,32,7,0,20,0,10,40.902,26.549,11.7451,0,16.3529
function@readCompCoeff8x8_CABAC_lossless,24,2,0,13,0,8,61.2385,6.54128,18.6972,0,11.2752
function@readCompCoeff4x4SMB_CABAC,33,15,0,17,2,10,71101.6,49170.3,3112.19,893.905,15553.2
function@readCoeff4x4_CAVLC,37,17,0,37,7,31,13.8644,29.8327,8.30111,1.41667,40.5159
function@readCompCoeff4x4MB_CAVLC,124,39,0,83,5,30,311557,108696,147989,697,77933
function@readCompCoeff8x8MB_CAVLC,100,40,0,53,1,19,284769,120096,90277.4,1,64897
function@ercConcealInterFrame,31,23,0,27,2,19,5267.19,3151.25,2944.31,108.135,1794.48
function@concealByTrial,66,12,0,31,18,7,3810.22,645.601,1330.11,1079.87,1205.78
function@concealByCopy,105,22,0,70,2,50,1736.44,343.812,158.797,7.875,1019.03
function@conceal_lost_frames,6,1,0,6,0,11,65.75,15.9375,19.4375,0,1054.88
function@update_ref_list_for_concealment,2,1,0,2,0,1,0.925,0.625,1.25,0,10.225
function@init_lists_for_non_reference_loss,37,1,0,18,0,48,48.2812,4.98438,16.9844,0,125.578
function@compare_pic_by_pic_num_desc,0,0,0,0,0,0,0,0,0,0,0
function@compare_pic_by_poc_desc,0,0,0,0,0,0,0,0,0,0,0
function@compare_pic_by_poc_asc,0,0,0,0,0,0,0,0,0,0,0
function@compare_pic_by_lt_pic_num_asc,0,0,0,0,0,0,0,0,0,0,0
function@get_pic_from_dpb,0,0,0,0,0,2,0,0,0,0,0.695652
function@comp,0,0,0,0,0,0,0,0,0,0,0
function@init_node,0,0,0,0,0,0,0,0,0,0,0
function@print_node,0,0,0,0,0,0,0,0,0,0,0
function@print_list,0,0,0,0,0,0,0,0,0,0,0
function@delete_list,0,0,0,0,0,2,0,0,0,0,25.0588
function@conceal_non_ref_pics,10,1,0,10,0,10,23.96,25.56,19.72,0,67.84
function@copy_to_conceal,159,71,0,113,5,88,10929.9,4197.02,6001.85,48.0885,2989.83
function@sliding_window_poc_management,0,0,0,0,0,2,0,0,0,0,15.9375
function@write_lost_non_ref_pic,0,0,0,0,0,0,0,0,0,0,0
function@write_lost_ref_after_idr,0,0,0,0,0,1,0,0,0,0,0.380952
function@buildPredRegionYUV,111,40,0,84,3,27,1.50441e+07,7.99068e+06,3.96859e+06,1036.89,1.74642e+06
function@edgeDistortion,327,4,0,366,0,41,1558.14,16,1062.14,0,348.81
function@copyPredMB,89,26,0,57,7,39,1316.67,351.667,160.373,10.6078,589.569
function@intra4x4_pred_mbaff,107,15,0,84,0,40,7.36347,1.10312,7.01249,0,3.48984
function@arideco_create_decoding_environment,0,0,0,0,0,2,0,0,0,0,2
function@arideco_delete_decoding_environment,0,0,0,0,0,0,0,0,0,0,0
function@arideco_done_decoding,0,0,0,0,0,0,0,0,0,0,0
function@getbyte,0,0,0,0,0,0,0,0,0,0,0
function@getword,0,0,0,0,0,0,0,0,0,0,0
function@arideco_start_decoding,0,0,0,0,0,0,0,0,0,0,0
function@arideco_bits_read,0,0,0,0,0,0,0,0,0,0,0
function@biari_decode_symbol,3,1,0,2,1,7,1.69048,0.5,2,0.5,5.7381
function@biari_decode_symbol_eq_prob,0,0,0,0,0,1,0,0,0,0,0.380952
function@biari_decode_final,0,0,0,0,0,1,0,0,0,0,1
function@biari_init_context,0,0,0,0,0,0,0,0,0,0,0
function@InterpretSEIMessage,0,0,0,0,0,30,0,0,0,0,1635.14
function@interpret_buffering_period_info,0,0,0,0,0,1,0,0,0,0,1
function@interpret_picture_timing_info,2,0,0,2,0,2,3.41912,0,0.235294,0,3.42647
function@interpret_pan_scan_rect_info,0,0,0,0,0,2,0,0,0,0,1.35294
function@interpret_recovery_point_info,0,0,0,0,0,2,0,0,0,0,2
function@interpret_dec_ref_pic_marking_repetition_info,3,0,0,3,0,1,3,0,3,0,1
function@interpret_spare_pic,25,3,0,29,2,27,7769.92,873.325,1478.28,43.3329,13101.9
function@interpret_scene_information,0,0,0,0,0,1,0,0,0,0,1
function@interpret_subsequence_info,0,0,0,0,0,1,0,0,0,0,1
function@interpret_subsequence_layer_characteristics_info,0,0,0,0,0,2,0,0,0,0,2
function@interpret_subsequence_characteristics_info,0,0,0,0,0,2,0,0,0,0,2
function@interpret_full_frame_freeze_info,0,0,0,0,0,1,0,0,0,0,1
function@interpret_full_frame_snapshot_info,0,0,0,0,0,1,0,0,0,0,1
function@interpret_progressive_refinement_start_info,0,0,0,0,0,1,0,0,0,0,1
function@interpret_progressive_refinement_end_info,0,0,0,0,0,1,0,0,0,0,1
function@interpret_motion_constrained_slice_group_set_info,0,0,0,0,0,3,0,0,0,0,3
function@interpret_film_grain_characteristics_info,3,2,0,5,0,26,8.81379,0.744828,1.01379,0,40.4759
function@interpret_deblocking_filter_display_preference_info,0,0,0,0,0,1,0,0,0,0,1
function@interpret_stereo_video_info_info,0,0,0,0,0,1,0,0,0,0,1
function@interpret_tone_mapping,78,37,0,52,6,76,27.169,43.059,18.4198,0.212109,51.7034
function@interpret_post_filter_hints_info,6,6,0,6,0,16,577,1584,66,0,3668
function@interpret_frame_packing_arrangement_info,0,0,0,0,0,4,0,0,0,0,2.04762
function@tone_map,5,0,0,5,0,9,623.688,0,42.8125,0,1744.56
function@init_tone_mapping_sei,0,0,0,0,0,0,0,0,0,0,0
function@update_tone_mapping_sei,0,0,0,0,0,0,0,0,0,0,0
function@error,0,0,0,0,0,0,0,0,0,0,0
function@FreeDecPicList,0,0,0,0,0,1,0,0,0,0,21.25
function@init_frext,3,0,0,2,0,6,2.2381,0,2,0,4.09524
function@AllocPartition,2,0,0,1,0,3,20.9988,0,1,0,40.9976
function@FreePartition,2,0,0,2,0,1,42.5,0,1.33333,0,21.25
function@malloc_slice,0,0,0,0,0,4,0,0,0,0,35
function@init_global_buffers,2,2,0,4,0,8,1,13.3214,2.01786,0,54.0893
function@free_global_buffers,0,0,0,0,0,0,0,0,0,0,0
function@ClearDecPicList,0,0,0,0,0,5,0,0,0,0,15.1176
function@GetOneAvailDecPicFromList,0,0,0,0,0,4,0,0,0,0,17.7143
function@OpenDecoder,0,0,0,0,0,2,0,0,0,0,1.94118
function@DecodeOneFrame,0,0,0,0,0,4,0,0,0,0,6.46364
function@FinitDecoder,0,0,0,0,0,5,0,0,0,0,4.06215
function@CloseDecoder,7,0,0,4,0,9,3.125,0,2.5,0,39.8437
function@free_slice,0,0,0,0,0,1,0,0,0,0,1
function@init_all_macroblocks,0,0,0,0,0,0,0,0,0,0,0
function@init_slice,0,0,0,0,0,0,0,0,0,0,0
function@reorder_lists,0,0,0,0,0,0,0,0,0,0,0
function@decode_slice,70,6,0,41,1,27,79839.5,355.064,7224.81,0.193548,26589.6
function@decode_one_slice,15,29,0,5,0,15,179.957,355.914,5.125,0,290
function@decode_one_frame,49,17,0,31,2,52,453.25,274.5,89.545,5,1221.16
function@init_picture,8,0,0,3,0,21,3.34066,0,3,0,59.408
function@read_new_slice,15,2,0,4,6,6,12.0501,7.02369,9.13591,7.79352,23.618
function@CopySliceInfo,0,0,0,0,0,0,0,0,0,0,0
function@exit_picture,59,17,0,45,0,19,404.047,134.058,215.523,0,90.0495
function@buffer2img,34,17,0,43,2,79,235.688,193.486,42.4404,4.76147,511.954
function@compute_SSE,9,3,0,12,0,9,853.177,326.206,845.294,0,263.794
function@calculate_frame_no,0,0,0,0,0,1,0,0,0,0,1
function@find_snr,30,13,0,28,0,26,22713.4,425.844,16113,0,4404.23
function@is_new_picture,0,2,0,1,0,0,0,0.454902,1,0,0
function@pad_buf,26,4,0,20,1,49,281.951,41.3431,40.7353,0.627451,1721.12
function@pad_dec_picture,0,2,0,2,0,0,0,1.2381,1.2381,0,0
function@field_postprocessing,0,0,0,0,0,1,0,0,0,0,1
function@ercWriteMBMODEandMV,67,7,0,34,1,23,9.20833,0.666667,7.25,0.5,4.20833
function@init_old_slice,0,0,0,0,0,0,0,0,0,0,0
function@copy_dec_picture_JV,0,0,0,0,0,1,0,0,0,0,0.617647
function@GetVOIdx,0,0,0,0,0,3,0,0,0,0,6.63415
function@get_maxViewIdx,0,0,0,0,0,1,0,0,0,0,6.21951
function@intrapred16x16,0,0,0,0,0,0,0,0,0,0,0
function@ParseSizeFromString,0,0,0,0,0,10,0,0,0,0,16.0703
function@ParseFrameNoFormatFromString,0,2,0,2,0,5,0,8.71601,1.25,0,26.5852
function@OpenFrameFile,0,0,0,0,0,5,0,0,0,0,5
function@OpenFiles,0,0,0,0,0,0,0,0,0,0,0
function@CloseFiles,0,0,0,0,0,0,0,0,0,0,0
function@ParseVideoType,0,0,0,0,0,0,0,0,0,0,0
function@compute_residue,8,3,0,11,0,6,70,38.25,46.95,0,242.9
function@sample_reconstruct,12,7,0,19,0,18,417.8,566.85,64.7,0,517.1
function@JMDecHelpExit,0,0,0,0,0,0,0,0,0,0,0
function@ParseCommand,3,4,0,6,0,14,0.439738,2.19212,2.01353,0,11.7371
function@get_colocated_info_4x4,0,0,0,0,0,4,0,0,0,0,0.252199
function@get_colocated_info_8x8,5,0,0,1,0,23,0.622936,0,0.375229,0,2.16697
function@update_direct_types,0,0,0,0,0,0,0,0,0,0,0
function@update_direct_mv_info_spatial_8x8,51,0,0,11,0,3,83.0951,0,42.1582,0,28.0493
function@update_direct_mv_info_temporal,112,33,0,49,3,74,1.21457e+07,2.04189e+06,3.6817e+06,512.5,5.20168e+06
function@update_direct_mv_info_spatial_4x4,40,6,0,19,0,24,27287.5,2257.5,8291.88,0,17075
function@intrapred,0,0,0,0,0,0,0,0,0,0,0
function@itrans8x8,7,0,0,7,0,19,111.562,0,18.9375,0,143.938
function@fmo_init,109,48,0,76,3,94,2632.92,915.969,194.687,0.132533,2272.67
function@FmoFinit,0,0,0,0,0,0,0,0,0,0,0
function@FmoGetNumberOfSliceGroup,0,0,0,0,0,0,0,0,0,0,0
function@FmoGetLastMBOfPicture,0,0,0,0,0,0,0,0,0,0,0
function@FmoGetLastMBInSliceGroup,0,0,0,0,0,0,0,0,0,0,0
function@FmoGetSliceGroupId,0,0,0,0,0,0,0,0,0,0,0
function@FmoGetNextMBNr,0,0,0,0,0,3,0,0,0,0,18.5
function@intrapred8x8_normal,324,50,0,189,19,54,25.932,3.52734,15.6906,0.700781,4.81875
function@LowPassForIntra8x8Pred,16,1,0,20,0,2,6.35165,0.461538,9.73077,0,1.74176
function@itrans4x4,0,0,0,0,0,0,0,0,0,0,0
function@itrans4x4_ls,10,0,0,3,0,1,10,0,3,0,1
function@Inv_Residual_trans_4x4,62,0,0,40,0,3,28,0,15.3333,0,1
function@Inv_Residual_trans_8x8,139,2,0,30,0,23,297.667,64,76.6667,0,146
function@Inv_Residual_trans_16x16,39,5,0,30,13,6,291.792,1.66667,10.125,2.70833,81.3333
function@Inv_Residual_trans_Chroma,38,17,0,28,1,41,1105.11,458.242,281.109,0.15625,1151.8
function@itrans_2,1,0,0,1,0,15,1,0,1,0,15
function@itrans_sp,90,5,0,27,0,34,1085,65,145,0,468
function@itrans_sp_cr,109,14,0,47,2,61,274388,56515.9,59317.3,7.80769,108842
function@iMBtrans4x4,2,0,0,1,0,4,1.19118,0,1,0,1.17647
function@copy_image_data_16x16,0,0,0,0,0,0,0,0,0,0,0
function@iMBtrans8x8,0,0,0,0,0,0,0,0,0,0,0
function@iTransform,82,9,0,42,3,28,695.918,53.5738,170.779,0.754098,163.025
function@copy_image_data,3,3,0,4,0,5,20.72,30.6,1.28,0,1.92
function@copy_image_data_8x8,0,0,0,0,0,0,0,0,0,0,0
function@copy_image_data_4x4,0,0,0,0,0,0,0,0,0,0,0
function@CheckVertMV,0,0,0,0,0,0,0,0,0,0,0
function@initBitsFile,0,0,0,0,0,0,0,0,0,0,0
function@read_next_nalu,0,0,0,0,0,0,0,0,0,0,0
function@CheckZeroByteNonVCL,0,0,0,0,0,0,0,0,0,0,0
function@CheckZeroByteVCL,0,0,0,0,0,0,0,0,0,0,0
function@nal_unit_header_mvc_extension,0,0,0,0,0,0,0,0,0,0,0
function@main,0,0,0,0,0,1,0,0,0,0,14.8423
function@set_loop_filter_functions_normal,0,0,0,0,0,0,0,0,0,0,0
function@GetStrengthVer,54,37,0,54,3,40,1.11753,1.63472,1.7951,0.401917,0.831736
function@GetStrengthHor,58,34,0,50,0,42,1.02135,1.2707,1.43081,0,0.639492
function@EdgeLoopLumaVer,76,56,0,49,4,71,1345.83,723.781,769.576,16.3113,1147.62
function@EdgeLoopLumaHor,116,46,0,60,0,88,1309.6,737.06,332.543,0,1164.58
function@EdgeLoopChromaVer,23,8,0,14,0,12,25.2658,10.4051,15.6329,0,30.8987
function@EdgeLoopChromaHor,14,8,0,14,0,9,14.8764,10.6067,12.6629,0,25.6067
function@AllocNALU,0,0,0,0,0,3,0,0,0,0,3
function@FreeNALU,0,0,0,0,0,0,0,0,0,0,0
function@intrapred_16x16_mbaff,12,23,0,31,1,14,7.975,34.2594,5.3,0.2,20.6344
function@init_contexts,272,33,0,44,0,42,3609.33,358.875,549.958,0,485.708
function@malloc_annex_b,0,0,0,0,0,1,0,0,0,0,1
function@init_annex_b,0,0,0,0,0,0,0,0,0,0,0
function@free_annex_b,0,0,0,0,0,0,0,0,0,0,0
function@GetAnnexbNALU,3,0,0,3,0,9,4.75143,0,0.624097,0,12.0635
function@OpenAnnexBFile,0,0,0,0,0,1,0,0,0,0,0.380952
function@CloseAnnexBFile,0,0,0,0,0,0,0,0,0,0,0
function@ResetAnnexB,0,0,0,0,0,0,0,0,0,0,0
function@GetConfigFileContent,0,0,0,0,0,8,0,0,0,0,2.82887
function@ParseContent,2,2,0,2,2,6,2.14286,10.625,2.14286,0.9375,100.605
function@InitParams,0,0,0,0,0,0,0,0,0,0,0
function@TestParams,1,0,0,1,0,0,1.75,0,1.75,0,0
function@DisplayParams,0,0,0,0,0,1,0,0,0,0,1
function@intra4x4_pred_normal,83,18,0,71,0,16,5.79765,1.23516,5.35761,0,1.20683
function@timediff,0,0,0,0,0,0,0,0,0,0,0
function@timenorm,0,0,0,0,0,0,0,0,0,0,0
function@ercInit,0,0,0,0,0,2,0,0,0,0,2
function@ercClose,0,0,0,0,0,0,0,0,0,0,0
function@ercOpen,0,0,0,0,0,2,0,0,0,0,2
function@ercSetErrorConcealment,0,0,0,0,0,0,0,0,0,0,0
function@ercReset,1,0,0,1,0,6,0.144828,0,0.144828,0,1.01379
function@ercStartSegment,0,0,0,0,0,0,0,0,0,0,0
function@ercStopSegment,0,0,0,0,0,0,0,0,0,0,0
function@ercMarkCurrSegmentLost,6,2,0,7,0,5,50.7647,20.0588,31.5882,0,20.9412
function@ercMarkCurrSegmentOK,6,2,0,7,0,5,51.64,20.4,32.2,0,21.36
function@ercMarkCurrMBConcealed,0,0,0,0,0,1,0,0,0,0,0.0963303
function@reorder_short_term,5,0,0,4,0,17,5.09412,0,5.34118,0,73.9059
function@reorder_long_term,5,0,0,4,0,17,4.65882,0,4.90588,0,73.9059
function@init_lists_i_slice_mvc,0,0,0,0,0,0,0,0,0,0,0
function@init_lists_p_slice_mvc,38,15,0,27,2,31,72.6239,5.77982,12.6697,0.373089,49.2202
function@compare_pic_by_pic_num_desc,0,0,0,0,0,0,0,0,0,0,0
function@compare_pic_by_lt_pic_num_asc,0,0,0,0,0,0,0,0,0,0,0
function@compare_fs_by_frame_num_desc,0,0,0,0,0,0,0,0,0,0,0
function@compare_fs_by_lt_pic_idx_asc,0,0,0,0,0,0,0,0,0,0,0
function@init_lists_b_slice_mvc,88,35,0,56,3,84,123.917,22.5168,21.2905,0.960245,128.41
function@compare_pic_by_poc_desc,0,0,0,0,0,0,0,0,0,0,0
function@compare_pic_by_poc_asc,0,0,0,0,0,0,0,0,0,0,0
function@compare_fs_by_poc_desc,0,0,0,0,0,0,0,0,0,0,0
function@compare_fs_by_poc_asc,0,0,0,0,0,0,0,0,0,0,0
function@init_lists_mvc,113,56,0,79,5,116,54.5244,7.49084,9.64469,0.828449,59.0281
function@reorder_ref_pic_list_mvc,55,7,0,44,5,46,301.072,56.2942,85.5194,3.54179,525.724
function@reorder_lists_mvc,0,0,0,0,0,0,0,0,0,0,0
function@ReadFrameConcatenated,1,3,0,3,0,5,0.494533,15.825,1.89162,0,12.7329
function@ReadFrameSeparate,6,3,0,3,0,4,1.49453,15.825,1.89162,0,2.89162
function@Scaling_List,2,0,0,2,0,10,12.72,0,12.72,0,78.64
function@InterpretSPS,13,2,0,11,1,15,1146,25.6389,441.819,0.486111,1265.39
function@InitVUI,0,0,0,0,0,0,0,0,0,0,0
function@ReadVUI,0,0,0,0,0,0,0,0,0,0,0
function@ReadHRDParameters,0,0,0,0,0,0,0,0,0,0,0
function@InterpretPPS,13,2,0,10,1,16,569.571,12.7395,217.282,0.243697,628.357
function@MakePPSavailable,0,0,0,0,0,0,0,0,0,0,0
function@CleanUpPPS,0,0,0,0,0,1,0,0,0,0,31.875
function@MakeSPSavailable,0,0,0,0,0,0,0,0,0,0,0
function@ProcessSPS,0,0,0,0,0,2,0,0,0,0,2
function@get_max_dec_frame_buf_size,0,0,0,0,0,0,0,0,0,0,0
function@ProcessSubsetSPS,7,0,0,3,0,5,3.15789,0,2.65789,0,4.31579
function@ProcessPPS,0,1,0,1,0,2,0,1,1,0,2
function@reset_format_info,4,1,0,4,1,7,3.11765,0.764706,3.61765,1,4.76471
function@activate_sps,5,0,0,2,0,1,0.935878,0,1.25038,0,0.625191
function@activate_pps,0,0,0,0,0,0,0,0,0,0,0
function@UseParameterSet,2,0,0,1,0,0,2,0,1,0,0
function@seq_parameter_set_mvc_extension,19,4,0,11,0,35,8831.12,21.3529,2333.82,0,9981.53
function@MemAlloc1D,0,0,0,0,0,4,0,0,0,0,2.85714
function@hrd_parameters,0,0,0,0,0,3,0,0,0,0,63.75
function@mvc_vui_parameters_extension,6,0,0,4,0,8,574.647,0,291.706,0,1295.97
function@init_subset_sps_list,0,0,0,0,0,5,0,0,0,0,22
function@reset_subset_sps,2,0,0,3,0,25,126.615,0,87.4038,0,739.308
function@GetBaseViewId,0,0,0,0,0,0,0,0,0,0,0
function@initInput,0,0,0,0,0,0,0,0,0,0,0
function@buf2img_endian,23,12,0,30,1,55,112.312,96.625,35.5625,3.42188,400.359
function@buf2img_basic,29,17,0,21,0,43,882.742,124.027,31.5781,0,819.078
function@buf2img_bitshift,39,8,0,26,0,38,1386.01,262.422,44.1338,0,735.875
function@fillPlane,5,0,0,4,0,7,34.35,0,26.3,0,549.45
function@AllocateFrameMemory,0,0,0,0,0,2,0,0,0,0,1.61765
function@DeleteFrameMemory,0,0,0,0,0,0,0,0,0,0,0
function@read_one_frame,30,19,0,35,3,23,70.4312,35.0183,53.6881,4.47706,12.7431
function@pad_borders,47,20,0,39,1,76,222.294,1075.5,67.5686,0.196078,1616.91
function@init_top_bot_planes,2,2,0,3,0,3,8.21875,8.46875,8.71875,0,16.9375
function@free_top_bot_planes,0,0,0,0,0,0,0,0,0,0,0
function@get_mem2Ddist,2,3,0,4,0,11,8.21875,16.4375,1.5,0,22.6875
function@get_mem2Dlm,2,3,0,4,0,10,8.21875,16.4375,1.5,0,21.9375
function@free_mem2Ddist,0,0,0,0,0,0,0,0,0,0,0
function@free_mem2Dlm,0,0,0,0,0,0,0,0,0,0,0
function@get_mem2Dmp,2,3,0,4,0,12,8.21875,16.4375,1.5,0,30.9062
function@get_mem3Dmp,4,4,0,8,2,12,17.4375,26.9062,11.9688,0.5625,46.3438
function@free_mem2Dmp,0,0,0,0,0,0,0,0,0,0,0
function@free_mem3Dmp,0,0,0,0,0,0,0,0,0,0,0
function@get_mem2Dquant,2,3,0,4,0,12,8.21875,16.4375,1.5,0,30.4062
function@get_mem3Dquant,4,4,0,8,2,12,17.4375,26.9062,11.9688,0.5625,46.3438
function@get_mem4Dquant,9,9,0,16,4,16,49.8125,56.3125,23.4375,1.125,74.75
function@get_mem5Dquant,4,4,0,8,2,7,17.4375,26.9062,11.9688,0.5625,43.3438
function@free_mem2Dquant,0,0,0,0,0,0,0,0,0,0,0
function@free_mem3Dquant,0,0,0,0,0,0,0,0,0,0,0
function@free_mem4Dquant,0,0,0,0,0,0,0,0,0,0,0
function@free_mem5Dquant,0,0,0,0,0,0,0,0,0,0,0
function@get_mem2D_spp,2,5,0,6,1,7,15.9375,36.375,9.78125,0.25,29.4062
function@get_mem3D_spp,4,4,0,8,2,12,17.4375,26.9062,11.9688,0.5625,46.3438
function@get_mem2Dmv,2,5,0,6,1,7,15.9375,36.375,9.78125,0.25,29.4062
function@get_mem3Dmv,4,4,0,8,2,12,17.4375,26.9062,11.9688,0.5625,46.3438
function@get_mem4Dmv,9,9,0,16,4,16,49.8125,56.3125,23.4375,1.125,74.75
function@get_mem5Dmv,4,4,0,8,2,7,17.4375,26.9062,11.9688,0.5625,43.3438
function@get_mem6Dmv,9,9,0,16,4,16,49.8125,56.3125,23.4375,1.125,74.75
function@get_mem7Dmv,4,4,0,8,2,7,17.4375,26.9062,11.9688,0.5625,43.3438
function@free_mem2D_spp,0,0,0,0,0,0,0,0,0,0,0
function@free_mem3D_spp,0,0,0,0,0,0,0,0,0,0,0
function@free_mem2Dmv,0,0,0,0,0,0,0,0,0,0,0
function@free_mem3Dmv,0,0,0,0,0,0,0,0,0,0,0
function@free_mem4Dmv,0,0,0,0,0,0,0,0,0,0,0
function@free_mem5Dmv,0,0,0,0,0,0,0,0,0,0,0
function@free_mem6Dmv,0,0,0,0,0,0,0,0,0,0,0
function@free_mem7Dmv,0,0,0,0,0,0,0,0,0,0,0
function@get_mem1Dpel,0,0,0,0,0,1,0,0,0,0,1
function@get_mem2Dpel,2,5,0,6,1,7,15.9375,36.375,9.78125,0.25,29.4062
function@get_mem2DpelWithPad,6,7,0,11,1,13,33.375,45.3438,12.5312,0.25,52.0938
function@get_mem3Dpel,4,4,0,8,2,12,17.4375,26.9062,11.9688,0.5625,46.3438
function@get_mem3DpelWithPad,3,5,0,6,2,8,16.9375,29.4062,3.75,0.5625,48.3438
function@get_mem3DpelWithPadSeparately,0,0,0,0,0,3,0,0,0,0,22.2857
function@get_mem4Dpel,9,9,0,16,4,16,49.8125,56.3125,23.4375,1.125,74.75
function@get_mem4DpelWithPad,9,9,0,15,4,15,49.8125,56.3125,23.1875,1.125,73.75
function@get_mem4DpelWithPadSeparately,5,3,0,8,2,10,37.4062,18.9375,4.625,0.5625,50.875
function@get_mem5Dpel,4,4,0,8,2,7,17.4375,26.9062,11.9688,0.5625,43.3438
function@get_mem5DpelWithPad,4,4,0,8,2,7,17.4375,26.9062,11.9688,0.5625,43.3438
function@get_mem5DpelWithPadSeparately,4,4,0,8,2,7,17.4375,26.9062,11.9688,0.5625,43.3438
function@free_mem2Dpel,0,0,0,0,0,0,0,0,0,0,0
function@free_mem2DpelWithPad,0,0,0,0,0,3,0,0,0,0,1
function@free_mem3Dpel,0,0,0,0,0,0,0,0,0,0,0
function@free_mem3DpelWithPad,0,0,0,0,0,3,0,0,0,0,0.62963
function@free_mem3DpelWithPadSeparately,1,2,0,3,0,1,7.90476,17.619,1.38095,0,12.6667
function@free_mem4Dpel,0,0,0,0,0,0,0,0,0,0,0
function@free_mem4DpelWithPad,0,0,0,0,0,0,0,0,0,0,0
function@free_mem4DpelWithPadSeparately,1,2,0,3,0,1,4.88235,10.8824,0.852941,0,7.82353
function@free_mem5Dpel,0,0,0,0,0,0,0,0,0,0,0
function@free_mem5DpelWithPad,0,0,0,0,0,0,0,0,0,0,0
function@free_mem5DpelWithPadSeparately,0,0,0,0,0,0,0,0,0,0,0
function@new_mem2D,5,3,0,5,1,9,16.9375,25.9062,9.71875,0.25,24.4375
function@get_mem2D,1,4,0,4,1,8,7.96875,26.4062,9.21875,0.25,30.4062
function@new_mem2Dint,9,5,0,9,1,10,34.125,36.125,26.7188,0.25,16.9688
function@get_mem2Dint,2,5,0,6,1,7,15.9375,36.375,9.78125,0.25,29.4062
function@get_mem2DintWithPad,6,7,0,11,1,15,33.375,45.3438,12.5312,0.25,52.5938
function@get_mem2Dint64,2,5,0,6,1,7,15.9375,36.375,9.78125,0.25,29.4062
function@get_mem2Ddistblk,2,5,0,6,1,7,15.9375,36.375,9.78125,0.25,29.4062
function@get_mem3D,4,4,0,8,2,12,17.4375,26.9062,11.9688,0.5625,46.3438
function@get_mem4D,9,9,0,16,4,16,49.8125,56.3125,23.4375,1.125,74.75
function@get_mem3Dint,4,4,0,8,2,12,17.4375,26.9062,11.9688,0.5625,46.3438
function@get_mem3Dint64,4,4,0,8,2,12,17.4375,26.9062,11.9688,0.5625,46.3438
function@get_mem3Ddistblk,4,4,0,8,2,12,17.4375,26.9062,11.9688,0.5625,46.3438
function@get_mem4Dint,9,9,0,16,4,16,49.8125,56.3125,23.4375,1.125,74.75
function@get_mem4Dint64,9,9,0,16,4,16,49.8125,56.3125,23.4375,1.125,74.75
function@get_mem4Ddistblk,9,9,0,16,4,16,49.8125,56.3125,23.4375,1.125,74.75
function@get_mem5Dint,4,4,0,8,2,7,17.4375,26.9062,11.9688,0.5625,43.3438
function@free_mem2D,0,0,0,0,0,0,0,0,0,0,0
function@free_mem2Dint,0,0,0,0,0,0,0,0,0,0,0
function@free_mem2DintWithPad,0,0,0,0,0,3,0,0,0,0,1
function@free_mem2Dint64,0,0,0,0,0,0,0,0,0,0,0
function@free_mem3D,0,0,0,0,0,0,0,0,0,0,0
function@free_mem4D,0,0,0,0,0,0,0,0,0,0,0
function@free_mem3Dint,0,0,0,0,0,0,0,0,0,0,0
function@free_mem3Dint64,0,0,0,0,0,0,0,0,0,0,0
function@free_mem3Ddistblk,0,0,0,0,0,0,0,0,0,0,0
function@free_mem2Ddistblk,0,0,0,0,0,0,0,0,0,0,0
function@free_mem4Dint,0,0,0,0,0,0,0,0,0,0,0
function@free_mem4Dint64,0,0,0,0,0,0,0,0,0,0,0
function@free_mem4Ddistblk,0,0,0,0,0,0,0,0,0,0,0
function@free_mem5Dint,0,0,0,0,0,0,0,0,0,0,0
function@new_mem2Duint16,9,5,0,9,1,10,34.125,36.125,26.7188,0.25,16.9688
function@get_mem2Duint16,2,5,0,6,1,7,15.9375,36.375,9.78125,0.25,29.4062
function@get_mem3Duint16,4,4,0,8,2,12,17.4375,26.9062,11.9688,0.5625,46.3438
function@get_mem4Duint16,9,9,0,16,4,16,49.8125,56.3125,23.4375,1.125,74.75
function@get_mem2Dshort,2,5,0,6,1,7,15.9375,36.375,9.78125,0.25,29.4062
function@get_mem3Dshort,4,4,0,8,2,12,17.4375,26.9062,11.9688,0.5625,46.3438
function@get_mem4Dshort,9,9,0,16,4,16,49.8125,56.3125,23.4375,1.125,74.75
function@get_mem5Dshort,4,4,0,8,2,7,17.4375,26.9062,11.9688,0.5625,43.3438
function@get_mem6Dshort,9,9,0,16,4,16,49.8125,56.3125,23.4375,1.125,74.75
function@get_mem7Dshort,4,4,0,8,2,7,17.4375,26.9062,11.9688,0.5625,43.3438
function@free_mem2Duint16,0,0,0,0,0,0,0,0,0,0,0
function@free_mem3Duint16,0,0,0,0,0,0,0,0,0,0,0
function@free_mem4Duint16,0,0,0,0,0,0,0,0,0,0,0
function@free_mem2Dshort,0,0,0,0,0,0,0,0,0,0,0
function@free_mem3Dshort,0,0,0,0,0,0,0,0,0,0,0
function@free_mem4Dshort,0,0,0,0,0,0,0,0,0,0,0
function@free_mem5Dshort,0,0,0,0,0,0,0,0,0,0,0
function@free_mem6Dshort,0,0,0,0,0,0,0,0,0,0,0
function@free_mem7Dshort,0,0,0,0,0,0,0,0,0,0,0
function@get_mem2Ddouble,2,5,0,6,1,7,15.9375,36.375,9.78125,0.25,29.4062
function@get_mem1Dodouble,0,0,0,0,0,2,0,0,0,0,2
function@get_mem2Dodouble,2,5,0,6,1,8,15.9375,36.375,9.78125,0.25,30.4062
function@get_mem3Dodouble,5,7,0,11,1,9,53.3438,836.312,23.75,0.25,441.844
function@get_offset_mem2Dshort,2,6,0,7,1,14,15.9375,56.3438,10.4062,0.25,92.4375
function@get_mem3Doint,5,7,0,11,1,9,53.3438,836.312,23.75,0.25,441.844
function@get_mem2Doint,2,5,0,6,1,8,15.9375,36.375,9.78125,0.25,30.4062
function@get_mem3Ddouble,2,3,0,4,0,15,11,14.125,2.9375,0,118.625
function@free_mem2Ddouble,0,0,0,0,0,0,0,0,0,0,0
function@free_mem1Dodouble,0,0,0,0,0,0,0,0,0,0,0
function@free_mem2Dodouble,0,0,0,0,0,1,0,0,0,0,0.617647
function@free_mem3Dodouble,7,2,0,7,0,5,352.853,331.265,13.1471,0,332.618
function@free_mem3Doint,7,2,0,7,0,5,352.853,331.265,13.1471,0,332.618
function@free_mem2Doint,0,0,0,0,0,1,0,0,0,0,0.617647
function@free_offset_mem2Dshort,0,0,0,0,0,1,0,0,0,0,0.617647
function@free_mem3Ddouble,0,0,0,0,0,0,0,0,0,0,0
function@get_mem2Dolm,2,3,0,4,0,11,8.21875,16.4375,1.5,0,29.9062
function@free_mem2Dolm,0,0,0,0,0,0,0,0,0,0,0
function@CheckAvailabilityOfNeighborsCABAC,0,0,0,0,0,0,0,0,0,0,0
function@cabac_new_slice,0,0,0,0,0,0,0,0,0,0,0
function@create_contexts_MotionInfo,0,0,0,0,0,2,0,0,0,0,2
function@create_contexts_TextureInfo,0,0,0,0,0,2,0,0,0,0,2
function@readFieldModeInfo_CABAC,0,0,0,0,0,1,0,0,0,0,0.666667
function@check_next_mb_and_get_field_mode_CABAC_p_slice,35,2,0,19,1,9,32.5,2,18.5,1,9
function@read_skip_flag_CABAC_p_slice,0,0,0,0,0,0,0,0,0,0,0
function@check_next_mb_and_get_field_mode_CABAC_b_slice,38,1,0,19,0,9,34,1,18.5,0,8
function@read_skip_flag_CABAC_b_slice,0,0,0,0,0,0,0,0,0,0,0
function@read_MVD_CABAC,25,2,0,10,0,16,6.79167,1.24414,7.36914,0,72.263
function@readB8_typeInfo_CABAC_p_slice,0,0,0,0,0,0,0,0,0,0,0
function@readB8_typeInfo_CABAC_b_slice,0,0,0,0,0,7,0,0,0,0,1.3908
function@readMB_transform_size_flag_CABAC,0,0,0,0,0,0,0,0,0,0,0
function@readMB_typeInfo_CABAC_i_slice,2,0,0,1,0,12,0.541284,0,0.333333,0,2.04587
function@readMB_typeInfo_CABAC_p_slice,0,0,0,0,0,3,0,0,0,0,0.577982
function@readMB_typeInfo_CABAC_b_slice,1,0,0,1,0,8,0.0400763,0,0.390267,0,2.28626
function@readIntraPredMode_CABAC,0,0,0,0,0,0,0,0,0,0,0
function@readRefFrame_CABAC,8,1,0,5,0,2,1.75964,1,4.25,0,0.507812
function@read_dQuant_CABAC,0,0,0,0,0,2,0,0,0,0,0.6
function@read_CBP_CABAC,9,2,0,6,0,5,7.16667,2,6,0,2.95833
function@readCIPredMode_CABAC,0,0,0,0,0,0,0,0,0,0,0
function@set_read_and_store_CBP,0,0,0,0,0,0,0,0,0,0,0
function@read_and_store_CBP_block_bit_444,45,11,0,18,6,20,12.1602,5.24609,12.2684,2.55,5.71875
function@read_and_store_CBP_block_bit_normal,40,3,0,18,0,40,3.2,0.15625,3.1,0,3.5125
function@readRunLevel_CABAC,18,1,0,10,4,19,29.8512,0.917355,9.38843,7.50826,192.145
function@readSyntaxElement_CABAC,0,0,0,0,0,1,0,0,0,0,1
function@cabac_startcode_follows,0,0,0,0,0,1,0,0,0,0,0.619048
function@readIPCM_CABAC,62,35,0,41,1,37,1676.35,1163.33,474.822,32,974.543
function@ue_v,0,0,0,0,0,0,0,0,0,0,0
function@linfo_ue,0,0,0,0,0,0,0,0,0,0,0
function@readSyntaxElement_VLC,5,0,0,3,0,14,12.7168,0,12.823,0,6.40708
function@se_v,0,0,0,0,0,0,0,0,0,0,0
function@linfo_se,0,0,0,0,0,2,0,0,0,0,2
function@u_v,1,1,0,2,0,7,0.156863,5,5.15686,0,11.9412
function@readSyntaxElement_FLC,1,1,0,2,0,8,0.156863,5,5.15686,0,11.902
function@i_v,1,1,0,2,0,5,0.156863,5,5.15686,0,10.7843
function@u_1,0,0,0,0,0,1,0,0,0,0,0.5
function@linfo_cbp_intra_normal,0,0,0,0,0,0,0,0,0,0,0
function@linfo_cbp_intra_other,0,0,0,0,0,0,0,0,0,0,0
function@linfo_cbp_inter_normal,0,0,0,0,0,0,0,0,0,0,0
function@linfo_cbp_inter_other,0,0,0,0,0,0,0,0,0,0,0
function@linfo_levrun_inter,0,0,0,0,0,7,0,0,0,0,3.5
function@linfo_levrun_c2x2,0,0,0,0,0,7,0,0,0,0,3.5
function@GetVLCSymbol,5,0,0,4,0,6,12.4941,0,12.8588,0,5.31765
function@readSyntaxElement_UVLC,0,0,0,0,0,0,0,0,0,0,0
function@readSyntaxElement_Intra4x4PredictionMode,0,0,0,0,0,2,0,0,0,0,1.19048
function@GetVLCSymbol_IntraMode,0,0,0,0,0,1,0,0,0,0,1
function@more_rbsp_data,0,0,0,0,0,2,0,0,0,0,1.5
function@uvlc_startcode_follows,0,0,0,0,0,2,0,0,0,0,1.4902
function@GetBits,0,1,0,1,0,4,0,5,5,0,10.4706
function@readSyntaxElement_NumCoeffTrailingOnes,12,2,0,12,0,27,3,0.5,3,0,19
function@ShowBits,0,1,0,1,0,5,0,5,5,0,11.6275
function@readSyntaxElement_NumCoeffTrailingOnesChromaDC,0,0,0,0,0,19,0,0,0,0,33.9999
function@readSyntaxElement_Level_VLC0,15,1,0,15,0,31,3.11373,1,4.43922,0,48.3059
function@readSyntaxElement_Level_VLCN,17,11,0,15,0,22,17.6457,10.9764,10.8583,0,32.2441
function@readSyntaxElement_TotalZeros,0,0,0,0,0,16,0,0,0,0,2.99275
function@readSyntaxElement_TotalZerosChromaDC,16,0,0,1,0,16,1.99638,0,1,0,2.99275
function@readSyntaxElement_Run,0,0,0,0,0,16,0,0,0,0,2.99275
function@process_image,0,0,0,0,0,33,0,0,0,0,45.5686
function@MuxImages,116,37,0,82,0,55,5682.31,1856.88,1521.97,0,2426.41
function@FilterImageSep,118,21,0,81,1,56,5749.65,1456.28,2508.87,0.390805,3407.89
function@intrapred_16x16_normal,18,13,0,29,3,11,9.47473,33.5071,5.50714,0.307147,20.4
function@AllocPPS,0,0,0,0,0,2,0,0,0,0,2
function@AllocSPS,0,0,0,0,0,2,0,0,0,0,2
function@FreePPS,0,0,0,0,0,0,0,0,0,0,0
function@sps_is_equal,1,3,0,4,0,8,0.273963,0.54721,0.555079,0,0.490701
function@pps_is_equal,5,15,0,16,0,46,0.920164,1.64196,1.36785,0,4.92289
function@CeilLog2,0,0,0,0,0,2,0,0,0,0,20.9048
function@CeilLog2_sf,0,0,0,0,0,2,0,0,0,0,20.9048
function@FirstPartOfSliceHeader,0,0,0,0,0,0,0,0,0,0,0
function@RestOfSliceHeader,32,16,0,19,0,23,62.9515,36.0793,8.75771,0,56.8943
function@dec_ref_pic_marking,0,0,0,0,0,4,0,0,0,0,173.059
function@decode_poc,12,11,0,16,2,29,3.33929,5.69821,3.575,0.135714,7.73571
function@dumppoc,0,0,0,0,0,0,0,0,0,0,0
function@picture_order,0,0,0,0,0,0,0,0,0,0,0
function@ercConcealIntraFrame,0,0,0,0,0,6,0,0,0,0,2.2037
function@concealBlocks,97,49,0,48,6,45,63832.8,40260.2,25831.7,1958.72,43702.1
function@ercPixConcealIMB,161,51,0,81,13,112,5067.1,509.76,391.994,16.9923,1260.18
function@ercCollect8PredBlocks,16,6,0,9,7,9,5.63636,2.12023,8.31085,2.99707,6.61877
function@ercCollectColumnBlocks,0,0,0,0,0,0,0,0,0,0,0
function@write_picture,72,57,0,52,8,49,15.394,44.2353,12.1225,0.632812,65.5035
function@init_out_buffer,0,0,0,0,0,0,0,0,0,0,0
function@uninit_out_buffer,0,0,0,0,0,0,0,0,0,0,0
function@clear_picture,30,20,0,23,0,29,210.077,900.231,78.3846,0,1540.38
function@write_unpaired_field,71,38,0,48,0,62,230.75,970.05,85.5,0,1656.7
function@flush_direct_output,0,0,0,0,0,0,0,0,0,0,0
function@write_stored_frame,0,0,0,0,0,0,0,0,0,0,0
function@direct_output,0,0,0,0,0,0,0,0,0,0,0
function@img2buf_endian,23,3,0,20,0,27,226.125,191.992,13.5703,0,217.43
function@img2buf_normal,17,9,0,18,1,52,236.2,617.282,29.9294,0.152941,548.635
function@allocate_pred_mem,0,0,0,0,0,4,0,0,0,0,4
function@free_pred_mem,0,0,0,0,0,0,0,0,0,0,0
function@get_block_luma,53,15,0,53,12,34,159.661,6.75649,8.56641,1.09618,14.0878
function@get_luma_01,74,12,0,79,10,20,2996.42,75.2393,185.202,62.2331,156.11
function@get_luma_02,60,5,0,70,2,22,2534.67,30.1235,183.296,12.5432,199.556
function@get_luma_03,76,13,0,81,10,21,3021.55,81.5215,210.331,62.2331,155.718
function@get_luma_21,51,2,0,52,2,14,3161.38,250,252.719,10,603.719
function@get_luma_22,43,2,0,44,2,13,2621.62,250,216.406,10,515.75
function@get_luma_23,51,2,0,52,2,14,3161.38,250,252.719,10,603.719
function@get_luma_12,42,3,0,41,1,22,2601.16,135.51,169.02,2.4902,1824.35
function@get_luma_32,42,3,0,41,1,22,2601.16,135.51,169.02,2.4902,1824.35
function@get_luma_11,77,14,0,75,13,25,2578.53,41.3588,157.096,33.9713,594.938
function@get_luma_13,79,14,0,77,13,25,2603.61,41.3588,182.177,33.9713,594.938
function@get_luma_31,77,15,0,76,12,25,2573.93,43.8086,157.096,31.5215,592.641
function@get_luma_33,79,15,0,78,12,25,2599.01,43.8086,182.177,31.5215,592.641
function@intra_cr_decoding,52,10,0,17,0,16,8467,1176.75,1312.62,0,6584
function@prepare_direct_params,8,2,0,10,0,20,0.78125,2,2.78125,0,2.42432
function@perform_mc,462,340,0,347,22,194,1621.31,1533.11,156.2,3.2869,898.731
function@get_block_chroma,180,73,0,118,6,104,499.825,422.462,46.5134,1.25269,430.078
function@intrapred8x8,0,0,0,0,0,2,0,0,0,0,2
function@intrapred_chroma_ver_mbaff,9,6,0,6,0,1,29.6381,19.7388,1.89722,0,4.78516
function@intrapred_chroma,359,204,0,200,9,114,579.551,210.56,112.004,1.90411,262.17
function@intrapred_chroma_mbaff,255,94,0,188,19,156,2500.67,428.825,650.74,4.94023,904.307
function@intra_chroma_DC_all_mbaff,0,3,0,3,0,2,0,1.85294,1.85294,0,1.23529
function@set_loop_filter_functions_mbaff,0,0,0,0,0,0,0,0,0,0,0
function@GetStrengthVerMBAff,93,25,0,44,4,55,55.5384,34.171,37.6369,0.036644,21.4618
function@GetStrengthHorMBAff,26,9,0,14,3,23,6.63708,9.59393,3.76538,0.174438,11.9179
function@EdgeLoopLumaVerMBAff,71,26,0,35,4,27,70.9473,81.4648,80.6035,1.54687,45.7598
function@EdgeLoopLumaHorMBAff,55,15,0,32,4,23,40.6817,23.8099,59.4449,1.49652,31.1559
function@EdgeLoopChromaVerMBAff,19,6,0,16,0,12,107.216,45.1221,90.5566,0,72.4722
function@EdgeLoopChromaHorMBAff,18,7,0,17,1,14,24.017,16.766,41.1279,0.299072,31.9525
function@get_non_aff_neighbor_luma,0,0,0,0,0,0,0,0,0,0,0
function@get_non_aff_neighbor_chroma,0,0,0,0,0,0,0,0,0,0,0
function@init_qp_process,8,1,0,5,0,21,23.8571,0.238095,17.4444,0,31.1429
function@free_qp_matrices,0,0,0,0,0,0,0,0,0,0,0
function@assign_quant_params,3,7,0,5,1,2,1,46.7679,2.71429,0.392857,40.6071
function@CalculateQuant4x4Param,28,47,0,22,0,1,892.5,1498.12,516,0,31.875
function@CalculateQuant8x8Param,11,0,0,11,0,23,6,0,6,0,16.5
function@set_dequant8x8,0,0,0,0,0,0,0,0,0,0,0
function@OpenRTPFile,0,0,0,0,0,0,0,0,0,0,0
function@CloseRTPFile,0,0,0,0,0,0,0,0,0,0,0
function@GetRTPNALU,0,0,0,0,0,4,0,0,0,0,3.32
function@RTPReadPacket,0,1,0,1,0,2,0,4.76837e-07,1,0,2
function@DumpRTPHeader,0,0,0,0,0,0,0,0,0,0,0
function@getDpbSize,0,0,0,0,0,1,0,0,0,0,0.608856
function@check_num_ref,0,0,0,0,0,0,0,0,0,0,0
function@init_dpb,0,0,0,0,0,5,0,0,0,0,41.7059
function@free_dpb,1,0,0,1,0,1,0.375,0,0.375,0,12.7812
function@GetMaxDecFrameBuffering,0,0,0,0,0,5,0,0,0,0,18.375
function@alloc_frame_store,0,0,0,0,0,2,0,0,0,0,2
function@alloc_storable_picture,5,3,0,5,0,13,5,1.85714,4,0,10.7143
function@re_init_dpb,0,0,0,0,0,6,0,0,0,0,10.3571
function@free_frame_store,0,0,0,0,0,0,0,0,0,0,0
function@free_storable_picture,0,0,0,0,0,0,0,0,0,0,0
function@alloc_pic_motion,0,0,0,0,0,1,0,0,0,0,1
function@free_pic_motion,0,0,0,0,0,0,0,0,0,0,0
function@is_short_ref,0,0,0,0,0,0,0,0,0,0,0
function@is_long_ref,0,0,0,0,0,0,0,0,0,0,0
function@gen_pic_list_from_frame_list,0,4,0,1,0,12,0,179.538,1,0,207.128
function@update_pic_num,11,4,0,8,4,9,42.4531,25.0122,4.81633,1.37959,50.6612
function@init_lists_i_slice,0,0,0,0,0,0,0,0,0,0,0
function@init_lists_p_slice,44,21,0,35,2,48,71.8441,27.6758,16.844,0.816514,80.2508
function@compare_pic_by_pic_num_desc,0,0,0,0,0,0,0,0,0,0,0
function@compare_pic_by_lt_pic_num_asc,0,0,0,0,0,0,0,0,0,0,0
function@compare_fs_by_frame_num_desc,0,0,0,0,0,0,0,0,0,0,0
function@compare_fs_by_lt_pic_idx_asc,0,0,0,0,0,0,0,0,0,0,0
function@append_interview_list,2,3,0,4,0,9,23.4643,34.8214,3.66071,0,37.4821
function@init_lists_b_slice,119,40,0,66,1,123,455.762,24.2844,47.5046,0.33945,204.801
function@compare_pic_by_poc_desc,0,0,0,0,0,0,0,0,0,0,0
function@compare_pic_by_poc_asc,0,0,0,0,0,0,0,0,0,0,0
function@compare_fs_by_poc_desc,0,0,0,0,0,0,0,0,0,0,0
function@compare_fs_by_poc_asc,0,0,0,0,0,0,0,0,0,0,0
function@init_lists,160,63,0,102,3,170,123.177,16.21,18.1636,0.395604,88.9475
function@init_mbaff_lists,0,0,0,0,0,5,0,0,0,0,119.083
function@get_short_term_pic,3,0,0,2,0,2,3.17647,0,1.38235,0,15.4118
function@get_long_term_pic,1,0,0,1,0,4,2.47727,0,0.386364,0,18.5455
function@reorder_ref_pic_list,9,3,0,9,0,3,43.5,24,6.5,0,16
function@update_ref_list,2,2,0,5,1,9,10.6429,20.8095,2.80952,0.5,58.381
function@update_ltref_list,2,2,0,5,1,9,10.6429,20.8095,2.80952,0.5,58.381
function@mm_update_max_long_term_frame_idx,2,0,0,2,0,1,26.5,0,1.33333,0,21.25
function@store_picture_in_dpb,123,21,0,94,22,201,146.532,57.9655,71.0882,11.7704,547.075
function@insert_picture_in_dpb,1,0,0,1,0,10,0.312883,0,1,0,14.5399
function@remove_unused_frame_from_dpb,2,0,0,2,0,2,1.20896,0,1.01493,0,16.9527
function@output_one_frame_from_dpb,5,2,0,6,2,10,9.76325,1.35336,7.45583,0.946996,43.6572
function@flush_dpb,0,0,0,0,0,6,0,0,0,0,115.853
function@unmark_for_reference,0,0,0,0,0,1,0,0,0,0,1
function@dpb_split_field,66,6,0,31,4,40,1833.34,207.162,584.544,1.47059,842.029
function@dpb_combine_field_yuv,0,0,0,0,0,11,0,0,0,0,173.607
function@dpb_combine_field,13,0,0,6,0,7,2319.19,0,799.625,0,1311.56
function@alloc_ref_pic_list_reordering_buffer,0,0,0,0,0,2,0,0,0,0,0.828125
function@free_ref_pic_list_reordering_buffer,0,0,0,0,0,0,0,0,0,0,0
function@fill_frame_num_gap,3,1,0,3,0,4,17.9375,15.9375,3,0,48.8125
function@compute_colocated,8,0,0,6,0,7,560.735,0,22,0,654.853
function@unmark_long_term_field_for_reference_by_frame_idx,6,0,0,3,1,4,1.52653,0,2,0.62449,16.4245
function@remove_frame_from_dpb,5,1,0,6,1,11,21.7857,0.5,2.80952,0.5,41.0714
function@mb_is_available,0,0,0,0,0,0,0,0,0,0,0
function@CheckAvailabilityOfNeighbors,22,8,0,10,1,5,5.49098,3.09025,5.03971,0.375451,2.87365
function@get_mb_block_pos_normal,0,0,0,0,0,0,0,0,0,0,0
function@get_mb_block_pos_mbaff,0,0,0,0,0,1,0,0,0,0,1
function@get_mb_pos,0,0,0,0,0,0,0,0,0,0,0
function@getNonAffNeighbour,0,0,0,0,0,6,0,0,0,0,1.75309
function@getAffNeighbour,18,4,0,7,0,34,0.324437,0.069206,1.13841,0,0.786481
function@get4x4Neighbour,0,0,0,0,0,0,0,0,0,0,0
function@get4x4NeighbourBase,0,0,0,0,0,0,0,0,0,0,0
function@main,108,5,0,50,19,30,267.711,3.16374,293.989,6.06892,244.026
function@get_version,1,2,0,2,0,7,0.499999,0.499999,0.999999,0,4.5
function@spec_strdup,0,0,0,0,0,4,0,0,0,0,4
function@printUsage,0,0,0,0,0,0,0,0,0,0,0
function@load_image_file,0,0,0,0,0,6,0,0,0,0,5.99999
function@init_targa,2,2,0,2,0,3,1.62498,19.9994,1.625,0,21.9993
function@dump_tga,15,0,0,3,1,6,766.833,0,33.5,0.624999,508.666
function@dump_header,0,0,0,0,0,1,0,0,0,0,0.5
function@computeSSIM,132,37,0,78,8,66,1.84068e+06,622636,112724,10565.3,929762
function@mean,0,0,0,0,0,9,0,0,0,0,84.76
function@variance,0,0,0,0,0,5,0,0,0,0,43.96
function@covariance,0,0,0,0,0,4,0,0,0,0,11.44
function@read_yuv_file,42,27,0,31,1,86,814.235,321.751,110.914,0.3906,4608.46
function@read_tga_file,16,0,0,10,1,16,1025.13,0,548.649,0.624998,747.186
