Comando: /home/mpvreal/Code/Faculdade/tcc/llvm/build/bin/llc --march=x86 --regalloc=basic -o -
Heurística: div(cost,pow(degree,2))
function@main,58,81,0,67,69,52,0.142621,0.482032,1.28043,3.80168,30.3568
function@SigIntHandler,0,0,0,0,0,0,0,0,0,0,0
function@Help,0,17,0,2,1,1,0,11.625,1.8125,0.1875,1
function@x264_adaptive_quant_frame,60,54,0,29,28,21,705.42,717.321,252.317,262.092,422.183
function@x264_macroblock_tree_read,16,1,0,4,1,9,25.1145,0.625,1.9738,0.45503,17.1604
function@x264_reference_build_list_optimal,4,5,0,2,11,7,82,224,6,102.5,249
function@x264_ratecontrol_init_reconfigurable,5,7,0,7,0,0,0.973684,1.42105,1.65461,0,0
function@x264_ratecontrol_new,168,49,0,27,24,57,52.0708,139.302,2.79534,7.50636,133.517
function@x264_strcat_filename,0,0,0,0,0,5,0,0,0,0,5
function@init_pass2,329,136,0,159,50,78,23261.5,16186,8050.29,1652.34,10773.8
function@x264_ratecontrol_summary,0,1,0,2,0,0,0,0.154412,0.147059,0,0
function@x264_ratecontrol_delete,0,0,0,0,0,2,0,0,0,0,20.45
function@x264_ratecontrol_start,40,9,0,18,6,6,25.4057,4.76171,14.6119,2.625,27.7928
function@rate_estimate_qscale,199,53,0,66,3,13,193.681,61.7448,59.0405,1.1875,7.56319
function@x264_ratecontrol_mb,39,18,0,26,0,7,10.1563,5.16266,4.21635,0,1.37981
function@predict_row_size_sum,21,8,0,14,0,10,137.214,53.8571,71.1191,0,36.881
function@x264_ratecontrol_qp,0,0,0,0,0,0,0,0,0,0,0
function@x264_ratecontrol_mb_qp,0,0,0,0,0,0,0,0,0,0,0
function@x264_ratecontrol_slice_type,0,0,0,0,0,2,0,0,0,0,7.26471
function@x264_ratecontrol_set_weights,0,0,0,0,0,0,0,0,0,0,0
function@x264_ratecontrol_end,67,9,0,19,4,11,27.0325,1.25883,8.58977,0.725708,14.1392
function@x264_hrd_fullness,4,5,0,2,0,0,3,4.5,2,0,0
function@x264_threads_normalize_predictors,2,5,0,1,1,8,0.925,9.025,1,0.2,70.55
function@x264_threads_distribute_ratecontrol,39,27,0,18,9,32,756.474,422.877,142.664,45.8246,352.321
function@x264_threads_merge_ratecontrol,49,20,0,21,15,9,865.978,444.963,169.007,45.9485,334.301
function@x264_thread_sync_ratecontrol,0,0,0,0,0,0,0,0,0,0,0
function@clip_qscale,70,30,0,27,4,11,58.7679,54.2818,9.65356,10.6882,32.8622
function@x264_mb_encode_i4x4,0,0,0,0,0,6,0,0,0,0,2.48438
function@x264_mb_encode_i8x8,0,0,0,0,0,7,0,0,0,0,4.73438
function@x264_mb_encode_8x8_chroma,45,23,0,14,13,30,366.6,224.994,75.2549,82.0156,289.836
function@x264_mb_optimize_chroma_dc,15,5,0,7,10,7,342.314,8.58824,14.4902,8.41177,250.863
function@x264_predict_lossless_8x8_chroma,0,0,0,0,0,0,0,0,0,0,0
function@x264_predict_lossless_4x4,0,0,0,0,0,0,0,0,0,0,0
function@x264_predict_lossless_8x8,0,0,0,0,0,1,0,0,0,0,1
function@x264_predict_lossless_16x16,0,0,0,0,0,0,0,0,0,0,0
function@x264_macroblock_encode,25,79,0,17,22,44,3.65562,25.963,4.9058,6.81239,29.1236
function@x264_macroblock_probe_skip,9,13,0,16,5,6,6.08565,17.2079,6.45568,5.25225,34.5866
function@x264_noise_reduction_update,33,18,0,12,6,45,62.9375,48.9375,9,4.5,168.75
function@x264_macroblock_encode_p8x8,23,46,0,16,19,23,8.17969,13.4286,9.50806,7.70972,4.54533
function@x264_macroblock_encode_p4x4,0,0,0,0,0,5,0,0,0,0,1.76562
function@x264_lookahead_init,1,5,0,2,2,11,0.390465,15.4677,1.01509,0.585395,53.6488
function@x264_lookahead_delete,0,0,0,0,0,0,0,0,0,0,0
function@x264_lookahead_put_frame,0,0,0,0,0,0,0,0,0,0,0
function@x264_lookahead_is_empty,0,0,0,0,0,0,0,0,0,0,0
function@x264_lookahead_get_frames,0,0,0,0,0,1,0,0,0,0,2.81443
function@x264_me_search_ref,1184,593,0,523,200,77,2721.59,1561.35,892.736,333.494,334.259
function@refine_subpel,289,128,0,82,25,10,254.416,136.325,82.7865,28.2905,19.481
function@x264_me_refine_qpel,0,0,0,0,0,0,0,0,0,0,0
function@x264_me_refine_qpel_refdupe,0,0,0,0,0,4,0,0,0,0,4
function@x264_me_refine_bidir_satd,0,0,0,0,0,0,0,0,0,0,0
function@x264_me_refine_bidir,149,90,0,52,39,16,1218.47,534.582,343.911,133.329,77.7386
function@x264_me_refine_bidir_rd,0,0,0,0,0,1,0,0,0,0,1
function@x264_me_refine_qpel_rd,172,166,0,117,36,26,49.9023,59.5174,40.0961,14.3962,10.9523
function@x264_sps_init,0,0,0,0,0,3,0,0,0,0,3
function@x264_sps_write,1166,145,0,164,220,199,516.81,79.123,66.072,105.004,121.228
function@x264_pps_init,50,0,0,3,45,8,12.3529,0,0.741176,4.23529,64.1882
function@x264_pps_write,72,24,0,36,33,71,39.3393,20.0893,21.0357,17.7857,52.4643
function@scaling_list_write,92,21,0,11,12,15,109.588,26.1471,13.6618,12.9412,28.25
function@x264_sei_recovery_point_write,2,3,0,2,1,15,2,3,2,1,12
function@x264_sei_write_header,4,1,0,2,3,6,2.6,0.48,1.64,2.12,4.28
function@x264_sei_write,0,0,0,0,0,13,0,0,0,0,9.25
function@x264_sei_version_write,30,6,0,15,14,18,40.2716,15.037,23.6914,15.8148,62.5679
function@x264_sei_buffering_period_write,9,2,0,6,4,17,6.52,0.64,4.24,1.92,11.84
function@x264_sei_pic_timing_write,7,4,0,3,3,6,4.52,2.64,2.32,2.2,4.52
function@x264_filler_write,0,0,0,0,0,9,0,0,0,0,43.5312
function@x264_validate_levels,6,5,0,4,12,5,5,3.3125,4,4.10938,2.59375
function@x264_encoder_open_96,9,21,0,12,13,31,0.331297,1.36715,0.540212,0.66749,4.2667
function@x264_validate_parameters,9,4,0,5,0,20,0.172233,0.116961,0.119877,0,2.34899
function@x264_set_aspect_ratio,0,1,0,1,0,3,0,0.146484,0.390625,0,13.5
function@mbcmp_init,0,0,0,0,0,1,0,0,0,0,1
function@x264_encoder_reconfig,0,1,0,0,4,9,0,1,0,2.4,5.74118
function@x264_encoder_parameters,0,0,0,0,0,0,0,0,0,0,0
function@x264_encoder_headers,5,2,0,7,1,12,4.81553,1.47573,5.37864,1,6.66019
function@x264_nal_start,0,0,0,0,0,2,0,0,0,0,2
function@x264_nal_end,0,0,0,0,0,4,0,0,0,0,3.5
function@x264_encoder_encapsulate_nals,71,18,0,21,30,18,436.31,118.643,114.524,148.31,189.214
function@x264_weighted_reference_duplicate,0,0,0,0,0,1,0,0,0,0,0.5
function@x264_encoder_intra_refresh,0,0,0,0,0,0,0,0,0,0,0
function@x264_encoder_encode,469,99,0,33,58,55,480.043,101.41,5.47804,17.0162,68.6292
function@x264_encoder_frame_end,474,18,0,27,10,55,520.186,7.57324,6.51676,9.57992,359.551
function@x264_reference_check_reorder,0,0,0,0,0,5,0,0,0,0,17.1905
function@x264_threaded_slices_write,219,17,0,15,7,34,4543.42,95.925,83.15,54.5,2929.15
function@x264_slices_write,1161,185,0,101,170,209,4491.75,1109.7,492.384,723.896,1752.21
function@x264_encoder_close,301,217,0,268,77,34,116007,47827.6,59355.4,25047.7,14850.4
function@x264_encoder_delayed_frames,0,2,0,1,1,5,0,10.7742,0.483871,0.483871,35.9677
function@x264_slice_header_init,22,3,0,2,3,5,25.5647,25.7176,1.62353,1.16471,51.1882
function@x264_fdec_filter_row,80,33,0,14,14,11,164.471,44.2549,22.9314,7.62745,25.3627
function@x264_macroblock_write_cavlc,207,51,0,76,72,102,69.2023,32.3366,35.313,26.8547,58.4648
function@bs_write_ue,0,0,0,0,0,5,0,0,0,0,5
function@bs_write_te,0,0,0,0,0,4,0,0,0,0,2.5
function@cavlc_mb_mvd,22,1,0,3,2,10,18,1,3,2,8
function@block_residual_write_cavlc,97,24,0,18,7,21,280.125,100.5,43.25,45.75,51
function@block_residual_write_cavlc_escape,30,7,0,7,5,13,14.8819,4.6063,3.92126,3.61417,7.96063
function@x264_cabac_mb_skip,0,0,0,0,0,0,0,0,0,0,0
function@x264_macroblock_write_cabac,24,83,0,59,63,65,11.3499,52.1449,31.5918,31.6253,49.1696
function@x264_cabac_mb_ref,0,2,0,1,2,2,0,21.2857,1,20.9048,2
function@x264_cabac_mb_mvd,2,2,0,3,2,5,2,2,3,2,5
function@block_residual_write_cabac,17,22,0,9,10,11,167.594,575.507,70,79.2628,50.3054
function@x264_cabac_mb_type_intra,0,0,0,0,0,3,0,0,0,0,2.24706
function@x264_cabac_mb_mvd_cpn,0,15,0,2,1,1,0,10.1373,2,0.607843,5
function@x264_rd_cost_part,40,41,0,37,39,36,8.17025,5.11284,8.18734,6.92993,14.3594
function@x264_rd_cost_mb,344,38,0,28,43,16,54.3174,5.18831,14.5247,8.30891,9.69466
function@ssd_plane,39,8,0,10,10,8,7.52747,1.70879,3.52198,1.60989,1.59341
function@x264_rdo_init,33,9,0,18,28,19,4381,10350.9,63.75,1217.88,20765.6
function@x264_quant_dc_trellis,0,0,0,0,0,3,0,0,0,0,2
function@quant_trellis_cabac,212,43,0,54,53,36,16974.7,5082.48,2300.25,1931.4,8134.65
function@x264_quant_4x4_trellis,0,2,0,2,0,3,0,2,2,0,3
function@x264_quant_8x8_trellis,0,1,0,1,0,3,0,1,1,0,3
function@x264_analyse_init_costs,21,8,0,3,17,32,10.4732,9.19531,0.725901,2.6995,40.026
function@x264_analyse_free_costs,0,0,0,0,0,2,0,0,0,0,63.75
function@x264_analyse_weight_frame,12,6,0,8,4,1,8.76,10.18,2.08,0.96,9.92
function@x264_macroblock_analyse,349,220,0,235,86,111,317,290.923,64.8088,26.4984,171.194
function@x264_mb_analyse_intra,203,48,0,33,20,22,2392.89,1204.83,141.383,111.246,502.847
function@x264_intra_rd,0,0,0,0,0,13,0,0,0,0,7.25
function@x264_intra_rd_refine,295,59,0,91,69,42,16761.4,5070.23,5299.34,2578.83,2635.25
function@x264_mb_analyse_init_qp,0,0,0,0,0,2,0,0,0,0,2
function@x264_mb_analyse_inter_p8x8_mixed_ref,62,20,0,18,7,8,16099.8,17234.8,291.182,98.1343,5671.49
function@x264_mb_analyse_inter_p8x8,47,14,0,12,8,6,1136.1,360.238,137.524,133.905,163.381
function@x264_mb_cache_mv_p8x8,0,0,0,0,0,5,0,0,0,0,4.4
function@x264_mb_analyse_inter_p16x8,51,15,0,12,1,3,755.505,242.189,175.463,21.2211,44.1158
function@x264_mb_analyse_inter_p8x16,39,26,0,12,1,5,592.168,436.211,196.021,21.2211,66.3368
function@x264_mb_analyse_intra_chroma,18,0,0,2,1,5,33.625,0,1.5,0.5,14
function@x264_mb_analyse_transform_rd,0,0,0,0,0,7,0,0,0,0,3.03846
function@x264_analyse_update_cache,0,0,0,0,0,38,0,0,0,0,4.82102
function@x264_mb_analyse_b_rd,0,0,0,0,0,23,0,0,0,0,7.4375
function@x264_mb_analyse_inter_b8x8_mixed_ref,58,31,0,26,10,13,9384.73,9760.73,1578.88,1419,4002
function@x264_mb_analyse_inter_b8x8,68,23,0,32,8,6,2176,736,900,163,130
function@x264_mb_analyse_inter_b16x8,77,25,0,23,6,5,831.071,300.698,204.365,65.0159,50.7619
function@x264_mb_analyse_inter_b8x16,77,40,0,13,4,15,1015.87,487.619,187.921,47.7619,122.675
function@x264_refine_bidir,0,0,0,0,0,2,0,0,0,0,2
function@x264_weight_plane_analyse,10,8,0,7,10,4,350.286,664.786,4.2381,348.286,4
function@x264_weights_analyse,104,49,0,40,39,12,17304.6,21003.4,3658.67,6845.43,3307.93
function@x264_slicetype_frame_cost,40,3,0,13,1,12,241.712,1.12988,9.15625,0.260742,215.423
function@x264_slicetype_analyse,178,151,0,78,72,58,12983.6,2829.93,570.126,1548.59,4136.06
function@scenecut,17,8,0,8,0,3,46.3,31.475,10.775,0,105.75
function@x264_slicetype_decide,54,31,0,15,12,18,135.663,76.302,34.7118,38.6424,144.934
function@x264_rc_analyse_slice,27,4,0,15,7,9,238.924,65.7103,57.469,74.6414,16.7724
function@x264_slicetype_frame_cost_recalculate,6,0,0,4,3,2,1252.95,0,15.2857,315.667,127.952
function@x264_macroblock_size_cabac,912,56,0,78,122,91,379.959,42.9032,31.0681,28.0395,78.0596
function@x264_cabac_mb_ref,2,1,0,2,2,5,0.64,10.2,10.52,10.52,12.84
function@x264_cabac_mb8x8_mvd,18,18,0,19,6,10,3.6,3.6,4.6,1.2,2.8
function@x264_cabac_mb_mvd_cpn,57,11,0,10,18,4,34.5686,12.0686,10.4902,11.6176,6.15686
function@block_residual_write_cabac_internal,29,13,0,12,6,9,148.429,91.2222,59.4921,42.1905,23.4762
function@cavlc_mb_mvd,2,2,0,1,0,1,2,2,1,0,1
function@cavlc_mb8x8_mvd,18,0,0,9,0,4,3.6,0,1.8,0,2.4
function@block_residual_write_cavlc,33,15,0,11,8,9,59.3125,55.75,12,21.5,41.375
function@x264_macroblock_luma_write_cavlc,5,2,0,3,5,11,42.5,31.9375,11.5,33.25,57.875
function@x264_rd_cost_i8x8_chroma,23,8,0,17,13,20,11.707,2.57812,7.64868,6.23242,13.0923
function@x264_mb_analyse_inter_p4x4_chroma,56,55,0,18,9,5,20.6667,19.25,9.625,5.70833,5
function@x264_mb_cache_mv_b8x8,4,0,0,1,0,6,1.23529,0,1,0,3.61765
function@x264_slicetype_mb_cost,160,66,0,43,28,27,132.117,109.594,55.0625,27.875,27.5781
function@scenecut_internal,11,4,0,6,0,6,8.22353,3.75294,6,0,4.68235
function@x264_macroblock_tree_propagate,201,54,0,75,59,6,6715.78,3856.38,3037.83,2285.97,548.719
function@mk_create_writer,1,0,0,1,1,4,1,0,0.241379,1,7.25287
function@mk_create_context,0,0,0,0,0,4,0,0,0,0,3.375
function@mk_writeHeader,15,2,0,1,3,51,2.75929,0.453465,0.322266,1.02667,26.3297
function@mk_write_uint,2,1,0,0,10,8,1.31738,0.625,0,2.31808,11.3594
function@mk_write_string,2,1,0,1,0,8,1,0.307692,1,0,12.0923
function@mk_close_context,9,4,0,2,0,5,1.4375,1.18182,1.00568,0,6.99432
function@mk_flush_context_id,8,0,0,1,0,3,1.81538,0,0.384615,0,8.29231
function@mk_write_float,22,0,0,1,0,5,10.2344,0,1,0,40.9375
function@mk_write_bin,0,1,0,1,0,6,0,0.4,1,0,27.34
function@mk_flush_context_data,1,5,0,2,0,4,0.385321,2.08257,1.62385,0,7.6789
function@mk_start_frame,0,0,0,0,0,1,0,0,0,0,1
function@mk_flush_frame,8,4,0,7,11,13,2.64536,1.38969,2.03093,2.47217,16.8825
function@mk_set_frame_flags,0,0,0,0,0,1,0,0,0,0,1
function@mk_add_frame_data,0,0,0,0,0,4,0,0,0,0,10.8802
function@mk_close,9,2,0,3,2,10,2.75814,0.274419,1.44651,1.23256,56.2279
function@mk_close_cluster,6,5,0,3,0,4,1.27545,0.808383,1.01796,0,4.52096
function@mk_write_id,12,1,0,2,1,7,4.41409,0.374536,2,1,17.4265
function@mk_write_size,7,0,0,4,2,10,0.451613,0,0.524927,0.3739,18.1349
function@open_file,0,0,0,0,0,2,0,0,0,0,2
function@set_param,8,5,0,7,2,10,5.82353,2.61765,3.82353,1.17647,98.1177
function@write_headers,18,13,0,14,3,1,2.59958,1.52201,1.92348,1.24738,0.151992
function@write_frame,0,0,0,0,0,0,0,0,0,0,0
function@close_file,0,0,0,0,0,2,0,0,0,0,2
function@open_file,0,0,0,0,0,0,0,0,0,0,0
function@set_param,0,0,0,0,0,0,0,0,0,0,0
function@write_headers,0,0,0,0,0,1,0,0,0,0,1
function@write_frame,0,0,0,0,0,1,0,0,0,0,1
function@close_file,0,0,0,0,0,0,0,0,0,0,0
function@dbl2int,0,0,0,0,0,0,0,0,0,0,0
function@x264_put_byte,0,0,0,0,0,2,0,0,0,0,16.84
function@flv_append_data,0,0,0,0,0,2,0,0,0,0,16.7381
function@x264_put_be32,0,0,0,0,0,9,0,0,0,0,66.5238
function@x264_put_be64,0,0,0,0,0,0,0,0,0,0,0
function@x264_put_be16,2,0,0,1,0,4,1.61905,0,1,0,33.1667
function@x264_put_be24,0,0,0,0,0,7,0,0,0,0,50.0952
function@x264_put_tag,1,2,0,2,0,2,17.25,22.25,22.25,0,351.833
function@x264_put_amf_string,2,2,0,1,0,6,1.61905,1.80952,1,0,49.5952
function@x264_put_amf_double,0,0,0,0,0,2,0,0,0,0,16.84
function@flv_create_writer,0,0,0,0,0,3,0,0,0,0,2.38235
function@rewrite_amf_be24,0,0,0,0,0,1,0,0,0,0,1
function@flv_flush_data,0,0,0,0,0,1,0,0,0,0,1
function@open_file,0,0,0,0,0,3,0,0,0,0,2.61765
function@set_param,1,1,0,1,0,0,1,1,1,0,0
function@write_headers,1,2,0,2,0,1,0.619048,1.2381,1.61905,0,1
function@write_frame,16,12,0,20,3,4,8.51152,4.72811,10.8018,2,3.25346
function@close_file,3,5,0,3,2,2,1.875,2.89062,1.875,1.25,1.625
function@open_file,0,0,0,0,0,1,0,0,0,0,1
function@get_frame_total,0,0,0,0,0,0,0,0,0,0,0
function@read_frame,0,0,0,0,0,2,0,0,0,0,1.5
function@release_frame,0,0,0,0,0,0,0,0,0,0,0
function@close_file,0,0,0,0,0,0,0,0,0,0,0
function@open_file,1,0,0,0,2,1,1,0,0,1.33929,1
function@get_frame_total,0,0,0,0,0,4,0,0,0,0,4
function@read_frame,0,0,0,0,0,8,0,0,0,0,5
function@close_file,0,0,0,0,0,0,0,0,0,0,0
function@open_file,184,114,0,62,35,53,103.491,254.294,29.559,14.473,206.887
function@get_frame_total,0,0,0,0,0,0,0,0,0,0,0
function@read_frame,0,0,0,0,0,3,0,0,0,0,3
function@release_frame,0,0,0,0,0,0,0,0,0,0,0
function@close_file,0,0,0,0,0,0,0,0,0,0,0
function@correct_fps,22,8,0,11,0,10,122.2,58.8143,63.0429,0,122.2
function@try_mkv_timebase_den,11,4,0,6,5,11,175.227,57.455,40.9005,39.6114,1702.43
function@open_file,2,2,0,3,5,12,1.05115,0.111607,0.15346,1.21884,13.8038
function@get_frame_total,0,1,0,1,0,6,0,1,1,0,6
function@read_frame,0,0,0,0,0,7,0,0,0,0,3.39284
function@close_file,0,0,0,0,0,0,0,0,0,0,0
function@x264_mdate,0,0,0,0,0,0,0,0,0,0,0
function@x264_pixel_ssd_wxh,62,31,0,42,43,19,2351.86,1466.16,1770.75,1224,1659.71
function@x264_pixel_ssim_wxh,37,13,0,26,8,8,9724.79,8858.21,863.397,5.04762,8712.25
function@x264_pixel_init,0,0,0,0,0,0,0,0,0,0,0
function@x264_pixel_sad_16x16,0,0,0,0,0,1,0,0,0,0,1
function@x264_pixel_sad_16x8,0,0,0,0,0,0,0,0,0,0,0
function@x264_pixel_sad_8x16,0,0,0,0,0,1,0,0,0,0,1
function@x264_pixel_sad_8x8,0,0,0,0,0,0,0,0,0,0,0
function@x264_pixel_sad_8x4,0,0,0,0,0,0,0,0,0,0,0
function@x264_pixel_sad_4x8,0,2,0,2,0,0,0,2,2,0,0
function@x264_pixel_sad_4x4,0,0,0,0,0,0,0,0,0,0,0
function@x264_pixel_sad_x3_16x16,0,0,0,0,0,0,0,0,0,0,0
function@x264_pixel_sad_x3_16x8,0,0,0,0,0,0,0,0,0,0,0
function@x264_pixel_sad_x3_8x16,0,0,0,0,0,0,0,0,0,0,0
function@x264_pixel_sad_x3_8x8,0,0,0,0,0,0,0,0,0,0,0
function@x264_pixel_sad_x3_8x4,0,0,0,0,0,0,0,0,0,0,0
function@x264_pixel_sad_x3_4x8,0,0,0,0,0,0,0,0,0,0,0
function@x264_pixel_sad_x3_4x4,4,2,0,3,0,48,4,2,3,0,48
function@x264_pixel_sad_x4_16x16,0,0,0,0,0,0,0,0,0,0,0
function@x264_pixel_sad_x4_16x8,0,0,0,0,0,0,0,0,0,0,0
function@x264_pixel_sad_x4_8x16,0,0,0,0,0,0,0,0,0,0,0
function@x264_pixel_sad_x4_8x8,0,0,0,0,0,0,0,0,0,0,0
function@x264_pixel_sad_x4_8x4,0,0,0,0,0,0,0,0,0,0,0
function@x264_pixel_sad_x4_4x8,0,0,0,0,0,0,0,0,0,0,0
function@x264_pixel_sad_x4_4x4,4,2,0,3,0,64,4,2,3,0,64
function@x264_pixel_ssd_16x16,0,0,0,0,0,1,0,0,0,0,1
function@x264_pixel_ssd_16x8,0,0,0,0,0,0,0,0,0,0,0
function@x264_pixel_ssd_8x16,0,0,0,0,0,1,0,0,0,0,1
function@x264_pixel_ssd_8x8,0,0,0,0,0,0,0,0,0,0,0
function@x264_pixel_ssd_8x4,2,0,0,2,0,0,2,0,2,0,0
function@x264_pixel_ssd_4x8,2,0,0,2,0,0,2,0,2,0,0
function@x264_pixel_ssd_4x4,0,0,0,0,0,0,0,0,0,0,0
function@x264_pixel_satd_16x16,4,4,0,7,1,2,4,4,7,1,2
function@x264_pixel_satd_16x8,0,1,0,1,0,2,0,1,1,0,2
function@x264_pixel_satd_8x16,0,2,0,2,0,1,0,2,2,0,1
function@x264_pixel_satd_8x8,0,0,0,0,0,1,0,0,0,0,1
function@x264_pixel_satd_8x4,46,10,0,19,44,28,46,10,19,44,28
function@x264_pixel_satd_4x8,0,0,0,0,0,1,0,0,0,0,1
function@x264_pixel_satd_4x4,3,0,0,3,0,0,3,0,3,0,0
function@x264_pixel_satd_x3_16x16,0,0,0,0,0,0,0,0,0,0,0
function@x264_pixel_satd_x3_16x8,0,11,0,5,0,7,0,11,5,0,7
function@x264_pixel_satd_x3_8x16,0,15,0,9,2,5,0,15,9,2,5
function@x264_pixel_satd_x3_8x8,0,0,0,0,0,3,0,0,0,0,3
function@x264_pixel_satd_x3_8x4,0,0,0,0,0,0,0,0,0,0,0
function@x264_pixel_satd_x3_4x8,0,0,0,0,0,3,0,0,0,0,3
function@x264_pixel_satd_x3_4x4,0,0,0,0,0,0,0,0,0,0,0
function@x264_pixel_satd_x4_16x16,0,0,0,0,0,0,0,0,0,0,0
function@x264_pixel_satd_x4_16x8,0,15,0,6,0,9,0,15,6,0,9
function@x264_pixel_satd_x4_8x16,0,20,0,11,3,7,0,20,11,3,7
function@x264_pixel_satd_x4_8x8,0,0,0,0,0,4,0,0,0,0,4
function@x264_pixel_satd_x4_8x4,0,0,0,0,0,0,0,0,0,0,0
function@x264_pixel_satd_x4_4x8,0,0,0,0,0,4,0,0,0,0,4
function@x264_pixel_satd_x4_4x4,0,0,0,0,0,0,0,0,0,0,0
function@x264_pixel_hadamard_ac_16x16,0,0,0,0,0,6,0,0,0,0,6
function@x264_pixel_hadamard_ac_16x8,0,0,0,0,0,6,0,0,0,0,6
function@x264_pixel_hadamard_ac_8x16,0,0,0,0,0,5,0,0,0,0,5
function@x264_pixel_hadamard_ac_8x8,0,0,0,0,0,0,0,0,0,0,0
function@x264_pixel_ads4,0,0,0,0,0,2,0,0,0,0,21.2857
function@x264_pixel_ads2,2,0,0,2,0,4,40.5714,0,1.2381,0,61.8571
function@x264_pixel_ads1,0,0,0,0,0,4,0,0,0,0,61.8571
function@x264_pixel_sa8d_16x16,0,2,0,2,0,5,0,2,2,0,5
function@x264_pixel_sa8d_8x8,0,0,0,0,0,0,0,0,0,0,0
function@x264_pixel_var_16x16,2,3,0,3,6,4,63.75,95.625,95.625,160.375,96.625
function@x264_pixel_var_8x8,30,5,0,8,10,13,30,5,8,10,13
function@ssim_4x4x2_core,70,18,0,34,27,11,2231.25,573.75,1052.88,798.875,350.625
function@ssim_end4,5,4,0,3,4,2,101.429,81.1429,60.8571,41.8095,40.5714
function@pixel_var2_8x8,12,3,0,7,12,1,12,3,7,12,1
function@pixel_hadamard_ac,76,62,0,44,9,2,76,62,44,9,2
function@sa8d_8x8,7,8,0,8,0,4,6.99999,7.99999,7.99999,0,66
function@x264_frame_new,117,18,0,18,25,27,33.504,4.46942,6.29154,10.2754,26.2243
function@x264_frame_delete,0,0,0,0,0,2,0,0,0,0,24.2857
function@x264_frame_copy_picture,0,0,0,0,0,16,0,0,0,0,2.85864
function@x264_frame_expand_border,120,100,0,24,36,43,2992.41,4190.23,95.2059,381.706,1898.97
function@x264_frame_expand_border_filtered,489,227,0,131,24,31,14063.9,5488.86,253.381,104.095,3971.19
function@x264_frame_expand_border_lowres,135,123,0,9,7,12,10289.1,5796.62,250.875,149.375,2558.5
function@x264_frame_expand_border_mod16,4,8,0,3,8,3,43,783.333,47.75,120.417,63.75
function@x264_frame_cond_broadcast,0,0,0,0,0,0,0,0,0,0,0
function@x264_frame_cond_wait,0,0,0,0,0,0,0,0,0,0,0
function@x264_frame_push,0,0,0,0,0,1,0,0,0,0,31.875
function@x264_frame_pop,0,0,0,0,0,1,0,0,0,0,31.875
function@x264_frame_unshift,0,2,0,3,4,9,0,13.1471,1.85294,2.47059,110.265
function@x264_frame_shift,0,0,0,0,0,2,0,0,0,0,1.66667
function@x264_frame_push_unused,0,0,0,0,0,1,0,0,0,0,12.1429
function@x264_frame_pop_unused,0,0,0,0,0,3,0,0,0,0,21.6667
function@x264_frame_push_blank_unused,0,0,0,0,0,1,0,0,0,0,12.1429
function@x264_frame_pop_blank_unused,0,0,0,0,0,1,0,0,0,0,20.2857
function@x264_frame_sort,14,4,0,6,7,0,1543.25,358.083,365.5,708.083,0
function@x264_weight_scale_plane,3,4,0,5,3,0,435.05,51,14.95,13.55,0
function@x264_frame_delete_list,0,0,0,0,0,0,0,0,0,0,0
function@x264_synch_frame_list_init,0,0,0,0,0,1,0,0,0,0,1
function@x264_synch_frame_list_delete,0,0,0,0,0,0,0,0,0,0,0
function@x264_synch_frame_list_push,0,0,0,0,0,0,0,0,0,0,0
function@x264_macroblock_cache_mv_4_4,0,0,0,0,0,0,0,0,0,0,0
function@x264_macroblock_cache_mv_2_4,0,0,0,0,0,0,0,0,0,0,0
function@x264_macroblock_cache_mv_4_2,0,0,0,0,0,0,0,0,0,0,0
function@x264_macroblock_cache_mv_2_2,0,0,0,0,0,0,0,0,0,0,0
function@x264_macroblock_cache_mv_2_1,0,0,0,0,0,0,0,0,0,0,0
function@x264_macroblock_cache_mv_1_2,0,0,0,0,0,0,0,0,0,0,0
function@x264_macroblock_cache_mv_1_1,0,0,0,0,0,0,0,0,0,0,0
function@x264_macroblock_cache_mvd_4_4,0,0,0,0,0,1,0,0,0,0,1
function@x264_macroblock_cache_mvd_2_4,0,0,0,0,0,1,0,0,0,0,1
function@x264_macroblock_cache_mvd_4_2,0,0,0,0,0,1,0,0,0,0,1
function@x264_macroblock_cache_mvd_2_2,0,0,0,0,0,1,0,0,0,0,1
function@x264_macroblock_cache_mvd_2_1,0,0,0,0,0,1,0,0,0,0,1
function@x264_macroblock_cache_mvd_1_2,0,0,0,0,0,0,0,0,0,0,0
function@x264_macroblock_cache_mvd_1_1,0,0,0,0,0,0,0,0,0,0,0
function@x264_macroblock_cache_ref_4_4,0,0,0,0,0,0,0,0,0,0,0
function@x264_macroblock_cache_ref_2_4,0,0,0,0,0,1,0,0,0,0,1
function@x264_macroblock_cache_ref_4_2,0,0,0,0,0,0,0,0,0,0,0
function@x264_macroblock_cache_ref_2_2,0,0,0,0,0,1,0,0,0,0,1
function@x264_macroblock_cache_ref_2_1,0,0,0,0,0,1,0,0,0,0,1
function@x264_macroblock_cache_ref_1_2,0,0,0,0,0,0,0,0,0,0,0
function@x264_macroblock_cache_ref_1_1,0,0,0,0,0,0,0,0,0,0,0
function@x264_mb_mc_8x8,2,0,0,1,1,23,0.150943,0,0.0754717,0.0754717,3.45283
function@x264_mb_mc_0xywh,19,11,0,14,3,3,17.8571,9.85714,13.619,2.61905,3
function@x264_mb_mc_01xywh,28,26,0,24,3,3,28,26,24,3,3
function@x264_mb_mc_1xywh,14,8,0,11,0,3,14,8,11,0,3
function@x264_mb_mc,0,0,0,0,0,15,0,0,0,0,0.600733
function@x264_macroblock_cache_allocate,4,14,0,7,10,7,0.0284132,0.546283,0.0521801,0.0970336,1.48767
function@x264_macroblock_cache_free,0,0,0,0,0,0,0,0,0,0,0
function@x264_macroblock_thread_allocate,0,0,0,0,0,10,0,0,0,0,12.6279
function@x264_macroblock_thread_free,2,1,0,1,1,2,15,7.5,7.5,0.235294,15
function@x264_macroblock_slice_init,20,11,0,6,1,21,73.25,68.2206,4.5,1,286
function@x264_macroblock_thread_init,0,0,0,0,0,0,0,0,0,0,0
function@x264_prefetch_fenc,0,0,0,0,0,2,0,0,0,0,2
function@x264_macroblock_cache_load,90,27,0,41,35,15,295.642,162.961,63.0931,79.6324,52.6078
function@x264_macroblock_load_pic_pointers,91,19,0,27,9,21,373.152,65.6719,54.9414,56.918,122.418
function@x264_macroblock_cache_load_neighbours_deblock,0,0,0,0,0,0,0,0,0,0,0
function@x264_macroblock_cache_load_deblock,44,4,0,18,5,7,27.104,2.44343,3.29358,0.926606,2.8318
function@x264_macroblock_cache_save,72,12,0,14,2,8,30.2059,6.35294,12.1225,1.5,6.5098
function@x264_macroblock_bipred_init,14,18,0,7,10,5,42056.9,56465.5,386.375,545.25,31743.8
function@x264_frame_deblock_row,173,92,0,92,47,87,1110.26,626.768,614.283,332.231,369.451
function@x264_deblock_init,0,0,0,0,0,0,0,0,0,0,0
function@deblock_v_luma_c,0,0,0,0,0,0,0,0,0,0,0
function@deblock_h_luma_c,0,0,0,0,0,0,0,0,0,0,0
function@deblock_v_chroma_c,0,0,0,0,0,0,0,0,0,0,0
function@deblock_h_chroma_c,0,0,0,0,0,0,0,0,0,0,0
function@deblock_v_luma_intra_c,0,0,0,0,0,0,0,0,0,0,0
function@deblock_h_luma_intra_c,0,0,0,0,0,0,0,0,0,0,0
function@deblock_v_chroma_intra_c,0,0,0,0,0,0,0,0,0,0,0
function@deblock_h_chroma_intra_c,0,0,0,0,0,0,0,0,0,0,0
function@deblock_strength_c,42,14,0,20,21,31,4532.97,2763.38,1058.97,1875.27,1604.57
function@deblock_luma_c,29,18,0,14,10,7,2253.75,1591.75,1682.75,307.25,1305.25
function@deblock_chroma_c,21,19,0,12,7,11,134.625,124.125,120,31.375,131.75
function@deblock_luma_intra_c,39,7,0,15,11,10,108.375,48.5,56.5,11.875,81
function@deblock_chroma_intra_c,38,2,0,5,2,41,16.5,1.5,3.5,2,22
function@x264_cqm_init,209,107,0,96,60,89,302.727,210.475,96.2713,35.9681,127.125
function@x264_cqm_delete,0,0,0,0,0,0,0,0,0,0,0
function@x264_cqm_parse_file,0,0,0,0,0,16,0,0,0,0,22.7143
function@x264_cqm_parse_jmlist,0,4,0,2,0,6,0,1.33913,1.625,0,3.24455
function@x264_cpu_detect,0,0,0,0,0,0,0,0,0,0,0
function@x264_cpu_num_processors,0,0,0,0,0,0,0,0,0,0,0
function@spec_strdup,0,0,0,0,0,4,0,0,0,0,4
function@x264_param_default,0,0,0,0,0,0,0,0,0,0,0
function@x264_log_default,0,0,0,0,0,0,0,0,0,0,0
function@x264_param_default_preset,1,0,0,0,4,6,1,0,0,1.23795,10.2341
function@x264_param_apply_fastfirstpass,0,0,0,0,0,0,0,0,0,0,0
function@x264_param_apply_profile,0,0,0,0,0,1,0,0,0,0,1
function@x264_log,0,0,0,0,0,0,0,0,0,0,0
function@x264_param_parse,20,26,0,6,138,115,4.38385,10.5808,2.50366,1.87351,4.01007
function@x264_atobool,0,0,0,0,0,3,0,0,0,0,3
function@parse_enum,1,0,0,0,2,2,1,0,0,1.30769,2
function@parse_cqm,6,5,0,7,3,3,23.0141,12.1724,18.6732,11.5071,7.33154
function@x264_picture_alloc,0,0,0,0,0,4,0,0,0,0,3.2381
function@x264_malloc,0,0,0,0,0,4,0,0,0,0,3.61905
function@x264_picture_clean,0,0,0,0,0,0,0,0,0,0,0
function@x264_free,0,0,0,0,0,0,0,0,0,0,0
function@x264_nal_encode,0,0,0,0,0,3,0,0,0,0,26.3333
function@x264_reduce_fraction,0,0,0,0,0,6,0,0,0,0,31.5952
function@x264_slurp_file,4,4,0,5,1,7,0.577982,0.495413,0.807339,0.229358,3.68807
function@x264_param2string,4,2,0,1,3,39,2.87129,0.772277,0.623762,1.62376,22.2079
function@x264_plane_copy_c,0,0,0,0,0,0,0,0,0,0,0
function@x264_frame_init_lowres,22,30,0,10,12,26,329.971,484.319,37.6863,15.9216,2121.13
function@x264_mc_init,0,0,0,0,0,0,0,0,0,0,0
function@mc_luma,44,43,0,40,55,28,84.1245,213.197,37.0172,88.6566,713.948
function@get_ref,45,49,0,41,48,29,88.1521,232.796,35.9381,79.9639,715.58
function@mc_chroma,19,17,0,11,15,5,1429.1,2292.9,16.75,43.05,932.7
function@pixel_avg_16x16,0,0,0,0,0,2,0,0,0,0,1
function@pixel_avg_16x8,0,0,0,0,0,2,0,0,0,0,1
function@pixel_avg_8x16,0,0,0,0,0,2,0,0,0,0,1
function@pixel_avg_8x8,0,0,0,0,0,2,0,0,0,0,1
function@pixel_avg_8x4,0,0,0,0,0,2,0,0,0,0,1
function@pixel_avg_4x8,0,4,0,0,4,4,0,63.75,0,17.4375,63.75
function@pixel_avg_4x4,9,16,0,2,2,16,4.5,8,1,1,8
function@pixel_avg_4x2,0,0,0,0,0,8,0,0,0,0,4
function@pixel_avg_2x4,3,8,0,1,2,8,1.5,4,0.5,1,4
function@pixel_avg_2x2,0,0,0,0,0,4,0,0,0,0,2
function@x264_weight_cache,0,0,0,0,0,0,0,0,0,0,0
function@mc_copy_w16,0,0,0,0,0,1,0,0,0,0,0.64
function@mc_copy_w8,0,1,0,1,0,1,0,10.2,0.32,0,0.64
function@mc_copy_w4,0,2,0,2,0,1,0,20.4,0.64,0,0.64
function@hpel_filter,224,65,0,64,60,25,7075.51,1439.67,541.883,313.794,2115.42
function@prefetch_fenc_null,0,0,0,0,0,0,0,0,0,0,0
function@prefetch_ref_null,0,0,0,0,0,0,0,0,0,0,0
function@memzero_aligned,0,0,0,0,0,0,0,0,0,0,0
function@frame_init_lowres_core,60,40,0,17,64,2,3675.86,349.927,41.7969,411.402,450.001
function@integral_init4h,1,3,0,2,1,6,0.25,8.96875,0.75,0.25,40.0938
function@integral_init8h,1,3,0,2,1,6,0.25,8.96875,0.75,0.25,40.0938
function@integral_init4v,48,17,0,11,7,16,63.377,12.8457,4.82227,3.52539,16.8496
function@integral_init8v,5,8,0,2,2,7,1.00392,8.52157,0.92549,0.854902,12.1569
function@mbtree_propagate_cost,0,0,0,0,0,2,0,0,0,0,42.5
function@x264_frame_filter,16,16,0,10,10,5,16.25,41.7206,12.4559,15.5882,10.1176
function@pixel_avg_weight_wxh,0,20,0,2,4,19,0,122.08,2,21.68,102.68
function@mc_weight_w2,0,0,0,0,0,4,0,0,0,0,50.1176
function@mc_weight_w4,0,0,0,0,0,8,0,0,0,0,100.235
function@mc_weight_w8,0,0,0,0,0,16,0,0,0,0,200.471
function@mc_weight_w12,0,0,0,0,0,24,0,0,0,0,300.706
function@mc_weight_w16,0,0,0,0,0,32,0,0,0,0,400.941
function@mc_weight_w20,42,3,0,5,9,3,325.059,37.5882,3.76471,48.7941,602.294
function@x264_dct_init,0,0,0,0,0,0,0,0,0,0,0
function@sub4x4_dct,55,12,0,30,25,0,55,12,30,25,0
function@add4x4_idct,3,6,0,7,0,5,3,6,7,0,5
function@sub8x8_dct,0,0,0,0,0,0,0,0,0,0,0
function@sub8x8_dct_dc,3,3,0,3,6,0,3,3,3,6,0
function@add8x8_idct,0,0,0,0,0,0,0,0,0,0,0
function@add8x8_idct_dc,0,0,0,0,0,2,0,0,0,0,2
function@sub16x16_dct,0,0,0,0,0,0,0,0,0,0,0
function@add16x16_idct,0,0,0,0,0,0,0,0,0,0,0
function@add16x16_idct_dc,0,0,0,0,0,2,0,0,0,0,2
function@sub8x8_dct8,88,93,0,91,0,0,88,93,91,0,0
function@add8x8_idct8,33,22,0,13,22,7,866.625,485.125,198.25,639.5,223.125
function@sub16x16_dct8,0,0,0,0,0,0,0,0,0,0,0
function@add16x16_idct8,0,0,0,0,0,0,0,0,0,0,0
function@dct4x4dc,11,13,0,13,15,4,11,13,13,15,4
function@idct4x4dc,11,15,0,15,13,4,11,15,15,13,4
function@x264_dct_init_weights,0,0,0,0,0,4,0,0,0,0,127.5
function@x264_zigzag_init,0,0,0,0,0,0,0,0,0,0,0
function@zigzag_scan_8x8_field,0,0,0,0,0,0,0,0,0,0,0
function@zigzag_scan_4x4_field,0,0,0,0,0,0,0,0,0,0,0
function@zigzag_sub_8x8_field,0,0,0,0,0,0,0,0,0,0,0
function@zigzag_sub_4x4_field,0,0,0,0,0,0,0,0,0,0,0
function@zigzag_sub_4x4ac_field,0,0,0,0,0,0,0,0,0,0,0
function@zigzag_scan_8x8_frame,0,0,0,0,0,0,0,0,0,0,0
function@zigzag_scan_4x4_frame,0,0,0,0,0,0,0,0,0,0,0
function@zigzag_sub_8x8_frame,0,0,0,0,0,0,0,0,0,0,0
function@zigzag_sub_4x4_frame,0,0,0,0,0,0,0,0,0,0,0
function@zigzag_sub_4x4ac_frame,0,0,0,0,0,0,0,0,0,0,0
function@zigzag_interleave_8x8_cavlc,0,0,0,0,0,0,0,0,0,0,0
function@add4x4_idct_dc,0,0,0,0,0,0,0,0,0,0,0
function@x264_cabac_context_init,0,0,0,0,0,5,0,0,0,0,79.875
function@x264_cabac_encode_init_core,0,0,0,0,0,0,0,0,0,0,0
function@x264_cabac_encode_init,0,0,0,0,0,0,0,0,0,0,0
function@x264_cabac_encode_decision_c,3,1,0,1,1,13,0.814815,0.62963,0.62963,0.62963,8.60494
function@x264_cabac_encode_bypass_c,5,2,0,2,1,6,2.14706,1,1.5,0.5,1.56863
function@x264_cabac_encode_ue_bypass,5,2,0,2,7,11,89.9375,51.875,20.9375,56.875,132.125
function@x264_cabac_encode_terminal_c,3,1,0,1,1,10,0.814815,0.62963,0.62963,0.62963,5.60494
function@x264_cabac_encode_flush,10,2,0,2,8,21,3.34969,0.809816,0.809816,6.30675,6.1227
function@x264_init_vlc_tables,27,14,0,8,16,6,9245.38,6846.5,2208.12,2401.38,4383.25
function@x264_predict_16x16_init,0,0,0,0,0,0,0,0,0,0,0
function@predict_16x16_v,0,0,0,0,0,0,0,0,0,0,0
function@predict_16x16_h,0,0,0,0,0,0,0,0,0,0,0
function@predict_16x16_dc,0,0,0,0,0,0,0,0,0,0,0
function@predict_16x16_p,59,6,0,22,9,3,1695.38,129.5,423.375,39.875,95.625
function@predict_16x16_dc_left,0,0,0,0,0,0,0,0,0,0,0
function@predict_16x16_dc_top,0,0,0,0,0,0,0,0,0,0,0
function@predict_16x16_dc_128,0,0,0,0,0,0,0,0,0,0,0
function@x264_predict_8x8c_init,0,0,0,0,0,0,0,0,0,0,0
function@predict_8x8c_v,0,0,0,0,0,0,0,0,0,0,0
function@predict_8x8c_h,0,0,0,0,0,0,0,0,0,0,0
function@predict_8x8c_dc,5,3,0,6,1,0,5,3,6,1,0
function@predict_8x8c_p,20,1,0,2,18,2,421.375,31.875,2,172.375,2
function@predict_8x8c_dc_left,0,0,0,0,0,0,0,0,0,0,0
function@predict_8x8c_dc_top,0,0,0,0,0,0,0,0,0,0,0
function@predict_8x8c_dc_128,0,0,0,0,0,0,0,0,0,0,0
function@x264_predict_8x8_init,0,0,0,0,0,0,0,0,0,0,0
function@predict_8x8_v,0,0,0,0,0,0,0,0,0,0,0
function@predict_8x8_h,0,2,0,2,0,0,0,2,2,0,0
function@predict_8x8_dc,0,0,0,0,0,0,0,0,0,0,0
function@predict_8x8_ddl,4,1,0,2,0,0,4,1,2,0,0
function@predict_8x8_ddr,4,1,0,3,0,0,4,1,3,0,0
function@predict_8x8_vr,25,3,0,9,1,1,25,3,9,1,1
function@predict_8x8_hd,17,6,0,10,10,2,17,6,10,10,2
function@predict_8x8_vl,14,2,0,5,0,0,14,2,5,0,0
function@predict_8x8_hu,2,7,0,4,1,2,2,7,4,1,2
function@predict_8x8_dc_left,0,0,0,0,0,0,0,0,0,0,0
function@predict_8x8_dc_top,0,0,0,0,0,0,0,0,0,0,0
function@predict_8x8_dc_128,0,0,0,0,0,0,0,0,0,0,0
function@predict_8x8_filter,0,0,0,0,0,1,0,0,0,0,0.5
function@x264_predict_4x4_init,0,0,0,0,0,0,0,0,0,0,0
function@predict_4x4_v,0,0,0,0,0,0,0,0,0,0,0
function@predict_4x4_h,0,0,0,0,0,0,0,0,0,0,0
function@predict_4x4_dc,0,0,0,0,0,0,0,0,0,0,0
function@predict_4x4_ddl,0,0,0,0,0,0,0,0,0,0,0
function@predict_4x4_ddr,4,2,0,3,0,0,4,2,3,0,0
function@predict_4x4_vr,7,0,0,3,1,0,7,0,3,1,0
function@predict_4x4_hd,6,2,0,5,1,0,6,2,5,1,0
function@predict_4x4_vl,1,0,0,1,0,1,1,0,1,0,1
function@predict_4x4_hu,0,0,0,0,0,0,0,0,0,0,0
function@predict_4x4_dc_left,0,0,0,0,0,0,0,0,0,0,0
function@predict_4x4_dc_top,0,0,0,0,0,0,0,0,0,0,0
function@predict_4x4_dc_128,0,0,0,0,0,0,0,0,0,0,0
function@x264_quant_init,0,0,0,0,0,0,0,0,0,0,0
function@quant_8x8,0,0,0,0,0,2,0,0,0,0,31.9375
function@quant_4x4,0,0,0,0,0,1,0,0,0,0,16
function@quant_4x4_dc,28,5,0,31,36,12,22.0476,4.38095,15.4286,18.5238,6
function@quant_2x2_dc,0,0,0,0,0,7,0,0,0,0,2.66667
function@dequant_4x4,0,0,0,0,0,7,0,0,0,0,5
function@dequant_4x4_dc,0,2,0,1,0,4,0,1,1,0,3
function@dequant_8x8,0,0,0,0,0,3,0,0,0,0,3
function@x264_denoise_dct,5,4,0,3,4,6,0.634921,8.34921,0.746032,1.60317,54.7619
function@x264_decimate_score15,0,0,0,0,0,2,0,0,0,0,2.08941
function@x264_decimate_score16,0,0,0,0,0,2,0,0,0,0,2.74306
function@x264_decimate_score64,0,0,0,0,0,2,0,0,0,0,2.7437
function@x264_coeff_last4,0,0,0,0,0,0,0,0,0,0,0
function@x264_coeff_last15,0,0,0,0,0,2,0,0,0,0,16.8146
function@x264_coeff_last16,0,0,0,0,0,2,0,0,0,0,16.453
function@x264_coeff_last64,0,0,0,0,0,2,0,0,0,0,16.746
function@x264_coeff_level_run4,4,0,0,2,2,5,3.15909,0,0.597727,1,21.3386
function@x264_coeff_level_run15,0,0,0,0,2,10,0,0,0,0.633995,28.8064
function@x264_coeff_level_run16,0,0,0,0,2,10,0,0,0,0.621655,28.2652
function@x264_mb_predict_mv,1,9,0,5,2,7,1,3.79167,4.25,2,3.5
function@x264_mb_predict_mv_16x16,3,6,0,4,0,7,1.32283,2.79528,2.99213,0,4.77953
function@x264_mb_predict_mv_pskip,3,3,0,3,0,8,0.232092,0.567335,0.507163,0,1.39542
function@x264_mb_predict_mv_direct16x16,62,74,0,53,57,31,19.0886,22.959,10.1912,8.07031,7.67739
function@x264_mb_predict_mv_ref16x16,24,6,0,12,3,4,10.6923,2.38462,6.76923,1.07692,1.72527
function@RBSPtoSODB,0,0,0,0,0,1,0,0,0,0,1
function@EBSPtoRBSP,0,2,0,1,0,6,0,2.10612,0.24898,0,1.40816
function@intrapred8x8_mbaff,700,122,0,228,80,23,57.6124,9.67578,18.418,5.52568,2.325
function@LowPassForIntra8x8Pred,22,11,0,23,10,1,11.5824,8.15385,14.2857,5.04945,1
function@init_motion_vector_prediction,0,0,0,0,0,0,0,0,0,0,0
function@GetMotionVectorPredictorMBAFF,26,39,0,37,17,7,7.42353,16.3765,10.0667,6.88235,2.35686
function@GetMotionVectorPredictorNormal,1,11,0,3,0,9,0.153846,4.33791,3,0,0.774725
function@set_ec_flag,0,0,0,0,0,0,0,0,0,0,0
function@reset_ec_flags,0,0,0,0,0,0,0,0,0,0,0
function@get_concealed_element,0,0,0,0,0,1,0,0,0,0,1
function@mb_pred_intra4x4,9,1,0,2,7,4,51.6693,0.0629921,2,22.1417,26.1811
function@mb_pred_intra16x16,0,0,0,0,0,0,0,0,0,0,0
function@mb_pred_intra8x8,0,1,0,1,1,0,0,0.333333,1,0.333333,0
function@mb_pred_skip,0,0,0,0,0,1,0,0,0,0,1
function@set_chroma_vector,57,31,0,21,8,82,26.4688,21.7381,3.71473,0.312505,66.8176
function@mb_pred_sp_skip,0,0,0,0,0,1,0,0,0,0,1
function@mb_pred_p_inter8x8,6,13,0,14,6,8,5.125,384.25,13.5,5.5,131.75
function@mb_pred_p_inter16x16,0,0,0,0,0,1,0,0,0,0,1
function@mb_pred_p_inter16x8,1,0,0,1,0,1,0.666667,0,1,0,1
function@mb_pred_p_inter8x16,1,0,0,1,0,1,0.666667,0,1,0,1
function@mb_pred_b_d8x8temporal,95,22,0,20,19,15,24106.8,9176.77,6200.8,2701.23,9577.16
function@mb_pred_b_d4x4temporal,58,14,0,14,16,5,21827.5,6329.94,5861,4294,6426.41
function@mb_pred_b_d8x8spatial,112,15,0,39,22,19,9115.25,356.688,1884.12,119.75,1328
function@mb_pred_b_d4x4spatial,50,3,0,7,12,7,5511.75,2080,1160,1389,2688
function@mb_pred_b_inter8x8,37,16,0,13,17,12,382.812,1255,110.688,218.188,775.5
function@mb_pred_ipcm,31,14,0,13,10,4,47.6437,256.23,3.1954,12.2759,235.356
function@constructTiff,0,0,0,0,0,0,0,0,0,0,0
function@destructTiff,0,0,0,0,0,0,0,0,0,0,0
function@horizontal_half_1chan_cosite,102,13,0,42,23,4,15896.1,3115.08,1270,2119.83,202.333
function@vertical_half_1chan,100,24,0,55,30,7,8873.79,1189.79,480.81,426.857,365.929
function@ReadTIFFImage,254,138,0,77,32,70,13.3855,14.594,4.58321,2.91473,17.6025
function@getU16,0,0,0,0,0,0,0,0,0,0,0
function@getU32,0,0,0,0,0,1,0,0,0,0,1
function@getSwappedU16,0,0,0,0,0,1,0,0,0,0,1
function@getSwappedU32,0,0,0,0,0,1,0,0,0,0,1
function@getIntArray,2,3,0,4,1,5,1.14706,2.79412,2.22549,0.0784314,15.1078
function@DeblockPicture,0,0,0,0,0,2,0,0,0,0,42.5
function@DeblockMb,93,67,0,11,8,5,96.1937,158.102,6.92188,30.2563,48.9531
function@DeblockPicturePartially,0,0,0,0,0,2,0,0,0,0,31.875
function@init_Deblock,170,98,0,46,48,28,7331.81,1562.99,872.559,59.6863,914.186
function@forward4x4,57,15,0,32,15,5,57,15,32,15,5
function@inverse4x4,44,17,0,24,25,4,44,17,24,25,4
function@hadamard4x4,53,7,0,22,18,0,53,7,22,18,0
function@ihadamard4x4,47,10,0,21,11,4,47,10,21,11,4
function@hadamard4x2,10,6,0,7,2,0,10,6,7,2,0
function@ihadamard4x2,19,4,0,10,2,0,19,4,10,2,0
function@hadamard2x2,0,0,0,0,0,0,0,0,0,0,0
function@ihadamard2x2,0,0,0,0,0,0,0,0,0,0,0
function@forward8x8,59,13,0,37,22,12,1764,416,719,611,384
function@inverse8x8,57,10,0,29,22,19,1700,320,463,580,608
function@set_chroma_qp,0,0,0,0,0,0,0,0,0,0,0
function@update_qp,11,4,0,8,2,0,10.2381,4,7.2381,2,0
function@invScaleCoeff,2,0,0,1,0,1,1.28,0,0.64,0,0.64
function@start_macroblock,1,0,0,1,0,4,1,0,1,0,3.25
function@exit_macroblock,0,0,0,0,0,1,0,0,0,0,1
function@setup_slice_methods,0,0,0,0,0,0,0,0,0,0,0
function@interpret_mb_mode_P,0,0,0,0,0,2,0,0,0,0,0.583333
function@read_motion_info_from_NAL_p_slice,14,4,0,6,0,0,12.3125,3.23926,6,0,0
function@read_one_macroblock_p_slice,49,14,0,15,8,4,27.998,7.87988,13.25,5,1.4349
function@decode_one_component_p_slice,0,0,0,0,0,0,0,0,0,0,0
function@decode_one_component_sp_slice,0,0,0,0,0,0,0,0,0,0,0
function@interpret_mb_mode_B,0,0,0,0,0,0,0,0,0,0,0
function@read_motion_info_from_NAL_b_slice,85,4,0,8,1,6,73,4,8,1,6
function@read_one_macroblock_b_slice,44,14,0,15,7,4,26.3522,7.87988,13.25,4.5,1.29948
function@decode_one_component_b_slice,0,0,0,0,0,0,0,0,0,0,0
function@interpret_mb_mode_I,0,0,0,0,0,1,0,0,0,0,0.333333
function@read_one_macroblock_i_slice,34,6,0,5,0,2,22.4766,2.89062,5,0,1.5
function@decode_one_component_i_slice,0,0,0,0,0,0,0,0,0,0,0
function@interpret_mb_mode_SI,0,0,0,0,0,1,0,0,0,0,0.25
function@read_CBP_and_coeffs_from_NAL_CABAC_444,77,25,0,28,14,0,128.18,40.2438,23.0417,7.80443,0
function@read_CBP_and_coeffs_from_NAL_CABAC_422,221,68,0,76,65,14,4540.52,998.17,605.187,334.394,2123.78
function@read_CBP_and_coeffs_from_NAL_CABAC_400,36,12,0,15,10,0,20.1022,8.77224,11.6094,3.46589,0
function@read_CBP_and_coeffs_from_NAL_CABAC_420,234,70,0,80,48,11,2433.61,1460.08,841.033,181.094,323.046
function@read_CBP_and_coeffs_from_NAL_CAVLC_444,89,33,0,34,14,6,141.811,50.2874,42.625,8.7211,31.8333
function@read_CBP_and_coeffs_from_NAL_CAVLC_422,238,84,0,87,63,25,5011.78,1096.49,577.781,213.587,2453.21
function@read_CBP_and_coeffs_from_NAL_CAVLC_400,36,15,0,15,5,4,23.1495,12.2874,12.375,2.51276,5.16667
function@read_CBP_and_coeffs_from_NAL_CAVLC_420,233,80,0,82,50,21,2655.47,1331.54,758.034,149.94,517.042
function@SetB8Mode,0,0,0,0,0,0,0,0,0,0,0
function@reset_coeffs,0,0,0,0,0,0,0,0,0,0,0
function@field_flag_inference,0,0,0,0,0,0,0,0,0,0,0
function@skip_macroblock,31,7,0,12,6,48,386.512,4.00586,7.93945,2.41797,396
function@get_neighbors,0,2,0,1,0,0,0,1.56863,1,0,0
function@predict_nnz,13,0,0,2,0,1,4.06836,0,2,0,0.999999
function@predict_nnz_chroma,6,4,0,4,8,1,1.83203,1.87695,1.57812,1.78711,0.999999
function@decode_one_macroblock,0,0,0,0,0,6,0,0,0,0,1.41176
function@init_cur_imgy,12,24,0,3,0,25,28.022,56.044,1.12088,0,90.8022
function@change_plane_JV,0,0,0,0,0,0,0,0,0,0,0
function@make_frame_picture_JV,0,0,0,0,0,4,0,0,0,0,80.8421
function@init_macroblock,0,0,0,0,0,1,0,0,0,0,1
function@read_ipred_modes,60,20,0,24,17,1,30402.1,21011.6,1855.15,2616.3,1985.94
function@concealIPCMcoeffs,8,2,0,2,8,8,42.2735,4.08072,2,8.41256,200.641
function@read_IPCM_coeffs_from_NAL,18,3,0,2,9,11,111.716,18.5864,1.5,5.83438,156.041
function@readMBRefPictureIdx,14,13,0,9,13,5,116831,21919.4,499.625,7820.12,211584
function@readMBMotionVectors,118,74,0,64,55,12,2.44446e+07,2.65819e+07,951740,4.1391e+06,1.06531e+07
function@readRefPictureIdx_Null,0,0,0,0,0,0,0,0,0,0,0
function@readRefPictureIdx_FLC,0,0,0,0,0,0,0,0,0,0,0
function@readRefPictureIdx_VLC,0,0,0,0,0,0,0,0,0,0,0
function@read_delta_quant,20,4,0,10,2,4,18.0882,4,9.23529,2,4
function@readCompCoeff8x8MB_CABAC,0,0,0,0,0,18,0,0,0,0,10
function@readCompCoeff4x4MB_CABAC,46,23,0,18,14,9,11495.8,1190,370.765,563.662,15743.5
function@readCompCoeff8x8_CABAC,47,11,0,17,8,4,52.353,34.5686,10.6863,4.15686,13.3333
function@readCompCoeff8x8_CABAC_lossless,42,4,0,15,8,3,101.853,13.9633,26.4312,10.2844,7.77982
function@readCompCoeff4x4SMB_CABAC,53,21,0,15,8,2,69798.1,88858.7,15465.8,2860.43,14076.4
function@readCoeff4x4_CAVLC,56,38,0,28,17,11,43.3701,48.7142,9.66569,15.987,19.0299
function@readCompCoeff4x4MB_CAVLC,208,63,0,80,76,6,573747,164162,126427,131557,19585
function@readCompCoeff8x8MB_CAVLC,157,61,0,56,33,5,443271,125602,73542.7,37101,19201
function@ercConcealInterFrame,52,37,0,24,21,8,6861.3,4189.07,3259.22,1179.89,1227.99
function@concealByTrial,59,19,0,28,33,3,5180.67,1033.91,1119.71,2039.81,1201.78
function@concealByCopy,140,34,0,61,33,17,2281.59,511.125,89,89.375,456.531
function@conceal_lost_frames,31,2,0,7,2,8,341.125,16.9375,20.4375,16.4375,1028.5
function@update_ref_list_for_concealment,2,3,0,2,0,1,1.3,2.25,2,0,10.225
function@init_lists_for_non_reference_loss,70,19,0,13,12,14,112.266,39.4219,10.2188,16.8594,74.625
function@compare_pic_by_pic_num_desc,0,0,0,0,0,0,0,0,0,0,0
function@compare_pic_by_poc_desc,0,0,0,0,0,0,0,0,0,0,0
function@compare_pic_by_poc_asc,0,0,0,0,0,0,0,0,0,0,0
function@compare_pic_by_lt_pic_num_asc,0,0,0,0,0,0,0,0,0,0,0
function@get_pic_from_dpb,0,0,0,0,0,2,0,0,0,0,0.695652
function@comp,0,0,0,0,0,0,0,0,0,0,0
function@init_node,0,0,0,0,0,2,0,0,0,0,2
function@print_node,0,0,0,0,0,0,0,0,0,0,0
function@print_list,0,0,0,0,0,0,0,0,0,0,0
function@delete_list,0,0,0,0,0,2,0,0,0,0,25.0588
function@conceal_non_ref_pics,20,5,0,8,5,3,69.72,40.12,22.36,21.8,38.28
function@copy_to_conceal,278,156,0,101,70,24,19120.5,10369.6,4666.43,2066.03,1118.07
function@sliding_window_poc_management,0,0,0,0,0,2,0,0,0,0,15.9375
function@write_lost_non_ref_pic,0,0,0,0,0,0,0,0,0,0,0
function@write_lost_ref_after_idr,0,0,0,0,0,1,0,0,0,0,0.380952
function@buildPredRegionYUV,268,90,0,86,49,4,1.24385e+07,1.72732e+07,1.32884e+06,1.45338e+06,819264
function@edgeDistortion,354,17,0,360,15,38,1575.81,74.3333,1023.86,91.9048,334.333
function@copyPredMB,154,40,0,65,34,10,1816.45,643.667,90.6863,130.529,242
function@intra4x4_pred_mbaff,229,65,0,101,17,1,15.6637,6.08984,8.46718,1.25234,0.999999
function@arideco_create_decoding_environment,0,0,0,0,0,2,0,0,0,0,2
function@arideco_delete_decoding_environment,0,0,0,0,0,0,0,0,0,0,0
function@arideco_done_decoding,0,0,0,0,0,0,0,0,0,0,0
function@getbyte,0,0,0,0,0,0,0,0,0,0,0
function@getword,0,0,0,0,0,0,0,0,0,0,0
function@arideco_start_decoding,0,0,0,0,0,0,0,0,0,0,0
function@arideco_bits_read,0,0,0,0,0,0,0,0,0,0,0
function@biari_decode_symbol,3,3,0,2,1,6,2.19048,1.5,2,0.5,4.7381
function@biari_decode_symbol_eq_prob,0,0,0,0,0,1,0,0,0,0,0.380952
function@biari_decode_final,0,0,0,0,0,2,0,0,0,0,2
function@biari_init_context,0,0,0,0,0,0,0,0,0,0,0
function@InterpretSEIMessage,12,10,0,5,2,13,18,15,7.5,31.3571,1577.64
function@interpret_buffering_period_info,0,0,0,0,0,1,0,0,0,0,1
function@interpret_picture_timing_info,2,0,0,2,0,2,3.41912,0,0.235294,0,3.42647
function@interpret_pan_scan_rect_info,0,0,0,0,0,2,0,0,0,0,1.35294
function@interpret_filler_payload_info,0,0,0,0,0,0,0,0,0,0,0
function@interpret_user_data_registered_itu_t_t35_info,0,0,0,0,0,0,0,0,0,0,0
function@interpret_user_data_unregistered_info,0,0,0,0,0,0,0,0,0,0,0
function@interpret_recovery_point_info,0,0,0,0,0,2,0,0,0,0,2
function@interpret_dec_ref_pic_marking_repetition_info,4,0,0,3,0,1,4,0,3,0,1
function@interpret_spare_pic,24,21,0,11,21,18,7842.92,4763.95,331.997,931.241,15044.2
function@interpret_scene_information,0,0,0,0,0,1,0,0,0,0,1
function@interpret_subsequence_info,0,0,0,0,0,1,0,0,0,0,1
function@interpret_subsequence_layer_characteristics_info,0,0,0,0,0,2,0,0,0,0,2
function@interpret_subsequence_characteristics_info,0,0,0,0,0,2,0,0,0,0,2
function@interpret_full_frame_freeze_info,0,0,0,0,0,1,0,0,0,0,1
function@interpret_full_frame_freeze_release_info,0,0,0,0,0,0,0,0,0,0,0
function@interpret_full_frame_snapshot_info,0,0,0,0,0,1,0,0,0,0,1
function@interpret_progressive_refinement_start_info,0,0,0,0,0,1,0,0,0,0,1
function@interpret_progressive_refinement_end_info,0,0,0,0,0,1,0,0,0,0,1
function@interpret_motion_constrained_slice_group_set_info,0,0,0,0,0,3,0,0,0,0,3
function@interpret_film_grain_characteristics_info,3,5,0,5,3,8,8.81379,1.17931,1.44828,0.268966,10.8897
function@interpret_deblocking_filter_display_preference_info,0,0,0,0,0,1,0,0,0,0,1
function@interpret_stereo_video_info_info,0,0,0,0,0,1,0,0,0,0,1
function@interpret_tone_mapping,110,83,0,42,30,30,52.8792,79.5741,8.34861,5.22056,39.9861
function@interpret_post_filter_hints_info,3,16,0,2,6,10,3,1639,2,49.5,3121
function@interpret_frame_packing_arrangement_info,0,1,0,1,0,2,0,0.285714,0.380952,0,1.38095
function@interpret_reserved_info,0,0,0,0,0,0,0,0,0,0,0
function@tone_map,2,4,0,2,6,4,31.875,607.75,1,33.875,1087.75
function@init_tone_mapping_sei,0,0,0,0,0,0,0,0,0,0,0
function@update_tone_mapping_sei,0,0,0,0,0,0,0,0,0,0,0
function@error,0,0,0,0,0,0,0,0,0,0,0
function@FreeDecPicList,0,0,0,0,0,1,0,0,0,0,21.25
function@init_frext,11,3,0,3,6,1,7.95238,2.47619,2.61905,3.85714,1
function@AllocPartition,2,1,0,1,0,2,20.9988,1,1,0,39.9976
function@FreePartition,0,2,0,1,0,1,0,22.25,1,0,21.25
function@malloc_slice,0,0,0,0,0,4,0,0,0,0,35
function@init_global_buffers,1,3,0,4,3,8,0.392857,14.3214,2.01786,1.39286,54.0893
function@free_global_buffers,0,0,0,0,0,0,0,0,0,0,0
function@report_stats_on_error,0,0,0,0,0,0,0,0,0,0,0
function@ClearDecPicList,0,0,0,0,0,5,0,0,0,0,15.1176
function@GetOneAvailDecPicFromList,0,0,0,0,0,4,0,0,0,0,17.7143
function@OpenDecoder,0,0,0,0,0,10,0,0,0,0,9.47059
function@DecodeOneFrame,0,0,0,0,0,6,0,0,0,0,8.46364
function@FinitDecoder,0,0,0,0,0,4,0,0,0,0,4.01695
function@CloseDecoder,15,1,0,3,0,8,8.42773,0.625,1.875,0,39.4531
function@free_slice,0,0,0,0,0,1,0,0,0,0,1
function@init_all_macroblocks,0,0,0,0,0,0,0,0,0,0,0
function@init_slice,0,0,0,0,0,0,0,0,0,0,0
function@reorder_lists,0,0,0,0,0,0,0,0,0,0,0
function@decode_slice,100,17,0,30,22,9,116363,711.952,2808,1004.35,11893.4
function@decode_one_slice,15,30,0,4,3,15,176.082,359.914,1.125,4.25,290
function@decode_one_frame,117,40,0,28,27,24,727.823,412.434,89.2045,64.4963,1049.72
function@init_picture,76,4,0,3,0,15,62.7019,1.05495,3,0,57.3407
function@read_new_slice,15,2,0,7,6,4,12.19,7.02369,9.53366,7.79352,9.09576
function@CopySliceInfo,0,0,0,0,0,0,0,0,0,0,0
function@exit_picture,129,59,0,46,14,8,616.747,441.834,128.056,46.2216,0.323639
function@buffer2img,48,29,0,29,47,28,233.266,294.027,15.2661,90.9083,427.422
function@compute_SSE,17,8,0,15,5,3,1280.91,652.412,642.177,26.2059,202.765
function@calculate_frame_no,0,0,0,0,0,2,0,0,0,0,1.38095
function@find_snr,49,41,0,32,16,11,25126.9,12676.4,12258.4,520.111,3824.58
function@is_new_picture,0,4,0,1,0,0,0,2.4549,1,0,0
function@pad_buf,30,18,0,21,13,22,173.637,864.539,15.6176,58.2941,1172.68
function@pad_dec_picture,0,4,0,2,0,0,0,2.47619,1.2381,0,0
function@frame_postprocessing,0,0,0,0,0,0,0,0,0,0,0
function@field_postprocessing,0,0,0,0,0,1,0,0,0,0,1
function@ercWriteMBMODEandMV,114,7,0,14,14,11,23.875,3.16667,7.29167,3.45833,2.25
function@init_old_slice,0,0,0,0,0,0,0,0,0,0,0
function@copy_dec_picture_JV,0,0,0,0,0,1,0,0,0,0,0.617647
function@GetVOIdx,0,0,0,0,0,4,0,0,0,0,7.63415
function@get_maxViewIdx,0,0,0,0,0,2,0,0,0,0,7.21951
function@intrapred16x16,0,0,0,0,0,0,0,0,0,0,0
function@ParseSizeFromString,0,0,0,0,0,7,0,0,0,0,15.9889
function@ParseFrameNoFormatFromString,0,2,0,2,0,6,0,8.71601,1.25,0,26.683
function@OpenFrameFile,0,0,0,0,0,3,0,0,0,0,3
function@OpenFiles,0,0,0,0,0,0,0,0,0,0,0
function@CloseFiles,0,0,0,0,0,0,0,0,0,0,0
function@ParseVideoType,0,0,0,0,0,0,0,0,0,0,0
function@compute_residue,14,5,0,11,6,2,698.25,255.75,28.2,27.1,211.1
function@sample_reconstruct,23,10,0,13,16,4,581.35,514.35,31.75,56.1,112.45
function@JMDecHelpExit,0,0,0,0,0,0,0,0,0,0,0
function@ParseCommand,1,11,0,5,0,10,0.0135304,2.69275,2.01353,0,11.4265
function@get_colocated_info_4x4,0,0,0,0,0,5,0,0,0,0,1.2522
function@get_colocated_info_8x8,13,2,0,11,2,19,1.36422,1.11651,1.98716,0.0302752,1.69541
function@update_direct_types,0,0,0,0,0,0,0,0,0,0,0
function@update_direct_mv_info_spatial_8x8,115,12,0,8,0,2,143.874,18.0035,32.4243,0,27.5
function@update_direct_mv_info_temporal,181,47,0,42,46,29,1.90089e+07,3.48426e+06,2.65139e+06,764368,1.653e+06
function@update_direct_mv_info_spatial_4x4,71,23,0,16,9,6,43431.2,19381.9,14536.9,933.75,8085
function@intrapred,0,0,0,0,0,0,0,0,0,0,0
function@itrans8x8,19,2,0,7,5,16,256.5,16.4375,19.4375,17.9375,127
function@fmo_init,192,118,0,79,52,57,5251.32,1795.17,214.61,889.752,2225.43
function@FmoFinit,0,0,0,0,0,0,0,0,0,0,0
function@FmoGetNumberOfSliceGroup,0,0,0,0,0,0,0,0,0,0,0
function@FmoGetLastMBOfPicture,0,0,0,0,0,1,0,0,0,0,1
function@FmoGetLastMBInSliceGroup,0,0,0,0,0,1,0,0,0,0,1
function@FmoGetSliceGroupId,0,0,0,0,0,0,0,0,0,0,0
function@FmoGetNextMBNr,0,0,0,0,0,4,0,0,0,0,19.5
function@intrapred8x8_normal,529,86,0,168,69,22,46.2093,6.37832,12.9547,4.69297,2.225
function@LowPassForIntra8x8Pred,22,11,0,23,10,1,11.5824,8.15385,14.2857,5.04945,1
function@itrans4x4,0,0,0,0,0,0,0,0,0,0,0
function@itrans4x4_ls,28,8,0,19,0,0,28,8,19,0,0
function@Inv_Residual_trans_4x4,94,10,0,43,11,0,41.3333,3.33333,16.3333,3.66667,0
function@Inv_Residual_trans_8x8,278,2,0,86,2,4,868,64,189,11.6667,54.3333
function@Inv_Residual_trans_16x16,193,8,0,37,29,4,1108.5,19.3333,115.667,39.375,64
function@Inv_Residual_trans_Chroma,53,37,0,15,32,26,1587.58,671.586,15.5625,116.25,1133.83
function@itrans_2,16,0,0,1,0,0,16,0,1,0,0
function@itrans_sp,109,45,0,20,10,34,1068,220,79,37,553
function@itrans_sp_cr,161,21,0,22,41,40,377894,40670.9,8766.11,16279,132308
function@iMBtrans4x4,6,0,0,1,0,0,2.76471,0,1,0,0
function@copy_image_data_16x16,0,0,0,0,0,0,0,0,0,0,0
function@iMBtrans8x8,0,0,0,0,0,0,0,0,0,0,0
function@iTransform,118,27,0,37,23,3,913.811,176.344,87.2787,48.0082,65.4508
function@copy_image_data,7,6,0,11,3,0,2.56,31.56,5.44,0.96,0
function@copy_image_data_8x8,0,0,0,0,0,0,0,0,0,0,0
function@copy_image_data_4x4,0,0,0,0,0,0,0,0,0,0,0
function@CheckVertMV,0,0,0,0,0,1,0,0,0,0,1
function@initBitsFile,0,0,0,0,0,0,0,0,0,0,0
function@read_next_nalu,0,0,0,0,0,0,0,0,0,0,0
function@CheckZeroByteNonVCL,0,0,0,0,0,0,0,0,0,0,0
function@CheckZeroByteVCL,0,0,0,0,0,0,0,0,0,0,0
function@nal_unit_header_mvc_extension,0,0,0,0,0,0,0,0,0,0,0
function@nal_unit_header_svc_extension,0,0,0,0,0,0,0,0,0,0,0
function@prefix_nal_unit_svc,0,0,0,0,0,0,0,0,0,0,0
function@main,0,0,0,0,0,3,0,0,0,0,30.6847
function@set_loop_filter_functions_normal,0,0,0,0,0,0,0,0,0,0,0
function@GetStrengthVer,131,71,0,65,17,15,2.24239,1.79284,1.96139,0.944194,0.0693348
function@GetStrengthHor,141,80,0,73,18,16,2.10066,1.76794,1.87597,0.357747,0.0434303
function@EdgeLoopLumaVer,131,89,0,52,39,59,1989.32,1178.63,617.834,236.364,918.596
function@EdgeLoopLumaHor,179,83,0,64,28,56,1565.2,934.378,339.192,139.576,917.027
function@EdgeLoopChromaVer,26,20,0,17,6,6,24.3797,39.4684,15.6203,1.32911,26.9241
function@EdgeLoopChromaHor,24,21,0,19,6,6,10.7753,35.1685,14.4157,1.59551,25.0449
function@AllocNALU,0,0,0,0,0,3,0,0,0,0,3
function@FreeNALU,0,0,0,0,0,0,0,0,0,0,0
function@intrapred_16x16_mbaff,127,25,0,50,21,7,23.1469,40.4625,6.5875,3.225,20.8
function@init_contexts,307,391,0,6,16,16,2630.67,2734.58,35.9583,131.833,255.667
function@malloc_annex_b,0,0,0,0,0,1,0,0,0,0,1
function@init_annex_b,0,0,0,0,0,0,0,0,0,0,0
function@free_annex_b,0,0,0,0,0,0,0,0,0,0,0
function@GetAnnexbNALU,3,0,0,3,0,9,8.4428,0,0.624097,0,8.3721
function@OpenAnnexBFile,0,0,0,0,0,1,0,0,0,0,0.380952
function@CloseAnnexBFile,0,0,0,0,0,0,0,0,0,0,0
function@ResetAnnexB,0,0,0,0,0,0,0,0,0,0,0
function@GetConfigFileContent,0,0,0,0,0,8,0,0,0,0,2.82887
function@ParseContent,2,2,0,0,4,6,2.14286,10.625,0,3.08036,100.605
function@InitParams,0,0,0,0,0,0,0,0,0,0,0
function@TestParams,0,4,0,2,0,0,0,5.91667,3.66667,0,0
function@DisplayParams,0,0,0,0,0,1,0,0,0,0,1
function@intra4x4_pred_normal,161,41,0,80,15,1,10.9855,3.62812,6.01601,0.931054,0.999999
function@gettime,0,0,0,0,0,0,0,0,0,0,0
function@timediff,0,0,0,0,0,2,0,0,0,0,2
function@timenorm,0,0,0,0,0,0,0,0,0,0,0
function@ercInit,0,0,0,0,0,2,0,0,0,0,2
function@ercClose,0,0,0,0,0,0,0,0,0,0,0
function@ercOpen,0,0,0,0,0,2,0,0,0,0,2
function@ercSetErrorConcealment,0,0,0,0,0,0,0,0,0,0,0
function@ercReset,4,0,0,2,0,5,0.82069,0,0.386207,0,0.868966
function@ercStartSegment,0,0,0,0,0,0,0,0,0,0,0
function@ercStopSegment,0,0,0,0,0,0,0,0,0,0,0
function@ercMarkCurrSegmentLost,9,3,0,6,2,7,62.0294,30.0882,31.2941,0.588235,41
function@ercMarkCurrSegmentOK,9,3,0,6,2,7,63.12,30.6,31.88,0.64,41.76
function@ercMarkCurrMBConcealed,0,0,0,0,0,2,0,0,0,0,0.192661
function@reorder_short_term,9,0,0,2,2,15,6.32941,0,1.49412,4.35294,73.6588
function@reorder_long_term,9,0,0,2,2,15,5.89412,0,1.49412,3.91765,73.6588
function@init_lists_i_slice_mvc,0,0,0,0,0,0,0,0,0,0,0
function@init_lists_p_slice_mvc,40,34,0,19,5,16,138.425,12.7982,8.79205,1.54128,39.9633
function@compare_pic_by_pic_num_desc,0,0,0,0,0,0,0,0,0,0,0
function@compare_pic_by_lt_pic_num_asc,0,0,0,0,0,0,0,0,0,0,0
function@compare_fs_by_frame_num_desc,0,0,0,0,0,0,0,0,0,0,0
function@compare_fs_by_lt_pic_idx_asc,0,0,0,0,0,0,0,0,0,0,0
function@init_lists_b_slice_mvc,108,89,0,38,33,35,257.202,60.7859,19.893,20.1713,103.532
function@compare_pic_by_poc_desc,0,0,0,0,0,0,0,0,0,0,0
function@compare_pic_by_poc_asc,0,0,0,0,0,0,0,0,0,0,0
function@compare_fs_by_poc_desc,0,0,0,0,0,0,0,0,0,0,0
function@compare_fs_by_poc_asc,0,0,0,0,0,0,0,0,0,0,0
function@init_lists_mvc,151,127,0,55,39,49,134.137,25.6636,10.2405,4.79243,52.2686
function@reorder_ref_pic_list_mvc,92,22,0,34,31,29,533.147,177.136,42.7924,77.5399,440.386
function@reorder_lists_mvc,0,0,0,0,0,0,0,0,0,0,0
function@ReadFrameConcatenated,2,4,0,3,2,4,1.49453,16.825,1.89162,1.17707,2.89162
function@ReadFrameSeparate,2,6,0,3,2,3,1.49453,18.45,1.89162,1.17707,1.89162
function@Scaling_List,0,2,0,2,0,12,0,20.4,20.4,0,91.36
function@InterpretSPS,15,49,0,9,10,11,1032.6,1124.01,716.5,431.944,1028.5
function@InitVUI,0,0,0,0,0,0,0,0,0,0,0
function@ReadVUI,0,0,0,0,0,0,0,0,0,0,0
function@ReadHRDParameters,0,0,0,0,0,0,0,0,0,0,0
function@InterpretPPS,18,39,0,9,11,11,514.139,570.534,354.706,215.071,512.609
function@PPSConsistencyCheck,0,0,0,0,0,0,0,0,0,0,0
function@SPSConsistencyCheck,0,0,0,0,0,0,0,0,0,0,0
function@SubsetSPSConsistencyCheck,0,0,0,0,0,0,0,0,0,0,0
function@MakePPSavailable,0,0,0,0,0,0,0,0,0,0,0
function@CleanUpPPS,0,0,0,0,0,1,0,0,0,0,31.875
function@MakeSPSavailable,0,0,0,0,0,0,0,0,0,0,0
function@ProcessSPS,0,0,0,0,0,3,0,0,0,0,3
function@get_max_dec_frame_buf_size,0,0,0,0,0,2,0,0,0,0,2
function@ProcessSubsetSPS,9,2,0,2,0,1,6.52632,2,2,0,1
function@ProcessPPS,0,0,0,0,0,3,0,0,0,0,3
function@reset_format_info,4,2,0,3,3,1,3.11765,1.76471,2.23529,2.76471,0.235294
function@activate_sps,2,2,0,2,1,1,1.62519,1.62519,1.62519,1,0.625191
function@activate_pps,0,0,0,0,0,0,0,0,0,0,0
function@UseParameterSet,5,0,0,1,0,0,5,0,1,0,0
function@seq_parameter_set_mvc_extension,31,17,0,6,6,44,9761.18,217.353,340.382,179.912,10317.7
function@MemAlloc1D,0,0,0,0,0,4,0,0,0,0,2.85714
function@hrd_parameters,0,0,0,0,0,3,0,0,0,0,63.75
function@mvc_vui_parameters_extension,21,14,0,1,5,14,810.971,47.9118,1,41.9706,1179.06
function@init_subset_sps_list,0,0,0,0,0,2,0,0,0,0,20.4
function@reset_subset_sps,14,1,0,2,3,21,373.692,6.01923,12.0385,6.36538,721.019
function@GetBaseViewId,0,0,0,0,0,0,0,0,0,0,0
function@initInput,0,0,0,0,0,0,0,0,0,0,0
function@testEndian,0,0,0,0,0,0,0,0,0,0,0
function@buf2img_endian,30,21,0,21,33,20,43.2812,268.469,9.21875,110.281,361.75
function@buf2img_basic,43,26,0,29,24,16,427.078,245.152,16.9297,23.2969,337.75
function@buf2img_bitshift,42,19,0,16,32,16,648.214,571.625,14.3623,30.9463,414.625
function@fillPlane,7,3,0,2,6,3,40.05,249.45,0.8,27.1,527.85
function@AllocateFrameMemory,0,0,0,0,0,2,0,0,0,0,1.61765
function@DeleteFrameMemory,0,0,0,0,0,0,0,0,0,0,0
function@read_one_frame,40,54,0,36,8,5,64.0184,115.284,36.1101,9.3211,5.06422
function@pad_borders,92,51,0,34,40,19,280.265,1189.26,13.1078,79.0784,1513.46
function@init_top_bot_planes,3,1,0,2,2,2,1.75,0.5,1.5,1.5,15.9375
function@no_mem_exit,0,0,0,0,0,0,0,0,0,0,0
function@free_top_bot_planes,0,0,0,0,0,0,0,0,0,0,0
function@get_mem2Ddist,3,3,0,4,6,4,2.25,16.4375,2.75,3.75,17.9375
function@get_mem2Dlm,2,3,0,3,5,4,1.25,16.4375,1.75,2.75,17.9375
function@free_mem2Ddist,0,0,0,0,0,0,0,0,0,0,0
function@free_mem2Dlm,0,0,0,0,0,0,0,0,0,0,0
function@get_mem2Dmp,3,3,0,4,6,4,2.25,16.4375,2.75,3.75,17.9375
function@get_mem3Dmp,3,6,0,5,7,5,2.5,37.375,4,3.5625,27.9062
function@free_mem2Dmp,0,0,0,0,0,0,0,0,0,0,0
function@free_mem3Dmp,0,0,0,0,0,0,0,0,0,0,0
function@get_mem2Dquant,1,3,0,2,4,4,0.25,16.4375,0.75,1.75,17.9375
function@get_mem3Dquant,3,6,0,5,7,5,2.5,37.375,4,3.5625,27.9062
function@get_mem4Dquant,13,14,0,12,15,9,48.2188,76.25,9.375,7.625,54.8125
function@get_mem5Dquant,3,6,0,5,7,5,2.5,37.375,4,3.5625,27.9062
function@free_mem2Dquant,0,0,0,0,0,0,0,0,0,0,0
function@free_mem3Dquant,0,0,0,0,0,0,0,0,0,0,0
function@free_mem4Dquant,0,0,0,0,0,0,0,0,0,0,0
function@free_mem5Dquant,0,0,0,0,0,0,0,0,0,0,0
function@get_mem2D_spp,1,4,0,2,5,5,0.5,26.4062,1,2.25,27.9062
function@get_mem3D_spp,3,6,0,5,7,5,2.5,37.375,4,3.5625,27.9062
function@get_mem2Dmv,1,4,0,2,5,5,0.5,26.4062,1,2.25,27.9062
function@get_mem3Dmv,3,6,0,5,7,5,2.5,37.375,4,3.5625,27.9062
function@get_mem4Dmv,13,14,0,12,15,9,48.2188,76.25,9.375,7.625,54.8125
function@get_mem5Dmv,3,6,0,5,7,5,2.5,37.375,4,3.5625,27.9062
function@get_mem6Dmv,13,14,0,12,15,9,48.2188,76.25,9.375,7.625,54.8125
function@get_mem7Dmv,3,6,0,5,7,5,2.5,37.375,4,3.5625,27.9062
function@free_mem2D_spp,0,0,0,0,0,0,0,0,0,0,0
function@free_mem3D_spp,0,0,0,0,0,0,0,0,0,0,0
function@free_mem2Dmv,0,0,0,0,0,0,0,0,0,0,0
function@free_mem3Dmv,0,0,0,0,0,0,0,0,0,0,0
function@free_mem4Dmv,0,0,0,0,0,0,0,0,0,0,0
function@free_mem5Dmv,0,0,0,0,0,0,0,0,0,0,0
function@free_mem6Dmv,0,0,0,0,0,0,0,0,0,0,0
function@free_mem7Dmv,0,0,0,0,0,0,0,0,0,0,0
function@get_mem1Dpel,0,0,0,0,0,1,0,0,0,0,1
function@get_mem2Dpel,1,4,0,2,5,5,0.5,26.4062,1,2.25,27.9062
function@get_mem2DpelWithPad,15,8,0,12,6,5,33.0312,37.375,7.3125,3.25,27.9062
function@get_mem3Dpel,3,6,0,5,7,5,2.5,37.375,4,3.5625,27.9062
function@get_mem3DpelWithPad,4,6,0,5,7,6,10.4688,37.375,3.5,3.5625,28.9062
function@get_mem3DpelWithPadSeparately,0,0,0,0,0,2,0,0,0,0,21.2857
function@get_mem4Dpel,13,14,0,12,15,9,48.2188,76.25,9.375,7.625,54.8125
function@get_mem4DpelWithPad,14,14,0,12,15,9,56.1875,76.25,8.875,7.625,54.8125
function@get_mem4DpelWithPadSeparately,4,13,0,8,7,6,22.4688,71.75,5.625,3.0625,47.875
function@get_mem5Dpel,3,6,0,5,7,5,2.5,37.375,4,3.5625,27.9062
function@get_mem5DpelWithPad,3,6,0,5,7,5,2.5,37.375,4,3.5625,27.9062
function@get_mem5DpelWithPadSeparately,3,6,0,5,7,5,2.5,37.375,4,3.5625,27.9062
function@free_mem1Dpel,0,0,0,0,0,0,0,0,0,0,0
function@free_mem2Dpel,0,0,0,0,0,0,0,0,0,0,0
function@free_mem2DpelWithPad,0,0,0,0,0,3,0,0,0,0,1
function@free_mem3Dpel,0,0,0,0,0,0,0,0,0,0,0
function@free_mem3DpelWithPad,0,0,0,0,0,3,0,0,0,0,0.62963
function@free_mem3DpelWithPadSeparately,3,3,0,4,2,1,13.2381,18.2381,1.7619,0.761905,12.6667
function@free_mem4Dpel,0,0,0,0,0,0,0,0,0,0,0
function@free_mem4DpelWithPad,0,0,0,0,0,0,0,0,0,0,0
function@free_mem4DpelWithPadSeparately,3,3,0,4,2,1,8.17647,11.2647,1.08824,0.470588,7.82353
function@free_mem5Dpel,0,0,0,0,0,0,0,0,0,0,0
function@free_mem5DpelWithPad,0,0,0,0,0,0,0,0,0,0,0
function@free_mem5DpelWithPadSeparately,0,0,0,0,0,0,0,0,0,0,0
function@new_mem2D,12,5,0,3,5,6,76.2188,27.4062,2,2.25,28.9062
function@get_mem2D,1,4,0,2,5,7,0.5,26.4062,1,2.25,29.9062
function@new_mem2Dint,16,6,0,6,10,5,92.6562,37.375,11.2188,11.5312,20.9375
function@get_mem2Dint,1,4,0,2,5,5,0.5,26.4062,1,2.25,27.9062
function@get_mem2DintWithPad,14,8,0,11,9,5,32.7188,37.375,7,4.0625,27.9062
function@get_mem2Dint64,1,4,0,2,5,5,0.5,26.4062,1,2.25,27.9062
function@get_mem2Ddistblk,1,4,0,2,5,5,0.5,26.4062,1,2.25,27.9062
function@get_mem3D,3,6,0,5,7,5,2.5,37.375,4,3.5625,27.9062
function@get_mem4D,13,14,0,12,15,9,48.2188,76.25,9.375,7.625,54.8125
function@get_mem3Dint,3,6,0,5,7,5,2.5,37.375,4,3.5625,27.9062
function@get_mem3Dint64,3,6,0,5,7,5,2.5,37.375,4,3.5625,27.9062
function@get_mem3Ddistblk,3,6,0,5,7,5,2.5,37.375,4,3.5625,27.9062
function@get_mem4Dint,13,14,0,12,15,9,48.2188,76.25,9.375,7.625,54.8125
function@get_mem4Dint64,13,14,0,12,15,9,48.2188,76.25,9.375,7.625,54.8125
function@get_mem4Ddistblk,13,14,0,12,15,9,48.2188,76.25,9.375,7.625,54.8125
function@get_mem5Dint,3,6,0,5,7,5,2.5,37.375,4,3.5625,27.9062
function@free_mem2D,0,0,0,0,0,0,0,0,0,0,0
function@free_mem2Dint,0,0,0,0,0,0,0,0,0,0,0
function@free_mem2DintWithPad,0,0,0,0,0,3,0,0,0,0,1
function@free_mem2Dint64,0,0,0,0,0,0,0,0,0,0,0
function@free_mem3D,0,0,0,0,0,0,0,0,0,0,0
function@free_mem4D,0,0,0,0,0,0,0,0,0,0,0
function@free_mem3Dint,0,0,0,0,0,0,0,0,0,0,0
function@free_mem3Dint64,0,0,0,0,0,0,0,0,0,0,0
function@free_mem3Ddistblk,0,0,0,0,0,0,0,0,0,0,0
function@free_mem2Ddistblk,0,0,0,0,0,0,0,0,0,0,0
function@free_mem4Dint,0,0,0,0,0,0,0,0,0,0,0
function@free_mem4Dint64,0,0,0,0,0,0,0,0,0,0,0
function@free_mem4Ddistblk,0,0,0,0,0,0,0,0,0,0,0
function@free_mem5Dint,0,0,0,0,0,0,0,0,0,0,0
function@new_mem2Duint16,17,6,0,7,9,5,92.9688,37.375,11.5312,11.2188,20.9375
function@get_mem2Duint16,1,4,0,2,5,5,0.5,26.4062,1,2.25,27.9062
function@get_mem3Duint16,3,6,0,5,7,5,2.5,37.375,4,3.5625,27.9062
function@get_mem4Duint16,13,14,0,12,15,9,48.2188,76.25,9.375,7.625,54.8125
function@get_mem2Dshort,1,4,0,2,5,5,0.5,26.4062,1,2.25,27.9062
function@get_mem3Dshort,3,6,0,5,7,5,2.5,37.375,4,3.5625,27.9062
function@get_mem4Dshort,13,14,0,12,15,9,48.2188,76.25,9.375,7.625,54.8125
function@get_mem5Dshort,3,6,0,5,7,5,2.5,37.375,4,3.5625,27.9062
function@get_mem6Dshort,13,14,0,12,15,9,48.2188,76.25,9.375,7.625,54.8125
function@get_mem7Dshort,3,6,0,5,7,5,2.5,37.375,4,3.5625,27.9062
function@free_mem2Duint16,0,0,0,0,0,0,0,0,0,0,0
function@free_mem3Duint16,0,0,0,0,0,0,0,0,0,0,0
function@free_mem4Duint16,0,0,0,0,0,0,0,0,0,0,0
function@free_mem2Dshort,0,0,0,0,0,0,0,0,0,0,0
function@free_mem3Dshort,0,0,0,0,0,0,0,0,0,0,0
function@free_mem4Dshort,0,0,0,0,0,0,0,0,0,0,0
function@free_mem5Dshort,0,0,0,0,0,0,0,0,0,0,0
function@free_mem6Dshort,0,0,0,0,0,0,0,0,0,0,0
function@free_mem7Dshort,0,0,0,0,0,0,0,0,0,0,0
function@get_mem2Ddouble,1,4,0,2,5,5,0.5,26.4062,1,2.25,27.9062
function@get_mem1Dodouble,0,0,0,0,0,2,0,0,0,0,2
function@get_mem2Dodouble,1,4,0,2,5,5,0.5,26.4062,1,2.25,27.9062
function@get_mem3Dodouble,5,7,0,6,11,8,26.1875,838.812,3.125,16.5938,840.312
function@get_offset_mem2Dshort,1,4,0,2,5,7,0.5,26.4062,1,2.25,48.5
function@get_mem3Doint,5,7,0,6,11,8,26.1875,838.812,3.125,16.5938,840.312
function@get_mem2Doint,1,4,0,2,5,5,0.5,26.4062,1,2.25,27.9062
function@get_mem3Ddouble,2,3,0,3,2,11,2,14.125,2.625,1.625,106
function@free_mem2Ddouble,0,0,0,0,0,0,0,0,0,0,0
function@free_mem1Dodouble,0,0,0,0,0,0,0,0,0,0,0
function@free_mem2Dodouble,0,0,0,0,0,1,0,0,0,0,0.617647
function@free_mem3Dodouble,9,7,0,6,6,3,343.706,343.971,3.26471,11.8235,331.882
function@free_mem3Doint,9,7,0,6,6,3,343.706,343.971,3.26471,11.8235,331.882
function@free_mem2Doint,0,0,0,0,0,1,0,0,0,0,0.617647
function@free_offset_mem2Dshort,0,0,0,0,0,1,0,0,0,0,0.617647
function@free_mem3Ddouble,0,0,0,0,0,0,0,0,0,0,0
function@get_mem2Dolm,2,3,0,3,5,4,1.25,16.4375,1.75,2.75,17.9375
function@free_mem2Dolm,0,0,0,0,0,0,0,0,0,0,0
function@CheckAvailabilityOfNeighborsCABAC,0,0,0,0,0,0,0,0,0,0,0
function@cabac_new_slice,0,0,0,0,0,0,0,0,0,0,0
function@create_contexts_MotionInfo,0,0,0,0,0,2,0,0,0,0,2
function@create_contexts_TextureInfo,0,0,0,0,0,2,0,0,0,0,2
function@delete_contexts_MotionInfo,0,0,0,0,0,0,0,0,0,0,0
function@delete_contexts_TextureInfo,0,0,0,0,0,0,0,0,0,0,0
function@readFieldModeInfo_CABAC,0,0,0,0,0,0,0,0,0,0,0
function@check_next_mb_and_get_field_mode_CABAC_p_slice,77,2,0,15,1,4,72.125,2,15,1,3.5
function@read_skip_flag_CABAC_p_slice,0,0,0,0,0,0,0,0,0,0,0
function@check_next_mb_and_get_field_mode_CABAC_b_slice,77,0,0,14,2,2,72.125,0,14,1,1.5
function@read_skip_flag_CABAC_b_slice,0,0,0,0,0,0,0,0,0,0,0
function@read_MVD_CABAC,12,6,0,8,6,14,15.1458,4.36914,13.6875,2.28646,91.5957
function@readB8_typeInfo_CABAC_p_slice,0,0,0,0,0,0,0,0,0,0,0
function@readB8_typeInfo_CABAC_b_slice,4,0,0,2,2,5,0.45977,0,0.229885,0.229885,1.24138
function@readMB_transform_size_flag_CABAC,0,0,0,0,0,0,0,0,0,0,0
function@readMB_typeInfo_CABAC_i_slice,3,1,0,2,3,6,0.669725,0.207951,0.336391,0.669725,0.608563
function@readMB_typeInfo_CABAC_p_slice,0,0,0,0,0,4,0,0,0,0,0.642202
function@readMB_typeInfo_CABAC_b_slice,9,0,0,1,2,7,2.71947,0,1,0.253817,1.63359
function@readIntraPredMode_CABAC,0,0,0,0,0,0,0,0,0,0,0
function@readRefFrame_CABAC,17,1,0,9,8,0,7.02527,1,5.07123,3.68248,0
function@read_dQuant_CABAC,0,0,0,0,0,1,0,0,0,0,0.4
function@read_CBP_CABAC,17,3,0,7,2,4,14.1667,3,7,2,1.83333
function@readCIPredMode_CABAC,0,0,0,0,0,0,0,0,0,0,0
function@set_read_and_store_CBP,0,0,0,0,0,0,0,0,0,0,0
function@read_and_store_CBP_block_bit_444,60,19,0,17,36,12,14.0282,9.82812,9.08164,11.9516,3.52148
function@read_and_store_CBP_block_bit_normal,39,18,0,16,14,26,3.625,1.56875,2.35625,1.7375,3.2
function@readRunLevel_CABAC,39,8,0,12,8,14,120.707,25.1074,42.1033,17.7231,190.421
function@readSyntaxElement_CABAC,0,0,0,0,0,1,0,0,0,0,1
function@cabac_startcode_follows,0,0,0,0,0,1,0,0,0,0,0.619048
function@readIPCM_CABAC,78,67,0,28,25,21,1630.74,2092,213.092,459.403,616.038
function@ue_v,0,0,0,0,0,1,0,0,0,0,0.999999
function@linfo_ue,0,0,0,0,0,0,0,0,0,0,0
function@readSyntaxElement_VLC,10,7,0,3,11,3,7.84071,2.40708,4.10619,31.823,13.4513
function@se_v,0,0,0,0,0,1,0,0,0,0,0.999999
function@linfo_se,0,0,0,0,0,2,0,0,0,0,2
function@u_v,2,1,0,2,1,3,5.37255,1,6,5,6.31373
function@readSyntaxElement_FLC,5,4,0,2,3,2,7.52941,1.43137,6,6.37255,5.31373
function@i_v,4,1,0,4,1,2,7.37255,1,8,5,5.31373
function@u_1,0,0,0,0,0,2,0,0,0,0,1.5
function@linfo_cbp_intra_normal,0,0,0,0,0,0,0,0,0,0,0
function@linfo_cbp_intra_other,0,0,0,0,0,0,0,0,0,0,0
function@linfo_cbp_inter_normal,0,0,0,0,0,0,0,0,0,0,0
function@linfo_cbp_inter_other,0,0,0,0,0,0,0,0,0,0,0
function@linfo_levrun_inter,0,0,0,0,0,2,0,0,0,0,1
function@linfo_levrun_c2x2,0,0,0,0,0,2,0,0,0,0,1
function@GetVLCSymbol,8,2,0,2,11,3,7.63529,0.352941,3.09412,31.6941,13.4
function@readSyntaxElement_UVLC,0,0,0,0,0,0,0,0,0,0,0
function@readSyntaxElement_Intra4x4PredictionMode,0,0,0,0,0,3,0,0,0,0,2.19048
function@GetVLCSymbol_IntraMode,0,0,0,0,0,2,0,0,0,0,2
function@more_rbsp_data,0,0,0,0,0,3,0,0,0,0,2.5
function@uvlc_startcode_follows,0,0,0,0,0,3,0,0,0,0,2.4902
function@GetBits,1,0,0,1,1,2,5,0,5,5,5.31373
function@readSyntaxElement_NumCoeffTrailingOnes,23,2,0,14,11,24,5.75,0.75,3.75,2.75,18.5
function@ShowBits,1,0,0,1,1,3,5,0,5,5,6.31373
function@readSyntaxElement_NumCoeffTrailingOnesChromaDC,0,0,0,0,0,20,0,0,0,0,34.9999
function@readSyntaxElement_Level_VLC0,40,9,0,22,36,6,21.6275,11.3216,11.1255,12.0745,16.6118
function@readSyntaxElement_Level_VLCN,54,13,0,21,25,3,65.189,13.0787,16.9764,34.7323,6.27559
function@readSyntaxElement_TotalZeros,0,0,0,0,0,17,0,0,0,0,3.99275
function@readSyntaxElement_TotalZerosChromaDC,16,0,0,1,0,17,1.99638,0,1,0,3.99275
function@readSyntaxElement_Run,0,0,0,0,0,17,0,0,0,0,3.99275
function@init_process_image,0,0,0,0,0,0,0,0,0,0,0
function@clear_process_image,0,0,0,0,0,0,0,0,0,0,0
function@process_image,0,0,0,0,0,33,0,0,0,0,45.5686
function@MuxImages,150,91,0,67,42,12,5850.16,4415.22,1078.47,170.844,659.5
function@FilterImageSep,198,104,0,78,59,12,11152.5,6116.07,3452.57,2318.98,1345.68
function@intrapred_16x16_normal,72,12,0,27,16,6,18.6028,39.5071,5.23589,2.50667,20.6
function@AllocPPS,0,0,0,0,0,2,0,0,0,0,2
function@AllocSPS,0,0,0,0,0,2,0,0,0,0,2
function@FreePPS,0,0,0,0,0,0,0,0,0,0,0
function@FreeSPS,0,0,0,0,0,0,0,0,0,0,0
function@sps_is_equal,6,9,0,7,4,3,1.0515,0.866953,0.59299,1.07511,0.462089
function@pps_is_equal,30,30,0,29,5,12,3.13597,3.71962,3.4951,1.14251,2.19973
function@CeilLog2,0,0,0,0,0,3,0,0,0,0,21.9048
function@CeilLog2_sf,0,0,0,0,0,3,0,0,0,0,21.9048
function@FirstPartOfSliceHeader,0,0,0,0,0,1,0,0,0,0,1
function@RestOfSliceHeader,69,38,0,18,0,41,89.0264,35.2864,8.19383,0,107.709
function@dec_ref_pic_marking,0,0,0,0,0,4,0,0,0,0,173.059
function@decode_poc,30,21,0,18,14,15,15.1804,6.48929,3.9375,0.871429,6.95
function@dumppoc,0,0,0,0,0,0,0,0,0,0,0
function@picture_order,0,0,0,0,0,0,0,0,0,0,0
function@ercConcealIntraFrame,0,0,0,0,0,4,0,0,0,0,1.72222
function@concealBlocks,126,83,0,53,34,10,77861,64570.8,24256.9,17796.3,18379.8
function@ercPixConcealIMB,209,97,0,60,124,44,5176.28,2657.97,928.974,608.697,868.238
function@ercCollect8PredBlocks,19,8,0,10,20,2,10.1378,4.12023,10,5.5132,2
function@ercCollectColumnBlocks,0,0,0,0,0,1,0,0,0,0,1
function@write_picture,95,104,0,57,31,31,19.9685,77.987,11.0617,6.76758,61.0972
function@init_out_buffer,0,0,0,0,0,0,0,0,0,0,0
function@uninit_out_buffer,0,0,0,0,0,0,0,0,0,0,0
function@clear_picture,30,36,0,14,18,9,149.308,1619.85,6.92308,75.3077,1466.81
function@write_unpaired_field,82,68,0,30,36,18,168.4,1747.1,8.2,81.3,1583.55
function@flush_direct_output,0,0,0,0,0,0,0,0,0,0,0
function@write_stored_frame,0,0,0,0,0,0,0,0,0,0,0
function@direct_output,0,0,0,0,0,0,0,0,0,0,0
function@img2buf_endian,21,12,0,11,18,6,594.133,199.094,8.35156,199.453,197.984
function@img2buf_normal,21,20,0,16,15,25,38.1882,678.553,5.69412,16.6824,501.941
function@allocate_pred_mem,0,0,0,0,0,4,0,0,0,0,4
function@free_pred_mem,0,0,0,0,0,0,0,0,0,0,0
function@get_block_luma,118,37,0,63,43,21,175.079,12.2702,12.6634,6.94962,10.8573
function@get_luma_01,105,19,0,81,20,9,3012.22,196.074,178.135,90.8344,109.939
function@get_luma_02,85,8,0,65,23,2,2557.96,154.173,167.494,110.654,102.136
function@get_luma_03,105,19,0,81,24,9,3012.22,196.074,178.135,116.748,109.939
function@get_luma_21,75,5,0,44,25,6,4185.47,315.938,734.844,287.281,552.906
function@get_luma_22,67,6,0,36,20,4,3021.72,507.906,327.094,78.875,452.969
function@get_luma_23,75,5,0,44,25,6,4185.47,315.938,734.844,287.281,552.906
function@get_luma_12,56,7,0,34,17,5,2954.29,271.333,128.98,49.549,444.157
function@get_luma_32,56,7,0,34,17,5,2954.29,271.333,128.98,49.549,444.157
function@get_luma_11,123,19,0,74,28,13,2568.65,196.967,115.809,67.3589,162.01
function@get_luma_13,123,19,0,74,32,13,2568.65,196.967,115.809,93.2153,162.01
function@get_luma_31,121,19,0,72,28,13,2568.34,196.967,115.268,67.3589,162.01
function@get_luma_33,121,19,0,72,32,13,2568.34,196.967,115.268,93.2153,162.01
function@intra_cr_decoding,63,20,0,18,12,6,8755.5,2740.5,1959.25,966.625,5604.25
function@prepare_direct_params,4,4,0,16,20,2,0.366211,4,2.5,4.73242,0.183105
function@perform_mc,631,542,0,278,194,55,1289.64,2368.97,69.8055,64.8607,249.748
function@get_block_chroma,236,153,0,93,90,26,389.979,844.14,25.1855,34.6694,53.9301
function@intrapred8x8,0,0,0,0,0,2,0,0,0,0,2
function@intrapred_chroma_ver_mbaff,10,11,0,9,1,1,20.4865,25.6006,3.24304,0.149536,4.78516
function@intrapred_chroma,704,264,0,247,98,36,1106.22,499.973,279.319,175.135,94.4799
function@intrapred_chroma_mbaff,329,182,0,165,127,52,3084.78,1073.08,471.323,360.572,311.299
function@intra_chroma_DC_all_mbaff,0,4,0,3,0,2,0,2.85294,2.23529,0,1.23529
function@set_loop_filter_functions_mbaff,0,0,0,0,0,0,0,0,0,0,0
function@GetStrengthVerMBAff,140,66,0,63,23,33,68.7354,62.5862,26.8675,25.4156,15.2841
function@GetStrengthHorMBAff,45,20,0,12,4,18,11.6202,13.3362,4.03467,1.22388,10.7202
function@EdgeLoopLumaVerMBAff,99,48,0,41,18,12,92.1973,123.105,80.8105,5.31836,29.293
function@EdgeLoopLumaHorMBAff,92,50,0,39,21,9,47.5005,69.2386,51.9113,16.5421,22.2988
function@EdgeLoopChromaVerMBAff,30,22,0,21,8,8,101.054,183.006,86.8572,11.8881,52.9578
function@EdgeLoopChromaHorMBAff,24,22,0,20,11,6,27.2866,62.2713,40.6139,4.8102,24.823
function@get_non_aff_neighbor_luma,0,0,0,0,0,0,0,0,0,0,0
function@get_non_aff_neighbor_chroma,0,0,0,0,0,0,0,0,0,0,0
function@init_qp_process,19,8,0,6,5,5,14.4762,17.8095,11.3333,1.98413,26.8889
function@free_qp_matrices,0,0,0,0,0,0,0,0,0,0,0
function@assign_quant_params,0,8,0,4,1,2,0,47.7679,2.08929,0.392857,40.6071
function@CalculateQuant4x4Param,64,80,0,34,0,0,2040,2550,1022,0,0
function@CalculateQuant8x8Param,16,0,0,16,0,18,10,0,10,0,12.5
function@set_dequant8x8,0,0,0,0,0,0,0,0,0,0,0
function@OpenRTPFile,0,0,0,0,0,0,0,0,0,0,0
function@CloseRTPFile,0,0,0,0,0,0,0,0,0,0,0
function@GetRTPNALU,0,0,0,0,0,4,0,0,0,0,3.32
function@RTPReadPacket,0,1,0,1,0,2,0,4.76837e-07,1,0,2
function@DecomposeRTPpacket,0,0,0,0,0,0,0,0,0,0,0
function@DumpRTPHeader,0,0,0,0,0,0,0,0,0,0,0
function@dump_dpb,0,0,0,0,0,0,0,0,0,0,0
function@getDpbSize,0,0,0,0,0,2,0,0,0,0,1.60886
function@check_num_ref,0,0,0,0,0,0,0,0,0,0,0
function@init_dpb,0,0,0,0,0,5,0,0,0,0,41.7059
function@free_dpb,3,0,0,1,0,1,2.625,0,1,0,12.7812
function@GetMaxDecFrameBuffering,3,2,0,1,1,3,11.875,10.875,9.875,1,12.625
function@alloc_frame_store,0,0,0,0,0,2,0,0,0,0,2
function@alloc_storable_picture,11,11,0,8,0,3,11,9.47619,6.85714,0,2.61905
function@re_init_dpb,6,2,0,3,1,2,3.66667,8.61905,1.66667,0.666667,8.35714
function@free_frame_store,0,0,0,0,0,0,0,0,0,0,0
function@free_storable_picture,0,0,0,0,0,0,0,0,0,0,0
function@alloc_pic_motion,0,0,0,0,0,1,0,0,0,0,1
function@free_pic_motion,0,0,0,0,0,0,0,0,0,0,0
function@is_short_ref,0,0,0,0,0,0,0,0,0,0,0
function@is_long_ref,0,0,0,0,0,0,0,0,0,0,0
function@gen_pic_list_from_frame_list,1,4,0,1,1,8,1,179.538,1,1,27.5897
function@update_pic_num,18,12,0,8,6,4,48.298,42.1265,11.5429,3.37959,36.7714
function@init_lists_i_slice,0,0,0,0,0,0,0,0,0,0,0
function@init_lists_p_slice,82,46,0,37,22,24,962.242,300.214,188.132,270.917,46.2416
function@compare_pic_by_pic_num_desc,0,0,0,0,0,0,0,0,0,0,0
function@compare_pic_by_lt_pic_num_asc,0,0,0,0,0,0,0,0,0,0,0
function@compare_fs_by_frame_num_desc,0,0,0,0,0,0,0,0,0,0,0
function@compare_fs_by_lt_pic_idx_asc,0,0,0,0,0,0,0,0,0,0,0
function@append_interview_list,2,5,0,4,0,7,23.4643,36.4464,3.66071,0,36.1786
function@init_lists_b_slice,139,91,0,49,36,66,1209.47,66.5382,25.2599,19.8502,168.584
function@compare_pic_by_poc_desc,0,0,0,0,0,0,0,0,0,0,0
function@compare_pic_by_poc_asc,0,0,0,0,0,0,0,0,0,0,0
function@compare_fs_by_poc_desc,0,0,0,0,0,0,0,0,0,0,0
function@compare_fs_by_poc_asc,0,0,0,0,0,0,0,0,0,0,0
function@init_lists,224,141,0,84,59,88,653.187,141.569,82.9274,112.295,67.7589
function@init_mbaff_lists,0,0,0,0,0,5,0,0,0,0,119.083
function@get_short_term_pic,2,2,0,2,0,3,1.47059,18.3529,10.2059,0,16.4118
function@get_long_term_pic,0,2,0,1,0,3,0,15.8182,7.95455,0,14.5909
function@reorder_ref_pic_list,10,6,0,9,0,2,41.125,40,7.125,0,11
function@update_ref_list,2,4,0,3,4,7,1,10.119,2,2,57.381
function@update_ltref_list,2,4,0,3,4,7,1,10.119,2,2,57.381
function@mm_update_max_long_term_frame_idx,4,0,0,1,2,0,64.75,0,1,21.9167,0
function@store_picture_in_dpb,213,105,0,95,90,119,245.364,234.866,127.496,72.0957,437.583
function@insert_picture_in_dpb,1,0,0,1,0,10,0.312883,0,1,0,14.5399
function@remove_unused_frame_from_dpb,4,1,0,2,0,3,2.83333,0.624378,2,0,17.0473
function@output_one_frame_from_dpb,28,8,0,6,5,5,68.417,22.8551,25.9117,20.689,35.3074
function@flush_dpb,0,0,0,0,0,6,0,0,0,0,115.853
function@unmark_for_reference,0,0,0,0,0,1,0,0,0,0,1
function@dpb_split_field,195,11,0,18,24,23,3485.9,215.882,150.132,177.676,597.309
function@dpb_combine_field_yuv,0,0,0,0,0,6,0,0,0,0,106.607
function@dpb_combine_field,20,1,0,4,10,2,4366.75,255.938,335.75,1055.94,271.875
function@alloc_ref_pic_list_reordering_buffer,0,0,0,0,0,2,0,0,0,0,0.828125
function@free_ref_pic_list_reordering_buffer,0,0,0,0,0,0,0,0,0,0,0
function@fill_frame_num_gap,3,2,0,3,0,4,17.9375,16.9375,3,0,48.8125
function@compute_colocated,14,3,0,4,4,4,886.206,258.441,9.82353,15.4706,489.294
function@unmark_long_term_field_for_reference_by_frame_idx,8,0,0,3,1,2,2.90204,0,2.37551,0.62449,13.3714
function@remove_frame_from_dpb,6,4,0,6,10,6,14.6429,28.9048,13.9524,15.4524,28.619
function@mb_is_available,0,0,0,0,0,1,0,0,0,0,1
function@CheckAvailabilityOfNeighbors,28,11,0,9,14,2,9.16607,4.59206,3.787,4.33935,1.2491
function@get_mb_block_pos_normal,0,0,0,0,0,0,0,0,0,0,0
function@get_mb_block_pos_mbaff,0,0,0,0,0,1,0,0,0,0,1
function@get_mb_pos,0,0,0,0,0,0,0,0,0,0,0
function@getNonAffNeighbour,0,0,0,0,0,0,0,0,0,0,0
function@getAffNeighbour,28,16,0,21,15,4,0.79721,0.789968,2.37259,0.556196,0.0166309
function@get4x4Neighbour,0,0,0,0,0,0,0,0,0,0,0
function@get4x4NeighbourBase,0,0,0,0,0,0,0,0,0,0,0
function@main,144,14,0,50,30,18,38.2817,8.21522,43.3065,11.2033,235.404
function@get_version,3,3,0,2,0,5,1.5,0.999999,0.999999,0,3.5
function@spec_strdup,0,0,0,0,0,4,0,0,0,0,4
function@printUsage,0,0,0,0,0,0,0,0,0,0,0
function@load_image_file,0,0,0,0,0,6,0,0,0,0,5.99999
function@init_targa,19,4,0,2,1,2,9.51559,21.6244,1.625,0.624999,20.9993
function@dump_tga,25,1,0,1,2,1,472.333,1,1,20.625,400
function@dump_header,0,0,0,0,0,1,0,0,0,0,0.5
function@computeSSIM,177,88,0,67,46,34,2.32945e+06,1.48461e+06,249374,205806,325610
function@mean,0,0,0,0,0,8,0,0,0,0,84.16
function@variance,0,1,0,1,1,4,0,1,1,1,43.36
function@covariance,0,1,0,1,1,1,0,1,1,1,10.2
function@read_yuv_file,39,50,0,21,28,74,1140.24,428.609,141.294,167.836,4509.43
function@read_tga_file,44,3,0,7,4,14,2351.22,21.9993,488.651,41.2487,1313.92
