Comando: /home/mpvreal/Code/Faculdade/tcc/llvm/build/bin/llc -march=x86 --regalloc=basic -o -
Heurística: div(cost,pow(degree,2))
~&SPILL_STATS,58, 81, 0, 67, 69, 52, 0.144757, 0.479186, 1.28044, 3.80168, 30.3568
~&SPILL_STATS,0, 0, 0, 0, 0, 0, 0, 0, 0, 0, 0
~&SPILL_STATS,0, 17, 0, 2, 1, 1, 0, 11.625, 1.8125, 0.1875, 1
~&SPILL_STATS,60, 54, 0, 29, 24, 22, 705.42, 717.321, 252.317, 256.244, 445.63
~&SPILL_STATS,16, 0, 0, 3, 1, 9, 24.7643, 0, 1.72842, 0.44826, 16.4694
~&SPILL_STATS,4, 6, 0, 2, 11, 7, 84, 228, 8, 102.5, 249
~&SPILL_STATS,5, 7, 0, 7, 0, 0, 0.973684, 1.42105, 1.65461, 0, 0
~&SPILL_STATS,168, 49, 0, 27, 24, 57, 52.0708, 139.302, 2.79534, 7.50636, 133.517
~&SPILL_STATS,0, 0, 0, 0, 0, 5, 0, 0, 0, 0, 5
~&SPILL_STATS,344, 130, 0, 158, 53, 79, 26700.1, 17877.1, 9640.16, 2891.66, 11256.3
~&SPILL_STATS,0, 1, 0, 2, 0, 0, 0, 0.154412, 0.147059, 0, 0
~&SPILL_STATS,0, 0, 0, 0, 0, 2, 0, 0, 0, 0, 20.45
~&SPILL_STATS,40, 9, 0, 18, 6, 6, 25.4057, 4.76171, 14.6119, 2.625, 27.7928
~&SPILL_STATS,199, 53, 0, 66, 3, 13, 193.556, 61.7448, 59.0405, 1.1875, 7.56319
~&SPILL_STATS,37, 20, 0, 26, 0, 7, 9.97115, 5.34776, 4.21635, 0, 1.37981
~&SPILL_STATS,21, 8, 0, 14, 0, 10, 137.214, 53.8571, 71.1191, 0, 36.381
~&SPILL_STATS,0, 0, 0, 0, 0, 0, 0, 0, 0, 0, 0
~&SPILL_STATS,0, 0, 0, 0, 0, 0, 0, 0, 0, 0, 0
~&SPILL_STATS,0, 0, 0, 0, 0, 2, 0, 0, 0, 0, 7.26471
~&SPILL_STATS,0, 0, 0, 0, 0, 0, 0, 0, 0, 0, 0
~&SPILL_STATS,66, 10, 0, 19, 4, 11, 26.9876, 1.30379, 8.58977, 0.725708, 14.1392
~&SPILL_STATS,4, 5, 0, 2, 0, 0, 3, 4.5, 2, 0, 0
~&SPILL_STATS,2, 5, 0, 1, 1, 8, 0.925, 9.025, 1, 0.2, 70.55
~&SPILL_STATS,39, 27, 0, 18, 9, 32, 756.474, 422.877, 142.664, 45.8246, 352.321
~&SPILL_STATS,48, 20, 0, 21, 13, 9, 862.059, 444.963, 169.007, 38.1103, 334.301
~&SPILL_STATS,0, 0, 0, 0, 0, 0, 0, 0, 0, 0, 0
~&SPILL_STATS,70, 30, 0, 27, 4, 11, 58.7679, 54.2818, 9.65356, 10.6882, 32.8622
~&SPILL_STATS,0, 0, 0, 0, 0, 6, 0, 0, 0, 0, 2.48438
~&SPILL_STATS,0, 0, 0, 0, 0, 7, 0, 0, 0, 0, 4.73438
~&SPILL_STATS,45, 23, 0, 14, 13, 30, 366.6, 224.994, 75.2549, 82.0156, 289.836
~&SPILL_STATS,15, 5, 0, 7, 10, 7, 342.314, 8.58824, 14.4902, 8.41177, 250.863
~&SPILL_STATS,0, 0, 0, 0, 0, 0, 0, 0, 0, 0, 0
~&SPILL_STATS,0, 0, 0, 0, 0, 0, 0, 0, 0, 0, 0
~&SPILL_STATS,0, 0, 0, 0, 0, 1, 0, 0, 0, 0, 1
~&SPILL_STATS,0, 0, 0, 0, 0, 0, 0, 0, 0, 0, 0
~&SPILL_STATS,25, 79, 0, 17, 22, 44, 3.65562, 25.963, 4.9058, 6.81239, 29.1236
~&SPILL_STATS,9, 13, 0, 16, 5, 6, 6.08565, 17.2079, 6.45568, 5.25225, 34.5866
~&SPILL_STATS,33, 18, 0, 12, 6, 45, 62.9375, 48.9375, 9, 4.5, 168.75
~&SPILL_STATS,23, 46, 0, 16, 19, 23, 8.17969, 13.4286, 9.50806, 7.70972, 4.54533
~&SPILL_STATS,0, 0, 0, 0, 0, 5, 0, 0, 0, 0, 1.76562
~&SPILL_STATS,1, 5, 0, 2, 2, 11, 0.390465, 15.4677, 1.01509, 0.585395, 53.6488
~&SPILL_STATS,0, 0, 0, 0, 0, 0, 0, 0, 0, 0, 0
~&SPILL_STATS,0, 0, 0, 0, 0, 0, 0, 0, 0, 0, 0
~&SPILL_STATS,0, 0, 0, 0, 0, 0, 0, 0, 0, 0, 0
~&SPILL_STATS,0, 0, 0, 0, 0, 1, 0, 0, 0, 0, 2.81443
~&SPILL_STATS,1154, 603, 0, 509, 187, 73, 2613.15, 1637.68, 804.704, 341.513, 408.534
~&SPILL_STATS,289, 128, 0, 82, 25, 10, 254.416, 136.325, 82.7865, 28.2905, 19.4811
~&SPILL_STATS,0, 0, 0, 0, 0, 0, 0, 0, 0, 0, 0
~&SPILL_STATS,0, 0, 0, 0, 0, 4, 0, 0, 0, 0, 4
~&SPILL_STATS,0, 0, 0, 0, 0, 0, 0, 0, 0, 0, 0
~&SPILL_STATS,150, 92, 0, 53, 39, 16, 1233.95, 546.963, 350.102, 133.329, 77.7386
~&SPILL_STATS,0, 0, 0, 0, 0, 1, 0, 0, 0, 0, 1
~&SPILL_STATS,170, 166, 0, 119, 34, 26, 49.7218, 59.2794, 40.6389, 13.9742, 10.9523
~&SPILL_STATS,0, 0, 0, 0, 0, 3, 0, 0, 0, 0, 3
~&SPILL_STATS,1189, 142, 0, 157, 222, 191, 539.916, 78.1845, 62.301, 103.531, 122.058
~&SPILL_STATS,50, 0, 0, 3, 45, 8, 12.3529, 0, 0.741176, 4.23529, 64.1882
~&SPILL_STATS,280, 24, 0, 39, 33, 73, 177.071, 20.0893, 24.0357, 17.7857, 53.3214
~&SPILL_STATS,92, 21, 0, 11, 12, 15, 109.588, 26.1471, 13.6618, 12.9412, 28.25
~&SPILL_STATS,2, 3, 0, 2, 1, 15, 2, 3, 2, 1, 12
~&SPILL_STATS,4, 1, 0, 2, 3, 6, 2.6, 0.48, 1.64, 2.12, 4.28
~&SPILL_STATS,0, 0, 0, 0, 0, 13, 0, 0, 0, 0, 9.25
~&SPILL_STATS,28, 6, 0, 14, 10, 18, 39.6296, 15.037, 23.4444, 14.9259, 62.5679
~&SPILL_STATS,9, 2, 0, 6, 4, 17, 6.52, 0.64, 4.24, 1.92, 11.84
~&SPILL_STATS,7, 4, 0, 3, 3, 6, 4.52, 2.64, 2.32, 2.2, 4.52
~&SPILL_STATS,0, 0, 0, 0, 0, 9, 0, 0, 0, 0, 43.5312
~&SPILL_STATS,6, 5, 0, 4, 12, 5, 5, 3.3125, 4, 4.10938, 2.59375
~&SPILL_STATS,9, 12, 0, 10, 9, 27, 0.371922, 0.643366, 0.515919, 0.172392, 4.00876
~&SPILL_STATS,9, 4, 0, 5, 0, 20, 0.172233, 0.116961, 0.119877, 0, 2.34899
~&SPILL_STATS,0, 1, 0, 1, 0, 3, 0, 0.146484, 0.390625, 0, 13.5
~&SPILL_STATS,0, 0, 0, 0, 0, 1, 0, 0, 0, 0, 1
~&SPILL_STATS,0, 1, 0, 0, 4, 9, 0, 1, 0, 2.4, 5.74118
~&SPILL_STATS,0, 0, 0, 0, 0, 0, 0, 0, 0, 0, 0
~&SPILL_STATS,5, 2, 0, 7, 1, 12, 4.81553, 1.47573, 5.37864, 1, 6.66019
~&SPILL_STATS,0, 0, 0, 0, 0, 2, 0, 0, 0, 0, 2
~&SPILL_STATS,0, 0, 0, 0, 0, 4, 0, 0, 0, 0, 3.5
~&SPILL_STATS,71, 18, 0, 21, 30, 19, 449.095, 118.643, 114.524, 148.31, 202.405
~&SPILL_STATS,0, 0, 0, 0, 0, 1, 0, 0, 0, 0, 0.5
~&SPILL_STATS,0, 0, 0, 0, 0, 0, 0, 0, 0, 0, 0
~&SPILL_STATS,471, 96, 0, 32, 59, 55, 484.502, 101.218, 6.05743, 19.3313, 68.6292
~&SPILL_STATS,474, 18, 0, 26, 10, 55, 520.186, 7.57324, 6.42745, 9.57992, 359.551
~&SPILL_STATS,0, 0, 0, 0, 0, 5, 0, 0, 0, 0, 17.1905
~&SPILL_STATS,219, 17, 0, 15, 7, 34, 4543.42, 95.925, 83.15, 54.5, 2929.15
~&SPILL_STATS,1149, 170, 0, 108, 153, 205, 4519.89, 1126.94, 516.659, 712.781, 1748.27
~&SPILL_STATS,301, 155, 0, 238, 77, 36, 116006, 47796.2, 59336.2, 25047.7, 14851.7
~&SPILL_STATS,0, 2, 0, 1, 1, 5, 0, 10.7742, 0.483871, 0.483871, 35.9677
~&SPILL_STATS,22, 3, 0, 2, 3, 5, 25.5647, 25.7176, 1.62353, 1.16471, 51.1882
~&SPILL_STATS,80, 33, 0, 14, 14, 11, 164.471, 44.2549, 22.9314, 7.62745, 25.3627
~&SPILL_STATS,376, 47, 0, 76, 73, 106, 93.9162, 27.6479, 34.9687, 27.3545, 63.1534
~&SPILL_STATS,0, 0, 0, 0, 0, 5, 0, 0, 0, 0, 5
~&SPILL_STATS,0, 0, 0, 0, 0, 4, 0, 0, 0, 0, 2.5
~&SPILL_STATS,22, 1, 0, 3, 2, 10, 18, 1, 3, 2, 8
~&SPILL_STATS,96, 23, 0, 16, 9, 21, 279.125, 99.5, 41.25, 47.75, 51
~&SPILL_STATS,29, 7, 0, 7, 4, 13, 13.8819, 4.6063, 3.92126, 2.61417, 7.96063
~&SPILL_STATS,0, 0, 0, 0, 0, 0, 0, 0, 0, 0, 0
~&SPILL_STATS,24, 81, 0, 58, 62, 66, 11.3499, 47.7699, 30.1334, 28.8229, 50.6279
~&SPILL_STATS,0, 2, 0, 1, 2, 2, 0, 21.2857, 1, 20.9048, 2
~&SPILL_STATS,2, 2, 0, 3, 2, 5, 2, 2, 3, 2, 5
~&SPILL_STATS,17, 22, 0, 9, 10, 11, 167.594, 575.507, 70, 79.2628, 50.3054
~&SPILL_STATS,0, 0, 0, 0, 0, 3, 0, 0, 0, 0, 2.24706
~&SPILL_STATS,0, 15, 0, 2, 1, 1, 0, 10.1373, 2, 0.607843, 5
~&SPILL_STATS,40, 41, 0, 37, 39, 36, 8.17025, 5.11285, 8.18734, 6.92993, 14.3594
~&SPILL_STATS,344, 35, 0, 28, 43, 16, 54.432, 5.1779, 14.6393, 8.30892, 9.69466
~&SPILL_STATS,39, 8, 0, 10, 10, 8, 7.52747, 1.70879, 3.52198, 1.60989, 1.59341
~&SPILL_STATS,25, 9, 0, 10, 20, 19, 4318, 10350.9, 55.75, 1209.88, 20765.6
~&SPILL_STATS,0, 0, 0, 0, 0, 3, 0, 0, 0, 0, 2
~&SPILL_STATS,209, 45, 0, 53, 52, 38, 14762.2, 6846.03, 2216.95, 2238.2, 9841.32
~&SPILL_STATS,0, 2, 0, 2, 0, 3, 0, 2, 2, 0, 3
~&SPILL_STATS,0, 1, 0, 1, 0, 3, 0, 1, 1, 0, 3
~&SPILL_STATS,21, 4, 0, 3, 9, 32, 10.4732, 8.20285, 0.725901, 1.7083, 40.026
~&SPILL_STATS,0, 0, 0, 0, 0, 2, 0, 0, 0, 0, 63.75
~&SPILL_STATS,11, 7, 0, 8, 4, 1, 5.58, 13.36, 2.08, 0.96, 9.92
~&SPILL_STATS,358, 218, 0, 226, 83, 108, 334.838, 306.607, 81.1404, 20.0204, 170.919
~&SPILL_STATS,199, 44, 0, 29, 20, 22, 2065.44, 1444.28, 97.3828, 111.246, 502.847
~&SPILL_STATS,0, 0, 0, 0, 0, 13, 0, 0, 0, 0, 7.25
~&SPILL_STATS,295, 59, 0, 91, 69, 42, 16761.4, 5070.23, 5299.34, 2578.83, 2635.25
~&SPILL_STATS,0, 0, 0, 0, 0, 2, 0, 0, 0, 0, 2
~&SPILL_STATS,62, 20, 0, 18, 7, 8, 16099.8, 17234.8, 291.182, 98.1343, 5671.49
~&SPILL_STATS,48, 14, 0, 13, 9, 6, 1117.81, 354.312, 135.75, 132.75, 160.688
~&SPILL_STATS,0, 0, 0, 0, 0, 5, 0, 0, 0, 0, 4.4
~&SPILL_STATS,51, 15, 0, 12, 1, 3, 755.505, 242.189, 175.463, 21.2211, 44.1158
~&SPILL_STATS,39, 26, 0, 12, 1, 5, 592.168, 436.211, 196.021, 21.2211, 66.3368
~&SPILL_STATS,18, 0, 0, 2, 1, 5, 33.625, 0, 1.5, 0.5, 14
~&SPILL_STATS,0, 0, 0, 0, 0, 7, 0, 0, 0, 0, 3.03846
~&SPILL_STATS,0, 0, 0, 0, 0, 46, 0, 0, 0, 0, 6.27557
~&SPILL_STATS,0, 0, 0, 0, 0, 23, 0, 0, 0, 0, 7.4375
~&SPILL_STATS,56, 33, 0, 26, 10, 11, 6826.73, 11040.7, 300.879, 1419, 2722
~&SPILL_STATS,68, 23, 0, 32, 8, 6, 2176, 736, 900, 163, 130
~&SPILL_STATS,77, 25, 0, 23, 6, 5, 831.071, 300.698, 204.365, 65.0159, 50.7619
~&SPILL_STATS,77, 40, 0, 13, 4, 15, 1015.87, 487.619, 187.921, 47.7619, 122.675
~&SPILL_STATS,0, 0, 0, 0, 0, 2, 0, 0, 0, 0, 2
~&SPILL_STATS,10, 8, 0, 7, 10, 4, 350.286, 664.786, 4.2381, 348.286, 4
~&SPILL_STATS,104, 49, 0, 40, 39, 12, 17304.6, 21003.4, 3658.67, 6845.43, 3307.93
~&SPILL_STATS,40, 3, 0, 13, 1, 12, 241.712, 1.12988, 9.15625, 0.260742, 215.423
~&SPILL_STATS,190, 155, 0, 82, 67, 64, 13003.3, 2828.04, 579.188, 1543.25, 4126.48
~&SPILL_STATS,17, 8, 0, 8, 0, 3, 46.3, 31.475, 10.775, 0, 105.75
~&SPILL_STATS,54, 31, 0, 15, 12, 18, 135.663, 76.2239, 34.7118, 38.6424, 144.934
~&SPILL_STATS,27, 4, 0, 15, 7, 9, 238.924, 65.7103, 57.469, 74.6414, 16.7724
~&SPILL_STATS,6, 0, 0, 4, 3, 2, 1252.95, 0, 15.2857, 315.667, 127.952
~&SPILL_STATS,912, 56, 0, 78, 122, 91, 379.959, 42.9032, 31.0681, 28.0395, 78.0596
~&SPILL_STATS,2, 1, 0, 2, 2, 5, 0.64, 10.2, 10.52, 10.52, 12.84
~&SPILL_STATS,18, 18, 0, 19, 6, 10, 3.6, 3.6, 4.6, 1.2, 2.8
~&SPILL_STATS,57, 11, 0, 10, 18, 4, 34.5686, 12.0686, 10.4902, 11.6176, 6.15686
~&SPILL_STATS,29, 13, 0, 12, 6, 9, 148.429, 91.2222, 59.4921, 42.1905, 23.4762
~&SPILL_STATS,2, 2, 0, 1, 0, 1, 2, 2, 1, 0, 1
~&SPILL_STATS,18, 0, 0, 9, 0, 4, 3.6, 0, 1.8, 0, 2.4
~&SPILL_STATS,33, 16, 0, 11, 9, 7, 61.5625, 63.5, 14.5, 25.75, 41
~&SPILL_STATS,5, 2, 0, 3, 5, 11, 42.5, 31.9375, 11.5, 33.25, 57.875
~&SPILL_STATS,22, 9, 0, 18, 17, 25, 10.9062, 2.38281, 8.03931, 7.08203, 15.2896
~&SPILL_STATS,56, 55, 0, 18, 9, 5, 20.6667, 19.25, 9.625, 5.70833, 5
~&SPILL_STATS,4, 0, 0, 1, 0, 6, 1.23529, 0, 1, 0, 3.61765
~&SPILL_STATS,163, 61, 0, 39, 31, 32, 132.492, 108.703, 54.4375, 28, 29.4531
~&SPILL_STATS,11, 4, 0, 6, 0, 6, 8.22353, 3.75294, 6, 0, 4.68235
~&SPILL_STATS,202, 54, 0, 76, 59, 8, 6764.3, 3873.47, 3038.14, 2285.97, 558.719
~&SPILL_STATS,1, 0, 0, 1, 1, 4, 1, 0, 0.241379, 1, 7.25287
~&SPILL_STATS,0, 0, 0, 0, 0, 4, 0, 0, 0, 0, 3.375
~&SPILL_STATS,15, 2, 0, 1, 3, 51, 2.75929, 0.453465, 0.322266, 1.02667, 26.3297
~&SPILL_STATS,3, 1, 0, 1, 10, 8, 1.31912, 0.625, 0.00173807, 2.31808, 11.3594
~&SPILL_STATS,2, 1, 0, 1, 0, 8, 1, 0.307692, 1, 0, 12.0923
~&SPILL_STATS,9, 4, 0, 2, 0, 5, 1.4375, 1.18182, 1.00568, 0, 6.99432
~&SPILL_STATS,8, 0, 0, 1, 0, 3, 1.81538, 0, 0.384615, 0, 8.29231
~&SPILL_STATS,22, 0, 0, 1, 0, 5, 10.2344, 0, 1, 0, 40.9375
~&SPILL_STATS,0, 1, 0, 1, 0, 6, 0, 0.4, 1, 0, 27.34
~&SPILL_STATS,1, 5, 0, 2, 0, 4, 0.385321, 2.08257, 1.62385, 0, 7.6789
~&SPILL_STATS,0, 0, 0, 0, 0, 1, 0, 0, 0, 0, 1
~&SPILL_STATS,8, 4, 0, 7, 11, 13, 2.64536, 1.38969, 2.03093, 2.47217, 16.8825
~&SPILL_STATS,0, 0, 0, 0, 0, 1, 0, 0, 0, 0, 1
~&SPILL_STATS,0, 0, 0, 0, 0, 4, 0, 0, 0, 0, 10.8802
~&SPILL_STATS,9, 2, 0, 3, 2, 10, 2.75814, 0.274419, 1.44651, 1.23256, 56.2279
~&SPILL_STATS,6, 5, 0, 3, 0, 4, 1.27545, 0.808383, 1.01796, 0, 4.52096
~&SPILL_STATS,12, 1, 0, 2, 1, 7, 4.41409, 0.374536, 2, 1, 17.4265
~&SPILL_STATS,7, 0, 0, 4, 2, 10, 0.451613, 0, 0.524927, 0.3739, 18.1349
~&SPILL_STATS,0, 0, 0, 0, 0, 2, 0, 0, 0, 0, 2
~&SPILL_STATS,8, 5, 0, 7, 2, 10, 5.82353, 2.61765, 3.82353, 1.17647, 98.1177
~&SPILL_STATS,18, 13, 0, 14, 3, 1, 2.59958, 1.52201, 1.92348, 1.24738, 0.151992
~&SPILL_STATS,0, 0, 0, 0, 0, 0, 0, 0, 0, 0, 0
~&SPILL_STATS,0, 0, 0, 0, 0, 2, 0, 0, 0, 0, 2
~&SPILL_STATS,0, 0, 0, 0, 0, 0, 0, 0, 0, 0, 0
~&SPILL_STATS,0, 0, 0, 0, 0, 0, 0, 0, 0, 0, 0
~&SPILL_STATS,0, 0, 0, 0, 0, 1, 0, 0, 0, 0, 1
~&SPILL_STATS,0, 0, 0, 0, 0, 1, 0, 0, 0, 0, 1
~&SPILL_STATS,0, 0, 0, 0, 0, 0, 0, 0, 0, 0, 0
~&SPILL_STATS,0, 0, 0, 0, 0, 0, 0, 0, 0, 0, 0
~&SPILL_STATS,0, 0, 0, 0, 0, 2, 0, 0, 0, 0, 16.84
~&SPILL_STATS,0, 0, 0, 0, 0, 2, 0, 0, 0, 0, 16.7381
~&SPILL_STATS,0, 0, 0, 0, 0, 6, 0, 0, 0, 0, 65.9524
~&SPILL_STATS,0, 0, 0, 0, 0, 0, 0, 0, 0, 0, 0
~&SPILL_STATS,2, 0, 0, 1, 0, 3, 1.61905, 0, 1, 0, 32.9762
~&SPILL_STATS,0, 0, 0, 0, 0, 5, 0, 0, 0, 0, 49.7143
~&SPILL_STATS,0, 0, 0, 0, 0, 2, 0, 0, 0, 0, 351.833
~&SPILL_STATS,2, 2, 0, 1, 0, 4, 1.61905, 1.80952, 1, 0, 49.2143
~&SPILL_STATS,0, 0, 0, 0, 0, 2, 0, 0, 0, 0, 16.84
~&SPILL_STATS,0, 0, 0, 0, 0, 3, 0, 0, 0, 0, 2.38235
~&SPILL_STATS,0, 0, 0, 0, 0, 1, 0, 0, 0, 0, 1
~&SPILL_STATS,0, 0, 0, 0, 0, 1, 0, 0, 0, 0, 1
~&SPILL_STATS,0, 0, 0, 0, 0, 3, 0, 0, 0, 0, 2.61765
~&SPILL_STATS,1, 1, 0, 1, 0, 0, 1, 1, 1, 0, 0
~&SPILL_STATS,1, 2, 0, 2, 0, 1, 0.619048, 1.2381, 1.61905, 0, 1
~&SPILL_STATS,11, 9, 0, 12, 3, 4, 5.43779, 3.65438, 8.58064, 2, 3.25346
~&SPILL_STATS,3, 5, 0, 3, 2, 2, 1.875, 2.89062, 1.875, 1.25, 1.625
~&SPILL_STATS,0, 0, 0, 0, 0, 1, 0, 0, 0, 0, 1
~&SPILL_STATS,0, 0, 0, 0, 0, 0, 0, 0, 0, 0, 0
~&SPILL_STATS,0, 0, 0, 0, 0, 2, 0, 0, 0, 0, 1.5
~&SPILL_STATS,0, 0, 0, 0, 0, 0, 0, 0, 0, 0, 0
~&SPILL_STATS,0, 0, 0, 0, 0, 0, 0, 0, 0, 0, 0
~&SPILL_STATS,1, 0, 0, 0, 2, 1, 1, 0, 0, 1.33929, 1
~&SPILL_STATS,0, 0, 0, 0, 0, 4, 0, 0, 0, 0, 4
~&SPILL_STATS,0, 0, 0, 0, 0, 8, 0, 0, 0, 0, 5
~&SPILL_STATS,0, 0, 0, 0, 0, 0, 0, 0, 0, 0, 0
~&SPILL_STATS,175, 103, 0, 54, 27, 52, 99.379, 248.081, 28.7467, 13.8108, 210.025
~&SPILL_STATS,0, 0, 0, 0, 0, 0, 0, 0, 0, 0, 0
~&SPILL_STATS,0, 0, 0, 0, 0, 3, 0, 0, 0, 0, 3
~&SPILL_STATS,0, 0, 0, 0, 0, 0, 0, 0, 0, 0, 0
~&SPILL_STATS,0, 0, 0, 0, 0, 0, 0, 0, 0, 0, 0
~&SPILL_STATS,22, 8, 0, 11, 0, 10, 122.2, 58.8143, 63.0429, 0, 122.2
~&SPILL_STATS,11, 4, 0, 6, 5, 11, 175.227, 57.455, 40.9005, 39.6114, 1702.43
~&SPILL_STATS,2, 2, 0, 3, 5, 16, 1.05115, 0.111607, 0.15346, 1.21884, 15.5895
~&SPILL_STATS,0, 1, 0, 1, 0, 6, 0, 1, 1, 0, 6
~&SPILL_STATS,0, 0, 0, 0, 0, 7, 0, 0, 0, 0, 3.39284
~&SPILL_STATS,0, 0, 0, 0, 0, 0, 0, 0, 0, 0, 0
~&SPILL_STATS,0, 0, 0, 0, 0, 0, 0, 0, 0, 0, 0
~&SPILL_STATS,62, 31, 0, 42, 43, 19, 2351.86, 1466.16, 1770.75, 1224, 1659.71
~&SPILL_STATS,37, 13, 0, 26, 8, 8, 9724.79, 8858.21, 863.397, 5.04762, 8712.25
~&SPILL_STATS,0, 0, 0, 0, 0, 0, 0, 0, 0, 0, 0
~&SPILL_STATS,0, 0, 0, 0, 0, 1, 0, 0, 0, 0, 1
~&SPILL_STATS,0, 0, 0, 0, 0, 0, 0, 0, 0, 0, 0
~&SPILL_STATS,0, 0, 0, 0, 0, 1, 0, 0, 0, 0, 1
~&SPILL_STATS,0, 0, 0, 0, 0, 0, 0, 0, 0, 0, 0
~&SPILL_STATS,0, 0, 0, 0, 0, 0, 0, 0, 0, 0, 0
~&SPILL_STATS,0, 2, 0, 2, 0, 0, 0, 2, 2, 0, 0
~&SPILL_STATS,0, 0, 0, 0, 0, 0, 0, 0, 0, 0, 0
~&SPILL_STATS,0, 0, 0, 0, 0, 0, 0, 0, 0, 0, 0
~&SPILL_STATS,0, 0, 0, 0, 0, 0, 0, 0, 0, 0, 0
~&SPILL_STATS,0, 0, 0, 0, 0, 0, 0, 0, 0, 0, 0
~&SPILL_STATS,0, 0, 0, 0, 0, 0, 0, 0, 0, 0, 0
~&SPILL_STATS,0, 0, 0, 0, 0, 0, 0, 0, 0, 0, 0
~&SPILL_STATS,0, 0, 0, 0, 0, 0, 0, 0, 0, 0, 0
~&SPILL_STATS,14, 0, 0, 3, 0, 48, 14, 0, 3, 0, 48
~&SPILL_STATS,0, 0, 0, 0, 0, 0, 0, 0, 0, 0, 0
~&SPILL_STATS,0, 0, 0, 0, 0, 0, 0, 0, 0, 0, 0
~&SPILL_STATS,0, 0, 0, 0, 0, 0, 0, 0, 0, 0, 0
~&SPILL_STATS,0, 0, 0, 0, 0, 0, 0, 0, 0, 0, 0
~&SPILL_STATS,0, 0, 0, 0, 0, 0, 0, 0, 0, 0, 0
~&SPILL_STATS,0, 0, 0, 0, 0, 0, 0, 0, 0, 0, 0
~&SPILL_STATS,14, 0, 0, 3, 0, 64, 14, 0, 3, 0, 64
~&SPILL_STATS,0, 0, 0, 0, 0, 1, 0, 0, 0, 0, 1
~&SPILL_STATS,0, 0, 0, 0, 0, 0, 0, 0, 0, 0, 0
~&SPILL_STATS,0, 0, 0, 0, 0, 1, 0, 0, 0, 0, 1
~&SPILL_STATS,0, 0, 0, 0, 0, 0, 0, 0, 0, 0, 0
~&SPILL_STATS,1, 2, 0, 2, 0, 0, 1, 2, 2, 0, 0
~&SPILL_STATS,2, 0, 0, 2, 0, 0, 2, 0, 2, 0, 0
~&SPILL_STATS,0, 0, 0, 0, 0, 0, 0, 0, 0, 0, 0
~&SPILL_STATS,4, 4, 0, 7, 1, 2, 4, 4, 7, 1, 2
~&SPILL_STATS,0, 1, 0, 1, 0, 2, 0, 1, 1, 0, 2
~&SPILL_STATS,0, 2, 0, 2, 0, 1, 0, 2, 2, 0, 1
~&SPILL_STATS,0, 0, 0, 0, 0, 1, 0, 0, 0, 0, 1
~&SPILL_STATS,44, 14, 0, 19, 29, 29, 44, 14, 19, 29, 29
~&SPILL_STATS,0, 0, 0, 0, 0, 1, 0, 0, 0, 0, 1
~&SPILL_STATS,1, 0, 0, 1, 0, 0, 1, 0, 1, 0, 0
~&SPILL_STATS,0, 0, 0, 0, 0, 0, 0, 0, 0, 0, 0
~&SPILL_STATS,0, 11, 0, 5, 0, 7, 0, 11, 5, 0, 7
~&SPILL_STATS,0, 15, 0, 9, 2, 5, 0, 15, 9, 2, 5
~&SPILL_STATS,0, 0, 0, 0, 0, 3, 0, 0, 0, 0, 3
~&SPILL_STATS,0, 0, 0, 0, 0, 0, 0, 0, 0, 0, 0
~&SPILL_STATS,0, 0, 0, 0, 0, 3, 0, 0, 0, 0, 3
~&SPILL_STATS,0, 0, 0, 0, 0, 0, 0, 0, 0, 0, 0
~&SPILL_STATS,0, 0, 0, 0, 0, 0, 0, 0, 0, 0, 0
~&SPILL_STATS,0, 15, 0, 6, 0, 9, 0, 15, 6, 0, 9
~&SPILL_STATS,0, 20, 0, 11, 3, 7, 0, 20, 11, 3, 7
~&SPILL_STATS,0, 0, 0, 0, 0, 4, 0, 0, 0, 0, 4
~&SPILL_STATS,0, 0, 0, 0, 0, 0, 0, 0, 0, 0, 0
~&SPILL_STATS,0, 0, 0, 0, 0, 4, 0, 0, 0, 0, 4
~&SPILL_STATS,0, 0, 0, 0, 0, 0, 0, 0, 0, 0, 0
~&SPILL_STATS,0, 0, 0, 0, 0, 6, 0, 0, 0, 0, 6
~&SPILL_STATS,0, 0, 0, 0, 0, 6, 0, 0, 0, 0, 6
~&SPILL_STATS,0, 0, 0, 0, 0, 5, 0, 0, 0, 0, 5
~&SPILL_STATS,0, 0, 0, 0, 0, 0, 0, 0, 0, 0, 0
~&SPILL_STATS,0, 0, 0, 0, 0, 2, 0, 0, 0, 0, 21.2857
~&SPILL_STATS,2, 0, 0, 2, 0, 4, 40.5714, 0, 1.2381, 0, 61.8571
~&SPILL_STATS,0, 0, 0, 0, 0, 4, 0, 0, 0, 0, 61.8571
~&SPILL_STATS,0, 2, 0, 2, 0, 5, 0, 2, 2, 0, 5
~&SPILL_STATS,0, 0, 0, 0, 0, 0, 0, 0, 0, 0, 0
~&SPILL_STATS,2, 3, 0, 3, 6, 4, 63.75, 95.625, 95.625, 160.375, 96.625
~&SPILL_STATS,30, 5, 0, 8, 10, 13, 30, 5, 8, 10, 13
~&SPILL_STATS,70, 18, 0, 34, 27, 11, 2231.25, 573.75, 1052.88, 798.875, 350.625
~&SPILL_STATS,5, 4, 0, 3, 4, 2, 101.429, 81.1429, 60.8571, 41.8095, 40.5714
~&SPILL_STATS,12, 3, 0, 7, 12, 1, 12, 3, 7, 12, 1
~&SPILL_STATS,81, 62, 0, 44, 9, 2, 81, 62, 44, 9, 2
~&SPILL_STATS,7, 12, 0, 12, 0, 4, 7, 12, 12, 0, 66
~&SPILL_STATS,113, 16, 0, 16, 23, 29, 29.5735, 4.13902, 5.96113, 10.1526, 23.5065
~&SPILL_STATS,0, 0, 0, 0, 0, 2, 0, 0, 0, 0, 24.2857
~&SPILL_STATS,4, 3, 0, 3, 3, 9, 0.989474, 0.663158, 0.821053, 0.663158, 2.89474
~&SPILL_STATS,120, 103, 0, 24, 36, 40, 2992.41, 4197.79, 95.2059, 381.706, 1752.24
~&SPILL_STATS,489, 227, 0, 130, 24, 31, 14063.9, 5488.86, 220.905, 104.095, 3971.19
~&SPILL_STATS,135, 124, 0, 9, 7, 12, 10289.1, 5816.5, 250.875, 149.375, 2558.5
~&SPILL_STATS,4, 8, 0, 3, 8, 3, 43, 783.333, 47.75, 120.417, 63.75
~&SPILL_STATS,0, 0, 0, 0, 0, 0, 0, 0, 0, 0, 0
~&SPILL_STATS,0, 0, 0, 0, 0, 0, 0, 0, 0, 0, 0
~&SPILL_STATS,0, 0, 0, 0, 0, 1, 0, 0, 0, 0, 31.875
~&SPILL_STATS,0, 0, 0, 0, 0, 1, 0, 0, 0, 0, 31.875
~&SPILL_STATS,0, 2, 0, 3, 4, 9, 0, 13.1471, 1.85294, 2.47059, 110.265
~&SPILL_STATS,0, 0, 0, 0, 0, 2, 0, 0, 0, 0, 1.66667
~&SPILL_STATS,0, 0, 0, 0, 0, 1, 0, 0, 0, 0, 12.1429
~&SPILL_STATS,0, 0, 0, 0, 0, 3, 0, 0, 0, 0, 21.6667
~&SPILL_STATS,0, 0, 0, 0, 0, 1, 0, 0, 0, 0, 12.1429
~&SPILL_STATS,0, 0, 0, 0, 0, 1, 0, 0, 0, 0, 20.2857
~&SPILL_STATS,14, 4, 0, 6, 7, 0, 1543.25, 358.083, 365.5, 708.083, 0
~&SPILL_STATS,3, 4, 0, 5, 3, 0, 435.05, 51, 14.95, 13.55, 0
~&SPILL_STATS,0, 0, 0, 0, 0, 0, 0, 0, 0, 0, 0
~&SPILL_STATS,0, 0, 0, 0, 0, 1, 0, 0, 0, 0, 1
~&SPILL_STATS,0, 0, 0, 0, 0, 0, 0, 0, 0, 0, 0
~&SPILL_STATS,0, 0, 0, 0, 0, 0, 0, 0, 0, 0, 0
~&SPILL_STATS,0, 0, 0, 0, 0, 0, 0, 0, 0, 0, 0
~&SPILL_STATS,0, 0, 0, 0, 0, 0, 0, 0, 0, 0, 0
~&SPILL_STATS,0, 0, 0, 0, 0, 0, 0, 0, 0, 0, 0
~&SPILL_STATS,0, 0, 0, 0, 0, 0, 0, 0, 0, 0, 0
~&SPILL_STATS,0, 0, 0, 0, 0, 0, 0, 0, 0, 0, 0
~&SPILL_STATS,0, 0, 0, 0, 0, 0, 0, 0, 0, 0, 0
~&SPILL_STATS,0, 0, 0, 0, 0, 0, 0, 0, 0, 0, 0
~&SPILL_STATS,0, 0, 0, 0, 0, 1, 0, 0, 0, 0, 1
~&SPILL_STATS,0, 0, 0, 0, 0, 1, 0, 0, 0, 0, 1
~&SPILL_STATS,0, 0, 0, 0, 0, 1, 0, 0, 0, 0, 1
~&SPILL_STATS,0, 0, 0, 0, 0, 1, 0, 0, 0, 0, 1
~&SPILL_STATS,0, 0, 0, 0, 0, 1, 0, 0, 0, 0, 1
~&SPILL_STATS,0, 0, 0, 0, 0, 0, 0, 0, 0, 0, 0
~&SPILL_STATS,0, 0, 0, 0, 0, 0, 0, 0, 0, 0, 0
~&SPILL_STATS,0, 0, 0, 0, 0, 0, 0, 0, 0, 0, 0
~&SPILL_STATS,0, 0, 0, 0, 0, 1, 0, 0, 0, 0, 1
~&SPILL_STATS,0, 0, 0, 0, 0, 0, 0, 0, 0, 0, 0
~&SPILL_STATS,0, 0, 0, 0, 0, 1, 0, 0, 0, 0, 1
~&SPILL_STATS,0, 0, 0, 0, 0, 1, 0, 0, 0, 0, 1
~&SPILL_STATS,0, 0, 0, 0, 0, 0, 0, 0, 0, 0, 0
~&SPILL_STATS,0, 0, 0, 0, 0, 0, 0, 0, 0, 0, 0
~&SPILL_STATS,2, 0, 0, 1, 1, 23, 0.150943, 0, 0.0754717, 0.0754717, 3.45283
~&SPILL_STATS,19, 11, 0, 14, 3, 3, 17.8571, 9.85714, 13.619, 2.61905, 3
~&SPILL_STATS,28, 26, 0, 24, 3, 3, 28, 26, 24, 3, 3
~&SPILL_STATS,14, 8, 0, 11, 0, 3, 14, 8, 11, 0, 3
~&SPILL_STATS,0, 0, 0, 0, 0, 15, 0, 0, 0, 0, 0.600733
~&SPILL_STATS,4, 14, 0, 7, 10, 7, 0.0284132, 0.546283, 0.0521801, 0.0970336, 1.48767
~&SPILL_STATS,0, 0, 0, 0, 0, 0, 0, 0, 0, 0, 0
~&SPILL_STATS,1, 0, 0, 0, 2, 9, 1, 0, 0, 1.48837, 11.814
~&SPILL_STATS,2, 1, 0, 1, 1, 2, 15, 7.5, 7.5, 0.235294, 15
~&SPILL_STATS,20, 11, 0, 6, 1, 20, 73.25, 68.2206, 4.5, 1, 269.941
~&SPILL_STATS,0, 0, 0, 0, 0, 0, 0, 0, 0, 0, 0
~&SPILL_STATS,0, 0, 0, 0, 0, 2, 0, 0, 0, 0, 2
~&SPILL_STATS,90, 27, 0, 41, 35, 15, 295.642, 162.961, 63.0931, 79.6324, 52.6078
~&SPILL_STATS,95, 18, 0, 23, 7, 24, 376.152, 48.5469, 54.3555, 56.625, 131.336
~&SPILL_STATS,0, 0, 0, 0, 0, 0, 0, 0, 0, 0, 0
~&SPILL_STATS,44, 4, 0, 18, 5, 7, 27.104, 2.44343, 3.29358, 0.926606, 2.8318
~&SPILL_STATS,75, 14, 0, 14, 2, 8, 30.1814, 7.19608, 12.1225, 1.5, 6.69608
~&SPILL_STATS,14, 18, 0, 7, 10, 5, 42056.9, 56465.5, 386.375, 545.25, 31743.8
~&SPILL_STATS,171, 89, 0, 87, 46, 87, 1050.88, 633.018, 554.908, 312.231, 369.451
~&SPILL_STATS,0, 0, 0, 0, 0, 0, 0, 0, 0, 0, 0
~&SPILL_STATS,0, 0, 0, 0, 0, 0, 0, 0, 0, 0, 0
~&SPILL_STATS,0, 0, 0, 0, 0, 0, 0, 0, 0, 0, 0
~&SPILL_STATS,0, 0, 0, 0, 0, 0, 0, 0, 0, 0, 0
~&SPILL_STATS,0, 0, 0, 0, 0, 0, 0, 0, 0, 0, 0
~&SPILL_STATS,0, 0, 0, 0, 0, 0, 0, 0, 0, 0, 0
~&SPILL_STATS,0, 0, 0, 0, 0, 0, 0, 0, 0, 0, 0
~&SPILL_STATS,0, 0, 0, 0, 0, 0, 0, 0, 0, 0, 0
~&SPILL_STATS,0, 0, 0, 0, 0, 0, 0, 0, 0, 0, 0
~&SPILL_STATS,10, 12, 0, 13, 15, 40, 2691.3, 3650.7, 1564.51, 1440.57, 2021.05
~&SPILL_STATS,27, 12, 0, 13, 11, 9, 2764, 472.5, 964, 308.25, 2025
~&SPILL_STATS,25, 15, 0, 12, 7, 13, 206.625, 82.125, 120, 48.875, 136.5
~&SPILL_STATS,38, 7, 0, 16, 7, 10, 122.25, 10.75, 41.5, 7, 97
~&SPILL_STATS,33, 10, 0, 10, 1, 43, 12.5, 2.5, 6, 1, 26.5
~&SPILL_STATS,214, 116, 0, 96, 68, 98, 1706.16, 839.952, 313.423, 143.58, 1089.01
~&SPILL_STATS,0, 0, 0, 0, 0, 0, 0, 0, 0, 0, 0
~&SPILL_STATS,0, 0, 0, 0, 0, 16, 0, 0, 0, 0, 22.7143
~&SPILL_STATS,0, 4, 0, 2, 0, 6, 0, 1.25397, 1.625, 0, 10.0444
~&SPILL_STATS,0, 0, 0, 0, 0, 0, 0, 0, 0, 0, 0
~&SPILL_STATS,0, 0, 0, 0, 0, 0, 0, 0, 0, 0, 0
~&SPILL_STATS,0, 0, 0, 0, 0, 4, 0, 0, 0, 0, 4
~&SPILL_STATS,0, 0, 0, 0, 0, 0, 0, 0, 0, 0, 0
~&SPILL_STATS,0, 0, 0, 0, 0, 0, 0, 0, 0, 0, 0
~&SPILL_STATS,1, 0, 0, 0, 4, 6, 1, 0, 0, 1.23795, 10.2341
~&SPILL_STATS,0, 0, 0, 0, 0, 0, 0, 0, 0, 0, 0
~&SPILL_STATS,0, 0, 0, 0, 0, 1, 0, 0, 0, 0, 1
~&SPILL_STATS,0, 0, 0, 0, 0, 0, 0, 0, 0, 0, 0
~&SPILL_STATS,20, 26, 0, 6, 138, 115, 4.38385, 10.5808, 2.50366, 1.87351, 4.01007
~&SPILL_STATS,0, 0, 0, 0, 0, 3, 0, 0, 0, 0, 3
~&SPILL_STATS,1, 0, 0, 0, 2, 2, 1, 0, 0, 1.30769, 2
~&SPILL_STATS,6, 5, 0, 7, 3, 3, 23.0141, 12.1724, 18.6732, 11.5071, 7.33154
~&SPILL_STATS,0, 0, 0, 0, 0, 4, 0, 0, 0, 0, 3.2381
~&SPILL_STATS,0, 0, 0, 0, 0, 4, 0, 0, 0, 0, 3.61905
~&SPILL_STATS,0, 0, 0, 0, 0, 0, 0, 0, 0, 0, 0
~&SPILL_STATS,0, 0, 0, 0, 0, 0, 0, 0, 0, 0, 0
~&SPILL_STATS,0, 0, 0, 0, 0, 4, 0, 0, 0, 0, 26.9524
~&SPILL_STATS,0, 0, 0, 0, 0, 6, 0, 0, 0, 0, 31.5952
~&SPILL_STATS,3, 3, 0, 4, 2, 6, 1.36697, 0.357798, 0.669725, 1.22936, 2.75229
~&SPILL_STATS,4, 2, 0, 1, 3, 39, 2.87129, 0.772277, 0.623762, 1.62376, 22.2079
~&SPILL_STATS,0, 0, 0, 0, 0, 0, 0, 0, 0, 0, 0
~&SPILL_STATS,15, 15, 0, 8, 13, 13, 1040.96, 450.72, 20.64, 25.44, 1562.2
~&SPILL_STATS,0, 0, 0, 0, 0, 0, 0, 0, 0, 0, 0
~&SPILL_STATS,44, 48, 0, 38, 51, 34, 477.021, 219.103, 32.3476, 66.3262, 726.888
~&SPILL_STATS,46, 49, 0, 52, 39, 34, 482.379, 231.33, 32.1108, 50.2345, 727.539
~&SPILL_STATS,19, 17, 0, 11, 15, 5, 1429.1, 2292.9, 16.75, 43.05, 932.7
~&SPILL_STATS,0, 0, 0, 0, 0, 2, 0, 0, 0, 0, 1
~&SPILL_STATS,0, 0, 0, 0, 0, 2, 0, 0, 0, 0, 1
~&SPILL_STATS,0, 0, 0, 0, 0, 2, 0, 0, 0, 0, 1
~&SPILL_STATS,0, 0, 0, 0, 0, 2, 0, 0, 0, 0, 1
~&SPILL_STATS,0, 0, 0, 0, 0, 2, 0, 0, 0, 0, 1
~&SPILL_STATS,0, 4, 0, 0, 4, 4, 0, 63.75, 0, 17.4375, 63.75
~&SPILL_STATS,9, 16, 0, 2, 2, 16, 4.5, 8, 1, 1, 8
~&SPILL_STATS,0, 0, 0, 0, 0, 8, 0, 0, 0, 0, 4
~&SPILL_STATS,3, 8, 0, 1, 2, 8, 1.5, 4, 0.5, 1, 4
~&SPILL_STATS,0, 0, 0, 0, 0, 4, 0, 0, 0, 0, 2
~&SPILL_STATS,0, 0, 0, 0, 0, 0, 0, 0, 0, 0, 0
~&SPILL_STATS,0, 0, 0, 0, 0, 1, 0, 0, 0, 0, 0.64
~&SPILL_STATS,0, 1, 0, 1, 0, 1, 0, 10.2, 0.32, 0, 0.64
~&SPILL_STATS,0, 2, 0, 2, 0, 1, 0, 20.4, 0.64, 0, 0.64
~&SPILL_STATS,223, 66, 0, 69, 60, 27, 6836.46, 1525.41, 610.634, 323.677, 2207.93
~&SPILL_STATS,0, 0, 0, 0, 0, 0, 0, 0, 0, 0, 0
~&SPILL_STATS,0, 0, 0, 0, 0, 0, 0, 0, 0, 0, 0
~&SPILL_STATS,0, 0, 0, 0, 0, 0, 0, 0, 0, 0, 0
~&SPILL_STATS,58, 36, 0, 17, 63, 2, 3307.04, 331.251, 53.9063, 401.172, 450.001
~&SPILL_STATS,1, 3, 0, 2, 1, 6, 0.25, 8.96875, 0.75, 0.25, 40.0938
~&SPILL_STATS,1, 3, 0, 2, 1, 6, 0.25, 8.96875, 0.75, 0.25, 40.0938
~&SPILL_STATS,48, 17, 0, 11, 7, 16, 63.377, 12.8457, 4.82227, 3.52539, 16.8496
~&SPILL_STATS,5, 8, 0, 2, 2, 7, 1.00392, 8.52157, 0.92549, 0.854902, 12.1569
~&SPILL_STATS,0, 0, 0, 0, 0, 2, 0, 0, 0, 0, 42.5
~&SPILL_STATS,16, 16, 0, 10, 10, 5, 16.25, 41.7206, 12.4559, 15.5882, 10.1176
~&SPILL_STATS,0, 20, 0, 2, 4, 19, 0, 122.08, 2, 21.68, 102.68
~&SPILL_STATS,0, 0, 0, 0, 0, 4, 0, 0, 0, 0, 50.1176
~&SPILL_STATS,0, 0, 0, 0, 0, 8, 0, 0, 0, 0, 100.235
~&SPILL_STATS,0, 0, 0, 0, 0, 16, 0, 0, 0, 0, 200.471
~&SPILL_STATS,0, 0, 0, 0, 0, 24, 0, 0, 0, 0, 300.706
~&SPILL_STATS,0, 0, 0, 0, 0, 32, 0, 0, 0, 0, 400.941
~&SPILL_STATS,42, 3, 0, 5, 9, 3, 325.059, 37.5882, 3.76471, 48.7941, 602.294
~&SPILL_STATS,0, 0, 0, 0, 0, 0, 0, 0, 0, 0, 0
~&SPILL_STATS,55, 12, 0, 30, 25, 0, 55, 12, 30, 25, 0
~&SPILL_STATS,5, 7, 0, 7, 1, 2, 5, 7, 7, 1, 2
~&SPILL_STATS,0, 0, 0, 0, 0, 0, 0, 0, 0, 0, 0
~&SPILL_STATS,3, 3, 0, 3, 6, 0, 3, 3, 3, 6, 0
~&SPILL_STATS,0, 0, 0, 0, 0, 0, 0, 0, 0, 0, 0
~&SPILL_STATS,0, 0, 0, 0, 0, 2, 0, 0, 0, 0, 2
~&SPILL_STATS,0, 0, 0, 0, 0, 0, 0, 0, 0, 0, 0
~&SPILL_STATS,0, 0, 0, 0, 0, 0, 0, 0, 0, 0, 0
~&SPILL_STATS,0, 0, 0, 0, 0, 2, 0, 0, 0, 0, 2
~&SPILL_STATS,88, 93, 0, 91, 0, 0, 88, 93, 91, 0, 0
~&SPILL_STATS,33, 22, 0, 13, 22, 7, 866.625, 485.125, 198.25, 639.5, 223.125
~&SPILL_STATS,0, 0, 0, 0, 0, 0, 0, 0, 0, 0, 0
~&SPILL_STATS,0, 0, 0, 0, 0, 0, 0, 0, 0, 0, 0
~&SPILL_STATS,11, 13, 0, 13, 15, 4, 11, 13, 13, 15, 4
~&SPILL_STATS,11, 15, 0, 15, 13, 4, 11, 15, 15, 13, 4
~&SPILL_STATS,0, 0, 0, 0, 0, 4, 0, 0, 0, 0, 127.5
~&SPILL_STATS,0, 0, 0, 0, 0, 0, 0, 0, 0, 0, 0
~&SPILL_STATS,0, 0, 0, 0, 0, 0, 0, 0, 0, 0, 0
~&SPILL_STATS,0, 0, 0, 0, 0, 0, 0, 0, 0, 0, 0
~&SPILL_STATS,0, 0, 0, 0, 0, 0, 0, 0, 0, 0, 0
~&SPILL_STATS,0, 0, 0, 0, 0, 0, 0, 0, 0, 0, 0
~&SPILL_STATS,0, 0, 0, 0, 0, 0, 0, 0, 0, 0, 0
~&SPILL_STATS,0, 0, 0, 0, 0, 0, 0, 0, 0, 0, 0
~&SPILL_STATS,0, 0, 0, 0, 0, 0, 0, 0, 0, 0, 0
~&SPILL_STATS,0, 0, 0, 0, 0, 0, 0, 0, 0, 0, 0
~&SPILL_STATS,0, 0, 0, 0, 0, 0, 0, 0, 0, 0, 0
~&SPILL_STATS,0, 0, 0, 0, 0, 0, 0, 0, 0, 0, 0
~&SPILL_STATS,0, 0, 0, 0, 0, 0, 0, 0, 0, 0, 0
~&SPILL_STATS,0, 0, 0, 0, 0, 0, 0, 0, 0, 0, 0
~&SPILL_STATS,0, 0, 0, 0, 0, 5, 0, 0, 0, 0, 79.875
~&SPILL_STATS,0, 0, 0, 0, 0, 0, 0, 0, 0, 0, 0
~&SPILL_STATS,0, 0, 0, 0, 0, 0, 0, 0, 0, 0, 0
~&SPILL_STATS,3, 1, 0, 1, 1, 13, 0.814815, 0.62963, 0.62963, 0.62963, 8.60494
~&SPILL_STATS,5, 2, 0, 2, 1, 6, 2.14706, 1, 1.5, 0.5, 1.56863
~&SPILL_STATS,5, 2, 0, 2, 7, 12, 89.9375, 51.875, 20.9375, 56.875, 144.062
~&SPILL_STATS,3, 1, 0, 1, 1, 10, 0.814815, 0.62963, 0.62963, 0.62963, 5.60494
~&SPILL_STATS,12, 2, 0, 3, 8, 18, 4.34356, 0.809816, 1.80982, 6.30675, 4.94479
~&SPILL_STATS,29, 14, 0, 9, 15, 6, 9309.12, 6846.5, 2240, 2369.5, 4383.25
~&SPILL_STATS,0, 0, 0, 0, 0, 0, 0, 0, 0, 0, 0
~&SPILL_STATS,0, 0, 0, 0, 0, 0, 0, 0, 0, 0, 0
~&SPILL_STATS,0, 0, 0, 0, 0, 0, 0, 0, 0, 0, 0
~&SPILL_STATS,0, 0, 0, 0, 0, 0, 0, 0, 0, 0, 0
~&SPILL_STATS,59, 6, 0, 22, 9, 3, 1695.38, 129.5, 423.375, 39.875, 95.625
~&SPILL_STATS,0, 0, 0, 0, 0, 0, 0, 0, 0, 0, 0
~&SPILL_STATS,0, 0, 0, 0, 0, 0, 0, 0, 0, 0, 0
~&SPILL_STATS,0, 0, 0, 0, 0, 0, 0, 0, 0, 0, 0
~&SPILL_STATS,0, 0, 0, 0, 0, 0, 0, 0, 0, 0, 0
~&SPILL_STATS,0, 0, 0, 0, 0, 0, 0, 0, 0, 0, 0
~&SPILL_STATS,0, 0, 0, 0, 0, 0, 0, 0, 0, 0, 0
~&SPILL_STATS,5, 3, 0, 6, 1, 0, 5, 3, 6, 1, 0
~&SPILL_STATS,20, 1, 0, 2, 18, 2, 421.375, 31.875, 2, 172.375, 2
~&SPILL_STATS,0, 0, 0, 0, 0, 0, 0, 0, 0, 0, 0
~&SPILL_STATS,0, 0, 0, 0, 0, 0, 0, 0, 0, 0, 0
~&SPILL_STATS,0, 0, 0, 0, 0, 0, 0, 0, 0, 0, 0
~&SPILL_STATS,0, 0, 0, 0, 0, 0, 0, 0, 0, 0, 0
~&SPILL_STATS,0, 0, 0, 0, 0, 0, 0, 0, 0, 0, 0
~&SPILL_STATS,0, 2, 0, 2, 0, 0, 0, 2, 2, 0, 0
~&SPILL_STATS,0, 0, 0, 0, 0, 0, 0, 0, 0, 0, 0
~&SPILL_STATS,5, 1, 0, 2, 0, 0, 5, 1, 2, 0, 0
~&SPILL_STATS,2, 0, 0, 1, 0, 0, 2, 0, 1, 0, 0
~&SPILL_STATS,23, 6, 0, 9, 1, 2, 23, 6, 9, 1, 2
~&SPILL_STATS,18, 7, 0, 10, 15, 2, 18, 7, 10, 15, 2
~&SPILL_STATS,14, 2, 0, 5, 0, 0, 14, 2, 5, 0, 0
~&SPILL_STATS,7, 4, 0, 2, 1, 1, 7, 4, 2, 1, 1
~&SPILL_STATS,0, 0, 0, 0, 0, 0, 0, 0, 0, 0, 0
~&SPILL_STATS,0, 0, 0, 0, 0, 0, 0, 0, 0, 0, 0
~&SPILL_STATS,0, 0, 0, 0, 0, 0, 0, 0, 0, 0, 0
~&SPILL_STATS,0, 0, 0, 0, 0, 1, 0, 0, 0, 0, 0.5
~&SPILL_STATS,0, 0, 0, 0, 0, 0, 0, 0, 0, 0, 0
~&SPILL_STATS,0, 0, 0, 0, 0, 0, 0, 0, 0, 0, 0
~&SPILL_STATS,0, 0, 0, 0, 0, 0, 0, 0, 0, 0, 0
~&SPILL_STATS,0, 0, 0, 0, 0, 0, 0, 0, 0, 0, 0
~&SPILL_STATS,0, 0, 0, 0, 0, 0, 0, 0, 0, 0, 0
~&SPILL_STATS,4, 2, 0, 3, 0, 0, 4, 2, 3, 0, 0
~&SPILL_STATS,7, 0, 0, 3, 1, 0, 7, 0, 3, 1, 0
~&SPILL_STATS,6, 2, 0, 5, 1, 0, 6, 2, 5, 1, 0
~&SPILL_STATS,1, 0, 0, 1, 0, 1, 1, 0, 1, 0, 1
~&SPILL_STATS,0, 0, 0, 0, 0, 0, 0, 0, 0, 0, 0
~&SPILL_STATS,0, 0, 0, 0, 0, 0, 0, 0, 0, 0, 0
~&SPILL_STATS,0, 0, 0, 0, 0, 0, 0, 0, 0, 0, 0
~&SPILL_STATS,0, 0, 0, 0, 0, 0, 0, 0, 0, 0, 0
~&SPILL_STATS,0, 0, 0, 0, 0, 0, 0, 0, 0, 0, 0
~&SPILL_STATS,0, 0, 0, 0, 0, 2, 0, 0, 0, 0, 31.9375
~&SPILL_STATS,0, 0, 0, 0, 0, 1, 0, 0, 0, 0, 16
~&SPILL_STATS,28, 5, 0, 31, 36, 12, 22.0476, 4.38095, 15.4286, 18.5238, 6
~&SPILL_STATS,0, 0, 0, 0, 0, 7, 0, 0, 0, 0, 2.66667
~&SPILL_STATS,0, 0, 0, 0, 0, 5, 0, 0, 0, 0, 4
~&SPILL_STATS,0, 2, 0, 1, 0, 4, 0, 1, 1, 0, 3
~&SPILL_STATS,0, 0, 0, 0, 0, 3, 0, 0, 0, 0, 3
~&SPILL_STATS,5, 4, 0, 3, 4, 6, 0.634921, 8.34921, 0.746032, 1.60317, 54.7619
~&SPILL_STATS,0, 0, 0, 0, 0, 2, 0, 0, 0, 0, 2.08941
~&SPILL_STATS,0, 0, 0, 0, 0, 2, 0, 0, 0, 0, 2.74306
~&SPILL_STATS,0, 0, 0, 0, 0, 2, 0, 0, 0, 0, 2.7437
~&SPILL_STATS,0, 0, 0, 0, 0, 0, 0, 0, 0, 0, 0
~&SPILL_STATS,0, 0, 0, 0, 0, 2, 0, 0, 0, 0, 16.8146
~&SPILL_STATS,0, 0, 0, 0, 0, 2, 0, 0, 0, 0, 16.453
~&SPILL_STATS,0, 0, 0, 0, 0, 2, 0, 0, 0, 0, 16.746
~&SPILL_STATS,3, 0, 0, 1, 1, 6, 1.72273, 0, 0.579545, 0.581818, 22.3386
~&SPILL_STATS,3, 0, 0, 1, 1, 6, 0.940447, 0, 0.316377, 0.317618, 27.8561
~&SPILL_STATS,3, 0, 0, 1, 1, 6, 0.922141, 0, 0.310219, 0.311436, 27.3333
~&SPILL_STATS,1, 9, 0, 5, 2, 7, 1, 3.79167, 4.25, 2, 3.5
~&SPILL_STATS,3, 6, 0, 4, 0, 7, 1.32283, 2.79528, 2.99213, 0, 4.77953
~&SPILL_STATS,3, 3, 0, 3, 0, 8, 0.232092, 0.567335, 0.507163, 0, 1.39542
~&SPILL_STATS,62, 74, 0, 53, 57, 31, 19.0886, 22.959, 10.1912, 8.07032, 7.67739
~&SPILL_STATS,24, 6, 0, 12, 3, 4, 10.6923, 2.38462, 6.76923, 1.07692, 1.72527
~&SPILL_STATS,0, 0, 0, 0, 0, 1, 0, 0, 0, 0, 1
~&SPILL_STATS,0, 2, 0, 1, 0, 6, 0, 2.10612, 0.24898, 0, 1.40816
~&SPILL_STATS,704, 119, 0, 226, 84, 23, 58.0125, 9.37578, 18.218, 5.92568, 2.325
~&SPILL_STATS,27, 7, 0, 24, 9, 1, 13.4176, 5.44506, 14.1648, 4.30769, 1
~&SPILL_STATS,0, 0, 0, 0, 0, 0, 0, 0, 0, 0, 0
~&SPILL_STATS,26, 39, 0, 37, 17, 7, 7.38871, 16.1724, 10.0345, 6.88715, 2.3605
~&SPILL_STATS,1, 11, 0, 3, 0, 9, 0.153846, 4.33791, 3, 0, 0.774725
~&SPILL_STATS,0, 0, 0, 0, 0, 0, 0, 0, 0, 0, 0
~&SPILL_STATS,0, 0, 0, 0, 0, 0, 0, 0, 0, 0, 0
~&SPILL_STATS,0, 0, 0, 0, 0, 1, 0, 0, 0, 0, 1
~&SPILL_STATS,9, 1, 0, 2, 7, 4, 51.6693, 0.0629921, 2, 22.1417, 26.1811
~&SPILL_STATS,0, 0, 0, 0, 0, 0, 0, 0, 0, 0, 0
~&SPILL_STATS,0, 1, 0, 1, 1, 0, 0, 0.333333, 1, 0.333333, 0
~&SPILL_STATS,0, 0, 0, 0, 0, 1, 0, 0, 0, 0, 1
~&SPILL_STATS,57, 31, 0, 21, 8, 66, 26.4676, 21.7387, 3.71306, 0.312576, 66.768
~&SPILL_STATS,0, 0, 0, 0, 0, 1, 0, 0, 0, 0, 1
~&SPILL_STATS,6, 13, 0, 14, 6, 8, 5.125, 384.25, 13.5, 5.5, 131.75
~&SPILL_STATS,0, 0, 0, 0, 0, 1, 0, 0, 0, 0, 1
~&SPILL_STATS,1, 0, 0, 1, 0, 1, 0.666667, 0, 1, 0, 1
~&SPILL_STATS,1, 0, 0, 1, 0, 1, 0.666667, 0, 1, 0, 1
~&SPILL_STATS,95, 22, 0, 20, 19, 15, 24106.8, 9176.77, 6200.8, 2701.23, 9577.16
~&SPILL_STATS,59, 14, 0, 15, 15, 5, 22851.5, 6329.94, 6885, 3270, 6426.41
~&SPILL_STATS,112, 15, 0, 39, 22, 19, 9115.25, 356.688, 1884.12, 119.75, 1328
~&SPILL_STATS,50, 3, 0, 7, 12, 7, 5511.75, 2080, 1160, 1389, 2688
~&SPILL_STATS,36, 16, 0, 12, 17, 12, 378.125, 1255, 106, 218.188, 775.5
~&SPILL_STATS,31, 14, 0, 13, 10, 4, 47.6437, 256.23, 3.1954, 12.2759, 235.356
~&SPILL_STATS,0, 0, 0, 0, 0, 0, 0, 0, 0, 0, 0
~&SPILL_STATS,0, 0, 0, 0, 0, 0, 0, 0, 0, 0, 0
~&SPILL_STATS,103, 13, 0, 44, 20, 4, 16237.3, 3115.08, 2293.08, 1096.08, 202.333
~&SPILL_STATS,98, 21, 0, 52, 26, 7, 8873.17, 214.571, 862.952, 40.8571, 365.929
~&SPILL_STATS,298, 146, 0, 103, 36, 71, 29.9845, 16.4487, 5.57555, 3.09106, 19.0767
~&SPILL_STATS,0, 0, 0, 0, 0, 0, 0, 0, 0, 0, 0
~&SPILL_STATS,0, 0, 0, 0, 0, 1, 0, 0, 0, 0, 1
~&SPILL_STATS,0, 0, 0, 0, 0, 1, 0, 0, 0, 0, 1
~&SPILL_STATS,0, 0, 0, 0, 0, 1, 0, 0, 0, 0, 1
~&SPILL_STATS,2, 3, 0, 4, 1, 5, 1.14706, 2.79412, 2.22549, 0.0784314, 15.1078
~&SPILL_STATS,0, 0, 0, 0, 0, 2, 0, 0, 0, 0, 42.5
~&SPILL_STATS,93, 67, 0, 11, 8, 5, 96.1937, 158.102, 6.92188, 30.2563, 48.9531
~&SPILL_STATS,0, 0, 0, 0, 0, 2, 0, 0, 0, 0, 31.875
~&SPILL_STATS,170, 98, 0, 46, 48, 28, 7331.81, 1562.99, 872.559, 59.6863, 914.186
~&SPILL_STATS,57, 15, 0, 32, 15, 5, 57, 15, 32, 15, 5
~&SPILL_STATS,44, 17, 0, 24, 25, 4, 44, 17, 24, 25, 4
~&SPILL_STATS,53, 7, 0, 22, 18, 0, 53, 7, 22, 18, 0
~&SPILL_STATS,47, 10, 0, 21, 11, 4, 47, 10, 21, 11, 4
~&SPILL_STATS,10, 6, 0, 7, 2, 0, 10, 6, 7, 2, 0
~&SPILL_STATS,19, 4, 0, 10, 2, 0, 19, 4, 10, 2, 0
~&SPILL_STATS,0, 0, 0, 0, 0, 0, 0, 0, 0, 0, 0
~&SPILL_STATS,0, 0, 0, 0, 0, 0, 0, 0, 0, 0, 0
~&SPILL_STATS,59, 13, 0, 37, 22, 12, 1764, 416, 719, 611, 384
~&SPILL_STATS,57, 10, 0, 29, 22, 19, 1700, 320, 463, 580, 608
~&SPILL_STATS,0, 0, 0, 0, 0, 0, 0, 0, 0, 0, 0
~&SPILL_STATS,11, 4, 0, 8, 2, 0, 10.2381, 4, 7.2381, 2, 0
~&SPILL_STATS,2, 0, 0, 1, 0, 1, 1.28, 0, 0.64, 0, 0.64
~&SPILL_STATS,1, 0, 0, 1, 0, 4, 1, 0, 1, 0, 3.25
~&SPILL_STATS,0, 0, 0, 0, 0, 1, 0, 0, 0, 0, 1
~&SPILL_STATS,0, 0, 0, 0, 0, 0, 0, 0, 0, 0, 0
~&SPILL_STATS,0, 0, 0, 0, 0, 2, 0, 0, 0, 0, 0.583333
~&SPILL_STATS,15, 2, 0, 7, 1, 0, 13.8125, 2, 7, 1, 0
~&SPILL_STATS,87, 20, 0, 18, 8, 3, 47.6126, 10.3135, 16.25, 5, 1.33333
~&SPILL_STATS,0, 0, 0, 0, 0, 0, 0, 0, 0, 0, 0
~&SPILL_STATS,0, 0, 0, 0, 0, 0, 0, 0, 0, 0, 0
~&SPILL_STATS,0, 0, 0, 0, 0, 0, 0, 0, 0, 0, 0
~&SPILL_STATS,87, 4, 0, 9, 1, 6, 75, 4, 9, 1, 6
~&SPILL_STATS,96, 20, 0, 19, 7, 3, 48.4824, 10.1468, 16.5833, 4.5, 1.19792
~&SPILL_STATS,0, 0, 0, 0, 0, 0, 0, 0, 0, 0, 0
~&SPILL_STATS,0, 0, 0, 0, 0, 1, 0, 0, 0, 0, 0.333333
~&SPILL_STATS,27, 15, 0, 14, 1, 4, 21.3076, 10.0811, 11.3125, 1, 2.80469
~&SPILL_STATS,0, 0, 0, 0, 0, 0, 0, 0, 0, 0, 0
~&SPILL_STATS,0, 0, 0, 0, 0, 1, 0, 0, 0, 0, 0.25
~&SPILL_STATS,78, 25, 0, 28, 14, 0, 128.263, 40.2438, 23.0417, 7.80443, 0
~&SPILL_STATS,221, 67, 0, 77, 62, 14, 5451.31, 951.295, 621.437, 282.304, 2123.78
~&SPILL_STATS,36, 12, 0, 15, 10, 0, 20.1022, 8.77224, 11.6094, 3.46589, 0
~&SPILL_STATS,235, 70, 0, 80, 48, 11, 2433.69, 1460.08, 841.033, 181.094, 323.046
~&SPILL_STATS,89, 33, 0, 34, 14, 6, 141.811, 50.2874, 42.625, 8.7211, 31.8333
~&SPILL_STATS,237, 84, 0, 86, 64, 25, 5009.83, 1096.49, 575.828, 215.54, 2453.21
~&SPILL_STATS,36, 15, 0, 15, 5, 4, 23.1495, 12.2874, 12.375, 2.51276, 5.16667
~&SPILL_STATS,232, 80, 0, 81, 51, 21, 2652.34, 1331.54, 754.909, 153.065, 517.042
~&SPILL_STATS,0, 0, 0, 0, 0, 0, 0, 0, 0, 0, 0
~&SPILL_STATS,0, 0, 0, 0, 0, 0, 0, 0, 0, 0, 0
~&SPILL_STATS,0, 0, 0, 0, 0, 0, 0, 0, 0, 0, 0
~&SPILL_STATS,31, 7, 0, 12, 6, 48, 386.512, 4.00586, 7.93945, 2.41797, 396
~&SPILL_STATS,0, 2, 0, 1, 0, 0, 0, 1.56863, 1, 0, 0
~&SPILL_STATS,13, 0, 0, 2, 0, 1, 4.06836, 0, 2, 0, 1
~&SPILL_STATS,6, 4, 0, 4, 8, 1, 1.83203, 1.87695, 1.57812, 1.78711, 1
~&SPILL_STATS,0, 0, 0, 0, 0, 6, 0, 0, 0, 0, 1.41176
~&SPILL_STATS,12, 24, 0, 3, 0, 25, 28.022, 56.044, 1.12088, 0, 90.8022
~&SPILL_STATS,0, 0, 0, 0, 0, 0, 0, 0, 0, 0, 0
~&SPILL_STATS,0, 0, 0, 0, 0, 4, 0, 0, 0, 0, 80.8421
~&SPILL_STATS,0, 0, 0, 0, 0, 1, 0, 0, 0, 0, 1
~&SPILL_STATS,52, 25, 0, 23, 22, 3, 337134, 117826, 99656, 36324, 65536
~&SPILL_STATS,8, 2, 0, 2, 8, 8, 42.2735, 4.08072, 2, 8.41256, 200.641
~&SPILL_STATS,18, 3, 0, 2, 9, 11, 111.716, 18.5864, 1.5, 5.83438, 156.041
~&SPILL_STATS,14, 13, 0, 9, 13, 5, 116831, 21919.4, 499.625, 7820.12, 211584
~&SPILL_STATS,118, 77, 0, 65, 55, 11, 2.31445e+07, 2.66569e+07, 1.00174e+06, 4.1391e+06, 1.06031e+07
~&SPILL_STATS,0, 0, 0, 0, 0, 0, 0, 0, 0, 0, 0
~&SPILL_STATS,0, 0, 0, 0, 0, 0, 0, 0, 0, 0, 0
~&SPILL_STATS,0, 0, 0, 0, 0, 0, 0, 0, 0, 0, 0
~&SPILL_STATS,20, 4, 0, 10, 2, 4, 18.0882, 4, 9.23529, 2, 4
~&SPILL_STATS,0, 0, 0, 0, 0, 18, 0, 0, 0, 0, 10
~&SPILL_STATS,46, 23, 0, 18, 14, 9, 11495.8, 1190, 370.765, 563.662, 15743.5
~&SPILL_STATS,47, 11, 0, 17, 8, 4, 52.353, 34.5686, 10.6863, 4.15686, 13.3333
~&SPILL_STATS,29, 3, 0, 13, 7, 3, 148.248, 20.9725, 36.8716, 13.5963, 11.4771
~&SPILL_STATS,53, 21, 0, 15, 8, 2, 69798.1, 88858.7, 15465.8, 2860.43, 14076.4
~&SPILL_STATS,56, 40, 0, 28, 17, 12, 43.2093, 49.1244, 9.74902, 15.987, 19.2741
~&SPILL_STATS,208, 63, 0, 80, 76, 6, 573747, 164162, 126427, 131557, 19585
~&SPILL_STATS,157, 61, 0, 56, 33, 5, 443271, 125602, 73542.7, 37101, 19201
~&SPILL_STATS,52, 37, 0, 24, 21, 8, 6861.3, 4189.07, 3259.22, 1179.89, 1227.99
~&SPILL_STATS,59, 19, 0, 28, 33, 3, 5180.67, 1033.91, 1119.71, 2039.81, 1201.78
~&SPILL_STATS,140, 34, 0, 61, 33, 14, 2281.59, 511.125, 89, 89.375, 453.531
~&SPILL_STATS,7, 2, 0, 4, 0, 6, 81.6875, 16.9375, 3, 0, 72.1875
~&SPILL_STATS,2, 3, 0, 2, 0, 1, 1.3, 2.25, 2, 0, 10.225
~&SPILL_STATS,79, 19, 0, 13, 12, 16, 164.453, 39.4219, 10.2188, 16.8594, 75.625
~&SPILL_STATS,0, 0, 0, 0, 0, 0, 0, 0, 0, 0, 0
~&SPILL_STATS,0, 0, 0, 0, 0, 0, 0, 0, 0, 0, 0
~&SPILL_STATS,0, 0, 0, 0, 0, 0, 0, 0, 0, 0, 0
~&SPILL_STATS,0, 0, 0, 0, 0, 0, 0, 0, 0, 0, 0
~&SPILL_STATS,0, 0, 0, 0, 0, 2, 0, 0, 0, 0, 0.695652
~&SPILL_STATS,0, 0, 0, 0, 0, 0, 0, 0, 0, 0, 0
~&SPILL_STATS,0, 0, 0, 0, 0, 2, 0, 0, 0, 0, 2
~&SPILL_STATS,0, 0, 0, 0, 0, 0, 0, 0, 0, 0, 0
~&SPILL_STATS,0, 0, 0, 0, 0, 0, 0, 0, 0, 0, 0
~&SPILL_STATS,0, 0, 0, 0, 0, 2, 0, 0, 0, 0, 25.0588
~&SPILL_STATS,20, 5, 0, 8, 5, 3, 69.72, 40.12, 22.36, 21.8, 38.28
~&SPILL_STATS,285, 157, 0, 105, 69, 24, 19953.8, 10452.9, 5099.77, 1982.7, 1118.07
~&SPILL_STATS,0, 0, 0, 0, 0, 2, 0, 0, 0, 0, 15.9375
~&SPILL_STATS,0, 0, 0, 0, 0, 0, 0, 0, 0, 0, 0
~&SPILL_STATS,0, 0, 0, 0, 0, 1, 0, 0, 0, 0, 0.380952
~&SPILL_STATS,277, 84, 0, 89, 51, 4, 1.65089e+07, 1.48156e+07, 2.95444e+06, 2.66938e+06, 819264
~&SPILL_STATS,355, 15, 0, 366, 11, 39, 1593.19, 56.4762, 1037.14, 72.6667, 334.81
~&SPILL_STATS,154, 40, 0, 66, 32, 10, 1816.45, 643.667, 90.8431, 130.216, 242
~&SPILL_STATS,229, 65, 0, 101, 17, 1, 15.6637, 6.08984, 8.46719, 1.25234, 1
~&SPILL_STATS,0, 0, 0, 0, 0, 2, 0, 0, 0, 0, 2
~&SPILL_STATS,0, 0, 0, 0, 0, 0, 0, 0, 0, 0, 0
~&SPILL_STATS,0, 0, 0, 0, 0, 0, 0, 0, 0, 0, 0
~&SPILL_STATS,0, 0, 0, 0, 0, 0, 0, 0, 0, 0, 0
~&SPILL_STATS,0, 0, 0, 0, 0, 0, 0, 0, 0, 0, 0
~&SPILL_STATS,0, 0, 0, 0, 0, 0, 0, 0, 0, 0, 0
~&SPILL_STATS,0, 0, 0, 0, 0, 0, 0, 0, 0, 0, 0
~&SPILL_STATS,3, 3, 0, 2, 1, 6, 2.19048, 1.5, 2, 0.5, 4.7381
~&SPILL_STATS,0, 0, 0, 0, 0, 1, 0, 0, 0, 0, 0.380952
~&SPILL_STATS,0, 0, 0, 0, 0, 2, 0, 0, 0, 0, 2
~&SPILL_STATS,0, 0, 0, 0, 0, 0, 0, 0, 0, 0, 0
~&SPILL_STATS,0, 0, 0, 0, 0, 18, 0, 0, 0, 0, 1585.14
~&SPILL_STATS,0, 0, 0, 0, 0, 1, 0, 0, 0, 0, 1
~&SPILL_STATS,2, 0, 0, 2, 0, 2, 3.41912, 0, 0.235294, 0, 3.42647
~&SPILL_STATS,0, 0, 0, 0, 0, 2, 0, 0, 0, 0, 1.35294
~&SPILL_STATS,0, 0, 0, 0, 0, 0, 0, 0, 0, 0, 0
~&SPILL_STATS,0, 0, 0, 0, 0, 0, 0, 0, 0, 0, 0
~&SPILL_STATS,0, 0, 0, 0, 0, 0, 0, 0, 0, 0, 0
~&SPILL_STATS,0, 0, 0, 0, 0, 2, 0, 0, 0, 0, 2
~&SPILL_STATS,4, 0, 0, 3, 0, 1, 4, 0, 3, 0, 1
~&SPILL_STATS,24, 21, 0, 11, 21, 18, 7842.92, 4763.95, 331.997, 931.241, 15044.2
~&SPILL_STATS,0, 0, 0, 0, 0, 1, 0, 0, 0, 0, 1
~&SPILL_STATS,0, 0, 0, 0, 0, 1, 0, 0, 0, 0, 1
~&SPILL_STATS,0, 0, 0, 0, 0, 2, 0, 0, 0, 0, 2
~&SPILL_STATS,0, 0, 0, 0, 0, 2, 0, 0, 0, 0, 2
~&SPILL_STATS,0, 0, 0, 0, 0, 1, 0, 0, 0, 0, 1
~&SPILL_STATS,0, 0, 0, 0, 0, 0, 0, 0, 0, 0, 0
~&SPILL_STATS,0, 0, 0, 0, 0, 1, 0, 0, 0, 0, 1
~&SPILL_STATS,0, 0, 0, 0, 0, 1, 0, 0, 0, 0, 1
~&SPILL_STATS,0, 0, 0, 0, 0, 1, 0, 0, 0, 0, 1
~&SPILL_STATS,0, 0, 0, 0, 0, 3, 0, 0, 0, 0, 3
~&SPILL_STATS,3, 5, 0, 5, 3, 8, 8.81379, 1.17931, 1.44828, 0.268966, 10.8897
~&SPILL_STATS,0, 0, 0, 0, 0, 1, 0, 0, 0, 0, 1
~&SPILL_STATS,0, 0, 0, 0, 0, 1, 0, 0, 0, 0, 1
~&SPILL_STATS,109, 85, 0, 42, 30, 31, 52.8511, 79.6163, 8.34861, 5.22056, 40.0002
~&SPILL_STATS,3, 16, 0, 2, 6, 10, 3, 1639, 2, 49.5, 3121
~&SPILL_STATS,0, 1, 0, 1, 0, 2, 0, 0.285714, 0.380952, 0, 1.38095
~&SPILL_STATS,0, 0, 0, 0, 0, 0, 0, 0, 0, 0, 0
~&SPILL_STATS,2, 4, 0, 2, 6, 4, 31.875, 607.75, 1, 33.875, 1087.75
~&SPILL_STATS,0, 0, 0, 0, 0, 0, 0, 0, 0, 0, 0
~&SPILL_STATS,0, 0, 0, 0, 0, 0, 0, 0, 0, 0, 0
~&SPILL_STATS,0, 0, 0, 0, 0, 0, 0, 0, 0, 0, 0
~&SPILL_STATS,0, 0, 0, 0, 0, 1, 0, 0, 0, 0, 21.25
~&SPILL_STATS,11, 3, 0, 3, 6, 1, 7.95238, 2.47619, 2.61905, 3.85714, 1
~&SPILL_STATS,2, 1, 0, 1, 0, 2, 20.9988, 1, 1, 0, 39.9976
~&SPILL_STATS,0, 2, 0, 1, 0, 1, 0, 22.25, 1, 0, 21.25
~&SPILL_STATS,0, 0, 0, 0, 0, 4, 0, 0, 0, 0, 35
~&SPILL_STATS,1, 3, 0, 4, 3, 8, 0.392857, 14.3214, 2.01786, 1.39286, 54.0893
~&SPILL_STATS,0, 0, 0, 0, 0, 0, 0, 0, 0, 0, 0
~&SPILL_STATS,0, 0, 0, 0, 0, 0, 0, 0, 0, 0, 0
~&SPILL_STATS,0, 0, 0, 0, 0, 5, 0, 0, 0, 0, 15.1176
~&SPILL_STATS,0, 0, 0, 0, 0, 4, 0, 0, 0, 0, 17.7143
~&SPILL_STATS,0, 0, 0, 0, 0, 10, 0, 0, 0, 0, 9.47059
~&SPILL_STATS,0, 0, 0, 0, 0, 6, 0, 0, 0, 0, 8.46364
~&SPILL_STATS,0, 0, 0, 0, 0, 4, 0, 0, 0, 0, 4.01695
~&SPILL_STATS,15, 1, 0, 3, 0, 8, 8.42773, 0.625, 1.875, 0, 39.4531
~&SPILL_STATS,0, 0, 0, 0, 0, 1, 0, 0, 0, 0, 1
~&SPILL_STATS,0, 0, 0, 0, 0, 0, 0, 0, 0, 0, 0
~&SPILL_STATS,0, 0, 0, 0, 0, 0, 0, 0, 0, 0, 0
~&SPILL_STATS,0, 0, 0, 0, 0, 0, 0, 0, 0, 0, 0
~&SPILL_STATS,100, 17, 0, 30, 22, 9, 116363, 711.952, 2808, 1004.35, 11893.4
~&SPILL_STATS,15, 30, 0, 4, 3, 15, 176.082, 359.914, 1.125, 4.25, 290
~&SPILL_STATS,117, 40, 0, 28, 27, 24, 727.823, 412.434, 89.2045, 64.4963, 1049.72
~&SPILL_STATS,76, 4, 0, 3, 0, 15, 62.7019, 1.05495, 3, 0, 57.3407
~&SPILL_STATS,15, 2, 0, 7, 6, 4, 12.19, 7.02369, 9.53366, 7.79352, 9.09576
~&SPILL_STATS,0, 0, 0, 0, 0, 0, 0, 0, 0, 0, 0
~&SPILL_STATS,130, 58, 0, 43, 18, 10, 561.955, 434.785, 99.6219, 79.7827, 32.8678
~&SPILL_STATS,48, 29, 0, 29, 47, 28, 233.266, 294.027, 15.2661, 90.9083, 427.422
~&SPILL_STATS,21, 9, 0, 19, 7, 4, 1476.94, 658.677, 838.206, 26.9706, 403.529
~&SPILL_STATS,0, 0, 0, 0, 0, 2, 0, 0, 0, 0, 1.38095
~&SPILL_STATS,52, 40, 0, 34, 18, 12, 28935.6, 12557.9, 15948.5, 534.93, 7618.45
~&SPILL_STATS,0, 4, 0, 1, 0, 0, 0, 2.34118, 1, 0, 0
~&SPILL_STATS,37, 26, 0, 21, 16, 23, 168.745, 869.372, 10.3431, 45.6961, 1184.22
~&SPILL_STATS,0, 4, 0, 2, 0, 0, 0, 2.47619, 1.2381, 0, 0
~&SPILL_STATS,0, 0, 0, 0, 0, 0, 0, 0, 0, 0, 0
~&SPILL_STATS,0, 0, 0, 0, 0, 1, 0, 0, 0, 0, 1
~&SPILL_STATS,81, 9, 0, 18, 14, 21, 12.1667, 3.33333, 6.20833, 2.66667, 3.83333
~&SPILL_STATS,0, 0, 0, 0, 0, 0, 0, 0, 0, 0, 0
~&SPILL_STATS,0, 0, 0, 0, 0, 1, 0, 0, 0, 0, 0.617647
~&SPILL_STATS,0, 0, 0, 0, 0, 4, 0, 0, 0, 0, 7.63415
~&SPILL_STATS,0, 0, 0, 0, 0, 2, 0, 0, 0, 0, 7.21951
~&SPILL_STATS,0, 0, 0, 0, 0, 0, 0, 0, 0, 0, 0
~&SPILL_STATS,0, 0, 0, 0, 0, 7, 0, 0, 0, 0, 15.9889
~&SPILL_STATS,0, 2, 0, 2, 0, 6, 0, 8.71601, 1.25, 0, 26.683
~&SPILL_STATS,0, 0, 0, 0, 0, 3, 0, 0, 0, 0, 3
~&SPILL_STATS,0, 0, 0, 0, 0, 0, 0, 0, 0, 0, 0
~&SPILL_STATS,0, 0, 0, 0, 0, 0, 0, 0, 0, 0, 0
~&SPILL_STATS,0, 0, 0, 0, 0, 0, 0, 0, 0, 0, 0
~&SPILL_STATS,19, 8, 0, 17, 8, 2, 1007, 473.2, 42.5, 27.9, 409.5
~&SPILL_STATS,27, 12, 0, 19, 16, 4, 924.55, 611.85, 42.85, 41.8, 210.85
~&SPILL_STATS,0, 0, 0, 0, 0, 0, 0, 0, 0, 0, 0
~&SPILL_STATS,1, 11, 0, 5, 0, 10, 0.0135304, 2.69275, 2.01353, 0, 11.4265
~&SPILL_STATS,0, 0, 0, 0, 0, 5, 0, 0, 0, 0, 1.2522
~&SPILL_STATS,13, 2, 0, 11, 2, 19, 1.36422, 1.11651, 1.98716, 0.0302752, 1.69541
~&SPILL_STATS,0, 0, 0, 0, 0, 0, 0, 0, 0, 0, 0
~&SPILL_STATS,113, 12, 0, 8, 0, 2, 143.627, 18.0035, 32.4243, 0, 27.5
~&SPILL_STATS,181, 47, 0, 42, 46, 29, 1.90089e+07, 3.48426e+06, 2.65139e+06, 764368, 1.653e+06
~&SPILL_STATS,70, 23, 0, 16, 9, 6, 43262.5, 19381.9, 14536.9, 933.75, 8085
~&SPILL_STATS,0, 0, 0, 0, 0, 0, 0, 0, 0, 0, 0
~&SPILL_STATS,19, 2, 0, 7, 5, 16, 256.5, 16.4375, 19.4375, 17.9375, 127
~&SPILL_STATS,208, 119, 0, 82, 54, 52, 5292.93, 1803.7, 215.958, 890.132, 2228.04
~&SPILL_STATS,0, 0, 0, 0, 0, 0, 0, 0, 0, 0, 0
~&SPILL_STATS,0, 0, 0, 0, 0, 0, 0, 0, 0, 0, 0
~&SPILL_STATS,0, 0, 0, 0, 0, 1, 0, 0, 0, 0, 1
~&SPILL_STATS,0, 0, 0, 0, 0, 1, 0, 0, 0, 0, 1
~&SPILL_STATS,0, 0, 0, 0, 0, 0, 0, 0, 0, 0, 0
~&SPILL_STATS,0, 0, 0, 0, 0, 4, 0, 0, 0, 0, 19.5
~&SPILL_STATS,539, 90, 0, 174, 70, 22, 47.2094, 6.77832, 13.5547, 4.79297, 2.225
~&SPILL_STATS,27, 7, 0, 24, 9, 1, 13.4176, 5.44506, 14.1648, 4.30769, 1
~&SPILL_STATS,0, 0, 0, 0, 0, 0, 0, 0, 0, 0, 0
~&SPILL_STATS,28, 8, 0, 19, 0, 0, 28, 8, 19, 0, 0
~&SPILL_STATS,180, 10, 0, 54, 10, 0, 104.667, 3.33333, 22.6667, 3.33333, 0
~&SPILL_STATS,278, 2, 0, 86, 2, 4, 868, 64, 189, 11.6667, 54.3333
~&SPILL_STATS,193, 13, 0, 42, 29, 4, 1108.5, 21, 117.333, 39.375, 64
~&SPILL_STATS,53, 37, 0, 15, 32, 26, 1587.58, 671.586, 15.5625, 116.25, 1133.83
~&SPILL_STATS,16, 0, 0, 1, 0, 0, 16, 0, 1, 0, 0
~&SPILL_STATS,109, 45, 0, 20, 10, 34, 1068, 220, 79, 37, 553
~&SPILL_STATS,161, 21, 0, 22, 41, 40, 377894, 40670.9, 8766.11, 16279, 132308
~&SPILL_STATS,6, 0, 0, 1, 0, 0, 2.76471, 0, 1, 0, 0
~&SPILL_STATS,0, 0, 0, 0, 0, 0, 0, 0, 0, 0, 0
~&SPILL_STATS,0, 0, 0, 0, 0, 0, 0, 0, 0, 0, 0
~&SPILL_STATS,118, 27, 0, 37, 23, 3, 913.811, 176.344, 87.2787, 48.0082, 65.4508
~&SPILL_STATS,7, 6, 0, 11, 3, 0, 2.56, 31.56, 5.44, 0.96, 0
~&SPILL_STATS,0, 0, 0, 0, 0, 0, 0, 0, 0, 0, 0
~&SPILL_STATS,0, 0, 0, 0, 0, 0, 0, 0, 0, 0, 0
~&SPILL_STATS,0, 0, 0, 0, 0, 1, 0, 0, 0, 0, 1
~&SPILL_STATS,0, 0, 0, 0, 0, 0, 0, 0, 0, 0, 0
~&SPILL_STATS,0, 0, 0, 0, 0, 0, 0, 0, 0, 0, 0
~&SPILL_STATS,0, 0, 0, 0, 0, 0, 0, 0, 0, 0, 0
~&SPILL_STATS,0, 0, 0, 0, 0, 0, 0, 0, 0, 0, 0
~&SPILL_STATS,0, 0, 0, 0, 0, 0, 0, 0, 0, 0, 0
~&SPILL_STATS,0, 0, 0, 0, 0, 0, 0, 0, 0, 0, 0
~&SPILL_STATS,0, 0, 0, 0, 0, 0, 0, 0, 0, 0, 0
~&SPILL_STATS,0, 0, 0, 0, 0, 3, 0, 0, 0, 0, 30.6847
~&SPILL_STATS,0, 0, 0, 0, 0, 0, 0, 0, 0, 0, 0
~&SPILL_STATS,61, 40, 0, 32, 9, 0, 1.92105, 1.83543, 1.89084, 0.968609, 0
~&SPILL_STATS,62, 38, 0, 28, 6, 0, 1.74911, 1.71511, 1.70269, 0.333489, 0
~&SPILL_STATS,128, 93, 0, 52, 27, 62, 1960.97, 1163.81, 611.232, 178.821, 1214.58
~&SPILL_STATS,178, 84, 0, 63, 29, 58, 1565.21, 949.364, 342.728, 139.861, 1227.71
~&SPILL_STATS,31, 20, 0, 19, 9, 5, 31.5696, 39.3544, 20.8987, 1.94937, 25.6329
~&SPILL_STATS,24, 19, 0, 18, 7, 6, 10.7753, 34.6067, 14.1348, 1.8764, 27.3483
~&SPILL_STATS,0, 0, 0, 0, 0, 3, 0, 0, 0, 0, 3
~&SPILL_STATS,0, 0, 0, 0, 0, 0, 0, 0, 0, 0, 0
~&SPILL_STATS,112, 25, 0, 35, 21, 7, 21.975, 40.4625, 5.41563, 3.225, 20.8
~&SPILL_STATS,307, 391, 0, 6, 16, 16, 2630.67, 2734.58, 35.9583, 131.833, 255.667
~&SPILL_STATS,0, 0, 0, 0, 0, 1, 0, 0, 0, 0, 1
~&SPILL_STATS,0, 0, 0, 0, 0, 0, 0, 0, 0, 0, 0
~&SPILL_STATS,0, 0, 0, 0, 0, 0, 0, 0, 0, 0, 0
~&SPILL_STATS,3, 0, 0, 3, 0, 9, 8.4428, 0, 0.624097, 0, 8.3721
~&SPILL_STATS,0, 0, 0, 0, 0, 1, 0, 0, 0, 0, 0.380952
~&SPILL_STATS,0, 0, 0, 0, 0, 0, 0, 0, 0, 0, 0
~&SPILL_STATS,0, 0, 0, 0, 0, 0, 0, 0, 0, 0, 0
~&SPILL_STATS,0, 0, 0, 0, 0, 8, 0, 0, 0, 0, 2.82887
~&SPILL_STATS,2, 2, 0, 0, 4, 6, 2.14286, 10.625, 0, 3.08036, 100.605
~&SPILL_STATS,0, 0, 0, 0, 0, 0, 0, 0, 0, 0, 0
~&SPILL_STATS,0, 4, 0, 2, 0, 0, 0, 5.91667, 3.66667, 0, 0
~&SPILL_STATS,0, 0, 0, 0, 0, 1, 0, 0, 0, 0, 1
~&SPILL_STATS,161, 41, 0, 80, 15, 1, 10.9855, 3.62812, 6.01602, 0.931055, 1
~&SPILL_STATS,0, 0, 0, 0, 0, 0, 0, 0, 0, 0, 0
~&SPILL_STATS,0, 0, 0, 0, 0, 2, 0, 0, 0, 0, 2
~&SPILL_STATS,0, 0, 0, 0, 0, 0, 0, 0, 0, 0, 0
~&SPILL_STATS,0, 0, 0, 0, 0, 2, 0, 0, 0, 0, 2
~&SPILL_STATS,0, 0, 0, 0, 0, 0, 0, 0, 0, 0, 0
~&SPILL_STATS,0, 0, 0, 0, 0, 2, 0, 0, 0, 0, 2
~&SPILL_STATS,0, 0, 0, 0, 0, 0, 0, 0, 0, 0, 0
~&SPILL_STATS,4, 0, 0, 2, 0, 5, 0.82069, 0, 0.386207, 0, 0.868966
~&SPILL_STATS,0, 0, 0, 0, 0, 0, 0, 0, 0, 0, 0
~&SPILL_STATS,0, 0, 0, 0, 0, 0, 0, 0, 0, 0, 0
~&SPILL_STATS,9, 3, 0, 6, 2, 7, 62.0294, 30.0882, 31.2941, 0.588235, 41
~&SPILL_STATS,9, 3, 0, 6, 2, 7, 63.12, 30.6, 31.88, 0.64, 41.76
~&SPILL_STATS,0, 0, 0, 0, 0, 2, 0, 0, 0, 0, 0.192661
~&SPILL_STATS,9, 0, 0, 2, 2, 15, 6.32941, 0, 1.49412, 4.35294, 73.6588
~&SPILL_STATS,9, 0, 0, 2, 2, 15, 5.89412, 0, 1.49412, 3.91765, 73.6588
~&SPILL_STATS,0, 0, 0, 0, 0, 0, 0, 0, 0, 0, 0
~&SPILL_STATS,45, 35, 0, 20, 6, 17, 164.973, 13.2966, 9.29052, 2.03976, 40.4618
~&SPILL_STATS,0, 0, 0, 0, 0, 0, 0, 0, 0, 0, 0
~&SPILL_STATS,0, 0, 0, 0, 0, 0, 0, 0, 0, 0, 0
~&SPILL_STATS,0, 0, 0, 0, 0, 0, 0, 0, 0, 0, 0
~&SPILL_STATS,0, 0, 0, 0, 0, 0, 0, 0, 0, 0, 0
~&SPILL_STATS,113, 90, 0, 39, 34, 36, 283.749, 61.2844, 20.3914, 20.6697, 104.031
~&SPILL_STATS,0, 0, 0, 0, 0, 0, 0, 0, 0, 0, 0
~&SPILL_STATS,0, 0, 0, 0, 0, 0, 0, 0, 0, 0, 0
~&SPILL_STATS,0, 0, 0, 0, 0, 0, 0, 0, 0, 0, 0
~&SPILL_STATS,0, 0, 0, 0, 0, 0, 0, 0, 0, 0, 0
~&SPILL_STATS,178, 128, 0, 57, 40, 50, 153.595, 25.9634, 10.765, 5.09219, 52.5684
~&SPILL_STATS,92, 22, 0, 34, 31, 29, 533.147, 177.136, 42.7924, 77.5399, 440.386
~&SPILL_STATS,0, 0, 0, 0, 0, 0, 0, 0, 0, 0, 0
~&SPILL_STATS,2, 4, 0, 3, 2, 4, 1.49453, 16.825, 1.89162, 1.17707, 2.89162
~&SPILL_STATS,2, 6, 0, 3, 2, 3, 1.49453, 18.45, 1.89162, 1.17707, 1.89162
~&SPILL_STATS,0, 2, 0, 1, 0, 5, 0, 34.5, 21.25, 0, 81.9167
~&SPILL_STATS,13, 51, 0, 9, 10, 13, 835.347, 1321.26, 716.5, 431.944, 1225.75
~&SPILL_STATS,0, 0, 0, 0, 0, 0, 0, 0, 0, 0, 0
~&SPILL_STATS,0, 0, 0, 0, 0, 0, 0, 0, 0, 0, 0
~&SPILL_STATS,0, 0, 0, 0, 0, 0, 0, 0, 0, 0, 0
~&SPILL_STATS,16, 41, 0, 9, 11, 13, 416.105, 668.567, 354.706, 215.071, 610.643
~&SPILL_STATS,0, 0, 0, 0, 0, 0, 0, 0, 0, 0, 0
~&SPILL_STATS,0, 0, 0, 0, 0, 0, 0, 0, 0, 0, 0
~&SPILL_STATS,0, 0, 0, 0, 0, 0, 0, 0, 0, 0, 0
~&SPILL_STATS,0, 0, 0, 0, 0, 0, 0, 0, 0, 0, 0
~&SPILL_STATS,0, 0, 0, 0, 0, 1, 0, 0, 0, 0, 31.875
~&SPILL_STATS,0, 0, 0, 0, 0, 0, 0, 0, 0, 0, 0
~&SPILL_STATS,0, 0, 0, 0, 0, 3, 0, 0, 0, 0, 3
~&SPILL_STATS,0, 0, 0, 0, 0, 2, 0, 0, 0, 0, 2
~&SPILL_STATS,9, 2, 0, 2, 0, 1, 6.52632, 2, 2, 0, 1
~&SPILL_STATS,0, 0, 0, 0, 0, 3, 0, 0, 0, 0, 3
~&SPILL_STATS,4, 2, 0, 3, 3, 1, 3.11765, 1.76471, 2.23529, 2.76471, 0.235294
~&SPILL_STATS,2, 2, 0, 2, 1, 1, 1.62519, 1.62519, 1.62519, 1, 0.625191
~&SPILL_STATS,0, 0, 0, 0, 0, 0, 0, 0, 0, 0, 0
~&SPILL_STATS,5, 0, 0, 1, 0, 0, 5, 0, 1, 0, 0
~&SPILL_STATS,31, 17, 0, 6, 6, 44, 9761.18, 217.353, 340.382, 179.912, 10317.7
~&SPILL_STATS,0, 0, 0, 0, 0, 4, 0, 0, 0, 0, 2.85714
~&SPILL_STATS,0, 0, 0, 0, 0, 3, 0, 0, 0, 0, 63.75
~&SPILL_STATS,21, 14, 0, 1, 5, 14, 810.971, 47.9118, 1, 41.9706, 1179.06
~&SPILL_STATS,0, 0, 0, 0, 0, 2, 0, 0, 0, 0, 20.4
~&SPILL_STATS,14, 1, 0, 2, 3, 21, 373.692, 6.01923, 12.0385, 6.36538, 721.019
~&SPILL_STATS,0, 0, 0, 0, 0, 0, 0, 0, 0, 0, 0
~&SPILL_STATS,0, 0, 0, 0, 0, 0, 0, 0, 0, 0, 0
~&SPILL_STATS,0, 0, 0, 0, 0, 0, 0, 0, 0, 0, 0
~&SPILL_STATS,30, 21, 0, 21, 33, 20, 43.2812, 268.469, 9.21875, 110.281, 361.75
~&SPILL_STATS,44, 26, 0, 30, 23, 14, 427.453, 245.152, 17.3047, 22.9219, 337.25
~&SPILL_STATS,42, 19, 0, 16, 32, 14, 648.214, 571.625, 14.3623, 30.9463, 413.625
~&SPILL_STATS,7, 3, 0, 2, 6, 3, 40.05, 249.45, 0.8, 27.1, 527.85
~&SPILL_STATS,0, 0, 0, 0, 0, 2, 0, 0, 0, 0, 1.61765
~&SPILL_STATS,0, 0, 0, 0, 0, 0, 0, 0, 0, 0, 0
~&SPILL_STATS,40, 54, 0, 36, 8, 5, 64.0184, 115.284, 36.1101, 9.3211, 5.06422
~&SPILL_STATS,92, 51, 0, 34, 40, 19, 280.265, 1189.26, 13.1078, 79.0784, 1513.46
~&SPILL_STATS,3, 1, 0, 2, 2, 2, 1.75, 0.5, 1.5, 1.5, 15.9375
~&SPILL_STATS,0, 0, 0, 0, 0, 0, 0, 0, 0, 0, 0
~&SPILL_STATS,0, 0, 0, 0, 0, 0, 0, 0, 0, 0, 0
~&SPILL_STATS,3, 3, 0, 4, 6, 4, 2.25, 16.4375, 2.75, 3.75, 17.9375
~&SPILL_STATS,2, 3, 0, 3, 5, 4, 1.25, 16.4375, 1.75, 2.75, 17.9375
~&SPILL_STATS,0, 0, 0, 0, 0, 0, 0, 0, 0, 0, 0
~&SPILL_STATS,0, 0, 0, 0, 0, 0, 0, 0, 0, 0, 0
~&SPILL_STATS,3, 3, 0, 4, 6, 4, 2.25, 16.4375, 2.75, 3.75, 17.9375
~&SPILL_STATS,3, 6, 0, 5, 7, 5, 2.5, 37.375, 4, 3.5625, 27.9062
~&SPILL_STATS,0, 0, 0, 0, 0, 0, 0, 0, 0, 0, 0
~&SPILL_STATS,0, 0, 0, 0, 0, 0, 0, 0, 0, 0, 0
~&SPILL_STATS,1, 3, 0, 2, 4, 4, 0.25, 16.4375, 0.75, 1.75, 17.9375
~&SPILL_STATS,3, 6, 0, 5, 7, 5, 2.5, 37.375, 4, 3.5625, 27.9062
~&SPILL_STATS,13, 14, 0, 12, 15, 9, 48.2188, 76.25, 9.375, 7.625, 54.8125
~&SPILL_STATS,3, 6, 0, 5, 7, 5, 2.5, 37.375, 4, 3.5625, 27.9062
~&SPILL_STATS,0, 0, 0, 0, 0, 0, 0, 0, 0, 0, 0
~&SPILL_STATS,0, 0, 0, 0, 0, 0, 0, 0, 0, 0, 0
~&SPILL_STATS,0, 0, 0, 0, 0, 0, 0, 0, 0, 0, 0
~&SPILL_STATS,0, 0, 0, 0, 0, 0, 0, 0, 0, 0, 0
~&SPILL_STATS,1, 4, 0, 2, 5, 5, 0.5, 26.4062, 1, 2.25, 27.9062
~&SPILL_STATS,3, 6, 0, 5, 7, 5, 2.5, 37.375, 4, 3.5625, 27.9062
~&SPILL_STATS,1, 4, 0, 2, 5, 5, 0.5, 26.4062, 1, 2.25, 27.9062
~&SPILL_STATS,3, 6, 0, 5, 7, 5, 2.5, 37.375, 4, 3.5625, 27.9062
~&SPILL_STATS,13, 14, 0, 12, 15, 9, 48.2188, 76.25, 9.375, 7.625, 54.8125
~&SPILL_STATS,3, 6, 0, 5, 7, 5, 2.5, 37.375, 4, 3.5625, 27.9062
~&SPILL_STATS,13, 14, 0, 12, 15, 9, 48.2188, 76.25, 9.375, 7.625, 54.8125
~&SPILL_STATS,3, 6, 0, 5, 7, 5, 2.5, 37.375, 4, 3.5625, 27.9062
~&SPILL_STATS,0, 0, 0, 0, 0, 0, 0, 0, 0, 0, 0
~&SPILL_STATS,0, 0, 0, 0, 0, 0, 0, 0, 0, 0, 0
~&SPILL_STATS,0, 0, 0, 0, 0, 0, 0, 0, 0, 0, 0
~&SPILL_STATS,0, 0, 0, 0, 0, 0, 0, 0, 0, 0, 0
~&SPILL_STATS,0, 0, 0, 0, 0, 0, 0, 0, 0, 0, 0
~&SPILL_STATS,0, 0, 0, 0, 0, 0, 0, 0, 0, 0, 0
~&SPILL_STATS,0, 0, 0, 0, 0, 0, 0, 0, 0, 0, 0
~&SPILL_STATS,0, 0, 0, 0, 0, 0, 0, 0, 0, 0, 0
~&SPILL_STATS,0, 0, 0, 0, 0, 1, 0, 0, 0, 0, 1
~&SPILL_STATS,1, 4, 0, 2, 5, 5, 0.5, 26.4062, 1, 2.25, 27.9062
~&SPILL_STATS,20, 8, 0, 12, 8, 6, 72.875, 37.375, 7.3125, 11.7188, 28.1562
~&SPILL_STATS,3, 6, 0, 5, 7, 5, 2.5, 37.375, 4, 3.5625, 27.9062
~&SPILL_STATS,4, 6, 0, 5, 7, 6, 10.4688, 37.375, 3.5, 3.5625, 28.9062
~&SPILL_STATS,0, 0, 0, 0, 0, 2, 0, 0, 0, 0, 21.2857
~&SPILL_STATS,13, 14, 0, 12, 15, 9, 48.2188, 76.25, 9.375, 7.625, 54.8125
~&SPILL_STATS,14, 14, 0, 12, 15, 9, 56.1875, 76.25, 8.875, 7.625, 54.8125
~&SPILL_STATS,4, 13, 0, 8, 7, 6, 22.4688, 71.75, 5.625, 3.0625, 47.875
~&SPILL_STATS,3, 6, 0, 5, 7, 5, 2.5, 37.375, 4, 3.5625, 27.9062
~&SPILL_STATS,3, 6, 0, 5, 7, 5, 2.5, 37.375, 4, 3.5625, 27.9062
~&SPILL_STATS,3, 6, 0, 5, 7, 5, 2.5, 37.375, 4, 3.5625, 27.9062
~&SPILL_STATS,0, 0, 0, 0, 0, 0, 0, 0, 0, 0, 0
~&SPILL_STATS,0, 0, 0, 0, 0, 0, 0, 0, 0, 0, 0
~&SPILL_STATS,0, 0, 0, 0, 0, 3, 0, 0, 0, 0, 1
~&SPILL_STATS,0, 0, 0, 0, 0, 0, 0, 0, 0, 0, 0
~&SPILL_STATS,0, 0, 0, 0, 0, 3, 0, 0, 0, 0, 0.62963
~&SPILL_STATS,3, 3, 0, 4, 2, 1, 13.2381, 18.2381, 1.7619, 0.761905, 12.6667
~&SPILL_STATS,0, 0, 0, 0, 0, 0, 0, 0, 0, 0, 0
~&SPILL_STATS,0, 0, 0, 0, 0, 0, 0, 0, 0, 0, 0
~&SPILL_STATS,3, 3, 0, 4, 2, 1, 8.17647, 11.2647, 1.08824, 0.470588, 7.82353
~&SPILL_STATS,0, 0, 0, 0, 0, 0, 0, 0, 0, 0, 0
~&SPILL_STATS,0, 0, 0, 0, 0, 0, 0, 0, 0, 0, 0
~&SPILL_STATS,0, 0, 0, 0, 0, 0, 0, 0, 0, 0, 0
~&SPILL_STATS,12, 5, 0, 3, 5, 6, 76.2188, 27.4062, 2, 2.25, 28.9062
~&SPILL_STATS,1, 4, 0, 2, 5, 7, 0.5, 26.4062, 1, 2.25, 29.9062
~&SPILL_STATS,15, 13, 0, 5, 10, 5, 102.125, 93.1562, 3.25, 21.0625, 18.9375
~&SPILL_STATS,1, 4, 0, 2, 5, 5, 0.5, 26.4062, 1, 2.25, 27.9062
~&SPILL_STATS,19, 8, 0, 11, 11, 6, 72.5625, 37.375, 7, 12.5312, 28.1562
~&SPILL_STATS,1, 4, 0, 2, 5, 5, 0.5, 26.4062, 1, 2.25, 27.9062
~&SPILL_STATS,1, 4, 0, 2, 5, 5, 0.5, 26.4062, 1, 2.25, 27.9062
~&SPILL_STATS,3, 6, 0, 5, 7, 5, 2.5, 37.375, 4, 3.5625, 27.9062
~&SPILL_STATS,13, 14, 0, 12, 15, 9, 48.2188, 76.25, 9.375, 7.625, 54.8125
~&SPILL_STATS,3, 6, 0, 5, 7, 5, 2.5, 37.375, 4, 3.5625, 27.9062
~&SPILL_STATS,3, 6, 0, 5, 7, 5, 2.5, 37.375, 4, 3.5625, 27.9062
~&SPILL_STATS,3, 6, 0, 5, 7, 5, 2.5, 37.375, 4, 3.5625, 27.9062
~&SPILL_STATS,13, 14, 0, 12, 15, 9, 48.2188, 76.25, 9.375, 7.625, 54.8125
~&SPILL_STATS,13, 14, 0, 12, 15, 9, 48.2188, 76.25, 9.375, 7.625, 54.8125
~&SPILL_STATS,13, 14, 0, 12, 15, 9, 48.2188, 76.25, 9.375, 7.625, 54.8125
~&SPILL_STATS,3, 6, 0, 5, 7, 5, 2.5, 37.375, 4, 3.5625, 27.9062
~&SPILL_STATS,0, 0, 0, 0, 0, 0, 0, 0, 0, 0, 0
~&SPILL_STATS,0, 0, 0, 0, 0, 0, 0, 0, 0, 0, 0
~&SPILL_STATS,0, 0, 0, 0, 0, 3, 0, 0, 0, 0, 1
~&SPILL_STATS,0, 0, 0, 0, 0, 0, 0, 0, 0, 0, 0
~&SPILL_STATS,0, 0, 0, 0, 0, 0, 0, 0, 0, 0, 0
~&SPILL_STATS,0, 0, 0, 0, 0, 0, 0, 0, 0, 0, 0
~&SPILL_STATS,0, 0, 0, 0, 0, 0, 0, 0, 0, 0, 0
~&SPILL_STATS,0, 0, 0, 0, 0, 0, 0, 0, 0, 0, 0
~&SPILL_STATS,0, 0, 0, 0, 0, 0, 0, 0, 0, 0, 0
~&SPILL_STATS,0, 0, 0, 0, 0, 0, 0, 0, 0, 0, 0
~&SPILL_STATS,0, 0, 0, 0, 0, 0, 0, 0, 0, 0, 0
~&SPILL_STATS,0, 0, 0, 0, 0, 0, 0, 0, 0, 0, 0
~&SPILL_STATS,0, 0, 0, 0, 0, 0, 0, 0, 0, 0, 0
~&SPILL_STATS,0, 0, 0, 0, 0, 0, 0, 0, 0, 0, 0
~&SPILL_STATS,16, 13, 0, 6, 9, 5, 102.438, 93.1562, 3.5625, 20.75, 18.9375
~&SPILL_STATS,1, 4, 0, 2, 5, 5, 0.5, 26.4062, 1, 2.25, 27.9062
~&SPILL_STATS,3, 6, 0, 5, 7, 5, 2.5, 37.375, 4, 3.5625, 27.9062
~&SPILL_STATS,13, 14, 0, 12, 15, 9, 48.2188, 76.25, 9.375, 7.625, 54.8125
~&SPILL_STATS,1, 4, 0, 2, 5, 5, 0.5, 26.4062, 1, 2.25, 27.9062
~&SPILL_STATS,3, 6, 0, 5, 7, 5, 2.5, 37.375, 4, 3.5625, 27.9062
~&SPILL_STATS,13, 14, 0, 12, 15, 9, 48.2188, 76.25, 9.375, 7.625, 54.8125
~&SPILL_STATS,3, 6, 0, 5, 7, 5, 2.5, 37.375, 4, 3.5625, 27.9062
~&SPILL_STATS,13, 14, 0, 12, 15, 9, 48.2188, 76.25, 9.375, 7.625, 54.8125
~&SPILL_STATS,3, 6, 0, 5, 7, 5, 2.5, 37.375, 4, 3.5625, 27.9062
~&SPILL_STATS,0, 0, 0, 0, 0, 0, 0, 0, 0, 0, 0
~&SPILL_STATS,0, 0, 0, 0, 0, 0, 0, 0, 0, 0, 0
~&SPILL_STATS,0, 0, 0, 0, 0, 0, 0, 0, 0, 0, 0
~&SPILL_STATS,0, 0, 0, 0, 0, 0, 0, 0, 0, 0, 0
~&SPILL_STATS,0, 0, 0, 0, 0, 0, 0, 0, 0, 0, 0
~&SPILL_STATS,0, 0, 0, 0, 0, 0, 0, 0, 0, 0, 0
~&SPILL_STATS,0, 0, 0, 0, 0, 0, 0, 0, 0, 0, 0
~&SPILL_STATS,0, 0, 0, 0, 0, 0, 0, 0, 0, 0, 0
~&SPILL_STATS,0, 0, 0, 0, 0, 0, 0, 0, 0, 0, 0
~&SPILL_STATS,1, 4, 0, 2, 5, 5, 0.5, 26.4062, 1, 2.25, 27.9062
~&SPILL_STATS,0, 0, 0, 0, 0, 2, 0, 0, 0, 0, 2
~&SPILL_STATS,1, 4, 0, 2, 5, 5, 0.5, 26.4062, 1, 2.25, 27.9062
~&SPILL_STATS,5, 7, 0, 6, 11, 8, 26.1875, 838.812, 3.125, 16.5938, 840.312
~&SPILL_STATS,1, 4, 0, 2, 5, 7, 0.5, 26.4062, 1, 2.25, 48.5
~&SPILL_STATS,5, 7, 0, 6, 11, 8, 26.1875, 838.812, 3.125, 16.5938, 840.312
~&SPILL_STATS,1, 4, 0, 2, 5, 5, 0.5, 26.4062, 1, 2.25, 27.9062
~&SPILL_STATS,2, 3, 0, 3, 2, 11, 2, 14.125, 2.625, 1.625, 106
~&SPILL_STATS,0, 0, 0, 0, 0, 0, 0, 0, 0, 0, 0
~&SPILL_STATS,0, 0, 0, 0, 0, 0, 0, 0, 0, 0, 0
~&SPILL_STATS,0, 0, 0, 0, 0, 1, 0, 0, 0, 0, 0.617647
~&SPILL_STATS,9, 7, 0, 6, 6, 3, 343.706, 343.971, 3.26471, 11.8235, 331.882
~&SPILL_STATS,9, 7, 0, 6, 6, 3, 343.706, 343.971, 3.26471, 11.8235, 331.882
~&SPILL_STATS,0, 0, 0, 0, 0, 1, 0, 0, 0, 0, 0.617647
~&SPILL_STATS,0, 0, 0, 0, 0, 1, 0, 0, 0, 0, 0.617647
~&SPILL_STATS,0, 0, 0, 0, 0, 0, 0, 0, 0, 0, 0
~&SPILL_STATS,2, 3, 0, 3, 5, 4, 1.25, 16.4375, 1.75, 2.75, 17.9375
~&SPILL_STATS,0, 0, 0, 0, 0, 0, 0, 0, 0, 0, 0
~&SPILL_STATS,0, 0, 0, 0, 0, 0, 0, 0, 0, 0, 0
~&SPILL_STATS,0, 0, 0, 0, 0, 0, 0, 0, 0, 0, 0
~&SPILL_STATS,0, 0, 0, 0, 0, 2, 0, 0, 0, 0, 2
~&SPILL_STATS,0, 0, 0, 0, 0, 2, 0, 0, 0, 0, 2
~&SPILL_STATS,0, 0, 0, 0, 0, 0, 0, 0, 0, 0, 0
~&SPILL_STATS,0, 0, 0, 0, 0, 0, 0, 0, 0, 0, 0
~&SPILL_STATS,0, 0, 0, 0, 0, 0, 0, 0, 0, 0, 0
~&SPILL_STATS,77, 2, 0, 15, 1, 4, 72.125, 2, 15, 1, 3.5
~&SPILL_STATS,0, 0, 0, 0, 0, 0, 0, 0, 0, 0, 0
~&SPILL_STATS,77, 0, 0, 14, 2, 2, 72.125, 0, 14, 1, 1.5
~&SPILL_STATS,0, 0, 0, 0, 0, 0, 0, 0, 0, 0, 0
~&SPILL_STATS,12, 6, 0, 8, 6, 14, 15.1458, 4.36914, 13.6875, 2.28646, 91.5957
~&SPILL_STATS,0, 0, 0, 0, 0, 0, 0, 0, 0, 0, 0
~&SPILL_STATS,4, 0, 0, 2, 2, 6, 0.45977, 0, 0.229885, 0.229885, 1.48276
~&SPILL_STATS,0, 0, 0, 0, 0, 0, 0, 0, 0, 0, 0
~&SPILL_STATS,3, 1, 0, 2, 3, 4, 0.669725, 0.207951, 0.336391, 0.669725, 0.440367
~&SPILL_STATS,0, 0, 0, 0, 0, 4, 0, 0, 0, 0, 0.642202
~&SPILL_STATS,9, 0, 0, 1, 2, 7, 2.71947, 0, 1, 0.253817, 1.63359
~&SPILL_STATS,0, 0, 0, 0, 0, 0, 0, 0, 0, 0, 0
~&SPILL_STATS,17, 1, 0, 9, 8, 0, 7.02527, 1, 5.07123, 3.68248, 0
~&SPILL_STATS,0, 0, 0, 0, 0, 1, 0, 0, 0, 0, 0.4
~&SPILL_STATS,17, 3, 0, 7, 2, 4, 14.1667, 3, 7, 2, 1.83333
~&SPILL_STATS,0, 0, 0, 0, 0, 1, 0, 0, 0, 0, 0.382353
~&SPILL_STATS,0, 0, 0, 0, 0, 0, 0, 0, 0, 0, 0
~&SPILL_STATS,60, 19, 0, 17, 36, 12, 14.0282, 9.82812, 9.08164, 11.9516, 3.52148
~&SPILL_STATS,39, 18, 0, 16, 14, 26, 3.625, 1.56875, 2.35625, 1.7375, 3.2
~&SPILL_STATS,39, 8, 0, 12, 8, 14, 120.707, 25.1074, 42.1033, 17.7231, 190.421
~&SPILL_STATS,0, 0, 0, 0, 0, 1, 0, 0, 0, 0, 1
~&SPILL_STATS,0, 0, 0, 0, 0, 1, 0, 0, 0, 0, 0.619048
~&SPILL_STATS,78, 67, 0, 28, 25, 21, 1630.74, 2092, 213.092, 459.403, 616.038
~&SPILL_STATS,0, 0, 0, 0, 0, 1, 0, 0, 0, 0, 1
~&SPILL_STATS,0, 0, 0, 0, 0, 0, 0, 0, 0, 0, 0
~&SPILL_STATS,10, 7, 0, 3, 11, 3, 7.84071, 2.40708, 4.10619, 31.823, 13.4513
~&SPILL_STATS,0, 0, 0, 0, 0, 1, 0, 0, 0, 0, 1
~&SPILL_STATS,0, 0, 0, 0, 0, 2, 0, 0, 0, 0, 2
~&SPILL_STATS,2, 1, 0, 2, 1, 3, 5.37255, 1, 6, 5, 6.31373
~&SPILL_STATS,5, 4, 0, 2, 3, 2, 7.52941, 1.43137, 6, 6.37255, 5.31373
~&SPILL_STATS,4, 1, 0, 4, 1, 2, 7.37255, 1, 8, 5, 5.31373
~&SPILL_STATS,0, 0, 0, 0, 0, 2, 0, 0, 0, 0, 1.5
~&SPILL_STATS,0, 0, 0, 0, 0, 0, 0, 0, 0, 0, 0
~&SPILL_STATS,0, 0, 0, 0, 0, 0, 0, 0, 0, 0, 0
~&SPILL_STATS,0, 0, 0, 0, 0, 0, 0, 0, 0, 0, 0
~&SPILL_STATS,0, 0, 0, 0, 0, 0, 0, 0, 0, 0, 0
~&SPILL_STATS,0, 0, 0, 0, 0, 2, 0, 0, 0, 0, 1
~&SPILL_STATS,0, 0, 0, 0, 0, 2, 0, 0, 0, 0, 1
~&SPILL_STATS,8, 2, 0, 2, 11, 3, 7.63529, 0.352941, 3.09412, 31.6941, 13.4
~&SPILL_STATS,0, 0, 0, 0, 0, 0, 0, 0, 0, 0, 0
~&SPILL_STATS,0, 0, 0, 0, 0, 3, 0, 0, 0, 0, 2.19048
~&SPILL_STATS,0, 0, 0, 0, 0, 2, 0, 0, 0, 0, 2
~&SPILL_STATS,0, 0, 0, 0, 0, 3, 0, 0, 0, 0, 2.5
~&SPILL_STATS,0, 0, 0, 0, 0, 3, 0, 0, 0, 0, 2.4902
~&SPILL_STATS,1, 0, 0, 1, 1, 2, 5, 0, 5, 5, 5.31373
~&SPILL_STATS,23, 2, 0, 14, 11, 24, 5.75, 0.75, 3.75, 2.75, 18.5
~&SPILL_STATS,1, 0, 0, 1, 1, 3, 5, 0, 5, 5, 6.31373
~&SPILL_STATS,0, 0, 0, 0, 0, 20, 0, 0, 0, 0, 34.9999
~&SPILL_STATS,40, 9, 0, 22, 36, 6, 21.6275, 11.3216, 11.1255, 12.0745, 16.6118
~&SPILL_STATS,54, 13, 0, 21, 25, 3, 65.189, 13.0787, 16.9764, 34.7323, 6.27559
~&SPILL_STATS,0, 0, 0, 0, 0, 17, 0, 0, 0, 0, 3.99275
~&SPILL_STATS,16, 0, 0, 1, 0, 17, 1.99638, 0, 1, 0, 3.99275
~&SPILL_STATS,0, 0, 0, 0, 0, 17, 0, 0, 0, 0, 3.99275
~&SPILL_STATS,0, 0, 0, 0, 0, 0, 0, 0, 0, 0, 0
~&SPILL_STATS,0, 0, 0, 0, 0, 0, 0, 0, 0, 0, 0
~&SPILL_STATS,0, 0, 0, 0, 0, 33, 0, 0, 0, 0, 45.5686
~&SPILL_STATS,150, 91, 0, 67, 42, 12, 5850.16, 4415.22, 1078.47, 170.844, 659.5
~&SPILL_STATS,197, 99, 0, 79, 59, 12, 11150.5, 6106.28, 3454.53, 2318.98, 1345.68
~&SPILL_STATS,72, 12, 0, 27, 16, 6, 18.6028, 39.5071, 5.23589, 2.50667, 20.6
~&SPILL_STATS,0, 0, 0, 0, 0, 2, 0, 0, 0, 0, 2
~&SPILL_STATS,0, 0, 0, 0, 0, 2, 0, 0, 0, 0, 2
~&SPILL_STATS,0, 0, 0, 0, 0, 0, 0, 0, 0, 0, 0
~&SPILL_STATS,0, 0, 0, 0, 0, 0, 0, 0, 0, 0, 0
~&SPILL_STATS,6, 9, 0, 7, 4, 3, 1.0515, 0.866953, 0.59299, 1.07511, 0.462089
~&SPILL_STATS,28, 29, 0, 30, 3, 12, 3.12316, 3.71526, 3.49946, 1.1297, 2.19973
~&SPILL_STATS,0, 0, 0, 0, 0, 3, 0, 0, 0, 0, 21.9048
~&SPILL_STATS,0, 0, 0, 0, 0, 3, 0, 0, 0, 0, 21.9048
~&SPILL_STATS,0, 0, 0, 0, 0, 1, 0, 0, 0, 0, 1
~&SPILL_STATS,69, 38, 0, 18, 0, 41, 89.7797, 35.2864, 8.19383, 0, 107.709
~&SPILL_STATS,0, 0, 0, 0, 0, 4, 0, 0, 0, 0, 173.059
~&SPILL_STATS,30, 21, 0, 18, 14, 15, 15.1804, 6.48929, 3.9375, 0.871429, 6.95
~&SPILL_STATS,0, 0, 0, 0, 0, 0, 0, 0, 0, 0, 0
~&SPILL_STATS,0, 0, 0, 0, 0, 0, 0, 0, 0, 0, 0
~&SPILL_STATS,0, 0, 0, 0, 0, 4, 0, 0, 0, 0, 1.72222
~&SPILL_STATS,119, 92, 0, 54, 24, 9, 73088.3, 71181.1, 23752, 15230.1, 18100.8
~&SPILL_STATS,206, 98, 0, 59, 120, 43, 5173.89, 2659.07, 927.974, 608.617, 867.614
~&SPILL_STATS,17, 9, 0, 10, 19, 2, 9.20235, 5.12023, 10, 4.5132, 2
~&SPILL_STATS,0, 0, 0, 0, 0, 1, 0, 0, 0, 0, 1
~&SPILL_STATS,95, 104, 0, 57, 31, 31, 19.9685, 77.987, 11.0617, 6.76758, 61.0972
~&SPILL_STATS,0, 0, 0, 0, 0, 0, 0, 0, 0, 0, 0
~&SPILL_STATS,0, 0, 0, 0, 0, 0, 0, 0, 0, 0, 0
~&SPILL_STATS,30, 36, 0, 14, 18, 9, 149.308, 1619.85, 6.92308, 75.3077, 1466.81
~&SPILL_STATS,82, 68, 0, 30, 36, 18, 168.4, 1747.1, 8.2, 81.3, 1583.55
~&SPILL_STATS,0, 0, 0, 0, 0, 0, 0, 0, 0, 0, 0
~&SPILL_STATS,0, 0, 0, 0, 0, 0, 0, 0, 0, 0, 0
~&SPILL_STATS,0, 0, 0, 0, 0, 0, 0, 0, 0, 0, 0
~&SPILL_STATS,21, 12, 0, 11, 18, 6, 594.133, 199.094, 8.35156, 199.453, 197.984
~&SPILL_STATS,37, 25, 0, 19, 18, 23, 129.094, 718.482, 9.94118, 17.0118, 535.977
~&SPILL_STATS,0, 0, 0, 0, 0, 4, 0, 0, 0, 0, 4
~&SPILL_STATS,0, 0, 0, 0, 0, 0, 0, 0, 0, 0, 0
~&SPILL_STATS,148, 44, 0, 82, 44, 9, 191.548, 23.229, 14.1382, 6.86183, 18.3794
~&SPILL_STATS,128, 23, 0, 88, 21, 10, 3177.91, 309.153, 193.055, 91.227, 210.454
~&SPILL_STATS,95, 16, 0, 71, 22, 3, 2666.99, 293.235, 182.111, 92.4815, 208.593
~&SPILL_STATS,128, 23, 0, 88, 25, 10, 3177.91, 309.153, 193.055, 117.141, 210.454
~&SPILL_STATS,82, 11, 0, 53, 28, 6, 4043.78, 621.844, 179.125, 96.4375, 831.906
~&SPILL_STATS,77, 11, 0, 47, 24, 5, 3455.94, 621.844, 155.312, 80, 735.938
~&SPILL_STATS,82, 11, 0, 53, 28, 6, 4043.78, 621.844, 179.125, 96.4375, 831.906
~&SPILL_STATS,61, 10, 0, 40, 19, 5, 3075.29, 356.608, 134.51, 49.8235, 521.961
~&SPILL_STATS,61, 10, 0, 40, 19, 5, 3075.29, 356.608, 134.51, 49.8235, 521.961
~&SPILL_STATS,148, 25, 0, 84, 31, 13, 2739.54, 349.876, 132.804, 65.3062, 292.144
~&SPILL_STATS,148, 25, 0, 84, 35, 13, 2739.54, 349.876, 132.804, 91.1627, 292.144
~&SPILL_STATS,146, 25, 0, 82, 31, 13, 2739.23, 349.876, 132.263, 65.3062, 292.144
~&SPILL_STATS,146, 25, 0, 82, 35, 13, 2739.23, 349.876, 132.263, 91.1627, 292.144
~&SPILL_STATS,63, 20, 0, 18, 12, 6, 8755.5, 2740.5, 1959.25, 966.625, 5604.25
~&SPILL_STATS,4, 4, 0, 16, 20, 2, 0.366211, 4, 2.5, 4.73242, 0.183105
~&SPILL_STATS,566, 469, 0, 274, 161, 37, 1590.42, 2715.78, 73.5366, 51.64, 381.218
~&SPILL_STATS,279, 174, 0, 115, 91, 28, 436.051, 913.524, 28.6882, 28.7312, 100.355
~&SPILL_STATS,0, 0, 0, 0, 0, 2, 0, 0, 0, 0, 2
~&SPILL_STATS,10, 11, 0, 9, 1, 1, 20.4865, 25.6006, 3.24304, 0.149536, 4.78516
~&SPILL_STATS,707, 278, 0, 254, 102, 36, 1106.44, 592.18, 279.575, 175.488, 94.4799
~&SPILL_STATS,318, 190, 0, 164, 119, 54, 3080.49, 1192.1, 471.176, 356.589, 310.237
~&SPILL_STATS,0, 4, 0, 3, 0, 2, 0, 2.85294, 2.23529, 0, 1.23529
~&SPILL_STATS,0, 0, 0, 0, 0, 0, 0, 0, 0, 0, 0
~&SPILL_STATS,150, 76, 0, 68, 27, 33, 69.1322, 50.2271, 40.9961, 12.7395, 15.2122
~&SPILL_STATS,45, 20, 0, 12, 4, 19, 11.6202, 13.3362, 4.03467, 1.22388, 10.6279
~&SPILL_STATS,96, 43, 0, 36, 16, 13, 96.2988, 125.238, 72.998, 20.2559, 29.6836
~&SPILL_STATS,92, 48, 0, 38, 22, 9, 65.2579, 62.8833, 45.6682, 26.0376, 13.1024
~&SPILL_STATS,32, 21, 0, 22, 8, 6, 109.309, 171.909, 99.6795, 22.9428, 44.7034
~&SPILL_STATS,31, 19, 0, 23, 9, 7, 42.8298, 42.6821, 40.3896, 3.27895, 25.5886
~&SPILL_STATS,0, 0, 0, 0, 0, 0, 0, 0, 0, 0, 0
~&SPILL_STATS,0, 0, 0, 0, 0, 0, 0, 0, 0, 0, 0
~&SPILL_STATS,19, 8, 0, 6, 5, 5, 14.4762, 17.8095, 11.3333, 1.98413, 26.8889
~&SPILL_STATS,0, 0, 0, 0, 0, 0, 0, 0, 0, 0, 0
~&SPILL_STATS,7, 6, 0, 3, 1, 6, 39.7321, 6.69643, 2.23214, 0.392857, 53.2857
~&SPILL_STATS,64, 80, 0, 34, 0, 0, 2040, 2550, 1022, 0, 0
~&SPILL_STATS,16, 0, 0, 16, 0, 18, 10, 0, 10, 0, 12.5
~&SPILL_STATS,0, 0, 0, 0, 0, 0, 0, 0, 0, 0, 0
~&SPILL_STATS,0, 0, 0, 0, 0, 0, 0, 0, 0, 0, 0
~&SPILL_STATS,0, 0, 0, 0, 0, 0, 0, 0, 0, 0, 0
~&SPILL_STATS,0, 0, 0, 0, 0, 4, 0, 0, 0, 0, 3.32
~&SPILL_STATS,0, 1, 0, 1, 0, 2, 0, 4.76837e-07, 1, 0, 2
~&SPILL_STATS,0, 0, 0, 0, 0, 0, 0, 0, 0, 0, 0
~&SPILL_STATS,0, 0, 0, 0, 0, 0, 0, 0, 0, 0, 0
~&SPILL_STATS,0, 0, 0, 0, 0, 0, 0, 0, 0, 0, 0
~&SPILL_STATS,0, 0, 0, 0, 0, 2, 0, 0, 0, 0, 1.60886
~&SPILL_STATS,0, 0, 0, 0, 0, 0, 0, 0, 0, 0, 0
~&SPILL_STATS,0, 0, 0, 0, 0, 5, 0, 0, 0, 0, 41.7059
~&SPILL_STATS,3, 0, 0, 1, 0, 1, 2.625, 0, 1, 0, 12.7812
~&SPILL_STATS,3, 2, 0, 1, 1, 3, 11.875, 10.875, 9.875, 1, 12.625
~&SPILL_STATS,0, 0, 0, 0, 0, 2, 0, 0, 0, 0, 2
~&SPILL_STATS,11, 11, 0, 8, 0, 3, 11, 9.47619, 6.85714, 0, 2.61905
~&SPILL_STATS,6, 2, 0, 3, 1, 2, 3.66667, 8.61905, 1.66667, 0.666667, 8.35714
~&SPILL_STATS,0, 0, 0, 0, 0, 0, 0, 0, 0, 0, 0
~&SPILL_STATS,0, 0, 0, 0, 0, 0, 0, 0, 0, 0, 0
~&SPILL_STATS,0, 0, 0, 0, 0, 1, 0, 0, 0, 0, 1
~&SPILL_STATS,0, 0, 0, 0, 0, 0, 0, 0, 0, 0, 0
~&SPILL_STATS,0, 0, 0, 0, 0, 0, 0, 0, 0, 0, 0
~&SPILL_STATS,0, 0, 0, 0, 0, 0, 0, 0, 0, 0, 0
~&SPILL_STATS,1, 4, 0, 1, 1, 8, 1, 179.538, 1, 1, 27.5897
~&SPILL_STATS,18, 12, 0, 8, 6, 4, 48.298, 42.1265, 11.5429, 3.37959, 36.7714
~&SPILL_STATS,0, 0, 0, 0, 0, 0, 0, 0, 0, 0, 0
~&SPILL_STATS,103, 47, 0, 39, 23, 25, 998.673, 300.712, 189.254, 271.416, 46.7401
~&SPILL_STATS,0, 0, 0, 0, 0, 0, 0, 0, 0, 0, 0
~&SPILL_STATS,0, 0, 0, 0, 0, 0, 0, 0, 0, 0, 0
~&SPILL_STATS,0, 0, 0, 0, 0, 0, 0, 0, 0, 0, 0
~&SPILL_STATS,0, 0, 0, 0, 0, 0, 0, 0, 0, 0, 0
~&SPILL_STATS,2, 5, 0, 4, 0, 7, 23.4643, 36.4464, 3.66071, 0, 36.1786
~&SPILL_STATS,178, 92, 0, 52, 37, 67, 1255.13, 67.0367, 27.0061, 20.3486, 169.083
~&SPILL_STATS,0, 0, 0, 0, 0, 0, 0, 0, 0, 0, 0
~&SPILL_STATS,0, 0, 0, 0, 0, 0, 0, 0, 0, 0, 0
~&SPILL_STATS,0, 0, 0, 0, 0, 0, 0, 0, 0, 0, 0
~&SPILL_STATS,0, 0, 0, 0, 0, 0, 0, 0, 0, 0, 0
~&SPILL_STATS,300, 142, 0, 89, 60, 89, 680.29, 141.869, 83.9506, 112.595, 68.0586
~&SPILL_STATS,0, 0, 0, 0, 0, 5, 0, 0, 0, 0, 119.083
~&SPILL_STATS,2, 2, 0, 2, 0, 3, 1.47059, 18.3529, 10.2059, 0, 16.4118
~&SPILL_STATS,0, 2, 0, 1, 0, 3, 0, 15.8182, 7.95455, 0, 14.5909
~&SPILL_STATS,10, 6, 0, 9, 0, 2, 41.125, 40, 7.125, 0, 11
~&SPILL_STATS,2, 4, 0, 3, 4, 7, 1, 10.119, 2, 2, 57.381
~&SPILL_STATS,2, 4, 0, 3, 4, 7, 1, 10.119, 2, 2, 57.381
~&SPILL_STATS,4, 0, 0, 1, 2, 0, 64.75, 0, 1, 21.9167, 0
~&SPILL_STATS,257, 105, 0, 96, 88, 119, 348.495, 233.17, 119.753, 67.8332, 437.583
~&SPILL_STATS,1, 0, 0, 1, 0, 10, 0.312883, 0, 1, 0, 14.5399
~&SPILL_STATS,4, 1, 0, 2, 0, 3, 2.83333, 0.624378, 2, 0, 17.0473
~&SPILL_STATS,28, 8, 0, 6, 5, 5, 68.417, 22.8551, 25.9117, 20.689, 35.3074
~&SPILL_STATS,0, 0, 0, 0, 0, 6, 0, 0, 0, 0, 115.853
~&SPILL_STATS,0, 0, 0, 0, 0, 1, 0, 0, 0, 0, 1
~&SPILL_STATS,198, 11, 0, 18, 24, 23, 3487, 215.882, 150.132, 177.676, 597.309
~&SPILL_STATS,0, 0, 0, 0, 0, 6, 0, 0, 0, 0, 106.607
~&SPILL_STATS,20, 1, 0, 4, 10, 2, 4366.75, 255.938, 335.75, 1055.94, 271.875
~&SPILL_STATS,0, 0, 0, 0, 0, 2, 0, 0, 0, 0, 0.828125
~&SPILL_STATS,0, 0, 0, 0, 0, 0, 0, 0, 0, 0, 0
~&SPILL_STATS,3, 2, 0, 3, 0, 4, 17.9375, 16.9375, 3, 0, 48.8125
~&SPILL_STATS,13, 4, 0, 4, 4, 4, 878.706, 258.794, 9.94118, 15.4706, 489.294
~&SPILL_STATS,8, 0, 0, 3, 1, 2, 2.90204, 0, 2.37551, 0.62449, 13.3714
~&SPILL_STATS,6, 4, 0, 6, 10, 6, 14.6429, 28.9048, 13.9524, 15.4524, 28.619
~&SPILL_STATS,0, 0, 0, 0, 0, 1, 0, 0, 0, 0, 1
~&SPILL_STATS,28, 11, 0, 9, 14, 2, 9.16607, 4.59206, 3.787, 4.33935, 1.2491
~&SPILL_STATS,0, 0, 0, 0, 0, 0, 0, 0, 0, 0, 0
~&SPILL_STATS,0, 0, 0, 0, 0, 1, 0, 0, 0, 0, 1
~&SPILL_STATS,0, 0, 0, 0, 0, 0, 0, 0, 0, 0, 0
~&SPILL_STATS,0, 0, 0, 0, 0, 0, 0, 0, 0, 0, 0
~&SPILL_STATS,28, 16, 0, 21, 15, 4, 0.79721, 0.789968, 2.37259, 0.556196, 0.0166309
~&SPILL_STATS,0, 0, 0, 0, 0, 0, 0, 0, 0, 0, 0
~&SPILL_STATS,0, 0, 0, 0, 0, 0, 0, 0, 0, 0, 0
~&SPILL_STATS,137, 14, 0, 49, 27, 18, 38.2817, 8.21522, 43.3065, 11.2033, 235.404
~&SPILL_STATS,3, 3, 0, 2, 0, 5, 1.5, 0.999999, 0.999999, 0, 3.5
~&SPILL_STATS,0, 0, 0, 0, 0, 4, 0, 0, 0, 0, 4
~&SPILL_STATS,0, 0, 0, 0, 0, 0, 0, 0, 0, 0, 0
~&SPILL_STATS,0, 0, 0, 0, 0, 6, 0, 0, 0, 0, 5.99999
~&SPILL_STATS,19, 4, 0, 2, 1, 2, 9.51559, 21.6244, 1.625, 0.624999, 20.9993
~&SPILL_STATS,25, 1, 0, 1, 2, 1, 472.333, 1, 1, 20.625, 400
~&SPILL_STATS,0, 0, 0, 0, 0, 1, 0, 0, 0, 0, 0.5
~&SPILL_STATS,177, 84, 0, 65, 47, 31, 2.32954e+06, 1.47354e+06, 249027, 206154, 325591
~&SPILL_STATS,0, 0, 0, 0, 0, 8, 0, 0, 0, 0, 84.16
~&SPILL_STATS,0, 1, 0, 1, 1, 4, 0, 1, 1, 1, 43.36
~&SPILL_STATS,0, 1, 0, 1, 1, 1, 0, 1, 1, 1, 10.2
~&SPILL_STATS,43, 52, 0, 24, 29, 69, 1452.71, 584.839, 414.697, 245.951, 4196.97
~&SPILL_STATS,43, 3, 0, 7, 2, 14, 2331.22, 21.9993, 488.651, 20.6243, 1313.92
