Comando: /home/mpvreal/Code/Faculdade/tcc/llvm/build/bin/llc --march=aarch64 --regalloc=basic -o -
Heurística: div(cost,pow(degree,2))
function@main,0,0,0,0,0,15,0,0,0,0,59.2917
function@MAIN_parseCommandLine,0,0,0,0,0,3,0,0,0,0,3
function@MAIN_printInfo,0,0,0,0,0,1,0,0,0,0,1
function@MAIN_initialize,0,0,0,0,0,3,0,0,0,0,3
function@MAIN_finalize,0,0,0,0,0,1,0,0,0,0,1
function@LBM_allocateGrid,0,0,0,0,0,2,0,0,0,0,1
function@LBM_freeGrid,0,0,0,0,0,1,0,0,0,0,1
function@LBM_initializeGrid,0,0,0,0,0,0,0,0,0,0,0
function@LBM_initializeGrid.omp_outlined,0,0,0,0,0,3,0,0,0,0,3
function@LBM_swapGrids,0,0,0,0,0,0,0,0,0,0,0
function@LBM_loadObstacleFile,0,0,0,0,0,12,0,0,0,0,34917.2
function@LBM_initializeSpecialCellsForLDC,0,0,0,0,0,0,0,0,0,0,0
function@LBM_initializeSpecialCellsForLDC.omp_outlined,0,0,0,0,0,15,0,0,0,0,575.944
function@LBM_initializeSpecialCellsForChannel,0,0,0,0,0,0,0,0,0,0,0
function@LBM_initializeSpecialCellsForChannel.omp_outlined,0,0,0,0,0,11,0,0,0,0,734.167
function@LBM_performStreamCollideBGK,0,0,0,0,0,0,0,0,0,0,0
function@LBM_performStreamCollideBGK.omp_outlined,0,0,0,0,0,9,0,0,0,0,36.5
function@LBM_performStreamCollideTRT,0,0,0,0,0,0,0,0,0,0,0
function@LBM_performStreamCollideTRT.omp_outlined,12,0,0,7,0,7,96,0,26,0,20.5
function@LBM_handleInOutFlow,0,0,0,0,0,2,0,0,0,0,2
function@LBM_handleInOutFlow.omp_outlined,0,0,0,0,0,7,0,0,0,0,67
function@LBM_handleInOutFlow.omp_outlined.2,6,0,0,2,0,16,96,0,1,0,211
function@LBM_showGridStatistics,0,0,0,0,0,17,0,0,0,0,20
function@LBM_storeVelocityField,0,0,0,0,0,15,0,0,0,0,98375
function@LBM_compareVelocityField,29,0,0,12,0,17,950272,0,393216,0,86089
