Comando: /home/mpvreal/Code/Faculdade/tcc/llvm/build/bin/llc -march=x86 --regalloc=basic -o -
Heurística: div(cost,pow(degree,2))
~&SPILL_STATS,0, 0, 0, 0, 0, 0, 0, 0, 0, 0, 0
~&SPILL_STATS,0, 0, 0, 0, 0, 0, 0, 0, 0, 0, 0
~&SPILL_STATS,0, 0, 0, 0, 0, 0, 0, 0, 0, 0, 0
~&SPILL_STATS,168, 78, 0, 84, 100, 195, 471.841, 607.5, 110.744, 288.085, 563.694
~&SPILL_STATS,0, 0, 0, 0, 0, 0, 0, 0, 0, 0, 0
~&SPILL_STATS,0, 0, 0, 0, 0, 0, 0, 0, 0, 0, 0
~&SPILL_STATS,1214, 324, 0, 418, 173, 187, 21304.2, 6030.34, 5755.57, 838.998, 1339.39
~&SPILL_STATS,33, 11, 0, 34, 9, 8, 291.96, 112.2, 198.92, 66.92, 71.72
~&SPILL_STATS,25, 34, 0, 24, 0, 0, 11.3382, 11.2794, 11.7647, 0, 0
~&SPILL_STATS,1512, 410, 0, 508, 168, 202, 35823.4, 11635.6, 10414.3, 873.003, 2078.67
~&SPILL_STATS,1397, 329, 0, 434, 170, 197, 29391.9, 7135.96, 6846.83, 1138.21, 1681.43
~&SPILL_STATS,1246, 245, 0, 366, 168, 207, 20333.6, 2694.46, 4591.76, 1070.61, 2095.36
~&SPILL_STATS,1238, 321, 0, 393, 184, 199, 22691.9, 5519.68, 4501.94, 994.999, 1622.65
~&SPILL_STATS,1508, 387, 0, 454, 177, 217, 35861.5, 10861.8, 7466.24, 1052.44, 2446.77
~&SPILL_STATS,1395, 329, 0, 407, 175, 210, 29577.5, 7125.67, 5404.64, 1047.87, 2071.77
~&SPILL_STATS,1260, 252, 0, 336, 178, 219, 20899.3, 2773.04, 2788.89, 1268.62, 2452.02
~&SPILL_STATS,14, 9, 0, 9, 5, 8, 10.2118, 16.1294, 6.2, 0.976471, 21.0353
~&SPILL_STATS,0, 0, 0, 0, 0, 0, 0, 0, 0, 0, 0
~&SPILL_STATS,0, 0, 0, 0, 0, 0, 0, 0, 0, 0, 0
~&SPILL_STATS,9, 5, 0, 7, 1, 3, 171, 106.25, 128.5, 1, 63.75
~&SPILL_STATS,0, 2, 0, 1, 1, 4, 0, 13.4, 0.64, 0.64, 43.36
~&SPILL_STATS,0, 0, 0, 0, 0, 2, 0, 0, 0, 0, 42.5
~&SPILL_STATS,32, 23, 0, 23, 25, 49, 5.64744, 5.63168, 3.7371, 7.48326, 16.6426
~&SPILL_STATS,0, 0, 0, 0, 0, 0, 0, 0, 0, 0, 0
~&SPILL_STATS,0, 0, 0, 0, 0, 0, 0, 0, 0, 0, 0
~&SPILL_STATS,0, 0, 0, 0, 0, 0, 0, 0, 0, 0, 0
~&SPILL_STATS,0, 0, 0, 0, 0, 0, 0, 0, 0, 0, 0
~&SPILL_STATS,0, 0, 0, 0, 0, 0, 0, 0, 0, 0, 0
~&SPILL_STATS,0, 0, 0, 0, 0, 0, 0, 0, 0, 0, 0
~&SPILL_STATS,0, 0, 0, 0, 0, 0, 0, 0, 0, 0, 0
~&SPILL_STATS,7, 3, 0, 4, 0, 0, 2.24999, 1.5, 2.5, 0, 0
~&SPILL_STATS,0, 0, 0, 0, 0, 0, 0, 0, 0, 0, 0
~&SPILL_STATS,2, 0, 0, 1, 0, 1, 0.624997, 0, 0.625, 0, 1.15481e-05
~&SPILL_STATS,0, 0, 0, 0, 0, 0, 0, 0, 0, 0, 0
~&SPILL_STATS,0, 0, 0, 0, 0, 2, 0, 0, 0, 0, 42.5
~&SPILL_STATS,0, 0, 0, 0, 0, 2, 0, 0, 0, 0, 42.5
~&SPILL_STATS,4, 2, 0, 6, 0, 3, 41.5, 39.875, 62.0625, 0, 59.8125
~&SPILL_STATS,9, 3, 0, 4, 0, 9, 1.37995, 0.351564, 0.585938, 0, 3.02749
~&SPILL_STATS,0, 0, 0, 0, 0, 0, 0, 0, 0, 0, 0
~&SPILL_STATS,1, 1, 0, 1, 0, 7, 2.07961, 0.234375, 0.234375, 0, 3.68043
~&SPILL_STATS,0, 0, 0, 0, 0, 0, 0, 0, 0, 0, 0
~&SPILL_STATS,0, 0, 0, 0, 0, 0, 0, 0, 0, 0, 0
~&SPILL_STATS,621, 134, 0, 211, 93, 101, 7938.41, 539.68, 1278.19, 691.007, 473.139
~&SPILL_STATS,33, 11, 0, 34, 9, 8, 291.96, 112.2, 198.92, 66.92, 71.72
~&SPILL_STATS,641, 151, 0, 226, 93, 101, 8980.18, 1724.27, 2170.43, 691.007, 473.139
~&SPILL_STATS,701, 166, 0, 256, 98, 103, 11214.3, 2174.38, 3146.87, 413.856, 849.475
~&SPILL_STATS,760, 186, 0, 281, 93, 106, 14336.7, 4390.9, 4999.25, 563.699, 706.051
~&SPILL_STATS,649, 147, 0, 222, 94, 101, 9050.28, 989.22, 1656.17, 403.589, 694.666
~&SPILL_STATS,680, 161, 0, 240, 97, 101, 10748.1, 1662.93, 2552.33, 414.089, 701.448
~&SPILL_STATS,626, 133, 0, 219, 90, 104, 7882.38, 606.993, 1794.16, 539.279, 702.456
~&SPILL_STATS,636, 141, 0, 225, 97, 104, 7842.87, 689.091, 1724.95, 414.089, 853.176
~&SPILL_STATS,662, 146, 0, 204, 107, 113, 7796.75, 588.97, 821.311, 738.991, 567.408
~&SPILL_STATS,680, 169, 0, 221, 107, 113, 8829.38, 2052.95, 1707.7, 738.991, 567.408
~&SPILL_STATS,766, 155, 0, 233, 102, 120, 11606, 1270.92, 1576.45, 610.337, 800.887
~&SPILL_STATS,815, 182, 0, 262, 104, 120, 15196.1, 3030.61, 3413.09, 756.622, 873.843
~&SPILL_STATS,693, 147, 0, 204, 100, 117, 8748.54, 830.231, 827.276, 464.051, 787.854
~&SPILL_STATS,717, 169, 0, 225, 100, 117, 10008.3, 2297.12, 1867.26, 464.051, 787.854
~&SPILL_STATS,666, 143, 0, 203, 100, 120, 6832.75, 753.058, 821.521, 464.051, 937.797
~&SPILL_STATS,697, 141, 0, 212, 103, 119, 9020.85, 606.772, 1403.38, 822.076, 795.168
~&SPILL_STATS,701, 202, 0, 256, 96, 111, 9474.65, 4033.36, 3143.38, 642.125, 420.232
~&SPILL_STATS,845, 227, 0, 301, 97, 117, 16316.9, 5976.29, 5173.65, 518.152, 638.922
~&SPILL_STATS,743, 212, 0, 267, 101, 112, 11408.9, 4105.74, 3358.38, 376.924, 634.82
~&SPILL_STATS,764, 210, 0, 250, 112, 122, 8518.11, 2924.9, 1835.56, 622.009, 495.773
~&SPILL_STATS,903, 235, 0, 303, 108, 130, 14127.2, 4546.49, 3956.67, 513.788, 697.162
~&SPILL_STATS,806, 210, 0, 256, 106, 127, 9804.03, 3244.77, 2092.68, 390.36, 684.701
~&SPILL_STATS,14, 9, 0, 9, 5, 8, 10.2118, 16.1294, 6.2, 0.976471, 21.0353
~&SPILL_STATS,0, 0, 0, 0, 0, 2, 0, 0, 0, 0, 1
~&SPILL_STATS,0, 0, 0, 0, 0, 2, 0, 0, 0, 0, 25.2593
~&SPILL_STATS,4, 2, 0, 1, 4, 8, 1.09524, 0.480274, 0.234375, 0.638282, 3.35018
~&SPILL_STATS,0, 0, 0, 0, 0, 5, 0, 0, 0, 0, 3.25
~&SPILL_STATS,0, 0, 0, 0, 0, 0, 0, 0, 0, 0, 0
~&SPILL_STATS,0, 0, 0, 0, 0, 0, 0, 0, 0, 0, 0
~&SPILL_STATS,14, 0, 0, 6, 0, 2, 3.45882, 0, 1.48235, 0, 0.494118
~&SPILL_STATS,0, 0, 0, 0, 0, 0, 0, 0, 0, 0, 0
~&SPILL_STATS,0, 0, 0, 0, 0, 18, 0, 0, 0, 0, 1.90732e-05
~&SPILL_STATS,0, 0, 0, 0, 0, 0, 0, 0, 0, 0, 0
~&SPILL_STATS,0, 0, 0, 0, 0, 0, 0, 0, 0, 0, 0
~&SPILL_STATS,1, 8, 0, 5, 0, 12, 1, 8, 5, 0, 12
~&SPILL_STATS,0, 0, 0, 0, 0, 0, 0, 0, 0, 0, 0
~&SPILL_STATS,0, 0, 0, 0, 0, 0, 0, 0, 0, 0, 0
~&SPILL_STATS,0, 0, 0, 0, 0, 0, 0, 0, 0, 0, 0
~&SPILL_STATS,0, 0, 0, 0, 0, 0, 0, 0, 0, 0, 0
~&SPILL_STATS,0, 0, 0, 0, 0, 0, 0, 0, 0, 0, 0
~&SPILL_STATS,0, 0, 0, 0, 0, 0, 0, 0, 0, 0, 0
~&SPILL_STATS,14, 9, 0, 9, 5, 8, 10.2118, 16.1294, 6.2, 0.976471, 21.0353
~&SPILL_STATS,0, 0, 0, 0, 0, 0, 0, 0, 0, 0, 0
~&SPILL_STATS,0, 0, 0, 0, 0, 0, 0, 0, 0, 0, 0
~&SPILL_STATS,0, 0, 0, 0, 0, 0, 0, 0, 0, 0, 0
~&SPILL_STATS,0, 0, 0, 0, 0, 1, 0, 0, 0, 0, 1
~&SPILL_STATS,0, 0, 0, 0, 0, 1, 0, 0, 0, 0, 1
~&SPILL_STATS,0, 0, 0, 0, 0, 1, 0, 0, 0, 0, 1
~&SPILL_STATS,0, 0, 0, 0, 0, 3, 0, 0, 0, 0, 3.36245
~&SPILL_STATS,41, 51, 0, 19, 0, 0, 22.451, 28.7451, 9.94118, 0, 0
~&SPILL_STATS,0, 0, 0, 0, 0, 0, 0, 0, 0, 0, 0
~&SPILL_STATS,0, 0, 0, 0, 0, 0, 0, 0, 0, 0, 0
~&SPILL_STATS,11, 7, 0, 4, 3, 20, 0.293656, 0.376324, 0.169819, 0.0349154, 4.05028
~&SPILL_STATS,0, 0, 0, 0, 0, 4, 0, 0, 0, 0, 85
~&SPILL_STATS,631, 134, 0, 214, 94, 101, 8397.29, 539.68, 1289.29, 694.707, 473.139
~&SPILL_STATS,33, 11, 0, 34, 9, 8, 291.96, 112.2, 198.92, 66.92, 71.72
~&SPILL_STATS,646, 156, 0, 230, 93, 100, 9510.83, 1806.44, 2404.58, 691.007, 469.438
~&SPILL_STATS,742, 160, 0, 258, 94, 106, 13312.3, 2540.18, 3381.3, 567.4, 706.051
~&SPILL_STATS,766, 197, 0, 299, 103, 104, 15384.3, 4246.5, 5686.84, 571.596, 853.176
~&SPILL_STATS,660, 147, 0, 225, 95, 101, 9583.18, 989.22, 1667.27, 407.29, 694.666
~&SPILL_STATS,690, 162, 0, 243, 98, 101, 11207, 1736.94, 2563.43, 417.79, 701.448
~&SPILL_STATS,633, 140, 0, 222, 95, 104, 7644.57, 689.091, 1513.42, 407.29, 846.394
~&SPILL_STATS,647, 142, 0, 229, 98, 104, 8375.77, 763.104, 1810.07, 417.79, 853.176
~&SPILL_STATS,673, 146, 0, 208, 108, 113, 8323.37, 588.97, 905.423, 742.647, 567.408
~&SPILL_STATS,691, 163, 0, 223, 108, 113, 9356, 1614.09, 1645.52, 742.647, 567.408
~&SPILL_STATS,790, 162, 0, 245, 108, 119, 12944.5, 1782.92, 2108.11, 839.364, 727.745
~&SPILL_STATS,815, 197, 0, 284, 104, 120, 14709.7, 3919.29, 4396.86, 616.279, 943.33
~&SPILL_STATS,718, 148, 0, 213, 105, 116, 10299.2, 903.374, 1277.1, 760.279, 714.712
~&SPILL_STATS,744, 164, 0, 230, 105, 116, 11705.2, 1931.4, 2024.52, 760.279, 714.712
~&SPILL_STATS,679, 146, 0, 209, 100, 119, 7436.18, 833.514, 912.947, 464.051, 934.14
~&SPILL_STATS,692, 146, 0, 214, 100, 119, 8168.73, 833.514, 1132.75, 463.674, 934.14
~&SPILL_STATS,14, 9, 0, 9, 5, 8, 10.2118, 16.1294, 6.2, 0.976471, 21.0353
~&SPILL_STATS,694, 194, 0, 254, 95, 114, 7684.59, 2772.72, 1470.15, 118.32, 735.703
~&SPILL_STATS,33, 11, 0, 34, 9, 8, 291.96, 112.2, 198.92, 66.92, 71.72
~&SPILL_STATS,707, 226, 0, 275, 95, 114, 8116.53, 4664.19, 2571.62, 118.32, 735.703
~&SPILL_STATS,879, 249, 0, 309, 103, 117, 16028, 6077.55, 3397.11, 497.854, 919.015
~&SPILL_STATS,907, 293, 0, 337, 103, 117, 17251.1, 8701.04, 4861.93, 497.854, 919.015
~&SPILL_STATS,767, 206, 0, 273, 92, 118, 10514, 3575.5, 1985.14, 124.451, 919.065
~&SPILL_STATS,792, 242, 0, 301, 92, 118, 11617, 5533.88, 3394.68, 124.451, 919.065
~&SPILL_STATS,735, 188, 0, 267, 91, 121, 8727.22, 2657.03, 1790.12, 122.545, 1041.13
~&SPILL_STATS,746, 201, 0, 275, 91, 121, 9216.36, 3450.07, 2156.51, 122.545, 1041.13
~&SPILL_STATS,758, 208, 0, 255, 108, 126, 7326.07, 2692.91, 900.338, 139.478, 742.631
~&SPILL_STATS,774, 233, 0, 276, 108, 126, 8075.27, 4051.74, 1896.44, 139.478, 742.631
~&SPILL_STATS,940, 261, 0, 307, 118, 130, 14987.6, 5862.88, 2423.22, 714.745, 876.037
~&SPILL_STATS,964, 305, 0, 336, 115, 130, 16474.3, 8279.6, 3856.31, 588.231, 876.037
~&SPILL_STATS,825, 220, 0, 268, 105, 130, 9975.89, 3512.25, 1170.96, 151.602, 928.473
~&SPILL_STATS,849, 251, 0, 296, 105, 130, 11040.2, 5305.42, 2481.8, 151.602, 928.473
~&SPILL_STATS,792, 193, 0, 258, 103, 133, 8106.51, 1969.02, 668.172, 146.588, 1052.03
~&SPILL_STATS,804, 220, 0, 275, 103, 133, 8663.06, 3635.3, 1594.26, 146.212, 1052.03
~&SPILL_STATS,14, 9, 0, 9, 5, 8, 10.2118, 16.1294, 6.2, 0.976471, 21.0353
~&SPILL_STATS,0, 0, 0, 0, 0, 0, 0, 0, 0, 0, 0
~&SPILL_STATS,244, 135, 0, 99, 45, 24, 7639.77, 21775.7, 3104.27, 227.728, 4034.13
