Comando: /home/mpvreal/Code/Faculdade/tcc/llvm/build/bin/llc --march=x86 --regalloc=basic -o -
Heurística: div(cost,pow(degree,2))
function@_Z10exit_usagePKc,0,0,0,0,0,0,0,0,0,0,0
function@_Z8NAMD_bugPKc,0,0,0,0,0,0,0,0,0,0,0
function@_Z8NAMD_diePKc,0,0,0,0,0,0,0,0,0,0,0
function@main,184,94,0,98,116,195,476.841,622.187,115.118,294.46,563.694
function@_ZN9ResultSetD2Ev,0,0,0,0,0,0,0,0,0,0,0
function@__clang_call_terminate,0,0,0,0,0,0,0,0,0,0,0
function@_ZN20ComputeNonbondedUtil20calc_pair_energy_fepEP9nonbonded,1206,326,0,418,170,187,20770.4,6162.38,5686.85,573.887,1404.77
function@_Z22pairlist_from_pairlistddddPK8CompAtomPKtiPtdPd,33,11,0,34,9,8,291.96,112.2,198.92,66.92,71.72
function@_Z24fep_vdw_forceandenergiesdddddddddiidddPdS_S_,25,34,0,24,0,0,11.3382,11.2794,11.7647,0,0
function@_ZN20ComputeNonbondedUtil30calc_pair_energy_fullelect_fepEP9nonbonded,1533,410,0,513,175,198,37159.8,11632.8,10742.8,1275.53,1813.57
function@_ZN20ComputeNonbondedUtil36calc_pair_energy_merge_fullelect_fepEP9nonbonded,1375,330,0,433,162,195,27794,7073.13,6518.56,667.379,1613.28
function@_ZN20ComputeNonbondedUtil35calc_pair_energy_slow_fullelect_fepEP9nonbonded,1271,248,0,374,172,197,21684.2,2511.46,4612.75,1398.44,1619.96
function@_ZN20ComputeNonbondedUtil20calc_self_energy_fepEP9nonbonded,1223,323,0,393,180,199,21529.3,5594.63,4356.83,700.9,1694.62
function@_ZN20ComputeNonbondedUtil30calc_self_energy_fullelect_fepEP9nonbonded,1525,386,0,455,183,212,37456.8,10794.5,7829.97,1489.59,2153.12
function@_ZN20ComputeNonbondedUtil36calc_self_energy_merge_fullelect_fepEP9nonbonded,1393,330,0,410,175,207,29431,7127.49,5478.91,1046.27,1924.36
function@_ZN20ComputeNonbondedUtil35calc_self_energy_slow_fullelect_fepEP9nonbonded,1286,257,0,346,183,209,22519.8,2858.96,3095.79,1631.27,1931.68
function@_ZN14ResizeArrayRawI6VectorE6resizeEi,14,9,0,9,5,8,10.2118,16.1294,6.2,0.976471,21.0353
function@_ZN5PatchC2Ev,0,0,0,0,0,0,0,0,0,0,0
function@_ZN5PatchD2Ev,0,0,0,0,0,0,0,0,0,0,0
function@_ZN5Patch9moveatomsEv,9,5,0,7,1,3,171,106.25,128.5,1,63.75
function@_ZN5Patch10zeroforcesEv,0,2,0,1,1,4,0,13.4,0.64,0.64,43.36
function@_ZN5Patch9setforcesEP6VectorS1_,0,0,0,0,0,2,0,0,0,0,42.5
function@_ZN5Patch8readfileEP8_IO_FILEP8Molecule,37,28,0,26,30,49,5.83054,6.95004,3.84696,7.73961,16.6426
function@_ZN9ResultSet9writefileEP8_IO_FILE,0,0,0,0,0,0,0,0,0,0,0
function@_ZN9ResultSet8readfileEP8_IO_FILE,0,0,0,0,0,0,0,0,0,0,0
function@_Z5equaldd,0,0,0,0,0,0,0,0,0,0,0
function@_Z5equalPdS_,0,0,0,0,0,0,0,0,0,0,0
function@_Z5equalPdS_S_S_,0,0,0,0,0,0,0,0,0,0,0
function@_ZN9ResultSet5checkEv,0,0,0,0,0,0,0,0,0,0,0
function@_ZN9ResultSet8samemodeERS_,0,0,0,0,0,0,0,0,0,0,0
function@_ZN9ResultSet7compareERS_,7,3,0,4,0,0,2.24999,1.5,2.5,0,0
function@_ZN9PatchListC2ER7Lattice,0,0,0,0,0,0,0,0,0,0,0
function@_ZN9PatchListD2Ev,2,0,0,1,0,1,0.624997,0,0.625,0,1.15481e-05
function@__clang_call_terminate,0,0,0,0,0,0,0,0,0,0,0
function@_ZN9PatchList9moveatomsEv,0,0,0,0,0,2,0,0,0,0,42.5
function@_ZN9PatchList11zeroresultsEv,0,0,0,0,0,2,0,0,0,0,42.5
function@_ZN9PatchList10setresultsEP9ResultSet,4,2,0,6,0,3,41.5,39.875,62.0625,0,59.8125
function@_ZN9PatchList8readfileEP8_IO_FILEP8Molecule,9,3,0,4,0,9,1.37995,0.351564,0.585938,0,3.02748
function@_ZN7LJTableC2Ev,0,0,0,0,0,0,0,0,0,0,0
function@_ZN7LJTable8readfileEP8_IO_FILE,1,1,0,1,0,7,2.07961,0.234375,0.234375,0,3.68043
function@_ZN7LJTableD2Ev,0,0,0,0,0,0,0,0,0,0,0
function@_ZN7LJTable18compute_vdw_paramsEiiPNS_10TableEntryES1_,0,0,0,0,0,0,0,0,0,0,0
function@_ZN20ComputeNonbondedUtil9calc_pairEP9nonbonded,623,135,0,214,94,100,7941.78,541.08,1280.81,691.531,472.092
function@_Z22pairlist_from_pairlistddddPK8CompAtomPKtiPtdPd,33,11,0,34,9,8,291.96,112.2,198.92,66.92,71.72
function@_ZN20ComputeNonbondedUtil16calc_pair_energyEP9nonbonded,643,150,0,227,94,100,8983.54,1577.65,2025.02,691.531,472.092
function@_ZN20ComputeNonbondedUtil19calc_pair_fullelectEP9nonbonded,701,172,0,260,98,101,11213.9,2475.53,3297.52,410.68,774.415
function@_ZN20ComputeNonbondedUtil26calc_pair_energy_fullelectEP9nonbonded,759,188,0,283,93,104,14262.3,4396,5001.88,560.523,630.99
function@_ZN20ComputeNonbondedUtil25calc_pair_merge_fullelectEP9nonbonded,649,149,0,224,94,99,9049.94,994.32,1658.8,400.413,619.606
function@_ZN20ComputeNonbondedUtil32calc_pair_energy_merge_fullelectEP9nonbonded,679,162,0,241,97,99,10673.8,1594.02,2480.94,410.913,626.387
function@_ZN20ComputeNonbondedUtil24calc_pair_slow_fullelectEP9nonbonded,639,138,0,223,100,101,8439.89,538.762,1793.6,774.183,627.007
function@_ZN20ComputeNonbondedUtil31calc_pair_energy_slow_fullelectEP9nonbonded,655,142,0,232,103,101,9319.12,760.804,2238.27,784.683,633.789
function@_ZN20ComputeNonbondedUtil9calc_selfEP9nonbonded,664,147,0,207,108,112,7801.15,590.799,824.739,739.676,566.254
function@_ZN20ComputeNonbondedUtil16calc_self_energyEP9nonbonded,683,170,0,224,108,112,8841.28,2054.78,1711.12,739.676,566.254
function@_ZN20ComputeNonbondedUtil19calc_self_fullelectEP9nonbonded,761,154,0,228,103,118,11592,1271.99,1569.76,611.022,726.591
function@_ZN20ComputeNonbondedUtil26calc_self_energy_fullelectEP9nonbonded,816,183,0,263,105,118,15193,3032.44,3416.14,757.308,799.547
function@_ZN20ComputeNonbondedUtil25calc_self_merge_fullelectEP9nonbonded,695,148,0,207,101,115,8752.93,832.06,830.705,464.736,713.558
function@_ZN20ComputeNonbondedUtil32calc_self_energy_merge_fullelectEP9nonbonded,719,170,0,228,101,115,10012.7,2298.95,1870.69,464.736,713.558
function@_ZN20ComputeNonbondedUtil24calc_self_slow_fullelectEP9nonbonded,684,142,0,209,104,117,8146.41,608.601,1113.86,823.138,720.871
function@_ZN20ComputeNonbondedUtil31calc_self_energy_slow_fullelectEP9nonbonded,699,142,0,214,104,117,9025.25,608.601,1333.67,822.761,720.871
function@_ZN20ComputeNonbondedUtil20calc_pair_energy_intEP9nonbonded,706,191,0,243,97,111,9890.62,3399.65,2302.93,645.606,422.666
function@_ZN20ComputeNonbondedUtil30calc_pair_energy_fullelect_intEP9nonbonded,846,233,0,304,96,115,16524,6327.96,5452.2,514.672,568.236
function@_ZN20ComputeNonbondedUtil36calc_pair_energy_merge_fullelect_intEP9nonbonded,748,207,0,268,100,110,11894.5,3691.39,3497.66,373.444,564.135
function@_ZN20ComputeNonbondedUtil20calc_self_energy_intEP9nonbonded,765,210,0,250,112,121,8527.73,2924.9,1835.56,622.009,494.619
function@_ZN20ComputeNonbondedUtil30calc_self_energy_fullelect_intEP9nonbonded,902,235,0,301,108,128,14121.9,4546.49,3956.29,513.788,634.294
function@_ZN20ComputeNonbondedUtil36calc_self_energy_merge_fullelect_intEP9nonbonded,806,210,0,256,106,125,9806.14,3244.77,2092.68,390.36,621.833
function@_ZN14ResizeArrayRawI6VectorE6resizeEi,14,9,0,9,5,8,10.2118,16.1294,6.2,0.976471,21.0353
function@_ZN8MoleculeC2Ev,0,0,0,0,0,2,0,0,0,0,1
function@_ZN8MoleculeD2Ev,0,0,0,0,0,2,0,0,0,0,25.2593
function@_ZN8Molecule8readfileEP8_IO_FILE,4,2,0,1,4,8,1.09524,0.480274,0.234375,0.638282,3.35018
function@_ZN11ObjectArenaIcE11getNewArrayEi,0,0,0,0,0,5,0,0,0,0,3.25
function@_ZN11ResizeArrayIPcED2Ev,0,0,0,0,0,0,0,0,0,0,0
function@_ZN11ResizeArrayIPcED0Ev,0,0,0,0,0,0,0,0,0,0,0
function@_ZN14ResizeArrayRawIPcE3insERKS0_i,14,0,0,6,0,2,3.45882,0,1.48235,0,0.494118
function@_Z9dummy_erfi,0,0,0,0,0,0,0,0,0,0,0
function@_ZN26ComputeNonbondedWorkArraysC2Ev,0,0,0,0,0,18,0,0,0,0,1.90732e-05
function@_ZN26ComputeNonbondedWorkArraysD2Ev,0,0,0,0,0,0,0,0,0,0,0
function@_ZN11SelfCompute6doWorkEP9PatchList,0,0,0,0,0,0,0,0,0,0,0
function@_ZN11PairCompute6doWorkEP9PatchList,1,8,0,5,0,12,1,8,5,0,12
function@_ZN11ResizeArrayI6VectorED2Ev,0,0,0,0,0,0,0,0,0,0,0
function@__clang_call_terminate,0,0,0,0,0,0,0,0,0,0,0
function@_ZN11ResizeArrayItED2Ev,0,0,0,0,0,0,0,0,0,0,0
function@_ZN11ResizeArrayIdED2Ev,0,0,0,0,0,0,0,0,0,0,0
function@_ZN11ResizeArrayItED0Ev,0,0,0,0,0,0,0,0,0,0,0
function@_ZN11ResizeArrayIdED0Ev,0,0,0,0,0,0,0,0,0,0,0
function@_ZN14ResizeArrayRawI6VectorE6resizeEi,14,9,0,9,5,8,10.2118,16.1294,6.2,0.976471,21.0353
function@_ZN11ResizeArrayI6VectorED0Ev,0,0,0,0,0,0,0,0,0,0,0
function@_GLOBAL__sub_I_Compute.C,0,0,0,0,0,0,0,0,0,0,0
function@_ZN13SimParametersC2Ev,0,0,0,0,0,0,0,0,0,0,0
function@_ZN13SimParameters8setparamEPKcS1_,0,0,0,0,0,1,0,0,0,0,0.999999
function@_Z11parse_paramPKcS0_S0_Ri,0,0,0,0,0,1,0,0,0,0,1
function@_Z11parse_paramPKcS0_S0_Rd,0,0,0,0,0,1,0,0,0,0,1
function@_ZN13SimParameters8readfileEP8_IO_FILE,0,0,0,0,0,3,0,0,0,0,3.36245
function@_ZN7Lattice3setE6VectorS0_S0_S0_,48,54,0,23,0,0,27.4118,31.7451,11.902,0,0
function@_ZN11ComputeListC2Ev,0,0,0,0,0,0,0,0,0,0,0
function@_ZN11ComputeListD2Ev,0,0,0,0,0,0,0,0,0,0,0
function@_ZN11ComputeList8readfileEP8_IO_FILEP9PatchList,11,7,0,4,3,20,0.293656,0.376324,0.169819,0.0349154,4.05028
function@_ZN11ComputeList11runComputesEP9PatchList,0,0,0,0,0,4,0,0,0,0,85
function@_ZN20ComputeNonbondedUtil13calc_pair_lesEP9nonbonded,633,135,0,217,95,100,8400.66,541.08,1291.91,695.232,472.092
function@_Z22pairlist_from_pairlistddddPK8CompAtomPKtiPtdPd,33,11,0,34,9,8,291.96,112.2,198.92,66.92,71.72
function@_ZN20ComputeNonbondedUtil20calc_pair_energy_lesEP9nonbonded,649,152,0,231,95,100,9511.24,1725.67,2328.11,695.232,472.092
function@_ZN20ComputeNonbondedUtil23calc_pair_fullelect_lesEP9nonbonded,741,163,0,260,95,104,13237.9,2619.29,3383.92,638.238,630.99
function@_ZN20ComputeNonbondedUtil30calc_pair_energy_fullelect_lesEP9nonbonded,769,201,0,304,101,101,15388.4,4406.28,5770.88,562.408,774.415
function@_ZN20ComputeNonbondedUtil29calc_pair_merge_fullelect_lesEP9nonbonded,660,149,0,227,95,99,9582.84,994.32,1669.9,404.114,619.606
function@_ZN20ComputeNonbondedUtil36calc_pair_energy_merge_fullelect_lesEP9nonbonded,706,164,0,250,102,99,12390.9,1742.05,2936.12,710.669,626.387
function@_ZN20ComputeNonbondedUtil28calc_pair_slow_fullelect_lesEP9nonbonded,634,142,0,224,95,101,7718.26,694.191,1516.04,404.114,697.32
function@_ZN20ComputeNonbondedUtil35calc_pair_energy_slow_fullelect_lesEP9nonbonded,645,147,0,233,96,100,8157.1,849.62,1748.39,336.9,700.401
function@_ZN20ComputeNonbondedUtil13calc_self_lesEP9nonbonded,675,147,0,211,109,112,8327.77,590.799,908.852,743.333,566.254
function@_ZN20ComputeNonbondedUtil20calc_self_energy_lesEP9nonbonded,694,164,0,226,109,112,9367.9,1615.92,1648.95,743.333,566.254
function@_ZN20ComputeNonbondedUtil23calc_self_fullelect_lesEP9nonbonded,779,164,0,240,105,118,12422.2,1864.45,1962.44,687.822,796.077
function@_ZN20ComputeNonbondedUtil30calc_self_energy_fullelect_lesEP9nonbonded,815,197,0,283,104,118,14633.4,3917.47,4323.12,614.679,869.033
function@_ZN20ComputeNonbondedUtil29calc_self_merge_fullelect_lesEP9nonbonded,721,149,0,216,106,115,10376.7,905.202,1280.53,760.964,713.558
function@_ZN20ComputeNonbondedUtil36calc_self_energy_merge_fullelect_lesEP9nonbonded,747,165,0,233,106,115,11782.7,1933.23,2027.94,760.964,713.558
function@_ZN20ComputeNonbondedUtil28calc_self_slow_fullelect_lesEP9nonbonded,682,147,0,212,101,116,7513.72,835.343,916.375,464.736,786.701
function@_ZN20ComputeNonbondedUtil35calc_self_energy_slow_fullelect_lesEP9nonbonded,690,147,0,216,100,116,7880.56,835.343,992.178,391.217,786.701
function@_ZN14ResizeArrayRawI6VectorE6resizeEi,14,9,0,9,5,8,10.2118,16.1294,6.2,0.976471,21.0353
function@_ZN20ComputeNonbondedUtil15calc_pair_pprofEP9nonbonded,695,198,0,256,94,113,7747.73,3016.73,1592.15,116.415,734.321
function@_Z22pairlist_from_pairlistddddPK8CompAtomPKtiPtdPd,33,11,0,34,9,8,291.96,112.2,198.92,66.92,71.72
function@_ZN20ComputeNonbondedUtil22calc_pair_energy_pprofEP9nonbonded,711,226,0,275,94,113,8362.68,4664.19,2571.62,116.415,734.321
function@_ZN20ComputeNonbondedUtil25calc_pair_fullelect_pprofEP9nonbonded,876,249,0,307,101,115,15966.1,6019.6,3336.11,492.9,856.63
function@_ZN20ComputeNonbondedUtil32calc_pair_energy_fullelect_pprofEP9nonbonded,913,291,0,330,101,115,17738.2,8521.08,4495.91,492.9,856.63
function@_ZN20ComputeNonbondedUtil31calc_pair_merge_fullelect_pprofEP9nonbonded,765,209,0,272,90,116,10513.1,3700.55,1985.14,119.496,856.68
function@_ZN20ComputeNonbondedUtil38calc_pair_energy_merge_fullelect_pprofEP9nonbonded,795,246,0,299,90,116,11921.1,5719.93,3333.67,119.496,856.68
function@_ZN20ComputeNonbondedUtil30calc_pair_slow_fullelect_pprofEP9nonbonded,730,186,0,263,90,117,8543.29,2477.07,1607.11,119.496,856.744
function@_ZN20ComputeNonbondedUtil37calc_pair_energy_slow_fullelect_pprofEP9nonbonded,745,198,0,276,90,117,9276.45,3209.11,2278.52,119.496,856.744
function@_ZN20ComputeNonbondedUtil15calc_self_pprofEP9nonbonded,758,208,0,255,107,125,7328.19,2692.91,900.338,137.549,741.477
function@_ZN20ComputeNonbondedUtil22calc_self_energy_pprofEP9nonbonded,775,233,0,276,107,125,8084.89,4051.74,1896.44,137.549,741.477
function@_ZN20ComputeNonbondedUtil25calc_self_fullelect_pprofEP9nonbonded,933,259,0,299,117,128,14971.3,5862.13,2413.09,712.816,813.169
function@_ZN20ComputeNonbondedUtil32calc_self_energy_fullelect_pprofEP9nonbonded,963,307,0,335,114,128,16468.9,8403.02,3917.65,586.302,813.169
function@_ZN20ComputeNonbondedUtil31calc_self_merge_fullelect_pprofEP9nonbonded,825,220,0,268,104,128,9978,3512.25,1170.96,149.673,865.605
function@_ZN20ComputeNonbondedUtil38calc_self_energy_merge_fullelect_pprofEP9nonbonded,848,252,0,296,104,128,10980.6,5367.14,2481.8,149.673,865.605
function@_ZN20ComputeNonbondedUtil30calc_self_slow_fullelect_pprofEP9nonbonded,792,193,0,258,103,129,8108.62,1969.02,668.172,146.588,865.732
function@_ZN20ComputeNonbondedUtil37calc_self_energy_slow_fullelect_pprofEP9nonbonded,804,224,0,277,103,129,8665.18,3882.16,1717.69,146.212,865.732
function@_ZN14ResizeArrayRawI6VectorE6resizeEi,14,9,0,9,5,8,10.2118,16.1294,6.2,0.976471,21.0353
function@_ZN20ComputeNonbondedUtil10calc_errorEP9nonbonded,0,0,0,0,0,0,0,0,0,0,0
function@_ZN20ComputeNonbondedUtil6selectEP13SimParametersP8MoleculeP7LJTable,248,157,0,114,49,25,4670.42,11399.8,1865.04,251.4,2096.1
