Comando: /home/mpvreal/Code/Faculdade/tcc/llvm/build/bin/llc -march=x86 --regalloc=greedy -o -
Heurística: div(cost,pow(degree,2))
~&SPILL_STATS,0, 0, 0, 0, 0, 0, 0, 0, 0, 0, 0
~&SPILL_STATS,0, 0, 0, 0, 0, 0, 0, 0, 0, 0, 0
~&SPILL_STATS,0, 0, 0, 0, 0, 0, 0, 0, 0, 0, 0
~&SPILL_STATS,104, 76, 0, 76, 19, 277, 510.702, 540.039, 255.351, 149.134, 777.016
~&SPILL_STATS,0, 0, 0, 0, 0, 0, 0, 0, 0, 0, 0
~&SPILL_STATS,0, 0, 0, 0, 0, 0, 0, 0, 0, 0, 0
~&SPILL_STATS,815, 137, 0, 437, 28, 414, 13053.1, 3520.57, 6547.02, 17.3238, 1974.63
~&SPILL_STATS,19, 11, 0, 42, 0, 23, 164.12, 112.2, 260.72, 0, 155.2
~&SPILL_STATS,22, 13, 0, 20, 0, 3, 10.0735, 4.29412, 9.75, 0, 0.661765
~&SPILL_STATS,1047, 179, 0, 566, 39, 453, 21585.5, 5785.54, 11137.8, 90.2796, 3244.73
~&SPILL_STATS,927, 149, 0, 479, 29, 406, 15307, 4203.87, 7429.68, 24.2216, 2095.68
~&SPILL_STATS,798, 124, 0, 414, 37, 400, 10859.7, 2866.97, 4788.42, 32.4829, 2482.71
~&SPILL_STATS,759, 139, 0, 390, 38, 421, 12189.1, 3355.33, 4481.97, 27.4964, 2609.97
~&SPILL_STATS,906, 162, 0, 460, 46, 429, 18529.3, 5319.86, 7253.18, 44.4952, 3341.32
~&SPILL_STATS,858, 148, 0, 428, 48, 420, 15952, 4157.1, 5422.83, 42.5067, 2762.53
~&SPILL_STATS,765, 123, 0, 352, 51, 426, 9877.08, 2819.36, 1943.25, 44.7047, 3063.66
~&SPILL_STATS,9, 4, 0, 8, 0, 14, 8.98824, 8.25882, 5.35294, 0, 22.3882
~&SPILL_STATS,0, 0, 0, 0, 0, 0, 0, 0, 0, 0, 0
~&SPILL_STATS,0, 0, 0, 0, 0, 0, 0, 0, 0, 0, 0
~&SPILL_STATS,5, 4, 0, 7, 0, 4, 106.25, 85, 128.167, 0, 85
~&SPILL_STATS,0, 2, 0, 1, 0, 5, 0, 13.4, 0.64, 0, 44
~&SPILL_STATS,0, 0, 0, 0, 0, 2, 0, 0, 0, 0, 42.5
~&SPILL_STATS,6, 17, 0, 16, 0, 68, 0.977144, 4.37622, 1.5997, 0, 17.1953
~&SPILL_STATS,0, 0, 0, 0, 0, 0, 0, 0, 0, 0, 0
~&SPILL_STATS,0, 0, 0, 0, 0, 0, 0, 0, 0, 0, 0
~&SPILL_STATS,0, 0, 0, 0, 0, 0, 0, 0, 0, 0, 0
~&SPILL_STATS,0, 0, 0, 0, 0, 0, 0, 0, 0, 0, 0
~&SPILL_STATS,0, 0, 0, 0, 0, 0, 0, 0, 0, 0, 0
~&SPILL_STATS,0, 0, 0, 0, 0, 0, 0, 0, 0, 0, 0
~&SPILL_STATS,0, 0, 0, 0, 0, 0, 0, 0, 0, 0, 0
~&SPILL_STATS,4, 2, 0, 4, 0, 0, 0.999996, 0.499999, 2, 0, 0
~&SPILL_STATS,0, 0, 0, 0, 0, 0, 0, 0, 0, 0, 0
~&SPILL_STATS,2, 0, 0, 1, 0, 1, 0.624997, 0, 0.625, 0, 1.15481e-05
~&SPILL_STATS,0, 0, 0, 0, 0, 0, 0, 0, 0, 0, 0
~&SPILL_STATS,0, 0, 0, 0, 0, 2, 0, 0, 0, 0, 42.5
~&SPILL_STATS,0, 0, 0, 0, 0, 2, 0, 0, 0, 0, 42.5
~&SPILL_STATS,4, 0, 0, 5, 0, 3, 79.75, 0, 80.375, 0, 59.8125
~&SPILL_STATS,2, 1, 0, 2, 0, 11, 0.0732411, 1.67632e-06, 0.19043, 0, 3.21792
~&SPILL_STATS,0, 0, 0, 0, 0, 0, 0, 0, 0, 0, 0
~&SPILL_STATS,1, 0, 0, 1, 0, 7, 2.07961, 0, 0.234375, 0, 6.78954
~&SPILL_STATS,0, 0, 0, 0, 0, 0, 0, 0, 0, 0, 0
~&SPILL_STATS,401, 62, 0, 213, 23, 194, 3368.76, 509.868, 1172.43, 4.90797, 668.764
~&SPILL_STATS,19, 11, 0, 42, 0, 23, 164.12, 112.2, 260.72, 0, 155.2
~&SPILL_STATS,414, 69, 0, 232, 15, 206, 3999.59, 956.979, 2380.18, 3.90797, 630.114
~&SPILL_STATS,473, 76, 0, 259, 14, 216, 5895.38, 1273.57, 3161.29, 79.1607, 1220.74
~&SPILL_STATS,506, 89, 0, 288, 16, 222, 6800.65, 2165.44, 4874.37, 77.4093, 1236.14
~&SPILL_STATS,440, 65, 0, 230, 19, 207, 4228.24, 652.661, 1720.4, 6.26786, 820.213
~&SPILL_STATS,462, 72, 0, 255, 18, 194, 5296.82, 1035.53, 3080.69, 5.76511, 1173.02
~&SPILL_STATS,418, 64, 0, 217, 17, 207, 3720.45, 581.573, 1261.75, 3.8228, 1041.07
~&SPILL_STATS,441, 63, 0, 227, 16, 223, 4250.3, 661.351, 1731.78, 3.58242, 1377.76
~&SPILL_STATS,401, 71, 0, 186, 34, 216, 2790.42, 520.362, 664.426, 16.9245, 922.999
~&SPILL_STATS,420, 80, 0, 201, 34, 218, 3449.98, 1185.43, 1629.64, 16.9245, 1146.18
~&SPILL_STATS,482, 75, 0, 219, 34, 219, 4547.8, 894.048, 1443.57, 12.9258, 1156.73
~&SPILL_STATS,473, 89, 0, 245, 34, 223, 5496.51, 1776.42, 3127.79, 88.0275, 1304.27
~&SPILL_STATS,437, 75, 0, 198, 34, 229, 3767.79, 812.218, 840.669, 18.7527, 1157.33
~&SPILL_STATS,448, 82, 0, 221, 36, 215, 4682.03, 1464.44, 2376.1, 18.8681, 1163.62
~&SPILL_STATS,426, 69, 0, 187, 36, 220, 2820.12, 539.044, 246.619, 13.2294, 1297.21
~&SPILL_STATS,441, 67, 0, 197, 28, 221, 3856.63, 589.516, 691.87, 12.2143, 1299.93
~&SPILL_STATS,484, 97, 0, 246, 20, 218, 3902.3, 2002.99, 2627.64, 4.71978, 608.945
~&SPILL_STATS,573, 114, 0, 306, 22, 239, 6684.38, 3269.3, 4907.52, 73.7596, 1181.59
~&SPILL_STATS,527, 95, 0, 258, 17, 249, 5390.87, 1880.94, 3144.94, 5.8544, 979.01
~&SPILL_STATS,486, 112, 0, 241, 34, 246, 2963.96, 2149.31, 2121.8, 10.5659, 690.078
~&SPILL_STATS,568, 111, 0, 305, 36, 253, 5911.29, 2505.05, 4026.15, 74.8654, 1060.94
~&SPILL_STATS,505, 114, 0, 245, 37, 254, 3769.5, 2378.85, 2384.27, 12.6099, 927.557
~&SPILL_STATS,9, 4, 0, 8, 0, 14, 8.98824, 8.25882, 5.35294, 0, 22.3882
~&SPILL_STATS,0, 0, 0, 0, 0, 2, 0, 0, 0, 0, 1
~&SPILL_STATS,0, 0, 0, 0, 0, 3, 0, 0, 0, 0, 25.8889
~&SPILL_STATS,3, 0, 0, 3, 0, 8, 0.737696, 0, 0.837822, 0, 2.59608
~&SPILL_STATS,0, 0, 0, 0, 0, 4, 0, 0, 0, 0, 2.25
~&SPILL_STATS,0, 0, 0, 0, 0, 0, 0, 0, 0, 0, 0
~&SPILL_STATS,0, 0, 0, 0, 0, 0, 0, 0, 0, 0, 0
~&SPILL_STATS,4, 0, 0, 4, 0, 13, 0.988235, 0, 0.988235, 0, 3
~&SPILL_STATS,0, 0, 0, 0, 0, 0, 0, 0, 0, 0, 0
~&SPILL_STATS,0, 0, 0, 0, 0, 18, 0, 0, 0, 0, 1.90732e-05
~&SPILL_STATS,0, 0, 0, 0, 0, 0, 0, 0, 0, 0, 0
~&SPILL_STATS,0, 0, 0, 0, 0, 0, 0, 0, 0, 0, 0
~&SPILL_STATS,1, 4, 0, 5, 0, 14, 1, 4, 5, 0, 14
~&SPILL_STATS,0, 0, 0, 0, 0, 0, 0, 0, 0, 0, 0
~&SPILL_STATS,0, 0, 0, 0, 0, 0, 0, 0, 0, 0, 0
~&SPILL_STATS,0, 0, 0, 0, 0, 0, 0, 0, 0, 0, 0
~&SPILL_STATS,0, 0, 0, 0, 0, 0, 0, 0, 0, 0, 0
~&SPILL_STATS,0, 0, 0, 0, 0, 0, 0, 0, 0, 0, 0
~&SPILL_STATS,0, 0, 0, 0, 0, 0, 0, 0, 0, 0, 0
~&SPILL_STATS,9, 4, 0, 8, 0, 14, 8.98824, 8.25882, 5.35294, 0, 22.3882
~&SPILL_STATS,0, 0, 0, 0, 0, 0, 0, 0, 0, 0, 0
~&SPILL_STATS,0, 0, 0, 0, 0, 0, 0, 0, 0, 0, 0
~&SPILL_STATS,0, 0, 0, 0, 0, 1, 0, 0, 0, 0, 1
~&SPILL_STATS,0, 0, 0, 0, 0, 1, 0, 0, 0, 0, 1
~&SPILL_STATS,0, 0, 0, 0, 0, 1, 0, 0, 0, 0, 1
~&SPILL_STATS,0, 0, 0, 0, 0, 2, 0, 0, 0, 0, 2.36245
~&SPILL_STATS,17, 8, 0, 25, 0, 17, 9.37255, 6.66667, 15.9608, 0, 9.15686
~&SPILL_STATS,0, 0, 0, 0, 0, 0, 0, 0, 0, 0, 0
~&SPILL_STATS,0, 0, 0, 0, 0, 0, 0, 0, 0, 0, 0
~&SPILL_STATS,2, 3, 0, 3, 1, 25, 0.0818397, 0.323349, 0.0923769, 0.00429985, 4.03836
~&SPILL_STATS,0, 0, 0, 0, 0, 4, 0, 0, 0, 0, 85
~&SPILL_STATS,403, 63, 0, 215, 20, 193, 3442.23, 511.08, 1105.95, 4.58379, 739.94
~&SPILL_STATS,19, 11, 0, 42, 0, 23, 164.12, 112.2, 260.72, 0, 155.2
~&SPILL_STATS,418, 73, 0, 220, 17, 190, 3982.86, 1403.79, 2514.96, 78.1085, 807.303
~&SPILL_STATS,481, 77, 0, 266, 13, 216, 6348.94, 1486.35, 3463.47, 3.02198, 1080.73
~&SPILL_STATS,507, 89, 0, 280, 15, 201, 7006.64, 2004.65, 4732.43, 10.4231, 1030.54
~&SPILL_STATS,437, 66, 0, 234, 17, 198, 4523.35, 657.783, 1728.96, 5.89423, 805.262
~&SPILL_STATS,470, 69, 0, 247, 16, 210, 5589.1, 895.867, 3012.92, 5.70742, 1039.73
~&SPILL_STATS,415, 63, 0, 221, 16, 212, 4212.2, 587.525, 1272.06, 3.58242, 1334.54
~&SPILL_STATS,443, 69, 0, 228, 16, 211, 4548.28, 967.108, 2034.64, 3.58242, 1351.99
~&SPILL_STATS,402, 69, 0, 185, 32, 215, 2987.26, 518.319, 670.768, 16.5549, 849.996
~&SPILL_STATS,416, 77, 0, 199, 32, 216, 3810.48, 1037.82, 1490.15, 16.5549, 1142.21
~&SPILL_STATS,483, 76, 0, 223, 35, 213, 5222.72, 967.191, 1737.79, 15.2115, 1167.24
~&SPILL_STATS,499, 93, 0, 258, 33, 236, 6588.75, 2138.62, 4224.24, 15.0962, 1762.35
~&SPILL_STATS,443, 75, 0, 195, 35, 228, 4216.46, 741.01, 914.889, 15.2115, 1374.22
~&SPILL_STATS,455, 79, 0, 221, 34, 218, 5047.74, 1319.61, 2452.17, 18.7816, 930.909
~&SPILL_STATS,412, 68, 0, 189, 30, 222, 3616.92, 517.633, 466.742, 12.4409, 1293.95
~&SPILL_STATS,433, 69, 0, 206, 26, 222, 3995.17, 662.776, 994.603, 11.8407, 1165.23
~&SPILL_STATS,9, 4, 0, 8, 0, 14, 8.98824, 8.25882, 5.35294, 0, 22.3882
~&SPILL_STATS,506, 95, 0, 253, 21, 225, 4312.29, 1742.71, 2093.35, 65.8104, 1032.66
~&SPILL_STATS,19, 11, 0, 42, 0, 23, 164.12, 112.2, 260.72, 0, 155.2
~&SPILL_STATS,520, 109, 0, 265, 23, 228, 4572.77, 2487.37, 2658.15, 66.2418, 1217.85
~&SPILL_STATS,616, 115, 0, 310, 19, 258, 8734.33, 2678.76, 4341.96, 5.00962, 2367.62
~&SPILL_STATS,639, 136, 0, 349, 19, 257, 10706.5, 3787.87, 6292.91, 4.48214, 2131.73
~&SPILL_STATS,536, 109, 0, 278, 24, 236, 5685.43, 2188.25, 2687.66, 127.245, 1281.24
~&SPILL_STATS,571, 117, 0, 303, 23, 243, 6427.87, 2732.41, 3499.31, 126.742, 1529.94
~&SPILL_STATS,518, 104, 0, 269, 22, 247, 5314.38, 1640.46, 2192.96, 5.23901, 1354.04
~&SPILL_STATS,540, 106, 0, 288, 22, 229, 5660.11, 1947.73, 2812.35, 5.23901, 1272.28
~&SPILL_STATS,490, 98, 0, 245, 35, 243, 3749.84, 1166.33, 1238.5, 9.42445, 864.007
~&SPILL_STATS,503, 109, 0, 264, 34, 261, 4445.54, 2029.92, 2356.31, 71.0234, 978.607
~&SPILL_STATS,553, 125, 0, 295, 36, 274, 7448.62, 2841.91, 3188.86, 10.6813, 1932.24
~&SPILL_STATS,603, 135, 0, 337, 33, 284, 8653.49, 3452.1, 4891.48, 71.6648, 2927.55
~&SPILL_STATS,531, 106, 0, 271, 36, 254, 5106.99, 1480.88, 1707.19, 71.1387, 1126.68
~&SPILL_STATS,549, 122, 0, 294, 37, 252, 5550.24, 2466.72, 2882.63, 132.853, 1139.78
~&SPILL_STATS,507, 102, 0, 255, 30, 255, 4282.1, 1288.58, 843.672, 7.0522, 1189.66
~&SPILL_STATS,530, 112, 0, 279, 36, 251, 4849.8, 1915.1, 1902.02, 10.3049, 1614.24
~&SPILL_STATS,9, 4, 0, 8, 0, 14, 8.98824, 8.25882, 5.35294, 0, 22.3882
~&SPILL_STATS,139, 36, 0, 114, 19, 87, 4987.53, 4218.17, 3837.09, 31.8996, 4975.05
