Comando: /home/mpvreal/Code/Faculdade/tcc/llvm/build/bin/llc --march=x86 --regalloc=basic -o -
Heurística: original
function@newmolecule,0,0,0,0,0,2,0,0,0,0,2
function@freeresidue,0,0,0,0,0,1,0,0,0,0,12.5294
function@freemolecule,1,1,0,1,0,2,12.7812,12.7812,12.7812,0,511.938
function@addstrand,0,0,0,0,0,4,0,0,0,0,9.7109
function@addresidue,6,3,0,4,5,3,5.28682,2.28295,1.17054,2.34884,1.29845
function@connectres,21,3,0,6,3,1,2.5449,1.22982,0.484107,1.04145,0.154973
function@mergestr,71,37,0,28,35,14,375.409,127.719,11.6818,202.139,9.80583
function@upd_molnumbers,13,9,0,6,11,2,2254.43,5831.95,587.524,1393.57,8126.95
function@countmolstrands,0,0,0,0,0,1,0,0,0,0,1
function@countstrandresidues,0,0,0,0,0,1,0,0,0,0,15.75
function@countmolres,4,6,0,4,2,5,59.5714,511.333,47.9048,19,864.381
function@countmolatoms,6,5,0,4,4,19,1272.24,854.238,54.2381,838,71364.7
function@dist,0,0,0,0,0,0,0,0,0,0,0
function@distp,0,0,0,0,0,0,0,0,0,0,0
function@angle,2,1,0,4,0,0,2,0.885815,2.94118,0,0
function@anglep,2,1,0,4,0,0,2,0.888889,2.94444,0,0
function@torsion,0,0,0,0,0,0,0,0,0,0,0
function@torsionp,20,23,0,10,0,1,20,23,10,0,0.5
function@getresname,0,0,0,0,0,2,0,0,0,0,2
function@cap,127,28,0,20,15,18,422.378,111.507,44.6794,67.0781,39.9579
function@copyextbonds,0,0,0,0,0,2,0,0,0,0,10.92
function@setreskind,2,3,0,2,0,1,26.25,45,20.625,0,200
function@setxyz_from_mol,7,6,0,4,6,1,9868.75,9429.92,56.75,9679.5,1
function@setxyzw_from_mol,7,6,0,4,6,2,9868.75,9429.92,56.75,9679.5,4267.58
function@setmol_from_xyz,7,6,0,4,6,1,9868.75,9429.92,56.75,9679.5,1
function@setmol_from_xyzw,7,6,0,4,6,2,9868.75,9429.92,56.75,9679.5,4267.58
function@NAB_ainit,0,0,0,0,0,0,0,0,0,0,0
function@NAB_initres,0,0,0,0,0,0,0,0,0,0,0
function@NAB_initatom,0,0,0,0,0,0,0,0,0,0,0
function@NAB_mnext,0,0,0,0,0,2,0,0,0,0,4.08075
function@NAB_rnext,0,0,0,0,0,2,0,0,0,0,7.2
function@NAB_anext,0,0,0,0,0,3,0,0,0,0,1.68
function@NAB_mri,47,29,0,21,38,5,3544.83,2467.1,586.753,852.325,2264.16
function@NAB_rri,66,29,0,25,38,5,3547.98,2467.1,588.095,852.325,2264.16
function@NAB_rrc,0,0,0,0,0,1,0,0,0,0,1
function@NAB_ari,118,51,0,42,70,6,6244.64,2543.81,1018.7,1477.36,1204.51
function@NAB_arf,0,0,0,0,0,1,0,0,0,0,1
function@NAB_arc,30,13,0,16,19,3,328.423,827.637,86.5302,199.539,1150.36
function@NAB_arp,0,0,0,0,0,0,0,0,0,0,0
function@newtransform,12,0,0,3,0,0,7.5,0,1.875,0,0
function@concat_mat,0,0,0,0,0,2,0,0,0,0,63.75
function@transformres,0,0,0,0,0,1,0,0,0,0,21.25
function@transformmol,6,5,0,4,4,2,1272.24,854.238,54.2381,838,8127.95
function@transformpts,0,0,0,0,0,6,0,0,0,0,37.7059
function@updtransform,0,0,0,0,0,0,0,0,0,0,0
function@trans4p,0,0,0,0,0,0,0,0,0,0,0
function@NAB_matcpy,0,0,0,0,0,0,0,0,0,0,0
function@trans4,0,0,0,0,0,0,0,0,0,0,0
function@rot4p,13,14,0,13,0,1,13,14,11.5,0,1
function@rot4,0,0,0,0,0,0,0,0,0,0,0
function@set_belly_mask,172,25,0,49,37,46,11987.4,774.133,943.994,9220.81,17477.1
function@set_cons_mask,11,3,0,5,4,5,18440.4,427.619,694.238,838,16915.2
function@circle,7,10,0,6,0,0,6.94118,9.76471,6,0,0
function@delete_atom,67,38,0,24,19,11,1319.76,884.078,247.431,205.804,164.098
function@rt_errormsg,0,0,0,0,0,0,0,0,0,0,0
function@rt_errormsg_s,0,0,0,0,0,0,0,0,0,0,0
function@rt_errormsg_2s,0,0,0,0,0,0,0,0,0,0,0
function@rt_errormsg_d,0,0,0,0,0,0,0,0,0,0,0
function@regcomp,35,27,0,22,25,35,5.07475,1.99928,1.41175,5.04906,5.32542
function@p_ere,479,92,0,115,34,112,1062.08,380.806,319.597,47.5133,101.921
function@p_bre,93,70,0,61,23,80,92.3865,155.825,111.025,37.1018,70.0019
function@doinsert,10,4,0,8,1,26,2.58251,1.12211,3.05776,0.186469,9.14191
function@p_bracket,341,128,0,81,39,51,234.66,80.2417,27.7134,8.72511,24.6821
function@ordinary,11,2,0,7,2,12,2.49707,0.328125,2.10938,0.328125,3.53516
function@repeat,298,62,0,62,23,70,28.9286,14.4015,12.4392,3.57905,7.55944
function@p_b_symbol,12,12,0,7,6,2,0.416327,3.11434,1.2289,0.177213,2
function@bothcases,1,0,0,1,0,2,1,0,1,0,2
function@regexec,162,146,0,75,32,37,144.506,252.353,17.8036,9.38805,53.7471
function@sslow,25,21,0,13,8,12,262.333,1076.95,134.81,90.3333,1456.57
function@sdissect,66,40,0,19,21,15,1258.88,1421.69,374.812,201.875,651.188
function@sbackref,94,42,0,18,25,21,19.0105,9.45609,6.99121,1.91407,34.7049
function@sstep,17,3,0,7,12,27,102.283,17.6792,4.96226,106.623,41.8491
function@lslow,14,30,0,8,4,13,221.524,1859.95,88.8571,45.0476,101.238
function@ldissect,66,41,0,22,20,12,1210.25,1515.88,532,292.562,486.688
function@lbackref,94,42,0,18,25,21,19.0105,9.45609,6.99121,1.91407,34.7049
function@lstep,10,7,0,7,19,9,51.5283,20.4528,35.4528,96.0755,29.3019
function@regfree,0,0,0,0,0,0,0,0,0,0,0
function@regerror,0,1,0,1,1,7,0,0.3125,1,0.3125,6.125
function@spec_srand,0,0,0,0,0,5,0,0,0,0,158.375
function@spec_init_genrand,0,0,0,0,0,5,0,0,0,0,158.375
function@spec_rand,0,0,0,0,0,0,0,0,0,0,0
function@spec_genrand_int32,5,1,0,0,2,19,40.6129,8.22581,0,8.22581,170.484
function@spec_lrand48,0,0,0,0,0,0,0,0,0,0,0
function@spec_init_by_array,0,0,0,0,0,5,0,0,0,0,158.375
function@spec_genrand_int31,0,0,0,0,0,0,0,0,0,0,0
function@spec_genrand_real1,0,0,0,0,0,0,0,0,0,0,0
function@spec_genrand_real2,0,0,0,0,0,0,0,0,0,0,0
function@spec_genrand_real3,0,0,0,0,0,0,0,0,0,0,0
function@spec_genrand_res53,1,0,0,1,0,0,1,0,1,0,0
function@getpdb,15,11,0,15,9,6,75.8213,52.3246,74.8883,12.8418,474.139
function@getmatrix,0,0,0,0,0,1,0,0,0,0,0.553634
function@putpdb,72,34,0,49,30,15,22154.5,9256.8,4674.16,4334.98,3961.77
function@putcif,28,5,0,8,12,3,62043.5,408.588,428.353,1173.53,15435.3
function@putbnd,40,20,0,13,17,6,3962.56,5674.07,103.812,317.469,5608.21
function@putdist,38,14,0,11,28,11,767827,12208.3,107509,66092.3,224704
function@putmatrix,0,0,0,0,0,2,0,0,0,0,1.5551
function@initres,0,0,0,0,0,0,0,0,0,0,0
function@makebonds,40,7,0,10,12,7,1467.96,237.8,220.48,65.68,361.72
function@chirvol,5,16,0,8,0,0,5,16,8,0,0
function@nrerror,0,0,0,0,0,0,0,0,0,0,0
function@vector,0,0,0,0,0,2,0,0,0,0,2
function@ivector,0,0,0,0,0,1,0,0,0,0,1
function@ipvector,0,0,0,0,0,1,0,0,0,0,1
function@matrix,18,13,0,10,13,9,104.75,68.3124,5.99999,34.6249,21.8125
function@imatrix,18,13,0,10,13,9,104.75,68.3124,5.99999,34.6249,21.8125
function@free_vector,0,0,0,0,0,0,0,0,0,0,0
function@free_ivector,0,0,0,0,0,0,0,0,0,0,0
function@free_matrix,0,0,0,0,0,0,0,0,0,0,0
function@free_imatrix,0,0,0,0,0,0,0,0,0,0,0
function@errormsg,0,0,0,0,0,0,0,0,0,0,0
function@errormsg_s,0,0,0,0,0,0,0,0,0,0,0
function@errormsg_2s,0,0,0,0,0,0,0,0,0,0,0
function@errormsg_d,0,0,0,0,0,0,0,0,0,0,0
function@errors,0,0,0,0,0,0,0,0,0,0,0
function@seconds,0,0,0,0,0,0,0,0,0,0,0
function@myroc,0,0,0,0,0,0,0,0,0,0,0
function@get_nr_debug,0,0,0,0,0,0,0,0,0,0,0
function@get_blocksize,0,0,0,0,0,0,0,0,0,0,0
function@get_mytaskid,0,0,0,0,0,0,0,0,0,0,0
function@get_numtasks,0,0,0,0,0,0,0,0,0,0,0
function@mpierror,0,0,0,0,0,0,0,0,0,0,0
function@reducerror,0,0,0,0,0,0,0,0,0,0,0
function@mpifinalize,0,0,0,0,0,0,0,0,0,0,0
function@mpiinit,0,0,0,0,0,0,0,0,0,0,0
function@getxyz,0,0,0,0,0,0,0,0,0,0,0
function@getxyzw,3,6,0,5,0,6,41,27.8691,21.625,0,90
function@putxyz,0,0,0,0,0,0,0,0,0,0,0
function@putxyzw,5,1,0,2,0,5,22.625,0.625,1,0,40.3125
function@strindex,3,1,0,2,5,2,13.8824,0.624427,1.00305,26.7649,1.53588
function@getxv,1,8,0,3,0,11,1,16.1191,1,0,151
function@putxv,9,4,0,5,2,4,56.125,33.75,53.5,32.5,65
function@checkpoint,6,6,0,2,0,10,1.875,2.87698,1.25,0,68.0258
function@mme_timer,0,0,0,0,0,0,0,0,0,0,0
function@mme_init,46,5,0,17,16,29,1986.87,42.9998,60.2966,631.872,816.997
function@mme34,343,141,0,162,16,40,10879.2,4759.2,3707.26,53.2164,985.85
function@mme,0,0,0,0,0,0,0,0,0,0,0
function@mme4,0,0,0,0,0,0,0,0,0,0,0
function@mm_set_checkpoint,0,0,0,0,0,1,0,0,0,0,1
function@md,90,57,0,39,42,31,392.489,742.695,131.255,189.441,685.626
function@ebond,22,6,0,12,3,2,386.429,92.2857,155.143,41.1905,40.5714
function@eangl,72,34,0,35,5,2,1339.86,609.571,591.286,81.7619,40.5714
function@ephi,150,174,0,95,7,6,2787.23,2756.53,1298.13,101.249,139.998
function@nbond,71,21,0,48,8,8,3744.24,1154.56,1421.56,89.68,473.92
function@setseed,0,0,0,0,0,1,0,0,0,0,1
function@rseed,0,0,0,0,0,0,0,0,0,0,0
function@gauss,4,2,0,2,0,0,81.5,2,64,0,0
function@rand2,0,0,0,0,0,0,0,0,0,0,0
function@CG_exit,0,0,0,0,0,0,0,0,0,0,0
function@main,0,0,0,0,0,7,0,0,0,0,6.99999
function@setpoint,5,5,0,4,2,2,386.2,649.071,55.6286,310.843,3315.83
function@select_atoms,176,95,0,73,68,96,3.00257e+06,506893,521231,386449,1.85983e+06
function@atom_in_aexpr,23,9,0,15,10,27,113.153,40.6331,46.9907,24.1087,84.8859
function@set_attr_if,29,10,0,11,6,5,86842.9,12389.6,26082.8,5279.5,13380.9
function@clear_attr,11,7,0,4,8,2,18423.1,10496.5,56.75,10746,5466.5
function@is_pattern,2,0,0,1,0,3,0.496732,0,1,0,2.75163
function@match_atom_pat,11,3,0,3,4,5,5345.75,235.5,235.5,439.667,6614
function@getreslibkind,0,0,0,0,0,3,0,0,0,0,2.01587
function@read_reslib,49,42,0,12,28,11,546.383,161.661,62.5824,96.851,193.168
function@setreslibkind,0,0,0,0,0,4,0,0,0,0,2.95627
function@getresidue,0,0,0,0,0,4,0,0,0,0,2.6719
function@copyresidue,115,34,0,18,21,18,87.22,13.2101,3.45634,7.48604,10.5401
function@copystrand,0,3,0,1,0,6,0,0.769231,0.384615,0,8.15385
function@copymolecule,0,0,0,0,0,4,0,0,0,0,10.2059
function@addres2reslib,39,5,0,6,2,3,141.855,17.6401,11.3064,8.05639,16.0151
function@addbonds2reslib,39,9,0,3,2,3,45.0434,15.588,6.83563,6.34352,7.6435
function@addqr2reslib,9,4,0,4,4,2,132.951,105.293,4.14634,12.8293,99.2927
function@addchi2reslib,0,0,0,0,0,5,0,0,0,0,38.2443
function@ggets,0,0,0,0,0,1,0,0,0,0,1
function@readparm,740,27,0,135,27,202,3321.04,361.892,154.453,424.399,2494.42
function@preadln,0,5,0,2,5,1,0,12.7222,2,5.51852,7.42593
function@pfind,0,0,0,0,0,7,0,0,0,0,28.5
function@FortranFormat,0,0,0,0,0,0,0,0,0,0,0
function@FortranWriteInt,0,0,0,0,0,0,0,0,0,0,0
function@FortranWriteDouble,0,0,0,0,0,0,0,0,0,0,0
function@FortranWriteString,0,0,0,0,0,0,0,0,0,0,0
function@FortranEndLine,0,0,0,0,0,0,0,0,0,0,0
function@writeparm,147,2,0,1,0,62,607.811,1.35294,1,0,437.647
function@copyparm,0,0,0,0,0,2,0,0,0,0,2
function@readbinposhdr,0,0,0,0,0,0,0,0,0,0,0
function@readbinposfrm,5,7,0,2,1,7,1.96875,9.59373,0.812499,0.312499,14.6562
function@writebinposhdr,0,0,0,0,0,0,0,0,0,0,0
function@writebinposfrm,2,4,0,1,3,6,0.937499,25.9375,0.624999,10.9375,28.3125
function@nblist,194,81,0,67,54,16,7057.66,923.703,322.867,905.753,412.703
function@heapsort_index,34,8,0,9,11,9,761.781,403.281,27.5312,46.7188,400.094
function@buildkdtree,111,41,0,58,19,7,1417.22,508.573,373.818,372.678,14.0245
function@searchkdtree,39,3,0,14,0,2,270,34.875,54.75,0,39.75
function@heapsort_pairs,29,10,0,9,12,6,786.906,412.281,80.2188,107.906,202.188
function@sDBRemoveSpaces,0,0,0,0,0,2,0,0,0,0,2
function@sDBRemoveControlAndPadding,0,0,0,0,0,3,0,0,0,0,14.35
function@sDBRemoveLeadingSpaces,0,0,0,0,0,1,0,0,0,0,1
function@sDBRemoveFirstString,0,0,0,0,0,0,0,0,0,0,0
function@dDictCreate,0,0,0,0,0,0,0,0,0,0,0
function@DictDestroy,0,0,0,0,0,0,0,0,0,0,0
function@DictAdd,0,0,0,0,0,4,0,0,0,0,2
function@vPDictFind,0,0,0,0,0,1,0,0,0,0,1
function@vPDictDelete,4,2,0,1,1,2,12.9625,1.1,1,0.1,1.1
function@ziDictKeyCompare,0,0,0,0,0,0,0,0,0,0,0
function@dlDictLoop,0,0,0,0,0,1,0,0,0,0,1
function@vPDictNext,0,0,0,0,0,1,0,0,0,0,1
function@zbDBParseSimpleHeader,0,0,0,0,0,2,0,0,0,0,7.66667
function@CompactDataBase,4,9,0,5,5,4,39.6825,276.94,31.1488,22.1925,30.5238
function@dbDBRndOpen,24,7,0,7,6,7,0.8153,0.49326,0.383452,0.336458,2.22444
function@bDBRndDeleteEntry,6,4,0,2,1,3,2.72729,8.79141,1.625,0.062988,13.5315
function@DBRndLoopEntryWithPrefix,0,0,0,0,0,2,0,0,0,0,13.5
function@bDBRndNextEntryWithPrefix,0,0,0,0,0,2,0,0,0,0,2
function@dbDBSeqOpen,0,0,0,0,0,6,0,0,0,0,2.85965
function@DBSeqRewind,0,0,0,0,0,0,0,0,0,0,0
function@DBSeqSkipData,0,0,0,0,0,0,0,0,0,0,0
function@lDBSeqCurPos,0,0,0,0,0,0,0,0,0,0,0
function@DBSeqGoto,0,0,0,0,0,0,0,0,0,0,0
function@bDBGetType,0,0,0,0,0,2,0,0,0,0,7.25
function@bDBGetValue,0,3,0,3,0,12,0,0.0498695,0.0526875,0,12.1805
function@DBPutValue,1,0,0,1,4,7,1.66667,0,1,5.05208,49.5417
function@ePrepareDatabaseForEntry,8,2,0,4,0,6,5.07812,6.8125,3.625,0,3.625
function@ConstructDataHeader,0,0,0,0,0,3,0,0,0,0,2.7619
function@bDBGetTableType,6,1,0,1,11,9,10.8071,3.0754,0.562004,11.085,813.112
function@bDBGetTable,24,13,0,34,6,10,7.1827,6.16913,6.82366,3.73971,6.3295
function@sStripString,0,0,0,0,0,7,0,0,0,0,70.087
function@DBPutTable,53,0,0,49,2,7,724.075,0,352.995,20.625,15.2344
function@AddColumnType,0,0,0,0,0,2,0,0,0,0,2
function@ConcatString,0,0,0,0,0,4,0,0,0,0,22
function@DBClose,5,0,0,2,4,3,9.69118,0,3.67647,3.75,6.85294
function@DBPushPrefix,0,0,0,0,0,1,0,0,0,0,12.5
function@DBPopPrefix,0,0,0,0,0,0,0,0,0,0,0
function@DBZeroPrefix,0,0,0,0,0,0,0,0,0,0,0
function@DBPushZeroPrefix,0,0,0,0,0,0,0,0,0,0,0
