Comando: /home/mpvreal/Code/Faculdade/tcc/llvm/build/bin/llc --march=x86 --regalloc=basic -o -
Heurística: original
function@primal_update_flow,0,0,0,0,0,0,0,0,0,0,0
function@set_static_vars,0,0,0,0,0,0,0,0,0,0,0
function@bea_is_dual_infeasible,0,0,0,0,0,1,0,0,0,0,1
function@cost_compare,0,0,0,0,0,2,0,0,0,0,2
function@primal_bea_mpp,22,6,0,12,13,8,488.476,737.762,115.81,312.381,737.238
function@refreshArcPointers,15,0,0,5,0,5,201.75,0,67.25,0,106.25
function@refreshPositions,17,4,0,4,0,7,226,25.75,51.75,0,148.75
function@marc_arcs,18,22,0,15,14,12,21.9762,57.9524,20.1429,24.5238,62.7143
function@arc_compare,0,0,0,0,0,2,0,0,0,0,2
function@resize_prob,1,4,0,2,0,2,0.64,9.56,1.64,0,2
function@insert_new_arc,23,1,0,8,5,2,241.667,10.4167,65.4167,44,21.6667
function@replace_weaker_arc,28,2,0,4,4,2,219.688,15.625,31.875,24.25,5.8125
function@calculate_max_redcost,1,4,0,3,5,7,10.0196,30.3726,10.3137,11.5882,41.6863
function@switch_arcs,50,12,0,17,20,4,21654.4,3472,1696.52,2684.71,2086.1
function@price_out_impl,354,89,0,110,105,35,831.887,318.682,304.139,255.536,228.967
function@suspend_impl,84,49,0,44,36,25,155.177,98.2405,74.8608,63.1519,69.3671
function@global_opt,0,0,0,0,0,4,0,0,0,0,112.37
function@main,0,0,0,0,0,3,0,0,0,0,1.375
function@read_min,134,50,0,42,47,18,83.4444,26.3009,19.7036,12.3999,13.7694
function@primal_start_artificial,63,9,0,14,9,14,609.2,104.8,78.04,81.92,194
function@update_tree,40,4,0,27,6,11,512.258,31.129,238.774,3.58065,99.5806
function@refresh_neighbour_lists,0,0,0,0,0,1,0,0,0,0,19.9375
function@flow_cost,54,11,0,11,6,9,464.72,78.96,48.6,43.16,107.16
function@start,0,0,0,0,0,0,0,0,0,0,0
function@getArcPosition,5,14,0,9,3,9,4,8.5,7,1.5,6
function@getOriginalArcPosition,0,0,0,0,0,0,0,0,0,0,0
function@flow_org_cost,46,10,0,10,5,18,383.48,57.36,38.76,42.52,170.64
function@primal_feasible,6,6,0,4,4,3,28.1915,32.7447,17.3191,12.0638,11.8723
function@dual_feasible,0,0,0,0,0,1,0,0,0,0,1
function@getfree,0,0,0,0,0,0,0,0,0,0,0
function@spec_qsort,1152,389,0,373,268,111,19140.7,4532.29,1789.71,3795.36,4033.45
function@markBaskets,4,1,0,1,5,7,28.784,7.87302,5.16493,21.911,733.717
function@worker,18,19,0,16,11,2,14,99,15.75,23.5,20
function@master,25,27,0,18,11,6,61.1263,98.7403,38.0408,21.9112,282.565
function@primal_net_simplex,0,0,0,0,0,0,0,0,0,0,0
function@write_circulations,4,2,0,2,0,5,1.90204,0.871969,0.871969,0,4.37827
function@write_objective_value,0,0,0,0,0,2,0,0,0,0,2
function@primal_iminus,23,1,0,7,2,2,195.048,20.2857,30.7143,1,8.66667
