Comando: /home/mpvreal/Code/Faculdade/tcc/llvm/build/bin/llc --march=x86-64 --regalloc=greedy -o -
Heurística: div(cost,mul(area,pow(degree,2)))
function@main,0,0,0,0,0,14,0,0,0,0,54.1667
function@MAIN_parseCommandLine,0,0,0,0,0,3,0,0,0,0,3
function@MAIN_printInfo,0,0,0,0,0,0,0,0,0,0,0
function@MAIN_initialize,0,0,0,0,0,1,0,0,0,0,1
function@MAIN_finalize,0,0,0,0,0,1,0,0,0,0,1
function@LBM_allocateGrid,0,0,0,0,0,1,0,0,0,0,1
function@LBM_freeGrid,0,0,0,0,0,1,0,0,0,0,1
function@LBM_initializeGrid,0,0,0,0,0,0,0,0,0,0,0
function@LBM_swapGrids,0,0,0,0,0,0,0,0,0,0,0
function@LBM_loadObstacleFile,0,0,0,0,0,9,0,0,0,0,33860.5
function@LBM_initializeSpecialCellsForLDC,0,0,0,0,0,7,0,0,0,0,3740.12
function@LBM_initializeSpecialCellsForChannel,0,0,0,0,0,2,0,0,0,0,10954.5
function@LBM_performStreamCollideBGK,2,4,0,5,0,1,15.75,31.5,79.375,0,31.875
function@LBM_performStreamCollideTRT,30,24,0,49,0,4,476.25,381,777.875,0,63.5
function@LBM_handleInOutFlow,4,8,0,11,0,6,127.5,255,350.625,0,191.25
function@LBM_showGridStatistics,19,3,0,15,0,6,148.75,47.8125,252.938,0,19.9375
function@LBM_storeVelocityField,3,0,0,3,0,12,1088,0,1088,0,114694
function@LBM_compareVelocityField,22,1,0,23,0,14,623680,32768,656448,0,139270
