Comando: /home/mpvreal/Code/Faculdade/tcc/llvm/build/bin/llc --march=aarch64 --regalloc=greedy -o -
Heurística: div(cost,mul(area,pow(degree,2)))
function@main,38,0,0,40,0,138,0.105626,0,4.89279,0,117.614
function@SigIntHandler,0,0,0,0,0,0,0,0,0,0,0
function@Help,0,0,0,0,0,14,0,0,0,0,10.4375
function@x264_adaptive_quant_frame,13,0,0,10,0,27,342.819,0,6.86264,0,315.214
function@x264_macroblock_tree_read,0,0,0,0,0,18,0,0,0,0,25.7522
function@x264_reference_build_list_optimal,0,0,0,0,0,3,0,0,0,0,1.75
function@x264_ratecontrol_init_reconfigurable,0,0,0,0,0,11,0,0,0,0,3.6546
function@x264_ratecontrol_new,58,0,0,9,0,186,16.307,0,0.73779,0,16.9548
function@x264_strcat_filename,0,0,0,0,0,7,0,0,0,0,6.33333
function@init_pass2,89,0,0,35,0,117,3533.61,0,116.599,0,3822.74
function@x264_ratecontrol_summary,0,0,0,0,0,3,0,0,0,0,1.30882
function@x264_ratecontrol_delete,0,0,0,0,0,4,0,0,0,0,2.4
function@x264_ratecontrol_start,0,0,0,0,0,18,0,0,0,0,7.80571
function@rate_estimate_qscale,13,0,0,9,0,40,66.38,0,2.29688,0,31.5005
function@x264_ratecontrol_mb,1,0,0,1,0,18,0.0777244,0,0.15625,0,6.60577
function@predict_row_size_sum,0,0,0,0,0,11,0,0,0,0,44.1562
function@x264_ratecontrol_qp,0,0,0,0,0,0,0,0,0,0,0
function@x264_ratecontrol_mb_qp,0,0,0,0,0,0,0,0,0,0,0
function@x264_ratecontrol_slice_type,0,0,0,0,0,8,0,0,0,0,2.79412
function@x264_ratecontrol_set_weights,0,0,0,0,0,1,0,0,0,0,1
function@x264_ratecontrol_end,0,0,0,0,0,26,0,0,0,0,12.8925
function@x264_hrd_fullness,0,0,0,0,0,5,0,0,0,0,4.25
function@x264_threads_normalize_predictors,0,0,0,0,0,2,0,0,0,0,0.64
function@x264_threads_distribute_ratecontrol,0,0,0,0,0,20,0,0,0,0,37.8918
function@x264_threads_merge_ratecontrol,1,0,0,1,0,8,3.91176,0,0.382353,0,17.0294
function@x264_thread_sync_ratecontrol,0,0,0,0,0,0,0,0,0,0,0
function@clip_qscale,0,0,0,0,0,21,0,0,0,0,9.7372
function@x264_mb_encode_i4x4,0,0,0,0,0,10,0,0,0,0,5.17188
function@x264_mb_encode_i8x8,0,0,0,0,0,13,0,0,0,0,6.17188
function@x264_mb_encode_8x8_chroma,111,0,0,27,0,49,546.983,0,66.5547,0,294.987
function@x264_mb_optimize_chroma_dc,0,0,0,0,0,10,0,0,0,0,166.318
function@x264_predict_lossless_8x8_chroma,0,0,0,0,0,5,0,0,0,0,2.33333
function@x264_predict_lossless_4x4,0,0,0,0,0,6,0,0,0,0,2.66667
function@x264_predict_lossless_8x8,0,0,0,0,0,6,0,0,0,0,2
function@x264_predict_lossless_16x16,0,0,0,0,0,1,0,0,0,0,1
function@x264_macroblock_encode,216,0,0,24,0,176,38.2848,0,6.00655,0,24.6915
function@x264_macroblock_probe_skip,12,0,0,12,0,40,20.3462,0,4.23138,0,86.1342
function@x264_noise_reduction_update,0,0,0,0,0,2,0,0,0,0,1.5
function@x264_macroblock_encode_p8x8,33,0,0,13,0,98,7.55835,0,5.65625,0,17.5509
function@x264_macroblock_encode_p4x4,0,0,0,0,0,9,0,0,0,0,4.17188
function@x264_lookahead_init,0,0,0,0,0,12,0,0,0,0,4.21062
function@x264_lookahead_delete,0,0,0,0,0,2,0,0,0,0,1.61905
function@x264_lookahead_put_frame,0,0,0,0,0,0,0,0,0,0,0
function@x264_lookahead_is_empty,0,0,0,0,0,1,0,0,0,0,0.619048
function@x264_lookahead_get_frames,0,0,0,0,0,8,0,0,0,0,29.6907
function@x264_me_search_ref,685,0,0,259,0,211,874.261,0,106.995,0,218.291
function@refine_subpel,187,0,0,36,0,138,130.71,0,25.6531,0,112.251
function@x264_me_refine_qpel,0,0,0,0,0,0,0,0,0,0,0
function@x264_me_refine_qpel_refdupe,0,0,0,0,0,1,0,0,0,0,1
function@x264_me_refine_bidir_satd,0,0,0,0,0,0,0,0,0,0,0
function@x264_me_refine_bidir,94,2,0,48,0,48,771.993,0.0781248,36.0506,0,355.51
function@x264_me_refine_bidir_rd,0,0,0,0,0,2,0,0,0,0,2
function@x264_me_refine_qpel_rd,221,0,0,62,0,156,53.2309,0,25.286,0,31.1293
function@x264_sps_init,0,0,0,0,0,4,0,0,0,0,1.67092
function@x264_sps_write,0,0,0,0,0,27,0,0,0,0,4.50393
function@x264_pps_init,0,0,0,0,0,67,0,0,0,0,12.8824
function@x264_pps_write,0,0,0,0,0,16,0,0,0,0,8.60714
function@scaling_list_write,0,0,0,0,0,8,0,0,0,0,10.9157
function@x264_sei_recovery_point_write,0,0,0,0,0,5,0,0,0,0,5
function@x264_sei_write_header,0,0,0,0,0,1,0,0,0,0,1
function@x264_sei_write,0,0,0,0,0,0,0,0,0,0,0
function@x264_sei_version_write,0,0,0,0,0,22,0,0,0,0,35.7037
function@x264_sei_buffering_period_write,0,0,0,0,0,5,0,0,0,0,5
function@x264_sei_pic_timing_write,0,0,0,0,0,6,0,0,0,0,5.4
function@x264_filler_write,0,0,0,0,0,1,0,0,0,0,19.9688
function@x264_validate_levels,0,0,0,0,0,14,0,0,0,0,6.13281
function@x264_encoder_open_96,2,0,0,6,0,65,0.0245664,0,0.0245662,0,11.4807
function@x264_validate_parameters,0,0,0,0,0,44,0,0,0,0,3.41899
function@x264_set_aspect_ratio,0,0,0,0,0,6,0,0,0,0,14.793
function@mbcmp_init,0,0,0,0,0,2,0,0,0,0,0.809524
function@x264_encoder_reconfig,0,0,0,0,0,18,0,0,0,0,9.21839
function@x264_encoder_parameters,0,0,0,0,0,1,0,0,0,0,1
function@x264_encoder_headers,0,0,0,0,0,15,0,0,0,0,8.99029
function@x264_nal_start,0,0,0,0,0,0,0,0,0,0,0
function@x264_nal_end,0,0,0,0,0,5,0,0,0,0,2.61905
function@x264_encoder_encapsulate_nals,0,0,0,0,0,19,0,0,0,0,20.0714
function@x264_weighted_reference_duplicate,0,0,0,0,0,7,0,0,0,0,5
function@x264_encoder_intra_refresh,0,0,0,0,0,0,0,0,0,0,0
function@x264_encoder_encode,12,0,0,11,0,156,1.28657,0,1.21166,0,286.561
function@x264_encoder_frame_end,0,0,0,0,0,56,0,0,0,0,118.787
function@x264_reference_hierarchy_reset,0,0,0,0,0,8,0,0,0,0,5.06626
function@x264_reference_check_reorder,0,0,0,0,0,2,0,0,0,0,7.95238
function@x264_threaded_slices_write,0,0,0,0,0,17,0,0,0,0,336.875
function@x264_slices_write,88,0,0,42,0,69,359.389,0,139.148,0,283.328
function@x264_encoder_close,51,0,0,38,0,109,5265.88,0,6878.25,0,43494.4
function@x264_encoder_delayed_frames,0,0,0,0,0,4,0,0,0,0,1.93548
function@x264_slice_header_init,0,0,0,0,0,3,0,0,0,0,13.7294
function@x264_fdec_filter_row,7,0,0,3,0,21,2.21569,0,1.5,0,22.2745
function@x264_macroblock_write_cavlc,8,0,0,4,0,105,7.28205,0,1.99919,0,26.1412
function@bs_write_ue,0,0,0,0,0,0,0,0,0,0,0
function@bs_write_te,0,0,0,0,0,0,0,0,0,0,0
function@cavlc_mb_mvd,0,0,0,0,0,6,0,0,0,0,6
function@block_residual_write_cavlc,0,0,0,0,0,10,0,0,0,0,14.5
function@block_residual_write_cavlc_escape,0,0,0,0,0,5,0,0,0,0,2.35433
function@x264_cabac_mb_skip,0,0,0,0,0,3,0,0,0,0,2
function@x264_macroblock_write_cabac,155,0,0,25,0,340,72.2326,0,11.4335,0,137.082
function@x264_cabac_mb_ref,0,0,0,0,0,4,0,0,0,0,22.6667
function@x264_cabac_mb_mvd,0,0,0,0,0,14,0,0,0,0,14
function@block_residual_write_cabac,1,0,0,1,0,33,0.194647,0,0.5,0,836.737
function@x264_cabac_mb_type_intra,0,0,0,0,0,27,0,0,0,0,11
function@x264_cabac_mb_mvd_cpn,0,0,0,0,0,22,0,0,0,0,13.2941
function@x264_rd_cost_part,40,0,0,12,0,129,8.94124,0,2.22982,0,41.2401
function@x264_rd_cost_mb,94,0,0,10,0,115,5.4195,0,3.75,0,14.3118
function@ssd_plane,3,0,0,3,0,16,0.39011,0,0.461538,0,6.43956
function@x264_rdo_init,16,5,0,16,5,6,126,32.5,16,5,1042.62
function@x264_quant_dc_trellis,0,0,0,0,0,2,0,0,0,0,1.5
function@quant_trellis_cabac,32,0,0,19,0,20,513.77,0,8.71428,0,783.254
function@x264_quant_4x4_trellis,0,0,0,0,0,3,0,0,0,0,3
function@x264_quant_8x8_trellis,0,0,0,0,0,1,0,0,0,0,1
function@x264_analyse_init_costs,0,0,0,0,0,13,0,0,0,0,18.6077
function@x264_analyse_free_costs,0,0,0,0,0,2,0,0,0,0,2
function@x264_analyse_weight_frame,0,0,0,0,0,7,0,0,0,0,20.08
function@x264_macroblock_analyse,309,0,0,112,0,364,79.6073,0,12.5289,0,75.0756
function@x264_mb_analyse_intra,53,0,0,25,0,49,802.559,0,53.6836,0,1606.82
function@x264_intra_rd,0,0,0,0,0,13,0,0,0,0,7.78125
function@x264_intra_rd_refine,91,0,0,66,0,60,5378.44,0,1753.67,0,3809.44
function@x264_mb_analyse_init_qp,0,0,0,0,0,0,0,0,0,0,0
function@x264_mb_analyse_inter_p8x8_mixed_ref,18,0,0,16,0,16,19335,0,264,0,15251.1
function@x264_mb_analyse_inter_p8x8,21,0,0,19,0,9,575.381,0,80.9524,0,134.905
function@x264_mb_cache_mv_p8x8,0,0,0,0,0,0,0,0,0,0,0
function@x264_mb_analyse_inter_p16x8,15,0,0,10,0,14,231.411,0,71.6737,0,137.4
function@x264_mb_analyse_inter_p8x16,16,0,0,11,0,17,242.189,0,93.2316,0,191.295
function@x264_mb_analyse_intra_chroma,0,0,0,0,0,8,0,0,0,0,16.375
function@x264_mb_analyse_transform_rd,0,0,0,0,0,7,0,0,0,0,4.72115
function@x264_analyse_update_cache,0,0,0,0,0,29,0,0,0,0,4.06321
function@x264_mb_analyse_b_rd,0,0,0,0,0,23,0,0,0,0,7.4375
function@x264_mb_analyse_inter_b8x8_mixed_ref,45,0,0,24,0,21,12741.1,0,347.073,0,5438
function@x264_mb_analyse_inter_b8x8,34,0,0,27,0,19,1088,0,585,0,453
function@x264_mb_analyse_inter_b16x8,37,0,0,24,0,20,335.024,0,84.0159,0,210.238
function@x264_mb_analyse_inter_b8x16,29,0,0,16,0,26,311.381,0,91.2698,0,254.567
function@x264_refine_bidir,0,0,0,0,0,11,0,0,0,0,2.45283
function@x264_weight_plane_analyse,2,0,0,2,0,10,2,0,2,0,338.524
function@x264_weights_analyse,59,0,0,44,0,51,9392.01,0,261.507,0,19060.5
function@x264_slicetype_frame_cost,8,0,0,5,0,29,16.0095,0,3.08594,0,1482.75
function@x264_slicetype_analyse,61,0,0,34,0,166,200.4,0,40.9641,0,12635.6
function@scenecut,4,0,0,3,0,28,4.175,0,1,0,85.225
function@x264_slicetype_decide,2,0,0,2,0,39,0.78125,0,1.01562,0,69.7855
function@x264_rc_analyse_slice,0,0,0,0,0,16,0,0,0,0,16.4483
function@x264_slicetype_frame_cost_recalculate,0,0,0,0,0,6,0,0,0,0,967
function@x264_macroblock_size_cabac,170,0,0,13,0,202,37.4055,0,4.44167,0,49.3296
function@x264_cabac_mb_ref,0,0,0,0,0,1,0,0,0,0,0.380952
function@x264_cabac_mb8x8_mvd,0,0,0,0,0,66,0,0,0,0,14.8
function@x264_cabac_mb_mvd_cpn,0,0,0,0,0,0,0,0,0,0,0
function@block_residual_write_cabac_internal,0,0,0,0,0,8,0,0,0,0,17.5238
function@cavlc_mb_mvd,0,0,0,0,0,6,0,0,0,0,6
function@cavlc_mb8x8_mvd,0,0,0,0,0,18,0,0,0,0,4.4
function@block_residual_write_cavlc,0,0,0,0,0,4,0,0,0,0,4
function@x264_macroblock_luma_write_cavlc,3,0,0,2,0,9,11.4375,0,1.5,0,37.6875
function@x264_rd_cost_i8x8_chroma,2,0,0,2,0,30,1.25,0,1.25,0,12.5366
function@x264_mb_analyse_inter_p4x4_chroma,17,0,0,10,0,70,5.33333,0,4.66667,0,21.125
function@x264_mb_cache_mv_b8x8,0,0,0,0,0,5,0,0,0,0,1.47059
function@x264_slicetype_mb_cost,86,0,0,27,0,65,23.75,0,22.5,0,15.7148
function@scenecut_internal,0,0,0,0,0,10,0,0,0,0,9.49412
function@x264_macroblock_tree_propagate,34,0,0,19,0,12,1163.84,0,114.125,0,109.312
function@mk_create_writer,0,0,0,0,0,15,0,0,0,0,16.8506
function@mk_create_context,0,0,0,0,0,4,0,0,0,0,3.14286
function@mk_writeHeader,3,0,0,3,0,70,1.91382e-06,0,0.584106,0,33.8088
function@mk_write_uint,0,0,0,0,0,9,0,0,0,0,11.5254
function@mk_write_string,0,0,0,0,0,12,0,0,0,0,15.1284
function@mk_close_context,0,0,0,0,0,9,0,0,0,0,7.67045
function@mk_flush_context_id,0,0,0,0,0,5,0,0,0,0,8.12844
function@mk_write_float,0,0,0,0,0,7,0,0,0,0,42.2969
function@mk_write_bin,0,0,0,0,0,9,0,0,0,0,29.5476
function@mk_flush_context_data,0,0,0,0,0,8,0,0,0,0,9.13761
function@mk_start_frame,0,0,0,0,0,3,0,0,0,0,2.61905
function@mk_flush_frame,0,0,0,0,0,15,0,0,0,0,17.0577
function@mk_set_frame_flags,0,0,0,0,0,3,0,0,0,0,1.64
function@mk_add_frame_data,0,0,0,0,0,8,0,0,0,0,13.7438
function@mk_close,0,0,0,0,0,19,0,0,0,0,101.26
function@mk_close_cluster,0,0,0,0,0,9,0,0,0,0,4.55197
function@mk_write_id,0,0,0,0,0,11,0,0,0,0,19.8084
function@mk_write_size,0,0,0,0,0,13,0,0,0,0,19.8211
function@open_file,0,0,0,0,0,6,0,0,0,0,4.23529
function@set_param,0,0,0,0,0,7,0,0,0,0,34.8529
function@write_headers,4,0,0,4,0,9,0.29979,0,0.551363,0,1.73795
function@write_frame,0,0,0,0,0,7,0,0,0,0,6.25
function@close_file,0,0,0,0,0,4,0,0,0,0,4
function@open_file,0,0,0,0,0,5,0,0,0,0,4.38235
function@write_headers,0,0,0,0,0,2,0,0,0,0,2
function@write_frame,0,0,0,0,0,4,0,0,0,0,4
function@close_file,0,0,0,0,0,0,0,0,0,0,0
function@dbl2int,0,0,0,0,0,1,0,0,0,0,1
function@x264_put_byte,0,0,0,0,0,3,0,0,0,0,18.36
function@flv_append_data,0,0,0,0,0,6,0,0,0,0,20.8571
function@x264_put_be32,0,0,0,0,0,9,0,0,0,0,69.381
function@x264_put_be64,0,0,0,0,0,5,0,0,0,0,5
function@x264_put_be16,0,0,0,0,0,5,0,0,0,0,35.2857
function@x264_put_be24,0,0,0,0,0,7,0,0,0,0,52.3333
function@x264_put_tag,0,0,0,0,0,3,0,0,0,0,343.25
function@x264_put_amf_string,0,0,0,0,0,10,0,0,0,0,55.1429
function@x264_put_amf_double,0,0,0,0,0,7,0,0,0,0,22.36
function@flv_create_writer,0,0,0,0,0,8,0,0,0,0,4.82353
function@rewrite_amf_be24,0,0,0,0,0,0,0,0,0,0,0
function@flv_flush_data,0,0,0,0,0,3,0,0,0,0,1.68
function@open_file,0,0,0,0,0,12,0,0,0,0,6.83333
function@set_param,0,0,0,0,0,29,0,0,0,0,29
function@write_headers,0,0,0,0,0,32,0,0,0,0,20.9524
function@write_frame,0,0,0,0,0,25,0,0,0,0,22.7005
function@close_file,0,0,0,0,0,22,0,0,0,0,14.5469
function@open_file,0,0,0,0,0,6,0,0,0,0,5.08571
function@get_frame_total,0,0,0,0,0,0,0,0,0,0,0
function@read_frame,0,0,0,0,0,5,0,0,0,0,3.875
function@release_frame,0,0,0,0,0,0,0,0,0,0,0
function@close_file,0,0,0,0,0,2,0,0,0,0,2
function@open_file,0,0,0,0,0,15,0,0,0,0,13.4286
function@get_frame_total,0,0,0,0,0,2,0,0,0,0,2
function@read_frame,0,0,0,0,0,4,0,0,0,0,3.24074
function@close_file,0,0,0,0,0,2,0,0,0,0,1.4
function@open_file,24,0,0,13,0,112,6.11389,0,4.99157,0,277.5
function@get_frame_total,0,0,0,0,0,0,0,0,0,0,0
function@read_frame,0,0,0,0,0,8,0,0,0,0,7.02941
function@release_frame,0,0,0,0,0,0,0,0,0,0,0
function@close_file,0,0,0,0,0,2,0,0,0,0,2
function@correct_fps,0,0,0,0,0,8,0,0,0,0,26.8571
function@try_mkv_timebase_den,0,0,0,0,0,8,0,0,0,0,511.787
function@open_file,0,0,0,0,0,28,0,0,0,0,7.30384
function@get_frame_total,0,0,0,0,0,4,0,0,0,0,4
function@read_frame,0,0,0,0,0,4,0,0,0,0,3.10814
function@close_file,0,0,0,0,0,2,0,0,0,0,1.4
function@x264_pixel_ssd_wxh,19,0,0,8,0,57,37.6667,0,4.4902,0,785.804
function@x264_pixel_ssim_wxh,29,0,0,25,0,32,1330.33,0,795.159,0,13547.5
function@x264_pixel_init,0,0,0,0,0,1,0,0,0,0,1
function@x264_pixel_sad_16x16,0,0,0,0,0,1,0,0,0,0,1
function@x264_pixel_sad_16x8,0,0,0,0,0,1,0,0,0,0,1
function@x264_pixel_sad_8x16,0,0,0,0,0,1,0,0,0,0,1
function@x264_pixel_sad_8x8,0,0,0,0,0,1,0,0,0,0,1
function@x264_pixel_sad_8x4,0,0,0,0,0,1,0,0,0,0,1
function@x264_pixel_sad_4x8,0,0,0,0,0,1,0,0,0,0,1
function@x264_pixel_sad_4x4,0,0,0,0,0,1,0,0,0,0,1
function@x264_pixel_sad_x3_16x16,0,0,0,0,0,14,0,0,0,0,14
function@x264_pixel_sad_x3_16x8,0,0,0,0,0,14,0,0,0,0,14
function@x264_pixel_sad_x3_8x16,0,0,0,0,0,0,0,0,0,0,0
function@x264_pixel_sad_x3_8x8,0,0,0,0,0,0,0,0,0,0,0
function@x264_pixel_sad_x3_8x4,0,0,0,0,0,14,0,0,0,0,14
function@x264_pixel_sad_x3_4x8,0,0,0,0,0,14,0,0,0,0,14
function@x264_pixel_sad_x3_4x4,0,0,0,0,0,0,0,0,0,0,0
function@x264_pixel_sad_x4_16x16,0,0,0,0,0,18,0,0,0,0,18
function@x264_pixel_sad_x4_16x8,0,0,0,0,0,18,0,0,0,0,18
function@x264_pixel_sad_x4_8x16,0,0,0,0,0,0,0,0,0,0,0
function@x264_pixel_sad_x4_8x8,0,0,0,0,0,0,0,0,0,0,0
function@x264_pixel_sad_x4_8x4,0,0,0,0,0,18,0,0,0,0,18
function@x264_pixel_sad_x4_4x8,0,0,0,0,0,18,0,0,0,0,18
function@x264_pixel_sad_x4_4x4,0,0,0,0,0,0,0,0,0,0,0
function@x264_pixel_ssd_16x16,0,0,0,0,0,1,0,0,0,0,1
function@x264_pixel_ssd_16x8,0,0,0,0,0,1,0,0,0,0,1
function@x264_pixel_ssd_8x16,0,0,0,0,0,1,0,0,0,0,1
function@x264_pixel_ssd_8x8,0,0,0,0,0,1,0,0,0,0,1
function@x264_pixel_ssd_8x4,0,0,0,0,0,1,0,0,0,0,1
function@x264_pixel_ssd_4x8,0,0,0,0,0,1,0,0,0,0,1
function@x264_pixel_ssd_4x4,0,0,0,0,0,1,0,0,0,0,1
function@x264_pixel_satd_16x16,5,0,0,5,0,26,5,0,5,0,26
function@x264_pixel_satd_16x8,0,0,0,0,0,19,0,0,0,0,19
function@x264_pixel_satd_8x16,0,0,0,0,0,18,0,0,0,0,18
function@x264_pixel_satd_8x8,0,0,0,0,0,11,0,0,0,0,11
function@x264_pixel_satd_8x4,0,0,0,0,0,1,0,0,0,0,1
function@x264_pixel_satd_4x8,0,0,0,0,0,11,0,0,0,0,11
function@x264_pixel_satd_4x4,0,0,0,0,0,6,0,0,0,0,6
function@x264_pixel_satd_x3_16x16,0,0,0,0,0,14,0,0,0,0,14
function@x264_pixel_satd_x3_16x8,5,0,0,5,0,41,5,0,5,0,41
function@x264_pixel_satd_x3_8x16,8,0,0,7,0,37,8,0,7,0,37
function@x264_pixel_satd_x3_8x8,0,0,0,0,0,24,0,0,0,0,24
function@x264_pixel_satd_x3_8x4,0,0,0,0,0,14,0,0,0,0,14
function@x264_pixel_satd_x3_4x8,0,0,0,0,0,24,0,0,0,0,24
function@x264_pixel_satd_x3_4x4,0,0,0,0,0,14,0,0,0,0,14
function@x264_pixel_satd_x4_16x16,0,0,0,0,0,18,0,0,0,0,18
function@x264_pixel_satd_x4_16x8,8,0,0,7,0,53,8,0,7,0,53
function@x264_pixel_satd_x4_8x16,16,0,0,12,0,51,16,0,12,0,51
function@x264_pixel_satd_x4_8x8,0,0,0,0,0,31,0,0,0,0,31
function@x264_pixel_satd_x4_8x4,0,0,0,0,0,18,0,0,0,0,18
function@x264_pixel_satd_x4_4x8,0,0,0,0,0,31,0,0,0,0,31
function@x264_pixel_satd_x4_4x4,0,0,0,0,0,18,0,0,0,0,18
function@x264_pixel_hadamard_ac_16x16,0,0,0,0,0,10,0,0,0,0,10
function@x264_pixel_hadamard_ac_16x8,0,0,0,0,0,6,0,0,0,0,6
function@x264_pixel_hadamard_ac_8x16,0,0,0,0,0,6,0,0,0,0,6
function@x264_pixel_hadamard_ac_8x8,0,0,0,0,0,1,0,0,0,0,1
function@x264_pixel_ads4,0,0,0,0,0,7,0,0,0,0,53.3333
function@x264_pixel_ads2,0,0,0,0,0,5,0,0,0,0,12.7619
function@x264_pixel_ads1,0,0,0,0,0,5,0,0,0,0,12.7619
function@x264_pixel_sa8d_16x16,0,0,0,0,0,19,0,0,0,0,19
function@x264_pixel_sa8d_8x8,0,0,0,0,0,0,0,0,0,0,0
function@x264_pixel_var_16x16,0,0,0,0,0,2,0,0,0,0,2
function@x264_pixel_var_8x8,8,0,0,8,0,0,8,0,8,0,0
function@ssim_4x4x2_core,0,0,0,0,0,3,0,0,0,0,64.75
function@ssim_end4,8,0,0,8,0,13,80.1569,0,60.7059,0,136.922
function@pixel_var2_8x8,0,0,0,0,0,2,0,0,0,0,2
function@pixel_hadamard_ac,25,0,0,25,0,2,25,0,25,0,2
function@sa8d_8x8,0,0,0,0,0,2,0,0,0,0,2
function@x264_frame_new,10,0,0,4,0,30,0.471058,0,3.24994,0,14.5515
function@x264_frame_delete,0,0,0,0,0,4,0,0,0,0,2.7619
function@x264_frame_copy_picture,0,0,0,0,0,7,0,0,0,0,3.99476
function@x264_frame_expand_border,44,0,0,11,0,40,134.529,0,34.7941,0,1695.06
function@x264_frame_expand_border_filtered,157,0,0,96,0,295,1485.24,0,96,0,2629.86
function@x264_frame_expand_border_lowres,0,0,0,0,0,134,0,0,0,0,4781.5
function@x264_frame_expand_border_mod16,6,0,0,3,0,6,80.1667,0,43.5,0,628.333
function@x264_frame_cond_broadcast,0,0,0,0,0,0,0,0,0,0,0
function@x264_frame_cond_wait,0,0,0,0,0,0,0,0,0,0,0
function@x264_frame_push,0,0,0,0,0,0,0,0,0,0,0
function@x264_frame_pop,0,0,0,0,0,1,0,0,0,0,1
function@x264_frame_unshift,0,0,0,0,0,1,0,0,0,0,1
function@x264_frame_shift,0,0,0,0,0,1,0,0,0,0,1
function@x264_frame_push_unused,0,0,0,0,0,0,0,0,0,0,0
function@x264_frame_pop_unused,0,0,0,0,0,2,0,0,0,0,1.38095
function@x264_frame_push_blank_unused,0,0,0,0,0,0,0,0,0,0,0
function@x264_frame_pop_blank_unused,0,0,0,0,0,0,0,0,0,0,0
function@x264_frame_sort,0,0,0,0,0,4,0,0,0,0,238.25
function@x264_weight_scale_plane,1,0,0,1,0,12,12.75,0,0.4,0,1657.95
function@x264_frame_delete_list,0,0,0,0,0,2,0,0,0,0,1.61905
function@x264_synch_frame_list_init,0,0,0,0,0,4,0,0,0,0,2.38235
function@x264_synch_frame_list_delete,0,0,0,0,0,1,0,0,0,0,0.619048
function@x264_synch_frame_list_push,0,0,0,0,0,0,0,0,0,0,0
function@x264_macroblock_cache_mv_4_4,0,0,0,0,0,0,0,0,0,0,0
function@x264_macroblock_cache_mv_2_4,0,0,0,0,0,0,0,0,0,0,0
function@x264_macroblock_cache_mv_4_2,0,0,0,0,0,0,0,0,0,0,0
function@x264_macroblock_cache_mv_2_2,0,0,0,0,0,0,0,0,0,0,0
function@x264_macroblock_cache_mv_2_1,0,0,0,0,0,0,0,0,0,0,0
function@x264_macroblock_cache_mv_1_2,0,0,0,0,0,0,0,0,0,0,0
function@x264_macroblock_cache_mv_1_1,0,0,0,0,0,0,0,0,0,0,0
function@x264_macroblock_cache_mvd_4_4,0,0,0,0,0,0,0,0,0,0,0
function@x264_macroblock_cache_mvd_2_4,0,0,0,0,0,0,0,0,0,0,0
function@x264_macroblock_cache_mvd_4_2,0,0,0,0,0,0,0,0,0,0,0
function@x264_macroblock_cache_mvd_2_2,0,0,0,0,0,0,0,0,0,0,0
function@x264_macroblock_cache_mvd_2_1,0,0,0,0,0,0,0,0,0,0,0
function@x264_macroblock_cache_mvd_1_2,0,0,0,0,0,0,0,0,0,0,0
function@x264_macroblock_cache_mvd_1_1,0,0,0,0,0,0,0,0,0,0,0
function@x264_macroblock_cache_ref_4_4,0,0,0,0,0,0,0,0,0,0,0
function@x264_macroblock_cache_ref_2_4,0,0,0,0,0,0,0,0,0,0,0
function@x264_macroblock_cache_ref_4_2,0,0,0,0,0,0,0,0,0,0,0
function@x264_macroblock_cache_ref_2_2,0,0,0,0,0,0,0,0,0,0,0
function@x264_macroblock_cache_ref_2_1,0,0,0,0,0,0,0,0,0,0,0
function@x264_mb_mc_8x8,0,0,0,0,0,36,0,0,0,0,5.75472
function@x264_mb_mc_0xywh,1,0,0,1,0,17,1,0,1,0,15.4762
function@x264_mb_mc_01xywh,20,0,0,17,0,33,19,0,17,0,33
function@x264_mb_mc_1xywh,1,0,0,1,0,14,1,0,1,0,14
function@x264_mb_mc,0,0,0,0,0,20,0,0,0,0,3.59341
function@x264_macroblock_cache_allocate,0,0,0,0,0,16,0,0,0,0,4.03814
function@x264_macroblock_cache_free,0,0,0,0,0,1,0,0,0,0,1
function@x264_macroblock_thread_allocate,0,0,0,0,0,5,0,0,0,0,3.74419
function@x264_macroblock_thread_free,0,0,0,0,0,2,0,0,0,0,8.5
function@x264_macroblock_slice_init,0,0,0,0,0,8,0,0,0,0,8.36765
function@x264_macroblock_thread_init,0,0,0,0,0,1,0,0,0,0,0.190476
function@x264_prefetch_fenc,0,0,0,0,0,4,0,0,0,0,4
function@x264_macroblock_cache_load,0,0,0,0,0,45,0,0,0,0,19.9265
function@x264_macroblock_load_pic_pointers,2,0,0,2,0,8,2,0,2,0,5.70312
function@x264_macroblock_cache_load_neighbours_deblock,0,0,0,0,0,2,0,0,0,0,0.469136
function@x264_macroblock_cache_load_deblock,0,0,0,0,0,3,0,0,0,0,0.180428
function@x264_macroblock_cache_save,12,0,0,6,0,3,4.4902,0,6,0,1.34804
function@x264_macroblock_bipred_init,0,0,0,0,0,5,0,0,0,0,280.094
function@x264_frame_deblock_row,86,0,0,27,0,83,500,0,146,0,331.281
function@x264_deblock_init,0,0,0,0,0,0,0,0,0,0,0
function@deblock_v_luma_c,0,0,0,0,0,4,0,0,0,0,4
function@deblock_h_luma_c,0,0,0,0,0,5,0,0,0,0,5
function@deblock_v_chroma_c,0,0,0,0,0,4,0,0,0,0,4
function@deblock_h_chroma_c,0,0,0,0,0,5,0,0,0,0,5
function@deblock_v_luma_intra_c,0,0,0,0,0,2,0,0,0,0,2
function@deblock_h_luma_intra_c,0,0,0,0,0,4,0,0,0,0,4
function@deblock_v_chroma_intra_c,0,0,0,0,0,2,0,0,0,0,2
function@deblock_h_chroma_intra_c,0,0,0,0,0,4,0,0,0,0,4
function@deblock_strength_c,0,0,0,0,0,15,0,0,0,0,129.81
function@deblock_luma_c,0,0,0,0,0,1,0,0,0,0,1
function@deblock_chroma_c,0,0,0,0,0,1,0,0,0,0,1
function@deblock_luma_intra_c,0,0,0,0,0,3,0,0,0,0,3.875
function@deblock_chroma_intra_c,0,0,0,0,0,0,0,0,0,0,0
function@x264_cqm_init,136,15,0,132,0,169,7.1475,0.685744,5.82837,0,11.3455
function@x264_cqm_delete,0,0,0,0,0,1,0,0,0,0,1
function@x264_cqm_parse_file,0,0,0,0,0,35,0,0,0,0,95.381
function@x264_cqm_parse_jmlist,0,0,0,0,0,40,0,0,0,0,15.2229
function@spec_strdup,0,0,0,0,0,7,0,0,0,0,6.33333
function@x264_param_default,0,0,0,0,0,2,0,0,0,0,2
function@x264_log_default,0,0,0,0,0,3,0,0,0,0,3
function@x264_param_default_preset,0,0,0,0,0,43,0,0,0,0,71.7676
function@x264_param_apply_fastfirstpass,0,0,0,0,0,0,0,0,0,0,0
function@x264_param_apply_profile,0,0,0,0,0,11,0,0,0,0,4.09184
function@x264_log,0,0,0,0,0,3,0,0,0,0,1.52941
function@x264_param_parse,104,0,0,2,0,411,1.39637,0,0.771484,0,66.8478
function@x264_atobool,0,0,0,0,0,12,0,0,0,0,4.73991
function@parse_enum,0,0,0,0,0,7,0,0,0,0,33.0385
function@parse_cqm,0,0,0,0,0,8,0,0,0,0,20.1614
function@x264_picture_alloc,0,0,0,0,0,6,0,0,0,0,4.38095
function@x264_malloc,0,0,0,0,0,4,0,0,0,0,2.7619
function@x264_picture_clean,0,0,0,0,0,1,0,0,0,0,1
function@x264_free,0,0,0,0,0,0,0,0,0,0,0
function@x264_nal_encode,0,0,0,0,0,8,0,0,0,0,34
function@x264_reduce_fraction,0,0,0,0,0,3,0,0,0,0,20.4524
function@x264_slurp_file,0,0,0,0,0,17,0,0,0,0,7.08257
function@x264_param2string,0,0,0,0,0,54,0,0,0,0,27.7525
function@x264_plane_copy_c,0,0,0,0,0,6,0,0,0,0,66.75
function@x264_frame_init_lowres,0,0,0,0,0,21,0,0,0,0,326.147
function@x264_mc_init,0,0,0,0,0,0,0,0,0,0,0
function@mc_luma,0,0,0,0,0,85,0,0,0,0,239.266
function@get_ref,0,0,0,0,0,88,0,0,0,0,230.559
function@mc_chroma,0,0,0,0,0,9,0,0,0,0,20.05
function@pixel_avg_16x16,0,0,0,0,0,1,0,0,0,0,1
function@pixel_avg_16x8,0,0,0,0,0,1,0,0,0,0,1
function@pixel_avg_8x16,0,0,0,0,0,1,0,0,0,0,1
function@pixel_avg_8x8,0,0,0,0,0,1,0,0,0,0,1
function@pixel_avg_8x4,0,0,0,0,0,1,0,0,0,0,1
function@pixel_avg_4x8,0,0,0,0,0,3,0,0,0,0,1.5
function@pixel_avg_4x4,0,0,0,0,0,3,0,0,0,0,1.5
function@pixel_avg_4x2,0,0,0,0,0,1,0,0,0,0,0.5
function@pixel_avg_2x4,0,0,0,0,0,3,0,0,0,0,1.5
function@pixel_avg_2x2,0,0,0,0,0,1,0,0,0,0,0.5
function@x264_weight_cache,0,0,0,0,0,0,0,0,0,0,0
function@mc_copy_w16,0,0,0,0,0,0,0,0,0,0,0
function@mc_copy_w8,0,0,0,0,0,0,0,0,0,0,0
function@mc_copy_w4,0,0,0,0,0,0,0,0,0,0,0
function@hpel_filter,103,0,0,42,0,24,204.119,0,95.6264,0,490.178
function@memzero_aligned,0,0,0,0,0,0,0,0,0,0,0
function@frame_init_lowres_core,85,0,0,20,0,11,114.062,0,28.4375,0,415.626
function@integral_init4h,0,0,0,0,0,2,0,0,0,0,1
function@integral_init8h,0,0,0,0,0,2,0,0,0,0,1
function@integral_init4v,0,0,0,0,0,8,0,0,0,0,1.125
function@integral_init8v,0,0,0,0,0,4,0,0,0,0,0.609375
function@mbtree_propagate_cost,0,0,0,0,0,0,0,0,0,0,0
function@x264_frame_filter,9,0,0,6,0,12,7.02941,0,1.45588,0,31.6176
function@pixel_avg_weight_wxh,0,0,0,0,0,0,0,0,0,0,0
function@mc_weight_w2,0,0,0,0,0,1,0,0,0,0,0.382353
function@mc_weight_w4,0,0,0,0,0,1,0,0,0,0,0.382353
function@mc_weight_w8,0,0,0,0,0,1,0,0,0,0,0.382353
function@mc_weight_w12,0,0,0,0,0,1,0,0,0,0,0.382353
function@mc_weight_w16,0,0,0,0,0,1,0,0,0,0,0.382353
function@mc_weight_w20,0,0,0,0,0,10,0,0,0,0,33.8529
function@x264_dct_init,0,0,0,0,0,0,0,0,0,0,0
function@sub4x4_dct,0,0,0,0,0,0,0,0,0,0,0
function@add4x4_idct,0,0,0,0,0,0,0,0,0,0,0
function@sub8x8_dct,0,0,0,0,0,6,0,0,0,0,6
function@sub8x8_dct_dc,0,0,0,0,0,0,0,0,0,0,0
function@add8x8_idct,0,0,0,0,0,4,0,0,0,0,4
function@add8x8_idct_dc,0,0,0,0,0,3,0,0,0,0,3
function@sub16x16_dct,0,0,0,0,0,6,0,0,0,0,6
function@add16x16_idct,0,0,0,0,0,4,0,0,0,0,4
function@add16x16_idct_dc,0,0,0,0,0,3,0,0,0,0,3
function@sub8x8_dct8,3,0,0,3,0,14,3,0,3,0,14
function@add8x8_idct8,0,0,0,0,0,1,0,0,0,0,1
function@sub16x16_dct8,0,0,0,0,0,6,0,0,0,0,6
function@add16x16_idct8,0,0,0,0,0,4,0,0,0,0,4
function@dct4x4dc,0,0,0,0,0,0,0,0,0,0,0
function@idct4x4dc,0,0,0,0,0,0,0,0,0,0,0
function@x264_dct_init_weights,0,0,0,0,0,2,0,0,0,0,2
function@x264_zigzag_init,0,0,0,0,0,0,0,0,0,0,0
function@zigzag_scan_8x8_field,0,0,0,0,0,0,0,0,0,0,0
function@zigzag_scan_4x4_field,0,0,0,0,0,0,0,0,0,0,0
function@zigzag_sub_8x8_field,36,0,0,36,0,1,36,0,36,0,1
function@zigzag_sub_4x4_field,0,0,0,0,0,0,0,0,0,0,0
function@zigzag_sub_4x4ac_field,0,0,0,0,0,0,0,0,0,0,0
function@zigzag_scan_8x8_frame,0,0,0,0,0,0,0,0,0,0,0
function@zigzag_scan_4x4_frame,0,0,0,0,0,0,0,0,0,0,0
function@zigzag_sub_8x8_frame,36,0,0,36,0,1,36,0,36,0,1
function@zigzag_sub_4x4_frame,0,0,0,0,0,0,0,0,0,0,0
function@zigzag_sub_4x4ac_frame,0,0,0,0,0,0,0,0,0,0,0
function@zigzag_interleave_8x8_cavlc,0,0,0,0,0,0,0,0,0,0,0
function@add4x4_idct_dc,0,0,0,0,0,0,0,0,0,0,0
function@x264_cabac_context_init,0,0,0,0,0,2,0,0,0,0,1
function@x264_cabac_encode_init_core,0,0,0,0,0,0,0,0,0,0,0
function@x264_cabac_encode_init,0,0,0,0,0,0,0,0,0,0,0
function@x264_cabac_encode_decision_c,0,0,0,0,0,0,0,0,0,0,0
function@x264_cabac_encode_bypass_c,0,0,0,0,0,0,0,0,0,0,0
function@x264_cabac_encode_ue_bypass,0,0,0,0,0,3,0,0,0,0,10.9375
function@x264_cabac_encode_terminal_c,0,0,0,0,0,0,0,0,0,0,0
function@x264_cabac_encode_flush,0,0,0,0,0,1,0,0,0,0,0.246914
function@x264_init_vlc_tables,0,0,0,0,0,7,0,0,0,0,97.375
function@x264_predict_16x16_init,0,0,0,0,0,0,0,0,0,0,0
function@predict_16x16_v,0,0,0,0,0,0,0,0,0,0,0
function@predict_16x16_h,0,0,0,0,0,0,0,0,0,0,0
function@predict_16x16_dc,0,0,0,0,0,0,0,0,0,0,0
function@predict_16x16_p,0,0,0,0,0,1,0,0,0,0,1
function@predict_16x16_dc_left,0,0,0,0,0,0,0,0,0,0,0
function@predict_16x16_dc_top,0,0,0,0,0,1,0,0,0,0,1
function@predict_16x16_dc_128,0,0,0,0,0,0,0,0,0,0,0
function@x264_predict_8x8c_init,0,0,0,0,0,0,0,0,0,0,0
function@predict_8x8c_v,0,0,0,0,0,0,0,0,0,0,0
function@predict_8x8c_h,0,0,0,0,0,0,0,0,0,0,0
function@predict_8x8c_dc,0,0,0,0,0,0,0,0,0,0,0
function@predict_8x8c_p,0,0,0,0,0,16,0,0,0,0,16
function@predict_8x8c_dc_left,0,0,0,0,0,0,0,0,0,0,0
function@predict_8x8c_dc_top,0,0,0,0,0,0,0,0,0,0,0
function@predict_8x8c_dc_128,0,0,0,0,0,0,0,0,0,0,0
function@x264_predict_8x8_init,0,0,0,0,0,0,0,0,0,0,0
function@predict_8x8_v,0,0,0,0,0,0,0,0,0,0,0
function@predict_8x8_h,0,0,0,0,0,0,0,0,0,0,0
function@predict_8x8_dc,0,0,0,0,0,0,0,0,0,0,0
function@predict_8x8_ddl,0,0,0,0,0,2,0,0,0,0,2
function@predict_8x8_ddr,0,0,0,0,0,0,0,0,0,0,0
function@predict_8x8_vr,0,0,0,0,0,0,0,0,0,0,0
function@predict_8x8_hd,0,0,0,0,0,0,0,0,0,0,0
function@predict_8x8_vl,0,0,0,0,0,0,0,0,0,0,0
function@predict_8x8_hu,0,0,0,0,0,0,0,0,0,0,0
function@predict_8x8_dc_left,0,0,0,0,0,0,0,0,0,0,0
function@predict_8x8_dc_top,0,0,0,0,0,0,0,0,0,0,0
function@predict_8x8_dc_128,0,0,0,0,0,0,0,0,0,0,0
function@predict_8x8_filter,0,0,0,0,0,0,0,0,0,0,0
function@x264_predict_4x4_init,0,0,0,0,0,0,0,0,0,0,0
function@predict_4x4_v,0,0,0,0,0,0,0,0,0,0,0
function@predict_4x4_h,0,0,0,0,0,0,0,0,0,0,0
function@predict_4x4_dc,0,0,0,0,0,0,0,0,0,0,0
function@predict_4x4_ddl,0,0,0,0,0,0,0,0,0,0,0
function@predict_4x4_ddr,0,0,0,0,0,0,0,0,0,0,0
function@predict_4x4_vr,0,0,0,0,0,0,0,0,0,0,0
function@predict_4x4_hd,0,0,0,0,0,0,0,0,0,0,0
function@predict_4x4_vl,0,0,0,0,0,0,0,0,0,0,0
function@predict_4x4_hu,0,0,0,0,0,0,0,0,0,0,0
function@predict_4x4_dc_left,0,0,0,0,0,0,0,0,0,0,0
function@predict_4x4_dc_top,0,0,0,0,0,0,0,0,0,0,0
function@predict_4x4_dc_128,0,0,0,0,0,0,0,0,0,0,0
function@x264_quant_init,0,0,0,0,0,0,0,0,0,0,0
function@quant_8x8,0,0,0,0,0,3,0,0,0,0,1.5
function@quant_4x4,0,0,0,0,0,1,0,0,0,0,0.5
function@quant_4x4_dc,0,0,0,0,0,1,0,0,0,0,1
function@quant_2x2_dc,0,0,0,0,0,1,0,0,0,0,1
function@dequant_4x4,0,0,0,0,0,2,0,0,0,0,1
function@dequant_4x4_dc,0,0,0,0,0,7,0,0,0,0,3.5
function@dequant_8x8,0,0,0,0,0,15,0,0,0,0,7.5
function@x264_denoise_dct,0,0,0,0,0,1,0,0,0,0,0.125
function@x264_decimate_score15,0,0,0,0,0,8,0,0,0,0,20.887
function@x264_decimate_score16,0,0,0,0,0,8,0,0,0,0,33.8189
function@x264_decimate_score64,0,0,0,0,0,8,0,0,0,0,33.8294
function@x264_coeff_last4,0,0,0,0,0,0,0,0,0,0,0
function@x264_coeff_last15,0,0,0,0,0,2,0,0,0,0,16.8146
function@x264_coeff_last16,0,0,0,0,0,2,0,0,0,0,16.453
function@x264_coeff_last64,0,0,0,0,0,2,0,0,0,0,16.746
function@x264_coeff_level_run4,0,0,0,0,0,9,0,0,0,0,4.15909
function@x264_coeff_level_run15,0,0,0,0,0,13,0,0,0,0,19.3821
function@x264_coeff_level_run16,0,0,0,0,0,13,0,0,0,0,19.0669
function@x264_mb_predict_mv,0,0,0,0,0,0,0,0,0,0,0
function@x264_mb_predict_mv_16x16,0,0,0,0,0,0,0,0,0,0,0
function@x264_mb_predict_mv_pskip,0,0,0,0,0,1,0,0,0,0,0.0974212
function@x264_mb_predict_mv_direct16x16,11,0,0,8,0,26,1.22233,0,0.46875,0,4.21578
function@x264_mb_predict_mv_ref16x16,0,0,0,0,0,4,0,0,0,0,1.28571
function@RBSPtoSODB,0,0,0,0,0,6,0,0,0,0,14.375
function@EBSPtoRBSP,0,0,0,0,0,6,0,0,0,0,5.19215
function@intrapred8x8_mbaff,130,0,0,88,0,494,10.75,0,9.69999,0,44.0444
function@LowPassForIntra8x8Pred,0,0,0,0,0,10,0,0,0,0,4.1044
function@init_motion_vector_prediction,0,0,0,0,0,0,0,0,0,0,0
function@GetMotionVectorPredictorMBAFF,0,0,0,0,0,18,0,0,0,0,3.80189
function@GetMotionVectorPredictorNormal,0,0,0,0,0,0,0,0,0,0,0
function@set_ec_flag,0,0,0,0,0,0,0,0,0,0,0
function@reset_ec_flags,0,0,0,0,0,0,0,0,0,0,0
function@get_concealed_element,0,0,0,0,0,1,0,0,0,0,0.36
function@mb_pred_intra4x4,11,0,0,4,0,50,57.8504,0,4,0,299.465
function@mb_pred_intra16x16,0,0,0,0,0,8,0,0,0,0,7.33333
function@mb_pred_intra8x8,0,0,0,0,0,21,0,0,0,0,20.3333
function@mb_pred_skip,0,0,0,0,0,8,0,0,0,0,8
function@set_chroma_vector,0,0,0,0,0,16,0,0,0,0,1.2549
function@mb_pred_sp_skip,0,0,0,0,0,9,0,0,0,0,9
function@mb_pred_p_inter8x8,2,0,0,3,0,31,1.625,0,2,0,773.5
function@mb_pred_p_inter16x16,0,0,0,0,0,10,0,0,0,0,10
function@mb_pred_p_inter16x8,0,0,0,0,0,13,0,0,0,0,13
function@mb_pred_p_inter8x16,0,0,0,0,0,13,0,0,0,0,13
function@mb_pred_b_d8x8temporal,13,0,0,9,0,24,987.859,0,102,0,5984.83
function@mb_pred_b_d4x4temporal,14,0,0,9,0,34,956.625,0,102,0,4172.2
function@mb_pred_b_d8x8spatial,8,0,0,4,0,24,19,0,4,0,129.375
function@mb_pred_b_d4x4spatial,9,0,0,6,0,31,98.5,0,68,0,1963.62
function@mb_pred_b_inter8x8,12,0,0,6,0,28,1091.15,0,37,0,3607.87
function@mb_pred_ipcm,0,0,0,0,0,10,0,0,0,0,10.9425
function@constructTiff,0,0,0,0,0,0,0,0,0,0,0
function@destructTiff,0,0,0,0,0,1,0,0,0,0,1
function@horizontal_half_1chan_cosite,22,0,0,17,0,10,1385.58,0,32.5833,0,598
function@vertical_half_1chan,30,0,0,16,0,11,179.476,0,20.619,0,369.476
function@ReadTIFFImage,22,0,0,7,0,110,0.522554,0,0.379161,0,27.6553
function@getU16,0,0,0,0,0,0,0,0,0,0,0
function@getU32,0,0,0,0,0,0,0,0,0,0,0
function@getSwappedU16,0,0,0,0,0,0,0,0,0,0,0
function@getSwappedU32,0,0,0,0,0,0,0,0,0,0,0
function@getIntArray,0,0,0,0,0,2,0,0,0,0,0.294118
function@DeblockPicture,0,0,0,0,0,6,0,0,0,0,66.4167
function@DeblockMb,45,0,0,15,0,70,65.705,0,5.5,0,129.454
function@DeblockPicturePartially,0,0,0,0,0,7,0,0,0,0,51.8125
function@init_Deblock,0,0,0,0,0,40,0,0,0,0,71.8137
function@forward4x4,3,0,0,3,0,1,3,0,3,0,1
function@inverse4x4,1,0,0,1,0,1,1,0,1,0,1
function@hadamard4x4,0,0,0,0,0,0,0,0,0,0,0
function@ihadamard4x4,0,0,0,0,0,0,0,0,0,0,0
function@hadamard4x2,0,0,0,0,0,0,0,0,0,0,0
function@ihadamard4x2,0,0,0,0,0,0,0,0,0,0,0
function@hadamard2x2,0,0,0,0,0,0,0,0,0,0,0
function@ihadamard2x2,0,0,0,0,0,0,0,0,0,0,0
function@forward8x8,0,0,0,0,0,3,0,0,0,0,34
function@inverse8x8,0,0,0,0,0,3,0,0,0,0,34
function@set_chroma_qp,0,0,0,0,0,0,0,0,0,0,0
function@update_qp,0,0,0,0,0,1,0,0,0,0,0.619048
function@invScaleCoeff,0,0,0,0,0,1,0,0,0,0,0.32
function@start_macroblock,0,0,0,0,0,3,0,0,0,0,3
function@exit_macroblock,0,0,0,0,0,6,0,0,0,0,3.23265
function@setup_slice_methods,0,0,0,0,0,2,0,0,0,0,1.16471
function@interpret_mb_mode_P,0,0,0,0,0,0,0,0,0,0,0
function@read_motion_info_from_NAL_p_slice,0,0,0,0,0,7,0,0,0,0,7
function@read_one_macroblock_p_slice,1,0,0,1,0,43,0.101562,0,1,0,14.6505
function@decode_one_component_p_slice,0,0,0,0,0,5,0,0,0,0,0.555556
function@decode_one_component_sp_slice,0,0,0,0,0,6,0,0,0,0,0.666667
function@interpret_mb_mode_B,0,0,0,0,0,1,0,0,0,0,0.333333
function@read_motion_info_from_NAL_b_slice,0,0,0,0,0,50,0,0,0,0,29.5
function@read_one_macroblock_b_slice,1,0,0,1,0,42,0.101562,0,1,0,12.9187
function@decode_one_component_b_slice,0,0,0,0,0,5,0,0,0,0,0.546875
function@interpret_mb_mode_I,0,0,0,0,0,2,0,0,0,0,0.666667
function@read_one_macroblock_i_slice,0,0,0,0,0,17,0,0,0,0,9.14355
function@decode_one_component_i_slice,0,0,0,0,0,1,0,0,0,0,0.2
function@interpret_mb_mode_SI,0,0,0,0,0,0,0,0,0,0,0
function@read_CBP_and_coeffs_from_NAL_CABAC_444,9,0,0,3,0,63,3.41639,0,2.125,0,64.8398
function@read_CBP_and_coeffs_from_NAL_CABAC_422,80,0,0,29,0,47,788.898,0,52.9819,0,621.289
function@read_CBP_and_coeffs_from_NAL_CABAC_400,0,0,0,0,0,25,0,0,0,0,11.4032
function@read_CBP_and_coeffs_from_NAL_CABAC_420,75,0,0,27,0,60,542.519,0,17.4961,0,684.844
function@read_CBP_and_coeffs_from_NAL_CAVLC_444,0,0,0,0,0,40,0,0,0,0,15.2202
function@read_CBP_and_coeffs_from_NAL_CAVLC_422,56,0,0,17,0,51,90.9175,0,10.8711,0,92.6681
function@read_CBP_and_coeffs_from_NAL_CAVLC_400,0,0,0,0,0,25,0,0,0,0,8.05873
function@read_CBP_and_coeffs_from_NAL_CAVLC_420,45,0,0,19,0,51,63.5883,0,20.0938,0,46.4767
function@SetB8Mode,0,0,0,0,0,0,0,0,0,0,0
function@reset_coeffs,0,0,0,0,0,0,0,0,0,0,0
function@field_flag_inference,0,0,0,0,0,1,0,0,0,0,0.142857
function@skip_macroblock,0,0,0,0,0,20,0,0,0,0,12.4277
function@get_neighbors,0,0,0,0,0,22,0,0,0,0,20.7059
function@predict_nnz,0,0,0,0,0,15,0,0,0,0,11.7783
function@predict_nnz_chroma,0,0,0,0,0,16,0,0,0,0,8.67187
function@decode_one_macroblock,0,0,0,0,0,20,0,0,0,0,7.82353
function@init_cur_imgy,0,0,0,0,0,12,0,0,0,0,1.38462
function@change_plane_JV,0,0,0,0,0,0,0,0,0,0,0
function@make_frame_picture_JV,0,0,0,0,0,5,0,0,0,0,1.89474
function@init_macroblock,0,0,0,0,0,0,0,0,0,0,0
function@read_ipred_modes,17,0,0,15,0,18,11793.1,0,417.939,0,14526.3
function@concealIPCMcoeffs,0,0,0,0,0,5,0,0,0,0,3.67265
function@read_IPCM_coeffs_from_NAL,0,0,0,0,0,10,0,0,0,0,5.4473
function@readMBRefPictureIdx,7,0,0,5,0,15,1087.12,0,5,0,1559.75
function@readMBMotionVectors,74,0,0,54,0,45,3.14195e+06,0,289682,0,1.48052e+07
function@readRefPictureIdx_FLC,0,0,0,0,0,2,0,0,0,0,2
function@readRefPictureIdx_VLC,0,0,0,0,0,2,0,0,0,0,2
function@read_delta_quant,0,0,0,0,0,5,0,0,0,0,4.61765
function@readCompCoeff8x8MB_CABAC,0,0,0,0,0,27,0,0,0,0,15
function@readCompCoeff4x4MB_CABAC,29,0,0,6,0,34,533.676,0,12.3971,0,1369.01
function@readCompCoeff8x8_CABAC,3,0,0,3,0,11,1.17647,0,1.88235,0,24.7843
function@readCompCoeff8x8_CABAC_lossless,2,0,0,1,0,10,6.98165,0,0.623853,0,18.1193
function@readCompCoeff4x4SMB_CABAC,55,0,0,8,0,105,6466.82,0,7.37705,0,8022.39
function@readCoeff4x4_CAVLC,12,0,0,15,0,33,4.09375,0,5.375,0,31.5322
function@readCompCoeff4x4MB_CAVLC,49,0,0,21,0,26,13356,0,1817,0,6048.38
function@readCompCoeff8x8MB_CAVLC,39,0,0,16,0,24,10544,0,993,0,6275
function@ercConcealInterFrame,60,0,0,15,0,50,2975.36,0,8.83594,0,6535.3
function@concealByTrial,58,0,0,27,0,45,2820.58,0,526.111,0,1746.04
function@concealByCopy,1,0,0,1,0,10,0.25,0,1,0,31.9062
function@conceal_lost_frames,1,0,0,1,0,11,15.9375,0,1,0,330.875
function@update_ref_list_for_concealment,0,0,0,0,0,3,0,0,0,0,14.5833
function@init_lists_for_non_reference_loss,0,0,0,0,0,28,0,0,0,0,18.9286
function@compare_pic_by_pic_num_desc,0,0,0,0,0,0,0,0,0,0,0
function@compare_pic_by_poc_desc,0,0,0,0,0,0,0,0,0,0,0
function@compare_pic_by_poc_asc,0,0,0,0,0,0,0,0,0,0,0
function@compare_pic_by_lt_pic_num_asc,0,0,0,0,0,0,0,0,0,0,0
function@get_pic_from_dpb,0,0,0,0,0,2,0,0,0,0,0.833333
function@comp,0,0,0,0,0,0,0,0,0,0,0
function@init_node,0,0,0,0,0,2,0,0,0,0,2
function@print_node,0,0,0,0,0,0,0,0,0,0,0
function@print_list,0,0,0,0,0,2,0,0,0,0,22.25
function@delete_list,0,0,0,0,0,3,0,0,0,0,26.0588
function@conceal_non_ref_pics,0,0,0,0,0,14,0,0,0,0,148.04
function@copy_to_conceal,36,0,0,29,0,24,3659.17,0,1231.28,0,471.927
function@sliding_window_poc_management,0,0,0,0,0,1,0,0,0,0,0.25
function@write_lost_non_ref_pic,0,0,0,0,0,1,0,0,0,0,0.3125
function@write_lost_ref_after_idr,0,0,0,0,0,5,0,0,0,0,3.7619
function@buildPredRegionYUV,47,0,0,45,0,14,4.70467e+06,0,154124,0,38863.4
function@edgeDistortion,274,0,0,177,0,9,1157.29,0,347.571,0,38.9524
function@copyPredMB,0,0,0,0,0,9,0,0,0,0,16.4118
function@intra4x4_pred_mbaff,35,0,0,28,0,194,2.43281,0,2.8,0,19.2615
function@arideco_create_decoding_environment,0,0,0,0,0,2,0,0,0,0,2
function@arideco_delete_decoding_environment,0,0,0,0,0,0,0,0,0,0,0
function@arideco_done_decoding,0,0,0,0,0,0,0,0,0,0,0
function@getbyte,0,0,0,0,0,0,0,0,0,0,0
function@getword,0,0,0,0,0,0,0,0,0,0,0
function@arideco_start_decoding,0,0,0,0,0,0,0,0,0,0,0
function@arideco_bits_read,0,0,0,0,0,0,0,0,0,0,0
function@biari_decode_symbol,0,0,0,0,0,2,0,0,0,0,1.2381
function@biari_decode_symbol_eq_prob,0,0,0,0,0,2,0,0,0,0,1.38095
function@biari_decode_final,0,0,0,0,0,4,0,0,0,0,1.36471
function@biari_init_context,0,0,0,0,0,0,0,0,0,0,0
function@InterpretSEIMessage,7,0,0,3,0,60,10.5,0,3,0,1409.86
function@interpret_buffering_period_info,0,0,0,0,0,18,0,0,0,0,72.1875
function@interpret_picture_timing_info,1,0,0,1,0,32,0.933824,0,0.117647,0,55.2868
function@interpret_pan_scan_rect_info,0,0,0,0,0,16,0,0,0,0,66.7059
function@interpret_recovery_point_info,0,0,0,0,0,9,0,0,0,0,9
function@interpret_dec_ref_pic_marking_repetition_info,1,0,0,1,0,14,1,0,1,0,12.5882
function@interpret_spare_pic,7,0,0,10,0,42,1059.99,0,404.329,0,6270.9
function@interpret_scene_information,0,0,0,0,0,7,0,0,0,0,6.5
function@interpret_subsequence_info,0,0,0,0,0,11,0,0,0,0,10.6667
function@interpret_subsequence_layer_characteristics_info,0,0,0,0,0,11,0,0,0,0,132.5
function@interpret_subsequence_characteristics_info,0,0,0,0,0,20,0,0,0,0,140.167
function@interpret_full_frame_freeze_info,0,0,0,0,0,5,0,0,0,0,5
function@interpret_full_frame_snapshot_info,0,0,0,0,0,5,0,0,0,0,5
function@interpret_progressive_refinement_start_info,0,0,0,0,0,6,0,0,0,0,6
function@interpret_progressive_refinement_end_info,0,0,0,0,0,5,0,0,0,0,5
function@interpret_motion_constrained_slice_group_set_info,0,0,0,0,0,14,0,0,0,0,74.4167
function@interpret_film_grain_characteristics_info,0,0,0,0,0,73,0,0,0,0,652.938
function@interpret_deblocking_filter_display_preference_info,0,0,0,0,0,8,0,0,0,0,6.14286
function@interpret_stereo_video_info_info,0,0,0,0,0,9,0,0,0,0,8.38095
function@interpret_tone_mapping,21,0,0,6,0,47,1.07578,0,2.25,0,25.5232
function@interpret_post_filter_hints_info,0,0,0,0,0,24,0,0,0,0,3133.5
function@interpret_frame_packing_arrangement_info,0,0,0,0,0,24,0,0,0,0,12.7143
function@tone_map,0,0,0,0,0,2,0,0,0,0,16.4375
function@init_tone_mapping_sei,0,0,0,0,0,0,0,0,0,0,0
function@update_tone_mapping_sei,0,0,0,0,0,2,0,0,0,0,0.5
function@error,0,0,0,0,0,3,0,0,0,0,3
function@FreeDecPicList,0,0,0,0,0,3,0,0,0,0,43.5
function@init_frext,0,0,0,0,0,8,0,0,0,0,4.90476
function@AllocPartition,0,0,0,0,0,5,0,0,0,0,23.6238
function@FreePartition,0,0,0,0,0,3,0,0,0,0,2.66667
function@malloc_slice,0,0,0,0,0,8,0,0,0,0,6
function@init_global_buffers,0,0,0,0,0,13,0,0,0,0,9.75
function@free_global_buffers,0,0,0,0,0,4,0,0,0,0,2.85294
function@ClearDecPicList,0,0,0,0,0,6,0,0,0,0,15.2647
function@GetOneAvailDecPicFromList,0,0,0,0,0,4,0,0,0,0,17.7143
function@OpenDecoder,0,0,0,0,0,8,0,0,0,0,6.72059
function@DecodeOneFrame,0,0,0,0,0,7,0,0,0,0,8.79091
function@FinitDecoder,0,0,0,0,0,5,0,0,0,0,5.01695
function@CloseDecoder,0,0,0,0,0,52,0,0,0,0,39.928
function@free_slice,0,0,0,0,0,4,0,0,0,0,4
function@init_all_macroblocks,0,0,0,0,0,1,0,0,0,0,0.5
function@init_slice,0,0,0,0,0,7,0,0,0,0,4.75
function@reorder_lists,0,0,0,0,0,4,0,0,0,0,2.31085
function@decode_slice,8,0,0,8,0,16,19.2258,0,4.51613,0,155.968
function@decode_one_slice,0,0,0,0,0,13,0,0,0,0,70.7188
function@decode_one_frame,0,0,0,0,0,44,0,0,0,0,182.637
function@init_picture,0,0,0,0,0,38,0,0,0,0,15.6566
function@read_new_slice,5,0,0,3,0,59,0.809227,0,1.87481,0,149.479
function@CopySliceInfo,0,0,0,0,0,0,0,0,0,0,0
function@exit_picture,83,0,0,46,0,51,147.873,0,18.8452,0,396.589
function@buffer2img,0,0,0,0,0,48,0,0,0,0,181.56
function@compute_SSE,0,0,0,0,0,9,0,0,0,0,27.4118
function@calculate_frame_no,0,0,0,0,0,0,0,0,0,0,0
function@find_snr,12,0,0,5,0,21,51.254,0,4.82353,0,835.038
function@is_new_picture,0,0,0,0,0,1,0,0,0,0,0.498039
function@pad_buf,3,0,0,1,0,20,1.6,0,1,0,205.12
function@pad_dec_picture,0,0,0,0,0,11,0,0,0,0,7.19048
function@field_postprocessing,0,0,0,0,0,0,0,0,0,0,0
function@ercWriteMBMODEandMV,0,0,0,0,0,33,0,0,0,0,5.16667
function@init_old_slice,0,0,0,0,0,0,0,0,0,0,0
function@copy_dec_picture_JV,0,0,0,0,0,2,0,0,0,0,2
function@GetVOIdx,0,0,0,0,0,1,0,0,0,0,6.21951
function@get_maxViewIdx,0,0,0,0,0,3,0,0,0,0,0.780488
function@intrapred16x16,0,0,0,0,0,0,0,0,0,0,0
function@ParseSizeFromString,0,0,0,0,0,37,0,0,0,0,46.9125
function@ParseFrameNoFormatFromString,0,0,0,0,0,14,0,0,0,0,63.1171
function@OpenFrameFile,0,0,0,0,0,11,0,0,0,0,11
function@OpenFiles,0,0,0,0,0,6,0,0,0,0,2.57143
function@CloseFiles,0,0,0,0,0,1,0,0,0,0,1
function@ParseVideoType,0,0,0,0,0,8,0,0,0,0,4.77011
function@compute_residue,0,0,0,0,0,4,0,0,0,0,19.45
function@sample_reconstruct,0,0,0,0,0,5,0,0,0,0,16.2
function@JMDecHelpExit,0,0,0,0,0,0,0,0,0,0,0
function@ParseCommand,7,0,0,6,0,69,2.4289,0,2.02029,0,192.489
function@get_colocated_info_4x4,0,0,0,0,0,1,0,0,0,0,0.0293255
function@get_colocated_info_8x8,0,0,0,0,0,4,0,0,0,0,0.404587
function@update_direct_types,0,0,0,0,0,0,0,0,0,0,0
function@update_direct_mv_info_spatial_8x8,0,0,0,0,0,9,0,0,0,0,19.706
function@update_direct_mv_info_temporal,39,0,0,26,0,19,399121,0,9199.25,0,79341.6
function@update_direct_mv_info_spatial_4x4,0,0,0,0,0,9,0,0,0,0,679.5
function@intrapred,0,0,0,0,0,0,0,0,0,0,0
function@itrans8x8,0,0,0,0,0,11,0,0,0,0,7
function@fmo_init,0,0,0,0,0,55,0,0,0,0,818.433
function@FmoFinit,0,0,0,0,0,0,0,0,0,0,0
function@FmoGetNumberOfSliceGroup,0,0,0,0,0,0,0,0,0,0,0
function@FmoGetLastMBOfPicture,0,0,0,0,0,0,0,0,0,0,0
function@FmoGetLastMBInSliceGroup,0,0,0,0,0,0,0,0,0,0,0
function@FmoGetSliceGroupId,0,0,0,0,0,0,0,0,0,0,0
function@FmoGetNextMBNr,0,0,0,0,0,1,0,0,0,0,1
function@intrapred8x8_normal,68,0,0,24,0,246,4.7,0,4,0,24.5694
function@LowPassForIntra8x8Pred,0,0,0,0,0,10,0,0,0,0,4.1044
function@itrans4x4,0,0,0,0,0,9,0,0,0,0,9
function@itrans4x4_ls,0,0,0,0,0,0,0,0,0,0,0
function@Inv_Residual_trans_4x4,8,0,0,8,0,6,2.66667,0,2.66667,0,2
function@Inv_Residual_trans_8x8,107,0,0,107,0,0,35.6667,0,35.6667,0,0
function@Inv_Residual_trans_16x16,0,0,0,0,0,15,0,0,0,0,5.33333
function@Inv_Residual_trans_Chroma,0,0,0,0,0,17,0,0,0,0,48.125
function@itrans_2,0,0,0,0,0,1,0,0,0,0,1
function@itrans_sp,23,0,0,16,0,8,18.625,0,16,0,6
function@itrans_sp_cr,12,0,0,7,0,27,101.797,0,5.32967,0,1499.45
function@iMBtrans4x4,0,0,0,0,0,69,0,0,0,0,24.6985
function@copy_image_data_16x16,0,0,0,0,0,0,0,0,0,0,0
function@iMBtrans8x8,0,0,0,0,0,10,0,0,0,0,10
function@iTransform,16,0,0,7,0,58,86.4592,0,21.1633,0,945.112
function@copy_image_data,0,0,0,0,0,4,0,0,0,0,24.25
function@copy_image_data_8x8,0,0,0,0,0,0,0,0,0,0,0
function@copy_image_data_4x4,0,0,0,0,0,0,0,0,0,0,0
function@CheckVertMV,0,0,0,0,0,0,0,0,0,0,0
function@initBitsFile,0,0,0,0,0,3,0,0,0,0,1.66667
function@read_next_nalu,0,0,0,0,0,5,0,0,0,0,2.9759
function@CheckZeroByteNonVCL,0,0,0,0,0,0,0,0,0,0,0
function@CheckZeroByteVCL,0,0,0,0,0,0,0,0,0,0,0
function@nal_unit_header_mvc_extension,0,0,0,0,0,9,0,0,0,0,9
function@main,0,0,0,0,0,14,0,0,0,0,37.3831
function@set_loop_filter_functions_normal,0,0,0,0,0,0,0,0,0,0,0
function@GetStrengthVer,0,0,0,0,0,26,0,0,0,0,0.856257
function@GetStrengthHor,0,0,0,0,0,21,0,0,0,0,0.535701
function@EdgeLoopLumaVer,0,0,0,0,0,10,0,0,0,0,262
function@EdgeLoopLumaHor,19,0,0,6,0,10,33.2517,0,3.76159,0,71.0861
function@EdgeLoopChromaVer,0,0,0,0,0,4,0,0,0,0,1.33333
function@EdgeLoopChromaHor,0,0,0,0,0,4,0,0,0,0,1.06818
function@AllocNALU,0,0,0,0,0,4,0,0,0,0,3.38095
function@FreeNALU,0,0,0,0,0,2,0,0,0,0,1.61905
function@intrapred_16x16_mbaff,0,0,0,0,0,169,0,0,0,0,33.7906
function@init_contexts,0,0,0,0,0,438,0,0,0,0,2943.33
function@malloc_annex_b,0,0,0,0,0,1,0,0,0,0,1
function@init_annex_b,0,0,0,0,0,0,0,0,0,0,0
function@free_annex_b,0,0,0,0,0,1,0,0,0,0,1
function@GetAnnexbNALU,0,0,0,0,0,15,0,0,0,0,16.3265
function@OpenAnnexBFile,0,0,0,0,0,7,0,0,0,0,5.14286
function@CloseAnnexBFile,0,0,0,0,0,0,0,0,0,0,0
function@ResetAnnexB,0,0,0,0,0,0,0,0,0,0,0
function@GetConfigFileContent,0,0,0,0,0,22,0,0,0,0,7.4433
function@ParseContent,1,0,0,1,0,35,1,0,1,0,187.767
function@InitParams,0,0,0,0,0,0,0,0,0,0,0
function@TestParams,0,0,0,0,0,13,0,0,0,0,14.6667
function@DisplayParams,0,0,0,0,0,11,0,0,0,0,22.1429
function@intra4x4_pred_normal,0,0,0,0,0,111,0,0,0,0,12.426
function@timediff,0,0,0,0,0,1,0,0,0,0,1
function@timenorm,0,0,0,0,0,0,0,0,0,0,0
function@ercInit,0,0,0,0,0,4,0,0,0,0,4
function@ercClose,0,0,0,0,0,3,0,0,0,0,2.6
function@ercOpen,0,0,0,0,0,2,0,0,0,0,2
function@ercSetErrorConcealment,0,0,0,0,0,0,0,0,0,0,0
function@ercReset,0,0,0,0,0,14,0,0,0,0,5.33103
function@ercStartSegment,0,0,0,0,0,0,0,0,0,0,0
function@ercStopSegment,0,0,0,0,0,0,0,0,0,0,0
function@ercMarkCurrSegmentLost,0,0,0,0,0,1,0,0,0,0,10.0294
function@ercMarkCurrSegmentOK,0,0,0,0,0,1,0,0,0,0,10.2
function@ercMarkCurrMBConcealed,0,0,0,0,0,2,0,0,0,0,0.133028
function@reorder_short_term,0,0,0,0,0,10,0,0,0,0,33.4235
function@reorder_long_term,0,0,0,0,0,11,0,0,0,0,33.9882
function@init_lists_i_slice_mvc,0,0,0,0,0,0,0,0,0,0,0
function@init_lists_p_slice_mvc,1,0,0,1,0,42,0.625767,0,0.625767,0,29.3374
function@compare_pic_by_pic_num_desc,0,0,0,0,0,0,0,0,0,0,0
function@compare_pic_by_lt_pic_num_asc,0,0,0,0,0,0,0,0,0,0,0
function@compare_fs_by_frame_num_desc,0,0,0,0,0,0,0,0,0,0,0
function@compare_fs_by_lt_pic_idx_asc,0,0,0,0,0,0,0,0,0,0,0
function@init_lists_b_slice_mvc,11,0,0,6,0,85,4.74233,0,4.12883,0,45.1779
function@compare_pic_by_poc_desc,0,0,0,0,0,0,0,0,0,0,0
function@compare_pic_by_poc_asc,0,0,0,0,0,0,0,0,0,0,0
function@compare_fs_by_poc_desc,0,0,0,0,0,0,0,0,0,0,0
function@compare_fs_by_poc_asc,0,0,0,0,0,0,0,0,0,0,0
function@init_lists_mvc,12,0,0,7,0,140,1.19292,0,1.07082,0,23.1587
function@reorder_ref_pic_list_mvc,34,0,0,21,0,42,108,0,19.0769,0,526.346
function@reorder_lists_mvc,0,0,0,0,0,7,0,0,0,0,3.6217
function@ReadFrameConcatenated,0,0,0,0,0,21,0,0,0,0,55.1199
function@ReadFrameSeparate,0,0,0,0,0,23,0,0,0,0,57.9949
function@Scaling_List,0,0,0,0,0,17,0,0,0,0,87
function@InterpretSPS,5,0,0,3,0,61,42.3056,0,1.86111,0,1362.21
function@InitVUI,0,0,0,0,0,0,0,0,0,0,0
function@ReadVUI,0,0,0,0,0,36,0,0,0,0,16.925
function@ReadHRDParameters,0,0,0,0,0,16,0,0,0,0,201.25
function@InterpretPPS,6,0,0,2,0,56,21.5966,0,1.01681,0,699.819
function@PPSConsistencyCheck,0,0,0,0,0,0,0,0,0,0,0
function@SPSConsistencyCheck,0,0,0,0,0,0,0,0,0,0,0
function@SubsetSPSConsistencyCheck,0,0,0,0,0,0,0,0,0,0,0
function@MakePPSavailable,0,0,0,0,0,4,0,0,0,0,4
function@CleanUpPPS,0,0,0,0,0,0,0,0,0,0,0
function@MakeSPSavailable,0,0,0,0,0,1,0,0,0,0,1
function@ProcessSPS,0,0,0,0,0,14,0,0,0,0,11.2586
function@get_max_dec_frame_buf_size,0,0,0,0,0,2,0,0,0,0,1.05535
function@ProcessSubsetSPS,0,0,0,0,0,22,0,0,0,0,32.1053
function@ProcessPPS,0,0,0,0,0,14,0,0,0,0,11.4587
function@reset_format_info,0,0,0,0,0,8,0,0,0,0,4.11765
function@activate_sps,0,0,0,0,0,15,0,0,0,0,8.53893
function@activate_pps,0,0,0,0,0,3,0,0,0,0,2.4
function@UseParameterSet,0,0,0,0,0,8,0,0,0,0,5.38095
function@seq_parameter_set_mvc_extension,0,0,0,0,0,60,0,0,0,0,8258.02
function@MemAlloc1D,0,0,0,0,0,2,0,0,0,0,1.61905
function@hrd_parameters,0,0,0,0,0,17,0,0,0,0,158.417
function@mvc_vui_parameters_extension,0,0,0,0,0,37,0,0,0,0,1076.68
function@init_subset_sps_list,0,0,0,0,0,6,0,0,0,0,3.96
function@reset_subset_sps,0,0,0,0,0,11,0,0,0,0,154.615
function@GetBaseViewId,0,0,0,0,0,2,0,0,0,0,1.25683e-07
function@initInput,0,0,0,0,0,0,0,0,0,0,0
function@buf2img_endian,0,0,0,0,0,35,0,0,0,0,26.6719
function@buf2img_basic,11,0,0,7,0,29,18.625,0,2.17188,0,671.219
function@buf2img_bitshift,11,0,0,6,0,29,35.1562,0,2.0127,0,832.659
function@fillPlane,0,0,0,0,0,4,0,0,0,0,19.45
function@AllocateFrameMemory,0,0,0,0,0,2,0,0,0,0,2
function@DeleteFrameMemory,0,0,0,0,0,0,0,0,0,0,0
function@read_one_frame,38,0,0,28,0,62,42.7706,0,16.5321,0,91.2018
function@pad_borders,0,0,0,0,0,17,0,0,0,0,80.04
function@init_top_bot_planes,0,0,0,0,0,11,0,0,0,0,8
function@no_mem_exit,0,0,0,0,0,3,0,0,0,0,3
function@free_top_bot_planes,0,0,0,0,0,2,0,0,0,0,2
function@get_mem2Ddist,0,0,0,0,0,10,0,0,0,0,6.47619
function@get_mem2Dlm,0,0,0,0,0,10,0,0,0,0,6.47619
function@free_mem2Ddist,0,0,0,0,0,2,0,0,0,0,1.61765
function@free_mem2Dlm,0,0,0,0,0,2,0,0,0,0,1.61765
function@get_mem2Dmp,0,0,0,0,0,10,0,0,0,0,6.47619
function@get_mem3Dmp,0,0,0,0,0,10,0,0,0,0,7.71429
function@free_mem2Dmp,0,0,0,0,0,2,0,0,0,0,1.61765
function@free_mem3Dmp,0,0,0,0,0,3,0,0,0,0,2.01852
function@get_mem2Dquant,0,0,0,0,0,10,0,0,0,0,6.47619
function@get_mem3Dquant,0,0,0,0,0,10,0,0,0,0,7.71429
function@get_mem4Dquant,0,0,0,0,0,16,0,0,0,0,11.9524
function@get_mem5Dquant,0,0,0,0,0,14,0,0,0,0,11.7143
function@free_mem2Dquant,0,0,0,0,0,2,0,0,0,0,1.61765
function@free_mem3Dquant,0,0,0,0,0,3,0,0,0,0,2.01852
function@free_mem4Dquant,0,0,0,0,0,4,0,0,0,0,2.25287
function@free_mem5Dquant,0,0,0,0,0,2,0,0,0,0,1.61905
function@get_mem2D_spp,0,0,0,0,0,10,0,0,0,0,6.47619
function@get_mem3D_spp,0,0,0,0,0,10,0,0,0,0,7.71429
function@get_mem2Dmv,0,0,0,0,0,10,0,0,0,0,6.47619
function@get_mem3Dmv,0,0,0,0,0,10,0,0,0,0,7.71429
function@get_mem4Dmv,0,0,0,0,0,16,0,0,0,0,11.9524
function@get_mem5Dmv,0,0,0,0,0,14,0,0,0,0,11.7143
function@get_mem6Dmv,1,0,0,1,0,18,0.47619,0,1,0,15.1905
function@get_mem7Dmv,0,0,0,0,0,18,0,0,0,0,15.7143
function@free_mem2D_spp,0,0,0,0,0,2,0,0,0,0,1.61765
function@free_mem3D_spp,0,0,0,0,0,3,0,0,0,0,2.01852
function@free_mem2Dmv,0,0,0,0,0,2,0,0,0,0,1.61765
function@free_mem3Dmv,0,0,0,0,0,3,0,0,0,0,2.01852
function@free_mem4Dmv,0,0,0,0,0,4,0,0,0,0,2.25287
function@free_mem5Dmv,0,0,0,0,0,2,0,0,0,0,1.61905
function@free_mem6Dmv,0,0,0,0,0,3,0,0,0,0,2
function@free_mem7Dmv,0,0,0,0,0,4,0,0,0,0,2.25926
function@get_mem1Dpel,0,0,0,0,0,4,0,0,0,0,2.7619
function@get_mem2Dpel,0,0,0,0,0,10,0,0,0,0,6.47619
function@get_mem2DpelWithPad,0,0,0,0,0,8,0,0,0,0,5.52381
function@get_mem3Dpel,0,0,0,0,0,10,0,0,0,0,7.71429
function@get_mem3DpelWithPad,0,0,0,0,0,14,0,0,0,0,11.7143
function@get_mem3DpelWithPadSeparately,0,0,0,0,0,16,0,0,0,0,91.1429
function@get_mem4Dpel,0,0,0,0,0,16,0,0,0,0,11.9524
function@get_mem4DpelWithPad,1,0,0,1,0,18,0.47619,0,1,0,15.1905
function@get_mem4DpelWithPadSeparately,2,0,0,2,0,20,1.47619,0,2,0,93.2381
function@get_mem5Dpel,0,0,0,0,0,14,0,0,0,0,11.7143
function@get_mem5DpelWithPad,0,0,0,0,0,18,0,0,0,0,15.7143
function@get_mem5DpelWithPadSeparately,0,0,0,0,0,18,0,0,0,0,15.7143
function@free_mem1Dpel,0,0,0,0,0,0,0,0,0,0,0
function@free_mem2Dpel,0,0,0,0,0,2,0,0,0,0,1.61765
function@free_mem2DpelWithPad,0,0,0,0,0,2,0,0,0,0,2
function@free_mem3Dpel,0,0,0,0,0,3,0,0,0,0,2.01852
function@free_mem3DpelWithPad,0,0,0,0,0,3,0,0,0,0,2.62963
function@free_mem3DpelWithPadSeparately,0,0,0,0,0,5,0,0,0,0,5.33333
function@free_mem4Dpel,0,0,0,0,0,4,0,0,0,0,2.25287
function@free_mem4DpelWithPad,0,0,0,0,0,2,0,0,0,0,1.61905
function@free_mem4DpelWithPadSeparately,0,0,0,0,0,6,0,0,0,0,4.29412
function@free_mem5Dpel,0,0,0,0,0,2,0,0,0,0,1.61905
function@free_mem5DpelWithPad,0,0,0,0,0,3,0,0,0,0,2
function@free_mem5DpelWithPadSeparately,0,0,0,0,0,2,0,0,0,0,1.61905
function@new_mem2D,0,0,0,0,0,9,0,0,0,0,6.52381
function@get_mem2D,0,0,0,0,0,10,0,0,0,0,6.47619
function@new_mem2Dint,0,0,0,0,0,9,0,0,0,0,6.52381
function@get_mem2Dint,0,0,0,0,0,10,0,0,0,0,6.47619
function@get_mem2DintWithPad,0,0,0,0,0,8,0,0,0,0,5.52381
function@get_mem2Dint64,0,0,0,0,0,10,0,0,0,0,6.47619
function@get_mem2Ddistblk,0,0,0,0,0,10,0,0,0,0,6.47619
function@get_mem3D,0,0,0,0,0,10,0,0,0,0,7.71429
function@get_mem4D,0,0,0,0,0,16,0,0,0,0,11.9524
function@get_mem3Dint,0,0,0,0,0,10,0,0,0,0,7.71429
function@get_mem3Dint64,0,0,0,0,0,10,0,0,0,0,7.71429
function@get_mem3Ddistblk,0,0,0,0,0,10,0,0,0,0,7.71429
function@get_mem4Dint,0,0,0,0,0,16,0,0,0,0,11.9524
function@get_mem4Dint64,0,0,0,0,0,16,0,0,0,0,11.9524
function@get_mem4Ddistblk,0,0,0,0,0,16,0,0,0,0,11.9524
function@get_mem5Dint,0,0,0,0,0,14,0,0,0,0,11.7143
function@free_mem2D,0,0,0,0,0,2,0,0,0,0,1.61765
function@free_mem2Dint,0,0,0,0,0,2,0,0,0,0,1.61765
function@free_mem2DintWithPad,0,0,0,0,0,2,0,0,0,0,2
function@free_mem2Dint64,0,0,0,0,0,2,0,0,0,0,1.61765
function@free_mem3D,0,0,0,0,0,3,0,0,0,0,2.01852
function@free_mem4D,0,0,0,0,0,4,0,0,0,0,2.25287
function@free_mem3Dint,0,0,0,0,0,3,0,0,0,0,2.01852
function@free_mem3Dint64,0,0,0,0,0,3,0,0,0,0,2.01852
function@free_mem3Ddistblk,0,0,0,0,0,3,0,0,0,0,2.01852
function@free_mem2Ddistblk,0,0,0,0,0,2,0,0,0,0,1.61765
function@free_mem4Dint,0,0,0,0,0,4,0,0,0,0,2.25287
function@free_mem4Dint64,0,0,0,0,0,4,0,0,0,0,2.25287
function@free_mem4Ddistblk,0,0,0,0,0,4,0,0,0,0,2.25287
function@free_mem5Dint,0,0,0,0,0,2,0,0,0,0,1.61905
function@new_mem2Duint16,0,0,0,0,0,9,0,0,0,0,6.52381
function@get_mem2Duint16,0,0,0,0,0,10,0,0,0,0,6.47619
function@get_mem3Duint16,0,0,0,0,0,10,0,0,0,0,7.71429
function@get_mem4Duint16,0,0,0,0,0,16,0,0,0,0,11.9524
function@get_mem2Dshort,0,0,0,0,0,10,0,0,0,0,6.47619
function@get_mem3Dshort,0,0,0,0,0,10,0,0,0,0,7.71429
function@get_mem4Dshort,0,0,0,0,0,16,0,0,0,0,11.9524
function@get_mem5Dshort,0,0,0,0,0,14,0,0,0,0,11.7143
function@get_mem6Dshort,1,0,0,1,0,18,0.47619,0,1,0,15.1905
function@get_mem7Dshort,0,0,0,0,0,18,0,0,0,0,15.7143
function@free_mem2Duint16,0,0,0,0,0,2,0,0,0,0,1.61765
function@free_mem3Duint16,0,0,0,0,0,3,0,0,0,0,2.01852
function@free_mem4Duint16,0,0,0,0,0,4,0,0,0,0,2.25287
function@free_mem2Dshort,0,0,0,0,0,2,0,0,0,0,1.61765
function@free_mem3Dshort,0,0,0,0,0,3,0,0,0,0,2.01852
function@free_mem4Dshort,0,0,0,0,0,4,0,0,0,0,2.25287
function@free_mem5Dshort,0,0,0,0,0,2,0,0,0,0,1.61905
function@free_mem6Dshort,0,0,0,0,0,3,0,0,0,0,2
function@free_mem7Dshort,0,0,0,0,0,4,0,0,0,0,2.25926
function@get_mem2Ddouble,0,0,0,0,0,10,0,0,0,0,6.47619
function@get_mem1Dodouble,0,0,0,0,0,6,0,0,0,0,4.7619
function@get_mem2Dodouble,0,0,0,0,0,11,0,0,0,0,7.47619
function@get_mem3Dodouble,7,0,0,3,0,18,4.7619,0,3,0,1036.19
function@get_offset_mem2Dshort,0,0,0,0,0,13,0,0,0,0,28.9048
function@get_mem3Doint,7,0,0,3,0,18,4.7619,0,3,0,1036.19
function@get_mem2Doint,0,0,0,0,0,11,0,0,0,0,7.47619
function@get_mem3Ddouble,0,0,0,0,0,10,0,0,0,0,8
function@free_mem2Ddouble,0,0,0,0,0,2,0,0,0,0,1.61765
function@free_mem1Dodouble,0,0,0,0,0,0,0,0,0,0,0
function@free_mem2Dodouble,0,0,0,0,0,2,0,0,0,0,1.61765
function@free_mem3Dodouble,0,0,0,0,0,6,0,0,0,0,133.382
function@free_mem3Doint,0,0,0,0,0,6,0,0,0,0,133.382
function@free_mem2Doint,0,0,0,0,0,2,0,0,0,0,1.61765
function@free_offset_mem2Dshort,0,0,0,0,0,2,0,0,0,0,1.61765
function@free_mem3Ddouble,0,0,0,0,0,3,0,0,0,0,2.01852
function@get_mem2Dolm,0,0,0,0,0,11,0,0,0,0,7.47619
function@free_mem2Dolm,0,0,0,0,0,2,0,0,0,0,1.61765
function@CheckAvailabilityOfNeighborsCABAC,0,0,0,0,0,7,0,0,0,0,5.75
function@cabac_new_slice,0,0,0,0,0,0,0,0,0,0,0
function@create_contexts_MotionInfo,0,0,0,0,0,2,0,0,0,0,2
function@create_contexts_TextureInfo,0,0,0,0,0,2,0,0,0,0,2
function@delete_contexts_MotionInfo,0,0,0,0,0,0,0,0,0,0,0
function@delete_contexts_TextureInfo,0,0,0,0,0,0,0,0,0,0,0
function@readFieldModeInfo_CABAC,0,0,0,0,0,4,0,0,0,0,2.7619
function@check_next_mb_and_get_field_mode_CABAC_p_slice,21,0,0,14,0,33,15.5,0,14,0,27.125
function@read_skip_flag_CABAC_p_slice,0,0,0,0,0,4,0,0,0,0,2.7619
function@check_next_mb_and_get_field_mode_CABAC_b_slice,21,0,0,15,0,32,17.5,0,15,0,26.25
function@read_skip_flag_CABAC_b_slice,0,0,0,0,0,3,0,0,0,0,2.38095
function@read_MVD_CABAC,5,0,0,1,0,34,1,0,1,0,33.746
function@readB8_typeInfo_CABAC_p_slice,0,0,0,0,0,6,0,0,0,0,4.23214
function@readB8_typeInfo_CABAC_b_slice,0,0,0,0,0,17,0,0,0,0,7.11494
function@readMB_transform_size_flag_CABAC,0,0,0,0,0,4,0,0,0,0,2.7619
function@readMB_typeInfo_CABAC_i_slice,0,0,0,0,0,23,0,0,0,0,6.05505
function@readMB_typeInfo_CABAC_p_slice,0,0,0,0,0,17,0,0,0,0,6.33027
function@readMB_typeInfo_CABAC_b_slice,0,0,0,0,0,30,0,0,0,0,9.25382
function@readIntraPredMode_CABAC,0,0,0,0,0,9,0,0,0,0,6
function@readRefFrame_CABAC,0,0,0,0,0,22,0,0,0,0,35.9405
function@read_dQuant_CABAC,0,0,0,0,0,7,0,0,0,0,29.55
function@read_CBP_CABAC,2,0,0,1,0,27,0.333333,0,1,0,14.1797
function@readCIPredMode_CABAC,0,0,0,0,0,11,0,0,0,0,6.17647
function@set_read_and_store_CBP,0,0,0,0,0,0,0,0,0,0,0
function@read_and_store_CBP_block_bit_444,28,0,0,14,0,41,9.05859,0,9.25,0,13.2929
function@read_and_store_CBP_block_bit_normal,2,0,0,1,0,57,0.0624998,0,0.0999999,0,9.39375
function@readRunLevel_CABAC,12,0,0,8,0,36,15.5165,0,1.85124,0,310.979
function@readSyntaxElement_CABAC,0,0,0,0,0,8,0,0,0,0,8
function@cabac_startcode_follows,0,0,0,0,0,1,0,0,0,0,0.380952
function@readIPCM_CABAC,17,0,0,17,0,70,450.625,0,17,0,2060.6
function@ue_v,0,0,0,0,0,0,0,0,0,0,0
function@linfo_ue,0,0,0,0,0,0,0,0,0,0,0
function@readSyntaxElement_VLC,0,0,0,0,0,6,0,0,0,0,8.90265
function@se_v,0,0,0,0,0,0,0,0,0,0,0
function@linfo_se,0,0,0,0,0,0,0,0,0,0,0
function@u_v,0,0,0,0,0,7,0,0,0,0,22.5952
function@readSyntaxElement_FLC,0,0,0,0,0,6,0,0,0,0,21.8529
function@i_v,0,0,0,0,0,7,0,0,0,0,22.5952
function@u_1,0,0,0,0,0,1,0,0,0,0,0.5
function@linfo_cbp_intra_normal,0,0,0,0,0,0,0,0,0,0,0
function@linfo_cbp_intra_other,0,0,0,0,0,0,0,0,0,0,0
function@linfo_cbp_inter_normal,0,0,0,0,0,0,0,0,0,0,0
function@linfo_cbp_inter_other,0,0,0,0,0,0,0,0,0,0,0
function@linfo_levrun_inter,0,0,0,0,0,1,0,0,0,0,0.25
function@linfo_levrun_c2x2,0,0,0,0,0,1,0,0,0,0,0.25
function@GetVLCSymbol,0,0,0,0,0,4,0,0,0,0,6.92857
function@readSyntaxElement_UVLC,0,0,0,0,0,1,0,0,0,0,1
function@readSyntaxElement_Intra4x4PredictionMode,0,0,0,0,0,3,0,0,0,0,1.80952
function@GetVLCSymbol_IntraMode,0,0,0,0,0,1,0,0,0,0,0.619048
function@more_rbsp_data,0,0,0,0,0,1,0,0,0,0,0.147059
function@uvlc_startcode_follows,0,0,0,0,0,2,0,0,0,0,0.666667
function@GetBits,0,0,0,0,0,6,0,0,0,0,22.0952
function@readSyntaxElement_NumCoeffTrailingOnes,0,0,0,0,0,7,0,0,0,0,1.78428
function@ShowBits,0,0,0,0,0,4,0,0,0,0,20.7857
function@readSyntaxElement_NumCoeffTrailingOnesChromaDC,0,0,0,0,0,2,0,0,0,0,1.06856
function@readSyntaxElement_Level_VLC0,0,0,0,0,0,12,0,0,0,0,6.30709
function@readSyntaxElement_Level_VLCN,0,0,0,0,0,12,0,0,0,0,26.2222
function@readSyntaxElement_TotalZeros,0,0,0,0,0,2,0,0,0,0,1.3125
function@readSyntaxElement_TotalZerosChromaDC,0,0,0,0,0,1,0,0,0,0,0.3125
function@readSyntaxElement_Run,0,0,0,0,0,2,0,0,0,0,1.3125
function@process_image,0,0,0,0,0,5,0,0,0,0,2.44118
function@MuxImages,0,0,0,0,0,27,0,0,0,0,65
function@FilterImageSep,0,0,0,0,0,53,0,0,0,0,1006.85
function@intrapred_16x16_normal,0,0,0,0,0,30,0,0,0,0,12.7625
function@AllocPPS,0,0,0,0,0,2,0,0,0,0,2
function@AllocSPS,0,0,0,0,0,2,0,0,0,0,2
function@FreePPS,0,0,0,0,0,2,0,0,0,0,2
function@FreeSPS,0,0,0,0,0,0,0,0,0,0,0
function@sps_is_equal,0,0,0,0,0,14,0,0,0,0,2.64664
function@pps_is_equal,0,0,0,0,0,25,0,0,0,0,2.90014
function@CeilLog2,0,0,0,0,0,3,0,0,0,0,21.2857
function@CeilLog2_sf,0,0,0,0,0,3,0,0,0,0,21.2857
function@FirstPartOfSliceHeader,0,0,0,0,0,6,0,0,0,0,5
function@RestOfSliceHeader,21,0,0,10,0,115,19.2952,0,7.31718,0,222.004
function@dec_ref_pic_marking,0,0,0,0,0,22,0,0,0,0,229.529
function@decode_poc,0,0,0,0,0,19,0,0,0,0,2.93572
function@dumppoc,0,0,0,0,0,1,0,0,0,0,1
function@picture_order,0,0,0,0,0,0,0,0,0,0,0
function@ercConcealIntraFrame,0,0,0,0,0,21,0,0,0,0,9.72222
function@concealBlocks,104,0,0,41,0,30,46102.5,0,666.816,0,11202.9
function@ercPixConcealIMB,0,0,0,0,0,77,0,0,0,0,553.935
function@ercCollect8PredBlocks,0,0,0,0,0,5,0,0,0,0,2.02346
function@ercCollectColumnBlocks,0,0,0,0,0,2,0,0,0,0,1.5
function@write_picture,51,0,0,30,0,66,9.09521,0,5.75391,0,14.5615
function@init_out_buffer,0,0,0,0,0,1,0,0,0,0,1
function@uninit_out_buffer,0,0,0,0,0,1,0,0,0,0,1
function@clear_picture,0,0,0,0,0,12,0,0,0,0,54.2692
function@write_unpaired_field,0,0,0,0,0,34,0,0,0,0,64.35
function@flush_direct_output,0,0,0,0,0,2,0,0,0,0,2
function@write_stored_frame,0,0,0,0,0,6,0,0,0,0,4.32
function@direct_output,0,0,0,0,0,21,0,0,0,0,6.39216
function@img2buf_endian,0,0,0,0,0,13,0,0,0,0,12.4141
function@img2buf_normal,10,0,0,7,0,27,20.3529,0,2.48235,0,432.706
function@allocate_pred_mem,0,0,0,0,0,5,0,0,0,0,5
function@free_pred_mem,0,0,0,0,0,1,0,0,0,0,1
function@get_block_luma,0,0,0,0,0,104,0,0,0,0,8.21374
function@get_luma_01,11,0,0,10,0,29,72.2454,0,3.92638,0,44.7607
function@get_luma_02,0,0,0,0,0,20,0,0,0,0,38.6914
function@get_luma_03,12,0,0,11,0,30,84.8098,0,4.92638,0,45.7607
function@get_luma_21,3,0,0,3,0,32,15.9062,0,1.5,0,293.406
function@get_luma_22,0,0,0,0,0,29,0,0,0,0,287.438
function@get_luma_23,3,0,0,3,0,32,15.9062,0,1.5,0,293.406
function@get_luma_12,2,0,0,2,0,15,0.627451,0,0.627451,0,239.98
function@get_luma_32,2,0,0,2,0,15,0.627451,0,0.627451,0,239.98
function@get_luma_11,5,0,0,5,0,30,12.2488,0,0.76555,0,50.8565
function@get_luma_13,6,0,0,5,0,30,11.177,0,1,0,50.8565
function@get_luma_31,5,0,0,5,0,30,12.2488,0,0.76555,0,50.8565
function@get_luma_33,5,0,0,5,0,31,12.2488,0,0.76555,0,51.8565
function@intra_cr_decoding,8,0,0,6,0,42,403,0,40.75,0,3535.38
function@prepare_direct_params,0,0,0,0,0,12,0,0,0,0,9.75
function@perform_mc,335,0,0,125,0,353,26.4207,0,27.0469,0,659.265
function@get_block_chroma,9,0,0,7,0,110,1.34946,0,0.241935,0,124.419
function@intrapred8x8,0,0,0,0,0,0,0,0,0,0,0
function@intrapred_chroma_ver_mbaff,0,0,0,0,0,4,0,0,0,0,38.2812
function@intrapred_chroma,27,0,0,11,0,161,0.769213,0,0.842187,0,141.801
function@intrapred_chroma_mbaff,58,0,0,31,0,93,714.281,0,22.975,0,804.202
function@intra_chroma_DC_all_mbaff,0,0,0,0,0,2,0,0,0,0,0.852941
function@set_loop_filter_functions_mbaff,0,0,0,0,0,0,0,0,0,0,0
function@GetStrengthVerMBAff,11,0,0,3,0,71,0.37721,0,1.35938,0,86.7518
function@GetStrengthHorMBAff,9,0,0,2,0,29,0.456893,0,0.25,0,31.5148
function@EdgeLoopLumaVerMBAff,8,0,0,7,0,12,38.2441,0,4,0,87.25
function@EdgeLoopLumaHorMBAff,6,0,0,5,0,10,2.44978,0,4,0,7.73462
function@EdgeLoopChromaVerMBAff,6,0,0,6,0,15,53.9676,0,4.125,0,184.624
function@EdgeLoopChromaHorMBAff,3,0,0,3,0,13,1.29835,0,3,0,19.4021
function@get_non_aff_neighbor_luma,0,0,0,0,0,0,0,0,0,0,0
function@get_non_aff_neighbor_chroma,0,0,0,0,0,2,0,0,0,0,0.485294
function@init_qp_process,0,0,0,0,0,1,0,0,0,0,0.5
function@free_qp_matrices,0,0,0,0,0,0,0,0,0,0,0
function@assign_quant_params,0,0,0,0,0,15,0,0,0,0,42.8971
function@CalculateQuant4x4Param,0,0,0,0,0,1,0,0,0,0,1
function@CalculateQuant8x8Param,6,0,0,6,0,65,3,0,3,0,44.5
function@set_dequant8x8,0,0,0,0,0,0,0,0,0,0,0
function@OpenRTPFile,0,0,0,0,0,6,0,0,0,0,4.14286
function@CloseRTPFile,0,0,0,0,0,0,0,0,0,0,0
function@GetRTPNALU,0,0,0,0,0,10,0,0,0,0,8.16
function@RTPReadPacket,0,0,0,0,0,12,0,0,0,0,8
function@DecomposeRTPpacket,0,0,0,0,0,0,0,0,0,0,0
function@DumpRTPHeader,0,0,0,0,0,31,0,0,0,0,31
function@getDpbSize,0,0,0,0,0,2,0,0,0,0,1.05535
function@check_num_ref,0,0,0,0,0,0,0,0,0,0,0
function@init_dpb,0,0,0,0,0,16,0,0,0,0,37.4118
function@free_dpb,0,0,0,0,0,4,0,0,0,0,9.58823
function@GetMaxDecFrameBuffering,0,0,0,0,0,5,0,0,0,0,8.75
function@alloc_frame_store,0,0,0,0,0,2,0,0,0,0,2
function@alloc_storable_picture,2,0,0,2,0,26,1.7619,0,2,0,21.4286
function@re_init_dpb,0,0,0,0,0,8,0,0,0,0,14.3095
function@free_frame_store,0,0,0,0,0,2,0,0,0,0,1.61905
function@free_storable_picture,0,0,0,0,0,2,0,0,0,0,1.625
function@alloc_pic_motion,0,0,0,0,0,1,0,0,0,0,1
function@free_pic_motion,0,0,0,0,0,1,0,0,0,0,1
function@is_short_ref,0,0,0,0,0,1,0,0,0,0,0.380952
function@is_long_ref,0,0,0,0,0,1,0,0,0,0,0.380952
function@gen_pic_list_from_frame_list,0,0,0,0,0,13,0,0,0,0,17.5641
function@update_pic_num,0,0,0,0,0,2,0,0,0,0,0.631579
function@init_lists_i_slice,0,0,0,0,0,0,0,0,0,0,0
function@init_lists_p_slice,0,0,0,0,0,56,0,0,0,0,45.0613
function@compare_pic_by_pic_num_desc,0,0,0,0,0,0,0,0,0,0,0
function@compare_pic_by_lt_pic_num_asc,0,0,0,0,0,0,0,0,0,0,0
function@compare_fs_by_frame_num_desc,0,0,0,0,0,0,0,0,0,0,0
function@compare_fs_by_lt_pic_idx_asc,0,0,0,0,0,0,0,0,0,0,0
function@append_interview_list,0,0,0,0,0,13,0,0,0,0,12.0893
function@init_lists_b_slice,5,0,0,4,0,113,2.25153,0,2.8773,0,72.4295
function@compare_pic_by_poc_desc,0,0,0,0,0,0,0,0,0,0,0
function@compare_pic_by_poc_asc,0,0,0,0,0,0,0,0,0,0,0
function@compare_fs_by_poc_desc,0,0,0,0,0,0,0,0,0,0,0
function@compare_fs_by_poc_asc,0,0,0,0,0,0,0,0,0,0,0
function@init_lists,6,0,0,4,0,174,0.571429,0,0.57265,0,33.6667
function@init_mbaff_lists,0,0,0,0,0,5,0,0,0,0,3.47619
function@get_short_term_pic,0,0,0,0,0,0,0,0,0,0,0
function@get_long_term_pic,0,0,0,0,0,3,0,0,0,0,0.75
function@reorder_ref_pic_list,4,0,0,2,0,8,3,0,2,0,42.5
function@update_ref_list,0,0,0,0,0,5,0,0,0,0,20.5714
function@update_ltref_list,0,0,0,0,0,5,0,0,0,0,22
function@mm_update_max_long_term_frame_idx,0,0,0,0,0,4,0,0,0,0,4
function@store_picture_in_dpb,0,0,0,0,0,129,0,0,0,0,157.328
function@insert_picture_in_dpb,0,0,0,0,0,16,0,0,0,0,5.28834
function@remove_unused_frame_from_dpb,0,0,0,0,0,6,0,0,0,0,2.52736
function@output_one_frame_from_dpb,0,0,0,0,0,16,0,0,0,0,13.2827
function@flush_dpb,0,0,0,0,0,9,0,0,0,0,99.0588
function@unmark_for_reference,0,0,0,0,0,1,0,0,0,0,1
function@dpb_split_field,0,0,0,0,0,27,0,0,0,0,67.647
function@dpb_combine_field_yuv,0,0,0,0,0,11,0,0,0,0,6.89286
function@dpb_combine_field,0,0,0,0,0,14,0,0,0,0,395.938
function@alloc_ref_pic_list_reordering_buffer,0,0,0,0,0,9,0,0,0,0,4.3125
function@free_ref_pic_list_reordering_buffer,0,0,0,0,0,1,0,0,0,0,1
function@fill_frame_num_gap,0,0,0,0,0,7,0,0,0,0,75.6875
function@compute_colocated,0,0,0,0,0,2,0,0,0,0,4.91177
function@unmark_long_term_field_for_reference_by_frame_idx,0,0,0,0,0,0,0,0,0,0,0
function@remove_frame_from_dpb,0,0,0,0,0,3,0,0,0,0,18
function@mb_is_available,0,0,0,0,0,3,0,0,0,0,0.735294
function@CheckAvailabilityOfNeighbors,0,0,0,0,0,24,0,0,0,0,3.36823
function@get_mb_block_pos_normal,0,0,0,0,0,0,0,0,0,0,0
function@get_mb_block_pos_mbaff,0,0,0,0,0,0,0,0,0,0,0
function@get_mb_pos,0,0,0,0,0,6,0,0,0,0,6
function@getNonAffNeighbour,0,0,0,0,0,0,0,0,0,0,0
function@getAffNeighbour,0,0,0,0,0,2,0,0,0,0,2
function@get4x4Neighbour,0,0,0,0,0,2,0,0,0,0,2
function@get4x4NeighbourBase,0,0,0,0,0,2,0,0,0,0,2
function@main,71,0,0,42,0,132,5.12905,0,30.7439,0,1385.13
function@get_version,0,0,0,0,0,14,0,0,0,0,7.99999
function@spec_strdup,0,0,0,0,0,6,0,0,0,0,5
function@printUsage,0,0,0,0,0,1,0,0,0,0,1
function@load_image_file,0,0,0,0,0,26,0,0,0,0,19.6406
function@init_targa,0,0,0,0,0,13,0,0,0,0,27.64
function@dump_tga,0,0,0,0,0,33,0,0,0,0,489.458
function@dump_header,0,0,0,0,0,2,0,0,0,0,2
function@computeSSIM,90,0,0,26,0,102,97119.7,0,6665.7,0,286080
function@mean,0,0,0,0,0,2,0,0,0,0,0.64
function@variance,0,0,0,0,0,2,0,0,0,0,0.64
function@covariance,0,0,0,0,0,2,0,0,0,0,0.64
function@read_yuv_file,4,0,0,2,0,51,0.624977,0,1.62499,0,158.079
function@read_tga_file,0,0,0,0,0,43,0,0,0,0,832.099
