Comando: /home/mpvreal/Code/Faculdade/tcc/llvm/build/bin/llc --march=x86-64 --regalloc=basic -o -
Heurística: div(cost,mul(area,degree))
function@primal_update_flow,0,0,0,0,0,0,0,0,0,0,0
function@set_static_vars,0,0,0,0,0,0,0,0,0,0,0
function@bea_is_dual_infeasible,0,0,0,0,0,0,0,0,0,0,0
function@cost_compare,0,0,0,0,0,1,0,0,0,0,1
function@primal_bea_mpp,1,2,0,3,0,10,16.4762,32.9524,3,0,89
function@refreshArcPointers,0,0,0,0,0,6,0,0,0,0,27.75
function@refreshPositions,2,1,0,1,0,6,1.66667,1,1,0,40
function@marc_arcs,0,0,0,0,0,11,0,0,0,0,6.28571
function@arc_compare,0,0,0,0,0,1,0,0,0,0,1
function@resize_prob,0,0,0,0,0,3,0,0,0,0,2.36
function@insert_new_arc,0,0,0,0,0,8,0,0,0,0,27.25
function@replace_weaker_arc,0,0,0,0,0,9,0,0,0,0,26.75
function@calculate_max_redcost,0,0,0,0,0,6,0,0,0,0,13.3137
function@switch_arcs,4,2,0,7,2,11,1177.43,20.9048,754.429,115.476,2148.86
function@price_out_impl,100,35,0,52,14,47,130.219,57.8808,52.8543,7.80795,87.245
function@suspend_impl,6,4,0,4,1,38,3.66667,2,1.68571,7.5619,57.1619
function@global_opt,0,0,0,0,0,4,0,0,0,0,74.1058
function@main,0,0,0,0,0,5,0,0,0,0,3.4375
function@read_min,23,6,0,10,6,31,13.3242,2.80202,3.19187,3.59017,14.7196
function@primal_start_artificial,0,0,0,0,0,5,0,0,0,0,22.72
function@update_tree,1,3,0,2,1,24,10.2903,41.1935,1.6129,0.612903,204.806
function@refresh_neighbour_lists,0,0,0,0,0,4,0,0,0,0,41.875
function@flow_cost,0,0,0,0,0,3,0,0,0,0,1.96
function@start,0,0,0,0,0,0,0,0,0,0,0
function@getArcPosition,0,0,0,0,0,7,0,0,0,0,5
function@getOriginalArcPosition,0,0,0,0,0,1,0,0,0,0,1
function@flow_org_cost,0,4,0,2,0,3,0,4,2,0,1.96
function@primal_feasible,1,2,0,3,0,6,1,11.7234,2.17021,0,15.7447
function@dual_feasible,0,0,0,0,0,1,0,0,0,0,1
function@getfree,0,0,0,0,0,1,0,0,0,0,1
function@spec_qsort,571,298,0,152,76,157,3720.34,2809.13,235.549,181.63,921.041
function@markBaskets,0,0,0,0,0,4,0,0,0,0,303.222
function@worker,5,4,0,3,0,23,33,7.5,3,0,115.5
function@master,14,8,0,6,0,17,38.6141,22.2044,5.5,0,87.1488
function@primal_net_simplex,0,0,0,0,0,5,0,0,0,0,5
function@write_circulations,0,0,0,0,0,9,0,0,0,0,6.16683
function@write_objective_value,0,0,0,0,0,5,0,0,0,0,3.85714
function@primal_iminus,0,0,0,0,0,7,0,0,0,0,12.4286
