Comando: /home/mpvreal/Code/Faculdade/tcc/llvm/build/bin/llc --march=x86 --regalloc=greedy -o -
Heurística: div(cost,pow(degree,2))
function@writeout_,167,69,0,141,6,200,47016.6,22002.7,14914.9,217.042,12635.7
function@_QMplane_source_modPplane_source_init,0,0,0,0,0,26,0,0,0,0,708.723
function@_QMplane_source_modPplane_source_read,145,93,0,154,39,132,69936.7,21651.7,20397.4,24362,13436.8
function@_QMplane_source_modPplane_source_apply,40,24,0,23,22,41,1669.88,1383,241.375,1017.19,1265.88
function@_QMcommunicate_modPcom_init_mpi,0,0,0,0,0,0,0,0,0,0,0
function@_QMcommunicate_modPcommunicate_end,0,0,0,0,0,5,0,0,0,0,2.8
function@init_,17,11,0,18,1,100,20.6191,14.1943,10.0247,0.0439453,43.9697
function@_QMmur_modPmur_init,106,25,0,88,6,217,141.497,72.1475,34.7793,2.25,396.583
function@_QMmur_modPmur_updatee,943,595,0,827,105,526,12669.6,9487.34,5777.13,618.021,7374.86
function@_QMmur_modPmur_storee,495,293,0,370,113,238,17766.9,6377,5155.35,5605.28,5523.54
function@_QMmur_modPmur_end,0,0,0,0,0,15,0,0,0,0,2.57812
function@_QMmur_modPmur_set_mf_arrays,35,70,0,84,3,64,3935.95,11793,966.35,1.6,8424.1
function@_QMupdate_modPupdate_init,0,0,0,0,0,0,0,0,0,0,0
function@_QMupdate_modPupdateh,208,0,0,60,4,26,208,0,60,3,26
function@_QMupdate_modPupdateh..omp_par.4,209,102,0,165,103,58,136508,55224.9,30484.5,7465.74,35681.8
function@_QMupdate_modPupdateh..omp_par.3,51,38,0,71,2,20,5581.56,8729.69,1435.69,10.5625,3590
function@_QMupdate_modPupdateh..omp_par.2,30,20,0,45,1,10,2663.31,3910.12,1064.31,0.625,2579.38
function@_QMupdate_modPupdateh..omp_par.1,28,21,0,45,2,9,2333.44,4540.06,1055,1.25,1940
function@_QMupdate_modPupdateh..omp_par,50,35,0,71,4,11,5763.38,10094.9,1372.44,425.438,2849.31
function@_QMupdate_modPupdatee,129,0,0,53,0,34,91,0,53,0,30
function@_QMupdate_modPupdatee..omp_par.7,366,105,0,198,135,70,235506,85301.6,60992.9,11622.1,52846.7
function@_QMupdate_modPupdatee..omp_par.6,122,37,0,82,19,41,2496.9,2307.44,1206.63,153.178,1554.76
function@_QMupdate_modPupdatee..omp_par.5,113,41,0,80,21,34,2978.07,2475.78,1242.17,107.632,2048.89
function@_QMupdate_modPupdatee..omp_par,30,20,0,41,2,14,3327.62,4119.44,902.812,1.25,2102.88
function@_QMupdate_modPupdate_inith,120,40,0,81,11,77,3261.59,3047.16,149.471,3.94118,4419.2
function@_QMupdate_modPupdate_inith..omp_par.11,106,53,0,95,9,45,45974.7,11366.8,16040.5,1652.19,11758.2
function@_QMupdate_modPupdate_inith..omp_par.10,15,13,0,27,2,6,1027.56,3239.19,72.75,1.25,1290.19
function@_QMupdate_modPupdate_inith..omp_par.9,21,10,0,21,2,6,2136.88,699.375,531.375,5.5625,369.625
function@_QMupdate_modPupdate_inith..omp_par.8,22,9,0,21,2,8,1991.81,694.438,531.75,5.5625,380.062
function@_QMupdate_modPupdate_inith..omp_par,16,13,0,27,2,6,1683.94,3269.19,80.25,1.25,1624.62
function@_QMupdate_modPupdate_inite,207,140,0,169,20,191,2580.9,2504.7,423.302,4.77663,2907.99
function@_QMupdate_modPupdate_inite..omp_par.14,100,58,0,94,9,40,51991,16921.1,17566.2,1182.06,37519.7
function@_QMupdate_modPupdate_inite..omp_par.13,23,12,0,22,2,24,678.312,638.75,451.875,1.25,2817.19
function@_QMupdate_modPupdate_inite..omp_par.12,23,11,0,22,2,25,678.312,647.5,449.125,1.25,2823.38
function@_QMupdate_modPupdate_inite..omp_par,7,7,0,13,2,10,466.688,1644.56,43.375,1.25,2064.94
function@_QMupml_modPupml_allocate,2,5,0,7,6,304,2,5,7,6,264.294
function@_QMupml_modPcheck_allocate,0,0,0,0,0,2,0,0,0,0,9.31323e-10
function@_QMupml_modPupml_set_eps_arrays,287,209,0,256,23,353,10244.7,25094.1,1856.36,8.90476,25356.4
function@_QMupml_modPupml_init,3266,919,0,1325,1136,1683,5946.74,2646.7,1081.74,769.645,5387.47
function@_QMupml_modPupml_initb,0,0,0,0,0,0,0,0,0,0,0
function@_QMupml_modPupml_initb..omp_par,610,83,0,593,23,60,3.18877e+06,325793,3.01056e+06,923.438,95488.2
function@_QMupml_modPupml_inith,27,0,0,26,0,13,27,0,26,0,13
function@_QMupml_modPupml_inith..omp_par,549,366,0,364,46,238,290618,87864.9,113645,1550.62,129572
function@_QMupml_modPupml_updateh,57,0,0,56,0,27,57,0,56,0,27
function@_QMupml_modPupml_updateh..omp_par,3172,456,0,2871,22,286,1.79075e+07,1.95533e+06,1.46209e+07,890.062,982873
function@_QMupml_modPupml_updatee_homo,57,0,0,56,0,28,57,0,56,0,28
function@_QMupml_modPupml_updatee_homo..omp_par,4671,686,0,4194,26,555,1.87074e+07,793441,1.46043e+07,63.5,1.04085e+06
function@_QMupml_modPupml_updatee_simple,57,0,0,56,0,28,57,0,56,0,28
function@_QMupml_modPupml_updatee_simple..omp_par,5236,682,0,4687,23,566,2.12922e+07,773932,1.66476e+07,26.1875,1.04554e+06
function@_QMupml_modPupml_initd,0,0,0,0,0,0,0,0,0,0,0
function@_QMupml_modPupml_initd..omp_par,974,146,0,953,42,126,3.55733e+06,355232,3.35048e+06,973.5,132656
function@_QMupml_modPupml_inite,27,0,0,26,0,13,27,0,26,0,13
function@_QMupml_modPupml_inite..omp_par,705,454,0,432,65,342,316532,104194,123792,1799.16,139560
function@_QMupml_modPupml_end,0,0,0,0,0,90,0,0,0,0,48.3333
function@_QMupml_modPcheck_deallocate,0,0,0,0,0,1,0,0,0,0,0.619048
function@_QMreadline_modPreadline,24,63,0,66,5,78,95.913,689.587,655.924,3.92391,598.185
function@_QMreadline_modPcheckifkeyword,0,0,0,0,0,1,0,0,0,0,9.80769
function@mpi_barrier_,0,0,0,0,0,1,0,0,0,0,1
function@mpi_bcast_,0,0,0,0,0,1,0,0,0,0,1
function@mpi_bcast_integers_,0,0,0,0,0,1,0,0,0,0,1
function@mpi_bcast_reals_,0,0,0,0,0,1,0,0,0,0,1
function@mpi_bcast_logical_,0,0,0,0,0,1,0,0,0,0,1
function@mpi_cart_rank_,0,0,0,0,0,1,0,0,0,0,1
function@mpi_cart_create_,0,0,0,0,0,1,0,0,0,0,1
function@mpi_cart_coords_,0,0,0,0,0,1,0,0,0,0,1
function@mpi_cart_shift_,0,0,0,0,0,1,0,0,0,0,1
function@mpi_comm_rank_,0,0,0,0,0,1,0,0,0,0,1
function@mpi_comm_size_,0,0,0,0,0,1,0,0,0,0,1
function@mpi_finalize_,0,0,0,0,0,0,0,0,0,0,0
function@mpi_init_,0,0,0,0,0,0,0,0,0,0,0
function@mpi_recv_,0,0,0,0,0,1,0,0,0,0,1
function@mpi_ssend_,0,0,0,0,0,1,0,0,0,0,1
function@mpi_bsend_,0,0,0,0,0,1,0,0,0,0,1
function@mpi_sendrecv_,0,0,0,0,0,2,0,0,0,0,2
function@mpi_wait_,0,0,0,0,0,1,0,0,0,0,1
function@mpi_isend_,0,0,0,0,0,1,0,0,0,0,1
function@mpi_wtick_,0,0,0,0,0,0,0,0,0,0,0
function@mpi_wtime_,0,0,0,0,0,0,0,0,0,0,0
function@mpi_buffer_attach_,0,0,0,0,0,1,0,0,0,0,1
function@mpi_buffer_detach_,0,0,0,0,0,1,0,0,0,0,1
function@mpi_pack_size_,0,0,0,0,0,1,0,0,0,0,1
function@mpi_gather_,0,0,0,0,0,1,0,0,0,0,1
function@mpi_type_struct_,0,0,0,0,0,2,0,0,0,0,2
function@mpi_type_commit_,0,0,0,0,0,1,0,0,0,0,1
function@mpi_type_extent_,0,0,0,0,0,1,0,0,0,0,1
function@mpi_type_free_,0,0,0,0,0,1,0,0,0,0,1
function@mpi_type_vector_,0,0,0,0,0,1,0,0,0,0,1
function@mpi_type_hvector_,0,0,0,0,0,1,0,0,0,0,1
function@mpi_irecv_,0,0,0,0,0,1,0,0,0,0,1
function@mpi_waitall_,0,0,0,0,0,1,0,0,0,0,1
function@mpi_sendrecv_replace_,0,0,0,0,0,2,0,0,0,0,2
function@mpi_bsend_init_,0,0,0,0,0,1,0,0,0,0,1
function@mpi_recv_init_,0,0,0,0,0,1,0,0,0,0,1
function@mpi_dims_create_,0,0,0,0,0,1,0,0,0,0,1
function@mpi_start_,0,0,0,0,0,1,0,0,0,0,1
function@mpi_allreduce_,0,0,0,0,0,0,0,0,0,0,0
function@mpi_reduce_,0,0,0,0,0,0,0,0,0,0,0
function@_QMhuygens_modPhuygens_init,1,0,0,0,1,0,1,0,0,1,0
function@_QMhuygens_modPhuygensh,1505,555,0,960,376,942,46631.3,22663.6,15569.6,14181.3,18605.7
function@_QMhuygens_modPhuygense,1907,732,0,1163,400,1138,57972.6,30047.4,20782,14189.8,24497.3
function@_QMhuygens_modPuin,1127,338,0,224,466,193,20212.4,6647.42,2506.62,9305.37,3883.42
function@_QMmaterial_modPmat_init,1937,702,0,1793,75,858,3.29725e+08,9.54238e+07,2.68127e+08,929588,9.83909e+07
function@_QMmaterial_modPmat_updatee,130,0,0,53,0,34,91.5,0,53,0,30
function@_QMmaterial_modPmat_updatee..omp_par.3,218,47,0,222,2,34,1.29957e+06,101869,900476,1.25,68163.4
function@_QMmaterial_modPmat_updatee..omp_par.2,77,23,0,87,2,9,21337.9,2547.69,16529.5,1.25,1277.5
function@_QMmaterial_modPmat_updatee..omp_par.1,81,19,0,91,2,10,21770.4,2545.19,18129.2,1.25,878.812
function@_QMmaterial_modPmat_updatee..omp_par,95,22,0,90,2,5,27780.7,5295,18128.6,1.25,452.75
function@calcflops_,0,0,0,0,0,0,0,0,0,0,0
function@_QMpower_modPpower_init,18,14,0,29,5,63,333.938,1137,105.141,21.75,2475.5
function@_QMpower_modPpower_init..omp_par,104,11,0,101,9,5,35494.6,4019.31,32984.3,1650.12,1600.25
function@_QMpower_modPpower_stop,0,0,0,0,0,0,0,0,0,0,0
function@_QMpower_modPpower_dft,20,7,0,10,2,14,197.093,163.556,29.1852,1.25926,238.815
function@_QMpower_modPpower_dft..omp_par.1,189,7,0,171,8,23,56189.2,2419.56,46259.8,850.875,6499.12
function@_QMpower_modPpower_dft..omp_par,85,0,0,67,3,5,1618.94,0,1070.69,1.875,80.75
function@_QMpower_modPpower_print,30,14,0,25,8,45,1311.19,2513.42,41.3906,8.69922,1598.26
function@_QMpower_modPpower_intere,13,20,0,17,0,28,4.33333,6.66667,13.6667,0,16.3333
function@_QMpower_modPpower_interh,29,22,0,23,0,26,9.66667,7.33333,16.3333,0,16.3333
function@_QMpower_modPread_power,10,6,0,12,3,79,36.8215,207.932,227.876,0.859375,2624.83
function@_QMpower_modPpower_updateh,66,59,0,80,5,73,2282.64,3253.33,1288.75,51.3951,2559.7
function@timer_,0,0,0,0,0,5,0,0,0,0,3.85714
function@leapfrog_,40,65,0,62,16,75,3732.23,4710,1880.23,11.832,3139
function@_QMpec_modPpec_read,0,1,0,0,2,21,0,0.375,0,0.738281,56.5156
function@_QMpec_modPpec_init,665,388,0,443,32,442,296269,146145,131766,1692.11,209934
function@_QMpec_modPpec_apply,16,26,0,42,0,28,319,518.375,147,0,196.188
function@_QMpec_modPpec_end,0,0,0,0,0,3,0,0,0,0,1.2
function@_QQmain,13,16,0,29,0,74,8.125,21.875,18.125,0,52.5
