Comando: /home/mpvreal/Code/Faculdade/tcc/llvm/build/bin/llc --march=x86-64 --regalloc=greedy -o -
Heurística: div(cost,mul(area,pow(degree,2)))
function@_Z10exit_usagePKc,0,0,0,0,0,1,0,0,0,0,1
function@_Z8NAMD_bugPKc,0,0,0,0,0,1,0,0,0,0,1
function@_Z8NAMD_diePKc,0,0,0,0,0,1,0,0,0,0,1
function@main,28,18,0,12,14,201,216.019,340.425,38.1538,144.134,743.145
function@_ZN9ResultSetD2Ev,0,0,0,0,0,1,0,0,0,0,1
function@__clang_call_terminate,0,0,0,0,0,0,0,0,0,0,0
function@_ZN20ComputeNonbondedUtil20calc_pair_energy_fepEP9nonbonded,697,60,0,269,1,314,9688.29,2125.22,4328.31,0.1875,632.911
function@_Z22pairlist_from_pairlistddddPK8CompAtomPKtiPtdPd,13,4,0,16,0,19,83.2,40.8,64.4,0,95.68
function@_Z24fep_vdw_forceandenergiesdddddddddiidddPdS_S_,36,25,0,26,0,4,12.5,11.0882,13.4265,0,4
function@_ZN20ComputeNonbondedUtil30calc_pair_energy_fullelect_fepEP9nonbonded,870,81,0,370,0,347,14692.5,2553.87,6876.12,0,2195.8
function@_ZN20ComputeNonbondedUtil36calc_pair_energy_merge_fullelect_fepEP9nonbonded,792,66,0,300,1,324,10279.1,1959.61,4126.21,0.1875,655.508
function@_ZN20ComputeNonbondedUtil35calc_pair_energy_slow_fullelect_fepEP9nonbonded,594,53,0,212,6,320,2855.21,1491.3,347.555,0.643066,895.143
function@_ZN20ComputeNonbondedUtil20calc_self_energy_fepEP9nonbonded,513,76,0,222,6,331,8192.57,2771.32,2762.49,0.75,1145.39
function@_ZN20ComputeNonbondedUtil30calc_self_energy_fullelect_fepEP9nonbonded,676,67,0,290,6,350,12656.1,1821.29,4482.27,0.820312,1985.32
function@_ZN20ComputeNonbondedUtil36calc_self_energy_merge_fullelect_fepEP9nonbonded,604,68,0,242,4,331,8701.3,2613.2,3030.9,0.5625,647.933
function@_ZN20ComputeNonbondedUtil35calc_self_energy_slow_fullelect_fepEP9nonbonded,537,35,0,168,4,305,1397.76,212.087,276.828,0.5625,903.115
function@_ZN14ResizeArrayRawI6VectorE6resizeEi,2,0,0,2,0,9,0.494118,0,0.494118,0,3.34118
function@_ZN5PatchC2Ev,0,0,0,0,0,0,0,0,0,0,0
function@_ZN5PatchD2Ev,0,0,0,0,0,1,0,0,0,0,1
function@_ZN5Patch9moveatomsEv,2,4,0,5,0,2,42.5,85,85.6667,0,22.25
function@_ZN5Patch10zeroforcesEv,0,0,0,0,0,1,0,0,0,0,0.64
function@_ZN5Patch9setforcesEP6VectorS1_,0,0,0,0,0,0,0,0,0,0,0
function@_ZN5Patch8readfileEP8_IO_FILEP8Molecule,1,3,0,2,0,41,0.720796,0.164795,0.19043,0,8.29565
function@_ZN9ResultSet9writefileEP8_IO_FILE,0,0,0,0,0,15,0,0,0,0,15
function@_ZN9ResultSet8readfileEP8_IO_FILE,0,0,0,0,0,16,0,0,0,0,16
function@_Z5equaldd,0,0,0,0,0,0,0,0,0,0,0
function@_Z5equalPdS_,0,0,0,0,0,0,0,0,0,0,0
function@_Z5equalPdS_S_S_,0,0,0,0,0,0,0,0,0,0,0
function@_ZN9ResultSet5checkEv,0,0,0,0,0,0,0,0,0,0,0
function@_ZN9ResultSet8samemodeERS_,0,0,0,0,0,0,0,0,0,0,0
function@_ZN9ResultSet7compareERS_,2,0,0,2,0,12,0.499998,0,0.999998,0,6.49999
function@_ZN9PatchListC2ER7Lattice,0,0,0,0,0,1,0,0,0,0,1
function@_ZN9PatchListD2Ev,0,0,0,0,0,6,0,0,0,0,1.62502
function@__clang_call_terminate,0,0,0,0,0,0,0,0,0,0,0
function@_ZN9PatchList9moveatomsEv,0,0,0,0,0,1,0,0,0,0,1
function@_ZN9PatchList11zeroresultsEv,0,0,0,0,0,1,0,0,0,0,1
function@_ZN9PatchList10setresultsEP9ResultSet,0,0,0,0,0,2,0,0,0,0,2
function@_ZN9PatchList8readfileEP8_IO_FILEP8Molecule,4,0,0,3,0,16,0.146482,0,0.219726,0,9.58485
function@_ZN7LJTableC2Ev,0,0,0,0,0,0,0,0,0,0,0
function@_ZN7LJTable8readfileEP8_IO_FILE,1,0,0,1,0,10,2.07961,0,0.234375,0,7.87722
function@_ZN7LJTableD2Ev,0,0,0,0,0,0,0,0,0,0,0
function@_ZN20ComputeNonbondedUtil9calc_pairEP9nonbonded,293,25,0,114,2,175,647.65,213.242,111.434,0.373626,461.75
function@_Z22pairlist_from_pairlistddddPK8CompAtomPKtiPtdPd,13,4,0,16,0,19,83.2,40.8,64.4,0,95.68
function@_ZN20ComputeNonbondedUtil16calc_pair_energyEP9nonbonded,313,25,0,131,2,178,1782.35,213.242,860.479,0.373626,459.589
function@_ZN20ComputeNonbondedUtil19calc_pair_fullelectEP9nonbonded,355,30,0,165,0,188,2333.56,360.392,1155.67,0,612.613
function@_ZN20ComputeNonbondedUtil26calc_pair_energy_fullelectEP9nonbonded,378,29,0,177,0,203,3028.17,569.037,1838.64,0,622.479
function@_ZN20ComputeNonbondedUtil25calc_pair_merge_fullelectEP9nonbonded,302,27,0,124,2,181,726.303,134.68,133.663,0.373626,310.082
function@_ZN20ComputeNonbondedUtil32calc_pair_energy_merge_fullelectEP9nonbonded,318,28,0,135,2,183,1824.66,282.332,811.643,0.373626,314.14
function@_ZN20ComputeNonbondedUtil24calc_pair_slow_fullelectEP9nonbonded,258,23,0,125,2,187,497.688,65.1827,129.35,0.373626,469.382
function@_ZN20ComputeNonbondedUtil31calc_pair_energy_slow_fullelectEP9nonbonded,316,27,0,131,2,184,1015.24,203.879,141.071,0.373626,616.647
function@_ZN20ComputeNonbondedUtil9calc_selfEP9nonbonded,261,25,0,113,8,165,633.457,118.762,108.08,0.708791,251.086
function@_ZN20ComputeNonbondedUtil16calc_self_energyEP9nonbonded,262,33,0,113,10,170,740.947,277.874,108.894,0.965659,261.739
function@_ZN20ComputeNonbondedUtil19calc_self_fullelectEP9nonbonded,317,23,0,131,10,191,1056.56,176.341,147.401,0.965659,572.356
function@_ZN20ComputeNonbondedUtil26calc_self_energy_fullelectEP9nonbonded,359,42,0,155,10,174,2381.43,862.252,1548.56,0.965659,696.392
function@_ZN20ComputeNonbondedUtil25calc_self_merge_fullelectEP9nonbonded,302,26,0,114,10,168,634.904,115.247,112.749,0.965659,259.053
function@_ZN20ComputeNonbondedUtil32calc_self_energy_merge_fullelectEP9nonbonded,287,27,0,117,10,183,1105.14,188.577,271.088,0.965659,269.243
function@_ZN20ComputeNonbondedUtil24calc_self_slow_fullelectEP9nonbonded,266,22,0,114,10,182,351.189,39.603,112.376,0.965659,431.645
function@_ZN20ComputeNonbondedUtil31calc_self_energy_slow_fullelectEP9nonbonded,280,24,0,117,10,179,544.728,44.8887,123.718,0.965659,418.59
function@_ZN20ComputeNonbondedUtil20calc_pair_energy_intEP9nonbonded,311,30,0,136,3,203,1756.95,387.625,956.839,0.56044,277.166
function@_ZN20ComputeNonbondedUtil30calc_pair_energy_fullelect_intEP9nonbonded,438,37,0,191,0,232,3574.45,805.892,2215.06,0,648.415
function@_ZN20ComputeNonbondedUtil36calc_pair_energy_merge_fullelect_intEP9nonbonded,364,35,0,145,6,202,2172.61,461.967,1116.23,0.638736,281.515
function@_ZN20ComputeNonbondedUtil20calc_self_energy_intEP9nonbonded,323,44,0,143,4,194,1576.49,169.419,675.47,0.630494,218.198
function@_ZN20ComputeNonbondedUtil30calc_self_energy_fullelect_intEP9nonbonded,402,55,0,176,12,214,2458.56,662.143,1323.16,1.3283,737.487
function@_ZN20ComputeNonbondedUtil36calc_self_energy_merge_fullelect_intEP9nonbonded,337,48,0,149,12,217,1514.61,350.305,800.305,1.3283,366.527
function@_ZN14ResizeArrayRawI6VectorE6resizeEi,2,0,0,2,0,9,0.494118,0,0.494118,0,3.34118
function@_ZN8MoleculeC2Ev,0,0,0,0,0,5,0,0,0,0,2
function@_ZN8MoleculeD2Ev,0,0,0,0,0,3,0,0,0,0,1.85185
function@_ZN8Molecule8readfileEP8_IO_FILE,4,0,0,2,0,13,0.793521,0,0.307617,0,6.22168
function@_ZN11ObjectArenaIcE11getNewArrayEi,0,0,0,0,0,6,0,0,0,0,27.25
function@_ZN11ResizeArrayIPcED2Ev,0,0,0,0,0,1,0,0,0,0,0.352941
function@_ZN11ResizeArrayIPcED0Ev,0,0,0,0,0,3,0,0,0,0,2.35294
function@_ZN14ResizeArrayRawIPcE3insERKS0_i,7,0,0,7,0,15,1.72941,0,1.72941,0,6.45882
function@_Z9dummy_erfi,0,0,0,0,0,1,0,0,0,0,1
function@_ZN26ComputeNonbondedWorkArraysC2Ev,0,0,0,0,0,25,0,0,0,0,3.00001
function@_ZN26ComputeNonbondedWorkArraysD2Ev,0,0,0,0,0,20,0,0,0,0,7.70588
function@_ZN11SelfCompute6doWorkEP9PatchList,0,0,0,0,0,0,0,0,0,0,0
function@_ZN11PairCompute6doWorkEP9PatchList,0,0,0,0,0,6,0,0,0,0,6
function@_ZN11ResizeArrayI6VectorED2Ev,0,0,0,0,0,1,0,0,0,0,0.352941
function@__clang_call_terminate,0,0,0,0,0,0,0,0,0,0,0
function@_ZN11ResizeArrayItED2Ev,0,0,0,0,0,1,0,0,0,0,0.352941
function@_ZN11ResizeArrayIdED2Ev,0,0,0,0,0,1,0,0,0,0,0.352941
function@_ZN11ResizeArrayItED0Ev,0,0,0,0,0,3,0,0,0,0,2.35294
function@_ZN11ResizeArrayIdED0Ev,0,0,0,0,0,3,0,0,0,0,2.35294
function@_ZN14ResizeArrayRawI6VectorE6resizeEi,2,0,0,2,0,9,0.494118,0,0.494118,0,3.34118
function@_ZN11ResizeArrayI6VectorED0Ev,0,0,0,0,0,3,0,0,0,0,2.35294
function@_ZN13SimParametersC2Ev,0,0,0,0,0,0,0,0,0,0,0
function@_ZN13SimParameters8setparamEPKcS1_,0,0,0,0,0,89,0,0,0,0,8.44287
function@_Z11parse_paramPKcS0_S0_Ri,0,0,0,0,0,4,0,0,0,0,3.38095
function@_Z11parse_paramPKcS0_S0_Rd,0,0,0,0,0,4,0,0,0,0,3.38095
function@_ZN13SimParameters8readfileEP8_IO_FILE,0,0,0,0,0,15,0,0,0,0,12.5706
function@_ZN7Lattice3setE6VectorS0_S0_S0_,2,0,0,1,0,7,0.313726,0,0.294118,0,2.92157
function@_ZN11ComputeListC2Ev,0,0,0,0,0,0,0,0,0,0,0
function@_ZN11ComputeListD2Ev,0,0,0,0,0,3,0,0,0,0,2.2381
function@_ZN11ComputeList8readfileEP8_IO_FILEP9PatchList,3,0,0,3,0,20,0.109015,0,0.20419,0,7.15502
function@_ZN11ComputeList11runComputesEP9PatchList,0,0,0,0,0,4,0,0,0,0,44.5
function@_ZN20ComputeNonbondedUtil13calc_pair_lesEP9nonbonded,298,27,0,116,2,171,593.166,214.99,111.319,0.373626,288.621
function@_Z22pairlist_from_pairlistddddPK8CompAtomPKtiPtdPd,13,4,0,16,0,19,83.2,40.8,64.4,0,95.68
function@_ZN20ComputeNonbondedUtil20calc_pair_energy_lesEP9nonbonded,299,29,0,122,2,171,1174.79,363.018,407.066,0.373626,291.678
function@_ZN20ComputeNonbondedUtil23calc_pair_fullelect_lesEP9nonbonded,400,27,0,172,0,207,2672.23,353.64,1457.54,0,1056.53
function@_ZN20ComputeNonbondedUtil30calc_pair_energy_fullelect_lesEP9nonbonded,432,33,0,185,0,187,3530.38,657.841,2212.14,0,764.781
function@_ZN20ComputeNonbondedUtil29calc_pair_merge_fullelect_lesEP9nonbonded,327,27,0,125,2,176,1039.89,134.68,206.148,0.373626,290.152
function@_ZN20ComputeNonbondedUtil36calc_pair_energy_merge_fullelect_lesEP9nonbonded,340,28,0,135,2,180,1845.65,282.332,810.114,0.373626,442.237
function@_ZN20ComputeNonbondedUtil28calc_pair_slow_fullelect_lesEP9nonbonded,296,22,0,125,2,176,549.31,64.3544,133.08,0.373626,454.755
function@_ZN20ComputeNonbondedUtil35calc_pair_energy_slow_fullelect_lesEP9nonbonded,308,29,0,127,6,182,946.749,203.733,149.946,0.638736,452.305
function@_ZN20ComputeNonbondedUtil13calc_self_lesEP9nonbonded,259,38,0,127,10,183,616.717,265.345,106.887,0.965659,261.427
function@_ZN20ComputeNonbondedUtil20calc_self_energy_lesEP9nonbonded,267,40,0,129,4,182,1000.52,205.055,117.674,0.630494,260.949
function@_ZN20ComputeNonbondedUtil23calc_self_fullelect_lesEP9nonbonded,318,25,0,134,10,187,1199.24,395.74,147.224,0.965659,563.285
function@_ZN20ComputeNonbondedUtil30calc_self_energy_fullelect_lesEP9nonbonded,348,41,0,156,10,180,2533.17,786.852,1616.21,0.965659,698.621
function@_ZN20ComputeNonbondedUtil29calc_self_merge_fullelect_lesEP9nonbonded,304,27,0,114,8,173,678.857,195.945,117.245,0.708791,263.136
function@_ZN20ComputeNonbondedUtil36calc_self_energy_merge_fullelect_lesEP9nonbonded,311,27,0,119,8,166,1196.13,195.945,270.843,0.708791,259.008
function@_ZN20ComputeNonbondedUtil28calc_self_slow_fullelect_lesEP9nonbonded,269,21,0,115,10,190,358.636,36.6607,119.163,0.965659,428.336
function@_ZN20ComputeNonbondedUtil35calc_self_energy_slow_fullelect_lesEP9nonbonded,294,36,0,133,10,190,487.449,123.442,139.246,0.965659,418.277
function@_ZN14ResizeArrayRawI6VectorE6resizeEi,2,0,0,2,0,9,0.494118,0,0.494118,0,3.34118
function@_ZN20ComputeNonbondedUtil15calc_pair_pprofEP9nonbonded,368,43,0,130,4,208,1703.83,837.223,336.449,0.747253,706.75
function@_Z22pairlist_from_pairlistddddPK8CompAtomPKtiPtdPd,13,4,0,16,0,19,83.2,40.8,64.4,0,95.68
function@_ZN20ComputeNonbondedUtil22calc_pair_energy_pprofEP9nonbonded,398,43,0,147,4,209,2194.49,1033.27,1074.04,0.747253,709.071
function@_ZN20ComputeNonbondedUtil25calc_pair_fullelect_pprofEP9nonbonded,470,55,0,186,3,223,4830.22,1583.1,1516.48,1.06593,1217.93
function@_ZN20ComputeNonbondedUtil32calc_pair_energy_fullelect_pprofEP9nonbonded,503,65,0,210,3,256,5564.06,2239.04,2864.26,1.06593,1654.04
function@_ZN20ComputeNonbondedUtil31calc_pair_merge_fullelect_pprofEP9nonbonded,394,48,0,143,5,208,2171.12,1209.92,368.087,1.43956,711.074
function@_ZN20ComputeNonbondedUtil38calc_pair_energy_merge_fullelect_pprofEP9nonbonded,402,51,0,169,4,221,2915.08,1505.89,1471.31,1.25275,780.449
function@_ZN20ComputeNonbondedUtil30calc_pair_slow_fullelect_pprofEP9nonbonded,354,53,0,136,4,213,1784.33,1337.97,188.654,0.747253,838.019
function@_ZN20ComputeNonbondedUtil37calc_pair_energy_slow_fullelect_pprofEP9nonbonded,371,54,0,150,3,231,2005.72,1532.18,557.801,0.56044,857.339
function@_ZN20ComputeNonbondedUtil15calc_self_pprofEP9nonbonded,302,41,0,124,9,197,1451.42,780.022,138.38,1.39423,479.306
function@_ZN20ComputeNonbondedUtil22calc_self_energy_pprofEP9nonbonded,318,51,0,137,10,224,2044.84,910.452,763.748,0.965659,617.918
function@_ZN20ComputeNonbondedUtil25calc_self_fullelect_pprofEP9nonbonded,379,51,0,165,10,225,4639.97,1026.15,1113.6,0.965659,1122.53
function@_ZN20ComputeNonbondedUtil32calc_self_energy_fullelect_pprofEP9nonbonded,392,66,0,181,10,244,5040.05,1837.7,1921.69,0.965659,1365.94
function@_ZN20ComputeNonbondedUtil31calc_self_merge_fullelect_pprofEP9nonbonded,361,53,0,135,10,211,1770.54,1029.63,163.304,0.965659,624.594
function@_ZN20ComputeNonbondedUtil38calc_self_energy_merge_fullelect_pprofEP9nonbonded,331,62,0,146,10,218,2400.08,1406.29,782.607,0.965659,623.124
function@_ZN20ComputeNonbondedUtil30calc_self_slow_fullelect_pprofEP9nonbonded,326,49,0,133,4,228,1109.77,910.73,158.113,0.630494,756.64
function@_ZN20ComputeNonbondedUtil37calc_self_energy_slow_fullelect_pprofEP9nonbonded,323,58,0,137,10,219,1844.47,1282.49,163.823,0.965659,743.467
function@_ZN14ResizeArrayRawI6VectorE6resizeEi,2,0,0,2,0,9,0.494118,0,0.494118,0,3.34118
function@_ZN20ComputeNonbondedUtil6selectEP13SimParametersP8MoleculeP7LJTable,84,24,0,68,7,57,1284.97,64.4394,637.543,1.75,1607.34
