Comando: /home/mpvreal/Code/Faculdade/tcc/llvm/build/bin/llc --march=x86-64 --regalloc=basic -o -
Heurística: div(cost,pow(degree,2))
function@newmolecule,0,0,0,0,0,2,0,0,0,0,2
function@freeresidue,0,0,0,0,0,4,0,0,0,0,14.5294
function@freemolecule,0,0,0,0,0,3,0,0,0,0,14.4062
function@addstrand,0,0,0,0,0,13,0,0,0,0,32.9194
function@addresidue,2,0,0,1,1,12,0.251938,0,0.155039,0.0968992,25.5543
function@connectres,29,7,0,7,0,12,1.14604,0.575509,3.41233,0,15.162
function@mergestr,21,6,0,8,7,29,2.58109,0.0895546,2.77337,1.16672,14.9901
function@upd_molnumbers,8,0,0,4,0,1,46.5714,0,22.2857,0,126.952
function@countmolstrands,0,0,0,0,0,3,0,0,0,0,3
function@countstrandresidues,0,0,0,0,0,1,0,0,0,0,15.75
function@countmolres,0,0,0,0,0,4,0,0,0,0,9.33333
function@countmolatoms,0,0,0,0,0,5,0,0,0,0,256.905
function@dist,0,0,0,0,0,5,0,0,0,0,5
function@distp,0,0,0,0,0,0,0,0,0,0,0
function@angle,1,0,0,3,0,8,0.999999,0,1.94118,0,8
function@anglep,1,0,0,3,0,0,1,0,1.94444,0,0
function@torsion,0,0,0,0,0,17,0,0,0,0,17
function@torsionp,20,23,0,10,0,3,20,23,10,0,2
function@getresname,0,0,0,0,0,4,0,0,0,0,3.66667
function@cap,55,18,0,13,2,28,187.752,101.581,36.2323,1.72545,22.8696
function@copyextbonds,0,0,0,0,0,3,0,0,0,0,21.16
function@setreskind,1,0,0,1,0,5,1,0,1,0,9.27298
function@setxyz_from_mol,0,0,0,0,0,3,0,0,0,0,3
function@setxyzw_from_mol,0,0,0,0,0,3,0,0,0,0,3
function@setmol_from_xyz,0,0,0,0,0,3,0,0,0,0,3
function@setmol_from_xyzw,0,0,0,0,0,3,0,0,0,0,3
function@NAB_ainit,0,0,0,0,0,0,0,0,0,0,0
function@NAB_initres,0,0,0,0,0,0,0,0,0,0,0
function@NAB_initatom,0,0,0,0,0,0,0,0,0,0,0
function@NAB_mnext,0,0,0,0,0,2,0,0,0,0,1.19255
function@NAB_rnext,0,0,0,0,0,2,0,0,0,0,2
function@NAB_anext,0,0,0,0,0,1,0,0,0,0,1
function@NAB_mri,28,0,0,11,3,8,18.8075,0,8.71552,0.974138,48.8563
function@NAB_rri,32,0,0,15,3,8,20.1494,0,10.0575,0.974138,48.8563
function@NAB_rrc,0,0,0,0,0,7,0,0,0,0,5.03736
function@NAB_ari,54,0,0,25,6,13,19.1501,0,9.78261,0.992286,45.9186
function@NAB_arf,0,0,0,0,0,11,0,0,0,0,5.5708
function@NAB_arc,27,5,0,17,4,12,15.3407,4.5728,6.99593,1.9378,23.2626
function@NAB_arp,0,0,0,0,0,0,0,0,0,0,0
function@newtransform,16,0,0,5,0,4,10.75,0,3.875,0,4
function@concat_mat,0,0,0,0,0,0,0,0,0,0,0
function@transformres,0,0,0,0,0,4,0,0,0,0,4
function@transformmol,0,0,0,0,0,5,0,0,0,0,5
function@transformpts,0,0,0,0,0,2,0,0,0,0,0.313726
function@updtransform,0,0,0,0,0,0,0,0,0,0,0
function@trans4p,0,0,0,0,0,1,0,0,0,0,1
function@NAB_matcpy,0,0,0,0,0,1,0,0,0,0,1
function@trans4,1,0,0,1,0,9,1,0,1,0,9
function@rot4p,13,15,0,14,0,6,13,15,12.5,0,6
function@rot4,1,0,0,1,0,9,1,0,1,0,9
function@set_belly_mask,25,6,0,14,0,28,185.479,52.8259,48.4902,0,250.718
function@set_cons_mask,0,0,0,0,0,4,0,0,0,0,4
function@circle,0,1,0,1,0,0,0,1,1,0,0
function@delete_atom,4,9,0,5,1,6,11.0588,402.392,0.941176,0.156863,28.9216
function@rt_errormsg,0,0,0,0,0,1,0,0,0,0,1
function@rt_errormsg_s,0,0,0,0,0,1,0,0,0,0,1
function@rt_errormsg_2s,0,0,0,0,0,1,0,0,0,0,1
function@rt_errormsg_d,0,0,0,0,0,1,0,0,0,0,1
function@regcomp,0,1,0,2,0,36,0,0.036621,0.129318,0,10.0254
function@p_ere,27,23,0,19,6,33,44.9145,101.982,88.5785,7.85775,83.3894
function@p_bre,14,11,0,8,4,32,17.6714,13.8518,6.21681,1.86149,48.182
function@doinsert,0,0,0,0,0,5,0,0,0,0,4.37459
function@p_bracket,206,12,0,17,6,58,140.115,5.1756,8.62533,1.98208,40.4186
function@ordinary,1,0,0,1,0,6,0.125,0,0.125,0,2.46875
function@repeat,153,5,0,5,2,32,8.96837,1.4102,2.02677,0.108643,12.5461
function@p_b_symbol,4,1,0,3,1,6,0.350573,0.145887,0.158417,0.145887,2.16271
function@bothcases,1,0,0,1,0,2,1,0,1,0,2
function@regexec,109,72,0,45,19,116,32.7623,37.8554,12.1678,5.31505,432.284
function@sslow,16,22,0,10,5,36,240.381,396.048,90.8571,46.0476,4902.14
function@sdissect,40,5,0,6,0,64,1400.12,187.562,35.875,0,1528.44
function@sbackref,39,5,0,10,7,44,2.87691,2.60161,2.55828,0.0189796,32.2566
function@sstep,0,0,0,0,0,36,0,0,0,0,48.717
function@lslow,13,19,0,9,3,34,310.19,299.095,89.8571,44.0476,3660.33
function@ldissect,38,5,0,5,0,64,1222.5,187.562,19.9375,0,1528.44
function@lbackref,39,5,0,10,7,44,2.87691,2.60161,2.55828,0.0189796,32.2566
function@lstep,1,0,0,1,0,14,0.396226,0,0.490566,0,33.4906
function@regfree,0,0,0,0,0,1,0,0,0,0,0.148148
function@regerror,0,0,0,0,0,30,0,0,0,0,8.83271
function@spec_srand,0,0,0,0,0,1,0,0,0,0,31.875
function@spec_init_genrand,0,0,0,0,0,1,0,0,0,0,31.875
function@spec_rand,0,0,0,0,0,0,0,0,0,0,0
function@spec_genrand_int32,0,0,0,0,0,11,0,0,0,0,79.129
function@spec_lrand48,0,0,0,0,0,0,0,0,0,0,0
function@spec_init_by_array,0,0,0,0,0,5,0,0,0,0,97.625
function@spec_genrand_int31,0,0,0,0,0,0,0,0,0,0,0
function@spec_genrand_real1,0,0,0,0,0,0,0,0,0,0,0
function@spec_genrand_real2,0,0,0,0,0,0,0,0,0,0,0
function@spec_genrand_real3,0,0,0,0,0,0,0,0,0,0,0
function@spec_genrand_res53,0,0,0,0,0,1,0,0,0,0,1
function@getpdb,24,2,0,16,8,32,110.803,17.3432,75.1324,12.5977,713.583
function@getmatrix,0,0,0,0,0,18,0,0,0,0,178.697
function@putpdb,72,25,0,22,9,30,8758.39,5382.72,210.009,184.233,3925.65
function@putcif,24,8,0,12,3,8,8624.24,15327.2,437.941,236.471,7534.83
function@putbnd,15,7,0,7,0,11,1313.56,9.94761,14.0894,0,2768.92
function@putdist,13,6,0,7,3,19,220108,6042.16,197.386,351.373,59981.2
function@putmatrix,0,0,0,0,0,28,0,0,0,0,22.5143
function@initres,0,0,0,0,0,0,0,0,0,0,0
function@makebonds,0,0,0,0,0,5,0,0,0,0,21.32
function@chirvol,0,0,0,0,0,0,0,0,0,0,0
function@nrerror,0,0,0,0,0,1,0,0,0,0,1
function@vector,0,0,0,0,0,4,0,0,0,0,3
function@ivector,0,0,0,0,0,3,0,0,0,0,3
function@ipvector,0,0,0,0,0,3,0,0,0,0,3
function@matrix,0,0,0,0,0,11,0,0,0,0,10.5
function@imatrix,0,0,0,0,0,11,0,0,0,0,10.5
function@free_vector,0,0,0,0,0,0,0,0,0,0,0
function@free_ivector,0,0,0,0,0,0,0,0,0,0,0
function@free_matrix,0,0,0,0,0,2,0,0,0,0,2
function@free_imatrix,0,0,0,0,0,2,0,0,0,0,2
function@errormsg,0,0,0,0,0,2,0,0,0,0,2
function@errormsg_s,0,0,0,0,0,3,0,0,0,0,3
function@errormsg_2s,0,0,0,0,0,3,0,0,0,0,3
function@errormsg_d,0,0,0,0,0,3,0,0,0,0,3
function@errors,0,0,0,0,0,0,0,0,0,0,0
function@seconds,0,0,0,0,0,0,0,0,0,0,0
function@myroc,0,0,0,0,0,3,0,0,0,0,2.61905
function@get_nr_debug,0,0,0,0,0,0,0,0,0,0,0
function@get_blocksize,0,0,0,0,0,0,0,0,0,0,0
function@get_mytaskid,0,0,0,0,0,0,0,0,0,0,0
function@get_numtasks,0,0,0,0,0,0,0,0,0,0,0
function@mpierror,0,0,0,0,0,0,0,0,0,0,0
function@reducerror,0,0,0,0,0,0,0,0,0,0,0
function@mpifinalize,0,0,0,0,0,0,0,0,0,0,0
function@mpiinit,0,0,0,0,0,0,0,0,0,0,0
function@getxyz,0,0,0,0,0,0,0,0,0,0,0
function@getxyzw,6,1,0,4,0,14,28.625,0.244141,2,0,97.6348
function@putxyz,0,0,0,0,0,0,0,0,0,0,0
function@putxyzw,0,0,0,0,0,11,0,0,0,0,27.875
function@strindex,0,0,0,0,0,6,0,0,0,0,3.92672
function@getxv,10,1,0,4,0,21,29.6094,0.244141,2,0,146.885
function@putxv,3,0,0,2,0,14,2,0,2,0,41.375
function@checkpoint,20,2,0,6,1,14,7.51364,0.625,2.99901,0.124008,26.2646
function@mme_timer,0,0,0,0,0,0,0,0,0,0,0
function@mme_init,3,0,0,1,0,24,1.99999,0,1,0,46.0155
function@mme34,213,111,0,135,3,34,7177.18,3645.39,3292.67,12.0544,278.346
function@mme,0,0,0,0,0,0,0,0,0,0,0
function@mme4,0,0,0,0,0,0,0,0,0,0,0
function@mm_set_checkpoint,0,0,0,0,0,5,0,0,0,0,4.33333
function@md,18,51,0,30,8,40,70.0077,473.662,116.68,4.4143,93.9603
function@ebond,11,4,0,12,0,4,193.714,71,77.619,0,71
function@eangl,41,30,0,31,0,5,771.857,547.714,432.619,0,101.429
function@ephi,120,136,0,80,4,8,2050.19,2203.19,1017.7,79.999,79.3741
function@nbond,64,14,0,44,1,5,3004.28,771.8,970.16,10.2,195.88
function@setseed,0,0,0,0,0,1,0,0,0,0,1
function@rseed,0,0,0,0,0,0,0,0,0,0,0
function@gauss,4,2,0,2,0,3,81.5,2,64,0,2.5
function@rand2,0,0,0,0,0,0,0,0,0,0,0
function@CG_exit,0,0,0,0,0,0,0,0,0,0,0
function@main,0,0,0,0,0,9,0,0,0,0,7.75
function@setpoint,0,0,0,0,0,6,0,0,0,0,5.11429
function@select_atoms,27,3,0,5,0,76,1120.98,37.5758,27.7898,0,613498
function@atom_in_aexpr,0,0,0,0,0,47,0,0,0,0,130.94
function@set_attr_if,0,0,0,0,0,7,0,0,0,0,7116.25
function@clear_attr,0,0,0,0,0,1,0,0,0,0,133.25
function@is_pattern,0,0,0,0,0,5,0,0,0,0,4.75163
function@match_atom_pat,0,0,0,0,0,2,0,0,0,0,2134.25
function@getreslibkind,0,0,0,0,0,6,0,0,0,0,18.7619
function@read_reslib,38,14,0,20,1,91,14.192,91.3522,3.24873,0.088837,168.98
function@setreslibkind,0,0,0,0,0,14,0,0,0,0,22.3054
function@getresidue,0,0,0,0,0,25,0,0,0,0,67.6293
function@copyresidue,40,1,0,7,0,28,8.65744,1,2.85689,0,10.3588
function@copystrand,0,0,0,0,0,10,0,0,0,0,7.84615
function@copymolecule,0,0,0,0,0,9,0,0,0,0,21.0294
function@addres2reslib,1,0,0,1,0,9,7.81225,0,0.24414,0,34.6553
function@addbonds2reslib,0,0,0,0,0,4,0,0,0,0,13.7949
function@addqr2reslib,0,2,0,2,0,2,0,6.70732,3.65854,0,102.488
function@addchi2reslib,0,0,0,0,0,5,0,0,0,0,49.7381
function@ggets,0,0,0,0,0,7,0,0,0,0,5.14286
function@readparm,104,47,0,93,2,311,245.035,22.849,36.8314,1,812.317
function@preadln,1,0,0,0,2,8,1,0,0,1.31481,15.037
function@pfind,0,0,0,0,0,18,0,0,0,0,94.6465
function@FortranFormat,0,0,0,0,0,0,0,0,0,0,0
function@FortranWriteInt,0,0,0,0,0,1,0,0,0,0,1
function@FortranWriteDouble,0,0,0,0,0,0,0,0,0,0,0
function@FortranWriteString,0,0,0,0,0,1,0,0,0,0,1
function@FortranEndLine,0,0,0,0,0,0,0,0,0,0,0
function@writeparm,0,0,0,0,0,13,0,0,0,0,58.5736
function@copyparm,0,0,0,0,0,14,0,0,0,0,6.55396
function@readbinposhdr,0,0,0,0,0,1,0,0,0,0,1
function@readbinposfrm,0,0,0,0,0,13,0,0,0,0,7.15625
function@writebinposhdr,0,0,0,0,0,1,0,0,0,0,1
function@writebinposfrm,0,0,0,0,0,10,0,0,0,0,9.31249
function@nblist,131,27,0,23,3,28,282.057,24.0963,14.5,17.5,172.515
function@heapsort_index,0,0,0,0,0,19,0,0,0,0,452.812
function@buildkdtree,41,26,0,16,0,39,268.587,115.164,34.7378,0,172.304
function@searchkdtree,15,2,0,9,0,10,84.625,15,9,0,85.625
function@heapsort_pairs,0,0,0,0,0,12,0,0,0,0,243.938
function@sDBRemoveSpaces,0,0,0,0,0,2,0,0,0,0,2
function@sDBRemoveControlAndPadding,0,0,0,0,0,4,0,0,0,0,15.35
function@sDBRemoveLeadingSpaces,0,0,0,0,0,0,0,0,0,0,0
function@sDBRemoveFirstString,0,0,0,0,0,7,0,0,0,0,4
function@dDictCreate,0,0,0,0,0,0,0,0,0,0,0
function@DictDestroy,0,0,0,0,0,2,0,0,0,0,2
function@DictAdd,0,0,0,0,0,10,0,0,0,0,8
function@vPDictFind,0,0,0,0,0,3,0,0,0,0,8.43902
function@vPDictDelete,1,0,0,3,0,4,1,0,1.1875,0,8.5
function@ziDictKeyCompare,0,0,0,0,0,0,0,0,0,0,0
function@dlDictLoop,0,0,0,0,0,1,0,0,0,0,1
function@vPDictNext,0,0,0,0,0,0,0,0,0,0,0
function@zbDBParseSimpleHeader,0,0,0,0,0,4,0,0,0,0,9.66667
function@CompactDataBase,4,1,0,4,0,17,58.4325,9.84127,20.9325,0,1766.67
function@dbDBRndOpen,1,0,0,1,1,21,0.0774024,0,0.0871581,0.0871581,9.20527
function@bDBRndDeleteEntry,9,1,0,2,0,8,5.67013,1,2,0,24.8805
function@DBRndLoopEntryWithPrefix,0,0,0,0,0,7,0,0,0,0,18.125
function@bDBRndNextEntryWithPrefix,0,0,0,0,0,7,0,0,0,0,45.5
function@dbDBSeqOpen,0,0,0,0,0,14,0,0,0,0,8.86842
function@DBSeqRewind,0,0,0,0,0,2,0,0,0,0,5.55357
function@DBSeqSkipData,0,0,0,0,0,2,0,0,0,0,13.1905
function@lDBSeqCurPos,0,0,0,0,0,0,0,0,0,0,0
function@DBSeqGoto,0,0,0,0,0,1,0,0,0,0,1
function@bDBGetType,0,0,0,0,0,12,0,0,0,0,15.7996
function@bDBGetValue,8,3,0,5,0,61,0.847777,0.0526875,2.05269,0,25.9684
function@DBPutValue,6,13,0,5,1,34,4.25,7.65625,3.10417,1,88.6979
function@ePrepareDatabaseForEntry,4,0,0,2,0,13,1.96875,0,2,0,15.5156
function@ConstructDataHeader,0,0,0,0,0,13,0,0,0,0,7.80952
function@bDBGetTableType,21,0,0,10,4,43,24.4162,0,10.9383,0.437996,907.561
function@bDBGetTable,36,9,0,44,14,126,8.18435,8.72833,9.30691,3.37088,55.8094
function@sStripString,0,0,0,0,0,6,0,0,0,0,37.0435
function@DBPutTable,59,19,0,65,2,106,286.575,660.995,124.62,20.625,1462.6
function@AddColumnType,0,0,0,0,0,9,0,0,0,0,8
function@ConcatString,0,0,0,0,0,5,0,0,0,0,33
function@DBClose,0,0,0,0,0,2,0,0,0,0,1.5
function@DBPushPrefix,0,0,0,0,0,5,0,0,0,0,16.125
function@DBPopPrefix,0,0,0,0,0,0,0,0,0,0,0
function@DBZeroPrefix,0,0,0,0,0,0,0,0,0,0,0
function@DBPushZeroPrefix,0,0,0,0,0,3,0,0,0,0,3
