Comando: /home/mpvreal/Code/Faculdade/tcc/llvm/build/bin/llc --march=x86-64 --regalloc=greedy -o -
Heurística: original
function@set_data_,0,0,0,0,0,8,0,0,0,0,8
function@set_data_tile_,0,0,0,0,0,34,0,0,0,0,34
function@get_3dfld_,96,11,0,35,4,181,38.4926,2.96365,14.7993,2.0725,205.291
function@close_io_,0,0,0,0,0,39,0,0,0,0,14.3929
function@_QMdiag_modPdiag,8,0,0,8,0,10,8,0,8,0,10
function@_QMdiag_modPdiag_tile,211,81,0,129,23,131,26798.5,22118.5,678.271,28.5311,23660.4
function@_QMmod_mixingPallocate_mixing,61,0,0,22,0,32,61,0,22,0,31
function@_QMmod_mixingPinitialize_mixing,53,17,0,20,0,72,268179,4424.64,374.76,0,1.54955e+06
function@_QMset_zeta_modPset_zeta,0,0,0,0,0,10,0,0,0,0,10
function@_QMset_zeta_modPset_zeta_tile,42,6,0,27,1,38,99.0147,29.75,22.6765,3.13235,703.353
function@_QMdef_var_modPdef_var,98,1,0,7,0,597,7.24937,0.624896,5.49958,0,209.862
function@_QMnf_fread3d_bry_modPnf_fread3d_bry,37,25,0,38,0,33,3480.14,10139.9,789.927,0,22329.6
function@_QMnrutilParray_copy_r,0,0,0,0,0,4,0,0,0,0,1.68
function@_QMnrutilParray_copy_d,0,0,0,0,0,4,0,0,0,0,1.68
function@_QMnrutilParray_copy_i,0,0,0,0,0,4,0,0,0,0,1.68
function@_QMnrutilParth_r,5,0,0,4,0,15,25.049,0,5.45098,0,55.3628
function@_QMnrutilParth_d,5,0,0,4,0,15,25.049,0,5.45098,0,55.3628
function@_QMnrutilParth_i,4,0,0,4,0,13,20.0392,0,5.45098,0,48.7941
function@_QMnrutilPnrerror,0,0,0,0,0,8,0,0,0,0,8
function@_QMnrutilPreallocate_rv,2,1,0,2,0,16,1.01562,0.390625,1.625,0,7.38281
function@_QMnrutilPreallocate_iv,2,1,0,2,0,16,1.01562,0.390625,1.625,0,7.38281
function@_QMnrutilPreallocate_hv,4,4,0,3,0,31,1.47583,0.78125,2.25,0,9.55124
function@_QMnrutilPreallocate_rm,11,4,0,9,0,27,22.9883,1.50391,5.625,0,68.25
function@_QMnrutilPreallocate_im,13,4,0,9,0,27,24.2383,1.50391,5.625,0,68.25
function@_QMlmd_vmix_modPlmd_vmix,11,1,0,12,0,16,11,1,12,0,16
function@_QMlmd_vmix_modPlmd_vmix_tile,292,161,0,203,8,316,175034,72127.1,8273.2,327.631,198298
function@_QMlmd_vmix_modPlmd_finish,5,0,0,5,0,4,5,0,5,0,4
function@_QMlmd_vmix_modPlmd_finish_tile,43,15,0,36,3,19,2281.52,5301.45,673.708,0.630769,48439.7
function@_QMnf_fwrite3d_bry_modPnf_fwrite3d_bry,63,37,0,40,4,32,17154.1,23548.8,2089.24,1970.71,70946.9
function@my_wtime_,0,0,0,0,0,0,0,0,0,0,0
function@lmd_swfrac_tile_,40,18,0,43,1,33,3406,1615.1,2785.4,0.4,3011.65
function@_QMstate_initialize_modPstate_initialize,42,36,0,32,0,31,7909.4,21027.9,302.675,0,246912
function@get_cycle_,28,1,0,11,2,57,23.6368,5.25666,18.8886,2,68.4261
function@wrt_info_,345,39,0,7,0,618,4.93036,1,6.5,0,19.9656
function@_QMt3dmix_modPt3dmix2,8,0,0,8,0,12,8,0,8,0,12
function@_QMt3dmix_modPt3dmix2_tile,377,212,0,210,11,280,4.63131e+06,2.65143e+06,204651,15023.6,5.6449e+06
function@_QMini_fields_modPini_fields,15,0,0,15,0,10,15,0,15,0,10
function@_QMini_fields_modPini_fields_tile,288,114,0,146,21,153,13062.5,19649.3,924.286,561.196,101585
function@_QMini_fields_modPini_zeta,1,0,0,1,0,9,1,0,1,0,9
function@_QMini_fields_modPini_zeta_tile,38,9,0,20,0,44,62.4128,31.9541,22.3394,0,825.193
function@set_scoord_,32,12,0,37,0,85,120.4,41.3176,98.1765,0,339.8
function@_QMset_3dfld_modPset_3dfld_tile,106,51,0,67,11,96,689.258,644.619,70.0962,1.05498,8013.04
function@initial_,0,0,0,0,0,13,0,0,0,0,9.75676
function@initial_..omp_par.9,0,0,0,0,0,7,0,0,0,0,67.75
function@initial_..omp_par.8,4,1,0,4,0,9,44.1667,21.25,24.25,0,1317.92
function@initial_..omp_par.7,3,1,0,3,0,10,22.9167,21.25,3,0,1744.5
function@initial_..omp_par.6,3,1,0,3,0,8,22.9167,21.25,3,0,891.333
function@initial_..omp_par.5,3,1,0,3,0,8,22.9167,21.25,3,0,891.333
function@initial_..omp_par.4,4,1,0,4,0,9,44.1667,21.25,24.25,0,1317.92
function@initial_..omp_par.3,3,1,0,3,0,8,22.9167,21.25,3,0,891.333
function@initial_..omp_par.2,4,1,0,4,0,9,44.1667,21.25,24.25,0,1317.92
function@initial_..omp_par.1,4,1,0,4,0,9,44.1667,21.25,24.25,0,1317.92
function@initial_..omp_par,0,0,0,0,0,7,0,0,0,0,67.75
function@lubksb_,0,0,0,0,0,7,0,0,0,0,31.3
function@_QMran_statePran_init,0,0,0,0,0,3,0,0,0,0,3
function@_QMran_statePran_seed,0,0,0,0,0,3,0,0,0,0,3
function@_QMmod_gridPallocate_grid,209,1,0,45,0,110,209,1,45,0,109
function@_QMmod_gridPinitialize_grid,10,5,0,9,0,116,683.12,151.2,161,0,79865.1
function@_QMpre_step3d_modPpre_step3d,59,0,0,59,0,14,59,0,59,0,14
function@_QMpre_step3d_modPpre_step3d_tile,1413,670,0,662,50,756,3.20513e+06,3.28397e+06,174916,29402.3,5.17571e+06
function@checkdefs_,1,0,0,1,0,374,1,0,1,0,224.531
function@_QQmain,0,0,0,0,0,4,0,0,0,0,4
function@checkvars_,46,2,0,9,0,351,131.764,105,23.5,0,1209.04
function@get_2dfld_,101,17,0,32,8,213,32.7095,3.50494,16.1654,2.97495,184.636
function@_QMnf_fread3d_modPnf_fread3d,38,12,0,30,2,51,117.953,25.8401,15.4535,0.0465116,893.099
function@gasdev_s_,2,1,0,3,0,6,1,0.5,1.5,0,65.5
function@gasdev_v_,55,5,0,29,0,66,368.225,23.7179,142.81,0,285.275
function@def_dim_,0,0,0,0,0,27,0,0,0,0,15.5312
function@inp_par_,9,4,0,13,0,162,19.1557,32.2295,51.3852,0,777.016
function@read_phypar_,342,8,0,14,1,2194,5.87745,3.78552,7.31423,8.36586e-19,734.473
function@decode_line_,39,9,0,14,4,78,13.758,11.7261,8.4586,1.28662,58.9299
function@load_i1_,0,0,0,0,0,0,0,0,0,0,0
function@load_l1_,0,0,0,0,0,2,0,0,0,0,2
function@load_r1_,0,0,0,0,0,0,0,0,0,0,0
function@load_i_,0,0,0,0,0,14,0,0,0,0,2.12745
function@load_l_,7,2,0,6,1,13,31.6667,20.2857,2.2381,10.1429,55.1429
function@load_r_,0,0,0,0,0,16,0,0,0,0,2.73529
function@get_varcoords_,49,2,0,15,0,68,7.9541,0.664062,8.69141,0,37.271
function@_QMexchange_2d_modPexchange_p2d_tile,1,4,0,2,0,15,1,0.941177,2,0,29.2549
function@_QMexchange_2d_modPexchange_r2d_tile,1,4,0,2,0,15,1,0.941177,2,0,29.2549
function@_QMexchange_2d_modPexchange_u2d_tile,1,4,0,2,0,15,1,0.941177,2,0,29.2549
function@_QMexchange_2d_modPexchange_v2d_tile,1,4,0,2,0,15,1,0.941177,2,0,29.2549
function@_QMshapiro_modPshapiro2d_tile,61,32,0,42,1,53,149.264,123.132,37.1978,0.0879121,1446.98
function@_QMshapiro_modPshapiro3d_tile,73,45,0,42,1,46,4145,3256.5,499.417,21.25,29512
function@set_ngfld_,24,9,0,15,0,60,10.5176,20.9529,9.37647,0,402.153
function@_QMuv3dmix_modPuv3dmix2,8,0,0,8,0,12,8,0,8,0,12
function@_QMuv3dmix_modPuv3dmix2_tile,316,128,0,265,5,176,565214,271842,19229.4,392.917,354680
function@_QMocean_control_modProms_initialize,0,0,0,0,0,11,0,0,0,0,6.43548
function@_QMocean_control_modProms_initialize..omp_par,0,0,0,0,0,7,0,0,0,0,67.75
function@_QMocean_control_modProms_run,0,0,0,0,0,7,0,0,0,0,14.125
function@_QMocean_control_modProms_finalize,0,0,0,0,0,6,0,0,0,0,4.9375
function@_QMocean_control_modProms_finalize..omp_par,0,0,0,0,0,7,0,0,0,0,67.75
function@_QMstep2d_modPstep2d,54,0,0,54,0,14,54,0,54,0,14
function@_QMstep2d_modPstep2d_tile,1910,972,0,1053,48,1166,27564.9,14402.5,1241.57,71.1819,27559.2
function@_QMmod_forcesPallocate_forces,75,0,0,23,0,47,75,0,23,0,46
function@_QMmod_forcesPinitialize_forces,5,1,0,6,1,50,230.275,0.3,219.325,0.175,55301.5
function@_QMnf_fwrite2d_modPnf_fwrite2d,24,9,0,17,1,24,18.9167,16.2778,8.52778,0.111111,86.9583
function@_QMu3dbc_modPu3dbc,5,0,0,5,0,2,5,0,5,0,2
function@_QMu3dbc_modPu3dbc_tile,15,10,0,14,2,13,33.716,25.8025,13.4074,0.197531,418.556
function@def_his_,110,23,0,52,3,714,45.3584,9.84376,2.3985,0.292969,232.163
function@_QMmetrics_modPmetrics,3,0,0,3,0,8,3,0,3,0,8
function@_QMmetrics_modPmetrics_tile,939,251,0,430,291,489,18171.3,11019.3,1676.34,735.246,26406.8
function@_QMt3dbc_modPt3dbc,9,0,0,9,0,3,9,0,9,0,3
function@_QMt3dbc_modPt3dbc_tile,15,10,0,15,0,17,32.2593,25.8025,14.1975,0,431.148
function@set_weights_,21,3,0,21,0,67,3378.31,1300.79,1391.62,0,824.333
function@_QMnf_fwrite4d_modPnf_fwrite4d,45,16,0,36,0,44,7974.74,10948.2,265.431,0,32392.9
function@_QMwvelocity_modPwvelocity,8,1,0,9,0,10,8,1,9,0,10
function@_QMwvelocity_modPwvelocity_tile,414,215,0,219,40,202,122209,84399.7,4875.29,134.524,152189
function@_QMbulk_flux_modPbulk_flux,8,1,0,9,0,13,8,1,9,0,13
function@_QMbulk_flux_modPbulk_flux_tile,572,233,0,416,1,454,391713,171737,251064,20.0337,216316
function@_QMbulk_flux_modPbulk_psiu,8,4,0,10,0,5,4,2,5,0,3.5
function@_QMbulk_flux_modPbulk_psit,10,3,0,10,0,4,5,1.5,5.5,0,3
function@_QMnf_fwrite3d_modPnf_fwrite3d,29,14,0,28,2,32,319.096,473.269,21.5096,0.317308,1589.49
function@get_state_,57,2,0,11,1,360,2.5731,0.0270475,6.28435,0.00132823,28.2112
function@_QMutility_modPnrng,16,3,0,15,0,19,7.02015,0.76282,7.5522,0,12.4405
function@_QMutility_modPurng,0,0,0,0,0,4,0,0,0,0,12.5926
function@checkadj_,0,0,0,0,0,82,0,0,0,0,66
function@_QManalytical_modPana_btflux,1,0,0,1,0,5,1,0,1,0,5
function@_QManalytical_modPana_btflux_tile,0,6,0,1,0,22,0,12.5276,1,0,430.233
function@_QManalytical_modPana_cloud,0,0,0,0,0,6,0,0,0,0,6
function@_QManalytical_modPana_cloud_tile,10,0,0,8,0,12,18.975,0,5.6,0,233.9
function@_QManalytical_modPana_grid,1,0,0,1,0,9,1,0,1,0,9
function@_QManalytical_modPana_grid_tile,509,139,0,225,88,256,7157.77,5603.5,645.175,280.575,13559.5
function@_QManalytical_modPana_humid,0,0,0,0,0,6,0,0,0,0,6
function@_QManalytical_modPana_humid_tile,10,0,0,8,0,12,18.975,0,5.6,0,233.9
function@_QManalytical_modPana_initial,14,0,0,14,0,5,7,0,7,0,4
function@_QManalytical_modPana_nlminitial_tile,79,50,0,54,1,65,19350.8,43251.8,17474.4,0.4,38343.1
function@_QManalytical_modPana_pair,0,0,0,0,0,6,0,0,0,0,6
function@_QManalytical_modPana_pair_tile,10,0,0,8,0,12,18.975,0,5.6,0,233.9
function@_QManalytical_modPana_rain,0,0,0,0,0,6,0,0,0,0,6
function@_QManalytical_modPana_rain_tile,9,0,0,7,0,15,12.6,0,5.4,0,243.65
function@_QManalytical_modPana_srflux,0,0,0,0,0,7,0,0,0,0,7
function@_QManalytical_modPana_srflux_tile,117,46,0,91,2,29,3920.47,4430.8,2104.15,3.375,1873.58
function@_QManalytical_modPana_stflux,1,0,0,1,0,7,1,0,1,0,7
function@_QManalytical_modPana_stflux_tile,7,0,0,5,0,25,10.2638,0,5,0,431.699
function@_QManalytical_modPana_tair,0,0,0,0,0,6,0,0,0,0,6
function@_QManalytical_modPana_tair_tile,10,0,0,8,0,12,18.975,0,5.6,0,233.9
function@_QManalytical_modPana_winds,0,0,0,0,0,7,0,0,0,0,7
function@_QManalytical_modPana_winds_tile,51,14,0,37,1,38,1962.95,859.875,312.6,0.2,1438.18
function@_QMbc_bry3d_modPbc_r3d_bry_tile,15,8,0,4,0,30,3.62745,3.7451,4,0,44.8333
function@_QMbc_bry3d_modPbc_u3d_bry_tile,15,8,0,4,0,33,3.62745,3.7451,4,0,45.1274
function@_QMbc_bry3d_modPbc_v3d_bry_tile,15,8,0,4,0,32,3.62745,3.7451,4,0,44.8823
function@get_data_,0,0,0,0,0,5,0,0,0,0,5
function@_QMstep3d_t_modPstep3d_t,11,0,0,11,0,14,11,0,11,0,14
function@_QMstep3d_t_modPstep3d_t_tile,692,340,0,365,24,440,4.95839e+06,5.22983e+06,274410,22935.2,8.74182e+06
function@_QMmod_netcdfPnetcdf_get_dim,0,0,0,0,0,4,0,0,0,0,4
function@_QMmod_netcdfPnetcdf_check_dim,0,0,0,0,0,4,0,0,0,0,4
function@_QMmod_netcdfPnetcdf_check_var,0,0,0,0,0,4,0,0,0,0,4
function@_QMmod_netcdfPnetcdf_inq_var,0,0,0,0,0,4,0,0,0,0,4
function@_QMmod_netcdfPnetcdf_inq_varid,0,0,0,0,0,4,0,0,0,0,4
function@_QMmod_netcdfPnetcdf_get_fatt,0,0,0,0,0,4,0,0,0,0,4
function@_QMmod_netcdfPnetcdf_get_fvar_0d,0,0,0,0,0,4,0,0,0,0,4
function@_QMmod_netcdfPnetcdf_get_fvar_1d,0,0,0,0,0,4,0,0,0,0,4
function@_QMmod_netcdfPnetcdf_get_fvar_2d,0,0,0,0,0,4,0,0,0,0,4
function@_QMmod_netcdfPnetcdf_get_fvar_3d,0,0,0,0,0,4,0,0,0,0,4
function@_QMmod_netcdfPnetcdf_get_fvar_4d,0,0,0,0,0,4,0,0,0,0,4
function@_QMmod_netcdfPnetcdf_get_ivar_0d,0,0,0,0,0,4,0,0,0,0,4
function@_QMmod_netcdfPnetcdf_get_ivar_1d,0,0,0,0,0,4,0,0,0,0,4
function@_QMmod_netcdfPnetcdf_get_ivar_2d,0,0,0,0,0,4,0,0,0,0,4
function@_QMmod_netcdfPnetcdf_get_svar_0d,0,0,0,0,0,4,0,0,0,0,4
function@_QMmod_netcdfPnetcdf_get_svar_1d,0,0,0,0,0,4,0,0,0,0,4
function@_QMmod_netcdfPnetcdf_put_fvar_0d,0,0,0,0,0,4,0,0,0,0,4
function@_QMmod_netcdfPnetcdf_put_fvar_1d,0,0,0,0,0,4,0,0,0,0,4
function@_QMmod_netcdfPnetcdf_put_fvar_2d,0,0,0,0,0,4,0,0,0,0,4
function@_QMmod_netcdfPnetcdf_put_fvar_3d,0,0,0,0,0,4,0,0,0,0,4
function@_QMmod_netcdfPnetcdf_put_fvar_4d,0,0,0,0,0,4,0,0,0,0,4
function@_QMmod_netcdfPnetcdf_put_ivar_0d,0,0,0,0,0,4,0,0,0,0,4
function@_QMmod_netcdfPnetcdf_put_ivar_1d,0,0,0,0,0,4,0,0,0,0,4
function@_QMmod_netcdfPnetcdf_put_ivar_2d,0,0,0,0,0,4,0,0,0,0,4
function@_QMmod_netcdfPnetcdf_put_lvar_0d,0,0,0,0,0,4,0,0,0,0,4
function@_QMmod_netcdfPnetcdf_put_lvar_1d,0,0,0,0,0,4,0,0,0,0,4
function@_QMmod_netcdfPnetcdf_put_lvar_2d,0,0,0,0,0,4,0,0,0,0,4
function@_QMmod_netcdfPnetcdf_put_svar_0d,0,0,0,0,0,4,0,0,0,0,4
function@_QMmod_netcdfPnetcdf_put_svar_1d,0,0,0,0,0,4,0,0,0,0,4
function@_QMmod_netcdfPnetcdf_close,0,0,0,0,0,4,0,0,0,0,4
function@_QMmod_netcdfPnetcdf_create,0,0,0,0,0,4,0,0,0,0,4
function@_QMmod_netcdfPnetcdf_enddef,0,0,0,0,0,4,0,0,0,0,4
function@_QMmod_netcdfPnetcdf_open,0,0,0,0,0,4,0,0,0,0,4
function@_QMmod_netcdfPnetcdf_redef,0,0,0,0,0,4,0,0,0,0,4
function@_QMmod_netcdfPnetcdf_sync,0,0,0,0,0,4,0,0,0,0,4
function@_QMlmd_skpp_modPlmd_skpp,29,0,0,29,0,11,29,0,29,0,11
function@_QMlmd_skpp_modPlmd_skpp_tile,1320,580,0,618,28,648,484993,254388,52347.2,930.462,340879
function@_QMnf_fread4d_modPnf_fread4d,54,20,0,44,1,35,2331.33,1972.89,108.159,1,17345
function@wclock_on_,1,0,0,1,0,10,1,0,1,0,9.38095
function@wclock_off_,1,3,0,3,0,17,0.47619,1.80952,2.09524,0,13.5238
function@mod_arrays_,0,0,0,0,0,30,0,0,0,0,21.6667
function@mod_arrays_..omp_par,6,1,0,6,0,21,62.6667,21.25,42.75,0,6436.92
function@_QMinterpolate_modPlinterp2d,9,3,0,12,2,9,1855.75,39.75,52.1667,1.33333,1303.25
function@_QMinterpolate_modPcinterp2d,40,9,0,36,2,96,8469.08,1533,4547.08,1.33333,19863.2
function@_QMinterpolate_modPhindices,63,11,0,54,2,42,5189.44,2576.79,1686.15,16.5588,10970.6
function@_QMinterpolate_modPtry_range,146,40,0,35,11,104,71.2335,52.7619,20.149,1.76435,284.157
function@_QMinterpolate_modPinside,4,0,0,2,0,16,28.0465,0,2,0,220.267
function@_QMbc_3d_modPbc_r3d_tile,30,13,0,26,0,36,17.8272,28.358,14.9136,0,475.617
function@_QMbc_3d_modPbc_u3d_tile,24,12,0,17,0,21,28.3086,27.2963,14.9259,0,446.58
function@_QMbc_3d_modPbc_v3d_tile,23,5,0,16,0,24,14.5062,2.23457,13.2963,0,241.235
function@_QMbc_3d_modPbc_w3d_tile,30,13,0,26,0,36,17.8272,28.358,14.9136,0,475.617
function@wrt_his_,87,9,0,28,0,293,11.5205,1.62584,2.41388,0,39.934
function@_QMmod_couplingPallocate_coupling,34,0,0,12,0,25,34,0,12,0,24
function@_QMmod_couplingPinitialize_coupling,0,0,0,0,0,28,0,0,0,0,3705.2
function@_QMnf_fwrite2d_bry_modPnf_fwrite2d_bry,42,17,0,23,0,27,2078.14,1039.29,134.524,0,3532.05
function@_QMwhite_noise_modPwhite_noise1d,5,0,0,3,0,64,2.33225,0,3,0,73.7508
function@_QMwhite_noise_modPwhite_noise2d,18,5,0,9,0,43,10.5328,25.4836,8.32787,0,443.754
function@_QMwhite_noise_modPwhite_noise2d_bry,2,0,0,1,0,66,0.666124,0,1,0,87.8868
function@_QMwhite_noise_modPwhite_noise3d,21,14,0,15,1,44,600.795,539.205,46.1066,20.1393,7554.93
function@_QMwhite_noise_modPwhite_noise3d_bry,15,10,0,12,0,57,23.3158,24.75,6.14474,0,452.447
function@get_ngfld_,85,15,0,32,6,188,40.7876,2.98774,16.6325,2.35499,121.431
function@regrid_,38,22,0,33,0,60,47.0469,13.6328,18.1875,0,93.4141
function@_QMv3dbc_modPv3dbc,5,0,0,5,0,2,5,0,5,0,2
function@_QMv3dbc_modPv3dbc_tile,4,8,0,7,0,22,3.30864,13.8272,5.80247,0,449.728
function@_QMstate_dotprod_modPstate_dotprod,95,62,0,69,6,49,20581.2,30452.4,3580.02,1.875,271126
function@get_bounds_,0,0,0,0,0,7,0,0,0,0,7
function@get_domain_,8,0,0,4,0,17,3.50588,0,4,0,17
function@get_iobounds_,0,0,0,0,0,0,0,0,0,0,0
function@get_tile_,0,0,0,0,0,8,0,0,0,0,5.33333
function@tile_bounds_1d_,0,0,0,0,0,3,0,0,0,0,2
function@tile_bounds_2d_,0,0,0,0,0,7,0,0,0,0,7
function@var_bounds_,0,0,0,0,0,0,0,0,0,0,0
function@_QMset_massflux_modPset_massflux,9,0,0,9,0,8,9,0,9,0,8
function@_QMset_massflux_modPset_massflux_tile,57,32,0,55,0,54,9095.57,38688.7,2159.95,0,82332.2
function@_QMzetabc_modPzetabc,1,0,0,1,0,2,1,0,1,0,2
function@_QMzetabc_modPzetabc_tile,5,4,0,3,0,13,1.62745,0.941177,3,0,24.098
function@_QMbc_2d_modPbc_r2d_tile,10,2,0,9,0,34,5.64303,1.01711,7.03423,0,28.7531
function@_QMbc_2d_modPbc_u2d_tile,9,4,0,7,0,14,5.62745,0.941177,7,0,25.098
function@_QMbc_2d_modPbc_v2d_tile,5,5,0,7,0,23,5,0.652812,6.03667,0,15.6724
function@_QMnf_fread2d_modPnf_fread2d,163,32,0,111,0,81,13.3143,4.2,16.6593,0,47.874
function@_QMv2dbc_modPv2dbc,1,0,0,1,0,2,1,0,1,0,2
function@_QMv2dbc_modPv2dbc_tile,0,4,0,1,0,12,0,0.627451,1,0,24.2745
function@_QMrhs3d_modPrhs3d,34,0,0,34,0,22,34,0,34,0,22
function@_QMrhs3d_modPrhs3d_tile,1386,613,0,570,36,561,484423,324866,27292.4,1550.52,508650
function@def_rst_,0,0,0,0,0,3,0,0,0,0,3
function@_QMmod_paramPinitialize_param,0,0,0,0,0,0,0,0,0,0,0
function@_QMset_2dfld_modPset_2dfld_tile,74,24,0,35,0,91,29.6443,26.6289,19.2526,0,425.376
function@_QMrho_eos_modPrho_eos,12,0,0,12,0,12,12,0,12,0,12
function@_QMrho_eos_modPrho_eos_tile,527,175,0,277,16,504,451566,144374,254598,1198.71,660253
function@_QMstiffness_modPstiffness,1,0,0,1,0,2,1,0,1,0,2
function@_QMstiffness_modPstiffness_tile,91,24,0,54,1,88,836.578,575.339,93.9449,0.385321,42896.4
function@_QMprsgrd_modPprsgrd,7,1,0,8,0,10,7,1,8,0,10
function@_QMprsgrd_modPprsgrd_tile,436,211,0,260,5,298,248620,222636,15216,707,515235
function@_QMu2dbc_modPu2dbc,1,0,0,1,0,2,1,0,1,0,2
function@_QMu2dbc_modPu2dbc_tile,5,4,0,3,0,16,1.62745,0.941177,3,0,35.098
function@def_info_,338,134,0,25,0,420,20.1874,6.6875,18.5812,0,64.3029
function@_QMstate_scale_modPstate_scale,45,39,0,36,0,29,14871.7,17968.6,414.175,0,230542
function@_QMmod_ncparamPinitialize_ncparam,173,0,0,12,10,643,247.586,0,125.878,8.63722,4987.59
function@_QMmod_scalarsPinitialize_scalars,0,1,0,1,0,23,0,1,1,0,18.3529
function@_QMnf_fread2d_bry_modPnf_fread2d_bry,28,9,0,25,0,29,329.78,531.523,46.4495,0,1133.76
function@_QMstate_addition_modPstate_addition,92,59,0,79,4,58,56921,147634,18266.3,1.2,566920
function@wrt_rst_,20,1,0,5,0,145,1.19564,0.5,1.51901,0,12.1349
function@_QMomega_modPomega,2,0,0,2,0,10,2,0,2,0,10
function@_QMomega_modPomega_tile,154,74,0,64,1,71,17872.6,34028.1,1496,0.666667,43478.9
function@_QMomega_modPscale_omega,46,20,0,39,2,22,3339.6,9373.89,543.615,0.507692,21151.6
function@_QMextract_sta_modPextract_sta2d,54,6,0,17,0,48,119.176,15.049,7.86275,0,56.3137
function@_QMextract_sta_modPextract_sta3d,187,50,0,157,6,244,144.822,37.6761,52.6573,0.732394,208.432
function@checkerror_,3,0,0,3,0,35,1.95238,0,3,0,23.381
function@output_,0,0,0,0,0,23,0,0,0,0,8.96933
function@_QMexchange_3d_modPexchange_p3d_tile,15,9,0,14,0,18,40.0864,20,18.2963,0,534.21
function@_QMexchange_3d_modPexchange_r3d_tile,15,9,0,14,0,18,40.0864,20,18.2963,0,534.21
function@_QMexchange_3d_modPexchange_u3d_tile,15,9,0,14,0,18,40.0864,20,18.2963,0,534.21
function@_QMexchange_3d_modPexchange_v3d_tile,15,9,0,14,0,18,40.0864,20,18.2963,0,534.21
function@_QMexchange_3d_modPexchange_w3d_tile,15,9,0,14,0,18,40.0864,20,18.2963,0,534.21
function@get_date_,0,0,0,0,0,6,0,0,0,0,5.2381
function@day_code_,0,0,0,0,0,9,0,0,0,0,7.96
function@caldate_,8,1,0,6,0,13,1.98824,0.123529,1.24118,0,6.35882
function@ref_att_,7,2,0,7,0,22,7,2,7,0,22
function@time_string_,0,0,0,0,0,15,0,0,0,0,15
function@_QMset_vbc_modPset_vbc,16,0,0,16,0,8,16,0,16,0,8
function@_QMset_vbc_modPset_vbc_tile,76,45,0,71,7,94,4387.07,5381.72,214.875,1.825,10798.4
function@_QMset_depth_modPset_depth,1,0,0,1,0,5,1,0,1,0,5
function@_QMset_depth_modPset_depth_tile,145,94,0,107,38,140,20031.9,24184.9,906.658,690.552,45597.6
function@_QMstate_product_modPstate_product,125,75,0,97,3,84,43596.6,60475.4,4850.68,1,476764
function@_QMstrings_modPfind_string,4,0,0,4,0,10,30.4231,0,3.23077,0,83.2308
function@_QMstrings_modPlowercase,0,0,0,0,0,13,0,0,0,0,50
function@_QMstrings_modPuppercase,0,0,0,0,0,13,0,0,0,0,50
function@_QMstep3d_uv_modPstep3d_uv,42,0,0,42,0,14,42,0,42,0,14
function@_QMstep3d_uv_modPstep3d_uv_tile,1391,658,0,451,185,761,284007,292005,20423.8,6513,587854
function@ludcmp_,24,3,0,13,0,44,589.5,69.4853,91.0882,0,577.618
function@_QMstate_copy_modPstate_copy,74,59,0,70,4,41,36318.6,46052.9,8158.4,1.2,766997
function@ran1_s_,0,0,0,0,0,3,0,0,0,0,3
function@ran1_v_,0,0,0,0,0,3,0,0,0,0,3
function@_QMmod_parallelPinitialize_parallel,0,0,0,0,0,9,0,0,0,0,9
function@main3d_,0,0,0,0,0,10,0,0,0,0,8.11719
function@main3d_..omp_par.13,3,1,0,3,0,8,22.9167,21.25,3,0,891.333
function@main3d_..omp_par.12,3,1,0,3,0,10,22.9167,21.25,3,0,566.583
function@main3d_..omp_par.11,3,1,0,3,0,10,22.9167,21.25,3,0,566.583
function@main3d_..omp_par.10,3,1,0,3,0,8,22.9167,21.25,3,0,891.333
function@main3d_..omp_par.9,3,1,0,3,0,10,22.9167,21.25,3,0,566.583
function@main3d_..omp_par.8,3,1,0,3,0,10,22.9167,21.25,3,0,566.583
function@main3d_..omp_par.7,3,1,0,3,0,10,22.9167,21.25,3,0,566.583
function@main3d_..omp_par.6,3,1,0,3,0,8,22.9167,21.25,3,0,891.333
function@main3d_..omp_par.5,4,1,0,4,0,14,44.1667,21.25,24.25,0,1590.25
function@main3d_..omp_par.4,3,1,0,3,0,10,22.9167,21.25,3,0,1744.5
function@main3d_..omp_par.3,3,1,0,3,0,12,22.9167,21.25,3,0,2597.67
function@main3d_..omp_par.2,4,1,0,4,0,11,44.1667,21.25,24.25,0,822.5
function@main3d_..omp_par.1,4,1,0,4,0,9,44.1667,21.25,24.25,0,1317.92
function@main3d_..omp_par,3,1,0,3,0,8,22.9167,21.25,3,0,891.333
function@_QMbc_bry2d_modPbc_r2d_bry_tile,0,0,0,0,0,8,0,0,0,0,4.9375
function@_QMbc_bry2d_modPbc_u2d_bry_tile,0,0,0,0,0,11,0,0,0,0,6.40625
function@_QMbc_bry2d_modPbc_v2d_bry_tile,0,0,0,0,0,11,0,0,0,0,6.40625
function@_QMmod_oceanPallocate_ocean,90,2,0,31,1,37,90,2,31,1,36
function@_QMmod_oceanPinitialize_ocean,13,7,0,11,0,92,5813.24,483.92,171.52,0,1.1396e+06
