Comando: /home/mpvreal/Code/Faculdade/tcc/llvm/build/bin/llc --march=x86-64 --regalloc=greedy -o -
Heurística: original
function@main,0,0,0,0,0,14,0,0,0,0,54.1667
function@MAIN_parseCommandLine,0,0,0,0,0,3,0,0,0,0,3
function@MAIN_printInfo,0,0,0,0,0,0,0,0,0,0,0
function@MAIN_initialize,0,0,0,0,0,1,0,0,0,0,1
function@MAIN_finalize,0,0,0,0,0,1,0,0,0,0,1
function@LBM_allocateGrid,0,0,0,0,0,1,0,0,0,0,1
function@LBM_freeGrid,0,0,0,0,0,1,0,0,0,0,1
function@LBM_initializeGrid,0,0,0,0,0,0,0,0,0,0,0
function@LBM_initializeGrid.omp_outlined,0,0,0,0,0,3,0,0,0,0,3
function@LBM_swapGrids,0,0,0,0,0,0,0,0,0,0,0
function@LBM_loadObstacleFile,0,0,0,0,0,9,0,0,0,0,33860.5
function@LBM_initializeSpecialCellsForLDC,0,0,0,0,0,0,0,0,0,0,0
function@LBM_initializeSpecialCellsForLDC.omp_outlined,0,0,0,0,0,9,0,0,0,0,507.889
function@LBM_initializeSpecialCellsForChannel,0,0,0,0,0,0,0,0,0,0,0
function@LBM_initializeSpecialCellsForChannel.omp_outlined,0,0,0,0,0,7,0,0,0,0,392.333
function@LBM_performStreamCollideBGK,0,0,0,0,0,0,0,0,0,0,0
function@LBM_performStreamCollideBGK.omp_outlined,2,2,0,4,0,5,8,8,32,0,4.5
function@LBM_performStreamCollideTRT,0,0,0,0,0,0,0,0,0,0,0
function@LBM_performStreamCollideTRT.omp_outlined,30,27,0,51,0,8,240,212,408,0,28.5
function@LBM_handleInOutFlow,0,0,0,0,0,2,0,0,0,0,2
function@LBM_handleInOutFlow.omp_outlined,0,0,0,0,0,6,0,0,0,0,51
function@LBM_handleInOutFlow.omp_outlined.2,2,5,0,7,0,5,32,80,112,0,35
function@LBM_showGridStatistics,20,2,0,14,0,6,148.75,31.875,221,0,19.9375
function@LBM_storeVelocityField,3,0,0,3,0,12,1088,0,1088,0,114694
function@LBM_compareVelocityField,22,1,0,23,0,15,623680,32768,656448,0,172038
