Comando: /home/mpvreal/Code/Faculdade/tcc/llvm/build/bin/llc --march=x86-64 --regalloc=greedy -o -
Heurística: div(cost,pow(degree,2))
function@_ZN11TimeControlC2Eiiii,0,0,0,0,0,2,0,0,0,0,2
function@_ZN11TimeControl13set_boardsizeEi,0,0,0,0,0,0,0,0,0,0,0
function@_ZN11TimeControl5startEi,0,0,0,0,0,2,0,0,0,0,2
function@_ZN11TimeControl4stopEi,0,0,0,0,0,2,0,0,0,0,2
function@_ZN11TimeControl12time_forfeitEi,0,0,0,0,0,0,0,0,0,0,0
function@_ZN11TimeControl13display_timesEv,0,0,0,0,0,7,0,0,0,0,7
function@_ZN11TimeControl17max_time_for_moveEi,0,0,0,0,0,1,0,0,0,0,0.37037
function@_ZN11TimeControl11adjust_timeEiii,0,0,0,0,0,0,0,0,0,0,0
function@_ZN11TimeControl12get_maintimeEv,0,0,0,0,0,1,0,0,0,0,1
function@_ZN11TimeControl18get_remaining_timeEi,0,0,0,0,0,0,0,0,0,0,0
function@_ZN9SGFParser14chop_from_fileENSt7__cxx1112basic_stringIcSt11char_traitsIcESaIcEEEi,3,2,0,2,3,14,1.01468,0.939397,2,2.90807,43.1154
function@_ZN9SGFParser19parse_property_nameERNSt7__cxx1119basic_istringstreamIcSt11char_traitsIcESaIcEEE,0,0,0,0,0,10,0,0,0,0,34.9993
function@_ZN9SGFParser20parse_property_valueERNSt7__cxx1119basic_istringstreamIcSt11char_traitsIcESaIcEEERNS0_12basic_stringIcS3_S4_EE,1,0,0,1,0,12,0.5,0,0.5,0,57
function@_ZN9SGFParser5parseERNSt7__cxx1119basic_istringstreamIcSt11char_traitsIcESaIcEEEP7SGFTree,1,1,0,4,0,55,0.00400354,0.00400355,0.386886,0,436.552
function@_ZN7SGFTreeC2ERKS_,0,0,0,0,0,16,0,0,0,0,46.8626
function@_ZN7SGFTreeD2Ev,0,0,0,0,0,4,0,0,0,0,21.625
function@_ZNSt8auto_ptrI7SGFTreeED2Ev,0,0,0,0,0,4,0,0,0,0,13.5156
function@_ZN9SGFParser19count_games_in_fileENSt7__cxx1112basic_stringIcSt11char_traitsIcESaIcEEE,0,0,0,0,0,11,0,0,0,0,1985.06
function@_ZN7KoStateC2ERKS_,0,0,0,0,0,19,0,0,0,0,14.867
function@_ZNSt6vectorI7SGFTreeSaIS0_EED2Ev,0,0,0,0,0,3,0,0,0,0,21.9048
function@_ZN7KoStateD2Ev,0,0,0,0,0,1,0,0,0,0,1
function@__clang_call_terminate,0,0,0,0,0,0,0,0,0,0,0
function@_ZSt16__do_uninit_copyIN9__gnu_cxx17__normal_iteratorIPK7SGFTreeSt6vectorIS2_SaIS2_EEEEPS2_ET0_T_SB_SA_,0,1,0,1,0,25,0,19.8001,1,0,4168.19
function@_ZSt8_DestroyI7SGFTreeEvPT_,0,0,0,0,0,4,0,0,0,0,21.625
function@_ZNSt8_Rb_treeINSt7__cxx1112basic_stringIcSt11char_traitsIcESaIcEEESt4pairIKS5_S5_ESt10_Select1stIS8_ESt4lessIS5_ESaIS8_EE7_M_copyILb0ENSE_11_Alloc_nodeEEEPSt13_Rb_tree_nodeIS8_ESJ_PSt18_Rb_tree_node_baseRT0_,0,0,0,0,0,33,0,0,0,0,106.992
function@_ZNSt8_Rb_treeINSt7__cxx1112basic_stringIcSt11char_traitsIcESaIcEEESt4pairIKS5_S5_ESt10_Select1stIS8_ESt4lessIS5_ESaIS8_EE8_M_eraseEPSt13_Rb_tree_nodeIS8_E,0,0,0,0,0,5,0,0,0,0,65.75
function@_ZNSt4pairIKNSt7__cxx1112basic_stringIcSt11char_traitsIcESaIcEEES5_EC2ERKS7_,2,0,0,1,0,13,0.666666,0,1,0,6.33333
function@_ZN4TimeC2Ev,0,0,0,0,0,0,0,0,0,0,0
function@_ZN7UCTNodeC2Eii,0,0,0,0,0,1,0,0,0,0,1
function@_ZN7UCTNodeD2Ev,0,0,0,0,0,5,0,0,0,0,60.9999
function@_ZN7UCTNode9get_mutexEv,0,0,0,0,0,0,0,0,0,0,0
function@__clang_call_terminate,0,0,0,0,0,0,0,0,0,0,0
function@_ZNK7UCTNode11first_visitEv,0,0,0,0,0,0,0,0,0,0,0
function@_ZN7UCTNode10link_childEPS_,0,0,0,0,0,0,0,0,0,0,0
function@_ZN7UCTNode15create_childrenER9FastStateb,10,2,0,6,0,41,1.10006,0.175795,0.946269,0,27.1059
function@_ZNK7UCTNode12has_childrenEv,0,0,0,0,0,0,0,0,0,0,0
function@_ZN7UCTNode10set_extendEi,0,0,0,0,0,0,0,0,0,0,0
function@_ZN7UCTNode13kill_superkosER7KoState,1,0,0,1,0,19,6.2497,0,0.625,0,189.139
function@_ZNK7UCTNode8get_moveEv,0,0,0,0,0,0,0,0,0,0,0
function@_ZN7KoStateC2ERKS_,0,0,0,0,0,19,0,0,0,0,14.867
function@_ZN7UCTNode12delete_childEPS_,0,0,0,0,0,6,0,0,0,0,13.5436
function@_ZN7KoStateD2Ev,0,0,0,0,0,1,0,0,0,0,1
function@_ZN7UCTNode8set_moveEi,0,0,0,0,0,0,0,0,0,0,0
function@_ZN7UCTNode6updateER7Playouti,0,0,0,0,0,6,0,0,0,0,4
function@_ZNK7UCTNode13get_blackwinsEv,0,0,0,0,0,0,0,0,0,0,0
function@_ZN7UCTNode10set_visitsEi,0,0,0,0,0,4,0,0,0,0,4
function@_ZN7UCTNode13set_blackwinsEi,0,0,0,0,0,4,0,0,0,0,4
function@_ZNK7UCTNode11get_winrateEi,0,0,0,0,0,0,0,0,0,0,0
function@_ZNK7UCTNode10get_visitsEv,0,0,0,0,0,0,0,0,0,0,0
function@_ZNK7UCTNode12get_raverateEv,0,0,0,0,0,0,0,0,0,0,0
function@_ZNK7UCTNode14get_ravevisitsEv,0,0,0,0,0,0,0,0,0,0,0
function@_ZNK7UCTNode9do_extendEv,0,0,0,0,0,0,0,0,0,0,0
function@_ZN7UCTNode16uct_select_childEi,0,0,0,0,0,4,0,0,0,0,2.16667
function@_ZN7UCTNode5validEv,0,0,0,0,0,0,0,0,0,0,0
function@_ZN7UCTNode13sort_childrenEi,5,2,0,8,0,40,8.61703,12.4998,9.61705,0,120.889
function@_ZN7UCTNode15get_first_childEv,0,0,0,0,0,0,0,0,0,0,0
function@_ZN7UCTNode11get_siblingEv,0,0,0,0,0,0,0,0,0,0,0
function@_ZN7UCTNode14get_pass_childEv,0,0,0,0,0,0,0,0,0,0,0
function@_ZN7UCTNode16get_nopass_childEv,0,0,0,0,0,0,0,0,0,0,0
function@_ZN7UCTNode10invalidateEv,0,0,0,0,0,3,0,0,0,0,3
function@_ZN7UCTNode10updateRAVEER7Playouti,0,0,0,0,0,16,0,0,0,0,44
function@_ZSt13__stable_sortIN9__gnu_cxx17__normal_iteratorIPN5boost6tuples5tupleIiiP7UCTNodeNS3_9null_typeES7_S7_S7_S7_S7_S7_EESt6vectorIS8_SaIS8_EEEENS0_5__ops15_Iter_comp_iterI8NodeCompEEEvT_SI_T0_,3,0,0,1,0,38,0.390625,0,0.390625,0,28.1168
function@_ZSt21__inplace_stable_sortIN9__gnu_cxx17__normal_iteratorIPN5boost6tuples5tupleIiiP7UCTNodeNS3_9null_typeES7_S7_S7_S7_S7_S7_EESt6vectorIS8_SaIS8_EEEENS0_5__ops15_Iter_comp_iterI8NodeCompEEEvT_SI_T0_,0,0,0,0,0,20,0,0,0,0,12
function@_ZSt29__stable_sort_adaptive_resizeIN9__gnu_cxx17__normal_iteratorIPN5boost6tuples5tupleIiiP7UCTNodeNS3_9null_typeES7_S7_S7_S7_S7_S7_EESt6vectorIS8_SaIS8_EEEES9_lNS0_5__ops15_Iter_comp_iterI8NodeCompEEEvT_SI_T0_T1_T2_,4,2,0,3,0,31,2,1,1.5,0,18
function@_ZSt24__merge_sort_with_bufferIN9__gnu_cxx17__normal_iteratorIPN5boost6tuples5tupleIiiP7UCTNodeNS3_9null_typeES7_S7_S7_S7_S7_S7_EESt6vectorIS8_SaIS8_EEEES9_NS0_5__ops15_Iter_comp_iterI8NodeCompEEEvT_SI_T0_T1_,19,0,0,8,0,33,603.938,0,18.4062,0,1202.31
function@_ZSt16__merge_adaptiveIN9__gnu_cxx17__normal_iteratorIPN5boost6tuples5tupleIiiP7UCTNodeNS3_9null_typeES7_S7_S7_S7_S7_S7_EESt6vectorIS8_SaIS8_EEEElS9_NS0_5__ops15_Iter_comp_iterI8NodeCompEEEvT_SI_SI_T0_SJ_T1_T2_,0,0,0,0,0,10,0,0,0,0,4.90698
function@_ZSt16__insertion_sortIN9__gnu_cxx17__normal_iteratorIPN5boost6tuples5tupleIiiP7UCTNodeNS3_9null_typeES7_S7_S7_S7_S7_S7_EESt6vectorIS8_SaIS8_EEEENS0_5__ops15_Iter_comp_iterI8NodeCompEEEvT_SI_T0_,0,0,0,0,0,13,0,0,0,0,55.8536
function@_ZSt12__move_mergeIN9__gnu_cxx17__normal_iteratorIPN5boost6tuples5tupleIiiP7UCTNodeNS3_9null_typeES7_S7_S7_S7_S7_S7_EESt6vectorIS8_SaIS8_EEEES9_NS0_5__ops15_Iter_comp_iterI8NodeCompEEET0_T_SJ_SJ_SJ_SI_T1_,0,0,0,0,0,4,0,0,0,0,3.25
function@_ZSt12__move_mergeIPN5boost6tuples5tupleIiiP7UCTNodeNS1_9null_typeES5_S5_S5_S5_S5_S5_EEN9__gnu_cxx17__normal_iteratorIS7_St6vectorIS6_SaIS6_EEEENS8_5__ops15_Iter_comp_iterI8NodeCompEEET0_T_SJ_SJ_SJ_SI_T1_,0,0,0,0,0,4,0,0,0,0,3.25
function@_ZSt30__move_merge_adaptive_backwardIN9__gnu_cxx17__normal_iteratorIPN5boost6tuples5tupleIiiP7UCTNodeNS3_9null_typeES7_S7_S7_S7_S7_S7_EESt6vectorIS8_SaIS8_EEEES9_SD_NS0_5__ops15_Iter_comp_iterI8NodeCompEEEvT_SI_T0_SJ_T1_T2_,0,0,0,0,0,5,0,0,0,0,2.9554
function@_ZSt22__merge_without_bufferIN9__gnu_cxx17__normal_iteratorIPN5boost6tuples5tupleIiiP7UCTNodeNS3_9null_typeES7_S7_S7_S7_S7_S7_EESt6vectorIS8_SaIS8_EEEElNS0_5__ops15_Iter_comp_iterI8NodeCompEEEvT_SI_SI_T0_SJ_T1_,7,0,0,4,0,31,32.5798,0,17.7488,0,290.129
function@_ZNSt3_V28__rotateIN9__gnu_cxx17__normal_iteratorIPN5boost6tuples5tupleIiiP7UCTNodeNS4_9null_typeES8_S8_S8_S8_S8_S8_EESt6vectorIS9_SaIS9_EEEEEET_SF_SF_SF_St26random_access_iterator_tag,0,0,0,0,0,27,0,0,0,0,103.272
function@_ZSt23__merge_adaptive_resizeIN9__gnu_cxx17__normal_iteratorIPN5boost6tuples5tupleIiiP7UCTNodeNS3_9null_typeES7_S7_S7_S7_S7_S7_EESt6vectorIS8_SaIS8_EEEElS9_NS0_5__ops15_Iter_comp_iterI8NodeCompEEEvT_SI_SI_T0_SJ_T1_SJ_T2_,8,0,0,5,0,40,79,0,50,0,646.5
function@_ZSt17__rotate_adaptiveIN9__gnu_cxx17__normal_iteratorIPN5boost6tuples5tupleIiiP7UCTNodeNS3_9null_typeES7_S7_S7_S7_S7_S7_EESt6vectorIS8_SaIS8_EEEES9_lET_SE_SE_SE_T1_SF_T0_SF_,0,0,0,0,0,18,0,0,0,0,4.54412
function@_ZN3SMP5MutexC2Ev,0,0,0,0,0,0,0,0,0,0,0
function@_ZN3SMP4LockC2ERNS_5MutexE,0,0,0,0,0,0,0,0,0,0,0
function@_ZN3SMP4LockD2Ev,0,0,0,0,0,0,0,0,0,0,0
function@_ZN12MCOwnerTable7get_MCOEv,0,0,0,0,0,7,0,0,0,0,1.9375
function@_ZN12MCOwnerTableC2Ev,0,0,0,0,0,5,0,0,0,0,2.5
function@_ZN12MCOwnerTable6updateERSt6bitsetILm441EE,0,0,0,0,0,3,0,0,0,0,34
function@_ZN12MCOwnerTable9get_scoreEii,0,0,0,0,0,0,0,0,0,0,0
function@_ZN12MCOwnerTable5clearEv,0,0,0,0,0,1,0,0,0,0,0.666667
function@_ZN12MCOwnerTable9is_primedEv,0,0,0,0,0,0,0,0,0,0,0
function@_ZNSt6vectorIiSaIiEE17_M_default_appendEm,2,0,0,2,0,12,0.507812,0,0.625,0,4.65625
function@_ZNSt7__cxx1112basic_stringIcSt11char_traitsIcESaIcEEC2IS3_EEPKcRKS3_,0,0,0,0,0,9,0,0,0,0,6
function@__cxx_global_array_dtor,0,0,0,0,0,0,0,0,0,0,0
function@_ZN3GTP13get_life_listB5cxx11ER9GameStateb,12,0,0,7,0,64,436.255,0,269.624,0,11912.3
function@_ZNSt6vectorINSt7__cxx1112basic_stringIcSt11char_traitsIcESaIcEEESaIS5_EED2Ev,0,0,0,0,0,2,0,0,0,0,1.61905
function@_ZN3GTP7executeER9GameStateNSt7__cxx1112basic_stringIcSt11char_traitsIcESaIcEEE,15,0,0,1,0,218,0.46907,0,0.625,0,45.6889
function@_ZSteqIcSt11char_traitsIcESaIcEEbRKNSt7__cxx1112basic_stringIT_T0_T1_EEPKS5_,0,0,0,0,0,5,0,0,0,0,3.61905
function@_ZNSt8auto_ptrI9UCTSearchED2Ev,0,0,0,0,0,1,0,0,0,0,0.619048
function@_ZN9GameStateaSEOS_,0,0,0,0,0,7,0,0,0,0,6.33333
function@_ZN9GameStateD2Ev,0,0,0,0,0,2,0,0,0,0,1.61905
function@_ZNSt8auto_ptrI7SGFTreeED2Ev,0,0,0,0,0,4,0,0,0,0,13.5156
function@_ZN9FastStateaSEOS_,0,0,0,0,0,5,0,0,0,0,5
function@__clang_call_terminate,0,0,0,0,0,0,0,0,0,0,0
function@_ZSt16__introsort_loopIN9__gnu_cxx17__normal_iteratorIPNSt7__cxx1112basic_stringIcSt11char_traitsIcESaIcEEESt6vectorIS7_SaIS7_EEEElNS0_5__ops15_Iter_less_iterEEvT_SF_T0_T1_,5,0,0,5,0,23,527.492,0,268.683,0,26522.1
function@_ZSt11__make_heapIN9__gnu_cxx17__normal_iteratorIPNSt7__cxx1112basic_stringIcSt11char_traitsIcESaIcEEESt6vectorIS7_SaIS7_EEEENS0_5__ops15_Iter_less_iterEEvT_SF_RT0_,2,0,0,1,0,11,16.4995,0,1,0,58.4984
function@_ZSt10__pop_heapIN9__gnu_cxx17__normal_iteratorIPNSt7__cxx1112basic_stringIcSt11char_traitsIcESaIcEEESt6vectorIS7_SaIS7_EEEENS0_5__ops15_Iter_less_iterEEvT_SF_SF_RT0_,0,0,0,0,0,12,0,0,0,0,6.25013
function@_ZSt13__adjust_heapIN9__gnu_cxx17__normal_iteratorIPNSt7__cxx1112basic_stringIcSt11char_traitsIcESaIcEEESt6vectorIS7_SaIS7_EEEElS7_NS0_5__ops15_Iter_less_iterEEvT_T0_SG_T1_T2_,11,1,0,5,0,29,3.90623,16,4.03123,0,151.945
function@_ZSt11__push_heapIN9__gnu_cxx17__normal_iteratorIPNSt7__cxx1112basic_stringIcSt11char_traitsIcESaIcEEESt6vectorIS7_SaIS7_EEEElS7_NS0_5__ops14_Iter_less_valEEvT_T0_SG_T1_RT2_,8,1,0,3,0,23,15.4512,7.87301,3,0,50.3032
function@_ZSt22__move_median_to_firstIN9__gnu_cxx17__normal_iteratorIPNSt7__cxx1112basic_stringIcSt11char_traitsIcESaIcEEESt6vectorIS7_SaIS7_EEEENS0_5__ops15_Iter_less_iterEEvT_SF_SF_SF_T0_,1,0,0,1,0,13,1,0,1,0,7.82143
function@_ZSt16__insertion_sortIN9__gnu_cxx17__normal_iteratorIPNSt7__cxx1112basic_stringIcSt11char_traitsIcESaIcEEESt6vectorIS7_SaIS7_EEEENS0_5__ops15_Iter_less_iterEEvT_SF_T0_,8,5,0,3,0,15,30.7022,24.2578,2.39062,0,109.143
function@_ZSt25__unguarded_linear_insertIN9__gnu_cxx17__normal_iteratorIPNSt7__cxx1112basic_stringIcSt11char_traitsIcESaIcEEESt6vectorIS7_SaIS7_EEEENS0_5__ops14_Val_less_iterEEvT_T0_,0,0,0,0,0,12,0,0,0,0,74.1659
function@_ZSt8__uniqueIN9__gnu_cxx17__normal_iteratorIPNSt7__cxx1112basic_stringIcSt11char_traitsIcESaIcEEESt6vectorIS7_SaIS7_EEEENS0_5__ops19_Iter_equal_to_iterEET_SF_SF_T0_,0,0,0,0,0,9,0,0,0,0,10.5637
function@_ZNSt6vectorINSt7__cxx1112basic_stringIcSt11char_traitsIcESaIcEEESaIS5_EE8_M_eraseEN9__gnu_cxx17__normal_iteratorIPS5_S7_EESB_,0,0,0,0,0,15,0,0,0,0,11.1709
function@_ZNSt8_Rb_treeINSt7__cxx1112basic_stringIcSt11char_traitsIcESaIcEEESt4pairIKS5_S5_ESt10_Select1stIS8_ESt4lessIS5_ESaIS8_EE8_M_eraseEPSt13_Rb_tree_nodeIS8_E,0,0,0,0,0,5,0,0,0,0,65.75
function@_ZSt8_DestroyI7SGFTreeEvPT_,0,0,0,0,0,4,0,0,0,0,21.625
function@_GLOBAL__sub_I_GTP.cpp,0,0,0,0,0,6,0,0,0,0,4
function@_ZN7Matcher11get_MatcherEv,0,0,0,0,0,6,0,0,0,0,1.75
function@_ZN7Matcher11set_MatcherEPS_,0,0,0,0,0,2,0,0,0,0,1.6
function@_ZN7MatcherC2Ev,4,0,0,1,0,60,33.1382,0,1,0,5183.53
function@_ZNSt3mapIifSt4lessIiESaISt4pairIKifEEE6insertIRS2_IifEEENSt9enable_ifIXsr16is_constructibleIS4_T_EE5valueES2_ISt17_Rb_tree_iteratorIS4_EbEE4typeEOSB_,0,0,0,0,0,21,0,0,0,0,12.8828
function@_ZN7Matcher4clipEi,0,0,0,0,0,0,0,0,0,0,0
function@_ZNSt3mapIifSt4lessIiESaISt4pairIKifEEED2Ev,0,0,0,0,0,1,0,0,0,0,9.53674e-07
function@_ZN5boost5arrayISt6vectorIhSaIhEELm2EED2Ev,0,0,0,0,0,1,0,0,0,0,1
function@_ZN7Matcher7matchesEii,0,0,0,0,0,0,0,0,0,0,0
function@__clang_call_terminate,0,0,0,0,0,0,0,0,0,0,0
function@_ZNSt8_Rb_treeIiSt4pairIKifESt10_Select1stIS2_ESt4lessIiESaIS2_EE8_M_eraseEPSt13_Rb_tree_nodeIS2_E,0,0,0,0,0,5,0,0,0,0,65.75
function@_ZNSt6vectorIhSaIhEE17_M_default_appendEm,2,0,0,2,0,16,0.624999,0,0.625,0,5.55469
function@_ZNSt8_Rb_treeIiSt4pairIKifESt10_Select1stIS2_ESt4lessIiESaIS2_EE29_M_get_insert_hint_unique_posESt23_Rb_tree_const_iteratorIS2_ERS1_,0,0,0,0,0,30,0,0,0,0,14.9969
function@_ZN7PlayoutC2Ev,0,0,0,0,0,0,0,0,0,0,0
function@_ZN7Playout9get_scoreEv,0,0,0,0,0,0,0,0,0,0,0
function@_ZN7Playout15set_final_scoreEf,0,0,0,0,0,0,0,0,0,0,0
function@_ZN7Playout3runER9FastStateb,2,5,0,4,0,33,2,10.371,4,0,5466.06
function@_ZN7Playout11passthroughEii,0,0,0,0,0,0,0,0,0,0,0
function@_ZN7Playout20do_playout_benchmarkER9GameState,5,0,0,5,0,11,67,0,67,0,1805.78
function@_ZN7Playout8mc_ownerER9FastStatei,5,0,0,4,0,18,41.2155,0,2.86879,0,207.45
function@main,5,0,0,1,0,57,5.96046e-07,0,4.76837e-07,0,3.76337
function@_ZN9GameStateC2Ev,0,0,0,0,0,4,0,0,0,0,1
function@_ZN9GameStateaSEOS_,0,0,0,0,0,7,0,0,0,0,6.33333
function@_ZN9GameStateD2Ev,0,0,0,0,0,2,0,0,0,0,1.61905
function@_ZNSt8auto_ptrI9UCTSearchED2Ev,0,0,0,0,0,1,0,0,0,0,0.619048
function@_ZNSt8auto_ptrI7SGFTreeED2Ev,0,0,0,0,0,4,0,0,0,0,13.5156
function@_ZNSt8auto_ptrI9GameStateED2Ev,0,0,0,0,0,2,0,0,0,0,1.2381
function@_ZNSt6vectorI7KoStateSaIS0_EED2Ev,0,0,0,0,0,2,0,0,0,0,1.61905
function@__clang_call_terminate,0,0,0,0,0,0,0,0,0,0,0
function@_ZN7KoStateD2Ev,0,0,0,0,0,1,0,0,0,0,1
function@_ZN9FastStateaSEOS_,0,0,0,0,0,5,0,0,0,0,5
function@_ZNSt8_Rb_treeINSt7__cxx1112basic_stringIcSt11char_traitsIcESaIcEEESt4pairIKS5_S5_ESt10_Select1stIS8_ESt4lessIS5_ESaIS8_EE8_M_eraseEPSt13_Rb_tree_nodeIS8_E,0,0,0,0,0,5,0,0,0,0,65.75
function@_ZSt8_DestroyI7SGFTreeEvPT_,0,0,0,0,0,4,0,0,0,0,21.625
function@_ZN9UCTSearchC2ER9GameState,0,0,0,0,0,4,0,0,0,0,4
function@_ZN9UCTSearch11set_runflagEPb,0,0,0,0,0,0,0,0,0,0,0
function@_ZN9UCTSearch15play_simulationER7KoStateP7UCTNode,3,0,0,3,0,57,1,0,1.25,0,27.9961
function@_ZN9UCTSearch10dump_statsER9GameStateR7UCTNode,14,0,0,12,0,78,27.6871,0,9.58269,0,124.726
function@_ZN9UCTSearch6get_pvB5cxx11ER9GameStateR7UCTNode,2,1,0,2,0,31,0.166667,1.43051e-06,0.5,0,12.0833
function@_ZN9GameStateD2Ev,0,0,0,0,0,2,0,0,0,0,1.61905
function@_ZN9UCTSearch13get_best_moveEi,2,2,0,4,0,37,0.714602,0.210177,0.829646,0,16.1925
function@_ZN9UCTSearch13dump_analysisEv,0,0,0,0,0,17,0,0,0,0,11.2479
function@_ZN9UCTSearch10is_runningEv,0,0,0,0,0,0,0,0,0,0,0
function@_ZN9UCTWorkerclEv,0,0,0,0,0,6,0,0,0,0,96.9972
function@_ZN7KoStateC2ERKS_,0,0,0,0,0,19,0,0,0,0,14.867
function@_ZN7KoStateD2Ev,0,0,0,0,0,1,0,0,0,0,1
function@_ZN9UCTSearch9get_scoreEv,0,0,0,0,0,0,0,0,0,0,0
function@_ZN9UCTSearch5thinkEii,2,1,0,3,0,28,0.876906,28.061,2.75391,0,171.292
function@_ZN9UCTSearch6ponderEv,0,0,0,0,0,12,0,0,0,0,104.658
function@_ZN9UCTSearch15set_visit_limitEi,0,0,0,0,0,0,0,0,0,0,0
function@_ZN9UCTSearch13set_analyzingEb,0,0,0,0,0,0,0,0,0,0,0
function@_ZN9UCTSearch9set_quietEb,0,0,0,0,0,0,0,0,0,0,0
function@__clang_call_terminate,0,0,0,0,0,0,0,0,0,0,0
function@_ZNSt20__uninitialized_copyILb0EE13__uninit_copyIN9__gnu_cxx17__normal_iteratorIPK7KoStateSt6vectorIS4_SaIS4_EEEEPS4_EET0_T_SD_SC_,0,0,0,0,0,8,0,0,0,0,4.00004
function@_ZN7KoState9init_gameEif,2,0,0,2,0,26,0.749999,0,0.75,0,11.5312
function@_ZN7KoState10legal_moveEi,0,0,0,0,0,22,0,0,0,0,8.76318
function@_ZN7KoStateC2ERKS_,0,0,0,0,0,19,0,0,0,0,14.867
function@_ZN7KoState9play_moveEi,0,0,0,0,0,1,0,0,0,0,1
function@_ZN7KoState7superkoEv,0,0,0,0,0,6,0,0,0,0,2.40187
function@_ZN7KoStateD2Ev,0,0,0,0,0,1,0,0,0,0,1
function@_ZN7KoState7superkoEy,0,0,0,0,0,7,0,0,0,0,2.51402
function@_ZN7KoState10reset_gameEv,2,0,0,2,0,26,0.749999,0,0.75,0,11.5312
function@_ZN7KoState9play_passEv,2,0,0,2,0,18,0.749999,0,0.75,0,6.59374
function@_ZN7KoState9play_moveEii,2,0,0,2,0,19,0.375,0,0.375,0,4.29687
function@_ZN5Utils17input_causes_stopEv,0,0,0,0,0,2,0,0,0,0,2
function@_ZN5Utils8myprintfEPKcz,0,0,0,0,0,2,0,0,0,0,2
function@_ZN5Utils10gtp_printfEiPKcz,0,0,0,0,0,5,0,0,0,0,4.25
function@_ZN5Utils15gtp_fail_printfEiPKcz,0,0,0,0,0,5,0,0,0,0,4.25
function@_ZN6Random7get_RngEv,0,0,0,0,0,0,0,0,0,0,0
function@_ZN6RandomC2Ei,0,0,0,0,0,0,0,0,0,0,0
function@_ZN6Random10seedrandomEj,0,0,0,0,0,0,0,0,0,0,0
function@_ZN6Random7randintEt,0,0,0,0,0,2,0,0,0,0,2
function@_ZN6Random6randomEv,0,0,0,0,0,1,0,0,0,0,1
function@_ZN9FastBoard13get_boardsizeEv,0,0,0,0,0,0,0,0,0,0,0
function@_ZN9FastBoard10get_vertexEii,0,0,0,0,0,0,0,0,0,0,0
function@_ZN9FastBoard10get_squareEi,0,0,0,0,0,0,0,0,0,0,0
function@_ZN9FastBoard10set_squareEiNS_8square_tE,0,0,0,0,0,0,0,0,0,0,0
function@_ZN9FastBoard10get_squareEii,0,0,0,0,0,0,0,0,0,0,0
function@_ZN9FastBoard10set_squareEiiNS_8square_tE,0,0,0,0,0,0,0,0,0,0,0
function@_ZN9FastBoard11reset_boardEi,10,3,0,9,0,4,31.8,22.32,14.72,0,2.72
function@_ZN9FastBoard10is_suicideEii,0,8,0,8,0,10,0,0.105572,0.175953,0,2.15836
function@_ZN9FastBoard16count_plibertiesEi,0,0,0,0,0,0,0,0,0,0,0
function@_ZN9FastBoard13add_neighbourEii,0,0,0,0,0,0,0,0,0,0,0
function@_ZN9FastBoard16remove_neighbourEii,0,0,0,0,0,0,0,0,0,0,0
function@_ZN9FastBoard16count_neighboursEii,0,0,0,0,0,0,0,0,0,0,0
function@_ZN9FastBoard15fast_ss_suicideEii,0,0,0,0,0,0,0,0,0,0,0
function@_ZN9FastBoard18remove_string_fastEi,0,0,0,0,0,7,0,0,0,0,99.625
function@_ZN9FastBoard16calc_reach_colorEi,16,4,0,13,0,55,2604.32,5433.73,401.709,0,12645.2
function@_ZNSt6vectorIbSaIbEEaSERKS1_,0,0,0,0,0,20,0,0,0,0,33.2878
function@_ZN9FastBoard21percentual_area_scoreEf,0,0,0,0,0,2,0,0,0,0,2
function@_ZN9FastBoard10area_scoreEf,3,0,0,3,0,12,2.48437,0,2.48437,0,2563
function@_ZN9FastBoard17estimate_mc_scoreEf,0,0,0,0,0,0,0,0,0,0,0
function@_ZN9FastBoard14final_mc_scoreEf,0,0,0,0,0,4,0,0,0,0,20.6275
function@_ZN9FastBoard11remove_deadEv,2,0,0,1,0,14,0.000999188,0,0.999688,0,808.006
function@_ZN9FastBoard9influenceEv,0,0,0,0,0,8,0,0,0,0,5
function@_ZN9FastBoard9run_bouzyEii,2,1,0,3,0,21,1.3125,9.99998,11.625,0,115.933
function@_ZN9FastBoard4moyoEv,0,0,0,0,0,8,0,0,0,0,5
function@_ZN9FastBoard4areaEv,0,0,0,0,0,8,0,0,0,0,5
function@_ZNSt6vectorIiSaIiEEaSERKS1_,0,0,0,0,0,18,0,0,0,0,6.94343
function@_ZN9FastBoard11display_mapESt6vectorIiSaIiEE,0,0,0,0,0,3,0,0,0,0,2.66667
function@_ZN9FastBoard4evalEf,0,1,0,1,0,3,0,1,1,0,2.625
function@_ZN9FastBoard13display_boardEi,10,3,0,10,1,19,237.025,140.725,27.5,6.375,466.075
function@_ZN9FastBoard9starpointEiii,0,0,0,0,0,4,0,0,0,0,2.19355
function@_ZN9FastBoard17display_libertiesEi,17,6,0,19,2,23,611.618,422.382,56.4706,25.0588,484.382
function@_ZN9FastBoard13merge_stringsEii,0,0,0,0,0,1,0,0,0,0,1
function@_ZN9FastBoard16update_board_eyeEii,0,0,0,0,0,7,0,0,0,0,124
function@_ZN9FastBoard17update_board_fastEii,15,0,0,12,0,49,0.505865,0,0.744868,0,33.5088
function@_ZN9FastBoard6is_eyeEii,0,0,0,0,0,2,0,0,0,0,1.25
function@_ZN9FastBoard17predict_solid_eyeEiii,1,0,0,1,0,1,0.00781238,0,0.0156249,0,1
function@_ZN9FastBoard11no_eye_fillEi,0,0,0,0,0,2,0,0,0,0,1.25
function@_ZN9FastBoard12move_to_textB5cxx11Ei,0,0,0,0,0,12,0,0,0,0,7.5
function@_ZN9FastBoard16move_to_text_sgfB5cxx11Ei,0,0,0,0,0,11,0,0,0,0,7
function@_ZN9FastBoard9starpointEii,0,0,0,0,0,4,0,0,0,0,2.19355
function@_ZN9FastBoard13get_prisonersEi,0,0,0,0,0,0,0,0,0,0,0
function@_ZN9FastBoard13black_to_moveEv,0,0,0,0,0,0,0,0,0,0,0
function@_ZN9FastBoard11get_to_moveEv,0,0,0,0,0,0,0,0,0,0,0
function@_ZN9FastBoard11get_groupidEi,0,0,0,0,0,0,0,0,0,0,0
function@_ZN9FastBoard17get_string_stonesEi,5,0,0,3,0,22,36.9993,0,3,0,126.123
function@_ZN9FastBoard10get_stringB5cxx11Ei,5,2,0,3,0,21,32.9952,31.9953,3,0,354.947
function@_ZN9FastBoard13fast_in_atariEi,0,0,0,0,0,0,0,0,0,0,0
function@_ZN9FastBoard8in_atariEi,0,0,0,0,0,5,0,0,0,0,0.83871
function@_ZN9FastBoard15kill_neighboursEiRN5boost5arrayIiLm24EEERi,4,0,0,1,0,11,19.5,0,1,0,25.9077
function@_ZN9FastBoard11saving_sizeEii,0,0,0,0,0,22,0,0,0,0,6.66171
function@_ZN9FastBoard10self_atariEii,0,0,0,0,0,9,0,0,0,0,2.01574
function@_ZN9FastBoard11string_sizeEi,0,0,0,0,0,0,0,0,0,0,0
function@_ZN9FastBoard24save_critical_neighboursEiiRN5boost5arrayIiLm24EEERi,10,0,0,5,0,17,35.3124,0,5.99999,0,75.3124
function@_ZN9FastBoard7get_dirEi,0,0,0,0,0,0,0,0,0,0,0
function@_ZN9FastBoard13get_extra_dirEi,0,0,0,0,0,0,0,0,0,0,0
function@_ZN9FastBoard15kill_or_connectEii,0,0,0,0,0,0,0,0,0,0,0
function@_ZN9FastBoard20add_string_libertiesILi3EEEviRN5boost5arrayIiXT_EEERi,0,0,0,0,0,1,0,0,0,0,1
function@_ZN9FastBoard16get_pattern_fastEi,0,0,0,0,0,0,0,0,0,0,0
function@_ZN9FastBoard24get_pattern_fast_augmentEi,0,0,0,0,0,0,0,0,0,0,0
function@_ZN9FastBoard12get_pattern3Eib,9,16,0,19,0,32,9,16,18,0,32
function@_ZN9FastBoard20get_pattern3_augmentEib,42,3,0,11,0,58,5.94086,3,8.74193,0,12.1237
function@_ZN9FastBoard25get_pattern3_augment_specEiib,20,24,0,36,0,47,19.5,24,34.5,0,47
function@_ZN9FastBoard12get_pattern4Eib,2,1,0,2,0,9,1,1,2,0,8.5
function@_ZN9FastBoard12get_pattern5Eibb,86,45,0,83,0,54,81,45,71,0,51.5
function@_ZN9FastBoard17add_pattern_movesEiiRN5boost5arrayIiLm24EEERi,0,0,0,0,0,28,0,0,0,0,16
function@_ZN9FastBoard19add_global_capturesEiRN5boost5arrayIiLm24EEERi,0,0,0,0,0,1,0,0,0,0,1
function@_ZN9FastBoard11try_captureEiiRN5boost5arrayIiLm24EEERi,0,0,0,0,0,1,0,0,0,0,0.305785
function@_ZN9FastBoard12capture_sizeEii,0,0,0,0,0,1,0,0,0,0,0.616667
function@_ZN9FastBoard14get_stone_listB5cxx11Ev,6,1,0,3,0,16,401.378,0.000953155,14.4816,0,1797.21
function@_ZN9FastBoard6get_xyEi,0,0,0,0,0,1,0,0,0,0,1
function@_ZN9FastBoard18minimum_elib_countEii,0,0,0,0,0,1,0,0,0,0,0.5
function@_ZN9FastBoard15nbr_criticalityEii,0,0,0,0,0,0,0,0,0,0,0
function@_ZN9FastBoard16count_rlibertiesEi,0,0,0,0,0,0,0,0,0,0,0
function@_ZN9FastBoard19check_losing_ladderEiii,4,1,0,2,0,44,0.0594745,0.499844,1.49984,0,13.3387
function@_ZN9FastBoard20add_string_libertiesILi2EEEviRN5boost5arrayIiXT_EEERi,0,0,0,0,0,1,0,0,0,0,1
function@_ZN9FastBoard18merged_string_sizeEii,0,0,0,0,0,1,0,0,0,0,0.999999
function@_ZN9FastBoard17get_neighbour_idsEi,10,0,0,9,0,63,1.72643,0,1.72644,0,16.0366
function@_ZN9FastBoard16predict_is_aliveEii,11,2,0,7,0,33,106.857,47.1905,7,0,193.238
function@_ZN9FastBoard9get_emptyEv,0,0,0,0,0,0,0,0,0,0,0
function@_ZN9FastBoard13augment_chainERSt6vectorIiSaIiEEi,27,6,0,10,0,47,466.067,194.565,3.6897,0,964.289
function@_ZN9FastBoard20get_augmented_stringEi,4,0,0,1,0,13,20.9988,0,1,0,75.3551
function@_ZN9FastBoard16dilate_libertiesERSt6vectorIiSaIiEE,28,0,0,14,0,37,95.6213,0,43.4984,0,81.872
function@_ZN9FastBoard18get_nearby_enemiesERSt6vectorIiSaIiEE,23,2,0,14,0,53,464.24,72.4842,268.729,0,1361.67
function@_ZN9FastBoard12predict_killEii,0,0,0,0,0,0,0,0,0,0,0
function@_ZNSt11__copy_moveILb0ELb0ESt26random_access_iterator_tagE8__copy_mIPiSt20back_insert_iteratorISt6vectorIiSaIiEEEEET0_T_SA_S9_,2,0,0,2,0,15,14.9998,0,8.12491,0,71.4367
function@_ZSt16__introsort_loopIN9__gnu_cxx17__normal_iteratorIPiSt6vectorIiSaIiEEEElNS0_5__ops15_Iter_less_iterEEvT_S9_T0_T1_,1,0,0,1,0,17,7.87302,0,0.5,0,354.73
function@_ZSt22__final_insertion_sortIN9__gnu_cxx17__normal_iteratorIPiSt6vectorIiSaIiEEEENS0_5__ops15_Iter_less_iterEEvT_S9_T0_,1,0,0,1,0,23,7.996,0,0.5,0,96.7469
function@_ZSt11__make_heapIN9__gnu_cxx17__normal_iteratorIPiSt6vectorIiSaIiEEEENS0_5__ops15_Iter_less_iterEEvT_S9_RT0_,0,0,0,0,0,16,0,0,0,0,388.438
function@_ZN9GameState9init_gameEif,0,0,0,0,0,10,0,0,0,0,7.625
function@_ZN9GameState10reset_gameEv,0,0,0,0,0,9,0,0,0,0,6.625
function@_ZN9GameState12forward_moveEv,0,0,0,0,0,3,0,0,0,0,2
function@_ZN9GameState9undo_moveEv,0,0,0,0,0,3,0,0,0,0,2.33333
function@_ZN9GameState6rewindEv,0,0,0,0,0,5,0,0,0,0,5
function@_ZN9GameState9play_moveEi,0,0,0,0,0,1,0,0,0,0,1
function@_ZN9GameState9play_moveEii,0,0,0,0,0,16,0,0,0,0,8.81177
function@_ZN9GameState9play_passEv,0,0,0,0,0,4,0,0,0,0,4
function@_ZN9GameState13play_textmoveENSt7__cxx1112basic_stringIcSt11char_traitsIcESaIcEEES5_,2,0,0,0,5,24,0.101318,0,0,0.900879,7.80387
function@_ZN9GameState10stop_clockEi,0,0,0,0,0,0,0,0,0,0,0
function@_ZN9GameState11start_clockEi,0,0,0,0,0,0,0,0,0,0,0
function@_ZN9GameState13display_stateEv,0,0,0,0,0,3,0,0,0,0,3
function@_ZN9GameState15get_timecontrolEv,0,0,0,0,0,0,0,0,0,0,0
function@_ZN9GameState15set_timecontrolEiii,0,0,0,0,0,9,0,0,0,0,9
function@_ZN9GameState15set_timecontrolE11TimeControl,0,0,0,0,0,0,0,0,0,0,0
function@_ZN9GameState11adjust_timeEiii,0,0,0,0,0,0,0,0,0,0,0
function@_ZN9GameState19anchor_game_historyEv,0,0,0,0,0,6,0,0,0,0,3.61905
function@_ZN9GameState18set_fixed_handicapEi,0,0,0,0,0,57,0,0,0,0,9.66211
function@_ZN9GameState14valid_handicapEi,0,0,0,0,0,2,0,0,0,0,2
function@_ZN9GameState19place_free_handicapEi,0,0,0,0,0,24,0,0,0,0,171.986
function@_ZNSt8auto_ptrI9UCTSearchED2Ev,0,0,0,0,0,1,0,0,0,0,0.619048
function@_ZN9FastStateaSERKS_,0,0,0,0,0,5,0,0,0,0,5
function@_ZNSt6vectorIySaIyEEaSERKS1_,0,0,0,0,0,18,0,0,0,0,6.94343
function@_ZNSt6vectorIiSaIiEEaSERKS1_,0,0,0,0,0,18,0,0,0,0,6.94343
function@__clang_call_terminate,0,0,0,0,0,0,0,0,0,0,0
function@_ZNSt6vectorI7KoStateSaIS0_EE17_M_realloc_insertIJRKS0_EEEvN9__gnu_cxx17__normal_iteratorIPS0_S2_EEDpOT_,4,0,0,2,0,19,3.24999,0,2,0,88.8748
function@_ZN7KoStateC2ERKS_,0,0,0,0,0,19,0,0,0,0,14.867
function@_ZNSt6vectorI7KoStateSaIS0_EE17_M_default_appendEm,0,2,0,2,0,11,0,0.624999,0.624999,0,4.57812
function@_ZN9FastState9init_gameEif,1,0,0,1,0,2,1,0,1,0,2
function@_ZN9FastState8set_komiEf,0,0,0,0,0,0,0,0,0,0,0
function@_ZN9FastState10reset_gameEv,0,0,0,0,0,4,0,0,0,0,4
function@_ZN9FastState11reset_boardEv,0,0,0,0,0,4,0,0,0,0,4
function@_ZN9FastState16play_random_moveEv,0,0,0,0,0,0,0,0,0,0,0
function@_ZN9FastState16play_random_moveEi,15,3,0,10,2,103,5.21044,1.19156,4.55118,0.097656,41.6066
function@_ZN9FastState14generate_movesEi,11,1,0,6,0,34,22.2495,4.99989,8.24987,0,79.6937
function@_ZN9FastState8try_moveEiib,0,0,0,0,0,13,0,0,0,0,6.88235
function@_ZN9FastState15walk_empty_listEiib,0,0,0,0,0,48,0,0,0,0,63.4963
function@_ZN9FastState14play_move_fastEi,0,0,0,0,0,5,0,0,0,0,4.2381
function@_ZN9FastState16increment_passesEv,0,0,0,0,0,0,0,0,0,0,0
function@_ZN9FastState10set_passesEi,0,0,0,0,0,0,0,0,0,0,0
function@_ZN9FastState9play_passEv,0,0,0,0,0,0,0,0,0,0,0
function@_ZN9FastState10get_passesEv,0,0,0,0,0,0,0,0,0,0,0
function@_ZN9FastState9play_moveEi,0,0,0,0,0,1,0,0,0,0,1
function@_ZN9FastState9play_moveEii,0,0,0,0,0,6,0,0,0,0,4.45161
function@_ZN9FastState11get_movenumEv,0,0,0,0,0,0,0,0,0,0,0
function@_ZN9FastState17estimate_mc_scoreEv,0,0,0,0,0,0,0,0,0,0,0
function@_ZN9FastState18calculate_mc_scoreEv,0,0,0,0,0,0,0,0,0,0,0
function@_ZN9FastState21percentual_area_scoreEv,0,0,0,0,0,0,0,0,0,0,0
function@_ZN9FastState13get_last_moveEv,0,0,0,0,0,0,0,0,0,0,0
function@_ZN9FastState17get_prevlast_moveEv,0,0,0,0,0,0,0,0,0,0,0
function@_ZN9FastState11get_to_moveEv,0,0,0,0,0,0,0,0,0,0,0
function@_ZN9FastState11set_to_moveEi,0,0,0,0,0,0,0,0,0,0,0
function@_ZN9FastState13display_stateEv,0,0,0,0,0,8,0,0,0,0,8
function@_ZN9FastState12move_to_textB5cxx11Ei,0,0,0,0,0,3,0,0,0,0,3
function@_ZN9FastState9mark_deadEv,11,0,0,6,0,47,14974.7,0,33.4498,0,278626
function@_ZN9FastState15final_score_mapEv,0,0,0,0,0,45,0,0,0,0,15097.9
function@_ZN9FastState11final_scoreEv,1,0,0,1,0,25,0.997226,0,0.997228,0,8334.7
function@_ZN9FastState8get_komiEv,0,0,0,0,0,0,0,0,0,0,0
function@_ZN9FastState12get_handicapEv,0,0,0,0,0,0,0,0,0,0,0
function@_ZN9FastState12set_handicapEi,0,0,0,0,0,0,0,0,0,0,0
function@_ZN9FastState10get_komoveEv,0,0,0,0,0,0,0,0,0,0,0
function@_ZNSt6vectorIiSaIiEE17_M_default_appendEm,2,0,0,2,0,12,0.507812,0,0.625,0,4.65625
function@_ZN9FullBoard13remove_stringEi,0,0,0,0,0,7,0,0,0,0,99.625
function@_ZN9FullBoard12calc_ko_hashEv,0,0,0,0,0,1,0,0,0,0,0.294118
function@_ZN9FullBoard9calc_hashEv,0,0,0,0,0,1,0,0,0,0,0.294118
function@_ZN9FullBoard8get_hashEv,0,0,0,0,0,0,0,0,0,0,0
function@_ZN9FullBoard11get_ko_hashEv,0,0,0,0,0,0,0,0,0,0,0
function@_ZN9FullBoard12update_boardEii,4,3,0,7,0,23,8.42857,18.2381,12.0476,0,815.476
function@_ZN9FullBoard13display_boardEi,0,0,0,0,0,2,0,0,0,0,2
function@_ZN9FullBoard11reset_boardEi,0,0,0,0,0,7,0,0,0,0,4.2549
function@_ZN9FullBoard15predict_ko_hashEii,4,0,0,4,0,46,1.11765,0,1.11765,0,38.2426
function@_ZN6TTable6get_TTEv,0,0,0,0,0,7,0,0,0,0,1.9375
function@_ZN6TTableC2Ei,0,0,0,0,0,7,0,0,0,0,4.5
function@_ZN6TTable6updateEyPK7UCTNode,0,0,0,0,0,9,0,0,0,0,6
function@_ZN6TTable4syncEyP7UCTNode,0,0,0,0,0,10,0,0,0,0,5
function@_ZN7TTEntryC2Ev,0,0,0,0,0,0,0,0,0,0,0
function@_ZNSt6vectorI7TTEntrySaIS0_EE17_M_default_appendEm,1,0,0,1,0,13,0.3125,0,0.3125,0,4.96875
function@_ZN7Zobrist12init_zobristER6Random,0,0,0,0,0,34,0,0,0,0,589.75
function@_ZN7SGFTreeC2Ev,0,0,0,0,0,0,0,0,0,0,0
function@_ZN7SGFTree9get_stateEv,0,0,0,0,0,1,0,0,0,0,1
function@_ZN7SGFTree9get_childEj,0,0,0,0,0,0,0,0,0,0,0
function@_ZN7SGFTree12get_mainlineEj,0,0,0,0,0,23,0,0,0,0,133.996
function@_ZN7SGFTree8get_moveEi,1,1,0,2,0,23,0.24414,0.624999,1.25,0,49.8743
function@_ZN9GameStateD2Ev,0,0,0,0,0,2,0,0,0,0,1.61905
function@_ZN7SGFTree23get_state_from_mainlineEj,0,0,0,0,0,2,0,0,0,0,16.9677
function@_ZN7SGFTree20count_mainline_movesEv,0,0,0,0,0,1,0,0,0,0,32
function@_ZN7SGFTree16load_from_stringENSt7__cxx1112basic_stringIcSt11char_traitsIcESaIcEEE,0,0,0,0,0,6,0,0,0,0,4
function@_ZN7SGFTree15populate_statesEv,5,9,0,3,0,96,3.2654,24.3749,2.99992,0,759.009
function@_ZN7SGFTree14load_from_fileENSt7__cxx1112basic_stringIcSt11char_traitsIcESaIcEEEi,0,0,0,0,0,17,0,0,0,0,8.66667
function@_ZN7SGFTree16string_to_vertexENSt7__cxx1112basic_stringIcSt11char_traitsIcESaIcEEE,0,0,0,0,0,6,0,0,0,0,3.75781
function@_ZN7SGFTree10apply_moveEii,0,0,0,0,0,9,0,0,0,0,7.25
function@_ZN7SGFTree9set_stateER7KoState,0,0,0,0,0,6,0,0,0,0,6
function@_ZN7SGFTree10apply_moveEi,0,0,0,0,0,10,0,0,0,0,8.25
function@_ZN7SGFTree12add_propertyENSt7__cxx1112basic_stringIcSt11char_traitsIcESaIcEEES5_,0,0,0,0,0,6,0,0,0,0,4
function@_ZNSt4pairINSt7__cxx1112basic_stringIcSt11char_traitsIcESaIcEEES5_ED2Ev,0,0,0,0,0,1,0,0,0,0,1
function@_ZN7SGFTree9add_childES_,0,0,0,0,0,9,0,0,0,0,5.75
function@__clang_call_terminate,0,0,0,0,0,0,0,0,0,0,0
function@_ZNSt6vectorI7KoStateSaIS0_EED2Ev,0,0,0,0,0,2,0,0,0,0,1.61905
function@_ZN7KoStateD2Ev,0,0,0,0,0,1,0,0,0,0,1
function@_ZN9FastStateaSERKS_,0,0,0,0,0,5,0,0,0,0,5
function@_ZNSt6vectorIySaIyEEaSERKS1_,0,0,0,0,0,18,0,0,0,0,6.94343
function@_ZNSt6vectorIiSaIiEEaSERKS1_,0,0,0,0,0,18,0,0,0,0,6.94343
function@_ZNSt4pairINSt7__cxx1112basic_stringIcSt11char_traitsIcESaIcEEES5_EC2IRS5_S8_Lb1EEEOT_OT0_,2,0,0,1,0,13,0.666666,0,1,0,6.33333
function@_ZNSt8_Rb_treeINSt7__cxx1112basic_stringIcSt11char_traitsIcESaIcEEESt4pairIKS5_S5_ESt10_Select1stIS8_ESt4lessIS5_ESaIS8_EE11equal_rangeERS7_,7,0,0,2,0,19,24.8911,0,14.1386,0,99.0198
function@_ZNSt8_Rb_treeINSt7__cxx1112basic_stringIcSt11char_traitsIcESaIcEEESt4pairIKS5_S5_ESt10_Select1stIS8_ESt4lessIS5_ESaIS8_EE16_M_emplace_equalIJS6_IS5_S5_EEEESt17_Rb_tree_iteratorIS8_EDpOT_,4,0,0,3,0,23,3.63636,0,2.63636,0,89.2727
function@_ZSt19__relocate_object_aI7SGFTreeS0_SaIS0_EEvPT_PT0_RT1_,0,0,0,0,0,9,0,0,0,0,25.625
function@_ZNSt6vectorI7SGFTreeSaIS0_EED2Ev,0,0,0,0,0,3,0,0,0,0,21.9048
function@_ZNSt8_Rb_treeINSt7__cxx1112basic_stringIcSt11char_traitsIcESaIcEEESt4pairIKS5_S5_ESt10_Select1stIS8_ESt4lessIS5_ESaIS8_EE8_M_eraseEPSt13_Rb_tree_nodeIS8_E,0,0,0,0,0,5,0,0,0,0,65.75
function@_ZSt8_DestroyI7SGFTreeEvPT_,0,0,0,0,0,4,0,0,0,0,21.625
function@_ZNSt6vectorI7SGFTreeSaIS0_EE17_M_realloc_insertIJRKS0_EEEvN9__gnu_cxx17__normal_iteratorIPS0_S2_EEDpOT_,4,1,0,2,0,20,3.24999,0.999998,2,0,127.875
function@_ZN7SGFTreeC2ERKS_,0,0,0,0,0,16,0,0,0,0,46.8626
function@_ZN7KoStateC2ERKS_,0,0,0,0,0,19,0,0,0,0,14.867
function@_ZSt16__do_uninit_copyIN9__gnu_cxx17__normal_iteratorIPK7SGFTreeSt6vectorIS2_SaIS2_EEEEPS2_ET0_T_SB_SA_,0,1,0,1,0,25,0,19.8001,1,0,4168.19
function@_ZNSt8_Rb_treeINSt7__cxx1112basic_stringIcSt11char_traitsIcESaIcEEESt4pairIKS5_S5_ESt10_Select1stIS8_ESt4lessIS5_ESaIS8_EE7_M_copyILb0ENSE_11_Alloc_nodeEEEPSt13_Rb_tree_nodeIS8_ESJ_PSt18_Rb_tree_node_baseRT0_,0,0,0,0,0,33,0,0,0,0,106.992
function@_ZNSt4pairIKNSt7__cxx1112basic_stringIcSt11char_traitsIcESaIcEEES5_EC2ERKS7_,2,0,0,1,0,13,0.666666,0,1,0,6.33333
