Comando: /home/mpvreal/Code/Faculdade/tcc/llvm/build/bin/llc --march=aarch64 --regalloc=greedy -o -
Heurística: div(cost,mul(area,degree))
function@writeout_,121,0,0,64,0,586,44502.3,0,1261.9,0,31859.3
function@_QMplane_source_modPplane_source_init,52,0,0,12,0,112,4887.69,0,12,0,2144.98
function@_QMplane_source_modPplane_source_read,9,0,0,5,0,180,73.7578,0,4.73438,0,1714.46
function@_QMplane_source_modPplane_source_apply,0,0,0,0,0,10,0,0,0,0,28.9375
function@_QMplane_source_modPplane_source_end,0,0,0,0,0,0,0,0,0,0,0
function@_QMcommunicate_modPcom_init_mpi,0,0,0,0,0,0,0,0,0,0,0
function@_QMcommunicate_modPcommunicate_end,0,0,0,0,0,16,0,0,0,0,8.89412
function@init_,0,0,0,0,0,373,0,0,0,0,72.2769
function@_QMmur_modPmur_init,5,0,0,3,0,198,2.625,0,3,0,158.719
function@_QMmur_modPmur_updatee,279,0,0,64,0,183,137.033,0,30.0066,0,180.218
function@_QMmur_modPmur_storee,26,0,0,9,0,71,5.96296,0,9,0,180.111
function@_QMmur_modPmur_end,0,0,0,0,0,72,0,0,0,0,10.3125
function@_QMmur_modPmur_set_mf_arrays,10,0,0,7,0,7,130.75,0,30.1,0,88.1
function@_QMupdate_modPupdate_init,0,0,0,0,0,0,0,0,0,0,0
function@_QMupdate_modPupdateh,99,0,0,39,0,3,99,0,39,0,3
function@_QMupdate_modPupdateh..omp_par.4,363,0,0,146,0,17,7583.42,0,1837.5,0,748.25
function@_QMupdate_modPupdateh..omp_par.3,51,0,0,46,0,12,1801.58,0,101.417,0,1382.25
function@_QMupdate_modPupdateh..omp_par.2,13,0,0,13,0,9,28.8333,0,12.6667,0,38.1667
function@_QMupdate_modPupdateh..omp_par.1,22,0,0,20,0,11,144.667,0,17.3333,0,39.5
function@_QMupdate_modPupdateh..omp_par,58,0,0,53,0,11,1492.17,0,107.417,0,898.917
function@_QMupdate_modPupdatee,69,0,0,28,0,0,48.5,0,28,0,0
function@_QMupdate_modPupdatee..omp_par.7,711,0,0,177,0,427,59985.8,0,7515.75,0,64001.9
function@_QMupdate_modPupdatee..omp_par.6,48,0,0,28,0,22,174.043,0,24.1534,0,43.9755
function@_QMupdate_modPupdatee..omp_par.5,54,0,0,31,0,18,224.92,0,32.5583,0,38.2638
function@_QMupdate_modPupdatee..omp_par,11,0,0,11,0,5,78.5833,0,10.6667,0,24.9167
function@_QMupdate_modPupdate_inith,48,0,0,33,0,29,57.64,0,33,0,2069.24
function@_QMupdate_modPupdate_inith..omp_par.11,36,0,0,30,0,13,343.917,0,44.5833,0,528.833
function@_QMupdate_modPupdate_inith..omp_par.10,5,0,0,5,0,10,3.33333,0,5,0,49.0833
function@_QMupdate_modPupdate_inith..omp_par.9,0,0,0,0,0,9,0,0,0,0,38.5
function@_QMupdate_modPupdate_inith..omp_par.8,0,0,0,0,0,9,0,0,0,0,38.5
function@_QMupdate_modPupdate_inith..omp_par,5,0,0,5,0,8,3.33333,0,5,0,27.9167
function@_QMupdate_modPupdate_inite,145,0,0,32,0,68,60.8884,0,28.8802,0,1325.94
function@_QMupdate_modPupdate_inite..omp_par.14,21,0,0,20,0,14,763.5,0,75.6667,0,384.333
function@_QMupdate_modPupdate_inite..omp_par.13,0,0,0,0,0,11,0,0,0,0,41
function@_QMupdate_modPupdate_inite..omp_par.12,0,0,0,0,0,11,0,0,0,0,41
function@_QMupdate_modPupdate_inite..omp_par,0,0,0,0,0,11,0,0,0,0,41
function@_QMupml_modPupml_allocate,2,0,0,1,0,368,2,0,1,0,315.059
function@_QMupml_modPcheck_allocate,0,0,0,0,0,22,0,0,0,0,1.02445e-08
function@_QMupml_modPupml_set_eps_arrays,22,0,0,16,0,130,978.062,0,128.969,0,448.5
function@_QMupml_modPupml_init,3126,0,0,468,0,1772,978.411,0,196.979,0,1167.65
function@_QMupml_modPupml_initb,0,0,0,0,0,5,0,0,0,0,5
function@_QMupml_modPupml_initb..omp_par,84,0,0,64,0,61,120771,0,60324.6,0,30507.4
function@_QMupml_modPupml_inith,11,0,0,11,0,0,11,0,11,0,0
function@_QMupml_modPupml_inith..omp_par,223,0,0,81,0,96,8228.08,0,130,0,2489.42
function@_QMupml_modPupml_updateh,28,0,0,28,0,0,28,0,28,0,0
function@_QMupml_modPupml_updateh..omp_par,923,0,0,439,0,97,4.32099e+06,0,252133,0,193868
function@_QMupml_modPupml_updatee,0,0,0,0,0,0,0,0,0,0,0
function@_QMupml_modPupml_updatee_homo,28,0,0,28,0,0,28,0,28,0,0
function@_QMupml_modPupml_updatee_homo..omp_par,1765,0,0,927,0,220,3.93358e+06,0,287314,0,508559
function@_QMupml_modPupml_updatee_simple,28,0,0,28,0,0,28,0,28,0,0
function@_QMupml_modPupml_updatee_simple..omp_par,1784,0,0,962,0,257,3.7708e+06,0,294833,0,729122
function@_QMupml_modPupml_initd,0,0,0,0,0,5,0,0,0,0,5
function@_QMupml_modPupml_initd..omp_par,108,0,0,75,0,131,109938,0,53718,0,40927.7
function@_QMupml_modPupml_inite,10,0,0,10,0,0,10,0,10,0,0
function@_QMupml_modPupml_inite..omp_par,314,0,0,74,0,162,11846.8,0,77.25,0,2836.58
function@_QMupml_modPupml_end,0,0,0,0,0,450,0,0,0,0,241.667
function@_QMupml_modPcheck_deallocate,0,0,0,0,0,9,0,0,0,0,6.33333
function@_QMreadline_modPreadline,12,0,0,8,0,70,15.5217,0,7,0,192.489
function@_QMreadline_modPcheckifkeyword,0,0,0,0,0,8,0,0,0,0,33.7308
function@mpi_barrier_,0,0,0,0,0,6,0,0,0,0,6
function@mpi_bcast_,0,0,0,0,0,13,0,0,0,0,13
function@mpi_bcast_integers_,0,0,0,0,0,13,0,0,0,0,13
function@mpi_bcast_reals_,0,0,0,0,0,13,0,0,0,0,13
function@mpi_bcast_logical_,0,0,0,0,0,13,0,0,0,0,13
function@mpi_cart_rank_,0,0,0,0,0,9,0,0,0,0,9
function@mpi_cart_create_,0,0,0,0,0,15,0,0,0,0,15
function@mpi_cart_coords_,0,0,0,0,0,11,0,0,0,0,11
function@mpi_cart_shift_,0,0,0,0,0,14,0,0,0,0,14
function@mpi_comm_rank_,0,0,0,0,0,7,0,0,0,0,7
function@mpi_comm_size_,0,0,0,0,0,7,0,0,0,0,7
function@mpi_finalize_,0,0,0,0,0,0,0,0,0,0,0
function@mpi_init_,0,0,0,0,0,0,0,0,0,0,0
function@mpi_recv_,0,0,0,0,0,14,0,0,0,0,14
function@mpi_ssend_,0,0,0,0,0,15,0,0,0,0,15
function@mpi_bsend_,0,0,0,0,0,15,0,0,0,0,15
function@mpi_sendrecv_,4,0,0,4,0,26,4,0,4,0,26
function@mpi_wait_,0,0,0,0,0,7,0,0,0,0,7
function@mpi_isend_,0,0,0,0,0,16,0,0,0,0,16
function@mpi_wtick_,0,0,0,0,0,0,0,0,0,0,0
function@mpi_wtime_,0,0,0,0,0,0,0,0,0,0,0
function@mpi_buffer_attach_,0,0,0,0,0,7,0,0,0,0,7
function@mpi_buffer_detach_,0,0,0,0,0,7,0,0,0,0,7
function@mpi_pack_size_,0,0,0,0,0,10,0,0,0,0,10
function@mpi_gather_,0,0,0,0,0,16,0,0,0,0,16
function@mpi_type_struct_,0,0,0,0,0,16,0,0,0,0,16
function@mpi_type_commit_,0,0,0,0,0,5,0,0,0,0,5
function@mpi_type_extent_,0,0,0,0,0,6,0,0,0,0,6
function@mpi_type_free_,0,0,0,0,0,5,0,0,0,0,5
function@mpi_type_vector_,0,0,0,0,0,14,0,0,0,0,14
function@mpi_type_hvector_,0,0,0,0,0,14,0,0,0,0,14
function@mpi_irecv_,0,0,0,0,0,14,0,0,0,0,14
function@mpi_waitall_,0,0,0,0,0,9,0,0,0,0,9
function@mpi_sendrecv_replace_,4,0,0,4,0,26,4,0,4,0,26
function@mpi_bsend_init_,0,0,0,0,0,15,0,0,0,0,15
function@mpi_recv_init_,0,0,0,0,0,15,0,0,0,0,15
function@mpi_dims_create_,0,0,0,0,0,9,0,0,0,0,9
function@mpi_start_,0,0,0,0,0,6,0,0,0,0,6
function@mpi_allreduce_,0,0,0,0,0,0,0,0,0,0,0
function@mpi_reduce_,0,0,0,0,0,0,0,0,0,0,0
function@_QMhuygens_modPhuygens_init,0,0,0,0,0,0,0,0,0,0,0
function@_QMhuygens_modPhuygensh,353,0,0,133,0,494,126.679,0,80.75,0,1090.07
function@_QMhuygens_modPhuygense,470,0,0,138,0,650,159.554,0,84,0,1451.38
function@_QMhuygens_modPuin,141,0,0,55,0,169,300.724,0,25.5694,0,335.581
function@_QMmaterial_modPmat_init,253,0,0,127,0,533,687502,0,41739.8,0,2.95344e+06
function@_QMmaterial_modPmat_updatee,69,0,0,28,0,0,48.5,0,28,0,0
function@_QMmaterial_modPmat_updatee..omp_par.3,102,0,0,88,0,11,375467,0,55206.4,0,34417.8
function@_QMmaterial_modPmat_updatee..omp_par.2,28,0,0,26,0,5,2849,0,105.833,0,5
function@_QMmaterial_modPmat_updatee..omp_par.1,26,0,0,26,0,7,2372.58,0,93.25,0,858.167
function@_QMmaterial_modPmat_updatee..omp_par,28,0,0,28,0,10,4130.17,0,533.083,0,1299
function@calcflops_,0,0,0,0,0,0,0,0,0,0,0
function@_QMpower_modPpower_init,6,0,0,3,0,165,3,0,3,0,132.25
function@_QMpower_modPpower_init..omp_par,1,0,0,1,0,7,1,0,1,0,26.9167
function@_QMpower_modPpower_stop,0,0,0,0,0,10,0,0,0,0,455.833
function@_QMpower_modPpower_dft,7,0,0,7,0,9,44.2037,0,7,0,30.7963
function@_QMpower_modPpower_dft..omp_par.1,28,0,0,25,0,10,2196.08,0,109.25,0,54.0833
function@_QMpower_modPpower_dft..omp_par,9,0,0,6,0,9,171,0,25.25,0,90
function@_QMpower_modPpower_print,1,0,0,1,0,63,0.375,0,0.375,0,35.2617
function@_QMpower_modPpower_intere,0,0,0,0,0,23,0,0,0,0,3.57007e-09
function@_QMpower_modPpower_interh,0,0,0,0,0,23,0,0,0,0,3.57007e-09
function@_QMpower_modPread_power,117,0,0,14,0,243,14029.3,0,17.6932,0,6773.31
function@_QMpower_modPpower_updateh,24,0,0,18,0,20,4.9,0,16.4,0,43.7
function@timer_,0,0,0,0,0,11,0,0,0,0,7.57143
function@leapfrog_,119,0,0,37,0,153,921.583,0,46.3906,0,2336.28
function@_QMpec_modPpec_read,2,0,0,2,0,123,0.738281,0,0.738281,0,287.152
function@_QMpec_modPpec_init,125,0,0,96,0,379,13575.2,0,6054.12,0,99785.6
function@_QMpec_modPpec_apply,0,0,0,0,0,0,0,0,0,0,0
function@_QMpec_modPpec_end,0,0,0,0,0,9,0,0,0,0,3.6
function@_QQmain,21,0,0,21,0,208,13.125,0,13.125,0,168.984
