Comando: /home/mpvreal/Code/Faculdade/tcc/llvm/build/bin/llc --march=aarch64 --regalloc=basic -o -
Heurística: div(cost,pow(degree,2))
function@_QMlogicPnew_solver,989,0,0,101,0,414,1.96598e+06,0,113842,0,142169
function@_QMlogicFnew_solverPupdate,49,0,0,12,0,34,29.4615,0,12,0,88
function@_QMlogicFnew_solverPx_wing,627,0,0,136,0,107,15556,0,1344.56,0,2622.09
function@_QMlogicFnew_solverPspecific,877,0,0,263,0,166,4.59174e+06,0,186278,0,330219
function@_QMlogicFnew_solverPnaked_pairs,693,0,0,112,0,124,138863,0,10239.8,0,19550.9
function@_QMlogicFnew_solverPhidden_pairs,801,0,0,112,0,117,1.86295e+06,0,56741.1,0,233222
function@_QMlogicFnew_solverPnaked_triplets,1202,0,0,166,0,175,3.65423e+06,0,139722,0,345837
function@_QMlogicFnew_solverPhidden_triplets,1408,0,0,222,0,245,1.62875e+06,0,131202,0,229228
function@_QMbrute_forcePbrute,284,0,0,21,0,106,190.036,0,22.7173,0,592.378
function@_QMbrute_forcePrearrange,110,0,0,54,0,85,418.383,0,138.532,0,812.489
function@_QMbrute_forcePdigits_2,493,7,0,111,0,166,1471.34,5.73297,209.654,0,241.635
function@_QMbrute_forcePcovered,79,1,0,40,0,41,988.087,14.7176,160.323,0,1100.17
function@_QMbrute_forcePreflected,17,0,0,15,0,8,372.823,0,12.2691,0,11.6295
function@_QQmain,352,0,0,255,0,133,5.59817e+13,0,1.43608e+13,0,3.82078e+13
function@_QFPeliminate,7,0,0,5,0,14,75.7083,0,14.4792,0,644.542
function@_QFPknt_val,57,0,0,53,0,3,1786,0,1164.5,0,64.75
function@_QFPone_nine,0,0,0,0,0,0,0,0,0,0,0
function@_QFPread_raw_data,0,0,0,0,0,27,0,0,0,0,90.5
