Comando: /home/mpvreal/Code/Faculdade/tcc/llvm/build/bin/llc --march=aarch64 --regalloc=basic -o -
Heurística: div(cost,mul(area,degree))
function@writeout_,170,0,0,62,0,585,44156.1,0,1023.06,0,31858.3
function@_QMplane_source_modPplane_source_init,58,0,0,14,0,100,4889.94,0,12.75,0,1759.94
function@_QMplane_source_modPplane_source_read,10,0,0,5,0,176,66.6484,0,5.98438,0,1712.34
function@_QMplane_source_modPplane_source_apply,0,0,0,0,0,10,0,0,0,0,28.9375
function@_QMplane_source_modPplane_source_end,0,0,0,0,0,0,0,0,0,0,0
function@_QMcommunicate_modPcom_init_mpi,0,0,0,0,0,0,0,0,0,0,0
function@_QMcommunicate_modPcommunicate_end,0,0,0,0,0,16,0,0,0,0,8.89412
function@init_,0,0,0,0,0,363,0,0,0,0,70.7769
function@_QMmur_modPmur_init,27,0,0,3,0,192,8.4375,0,3,0,153.844
function@_QMmur_modPmur_updatee,572,0,0,77,0,175,298.006,0,33.1258,0,177.391
function@_QMmur_modPmur_storee,33,0,0,12,0,71,152.759,0,149.981,0,180.111
function@_QMmur_modPmur_end,0,0,0,0,0,72,0,0,0,0,10.3125
function@_QMmur_modPmur_set_mf_arrays,17,0,0,9,0,7,1038.1,0,65.1,0,88.1
function@_QMupdate_modPupdate_init,0,0,0,0,0,0,0,0,0,0,0
function@_QMupdate_modPupdateh,584,0,0,186,0,13,18192.3,0,2484.19,0,69.625
function@_QMupdate_modPupdatee,506,0,0,193,0,71,160420,0,7527.25,0,283.031
function@_QMupdate_modPupdate_inith,147,0,0,46,0,37,1383.28,0,90.92,0,2530.72
function@_QMupdate_modPupdate_inite,208,0,0,55,0,68,2459.16,0,70.6821,0,1275.8
function@_QMupml_modPupml_allocate,8,0,0,1,0,368,8,0,1,0,315.059
function@_QMupml_modPcheck_allocate,0,0,0,0,0,22,0,0,0,0,2
function@_QMupml_modPupml_set_eps_arrays,22,0,0,10,0,123,1592.69,0,80.3125,0,377.875
function@_QMupml_modPupml_init,1695,0,0,485,0,275,1502,0,200.614,0,1008.09
function@_QMupml_modPupml_initb,58,0,0,38,0,48,3426.86,0,371.81,0,1941
function@_QMupml_modPupml_inith,263,0,0,95,0,49,36949,0,262.095,0,1927.95
function@_QMupml_modPupml_updateh,1117,0,0,553,0,10,1.21297e+06,0,68069.1,0,5591.88
function@_QMupml_modPupml_updatee,0,0,0,0,0,0,0,0,0,0,0
function@_QMupml_modPupml_updatee_homo,3045,1,0,1278,0,47,1.32513e+06,0.625,90105.9,0,15913.4
function@_QMupml_modPupml_updatee_simple,3280,1,0,1426,0,40,1.43792e+06,0.625,78806.2,0,15875.8
function@_QMupml_modPupml_initd,71,0,0,38,0,68,3805.29,0,413.559,0,2245.62
function@_QMupml_modPupml_inite,363,0,0,113,0,59,27126.6,0,577.618,0,2038.88
function@_QMupml_modPupml_end,0,0,0,0,0,450,0,0,0,0,241.667
function@_QMupml_modPcheck_deallocate,0,0,0,0,0,9,0,0,0,0,6.33333
function@_QMreadline_modPreadline,15,0,0,9,0,59,19.4728,0,8.68478,0,175.06
function@_QMreadline_modPcheckifkeyword,0,0,0,0,0,8,0,0,0,0,33.7308
function@mpi_barrier_,0,0,0,0,0,6,0,0,0,0,6
function@mpi_bcast_,0,0,0,0,0,13,0,0,0,0,13
function@mpi_bcast_integers_,0,0,0,0,0,13,0,0,0,0,13
function@mpi_bcast_reals_,0,0,0,0,0,13,0,0,0,0,13
function@mpi_bcast_logical_,0,0,0,0,0,13,0,0,0,0,13
function@mpi_cart_rank_,0,0,0,0,0,9,0,0,0,0,9
function@mpi_cart_create_,0,0,0,0,0,15,0,0,0,0,15
function@mpi_cart_coords_,0,0,0,0,0,11,0,0,0,0,11
function@mpi_cart_shift_,0,0,0,0,0,14,0,0,0,0,14
function@mpi_comm_rank_,0,0,0,0,0,7,0,0,0,0,7
function@mpi_comm_size_,0,0,0,0,0,7,0,0,0,0,7
function@mpi_finalize_,0,0,0,0,0,0,0,0,0,0,0
function@mpi_init_,0,0,0,0,0,0,0,0,0,0,0
function@mpi_recv_,0,0,0,0,0,14,0,0,0,0,14
function@mpi_ssend_,0,0,0,0,0,15,0,0,0,0,15
function@mpi_bsend_,0,0,0,0,0,15,0,0,0,0,15
function@mpi_sendrecv_,4,0,0,4,0,25,4,0,4,0,25
function@mpi_wait_,0,0,0,0,0,7,0,0,0,0,7
function@mpi_isend_,0,0,0,0,0,16,0,0,0,0,16
function@mpi_wtick_,0,0,0,0,0,0,0,0,0,0,0
function@mpi_wtime_,0,0,0,0,0,0,0,0,0,0,0
function@mpi_buffer_attach_,0,0,0,0,0,7,0,0,0,0,7
function@mpi_buffer_detach_,0,0,0,0,0,7,0,0,0,0,7
function@mpi_pack_size_,0,0,0,0,0,10,0,0,0,0,10
function@mpi_gather_,0,0,0,0,0,16,0,0,0,0,16
function@mpi_type_struct_,0,0,0,0,0,16,0,0,0,0,16
function@mpi_type_commit_,0,0,0,0,0,5,0,0,0,0,5
function@mpi_type_extent_,0,0,0,0,0,6,0,0,0,0,6
function@mpi_type_free_,0,0,0,0,0,5,0,0,0,0,5
function@mpi_type_vector_,0,0,0,0,0,14,0,0,0,0,14
function@mpi_type_hvector_,0,0,0,0,0,14,0,0,0,0,14
function@mpi_irecv_,0,0,0,0,0,14,0,0,0,0,14
function@mpi_waitall_,0,0,0,0,0,9,0,0,0,0,9
function@mpi_sendrecv_replace_,4,0,0,4,0,25,4,0,4,0,25
function@mpi_bsend_init_,0,0,0,0,0,15,0,0,0,0,15
function@mpi_recv_init_,0,0,0,0,0,15,0,0,0,0,15
function@mpi_dims_create_,0,0,0,0,0,9,0,0,0,0,9
function@mpi_start_,0,0,0,0,0,6,0,0,0,0,6
function@mpi_allreduce_,0,0,0,0,0,0,0,0,0,0,0
function@mpi_abort_,0,0,0,0,0,0,0,0,0,0,0
function@mpi_reduce_,0,0,0,0,0,0,0,0,0,0,0
function@_QMhuygens_modPhuygens_init,0,0,0,0,0,0,0,0,0,0,0
function@_QMhuygens_modPhuygensh,608,0,0,118,0,469,798.215,0,95.2857,0,1080.91
function@_QMhuygens_modPhuygense,752,0,0,150,0,620,898.393,0,88.625,0,1437.95
function@_QMhuygens_modPuin,275,0,0,41,0,138,1132.82,0,19.6111,0,340.393
function@_QMmaterial_modPmat_init,537,0,0,174,0,442,1.28651e+06,0,146295,0,2.8705e+06
function@_QMmaterial_modPmat_updatee,192,0,0,85,0,4,242726,0,1738.74,0,21.0238
function@calcflops_,0,0,0,0,0,0,0,0,0,0,0
function@_QMpower_modPpower_init,2,0,0,1,0,161,2,0,1,0,72.875
function@_QMpower_modPpower_stop,0,0,0,0,0,10,0,0,0,0,455.833
function@_QMpower_modPpower_dft,25,0,0,15,0,12,1156.28,0,76.5,0,1223.13
function@_QMpower_modPpower_print,4,0,0,1,0,63,16.875,0,0.375,0,35.2617
function@_QMpower_modPpower_intere,0,0,0,0,0,25,0,0,0,0,3
function@_QMpower_modPpower_interh,0,0,0,0,0,25,0,0,0,0,3
function@_QMpower_modPread_power,129,0,0,19,0,227,14056.1,0,38.6932,0,6016.52
function@_QMpower_modPpower_updateh,38,0,0,19,0,21,21.05,0,16.6,0,46.3
function@timer_,0,0,0,0,0,11,0,0,0,0,7.57143
function@leapfrog_,162,0,0,37,0,77,2001.67,0,49.25,0,1516.64
function@_QMpec_modPpec_read,2,0,0,2,0,117,0.738281,0,0.738281,0,286.062
function@_QMpec_modPpec_init,219,0,0,102,0,350,25244.3,0,8569.65,0,89432.1
function@_QMpec_modPpec_apply,0,0,0,0,0,3,0,0,0,0,3
function@_QMpec_modPpec_end,0,0,0,0,0,9,0,0,0,0,3.6
function@_QQmain,20,0,0,20,0,192,12.5,0,12.5,0,121.484
