Comando: /home/mpvreal/Code/Faculdade/tcc/llvm/build/bin/llc --march=x86-64 --regalloc=basic -o -
Heurística: div(cost,pow(degree,2))
function@_Z10exit_usagePKc,0,0,0,0,0,1,0,0,0,0,1
function@_Z8NAMD_bugPKc,0,0,0,0,0,1,0,0,0,0,1
function@_Z8NAMD_diePKc,0,0,0,0,0,1,0,0,0,0,1
function@main,22,27,0,11,17,211,193.429,404.574,18.1871,165.037,747.458
function@_ZN9ResultSetD2Ev,0,0,0,0,0,1,0,0,0,0,1
function@__clang_call_terminate,0,0,0,0,0,0,0,0,0,0,0
function@_ZN20ComputeNonbondedUtil20calc_pair_energy_fepEP9nonbonded,889,263,0,301,84,189,13918.9,4714.98,4565.37,91.5273,886.79
function@_Z22pairlist_from_pairlistddddPK8CompAtomPKtiPtdPd,43,14,0,16,0,16,350,85.48,40.52,0,105.28
function@_Z24fep_vdw_forceandenergiesdddddddddiidddPdS_S_,50,76,0,28,0,5,17.1029,25.0147,15.7647,0,5
function@_ZN20ComputeNonbondedUtil30calc_pair_energy_fullelect_fepEP9nonbonded,1106,274,0,363,81,194,25842.7,8205.17,8085.56,84.303,1468.83
function@_ZN20ComputeNonbondedUtil36calc_pair_energy_merge_fullelect_fepEP9nonbonded,975,284,0,320,84,193,17003.7,5732.05,5318.21,101.195,897.163
function@_ZN20ComputeNonbondedUtil35calc_pair_energy_slow_fullelect_fepEP9nonbonded,872,251,0,335,91,184,9238.96,2285.98,3812.83,75.5313,800.214
function@_ZN20ComputeNonbondedUtil20calc_self_energy_fepEP9nonbonded,908,213,0,278,84,193,15232.4,3921.89,3180.59,73.0109,897.389
function@_ZN20ComputeNonbondedUtil30calc_self_energy_fullelect_fepEP9nonbonded,1094,253,0,309,83,205,25187.9,7810.25,5309.1,79.7082,1811.27
function@_ZN20ComputeNonbondedUtil36calc_self_energy_merge_fullelect_fepEP9nonbonded,947,273,0,303,92,187,16345.9,5327.32,3891.92,89.2355,883.596
function@_ZN20ComputeNonbondedUtil35calc_self_energy_slow_fullelect_fepEP9nonbonded,856,264,0,337,93,172,8564.34,2409.21,2275.62,87.5011,781.317
function@_ZN14ResizeArrayRawI6VectorE6resizeEi,3,0,0,2,3,8,0.741176,0,0.494118,0.741176,3.09412
function@_ZN5PatchC2Ev,0,0,0,0,0,0,0,0,0,0,0
function@_ZN5PatchD2Ev,0,0,0,0,0,1,0,0,0,0,1
function@_ZN5Patch9moveatomsEv,3,5,0,5,1,1,43.5,106.25,86,1,1
function@_ZN5Patch10zeroforcesEv,0,0,0,0,0,1,0,0,0,0,0.64
function@_ZN5Patch9setforcesEP6VectorS1_,0,0,0,0,0,3,0,0,0,0,3
function@_ZN5Patch8readfileEP8_IO_FILEP8Molecule,6,9,0,3,1,42,0.498047,0.743408,0.263672,0.0366211,8.61752
function@_ZN9ResultSet9writefileEP8_IO_FILE,0,0,0,0,0,15,0,0,0,0,15
function@_ZN9ResultSet8readfileEP8_IO_FILE,0,0,0,0,0,16,0,0,0,0,16
function@_Z5equaldd,0,0,0,0,0,1,0,0,0,0,9.53674e-07
function@_Z5equalPdS_,0,0,0,0,0,0,0,0,0,0,0
function@_Z5equalPdS_S_S_,0,0,0,0,0,0,0,0,0,0,0
function@_ZN9ResultSet5checkEv,0,0,0,0,0,0,0,0,0,0,0
function@_ZN9ResultSet8samemodeERS_,0,0,0,0,0,0,0,0,0,0,0
function@_ZN9ResultSet7compareERS_,4,0,0,2,0,14,1.5,0,0.999998,0,6.49999
function@_ZN9PatchListC2ER7Lattice,0,0,0,0,0,1,0,0,0,0,1
function@_ZN9PatchListD2Ev,0,0,0,0,0,6,0,0,0,0,1.62502
function@__clang_call_terminate,0,0,0,0,0,0,0,0,0,0,0
function@_ZN9PatchList9moveatomsEv,0,0,0,0,0,1,0,0,0,0,1
function@_ZN9PatchList11zeroresultsEv,0,0,0,0,0,1,0,0,0,0,1
function@_ZN9PatchList10setresultsEP9ResultSet,0,0,0,0,0,2,0,0,0,0,2
function@_ZN9PatchList8readfileEP8_IO_FILEP8Molecule,11,1,0,5,0,14,1.55585,0.058709,1.15246,0,9.27723
function@_ZN7LJTableC2Ev,0,0,0,0,0,0,0,0,0,0,0
function@_ZN7LJTable8readfileEP8_IO_FILE,3,1,0,3,0,12,2.3453,0.0313146,0.89069,0,8.99441
function@_ZN7LJTableD2Ev,0,0,0,0,0,0,0,0,0,0,0
function@_ZN7LJTable18compute_vdw_paramsEiiPNS_10TableEntryES1_,0,0,0,0,0,0,0,0,0,0,0
function@_ZN20ComputeNonbondedUtil9calc_pairEP9nonbonded,462,153,0,193,36,107,3007.86,520.933,895.284,22.8475,246.117
function@_Z22pairlist_from_pairlistddddPK8CompAtomPKtiPtdPd,43,14,0,16,0,16,350,85.48,40.52,0,105.28
function@_ZN20ComputeNonbondedUtil16calc_pair_energyEP9nonbonded,483,150,0,198,54,91,2605.02,520.518,1067.06,25.1346,219.607
function@_ZN20ComputeNonbondedUtil19calc_pair_fullelectEP9nonbonded,530,153,0,220,56,101,5100.23,665.406,2038.07,28.6017,529.951
function@_ZN20ComputeNonbondedUtil26calc_pair_energy_fullelectEP9nonbonded,583,184,0,244,62,98,5196.96,691.735,2419.5,53.0934,526.064
function@_ZN20ComputeNonbondedUtil25calc_pair_merge_fullelectEP9nonbonded,486,150,0,196,54,97,3295.5,590.455,1287.72,25.1346,233.896
function@_ZN20ComputeNonbondedUtil32calc_pair_energy_merge_fullelectEP9nonbonded,496,152,0,202,54,97,3523.11,594.342,1439.83,25.1346,233.896
function@_ZN20ComputeNonbondedUtil24calc_pair_slow_fullelectEP9nonbonded,481,171,0,188,38,119,3400.91,598.246,1262.47,25.4039,412.413
function@_ZN20ComputeNonbondedUtil31calc_pair_energy_slow_fullelectEP9nonbonded,491,171,0,193,38,116,3709.19,598.246,1484.88,25.4039,401.312
function@_ZN20ComputeNonbondedUtil9calc_selfEP9nonbonded,483,121,0,175,55,97,2848.71,507.04,451.077,33.3764,199.22
function@_ZN20ComputeNonbondedUtil16calc_self_energyEP9nonbonded,483,158,0,191,57,98,2410.8,516.74,627.822,38.7679,180.782
function@_ZN20ComputeNonbondedUtil19calc_self_fullelectEP9nonbonded,522,152,0,184,59,113,4228.8,663.848,904.025,42.4121,499.055
function@_ZN20ComputeNonbondedUtil26calc_self_energy_fullelectEP9nonbonded,547,163,0,218,57,99,4710.95,1176.44,1516.5,37.6951,484.232
function@_ZN20ComputeNonbondedUtil25calc_self_merge_fullelectEP9nonbonded,476,150,0,170,58,107,2856.12,590.371,602.455,41.6566,205.734
function@_ZN20ComputeNonbondedUtil32calc_self_energy_merge_fullelectEP9nonbonded,486,151,0,178,58,107,3091.86,590.746,760.88,41.6566,205.734
function@_ZN20ComputeNonbondedUtil24calc_self_slow_fullelectEP9nonbonded,478,147,0,176,39,112,2951.3,587.712,598.61,32.7555,362.989
function@_ZN20ComputeNonbondedUtil31calc_self_energy_slow_fullelectEP9nonbonded,488,147,0,181,39,109,3255.96,587.712,818.412,32.7555,352.019
function@_ZN20ComputeNonbondedUtil20calc_pair_energy_intEP9nonbonded,527,188,0,214,41,112,2933.78,770.543,991.987,23.7473,216.401
function@_ZN20ComputeNonbondedUtil30calc_pair_energy_fullelect_intEP9nonbonded,610,184,0,265,65,95,5224.54,1686.06,2559.36,44.1717,472.949
function@_ZN20ComputeNonbondedUtil36calc_pair_energy_merge_fullelect_intEP9nonbonded,549,175,0,231,57,95,4081.64,896.783,1360.9,23.8077,208.317
function@_ZN20ComputeNonbondedUtil20calc_self_energy_intEP9nonbonded,546,188,0,226,58,95,2578.62,822.755,688.128,34.2898,166.195
function@_ZN20ComputeNonbondedUtil30calc_self_energy_fullelect_intEP9nonbonded,567,176,0,216,56,112,4382.33,1738.46,1479.16,29.8214,436.082
function@_ZN20ComputeNonbondedUtil36calc_self_energy_merge_fullelect_intEP9nonbonded,530,187,0,225,57,100,3053.44,942.919,867.607,33.033,175.825
function@_ZN14ResizeArrayRawI6VectorE6resizeEi,3,0,0,2,3,8,0.741176,0,0.494118,0.741176,3.09412
function@_ZN8MoleculeC2Ev,0,0,0,0,0,6,0,0,0,0,3
function@_ZN8MoleculeD2Ev,0,0,0,0,0,3,0,0,0,0,1.85185
function@_ZN8Molecule8readfileEP8_IO_FILE,11,0,0,2,0,13,2.20576,0,1.23438,0,6.22168
function@_ZN11ObjectArenaIcE11getNewArrayEi,0,0,0,0,0,8,0,0,0,0,29.25
function@_ZN11ResizeArrayIPcED2Ev,0,0,0,0,0,1,0,0,0,0,0.352941
function@_ZN11ResizeArrayIPcED0Ev,0,0,0,0,0,3,0,0,0,0,2.35294
function@_ZN14ResizeArrayRawIPcE3insERKS0_i,14,0,0,7,4,6,5.95294,0,3.23529,0.988235,2.98824
function@_Z9dummy_erfi,0,0,0,0,0,1,0,0,0,0,1
function@_ZN26ComputeNonbondedWorkArraysC2Ev,0,0,0,0,0,25,0,0,0,0,3.00001
function@_ZN26ComputeNonbondedWorkArraysD2Ev,0,0,0,0,0,20,0,0,0,0,7.70588
function@_ZN11SelfCompute6doWorkEP9PatchList,0,0,0,0,0,1,0,0,0,0,1
function@_ZN11PairCompute6doWorkEP9PatchList,0,0,0,0,0,8,0,0,0,0,8
function@_ZN11ResizeArrayI6VectorED2Ev,0,0,0,0,0,1,0,0,0,0,0.352941
function@__clang_call_terminate,0,0,0,0,0,0,0,0,0,0,0
function@_ZN11ResizeArrayItED2Ev,0,0,0,0,0,1,0,0,0,0,0.352941
function@_ZN11ResizeArrayIdED2Ev,0,0,0,0,0,1,0,0,0,0,0.352941
function@_ZN11ResizeArrayItED0Ev,0,0,0,0,0,3,0,0,0,0,2.35294
function@_ZN11ResizeArrayIdED0Ev,0,0,0,0,0,3,0,0,0,0,2.35294
function@_ZN14ResizeArrayRawI6VectorE6resizeEi,3,0,0,2,3,8,0.741176,0,0.494118,0.741176,3.09412
function@_ZN11ResizeArrayI6VectorED0Ev,0,0,0,0,0,3,0,0,0,0,2.35294
function@_GLOBAL__sub_I_Compute.C,0,0,0,0,0,0,0,0,0,0,0
function@_ZN13SimParametersC2Ev,0,0,0,0,0,0,0,0,0,0,0
function@_ZN13SimParameters8setparamEPKcS1_,0,0,0,0,0,89,0,0,0,0,8.44287
function@_Z11parse_paramPKcS0_S0_Ri,0,0,0,0,0,4,0,0,0,0,3.38095
function@_Z11parse_paramPKcS0_S0_Rd,0,0,0,0,0,4,0,0,0,0,3.38095
function@_ZN13SimParameters8readfileEP8_IO_FILE,0,0,0,0,0,16,0,0,0,0,13.5706
function@_ZN7Lattice3setE6VectorS0_S0_S0_,5,3,0,3,0,0,2.68627,2.29412,1.52941,0,0
function@_ZN11ComputeListC2Ev,0,0,0,0,0,0,0,0,0,0,0
function@_ZN11ComputeListD2Ev,0,0,0,0,0,3,0,0,0,0,2.2381
function@_ZN11ComputeList8readfileEP8_IO_FILEP9PatchList,8,4,0,5,0,17,0.459718,0.341782,1.25243,0,6.95598
function@_ZN11ComputeList11runComputesEP9PatchList,0,0,0,0,0,4,0,0,0,0,44.5
function@_ZN20ComputeNonbondedUtil13calc_pair_lesEP9nonbonded,477,155,0,198,37,97,3027.69,522.068,902.17,23.5467,239.747
function@_Z22pairlist_from_pairlistddddPK8CompAtomPKtiPtdPd,43,14,0,16,0,16,350,85.48,40.52,0,105.28
function@_ZN20ComputeNonbondedUtil20calc_pair_energy_lesEP9nonbonded,474,119,0,189,53,90,3169.72,494.584,906.636,26.831,230.919
function@_ZN20ComputeNonbondedUtil23calc_pair_fullelect_lesEP9nonbonded,553,126,0,233,58,90,5634.62,664.202,2051.8,32.3956,528.923
function@_ZN20ComputeNonbondedUtil30calc_pair_energy_fullelect_lesEP9nonbonded,597,167,0,254,64,88,5585.08,1357.65,2506.69,56.8874,525.169
function@_ZN20ComputeNonbondedUtil29calc_pair_merge_fullelect_lesEP9nonbonded,518,151,0,217,56,89,4189.52,592.519,1302.76,28.9286,243.97
function@_ZN20ComputeNonbondedUtil36calc_pair_energy_merge_fullelect_lesEP9nonbonded,528,153,0,223,56,89,4417.14,596.406,1454.86,28.9286,243.97
function@_ZN20ComputeNonbondedUtil28calc_pair_slow_fullelect_lesEP9nonbonded,476,173,0,189,37,117,3402.25,606.209,1269.76,23.6538,405.012
function@_ZN20ComputeNonbondedUtil35calc_pair_energy_slow_fullelect_lesEP9nonbonded,486,173,0,194,37,114,3710.53,606.209,1492.17,23.6538,393.91
function@_ZN20ComputeNonbondedUtil13calc_self_lesEP9nonbonded,474,159,0,183,39,109,2842.78,514.356,456.941,35.3517,191.996
function@_ZN20ComputeNonbondedUtil20calc_self_energy_lesEP9nonbonded,481,162,0,190,39,109,3005.2,515.481,611.71,35.3517,191.996
function@_ZN20ComputeNonbondedUtil23calc_self_fullelect_lesEP9nonbonded,516,137,0,205,57,98,4615.9,667.004,919.237,46.0989,474.861
function@_ZN20ComputeNonbondedUtil30calc_self_energy_fullelect_lesEP9nonbonded,553,164,0,221,58,99,4871.86,1249.58,1527.47,41.3517,484.232
function@_ZN20ComputeNonbondedUtil29calc_self_merge_fullelect_lesEP9nonbonded,473,156,0,185,43,99,3248.28,596.143,617.387,44.4107,182.194
function@_ZN20ComputeNonbondedUtil36calc_self_energy_merge_fullelect_lesEP9nonbonded,500,185,0,201,61,98,3288.8,599.953,791.778,49.6552,187.908
function@_ZN20ComputeNonbondedUtil28calc_self_slow_fullelect_lesEP9nonbonded,487,148,0,179,41,109,2998.93,589.997,605.923,40.0687,352.019
function@_ZN20ComputeNonbondedUtil35calc_self_energy_slow_fullelect_lesEP9nonbonded,497,148,0,184,41,106,3303.6,589.997,825.725,40.0687,341.049
function@_ZN14ResizeArrayRawI6VectorE6resizeEi,3,0,0,2,3,8,0.741176,0,0.494118,0.741176,3.09412
function@_ZN20ComputeNonbondedUtil15calc_pair_pprofEP9nonbonded,530,125,0,151,38,132,6172.65,988.677,790.613,54.4863,527.477
function@_Z22pairlist_from_pairlistddddPK8CompAtomPKtiPtdPd,43,14,0,16,0,16,350,85.48,40.52,0,105.28
function@_ZN20ComputeNonbondedUtil22calc_pair_energy_pprofEP9nonbonded,549,166,0,183,41,123,5285.27,1081.04,938.523,56.3901,519.419
function@_ZN20ComputeNonbondedUtil25calc_pair_fullelect_pprofEP9nonbonded,618,177,0,200,45,140,9193.43,1750.1,1758.23,68.3503,1132.94
function@_ZN20ComputeNonbondedUtil32calc_pair_energy_fullelect_pprofEP9nonbonded,655,208,0,224,45,140,10116.7,3580.56,2979.04,68.3503,1132.94
function@_ZN20ComputeNonbondedUtil31calc_pair_merge_fullelect_pprofEP9nonbonded,538,182,0,193,38,126,5594.55,1347.25,1109.96,23.1593,646.536
function@_ZN20ComputeNonbondedUtil38calc_pair_energy_merge_fullelect_pprofEP9nonbonded,547,184,0,198,38,125,5721.48,1350.48,1233.49,23.1593,646.486
function@_ZN20ComputeNonbondedUtil30calc_pair_slow_fullelect_pprofEP9nonbonded,541,125,0,154,37,143,6796.14,933.503,1089.59,53.8517,779.034
function@_ZN20ComputeNonbondedUtil37calc_pair_energy_slow_fullelect_pprofEP9nonbonded,553,125,0,159,37,143,7346.29,933.503,1272.97,53.8517,779.034
function@_ZN20ComputeNonbondedUtil15calc_self_pprofEP9nonbonded,551,137,0,150,34,133,5726.74,996.195,414.601,26.5728,437.023
function@_ZN20ComputeNonbondedUtil22calc_self_energy_pprofEP9nonbonded,560,179,0,175,34,129,4825.55,1187.15,680.632,26.5728,433.781
function@_ZN20ComputeNonbondedUtil25calc_self_fullelect_pprofEP9nonbonded,655,138,0,167,51,139,9952,1677.47,805.59,34.2349,1056.09
function@_ZN20ComputeNonbondedUtil32calc_self_energy_fullelect_pprofEP9nonbonded,653,190,0,228,57,138,7298.55,3129.11,1964.57,282.92,1053
function@_ZN20ComputeNonbondedUtil31calc_self_merge_fullelect_pprofEP9nonbonded,587,182,0,169,36,132,6152.04,1313.68,548.72,32.7431,559.039
function@_ZN20ComputeNonbondedUtil38calc_self_energy_merge_fullelect_pprofEP9nonbonded,598,189,0,182,36,131,6355.44,1565.93,933.659,32.7431,555.954
function@_ZN20ComputeNonbondedUtil30calc_self_slow_fullelect_pprofEP9nonbonded,554,137,0,148,37,146,6159.35,998.01,588.075,154.915,696.103
function@_ZN20ComputeNonbondedUtil37calc_self_energy_slow_fullelect_pprofEP9nonbonded,575,138,0,155,36,140,6726.87,938.338,716.791,32.7431,688.892
function@_ZN14ResizeArrayRawI6VectorE6resizeEi,3,0,0,2,3,8,0.741176,0,0.494118,0.741176,3.09412
function@_ZN20ComputeNonbondedUtil10calc_errorEP9nonbonded,0,0,0,0,0,0,0,0,0,0,0
function@_ZN20ComputeNonbondedUtil6selectEP13SimParametersP8MoleculeP7LJTable,155,113,0,87,7,27,2493.55,8606.04,885.205,1.75,1081.03
