Comando: /home/mpvreal/Code/Faculdade/tcc/llvm/build/bin/llc --march=x86 --regalloc=basic -o -
Heurística: div(cost,pow(degree,2))
function@flux_,29,3,0,5,5,6,29,3,5,4,6
function@flux_..omp_par.4,272,20,0,63,24,9,1.97188e+06,17507.2,170836,81839.4,8800.12
function@flux_..omp_par.3,106,36,0,40,14,13,38106.9,10092.7,4123.31,2839.75,2862.38
function@flux_..omp_par.2,69,23,0,23,8,9,24483.1,5668.5,481.938,839.438,2025.81
function@flux_..omp_par.1,657,151,0,85,235,9,1.46034e+06,20683.6,41751.5,103933,1912.5
function@flux_..omp_par,69,23,0,23,8,9,24483.1,5668.5,481.938,839.438,2025.81
function@_QQmain,0,4,0,2,0,28,0,4,2,0,26
function@jacobian_,8,0,0,0,3,0,8,0,0,3,0
function@jacobian_..omp_par,414,17,0,99,42,8,2.86786e+06,33219.2,234050,210576,8775.88
function@fill1_,0,0,0,0,0,0,0,0,0,0,0
function@fill1_..omp_par.1,14,17,0,13,4,2,2498.38,3656.38,471.938,14.6875,400.562
function@fill1_..omp_par,29,15,0,18,11,3,43209.9,9331.5,5635.56,1339.25,4001.19
function@shell_,130,51,0,42,52,9,2.16238e+06,180253,502351,338699,169004
function@shell_..omp_par.8,148,26,0,35,31,7,275322,18881.4,18945.8,23179.1,8860.94
function@shell_..omp_par.7,147,25,0,53,39,13,2.84997e+07,1.79376e+06,1.85057e+06,4.91465e+06,33049.9
function@shell_..omp_par.6,115,18,0,49,22,8,6.96899e+08,2.48332e+07,3.30661e+07,3.38253e+07,8.20853e+06
function@shell_..omp_par.5,41,13,0,26,13,4,163598,16696.1,2516.06,17328,16001
function@shell_..omp_par.4,111,43,0,60,43,14,43550.3,11209.9,6544.06,3541.81,9160.25
function@shell_..omp_par.3,32,11,0,28,6,13,63022.2,5094.25,1720.19,514.562,49620.4
function@shell_..omp_par.2,93,36,0,43,23,9,99809.6,18593,5137.81,2930.81,16595.2
function@shell_..omp_par.1,13,13,0,10,3,4,658.438,451.312,47.125,2.25,345.438
function@shell_..omp_par,151,9,0,27,14,2,3.33306e+07,706.188,545516,537327,15999.9
function@.omp.reduction.func,0,0,0,0,0,0,0,0,0,0,0
function@bi_cgstab_block_,37,4,0,6,9,4,350.688,18.9375,6,22.9375,4
function@bi_cgstab_block_..omp_par.12,25,20,0,22,12,14,428586,122208,102513,83839.2,192578
function@bi_cgstab_block_..omp_par.11,125,39,0,43,56,4,3.86178e+06,253871,234063,472427,144388
function@bi_cgstab_block_..omp_par.10,31,21,0,24,13,22,748586,202208,105014,86339.1,286655
function@bi_cgstab_block_..omp_par.9,51,24,0,30,34,5,504360,111607,36560.1,215939,180013
function@bi_cgstab_block_..omp_par.8,30,20,0,23,12,14,751085,122208,102514,83839.2,192578
function@bi_cgstab_block_..omp_par.7,93,29,0,40,37,5,2.72217e+06,228638,226562,236564,149388
function@bi_cgstab_block_..omp_par.6,30,20,0,23,12,14,751085,122208,102514,83839.2,192578
function@bi_cgstab_block_..omp_par.5,31,20,0,27,12,5,1.32736e+06,338722,345527,182575,165013
function@bi_cgstab_block_..omp_par,172,55,0,79,48,7,3.45227e+06,184717,123422,92950.2,182533
function@mat_times_vec_,0,0,0,0,0,0,0,0,0,0,0
function@mat_times_vec_..omp_par,85,32,0,52,19,11,1.10909e+08,1.93897e+07,1.04516e+07,6.85733e+06,3.21604e+06
function@.omp.reduction.func,0,0,0,0,0,0,0,0,0,0,0
function@.omp.reduction.func.1,0,0,0,0,0,0,0,0,0,0,0
function@.omp.reduction.func.2,0,0,0,0,0,0,0,0,0,0,0
function@.omp.reduction.func.3,0,0,0,0,0,0,0,0,0,0,0
function@.omp.reduction.func.4,0,0,0,0,0,0,0,0,0,0,0
function@fill2_,0,0,0,0,0,0,0,0,0,0,0
function@fill2_..omp_par.1,17,10,0,10,5,3,4085.69,1256.12,457.875,27.125,401.188
function@fill2_..omp_par,27,10,0,12,5,4,8085.06,1256.12,459.125,27.125,401.812
