Comando: /home/mpvreal/Code/Faculdade/tcc/llvm/build/bin/llc --march=x86-64 --regalloc=basic -o -
Heurística: div(cost,mul(area,degree))
function@writeout_,175,68,0,119,45,599,28164.3,9833.75,1832.73,2263.08,35179.5
function@_QMplane_source_modPplane_source_init,4,0,0,3,0,136,206.522,0,3,0,4599.23
function@_QMplane_source_modPplane_source_read,28,26,0,28,15,184,439.932,606.246,169.982,136.447,2099.43
function@_QMplane_source_modPplane_source_apply,18,26,0,20,5,12,23.4375,345.438,16,3.5,58.75
function@_QMplane_source_modPplane_source_end,0,0,0,0,0,0,0,0,0,0,0
function@_QMcommunicate_modPcom_init_mpi,0,0,0,0,0,3,0,0,0,0,3
function@_QMcommunicate_modPcommunicate_end,0,0,0,0,0,16,0,0,0,0,8.89412
function@init_,42,0,0,3,0,364,22.1309,0,3,0,69.463
function@_QMmur_modPmur_init,96,81,0,59,17,237,103.77,83.5432,31.9824,33.0566,324.055
function@_QMmur_modPmur_updatee,463,574,0,301,184,67,245.43,580.921,77.3775,39.2914,80.8609
function@_QMmur_modPmur_storee,150,105,0,114,25,78,386.074,228.593,130.704,106.556,175.815
function@_QMmur_modPmur_end,0,0,0,0,0,72,0,0,0,0,10.3125
function@_QMmur_modPmur_set_mf_arrays,51,30,0,45,5,30,3064,2250.25,407.55,44.55,3814.5
function@_QMupdate_modPupdate_init,0,0,0,0,0,2,0,0,0,0,2
function@_QMupdate_modPupdateh,492,403,0,264,244,22,45518.6,14875.5,5653.11,11945.3,1662.81
function@_QMupdate_modPupdatee,458,297,0,301,225,98,126840,83215.5,11777.6,11311.8,35775.7
function@_QMupdate_modPupdate_inith,207,129,0,124,77,41,1643.48,2915.46,265.294,201.902,4570.02
function@_QMupdate_modPupdate_inite,360,218,0,185,148,86,13604.8,5029.86,303.663,141.945,4706.06
function@_QMupml_modPupml_allocate,44,3,0,9,6,464,39.5882,3,9,6,397.824
function@_QMupml_modPcheck_allocate,0,0,0,0,0,22,0,0,0,0,2
function@_QMupml_modPupml_set_eps_arrays,80,28,0,50,7,116,5693.4,1801.79,460.976,69.7857,322.857
function@_QMupml_modPupml_init,2233,1477,0,968,768,724,3595.51,2323.13,1299.85,178.075,3100.59
function@_QMupml_modPupml_initb,246,183,0,235,40,101,14628.5,16987.2,5051.48,1295.77,48980.7
function@_QMupml_modPupml_inith,353,244,0,218,119,76,44710.6,18283.7,1309.4,1239.65,7302.2
function@_QMupml_modPupml_updateh,1165,599,0,837,517,72,1.45565e+06,324528,68169.5,46244.9,121618
function@_QMupml_modPupml_updatee,0,0,0,0,0,0,0,0,0,0,0
function@_QMupml_modPupml_updatee_homo,2982,1615,0,1644,1469,117,2.54487e+06,355272,47564.1,59841.3,166992
function@_QMupml_modPupml_updatee_simple,3235,1661,0,1792,1560,122,2.81599e+06,358956,49149.5,63428.3,167830
function@_QMupml_modPupml_initd,288,222,0,263,70,141,9470.63,19916.8,4731.63,1981.93,56581.9
function@_QMupml_modPupml_inite,430,304,0,243,138,121,51792.8,21598.2,1190.44,1552.78,9016.17
function@_QMupml_modPupml_end,0,0,0,0,0,450,0,0,0,0,241.667
function@_QMupml_modPcheck_deallocate,0,0,0,0,0,9,0,0,0,0,6.33333
function@_QMreadline_modPreadline,36,11,0,13,4,58,132.049,12.2446,14.0435,2.46196,215.005
function@_QMreadline_modPcheckifkeyword,0,0,0,0,0,5,0,0,0,0,32.4615
function@mpi_barrier_,0,0,0,0,0,6,0,0,0,0,6
function@mpi_bcast_,1,0,0,1,0,12,1,0,1,0,12
function@mpi_bcast_integers_,1,0,0,1,0,12,1,0,1,0,12
function@mpi_bcast_reals_,1,0,0,1,0,12,1,0,1,0,12
function@mpi_bcast_logical_,1,0,0,1,0,12,1,0,1,0,12
function@mpi_cart_rank_,0,0,0,0,0,9,0,0,0,0,9
function@mpi_cart_create_,1,0,0,1,0,13,1,0,1,0,13
function@mpi_cart_coords_,0,0,0,0,0,11,0,0,0,0,11
function@mpi_cart_shift_,2,0,0,1,0,13,2,0,1,0,13
function@mpi_comm_rank_,0,0,0,0,0,7,0,0,0,0,7
function@mpi_comm_size_,0,0,0,0,0,7,0,0,0,0,7
function@mpi_finalize_,0,0,0,0,0,0,0,0,0,0,0
function@mpi_init_,0,0,0,0,0,0,0,0,0,0,0
function@mpi_recv_,0,0,0,0,0,12,0,0,0,0,12
function@mpi_ssend_,1,0,0,1,0,13,1,0,1,0,13
function@mpi_bsend_,1,0,0,1,0,13,1,0,1,0,13
function@mpi_sendrecv_,1,0,0,1,0,21,1,0,1,0,21
function@mpi_wait_,0,0,0,0,0,7,0,0,0,0,7
function@mpi_isend_,1,0,0,1,0,13,1,0,1,0,13
function@mpi_wtick_,0,0,0,0,0,0,0,0,0,0,0
function@mpi_wtime_,0,0,0,0,0,0,0,0,0,0,0
function@mpi_buffer_attach_,0,0,0,0,0,7,0,0,0,0,7
function@mpi_buffer_detach_,0,0,0,0,0,7,0,0,0,0,7
function@mpi_pack_size_,0,0,0,0,0,10,0,0,0,0,10
function@mpi_gather_,0,0,0,0,0,14,0,0,0,0,14
function@mpi_type_struct_,2,0,0,2,0,14,2,0,2,0,14
function@mpi_type_commit_,0,0,0,0,0,5,0,0,0,0,5
function@mpi_type_extent_,0,0,0,0,0,6,0,0,0,0,6
function@mpi_type_free_,0,0,0,0,0,5,0,0,0,0,5
function@mpi_type_vector_,2,0,0,1,0,13,2,0,1,0,13
function@mpi_type_hvector_,2,0,0,1,0,13,2,0,1,0,13
function@mpi_irecv_,0,0,0,0,0,12,0,0,0,0,12
function@mpi_waitall_,0,0,0,0,0,9,0,0,0,0,9
function@mpi_sendrecv_replace_,1,0,0,1,0,21,1,0,1,0,21
function@mpi_bsend_init_,1,0,0,1,0,12,1,0,1,0,12
function@mpi_recv_init_,0,0,0,0,0,13,0,0,0,0,13
function@mpi_dims_create_,0,0,0,0,0,9,0,0,0,0,9
function@mpi_start_,0,0,0,0,0,6,0,0,0,0,6
function@mpi_allreduce_,0,0,0,0,0,0,0,0,0,0,0
function@mpi_abort_,0,0,0,0,0,0,0,0,0,0,0
function@mpi_reduce_,0,0,0,0,0,0,0,0,0,0,0
function@_QMhuygens_modPhuygens_init,0,0,0,0,0,5,0,0,0,0,5
function@_QMhuygens_modPhuygensh,780,325,0,329,117,266,694.911,4014.71,204.054,52.75,800.393
function@_QMhuygens_modPhuygense,960,356,0,409,126,342,897.928,5783.46,239.036,221.5,1013.14
function@_QMhuygens_modPuin,309,217,0,131,25,110,2583.77,1531.03,666.634,16.0577,1801.1
function@_QMmaterial_modPmat_init,616,395,0,441,184,401,1.63807e+06,1.93012e+06,303180,266551,2.76267e+06
function@_QMmaterial_modPmat_updatee,193,135,0,185,61,26,235524,130242,7410.05,5296.38,75612.5
function@calcflops_,0,0,0,0,0,0,0,0,0,0,0
function@_QMpower_modPpower_init,40,31,0,35,15,142,869.375,1902.12,340.891,135.5,1037.17
function@_QMpower_modPpower_stop,0,0,0,0,0,11,0,0,0,0,882.417
function@_QMpower_modPpower_dft,21,2,0,16,1,35,2055.85,12.6296,99.5185,0.62963,19408.5
function@_QMpower_modPpower_print,20,5,0,12,4,72,54.5684,1.30859,6.4375,1.2207,282.986
function@_QMpower_modPpower_intere,19,18,0,10,1,31,6.33333,8.66667,9.33333,0.333333,3.66667
function@_QMpower_modPpower_interh,53,34,0,22,10,27,17.6667,13.3333,14.3333,3.33333,2.33333
function@_QMpower_modPread_power,4,9,0,7,0,303,21.8795,5.88074,9.08383,0,11801.4
function@_QMpower_modPpower_updateh,60,53,0,54,27,6,77.1,104.65,39,17.75,8.75
function@timer_,0,0,0,0,0,11,0,0,0,0,7.57143
function@leapfrog_,114,62,0,57,18,86,881.313,2376.49,66.2109,14.2812,1940.97
function@_QMpec_modPpec_read,5,0,0,3,0,106,7.27734,0,1.73828,0,261.301
function@_QMpec_modPpec_init,288,164,0,188,44,303,47165.1,11483.3,15914.2,3719.99,138008
function@_QMpec_modPpec_apply,10,14,0,20,4,1,50.5,216.5,20,2.66667,1
function@_QMpec_modPpec_end,0,0,0,0,0,9,0,0,0,0,3.6
function@_QQmain,15,22,0,37,13,188,9.375,13.75,23.125,8.125,296.914
