Comando: /home/mpvreal/Code/Faculdade/tcc/llvm/build/bin/llc --march=aarch64 --regalloc=greedy -o -
Heurística: div(cost,mul(area,degree))
function@writeout_,121,0,0,64,0,586,44502.3,0,1261.9,0,31859.3
function@_QMplane_source_modPplane_source_init,52,0,0,12,0,112,4887.69,0,12,0,2144.98
function@_QMplane_source_modPplane_source_read,9,0,0,5,0,180,73.7578,0,4.73438,0,1714.46
function@_QMplane_source_modPplane_source_apply,0,0,0,0,0,10,0,0,0,0,28.9375
function@_QMplane_source_modPplane_source_end,0,0,0,0,0,0,0,0,0,0,0
function@_QMcommunicate_modPcom_init_mpi,0,0,0,0,0,0,0,0,0,0,0
function@_QMcommunicate_modPcommunicate_end,0,0,0,0,0,16,0,0,0,0,8.89412
function@init_,0,0,0,0,0,373,0,0,0,0,72.2769
function@_QMmur_modPmur_init,5,0,0,3,0,198,2.625,0,3,0,158.719
function@_QMmur_modPmur_updatee,279,0,0,64,0,183,137.033,0,30.0066,0,180.218
function@_QMmur_modPmur_storee,26,0,0,9,0,71,5.96296,0,9,0,180.111
function@_QMmur_modPmur_end,0,0,0,0,0,72,0,0,0,0,10.3125
function@_QMmur_modPmur_set_mf_arrays,10,0,0,7,0,7,130.75,0,30.1,0,88.1
function@_QMupdate_modPupdate_init,0,0,0,0,0,0,0,0,0,0,0
function@_QMupdate_modPupdateh,557,0,0,194,0,24,7358.41,0,1553.67,0,421.5
function@_QMupdate_modPupdatee,770,0,0,260,0,632,61825,0,8256.5,0,18667.7
function@_QMupdate_modPupdate_inith,92,0,0,42,0,44,733.88,0,59.84,0,2599.08
function@_QMupdate_modPupdate_inite,158,0,0,31,0,85,2449.56,0,31,0,1692.65
function@_QMupml_modPupml_allocate,2,0,0,1,0,368,2,0,1,0,315.059
function@_QMupml_modPcheck_allocate,0,0,0,0,0,22,0,0,0,0,1.02445e-08
function@_QMupml_modPupml_set_eps_arrays,22,0,0,16,0,130,978.062,0,128.969,0,448.5
function@_QMupml_modPupml_init,3398,0,0,472,0,1834,982.107,0,198.503,0,1198.08
function@_QMupml_modPupml_initb,47,0,0,34,0,54,3008.52,0,345.381,0,2013.81
function@_QMupml_modPupml_inith,225,0,0,76,0,57,6345.81,0,93.2857,0,1964
function@_QMupml_modPupml_updateh,1087,0,0,542,0,46,1.14031e+06,0,40928.1,0,121682
function@_QMupml_modPupml_updatee,0,0,0,0,0,0,0,0,0,0,0
function@_QMupml_modPupml_updatee_homo,3891,0,0,1348,0,327,1.11683e+06,0,48328.3,0,185271
function@_QMupml_modPupml_updatee_simple,4406,0,0,1545,0,445,1.30313e+06,0,123582,0,155822
function@_QMupml_modPupml_initd,59,0,0,34,0,71,3842.35,0,387.5,0,2283.21
function@_QMupml_modPupml_inite,287,0,0,84,0,71,8619.2,0,138.706,0,2274.74
function@_QMupml_modPupml_end,0,0,0,0,0,450,0,0,0,0,241.667
function@_QMupml_modPcheck_deallocate,0,0,0,0,0,9,0,0,0,0,6.33333
function@_QMreadline_modPreadline,12,0,0,8,0,70,15.5217,0,7,0,192.489
function@_QMreadline_modPcheckifkeyword,0,0,0,0,0,8,0,0,0,0,33.7308
function@mpi_barrier_,0,0,0,0,0,6,0,0,0,0,6
function@mpi_bcast_,0,0,0,0,0,13,0,0,0,0,13
function@mpi_bcast_integers_,0,0,0,0,0,13,0,0,0,0,13
function@mpi_bcast_reals_,0,0,0,0,0,13,0,0,0,0,13
function@mpi_bcast_logical_,0,0,0,0,0,13,0,0,0,0,13
function@mpi_cart_rank_,0,0,0,0,0,9,0,0,0,0,9
function@mpi_cart_create_,0,0,0,0,0,15,0,0,0,0,15
function@mpi_cart_coords_,0,0,0,0,0,11,0,0,0,0,11
function@mpi_cart_shift_,0,0,0,0,0,14,0,0,0,0,14
function@mpi_comm_rank_,0,0,0,0,0,7,0,0,0,0,7
function@mpi_comm_size_,0,0,0,0,0,7,0,0,0,0,7
function@mpi_finalize_,0,0,0,0,0,0,0,0,0,0,0
function@mpi_init_,0,0,0,0,0,0,0,0,0,0,0
function@mpi_recv_,0,0,0,0,0,14,0,0,0,0,14
function@mpi_ssend_,0,0,0,0,0,15,0,0,0,0,15
function@mpi_bsend_,0,0,0,0,0,15,0,0,0,0,15
function@mpi_sendrecv_,4,0,0,4,0,26,4,0,4,0,26
function@mpi_wait_,0,0,0,0,0,7,0,0,0,0,7
function@mpi_isend_,0,0,0,0,0,16,0,0,0,0,16
function@mpi_wtick_,0,0,0,0,0,0,0,0,0,0,0
function@mpi_wtime_,0,0,0,0,0,0,0,0,0,0,0
function@mpi_buffer_attach_,0,0,0,0,0,7,0,0,0,0,7
function@mpi_buffer_detach_,0,0,0,0,0,7,0,0,0,0,7
function@mpi_pack_size_,0,0,0,0,0,10,0,0,0,0,10
function@mpi_gather_,0,0,0,0,0,16,0,0,0,0,16
function@mpi_type_struct_,0,0,0,0,0,16,0,0,0,0,16
function@mpi_type_commit_,0,0,0,0,0,5,0,0,0,0,5
function@mpi_type_extent_,0,0,0,0,0,6,0,0,0,0,6
function@mpi_type_free_,0,0,0,0,0,5,0,0,0,0,5
function@mpi_type_vector_,0,0,0,0,0,14,0,0,0,0,14
function@mpi_type_hvector_,0,0,0,0,0,14,0,0,0,0,14
function@mpi_irecv_,0,0,0,0,0,14,0,0,0,0,14
function@mpi_waitall_,0,0,0,0,0,9,0,0,0,0,9
function@mpi_sendrecv_replace_,4,0,0,4,0,26,4,0,4,0,26
function@mpi_bsend_init_,0,0,0,0,0,15,0,0,0,0,15
function@mpi_recv_init_,0,0,0,0,0,15,0,0,0,0,15
function@mpi_dims_create_,0,0,0,0,0,9,0,0,0,0,9
function@mpi_start_,0,0,0,0,0,6,0,0,0,0,6
function@mpi_allreduce_,0,0,0,0,0,0,0,0,0,0,0
function@mpi_reduce_,0,0,0,0,0,0,0,0,0,0,0
function@_QMhuygens_modPhuygens_init,0,0,0,0,0,0,0,0,0,0,0
function@_QMhuygens_modPhuygensh,353,0,0,133,0,494,126.679,0,80.75,0,1090.07
function@_QMhuygens_modPhuygense,470,0,0,138,0,650,159.554,0,84,0,1451.38
function@_QMhuygens_modPuin,141,0,0,55,0,169,300.724,0,25.5694,0,335.581
function@_QMmaterial_modPmat_init,253,0,0,127,0,533,687502,0,41739.8,0,2.95344e+06
function@_QMmaterial_modPmat_updatee,173,0,0,107,0,10,191701,0,4489.36,0,237.857
function@calcflops_,0,0,0,0,0,0,0,0,0,0,0
function@_QMpower_modPpower_init,2,0,0,1,0,166,2,0,1,0,77.875
function@_QMpower_modPpower_stop,0,0,0,0,0,10,0,0,0,0,455.833
function@_QMpower_modPpower_dft,11,0,0,11,0,19,298.093,0,33.4259,0,1340.07
function@_QMpower_modPpower_print,1,0,0,1,0,63,0.375,0,0.375,0,35.2617
function@_QMpower_modPpower_intere,0,0,0,0,0,23,0,0,0,0,3.57007e-09
function@_QMpower_modPpower_interh,0,0,0,0,0,23,0,0,0,0,3.57007e-09
function@_QMpower_modPread_power,117,0,0,14,0,243,14029.3,0,17.6932,0,6773.31
function@_QMpower_modPpower_updateh,24,0,0,18,0,20,4.9,0,16.4,0,43.7
function@timer_,0,0,0,0,0,11,0,0,0,0,7.57143
function@leapfrog_,119,0,0,37,0,153,921.583,0,46.3906,0,2336.28
function@_QMpec_modPpec_read,2,0,0,2,0,123,0.738281,0,0.738281,0,287.152
function@_QMpec_modPpec_init,125,0,0,96,0,379,13575.2,0,6054.12,0,99785.6
function@_QMpec_modPpec_apply,0,0,0,0,0,0,0,0,0,0,0
function@_QMpec_modPpec_end,0,0,0,0,0,9,0,0,0,0,3.6
function@_QQmain,21,0,0,21,0,208,13.125,0,13.125,0,168.984
