Comando: /home/mpvreal/Code/Faculdade/tcc/llvm/build/bin/llc --march=x86-64 --regalloc=greedy -o -
Heurística: div(cost,mul(area,degree))
function@set_data_,0,0,0,0,0,8,0,0,0,0,8
function@set_data_tile_,0,0,0,0,0,34,0,0,0,0,34
function@get_3dfld_,93,11,0,33,9,188,37.7336,2.01921,11.9008,4.15143,189.185
function@close_io_,0,0,0,0,0,35,0,0,0,0,10.3929
function@_QMdiag_modPdiag,7,0,0,7,0,10,7,0,7,0,10
function@_QMdiag_modPdiag_tile,215,85,0,119,21,118,34363.2,16025.3,669.11,27.293,26685.6
function@_QMmod_mixingPallocate_mixing,59,0,0,22,0,34,59,0,22,0,33
function@_QMmod_mixingPinitialize_mixing,54,17,0,20,0,63,187488,4424.64,2934.24,0,648324
function@_QMset_zeta_modPset_zeta,1,0,0,1,0,8,1,0,1,0,8
function@_QMset_zeta_modPset_zeta_tile,40,7,0,24,2,35,91.5147,36.0147,16.2206,6.26471,685.574
function@_QMdef_var_modPdef_var,95,0,0,8,0,611,7.56245,0,6.12448,0,208.407
function@_QMnf_fread3d_bry_modPnf_fread3d_bry,36,27,0,36,0,22,6191.33,5108.18,593.56,0,24312.2
function@_QMnrutilParray_copy_r,0,0,0,0,0,4,0,0,0,0,1.68
function@_QMnrutilParray_copy_d,0,0,0,0,0,4,0,0,0,0,1.68
function@_QMnrutilParray_copy_i,0,0,0,0,0,4,0,0,0,0,1.68
function@_QMnrutilParth_r,5,0,0,4,0,15,25.049,0,5.45098,0,55.3628
function@_QMnrutilParth_d,5,0,0,4,0,15,25.049,0,5.45098,0,55.3628
function@_QMnrutilParth_i,4,0,0,4,0,13,20.0392,0,5.45098,0,48.7941
function@_QMnrutilPnrerror,0,0,0,0,0,8,0,0,0,0,8
function@_QMnrutilPreallocate_rv,3,0,0,3,0,17,1.64062,0,1.875,0,8.00781
function@_QMnrutilPreallocate_iv,3,0,0,3,0,18,1.64062,0,1.875,0,8.63281
function@_QMnrutilPreallocate_hv,2,3,0,3,0,34,1.25,0.50354,1.875,0,10.4021
function@_QMnrutilPreallocate_rm,17,3,0,10,0,27,25.7324,1.25977,6.625,0,75.75
function@_QMnrutilPreallocate_im,17,3,0,10,1,26,32.9199,1.25977,6.625,0.244141,67.9375
function@_QMlmd_vmix_modPlmd_vmix,11,1,0,12,0,16,11,1,12,0,16
function@_QMlmd_vmix_modPlmd_vmix_tile,363,149,0,199,4,262,190442,62889.1,8213.83,127.631,168260
function@_QMlmd_vmix_modPlmd_finish,5,0,0,5,0,4,5,0,5,0,4
function@_QMlmd_vmix_modPlmd_finish_tile,43,15,0,36,3,23,2403.62,5301.45,673.708,0.630769,48699.6
function@_QMnf_fwrite3d_bry_modPnf_fwrite3d_bry,67,40,0,41,4,35,20811.1,25581.1,2090.24,1970.71,75567.1
function@my_wtime_,0,0,0,0,0,0,0,0,0,0,0
function@lmd_swfrac_tile_,39,17,0,43,1,38,3898.85,1512.75,2786.6,0.4,3261.45
function@_QMstate_initialize_modPstate_initialize,40,36,0,31,0,39,14257.4,14679.1,208,0,237972
function@get_cycle_,24,1,0,10,2,55,16.1114,5.25666,13.6005,2,68.9177
function@wrt_info_,298,78,0,8,0,639,2.96534,2,4.50001,0,15.9654
function@_QMt3dmix_modPt3dmix2,8,0,0,8,0,12,8,0,8,0,12
function@_QMt3dmix_modPt3dmix2_tile,380,214,0,215,10,282,5.35495e+06,2.78814e+06,222017,13169.5,5.55134e+06
function@_QMini_fields_modPini_fields,13,0,0,13,0,10,13,0,13,0,10
function@_QMini_fields_modPini_fields_tile,272,117,0,140,16,187,13527.3,20635.7,807.768,447.982,101206
function@_QMini_fields_modPini_zeta,2,0,0,2,0,9,2,0,2,0,9
function@_QMini_fields_modPini_zeta_tile,39,10,0,18,3,49,77.8716,26.3211,21.3028,1.00917,841.505
function@set_scoord_,49,12,0,37,0,77,168.635,41.3176,99.0235,0,329.118
function@_QMset_3dfld_modPset_3dfld_tile,106,50,0,66,11,100,689.385,595.746,70.0516,1.05498,8252.39
function@initial_,4,0,0,4,0,80,31.7903,0,31.7903,0,4490.97
function@lubksb_,0,0,0,0,0,9,0,0,0,0,64.5
function@_QMran_statePran_init,0,0,0,0,0,3,0,0,0,0,3
function@_QMran_statePran_seed,0,0,0,0,0,3,0,0,0,0,3
function@_QMmod_gridPallocate_grid,216,1,0,45,0,113,216,1,45,0,112
function@_QMmod_gridPinitialize_grid,10,5,0,8,0,110,683.12,151.2,160.52,0,79733.2
function@_QMpre_step3d_modPpre_step3d,60,0,0,60,0,14,60,0,60,0,14
function@_QMpre_step3d_modPpre_step3d_tile,1348,666,0,660,48,728,2.77395e+06,3.61345e+06,176322,25837.8,4.35788e+06
function@checkdefs_,1,0,0,1,0,372,1,0,1,0,221.281
function@_QQmain,0,0,0,0,0,0,0,0,0,0,0
function@checkvars_,31,2,0,9,0,315,111.08,105,15.8928,0,937.047
function@get_2dfld_,99,15,0,32,8,229,35.5948,1.42745,14.9018,2.97495,202.462
function@_QMnf_fread3d_modPnf_fread3d,35,16,0,25,2,28,115.657,74.0349,14.093,0.0465116,876.064
function@gasdev_s_,2,1,0,3,0,5,1,0.5,1.5,0,65
function@gasdev_v_,53,5,0,27,0,60,333.08,23.7179,112.5,0,250.161
function@def_dim_,1,0,0,1,0,21,0.21875,0,0.625,0,9.53125
function@inp_par_,10,3,0,13,0,147,19.2951,24.1721,43.4672,0,668.565
function@read_phypar_,108,7,0,14,1,2242,20.0945,3.68815,7.31423,8.36586e-19,712.059
function@decode_line_,52,10,0,14,5,72,21.7516,7.8344,11.7006,1.40764,56.0764
function@load_i1_,0,0,0,0,0,0,0,0,0,0,0
function@load_l1_,0,0,0,0,0,2,0,0,0,0,2
function@load_r1_,0,0,0,0,0,0,0,0,0,0,0
function@load_i_,0,0,0,0,0,15,0,0,0,0,3.12745
function@load_l_,7,2,0,6,1,14,31.6667,20.2857,2.2381,10.1429,55.4524
function@load_r_,0,0,0,0,0,16,0,0,0,0,2.73529
function@get_varcoords_,47,4,0,15,1,61,6.9751,0.992188,8.69141,0.0195312,28.0308
function@_QMexchange_2d_modPexchange_p2d_tile,1,4,0,2,0,15,1,0.941177,2,0,29.2549
function@_QMexchange_2d_modPexchange_r2d_tile,1,4,0,2,0,15,1,0.941177,2,0,29.2549
function@_QMexchange_2d_modPexchange_u2d_tile,1,4,0,2,0,15,1,0.941177,2,0,29.2549
function@_QMexchange_2d_modPexchange_v2d_tile,1,4,0,2,0,15,1,0.941177,2,0,29.2549
function@_QMshapiro_modPshapiro2d_tile,65,33,0,40,1,58,155.484,123.275,44.2198,0.0879121,1490.09
function@_QMshapiro_modPshapiro3d_tile,70,50,0,42,2,61,4459.17,3929.25,499.75,21.9167,31066.7
function@set_ngfld_,28,9,0,17,0,53,12.4471,12.8824,11.0706,0,406.012
function@_QMuv3dmix_modPuv3dmix2,7,0,0,7,0,12,7,0,7,0,12
function@_QMuv3dmix_modPuv3dmix2_tile,327,145,0,268,4,152,589510,297595,20307.7,293,279002
function@_QMocean_control_modProms_initialize,0,0,0,0,0,9,0,0,0,0,38.9355
function@_QMocean_control_modProms_run,0,0,0,0,0,1,0,0,0,0,8.125
function@_QMocean_control_modProms_finalize,0,0,0,0,0,5,0,0,0,0,60.9375
function@_QMstep2d_modPstep2d,42,0,0,42,0,14,42,0,42,0,14
function@_QMstep2d_modPstep2d_tile,1867,1015,0,1063,52,1016,24445.7,15168.1,1664.89,104.081,22915.4
function@_QMmod_forcesPallocate_forces,78,0,0,23,0,40,78,0,23,0,39
function@_QMmod_forcesPinitialize_forces,5,1,0,5,2,46,230.275,0.3,219.525,0.475,55303.8
function@_QMnf_fwrite2d_modPnf_fwrite2d,20,9,0,17,1,25,14.2222,21.9861,8.56944,0.111111,86.7222
function@_QMu3dbc_modPu3dbc,5,0,0,5,0,2,5,0,5,0,2
function@_QMu3dbc_modPu3dbc_tile,17,8,0,15,2,15,40.0123,19.5062,13.2963,0.197531,427.691
function@def_his_,91,23,0,35,3,662,45.3672,9.84376,2.39848,0.292969,170.025
function@_QMmetrics_modPmetrics,3,0,0,3,0,8,3,0,3,0,8
function@_QMmetrics_modPmetrics_tile,905,225,0,394,282,441,16972.7,11717.3,2018.8,716.784,18633.3
function@_QMt3dbc_modPt3dbc,9,0,0,9,0,2,9,0,9,0,2
function@_QMt3dbc_modPt3dbc_tile,22,8,0,17,2,15,53.6049,19.5062,15.1111,0.197531,427.691
function@set_weights_,21,3,0,21,0,71,3378.31,1300.79,1391.62,0,1560.4
function@_QMnf_fwrite4d_modPnf_fwrite4d,48,15,0,36,0,38,9344.35,10167,265.431,0,33751.8
function@_QMwvelocity_modPwvelocity,8,1,0,9,0,10,8,1,9,0,10
function@_QMwvelocity_modPwvelocity_tile,402,230,0,222,38,233,122764,86677.4,4563.81,128.667,152515
function@_QMbulk_flux_modPbulk_flux,8,1,0,9,0,13,8,1,9,0,13
function@_QMbulk_flux_modPbulk_flux_tile,617,231,0,427,2,442,399734,171331,248293,20.6517,168600
function@_QMbulk_flux_modPbulk_psiu,8,4,0,10,0,6,4,2,5,0,4
function@_QMbulk_flux_modPbulk_psit,12,4,0,11,0,4,6,2,6,0,3
function@_QMnf_fwrite3d_modPnf_fwrite3d,35,15,0,27,2,27,387.894,434.519,21.8173,0.317308,1707.14
function@get_state_,58,2,0,10,1,337,1.48227,0.0270475,5.26873,0.00132823,17.743
function@_QMutility_modPnrng,17,3,0,16,0,16,7.03388,0.76282,7.56593,0,12.8516
function@_QMutility_modPurng,0,0,0,0,0,6,0,0,0,0,18.8889
function@checkadj_,0,0,0,0,0,79,0,0,0,0,63
function@_QManalytical_modPana_btflux,2,0,0,2,0,4,2,0,2,0,4
function@_QManalytical_modPana_btflux_tile,6,6,0,2,0,28,12.5276,12.5276,2,0,437.485
function@_QManalytical_modPana_cloud,0,0,0,0,0,6,0,0,0,0,6
function@_QManalytical_modPana_cloud_tile,9,2,0,8,0,16,12.6,12.75,6.025,0,243.85
function@_QManalytical_modPana_grid,1,0,0,1,0,11,1,0,1,0,11
function@_QManalytical_modPana_grid_tile,437,117,0,203,86,230,7411.72,5566.12,633.1,271.7,10364.1
function@_QManalytical_modPana_humid,0,0,0,0,0,6,0,0,0,0,6
function@_QManalytical_modPana_humid_tile,9,2,0,8,0,16,12.6,12.75,6.025,0,243.85
function@_QManalytical_modPana_initial,13,0,0,13,0,5,6.5,0,6.5,0,4
function@_QManalytical_modPana_nlminitial_tile,84,50,0,54,1,69,23600.7,39093.1,17239.7,0.4,22003.5
function@_QManalytical_modPana_pair,0,0,0,0,0,6,0,0,0,0,6
function@_QManalytical_modPana_pair_tile,9,2,0,8,0,16,12.6,12.75,6.025,0,243.85
function@_QManalytical_modPana_rain,0,0,0,0,0,6,0,0,0,0,6
function@_QManalytical_modPana_rain_tile,9,0,0,7,0,18,12.6,0,5.4,0,256.6
function@_QManalytical_modPana_srflux,0,0,0,0,0,7,0,0,0,0,7
function@_QManalytical_modPana_srflux_tile,121,45,0,92,1,29,4097.47,4427.8,2104.77,0.2,1772.85
function@_QManalytical_modPana_stflux,2,0,0,2,0,6,2,0,2,0,6
function@_QManalytical_modPana_stflux_tile,12,6,0,6,0,30,16.5153,12.5276,6,0,439.012
function@_QManalytical_modPana_tair,0,0,0,0,0,6,0,0,0,0,6
function@_QManalytical_modPana_tair_tile,9,2,0,8,0,16,12.6,12.75,6.025,0,243.85
function@_QManalytical_modPana_winds,0,0,0,0,0,7,0,0,0,0,7
function@_QManalytical_modPana_winds_tile,51,12,0,37,1,43,2161.38,654.875,312.6,0.2,2207.75
function@_QMbc_bry3d_modPbc_r3d_bry_tile,14,0,0,2,0,29,4.40196,0,2,0,44.5882
function@_QMbc_bry3d_modPbc_u3d_bry_tile,15,0,0,3,0,37,4.43137,0,3,0,47.8823
function@_QMbc_bry3d_modPbc_v3d_bry_tile,20,0,0,4,0,35,8.27451,0,4,0,46.1274
function@get_data_,0,0,0,0,0,5,0,0,0,0,5
function@_QMstep3d_t_modPstep3d_t,11,0,0,11,0,14,11,0,11,0,14
function@_QMstep3d_t_modPstep3d_t_tile,680,331,0,353,31,360,5.10093e+06,4.82017e+06,263485,31478.6,5.5668e+06
function@_QMlmd_skpp_modPlmd_skpp,29,0,0,29,0,11,29,0,29,0,11
function@_QMlmd_skpp_modPlmd_skpp_tile,1395,565,0,624,27,611,490430,236319,46491.4,958.608,371640
function@_QMnf_fread4d_modPnf_fread4d,52,19,0,40,1,27,2998.68,1483.15,90.2683,1,17500.1
function@wclock_on_,0,0,0,0,0,2,0,0,0,0,2
function@wclock_off_,0,2,0,2,0,3,0,1.09524,1.09524,0,2.71429
function@mod_arrays_,0,0,0,0,0,37,0,0,0,0,271.667
function@_QMinterpolate_modPlinterp2d,7,3,0,10,1,7,1642.33,39.75,50.5,0.666667,644
function@_QMinterpolate_modPcinterp2d,37,6,0,34,2,108,7829.08,893,4120.42,1.33333,22423.3
function@_QMinterpolate_modPhindices,68,11,0,51,2,42,5082.41,2416.15,1243.21,16.5588,11914.5
function@_QMinterpolate_modPtry_range,196,28,0,37,8,73,65.4899,38.3944,19.3602,1.54701,166.55
function@_QMinterpolate_modPinside,4,0,0,2,0,17,28.0465,0,2,0,241.372
function@_QMbc_3d_modPbc_r3d_tile,38,12,0,24,0,36,35.1111,22.5556,16.0988,0,475.617
function@_QMbc_3d_modPbc_u3d_tile,23,12,0,17,1,23,24.4691,27.2963,14.7654,0.0987654,445.58
function@_QMbc_3d_modPbc_v3d_tile,23,5,0,16,0,29,14.5062,2.23457,13.2963,0,255.395
function@_QMbc_3d_modPbc_w3d_tile,38,12,0,24,0,36,35.1111,22.5556,16.0988,0,475.617
function@wrt_his_,93,9,0,29,1,294,11.8911,1.54706,2.21338,0.21007,35.2805
function@_QMmod_couplingPallocate_coupling,36,0,0,12,0,24,36,0,12,0,23
function@_QMmod_couplingPinitialize_coupling,0,0,0,0,0,24,0,0,0,0,3707.58
function@_QMnf_fwrite2d_bry_modPnf_fwrite2d_bry,44,17,0,25,0,26,2103.48,1039.29,297,0,3560.62
function@_QMwhite_noise_modPwhite_noise1d,4,1,0,3,0,58,1.33225,0.0781759,2.07818,0,67.6718
function@_QMwhite_noise_modPwhite_noise2d,12,10,0,8,0,42,16.7049,63.2295,8,0,473.992
function@_QMwhite_noise_modPwhite_noise2d_bry,2,0,0,1,0,60,0.666124,0,1,0,81.9919
function@_QMwhite_noise_modPwhite_noise3d,24,12,0,15,1,42,633.721,455.287,48.6311,20.1393,8228.76
function@_QMwhite_noise_modPwhite_noise3d_bry,24,11,0,11,0,59,23.7895,28.1842,5.88158,0,464.487
function@get_ngfld_,101,16,0,36,6,189,32.7651,1.72567,17.5005,2.35499,109.381
function@regrid_,33,22,0,29,0,64,42.0469,13.6328,13.1875,0,101.789
function@_QMv3dbc_modPv3dbc,5,0,0,5,0,2,5,0,5,0,2
function@_QMv3dbc_modPv3dbc_tile,8,4,0,6,0,18,15.9012,1.23457,6,0,439.975
function@_QMstate_dotprod_modPstate_dotprod,72,63,0,61,6,47,20521.9,30453.1,3572.02,1.875,276247
function@get_bounds_,0,0,0,0,0,0,0,0,0,0,0
function@get_domain_,0,0,0,0,0,0,0,0,0,0,0
function@get_iobounds_,0,0,0,0,0,1,0,0,0,0,1
function@get_tile_,0,0,0,0,0,15,0,0,0,0,10.1905
function@tile_bounds_1d_,0,0,0,0,0,3,0,0,0,0,2
function@tile_bounds_2d_,0,0,0,0,0,7,0,0,0,0,7
function@var_bounds_,0,0,0,0,0,0,0,0,0,0,0
function@_QMset_massflux_modPset_massflux,9,0,0,9,0,8,9,0,9,0,8
function@_QMset_massflux_modPset_massflux_tile,58,32,0,54,0,45,9222.52,38688.7,2158.38,0,49926
function@_QMzetabc_modPzetabc,2,0,0,2,0,6,2,0,2,0,6
function@_QMzetabc_modPzetabc_tile,5,4,0,3,0,13,1.62745,0.941177,3,0,24.098
function@_QMbc_2d_modPbc_r2d_tile,10,2,0,9,0,31,6.62592,1.01711,8.01711,0,26.5966
function@_QMbc_2d_modPbc_u2d_tile,15,0,0,7,0,16,7.23529,0,7,0,27.098
function@_QMbc_2d_modPbc_v2d_tile,5,3,0,7,0,23,5,0.344743,6.03667,0,15.6724
function@_QMnf_fread2d_modPnf_fread2d,127,31,0,101,1,83,8.67302,5.65185,16.8,0.0296296,54.0222
function@_QMv2dbc_modPv2dbc,2,0,0,2,0,6,2,0,2,0,6
function@_QMv2dbc_modPv2dbc_tile,0,4,0,1,0,11,0,0.627451,1,0,23.7843
function@_QMrhs3d_modPrhs3d,31,0,0,31,0,22,31,0,31,0,22
function@_QMrhs3d_modPrhs3d_tile,1358,641,0,576,35,535,479013,349687,29433.8,1423.33,354866
function@def_rst_,0,0,0,0,0,3,0,0,0,0,3
function@_QMmod_paramPinitialize_param,0,0,0,0,0,0,0,0,0,0,0
function@_QMset_2dfld_modPset_2dfld_tile,77,22,0,33,1,91,33.3918,20.0859,18.8557,0.0223368,416.644
function@_QMrho_eos_modPrho_eos,11,0,0,11,0,12,11,0,11,0,12
function@_QMrho_eos_modPrho_eos_tile,538,180,0,274,18,538,426960,140728,252675,1238.38,690914
function@_QMstiffness_modPstiffness,1,0,0,1,0,2,1,0,1,0,2
function@_QMstiffness_modPstiffness_tile,84,20,0,48,1,86,832.119,572.844,87.9449,0.385321,43638.8
function@_QMprsgrd_modPprsgrd,6,1,0,7,0,10,6,1,7,0,10
function@_QMprsgrd_modPprsgrd_tile,439,202,0,257,5,310,255334,213350,12818.7,707,492040
function@_QMu2dbc_modPu2dbc,2,0,0,2,0,6,2,0,2,0,6
function@_QMu2dbc_modPu2dbc_tile,5,4,0,3,0,15,1.62745,0.941177,3,0,26.098
function@def_info_,342,134,0,26,0,500,22.5151,6.6875,18.5825,0,62.5344
function@_QMstate_scale_modPstate_scale,45,39,0,36,0,38,14871.7,17968.6,414.175,0,240896
function@_QMmod_ncparamPinitialize_ncparam,174,0,0,12,10,625,239.836,0,125.878,8.63722,4864.64
function@_QMmod_scalarsPinitialize_scalars,1,2,0,3,0,22,1,2,3,0,17.3529
function@_QMnf_fread2d_bry_modPnf_fread2d_bry,27,9,0,24,0,20,168.89,531.523,45.7982,0,1151.42
function@_QMstate_addition_modPstate_addition,92,58,0,78,4,27,57150.4,143538,18272.9,1.2,346847
function@wrt_rst_,22,1,0,6,0,140,1.34282,0.5,1.5026,0,7.79087
function@_QMomega_modPomega,2,0,0,2,0,10,2,0,2,0,10
function@_QMomega_modPomega_tile,142,74,0,65,2,79,16963.5,25486.1,1688.5,67.25,43551.7
function@_QMomega_modPscale_omega,45,19,0,40,3,25,3213.58,9373.77,544.354,0.892308,21396.6
function@_QMextract_sta_modPextract_sta2d,42,0,0,16,0,41,49.6765,0,5.94118,0,48.1176
function@_QMextract_sta_modPextract_sta3d,229,68,0,177,8,266,155.892,55.2206,53.7136,0.976526,222.347
function@checkerror_,3,0,0,3,0,30,1.42857,0,3,0,17.8571
function@output_,0,0,0,0,0,22,0,0,0,0,5.33742
function@_QMexchange_3d_modPexchange_p3d_tile,13,11,0,12,2,23,33.0988,26.2963,15.4691,0.197531,547.802
function@_QMexchange_3d_modPexchange_r3d_tile,13,11,0,12,2,23,33.0988,26.2963,15.4691,0.197531,547.802
function@_QMexchange_3d_modPexchange_u3d_tile,13,11,0,12,2,23,33.0988,26.2963,15.4691,0.197531,547.802
function@_QMexchange_3d_modPexchange_v3d_tile,13,11,0,12,2,23,33.0988,26.2963,15.4691,0.197531,547.802
function@_QMexchange_3d_modPexchange_w3d_tile,13,11,0,12,2,23,33.0988,26.2963,15.4691,0.197531,547.802
function@get_date_,0,0,0,0,0,6,0,0,0,0,5.2381
function@day_code_,0,0,0,0,0,9,0,0,0,0,7.96
function@caldate_,8,1,0,6,0,13,1.98824,0.123529,1.24118,0,6.35882
function@ref_att_,7,2,0,7,0,22,7,2,7,0,22
function@time_string_,0,0,0,0,0,15,0,0,0,0,15
function@_QMset_vbc_modPset_vbc,16,0,0,16,0,8,16,0,16,0,8
function@_QMset_vbc_modPset_vbc_tile,73,51,0,73,7,73,3586.48,6406.17,229.225,1.825,6485.77
function@_QMset_depth_modPset_depth,1,0,0,1,0,5,1,0,1,0,5
function@_QMset_depth_modPset_depth_tile,142,107,0,108,31,150,16048.5,24449.1,947.79,547.395,43720.4
function@_QMstate_product_modPstate_product,128,77,0,96,3,86,54235.6,57199.6,4748.3,1,484411
function@_QMstrings_modPfind_string,4,0,0,4,0,10,30.4231,0,3.23077,0,83.2308
function@_QMstrings_modPlowercase,0,0,0,0,0,13,0,0,0,0,50
function@_QMstrings_modPuppercase,0,0,0,0,0,13,0,0,0,0,50
function@_QMstep3d_uv_modPstep3d_uv,37,0,0,37,0,14,37,0,37,0,14
function@_QMstep3d_uv_modPstep3d_uv_tile,1429,711,0,466,150,715,234682,272462,20117.3,5208.17,397847
function@ludcmp_,33,8,0,14,0,40,515.294,130.824,87.3677,0,720
function@_QMstate_copy_modPstate_copy,78,60,0,69,4,29,40126.6,50148.9,8158.48,1.2,346698
function@ran1_s_,0,0,0,0,0,3,0,0,0,0,3
function@ran1_v_,0,0,0,0,0,3,0,0,0,0,3
function@_QMmod_parallelPinitialize_parallel,0,0,0,0,0,0,0,0,0,0,0
function@main3d_,6,0,0,6,0,113,11.3393,0,11.8541,0,3687.96
function@_QMbc_bry2d_modPbc_r2d_bry_tile,0,0,0,0,0,8,0,0,0,0,4.9375
function@_QMbc_bry2d_modPbc_u2d_bry_tile,0,0,0,0,0,11,0,0,0,0,6.40625
function@_QMbc_bry2d_modPbc_v2d_bry_tile,0,0,0,0,0,11,0,0,0,0,6.40625
function@_QMmod_oceanPallocate_ocean,90,2,0,30,1,41,90,2,30,1,40
function@_QMmod_oceanPinitialize_ocean,13,8,0,11,0,91,5813.24,3043.88,375.8,0,1.14249e+06
