Comando: /home/mpvreal/Code/Faculdade/tcc/llvm/build/bin/llc --march=aarch64 --regalloc=basic -o -
Heurística: div(cost,pow(degree,2))
function@flux_,42,0,0,15,0,12,42,0,15,0,12
function@flux_..omp_par.4,155,0,0,75,0,4,447651,0,9631.25,0,8801.83
function@flux_..omp_par.3,36,1,0,20,0,4,2885.42,0.666667,58.5,0,441.833
function@flux_..omp_par.2,9,0,0,6,0,6,57.3333,0,6,0,50.4167
function@flux_..omp_par.1,192,3,0,106,0,3,21215.2,1.875,5199,0,33.25
function@flux_..omp_par,9,0,0,6,0,6,57.3333,0,6,0,50.4167
function@_QQmain,0,0,0,0,0,146,0,0,0,0,142
function@jacobian_,5,0,0,5,0,5,5,0,5,0,5
function@jacobian_..omp_par,73,0,0,39,0,5,300442,0,85431.2,0,1492.92
function@fill1_,0,0,0,0,0,8,0,0,0,0,8
function@fill1_..omp_par.1,0,0,0,0,0,8,0,0,0,0,27.9167
function@fill1_..omp_par,0,0,0,0,0,11,0,0,0,0,1307.67
function@shell_,130,0,0,36,0,78,1405.81,0,33.7143,0,15994.9
function@shell_..omp_par.8,0,0,0,0,0,11,0,0,0,0,987.667
function@shell_..omp_par.7,141,0,0,78,0,3,1.78479e+06,0,17332.1,0,8535.25
function@shell_..omp_par.6,134,0,0,98,0,6,321592,0,140044,0,298668
function@shell_..omp_par.5,3,0,0,2,0,14,1.625,0,2,0,829.562
function@shell_..omp_par.4,27,0,0,21,0,26,562.688,0,21.875,0,742.062
function@shell_..omp_par.3,8,0,0,6,0,6,31.5,0,6,0,982.333
function@shell_..omp_par.2,1,0,0,1,0,10,0.666667,0,1,0,881.083
function@shell_..omp_par.1,0,0,0,0,0,9,0,0,0,0,294.5
function@shell_..omp_par,5,0,0,3,0,4,37.5,0,3,0,8981.75
function@.omp.reduction.func,0,0,0,0,0,0,0,0,0,0,0
function@bi_cgstab_block_,48,0,0,14,0,45,466.25,0,14,0,313.875
function@bi_cgstab_block_..omp_par.12,0,0,0,0,0,17,0,0,0,0,16680.8
function@bi_cgstab_block_..omp_par.11,37,1,0,23,0,12,16249.2,0.666667,1407.83,0,16267.8
function@bi_cgstab_block_..omp_par.10,2,0,0,1,0,19,1,0,1,0,24930.7
function@bi_cgstab_block_..omp_par.9,16,1,0,10,0,12,182.417,0.666667,28.25,0,14041.2
function@bi_cgstab_block_..omp_par.8,0,0,0,0,0,19,0,0,0,0,24930.7
function@bi_cgstab_block_..omp_par.7,32,1,0,20,0,14,8678.58,0.666667,89,0,15641
function@bi_cgstab_block_..omp_par.6,0,0,0,0,0,19,0,0,0,0,24930.7
function@bi_cgstab_block_..omp_par.5,3,0,0,2,0,21,1.625,0,2,0,33180.6
function@bi_cgstab_block_..omp_par,51,1,0,37,0,14,5907.42,0.666667,2331.92,0,16801
function@mat_times_vec_,5,0,0,5,0,3,5,0,5,0,3
function@mat_times_vec_..omp_par,119,0,0,63,0,12,162135,0,14940,0,421334
function@.omp.reduction.func,0,0,0,0,0,0,0,0,0,0,0
function@.omp.reduction.func.1,0,0,0,0,0,0,0,0,0,0,0
function@.omp.reduction.func.2,0,0,0,0,0,0,0,0,0,0,0
function@.omp.reduction.func.3,0,0,0,0,0,0,0,0,0,0,0
function@.omp.reduction.func.4,0,0,0,0,0,0,0,0,0,0,0
function@fill2_,0,0,0,0,0,7,0,0,0,0,7
function@fill2_..omp_par.1,0,0,0,0,0,9,0,0,0,0,41.1667
function@fill2_..omp_par,0,0,0,0,0,9,0,0,0,0,41.1667
