Comando: /home/mpvreal/Code/Faculdade/tcc/llvm/build/bin/llc --march=x86 --regalloc=basic -o -
Heurística: original
function@set_data_,0,0,0,0,0,0,0,0,0,0,0
function@set_data_tile_,0,0,0,0,0,0,0,0,0,0,0
function@get_3dfld_,85,45,0,42,58,58,24.3619,25.7905,26.9535,27.0256,133.402
function@set_ngfldr_,0,0,0,0,0,0,0,0,0,0,0
function@close_io_,0,0,0,0,0,14,0,0,0,0,3.52679
function@_QMdiag_modPdiag,223,0,0,138,0,6,223,0,138,0,6
function@_QMdiag_modPdiag_tile,698,271,0,337,179,57,108998,39518.2,27165,6158.02,12839
function@_QMmod_mixingPallocate_mixing,323,37,0,48,51,9,322.5,37,44,46.5,9
function@_QMmod_mixingPinitialize_mixing,407,85,0,194,57,33,5.85315e+06,1.1703e+06,2.63181e+06,358287,20234.8
function@_QMset_zeta_modPset_zeta,30,0,0,30,0,4,30,0,30,0,4
function@_QMset_zeta_modPset_zeta_tile,137,37,0,72,29,12,5956.32,1996.75,2539.79,415.235,868.279
function@def_impulse_,0,0,0,0,0,0,0,0,0,0,0
function@get_3dfldr_,0,0,0,0,0,0,0,0,0,0,0
function@_QMdef_var_modPdef_var,13,47,0,16,6,139,6.01291,16.7744,3.17527,7.5408,166.364
function@_QMnf_fread3d_bry_modPnf_fread3d_bry,163,90,0,96,85,25,1.02022e+06,722809,112039,262174,416166
function@_QMnrutilParray_copy_r,14,7,0,5,4,6,143.48,55.2,3.32,26.24,42.28
function@_QMnrutilParray_copy_d,14,7,0,5,4,6,143.48,55.2,3.32,26.24,42.28
function@_QMnrutilParray_copy_i,8,8,0,4,6,7,77.16,65.4,2.68,36.68,55.04
function@_QMnrutilParth_r,16,79,0,14,50,9,93.8333,3274.13,187.725,1344.76,193.324
function@_QMnrutilParth_d,57,21,0,12,31,11,2296.57,222.775,107.431,486.902,269.069
function@_QMnrutilParth_i,84,22,0,49,61,7,3317.01,336.5,1849.04,1732.1,188.637
function@_QMnrutilPnrerror,0,0,0,0,0,1,0,0,0,0,1
function@_QMnrutilPreallocate_rv,40,21,0,27,19,15,260.664,91.3125,109.086,87.3535,56.7812
function@_QMnrutilPreallocate_iv,41,21,0,18,30,14,273.164,92.875,55.9609,137.207,50.5312
function@_QMnrutilPreallocate_hv,358,58,0,111,25,22,1097.22,144.094,283.302,47.5323,76.2686
function@_QMnrutilPreallocate_rm,57,52,0,34,28,15,3668.12,2709.52,234.477,917.295,1395.44
function@_QMnrutilPreallocate_im,63,46,0,38,31,14,4875.94,1904.52,1339.48,1874.48,937.625
function@_QMlmd_vmix_modPlmd_vmix,229,0,0,149,0,7,229,0,149,0,7
function@_QMlmd_vmix_modPlmd_vmix_tile,1714,455,0,855,374,64,1.05926e+06,286648,250094,60915.4,100177
function@_QMlmd_vmix_modPlmd_finish,74,0,0,63,0,3,74,0,63,0,3
function@_QMlmd_vmix_modPlmd_finish_tile,94,47,0,80,36,26,76702.7,49822.8,17828.9,25929.1,64822.8
function@wrt_floats_,0,0,0,0,0,0,0,0,0,0,0
function@_QMnf_fwrite3d_bry_modPnf_fwrite3d_bry,253,97,0,138,110,13,763168,259316,43200,315685,84378.6
function@my_flush_,0,0,0,0,0,0,0,0,0,0,0
function@my_getpid_,0,0,0,0,0,0,0,0,0,0,0
function@my_numthreads_,0,0,0,0,0,0,0,0,0,0,0
function@my_threadnum_,0,0,0,0,0,0,0,0,0,0,0
function@my_wtime_,0,0,0,0,0,0,0,0,0,0,0
function@wrt_station_,0,0,0,0,0,0,0,0,0,0,0
function@lmd_swfrac_tile_,139,34,0,61,67,9,14008.4,3193.75,2196.85,4555.05,1346.95
function@_QMstate_initialize_modPstate_initialize,157,89,0,129,49,41,291471,815242,23428.8,20748.2,693265
function@get_cycle_,58,19,0,12,18,14,303.954,34.3341,19.569,57.7579,45.8426
function@wrt_info_,499,230,0,460,36,53,7.00093,1.96503,3.96564,1,2.00015
function@_QMt3dmix_modPt3dmix2,276,0,0,141,0,7,276,0,141,0,7
function@_QMt3dmix_modPt3dmix2_tile,1858,484,0,549,431,196,3.8508e+07,7.86311e+06,4.29316e+06,4.06749e+06,4.25018e+06
function@_QMini_fields_modPini_fields,422,0,0,245,0,3,422,0,245,0,3
function@_QMini_fields_modPini_fields_tile,897,313,0,437,209,67,612132,577363,256569,133456,92886.6
function@_QMini_fields_modPini_zeta,33,0,0,33,0,9,33,0,33,0,9
function@_QMini_fields_modPini_zeta_tile,98,40,0,77,29,10,2975.46,2885.17,1606.32,821.183,894.991
function@set_scoord_,193,33,0,35,73,55,557.471,93.9059,64.4353,132.294,229.412
function@_QMset_3dfld_modPset_3dfld_tile,442,191,0,253,154,51,47931.6,20508.2,15706.3,8907.06,13761.1
function@obs_read_,0,0,0,0,0,0,0,0,0,0,0
function@wrt_error_,0,0,0,0,0,0,0,0,0,0,0
function@initial_,0,0,0,0,0,2,0,0,0,0,1.62162
function@initial_..omp_par.9,0,0,0,0,0,1,0,0,0,0,1
function@initial_..omp_par.8,8,7,0,6,1,7,140.562,424.875,24.9375,0.625,884.562
function@initial_..omp_par.7,8,8,0,6,1,7,140.562,824.812,24.9375,0.625,884.562
function@initial_..omp_par.6,8,7,0,6,1,7,140.562,424.875,24.9375,0.625,884.562
function@initial_..omp_par.5,8,7,0,6,1,7,140.562,424.875,24.9375,0.625,884.562
function@initial_..omp_par.4,8,7,0,6,1,7,140.562,424.875,24.9375,0.625,884.562
function@initial_..omp_par.3,8,7,0,6,1,7,140.562,424.875,24.9375,0.625,884.562
function@initial_..omp_par.2,8,7,0,6,1,7,140.562,424.875,24.9375,0.625,884.562
function@initial_..omp_par.1,8,7,0,6,1,7,140.562,424.875,24.9375,0.625,884.562
function@initial_..omp_par,0,0,0,0,0,1,0,0,0,0,1
function@lubksb_,25,22,0,17,14,14,760.25,659.55,114.1,603.75,169.2
function@_QMran_statePran_init,0,0,0,0,0,1,0,0,0,0,1
function@_QMran_statePran_seed,0,0,0,0,0,1,0,0,0,0,1
function@_QMmod_gridPallocate_grid,679,107,0,94,136,60,678,107,80,122,60
function@_QMmod_gridPinitialize_grid,974,115,0,438,64,14,223488,75684.8,98572.2,9762.88,20696.4
function@_QMpre_step3d_modPpre_step3d,1023,3,0,468,0,10,1023,3,468,0,10
function@_QMpre_step3d_modPpre_step3d_tile,4980,1934,0,2489,1333,342,3.49403e+07,1.15616e+07,8.27416e+06,2.34047e+06,4.08453e+06
function@checkdefs_,195,54,0,51,54,312,177,53.625,26.5,53.5,1866
function@_QQmain,0,0,0,0,0,1,0,0,0,0,1
function@set_diags_,0,0,0,0,0,0,0,0,0,0,0
function@checkvars_,29,51,0,28,9,46,126.305,646.928,334.002,2.37791,674.211
function@main2d_,0,0,0,0,0,0,0,0,0,0,0
function@get_2dfld_,92,62,0,53,67,64,41.5324,55.2925,38.4648,27.8111,185.199
function@_QMnf_fread3d_modPnf_fread3d,156,59,0,82,49,16,11168.7,2924.76,312.632,3896.73,994.845
function@def_tides_,0,0,0,0,0,0,0,0,0,0,0
function@gasdev_s_,16,1,0,1,7,0,148,1,1,50.5,0
function@gasdev_v_,699,124,0,106,173,58,28819.5,4314.81,2997.87,4721.06,1961.78
function@def_dim_,2,1,0,1,0,3,0.75,0.625,0.625,0,2.21875
function@inp_par_,498,85,0,173,45,32,3449.76,327.689,1216.9,236.205,131.467
function@read_phypar_,808,530,0,426,272,587,82.7205,407.85,51.1655,365.91,102.32
function@decode_line_,36,46,0,29,44,43,40.9643,40.5612,19.6071,22.199,145.408
function@load_i1_,0,0,0,0,0,2,0,0,0,0,1.5
function@load_l1_,0,0,0,0,0,0,0,0,0,0,0
function@load_r1_,0,0,0,0,0,2,0,0,0,0,1.5
function@load_i_,66,14,0,38,37,12,127.525,32.3382,85.8284,68.7059,54.4069
function@load_l_,7,10,0,7,13,5,31.8571,82.6429,42.381,63.5952,21.9762
function@load_r_,27,8,0,6,30,12,92.2353,26.0392,22.1275,94.1078,36.3235
function@get_varcoords_,113,80,0,62,124,50,39.6055,39.1567,25.4824,27.5552,103.077
function@_QMexchange_2d_modPexchange_p2d_tile,53,37,0,37,25,11,107.706,160.863,59.7647,38.5294,33.3137
function@_QMexchange_2d_modPexchange_r2d_tile,53,37,0,37,25,11,107.706,160.863,59.7647,38.5294,33.3137
function@_QMexchange_2d_modPexchange_u2d_tile,53,37,0,37,25,11,107.706,160.863,59.7647,38.5294,33.3137
function@_QMexchange_2d_modPexchange_v2d_tile,53,37,0,37,25,11,107.706,160.863,59.7647,38.5294,33.3137
function@_QMshapiro_modPshapiro2d_tile,373,141,0,179,89,35,18823.5,5055.54,4437.43,1674.8,1965.12
function@_QMshapiro_modPshapiro3d_tile,384,144,0,178,95,41,379116,96501.8,63960,24456.3,46951.1
function@congrad_,0,0,0,0,0,0,0,0,0,0,0
function@obs_depth_,0,0,0,0,0,0,0,0,0,0,0
function@set_ngfld_,158,78,0,80,97,17,1382.94,1578.61,957.2,250.812,437.729
function@get_2dfldr_,0,0,0,0,0,0,0,0,0,0,0
function@_QMuv3dmix_modPuv3dmix2,573,0,0,255,0,8,573,0,255,0,8
function@_QMuv3dmix_modPuv3dmix2_tile,1097,330,0,538,257,59,1.91056e+06,544232,387665,104552,92311.3
function@_QMocean_control_modProms_initialize,0,0,0,0,0,2,0,0,0,0,1.20968
function@_QMocean_control_modProms_initialize..omp_par,0,0,0,0,0,1,0,0,0,0,1
function@_QMocean_control_modProms_run,0,0,0,0,0,1,0,0,0,0,1
function@_QMocean_control_modProms_finalize,0,0,0,0,0,1,0,0,0,0,1
function@_QMocean_control_modProms_finalize..omp_par,0,0,0,0,0,1,0,0,0,0,1
function@def_hessian_,0,0,0,0,0,0,0,0,0,0,0
function@_QMstep2d_modPstep2d,1260,0,0,561,0,10,1260,0,561,0,10
function@_QMstep2d_modPstep2d_tile,8158,2830,0,3580,1731,414,228958,57823.6,47269.5,20053,13436.3
function@_QMmod_forcesPallocate_forces,325,49,0,47,52,16,324,49,41,47,16
function@_QMmod_forcesPinitialize_forces,106,49,0,27,11,11,43492.9,47732.9,4754.12,4565.03,16389.4
function@def_lanczos_,0,0,0,0,0,0,0,0,0,0,0
function@_QMnf_fwrite2d_modPnf_fwrite2d,150,48,0,82,32,8,1518.85,715.208,637.125,340.361,98.7222
function@_QMu3dbc_modPu3dbc,31,0,0,26,0,1,31,0,26,0,1
function@_QMu3dbc_modPu3dbc_tile,98,42,0,78,32,12,3888.1,2164.52,2816.45,1923.68,215.926
function@def_his_,122,76,0,78,8,79,20.4689,116.898,69.2422,0.0146512,117.464
function@_QMmetrics_modPmetrics,382,0,0,359,0,7,382,0,359,0,7
function@_QMmetrics_modPmetrics_tile,2512,654,0,1068,690,58,133727,57244.9,21020.2,23737.4,13359.4
function@_QMt3dbc_modPt3dbc,37,0,0,32,0,1,37,0,32,0,1
function@_QMt3dbc_modPt3dbc_tile,100,50,0,86,35,14,4286.3,2973.51,3328.88,2227.05,421.012
function@set_weights_,103,40,0,35,57,51,7583.72,1921.28,726.594,1540.75,5311.25
function@_QMnf_fwrite4d_modPnf_fwrite4d,166,65,0,104,48,9,734330,195639,142086,158071,37899.1
function@def_station_,0,0,0,0,0,0,0,0,0,0,0
function@_QMwvelocity_modPwvelocity,389,0,0,174,0,10,389,0,174,0,10
function@_QMwvelocity_modPwvelocity_tile,1447,478,0,590,319,79,1.14316e+06,324936,266663,28504.3,80602.8
function@_QMbulk_flux_modPbulk_flux,315,1,0,259,0,9,315,1,259,0,9
function@_QMbulk_flux_modPbulk_flux_tile,2020,273,0,372,621,86,1.13152e+06,35849.6,18798.2,317908,35058.4
function@_QMbulk_flux_modPbulk_psiu,37,0,0,0,14,1,19,0,0,7.5,0.25
function@_QMbulk_flux_modPbulk_psit,28,0,0,0,11,0,14.5,0,0,5.75,0
function@_QMnf_fwrite3d_modPnf_fwrite3d,145,58,0,85,37,8,36944.6,9710.74,7175.76,7894.44,3211.79
function@get_state_,124,41,0,132,31,55,2.0674,3.97835,2.44243,1.3532,8.56181
function@_QMutility_modPnrng,46,10,0,15,21,4,31.9176,9.99267,10.1209,8.97894,2.86813
function@_QMutility_modPurng,11,8,0,9,3,16,25.6914,19.1852,13.5062,0.296296,47.2099
function@obs_initial_,0,0,0,0,0,0,0,0,0,0,0
function@checkadj_,0,8,0,5,0,23,0,8,5,0,21
function@def_diags_,0,0,0,0,0,0,0,0,0,0,0
function@_QManalytical_modPana_btflux,25,0,0,20,0,1,25,0,20,0,1
function@_QManalytical_modPana_btflux_tile,110,54,0,93,31,8,2824.04,2049.47,2133.07,920.46,160.025
function@_QManalytical_modPana_cloud,11,0,0,11,0,4,11,0,11,0,4
function@_QManalytical_modPana_cloud_tile,45,21,0,30,17,13,418.2,1050.18,230.325,43.7,993.425
function@_QManalytical_modPana_grid,206,0,0,183,0,7,206,0,183,0,7
function@_QManalytical_modPana_grid_tile,1241,412,0,582,314,62,54686,18047.1,12144.2,4424.42,6026.94
function@_QManalytical_modPana_humid,11,0,0,11,0,4,11,0,11,0,4
function@_QManalytical_modPana_humid_tile,45,21,0,30,17,13,418.2,1050.18,230.325,43.7,993.425
function@_QManalytical_modPana_initial,312,0,0,151,0,4,156,0,75.5,0,3.5
function@_QManalytical_modPana_nlminitial_tile,342,161,0,217,118,64,91352.1,109717,20899,20049.3,61243.6
function@_QManalytical_modPana_pair,11,0,0,11,0,4,11,0,11,0,4
function@_QManalytical_modPana_pair_tile,45,21,0,30,17,13,418.2,1050.18,230.325,43.7,993.425
function@_QManalytical_modPana_rain,11,0,0,11,0,4,11,0,11,0,4
function@_QManalytical_modPana_rain_tile,45,21,0,30,17,13,418.2,1050.18,230.325,43.7,993.425
function@_QManalytical_modPana_srflux,141,0,0,74,0,5,141,0,74,0,5
function@_QManalytical_modPana_srflux_tile,368,55,0,84,123,29,17237.1,3081.55,781.375,4679.17,2666.07
function@_QManalytical_modPana_stflux,31,0,0,20,0,3,31,0,20,0,3
function@_QManalytical_modPana_stflux_tile,113,55,0,95,33,8,2827.04,2051.32,2135.42,922.301,160.025
function@_QManalytical_modPana_tair,11,0,0,11,0,4,11,0,11,0,4
function@_QManalytical_modPana_tair_tile,45,21,0,30,17,13,418.2,1050.18,230.325,43.7,993.425
function@_QManalytical_modPana_winds,70,0,0,37,0,5,70,0,37,0,5
function@_QManalytical_modPana_winds_tile,120,47,0,66,30,11,4039.57,2867.48,905.525,361.525,902.375
function@_QMbc_bry3d_modPbc_r3d_bry_tile,136,110,0,115,76,90,135.235,193.274,126.814,48.1862,88.549
function@_QMbc_bry3d_modPbc_u3d_bry_tile,168,124,0,141,98,78,166.892,216.157,139.755,57.6176,81.1176
function@_QMbc_bry3d_modPbc_v3d_bry_tile,154,122,0,132,89,89,146.274,211.157,129.176,51.8333,91.8333
function@get_data_,0,0,0,0,0,0,0,0,0,0,0
function@_QMstep3d_t_modPstep3d_t,346,0,0,159,0,9,346,0,159,0,9
function@_QMstep3d_t_modPstep3d_t_tile,2739,930,0,1133,731,223,4.83471e+07,1.41724e+07,1.14923e+07,3.27837e+06,4.97451e+06
function@_QMmod_netcdfPnetcdf_get_dim,0,0,0,0,0,1,0,0,0,0,1
function@_QMmod_netcdfPnetcdf_check_dim,0,0,0,0,0,1,0,0,0,0,1
function@_QMmod_netcdfPnetcdf_check_var,0,0,0,0,0,1,0,0,0,0,1
function@_QMmod_netcdfPnetcdf_inq_var,0,0,0,0,0,1,0,0,0,0,1
function@_QMmod_netcdfPnetcdf_inq_varid,0,0,0,0,0,1,0,0,0,0,1
function@_QMmod_netcdfPnetcdf_get_fatt,0,0,0,0,0,1,0,0,0,0,1
function@_QMmod_netcdfPnetcdf_get_fvar_0d,0,0,0,0,0,1,0,0,0,0,1
function@_QMmod_netcdfPnetcdf_get_fvar_1d,0,0,0,0,0,1,0,0,0,0,1
function@_QMmod_netcdfPnetcdf_get_fvar_2d,0,0,0,0,0,1,0,0,0,0,1
function@_QMmod_netcdfPnetcdf_get_fvar_3d,0,0,0,0,0,1,0,0,0,0,1
function@_QMmod_netcdfPnetcdf_get_fvar_4d,0,0,0,0,0,1,0,0,0,0,1
function@_QMmod_netcdfPnetcdf_get_ivar_0d,0,0,0,0,0,1,0,0,0,0,1
function@_QMmod_netcdfPnetcdf_get_ivar_1d,0,0,0,0,0,1,0,0,0,0,1
function@_QMmod_netcdfPnetcdf_get_ivar_2d,0,0,0,0,0,1,0,0,0,0,1
function@_QMmod_netcdfPnetcdf_get_svar_0d,0,0,0,0,0,1,0,0,0,0,1
function@_QMmod_netcdfPnetcdf_get_svar_1d,0,0,0,0,0,1,0,0,0,0,1
function@_QMmod_netcdfPnetcdf_put_fvar_0d,0,0,0,0,0,1,0,0,0,0,1
function@_QMmod_netcdfPnetcdf_put_fvar_1d,0,0,0,0,0,1,0,0,0,0,1
function@_QMmod_netcdfPnetcdf_put_fvar_2d,0,0,0,0,0,1,0,0,0,0,1
function@_QMmod_netcdfPnetcdf_put_fvar_3d,0,0,0,0,0,1,0,0,0,0,1
function@_QMmod_netcdfPnetcdf_put_fvar_4d,0,0,0,0,0,1,0,0,0,0,1
function@_QMmod_netcdfPnetcdf_put_ivar_0d,0,0,0,0,0,1,0,0,0,0,1
function@_QMmod_netcdfPnetcdf_put_ivar_1d,0,0,0,0,0,1,0,0,0,0,1
function@_QMmod_netcdfPnetcdf_put_ivar_2d,0,0,0,0,0,1,0,0,0,0,1
function@_QMmod_netcdfPnetcdf_put_lvar_0d,0,0,0,0,0,1,0,0,0,0,1
function@_QMmod_netcdfPnetcdf_put_lvar_1d,0,0,0,0,0,1,0,0,0,0,1
function@_QMmod_netcdfPnetcdf_put_lvar_2d,0,0,0,0,0,1,0,0,0,0,1
function@_QMmod_netcdfPnetcdf_put_svar_0d,0,0,0,0,0,1,0,0,0,0,1
function@_QMmod_netcdfPnetcdf_put_svar_1d,0,0,0,0,0,1,0,0,0,0,1
function@_QMmod_netcdfPnetcdf_close,0,0,0,0,0,1,0,0,0,0,1
function@_QMmod_netcdfPnetcdf_create,0,0,0,0,0,1,0,0,0,0,1
function@_QMmod_netcdfPnetcdf_enddef,0,0,0,0,0,1,0,0,0,0,1
function@_QMmod_netcdfPnetcdf_open,0,0,0,0,0,1,0,0,0,0,1
function@_QMmod_netcdfPnetcdf_openid,0,0,0,0,0,0,0,0,0,0,0
function@_QMmod_netcdfPnetcdf_redef,0,0,0,0,0,1,0,0,0,0,1
function@_QMmod_netcdfPnetcdf_sync,0,0,0,0,0,1,0,0,0,0,1
function@nf90_get_var_,0,0,0,0,0,0,0,0,0,0,0
function@nf90_put_var_,0,0,0,0,0,0,0,0,0,0,0
function@nf90_def_var_,0,0,0,0,0,0,0,0,0,0,0
function@nf90_put_att_,0,0,0,0,0,0,0,0,0,0,0
function@nf90_get_dim_,0,0,0,0,0,0,0,0,0,0,0
function@nf90_def_dim_,0,0,0,0,0,0,0,0,0,0,0
function@nf90_strerror_,0,0,0,0,0,0,0,0,0,0,0
function@_QMlmd_skpp_modPlmd_skpp,741,0,0,358,0,4,741,0,358,0,4
function@_QMlmd_skpp_modPlmd_skpp_tile,4281,1350,0,1933,952,295,2.00779e+06,624847,384761,189457,187515
function@get_grid_,0,0,0,0,0,0,0,0,0,0,0
function@wrt_gst_,0,0,0,0,0,0,0,0,0,0,0
function@_QMnf_fread4d_modPnf_fread4d,180,69,0,96,67,15,231949,60565.8,5603.9,82858.5,20478.3
function@grid_coords_,0,0,0,0,0,0,0,0,0,0,0
function@wclock_on_,0,0,0,0,0,5,0,0,0,0,16.1429
function@wclock_off_,6,4,0,2,2,4,3,2.57143,1.61905,1.09524,3.71429
function@rep_matrix_,0,0,0,0,0,0,0,0,0,0,0
function@mod_arrays_,0,0,0,0,0,1,0,0,0,0,1
function@mod_arrays_..omp_par,7,5,0,4,2,6,120.625,23.9375,22.9375,1.625,864.625
function@def_error_,0,0,0,0,0,0,0,0,0,0,0
function@def_norm_,0,0,0,0,0,0,0,0,0,0,0
function@def_gst_,0,0,0,0,0,0,0,0,0,0,0
function@_QMinterpolate_modPlinterp2d,23,12,0,19,12,9,2411.31,1666.62,1163.31,427.188,2239.56
function@_QMinterpolate_modPcinterp2d,263,38,0,26,71,8,50920.7,7266.5,2872.81,11611.8,1200
function@_QMinterpolate_modPhindices,118,37,0,38,46,20,13762.4,11841.8,1691.18,1271.94,7703.12
function@_QMinterpolate_modPtry_range,379,132,0,183,115,25,984.662,387.296,389.172,234.93,77.409
function@_QMinterpolate_modPinside,48,20,0,16,27,4,641.686,245.767,180.047,188.151,90
function@_QMbc_3d_modPbc_r3d_tile,185,87,0,124,71,20,2425.32,1726.27,1500.7,783.864,403.173
function@_QMbc_3d_modPbc_u3d_tile,129,59,0,97,41,19,3069.57,1304.14,1618.42,933.827,440.284
function@_QMbc_3d_modPbc_v3d_tile,124,58,0,80,47,19,522.049,1300.81,558.124,147.148,569.432
function@_QMbc_3d_modPbc_w3d_tile,185,87,0,124,71,20,2425.32,1726.27,1500.7,783.864,403.173
function@stats_modobs_,0,0,0,0,0,0,0,0,0,0,0
function@wrt_hessian_,0,0,0,0,0,0,0,0,0,0,0
function@wrt_his_,771,146,0,465,85,61,60.6652,62.3662,25.9671,14.7916,8.69581
function@_QMmod_couplingPallocate_coupling,205,26,0,29,26,16,204,26,25,24,16
function@_QMmod_couplingPinitialize_coupling,77,16,0,23,9,16,2136.77,2267.58,452.7,213.6,1848.48
function@_QMnf_fwrite2d_bry_modPnf_fwrite2d_bry,193,75,0,86,69,20,47874.1,17572.6,7482.2,15109.9,8329.92
function@_QMwhite_noise_modPwhite_noise1d,219,80,0,74,92,26,117.321,137.474,83.965,35.6979,62.4609
function@_QMwhite_noise_modPwhite_noise2d,268,89,0,91,93,41,7609.85,1922.13,1340.65,863.257,1342.44
function@_QMwhite_noise_modPwhite_noise2d_bry,203,78,0,76,107,33,149.244,142.73,82.0855,41.8697,72.9365
function@_QMwhite_noise_modPwhite_noise3d,322,126,0,151,136,49,55212,29381.1,12953.9,16136.3,26335.3
function@_QMwhite_noise_modPwhite_noise3d_bry,416,133,0,165,125,23,6771.07,2045.18,2169.79,977.605,691.237
function@get_ngfld_,104,78,0,64,61,46,111.915,81.5682,81.5243,36.2922,79.4681
function@regrid_,67,92,0,27,55,12,2258.06,1151.64,397.578,840.375,161.641
function@_QMv3dbc_modPv3dbc,31,0,0,26,0,1,31,0,26,0,1
function@_QMv3dbc_modPv3dbc_tile,77,37,0,68,22,11,2559.67,1860.53,1908.86,817.728,218.457
function@_QMstate_dotprod_modPstate_dotprod,399,140,0,267,126,32,2.58985e+06,665252,661114,226195,363270
function@my_abort_,0,0,0,0,0,0,0,0,0,0,0
function@get_bounds_,0,0,0,0,0,1,0,0,0,0,1
function@get_domain_,0,0,0,0,0,2,0,0,0,0,1.07059
function@get_iobounds_,0,0,0,0,0,0,0,0,0,0,0
function@get_tile_,6,8,0,6,3,5,3.84,5.48,4.2,1.92,2.56
function@tile_bounds_1d_,1,2,0,1,0,2,0.5,1.5,1,0,0.75
function@tile_bounds_2d_,5,7,0,5,4,5,5,7,5,3.5,4
function@var_bounds_,0,0,0,0,0,0,0,0,0,0,0
function@_QMset_massflux_modPset_massflux,129,0,0,129,0,4,129,0,129,0,4
function@_QMset_massflux_modPset_massflux_tile,171,90,0,134,59,32,203100,154311,56449.6,13536.8,56483.4
function@_QMzetabc_modPzetabc,25,0,0,20,0,1,25,0,20,0,1
function@_QMzetabc_modPzetabc_tile,61,29,0,50,28,20,181.274,96.5686,126.961,82.3529,17.9804
function@_QMbc_2d_modPbc_r2d_tile,164,69,0,66,63,20,144.467,62.2225,49.4866,41.8509,20.7042
function@_QMbc_2d_modPbc_u2d_tile,81,36,0,50,30,14,158.196,69.451,85.647,34.3922,22.7255
function@_QMbc_2d_modPbc_v2d_tile,196,39,0,46,39,19,208.193,47.3814,47.4352,26.6748,27.6088
function@_QMnf_fread2d_modPnf_fread2d,668,140,0,311,45,34,390.625,183.634,117.569,105.576,56.7159
function@def_mod_,0,0,0,0,0,0,0,0,0,0,0
function@def_ini_,0,0,0,0,0,0,0,0,0,0,0
function@_QMv2dbc_modPv2dbc,25,0,0,20,0,1,25,0,20,0,1
function@_QMv2dbc_modPv2dbc_tile,39,18,0,27,16,15,90.6471,56.1765,62.1373,41.4902,24.5882
function@_QMrhs3d_modPrhs3d,660,0,0,367,0,8,660,0,367,0,8
function@_QMrhs3d_modPrhs3d_tile,5265,1953,0,2335,1282,263,3.53762e+06,1.41771e+06,1.0033e+06,229212,306455
function@def_rst_,0,0,0,0,0,1,0,0,0,0,1
function@_QMmod_paramPinitialize_param,0,0,0,0,0,0,0,0,0,0,0
function@get_ngfldr_,0,0,0,0,0,0,0,0,0,0,0
function@_QMset_2dfld_modPset_2dfld_tile,351,147,0,186,108,37,2193.19,1347.42,977.918,417.921,420.833
function@_QMrho_eos_modPrho_eos,304,0,0,203,0,8,304,0,203,0,8
function@_QMrho_eos_modPrho_eos_tile,2951,451,0,486,824,133,4.61616e+06,317360,255828,1.24367e+06,145245
function@_QMstiffness_modPstiffness,56,0,0,51,0,1,56,0,51,0,1
function@_QMstiffness_modPstiffness_tile,262,123,0,145,91,57,183848,81144.3,30158,41471.8,102125
function@get_idata_,0,0,0,0,0,0,0,0,0,0,0
function@_QMprsgrd_modPprsgrd,253,0,0,151,0,6,253,0,151,0,6
function@_QMprsgrd_modPprsgrd_tile,1966,679,0,835,559,137,2.62995e+06,645463,554836,334648,267010
function@def_avg_,0,0,0,0,0,0,0,0,0,0,0
function@_QMu2dbc_modPu2dbc,25,0,0,20,0,1,25,0,20,0,1
function@_QMu2dbc_modPu2dbc_tile,61,29,0,50,28,20,181.274,96.5686,126.961,82.3529,17.9804
function@def_info_,33,49,0,33,5,86,40.6057,45.4065,30.5027,20.1563,296.351
function@_QMstate_scale_modPstate_scale,182,106,0,151,54,31,1.09792e+06,1.27445e+06,616526,350015,245988
function@wrt_diags_,0,0,0,0,0,0,0,0,0,0,0
function@_QMmod_ncparamPinitialize_ncparam,922,105,0,266,302,173,6227.84,2086.62,2697.88,1631.97,2864.47
function@_QMmod_scalarsPinitialize_scalars,230,57,0,80,54,44,1004.98,429.412,420.686,218.255,227.235
function@obs_cost_,0,0,0,0,0,0,0,0,0,0,0
function@_QMnf_fread2d_bry_modPnf_fread2d_bry,116,64,0,60,48,23,51587.6,35507.5,5609.95,13187.5,19871
function@_QMstate_addition_modPstate_addition,228,134,0,198,64,30,1.55885e+06,2.18146e+06,843310,48089.7,350396
function@wrt_tides_,0,0,0,0,0,0,0,0,0,0,0
function@wrt_rst_,302,63,0,206,25,32,8.05452,4.78313,8.8203,1.0812,3.63908
function@_QMomega_modPomega,166,0,0,76,0,6,166,0,76,0,6
function@_QMomega_modPomega_tile,524,212,0,235,122,49,357433,127552,99924.3,18618.5,37126.2
function@_QMomega_modPscale_omega,152,66,0,97,44,18,117076,46013.1,24984.5,11215.3,20325.9
function@wrt_impulse_,0,0,0,0,0,0,0,0,0,0,0
function@_QMextract_sta_modPextract_sta2d,213,114,0,97,46,29,645.49,199.373,98.7353,154.833,89.4412
function@_QMextract_sta_modPextract_sta3d,954,406,0,424,220,104,1281.87,432.531,331.93,240.333,155.23
function@get_gst_,0,0,0,0,0,0,0,0,0,0,0
function@checkerror_,1,0,0,1,1,2,1,0,0.380952,1,1.47619
function@output_,4,3,0,3,1,4,7.90458,0.354962,4.14504,0.0572519,1.53435
function@_QMexchange_3d_modPexchange_p3d_tile,108,67,0,84,29,17,4078.68,4006.78,1813.14,1034.83,928.161
function@_QMexchange_3d_modPexchange_r3d_tile,108,67,0,84,29,17,4078.68,4006.78,1813.14,1034.83,928.161
function@_QMexchange_3d_modPexchange_u3d_tile,108,67,0,84,29,17,4078.68,4006.78,1813.14,1034.83,928.161
function@_QMexchange_3d_modPexchange_v3d_tile,108,67,0,84,29,17,4078.68,4006.78,1813.14,1034.83,928.161
function@_QMexchange_3d_modPexchange_w3d_tile,108,67,0,84,29,17,4078.68,4006.78,1813.14,1034.83,928.161
function@def_floats_,0,0,0,0,0,0,0,0,0,0,0
function@get_date_,0,1,0,1,1,3,0,0.619048,1,0.619048,3
function@day_code_,70,34,0,56,45,15,317.92,53.8,323.52,20.52,38
function@caldate_,25,2,0,2,10,14,4.96188,0.246334,0.184751,1.54839,2.01466
function@ref_att_,14,3,0,3,4,4,14,3,3,4,3
function@time_string_,3,3,0,1,1,4,3,3,1,1,4
function@_QMset_vbc_modPset_vbc,235,0,0,143,0,4,235,0,143,0,4
function@_QMset_vbc_modPset_vbc_tile,187,131,0,167,52,36,13511.7,17281.1,4585.48,2804.95,5339.43
function@_QMset_depth_modPset_depth,97,0,0,81,0,5,97,0,81,0,5
function@_QMset_depth_modPset_depth_tile,633,215,0,275,175,45,167242,51364,31298.5,8569.03,17059.7
function@_QMstate_product_modPstate_product,566,216,0,314,209,55,2.80616e+06,1.05722e+06,693833,501298,495090
function@wrt_avg_,0,0,0,0,0,0,0,0,0,0,0
function@_QMstrings_modPfind_string,0,7,0,5,1,1,0,61.5769,41.6154,0.615385,9.80769
function@_QMstrings_modPlowercase,5,2,0,2,1,8,15.9375,20.9375,20.9375,0.5,82.75
function@_QMstrings_modPuppercase,5,2,0,2,1,8,15.9375,20.9375,20.9375,0.5,82.75
function@_QMstep3d_uv_modPstep3d_uv,731,0,0,333,0,9,731,0,333,0,9
function@_QMstep3d_uv_modPstep3d_uv_tile,4948,1591,0,1771,828,394,3.33419e+06,1.04233e+06,887721,216830,358720
function@ludcmp_,121,77,0,54,71,23,12039.8,13648.7,4680.68,4866.69,6699.81
function@obs_write_,0,0,0,0,0,0,0,0,0,0,0
function@_QMstate_copy_modPstate_copy,196,114,0,174,61,31,762331,1.59784e+06,357377,149210,463388
function@ran1_s_,0,0,0,0,0,1,0,0,0,0,1
function@ran1_v_,0,0,0,0,0,1,0,0,0,0,1
function@_QMmod_parallelPinitialize_parallel,0,0,0,0,0,4,0,0,0,0,4
function@main3d_,2,3,0,3,2,3,1.99219,2.05469,2.05469,0.0625,2.18359
function@main3d_..omp_par.13,8,7,0,6,1,7,140.562,424.875,24.9375,0.625,884.562
function@main3d_..omp_par.12,8,7,0,6,1,9,140.562,264.875,24.9375,0.625,594.438
function@main3d_..omp_par.11,8,7,0,6,1,9,140.562,264.875,24.9375,0.625,594.438
function@main3d_..omp_par.10,8,7,0,6,1,7,140.562,424.875,24.9375,0.625,884.562
function@main3d_..omp_par.9,8,7,0,6,1,9,140.562,264.875,24.9375,0.625,594.438
function@main3d_..omp_par.8,8,7,0,6,1,9,140.562,264.875,24.9375,0.625,594.438
function@main3d_..omp_par.7,8,7,0,6,1,9,140.562,264.875,24.9375,0.625,594.438
function@main3d_..omp_par.6,8,7,0,6,1,7,140.562,424.875,24.9375,0.625,884.562
function@main3d_..omp_par.5,11,9,0,7,5,5,407.875,983.688,283.812,48.9375,307.188
function@main3d_..omp_par.4,8,8,0,6,1,7,140.562,824.812,24.9375,0.625,884.562
function@main3d_..omp_par.3,8,9,0,6,1,7,140.562,1224.75,24.9375,0.625,884.562
function@main3d_..omp_par.2,8,7,0,6,1,9,140.562,264.875,24.9375,0.625,594.438
function@main3d_..omp_par.1,8,7,0,6,1,7,140.562,424.875,24.9375,0.625,884.562
function@main3d_..omp_par,8,7,0,6,1,7,140.562,424.875,24.9375,0.625,884.562
function@_QMbc_bry2d_modPbc_r2d_bry_tile,31,15,0,15,2,6,8.64062,3.51562,5.8125,0.46875,4.46875
function@_QMbc_bry2d_modPbc_u2d_bry_tile,36,15,0,19,3,8,9.8125,3.51562,7.51562,0.703125,5.70312
function@_QMbc_bry2d_modPbc_v2d_bry_tile,17,20,0,10,1,10,6.26562,6.5625,6.9375,0.234375,5.40625
function@wrt_ini_,0,0,0,0,0,0,0,0,0,0,0
function@_QMmod_oceanPallocate_ocean,256,53,0,61,76,22,256,53,55,68,22
function@_QMmod_oceanPinitialize_ocean,538,97,0,237,61,24,1.03482e+06,779926,232024,102710,295128
