Comando: /home/mpvreal/Code/Faculdade/tcc/llvm/build/bin/llc --march=x86 --regalloc=basic -o -
Heurística: div(cost,mul(area,pow(degree,2)))
function@main,58,83,0,69,67,50,0.142621,0.487396,1.2858,3.79632,29.6005
function@SigIntHandler,0,0,0,0,0,0,0,0,0,0,0
function@Help,0,17,0,2,1,1,0,11.625,1.8125,0.1875,1
function@x264_adaptive_quant_frame,56,45,0,27,29,19,658.393,663.962,228.481,285.538,258.179
function@x264_macroblock_tree_read,16,4,0,5,1,9,25.1145,4.81238,2.20817,0.45503,17.1604
function@x264_reference_build_list_optimal,4,5,0,2,11,7,82,224,6,102.5,249
function@x264_ratecontrol_init_reconfigurable,5,7,0,7,0,2,0.973684,1.42105,1.65461,0,0.296053
function@x264_ratecontrol_new,170,49,0,27,29,57,52.0487,139.297,2.71073,7.67755,133.493
function@x264_strcat_filename,0,0,0,0,0,5,0,0,0,0,5
function@init_pass2,325,131,0,156,53,84,22577.6,15363.2,7884.46,2577.09,11196.7
function@clip_qscale,70,30,0,27,4,11,58.7679,54.2818,9.65356,10.6882,32.8622
function@x264_ratecontrol_summary,0,1,0,2,0,0,0,0.154412,0.147059,0,0
function@x264_ratecontrol_delete,0,0,0,0,0,2,0,0,0,0,20.45
function@x264_ratecontrol_start,40,9,0,18,6,6,25.4057,4.76171,14.6119,2.625,27.7928
function@rate_estimate_qscale,200,52,0,67,3,13,206.95,49.4372,59.5405,1.1875,7.56319
function@x264_ratecontrol_mb,51,19,0,29,1,12,11.2668,5.24039,4.74359,0.15625,3.89423
function@predict_row_size_sum,21,8,0,14,0,10,137.214,53.8571,71.1191,0,36.881
function@x264_ratecontrol_qp,0,0,0,0,0,0,0,0,0,0,0
function@x264_ratecontrol_mb_qp,0,0,0,0,0,0,0,0,0,0,0
function@x264_ratecontrol_slice_type,0,0,0,0,0,2,0,0,0,0,7.26471
function@x264_ratecontrol_set_weights,0,0,0,0,0,0,0,0,0,0,0
function@x264_ratecontrol_end,54,9,0,15,4,11,22.4053,1.25883,6.12069,0.725708,14.1392
function@x264_hrd_fullness,4,5,0,2,0,0,3,4.5,2,0,0
function@x264_threads_normalize_predictors,2,5,0,1,1,8,0.925,9.025,1,0.2,70.55
function@x264_threads_distribute_ratecontrol,51,19,0,23,12,25,785.645,411.489,155.504,55.306,333.116
function@x264_threads_merge_ratecontrol,55,20,0,22,13,9,889.493,444.963,172.926,38.1103,334.301
function@x264_thread_sync_ratecontrol,0,0,0,0,0,0,0,0,0,0,0
function@x264_mb_encode_i4x4,0,0,0,0,0,7,0,0,0,0,2.625
function@x264_mb_encode_i8x8,0,0,0,0,0,7,0,0,0,0,4.73438
function@x264_mb_encode_8x8_chroma,45,28,0,15,14,29,366.6,241.913,78.6387,85.3994,289.739
function@x264_mb_optimize_chroma_dc,15,5,0,7,10,7,342.314,8.58824,14.4902,8.41177,250.863
function@x264_predict_lossless_8x8_chroma,0,0,0,0,0,0,0,0,0,0,0
function@x264_predict_lossless_4x4,0,0,0,0,0,0,0,0,0,0,0
function@x264_predict_lossless_8x8,0,0,0,0,0,1,0,0,0,0,1
function@x264_predict_lossless_16x16,0,0,0,0,0,0,0,0,0,0,0
function@x264_macroblock_encode,31,75,0,16,22,40,16.5723,25.8803,4.8727,6.81239,22.1795
function@x264_macroblock_probe_skip,9,13,0,16,5,6,6.08565,17.2079,6.45568,5.25225,34.5866
function@x264_noise_reduction_update,18,17,0,11,6,33,47.9375,47.9375,8,4.5,94.875
function@x264_macroblock_encode_p8x8,18,39,0,13,14,23,5.17969,10.1942,7.50806,4.70972,4.54533
function@x264_macroblock_encode_p4x4,1,2,0,1,0,4,0.140625,0.46875,0.375,0,1.625
function@x264_lookahead_init,1,5,0,2,2,11,0.390465,15.4677,1.01509,0.585395,53.6488
function@x264_lookahead_delete,0,0,0,0,0,0,0,0,0,0,0
function@x264_lookahead_put_frame,0,0,0,0,0,0,0,0,0,0,0
function@x264_lookahead_is_empty,0,0,0,0,0,0,0,0,0,0,0
function@x264_lookahead_get_frames,0,0,0,0,0,1,0,0,0,0,2.81443
function@x264_me_search_ref,1154,612,0,512,193,80,2453.14,1543.88,716.311,373.228,395.967
function@refine_subpel,289,125,0,82,27,10,248.096,136.189,79.5845,28.3784,16.5018
function@x264_me_refine_qpel,0,0,0,0,0,0,0,0,0,0,0
function@x264_me_refine_qpel_refdupe,0,0,0,0,0,4,0,0,0,0,4
function@x264_me_refine_bidir_satd,0,0,0,0,0,0,0,0,0,0,0
function@x264_me_refine_bidir,152,88,0,51,44,19,1238.41,534.564,343.933,198.384,97.5657
function@x264_me_refine_bidir_rd,0,0,0,0,0,1,0,0,0,0,1
function@x264_me_refine_qpel_rd,173,162,0,113,38,26,50.3493,55.8355,34.9519,17.4271,12.4529
function@x264_sps_init,1,0,0,0,2,2,1,0,0,0.999203,2
function@x264_sps_write,1220,160,0,191,243,183,526.468,84.7081,73.0314,106.376,108.627
function@x264_pps_init,112,0,0,81,30,8,27.6706,0,20.0118,2.82353,64.1882
function@x264_pps_write,72,24,0,36,33,67,39.3393,20.0893,21.0357,17.7857,48.7857
function@scaling_list_write,92,20,0,11,10,8,109.588,22.2353,13.6618,8.91177,18.9559
function@x264_sei_recovery_point_write,2,3,0,2,1,15,2,3,2,1,12
function@x264_sei_write_header,4,0,0,1,0,4,3.64,0,1,0,2.28
function@x264_sei_write,0,0,0,0,0,13,0,0,0,0,9.25
function@x264_sei_version_write,51,13,0,24,20,9,114.901,25.7778,53.3704,25.963,36.3457
function@x264_sei_buffering_period_write,9,2,0,6,4,17,6.52,0.64,4.24,1.92,11.84
function@x264_sei_pic_timing_write,6,0,0,2,0,10,5.12,0,2,0,6.28
function@x264_filler_write,10,0,0,4,4,8,24.6875,0,11.7188,11.3438,42.5312
function@x264_validate_levels,6,5,0,4,12,5,5,3.3125,4,4.10938,2.59375
function@x264_encoder_open_96,12,16,0,10,21,30,0.375325,0.79537,0.314942,0.80823,4.26047
function@x264_validate_parameters,9,4,0,5,0,20,0.172233,0.116961,0.119877,0,2.34899
function@x264_set_aspect_ratio,0,2,0,2,0,3,0,0.537109,0.78125,0,13.5
function@mbcmp_init,0,0,0,0,0,1,0,0,0,0,1
function@x264_encoder_reconfig,3,2,0,3,0,6,1.35294,1.74118,1.98824,0,2.74118
function@x264_encoder_parameters,0,0,0,0,0,0,0,0,0,0,0
function@x264_encoder_headers,3,0,0,1,0,11,2.47573,0,1,0,5.66019
function@x264_nal_start,0,0,0,0,0,1,0,0,0,0,1
function@x264_nal_end,0,0,0,0,0,4,0,0,0,0,3.5
function@x264_encoder_encapsulate_nals,67,19,0,17,28,20,407.167,128.524,103.143,129.81,217.619
function@x264_weighted_reference_duplicate,0,0,0,0,0,1,0,0,0,0,0.5
function@x264_encoder_intra_refresh,0,0,0,0,0,0,0,0,0,0,0
function@x264_encoder_encode,476,99,0,34,60,52,476.16,101.149,5.62201,17.7635,67.7194
function@x264_encoder_frame_end,474,22,0,27,11,56,520.369,8.73835,7.27818,10.1591,363.952
function@x264_reference_check_reorder,0,0,0,0,0,5,0,0,0,0,17.1905
function@x264_threaded_slices_write,216,14,0,14,8,36,4541.55,93.675,82.15,55.125,2940
function@x264_slices_write,1123,120,0,130,116,263,5535.88,1051.76,726.519,997.56,1337.74
function@x264_slice_header_init,22,5,0,4,5,5,25.5647,26.8059,2.04706,1.84706,51.1882
function@x264_fdec_filter_row,83,33,0,14,16,11,188.559,51.2843,29.9608,8.87255,18.3333
function@x264_encoder_close,335,201,0,287,105,29,116008,48236.3,59785.3,24644.3,14847.3
function@x264_encoder_delayed_frames,0,2,0,1,1,5,0,10.7742,0.483871,0.483871,35.9677
function@x264_macroblock_write_cavlc,157,47,0,58,56,106,66.2694,25.5112,33.9182,20.8893,58.5267
function@bs_write_ue,2,0,0,1,0,3,2,0,1,0,3
function@bs_write_te,0,3,0,2,1,3,0,2,1.5,0.5,2
function@cavlc_mb_mvd,7,7,0,4,6,6,7,7,4,6,4
function@block_residual_write_cavlc,98,23,0,19,9,21,303.625,121.75,50,54.5,51.25
function@block_residual_write_cavlc_escape,37,11,0,7,7,12,17.8504,6.33858,4.73228,4.73228,6.90551
function@x264_cabac_mb_skip,0,0,0,0,0,0,0,0,0,0,0
function@x264_macroblock_write_cabac,23,80,0,51,66,84,11.2774,42.6165,23.8009,34.6755,58.4646
function@x264_cabac_mb_ref,0,2,0,1,2,2,0,21.2857,1,20.9048,2
function@x264_cabac_mb_mvd,2,1,0,2,1,5,2,1,2,1,5
function@block_residual_write_cabac,17,23,0,10,9,11,167.594,575.702,70.1946,79.0681,50.3054
function@x264_cabac_mb_type_intra,0,0,0,0,0,3,0,0,0,0,2.24706
function@x264_cabac_mb_mvd_cpn,0,15,0,2,1,2,0,10.1373,2,0.607843,6
function@x264_rd_cost_part,40,45,0,40,39,37,8.38509,6.36284,8.82454,6.74683,14.6719
function@x264_rd_cost_mb,347,42,0,33,42,13,54.5726,7.19482,16.7799,6.54329,9.43945
function@ssd_plane,14,11,0,13,13,9,1.25824,2.8956,3.05495,3.8956,2.45055
function@x264_macroblock_size_cabac,879,82,0,83,108,132,367.113,62.3011,39.1269,35.5589,82.9871
function@x264_cabac_mb_ref,5,4,0,3,1,4,3.64,12.4,12.2,10.2,12.52
function@x264_cabac_mb8x8_mvd,18,9,0,10,9,19,3.6,1.8,2.8,1.8,4.6
function@x264_cabac_mb_mvd_cpn,57,12,0,12,16,4,34.5686,12.3824,13.3039,8.80392,6.15686
function@block_residual_write_cabac_internal,73,13,0,13,6,8,313.318,91.2222,60.4921,42.1905,22.4762
function@cavlc_mb_mvd,2,2,0,1,0,1,2,2,1,0,1
function@cavlc_mb8x8_mvd,0,9,0,18,9,4,0,1.8,1.8,0.899999,2.4
function@block_residual_write_cavlc,35,15,0,11,11,7,57.3125,57.875,18.5,22.375,45
function@x264_macroblock_luma_write_cavlc,13,2,0,5,5,11,115,31.9375,31.5,33.25,57.875
function@x264_rdo_init,33,8,0,18,26,19,4381,10319,63.75,1185,20765.6
function@x264_quant_dc_trellis,1,0,0,1,0,1,0.5,0,0.5,0,1
function@quant_trellis_cabac,219,41,0,58,55,35,17821.6,5471.94,2756.63,2321.75,7744.55
function@x264_quant_4x4_trellis,2,2,0,4,1,2,2,2,4,1,2
function@x264_quant_8x8_trellis,0,1,0,1,0,3,0,1,1,0,3
function@x264_analyse_init_costs,21,8,0,3,21,32,10.4732,10.1886,0.725901,3.7544,40.026
function@x264_analyse_free_costs,0,0,0,0,0,2,0,0,0,0,63.75
function@x264_analyse_weight_frame,13,9,0,12,5,1,6.22,13.84,3.2,1.44,9.92
function@x264_macroblock_analyse,363,228,0,246,92,106,334.98,309.572,89.3332,28.4181,182.943
function@x264_mb_analyse_intra,203,48,0,33,20,22,2392.89,1204.83,141.383,111.246,502.847
function@x264_intra_rd,0,0,0,0,0,13,0,0,0,0,7.25
function@x264_intra_rd_refine,285,66,0,91,70,40,15905,5766.9,5550.34,2963.83,2413.59
function@x264_mb_analyse_init_qp,0,0,0,0,0,2,0,0,0,0,2
function@x264_mb_analyse_inter_p8x8_mixed_ref,62,20,0,18,7,8,16099.8,17234.8,291.182,98.1343,5671.49
function@x264_mb_analyse_inter_p8x8,29,10,0,12,9,4,752.571,230.333,169,166.381,66.9524
function@x264_mb_cache_mv_p8x8,0,0,0,0,0,5,0,0,0,0,4.4
function@x264_mb_analyse_inter_p16x8,41,21,0,15,1,4,656.842,341.895,228.358,21.2211,45.1158
function@x264_mb_analyse_inter_p8x16,39,26,0,12,1,5,592.168,436.211,196.021,21.2211,66.3368
function@x264_mb_analyse_intra_chroma,12,0,0,1,0,5,31.8125,0,1,0,14
function@x264_mb_analyse_transform_rd,0,0,0,0,0,7,0,0,0,0,3.03846
function@x264_analyse_update_cache,0,0,0,0,0,38,0,0,0,0,4.82102
function@x264_mb_analyse_b_rd,0,0,0,0,0,23,0,0,0,0,7.4375
function@x264_mb_analyse_inter_b8x8_mixed_ref,58,31,0,26,10,14,9384.73,9760.73,1578.88,1419,4034
function@x264_mb_analyse_inter_b8x8,69,26,0,35,9,6,2208,832,996,195,130
function@x264_mb_analyse_inter_b16x8,135,23,0,24,4,6,1473.9,268.19,205.365,48.7619,82.2698
function@x264_mb_analyse_inter_b8x16,139,24,0,12,4,14,1748.1,284.444,164.54,47.7619,121.675
function@x264_refine_bidir,0,0,0,0,0,2,0,0,0,0,2
function@x264_rd_cost_i8x8_chroma,23,8,0,17,13,20,11.707,2.57812,7.64868,6.23242,13.0923
function@x264_mb_analyse_inter_p4x4_chroma,36,56,0,17,8,5,14,20.25,9.95833,4.70833,5
function@x264_mb_cache_mv_b8x8,9,1,0,4,0,5,2.97059,0.5,2.11765,0,3.11765
function@x264_weight_plane_analyse,10,8,0,7,10,3,350.286,664.786,4.2381,348.286,3
function@x264_weights_analyse,102,47,0,41,43,13,16995.2,16503.4,761.798,10103,3317.3
function@x264_slicetype_frame_cost,43,7,0,17,4,9,33.3684,3.27637,10.7207,1.66797,424.767
function@x264_slicetype_mb_cost,170,65,0,48,27,28,165.742,109.469,71.9375,27.375,28.7031
function@x264_slicetype_analyse,178,151,0,81,75,63,10000.7,3298.22,2083.67,2772.68,3982.85
function@scenecut,15,6,0,7,2,5,33.55,20.325,4.4,6.575,118.5
function@scenecut_internal,11,4,0,6,0,6,8.22353,3.75294,6,0,4.68235
function@x264_macroblock_tree_propagate,185,58,0,63,47,8,7485.59,4110.91,2685.11,2420.84,286.438
function@x264_slicetype_frame_cost_recalculate,8,0,0,5,4,2,1254.57,0,16.2857,316.667,127.952
function@x264_slicetype_decide,52,34,0,16,11,18,129.885,90.9773,43.6092,26.4848,144.934
function@x264_rc_analyse_slice,28,3,0,14,7,8,258.538,34.3241,27.069,67.7793,15.7931
function@mk_create_writer,2,0,0,1,1,5,0.528736,0,0.390805,0.390805,8.10345
function@mk_create_context,0,0,0,0,0,4,0,0,0,0,3.375
function@mk_writeHeader,15,2,0,1,3,52,2.75929,0.453465,0.322266,1.02667,26.4909
function@mk_write_uint,2,1,0,0,10,8,1.31738,0.625,0,2.31808,11.3594
function@mk_write_string,1,0,0,0,2,8,1,0,0,1.30769,12.5231
function@mk_close_context,10,5,0,2,0,4,1.67614,1.80114,1.23864,0,6.875
function@mk_flush_context_id,8,0,0,1,0,3,1.81538,0,0.384615,0,8.29231
function@mk_write_float,22,0,0,1,0,5,10.2344,0,1,0,40.9375
function@mk_write_bin,0,1,0,1,0,5,0,0.4,1,0,27.1
function@mk_flush_context_data,5,2,0,2,0,2,2.90826,0.541284,1.62385,0,6.48624
function@mk_write_id,12,1,0,2,1,6,4.41409,0.374536,2,1,17.115
function@mk_write_size,7,0,0,4,2,7,0.451613,0,0.524927,0.3739,18.0117
function@mk_start_frame,0,0,0,0,0,1,0,0,0,0,1
function@mk_flush_frame,32,5,0,11,4,12,4.07217,1.55258,2.69278,0.754639,17.7258
function@mk_close_cluster,6,5,0,3,0,3,1.27545,0.808383,1.01796,0,4.4491
function@mk_set_frame_flags,0,0,0,0,0,0,0,0,0,0,0
function@mk_add_frame_data,1,0,0,0,2,2,1,0,0,1.47934,9.58678
function@mk_close,10,3,0,3,2,9,2.95349,0.781395,1.63721,1.23256,56.1302
function@open_file,0,0,0,0,0,2,0,0,0,0,2
function@set_param,8,5,0,7,2,10,5.82353,2.61765,3.82353,1.17647,98.1177
function@write_headers,14,11,0,11,5,1,2.21803,1.45912,1.7086,1.31027,0.151992
function@write_frame,0,0,0,0,0,0,0,0,0,0,0
function@close_file,0,0,0,0,0,2,0,0,0,0,2
function@open_file,0,0,0,0,0,0,0,0,0,0,0
function@set_param,0,0,0,0,0,0,0,0,0,0,0
function@write_headers,0,0,0,0,0,1,0,0,0,0,1
function@write_frame,0,0,0,0,0,1,0,0,0,0,1
function@close_file,0,0,0,0,0,0,0,0,0,0,0
function@dbl2int,0,0,0,0,0,0,0,0,0,0,0
function@x264_put_byte,0,0,0,0,0,2,0,0,0,0,16.84
function@flv_append_data,0,0,0,0,0,2,0,0,0,0,16.7381
function@x264_put_be32,0,0,0,0,0,9,0,0,0,0,66.5238
function@x264_put_be64,0,0,0,0,0,0,0,0,0,0,0
function@x264_put_be16,2,0,0,1,0,4,1.61905,0,1,0,33.1667
function@x264_put_be24,0,0,0,0,0,7,0,0,0,0,50.0952
function@x264_put_tag,1,2,0,2,0,2,17.25,22.25,22.25,0,351.833
function@x264_put_amf_string,2,2,0,1,0,6,1.61905,1.80952,1,0,49.5952
function@x264_put_amf_double,0,0,0,0,0,2,0,0,0,0,16.84
function@flv_create_writer,0,0,0,0,0,3,0,0,0,0,2.38235
function@rewrite_amf_be24,0,0,0,0,0,1,0,0,0,0,1
function@flv_flush_data,0,0,0,0,0,1,0,0,0,0,1
function@open_file,0,0,0,0,0,3,0,0,0,0,2.61765
function@set_param,1,1,0,1,0,0,1,1,1,0,0
function@write_headers,3,5,0,3,0,0,2.2381,3.47619,2.61905,0,0
function@write_frame,18,14,0,20,1,1,9.92166,6.35484,11.1751,1,1
function@close_file,3,5,0,3,2,2,1.875,2.89062,1.875,1.25,1.625
function@open_file,0,0,0,0,0,1,0,0,0,0,1
function@get_frame_total,0,0,0,0,0,0,0,0,0,0,0
function@read_frame,0,0,0,0,0,2,0,0,0,0,1.5
function@release_frame,0,0,0,0,0,0,0,0,0,0,0
function@close_file,0,0,0,0,0,0,0,0,0,0,0
function@open_file,1,0,0,0,2,1,1,0,0,1.33929,1
function@get_frame_total,0,0,0,0,0,4,0,0,0,0,4
function@read_frame,1,0,0,1,1,7,0.235294,0,1,0.235294,4.5
function@close_file,0,0,0,0,0,0,0,0,0,0,0
function@open_file,184,112,0,61,36,52,104.383,246.204,29.2161,15.4666,205.652
function@get_frame_total,0,0,0,0,0,0,0,0,0,0,0
function@read_frame,0,0,0,0,0,3,0,0,0,0,3
function@release_frame,0,0,0,0,0,0,0,0,0,0,0
function@close_file,0,0,0,0,0,0,0,0,0,0,0
function@correct_fps,21,3,0,10,0,8,143.629,1.22857,45.0286,0,61.8429
function@try_mkv_timebase_den,11,4,0,6,5,11,175.227,57.455,40.9005,39.6114,1702.43
function@open_file,2,2,0,3,5,12,1.05115,0.111607,0.15346,1.21884,13.8038
function@get_frame_total,0,1,0,1,0,6,0,1,1,0,6
function@read_frame,0,0,0,0,0,7,0,0,0,0,3.39284
function@close_file,0,0,0,0,0,0,0,0,0,0,0
function@x264_mdate,0,0,0,0,0,0,0,0,0,0,0
function@x264_pixel_ssd_wxh,61,30,0,39,46,14,1963.41,1553.29,1134.39,1234.24,1292.08
function@x264_pixel_ssim_wxh,37,13,0,26,8,8,9724.79,8858.21,863.397,5.04762,8712.25
function@x264_pixel_init,0,0,0,0,0,0,0,0,0,0,0
function@x264_pixel_sad_16x16,0,0,0,0,0,1,0,0,0,0,1
function@x264_pixel_sad_16x8,0,0,0,0,0,0,0,0,0,0,0
function@x264_pixel_sad_8x16,0,0,0,0,0,1,0,0,0,0,1
function@x264_pixel_sad_8x8,0,0,0,0,0,0,0,0,0,0,0
function@x264_pixel_sad_8x4,0,0,0,0,0,0,0,0,0,0,0
function@x264_pixel_sad_4x8,0,3,0,2,1,0,0,3,2,1,0
function@x264_pixel_sad_4x4,0,0,0,0,0,0,0,0,0,0,0
function@x264_pixel_sad_x3_16x16,0,0,0,0,0,0,0,0,0,0,0
function@x264_pixel_sad_x3_16x8,0,0,0,0,0,0,0,0,0,0,0
function@x264_pixel_sad_x3_8x16,0,0,0,0,0,0,0,0,0,0,0
function@x264_pixel_sad_x3_8x8,0,0,0,0,0,0,0,0,0,0,0
function@x264_pixel_sad_x3_8x4,0,0,0,0,0,0,0,0,0,0,0
function@x264_pixel_sad_x3_4x8,0,0,0,0,0,0,0,0,0,0,0
function@x264_pixel_sad_x3_4x4,12,1,0,4,0,48,12,1,4,0,48
function@x264_pixel_sad_x4_16x16,0,0,0,0,0,0,0,0,0,0,0
function@x264_pixel_sad_x4_16x8,0,0,0,0,0,0,0,0,0,0,0
function@x264_pixel_sad_x4_8x16,0,0,0,0,0,0,0,0,0,0,0
function@x264_pixel_sad_x4_8x8,0,0,0,0,0,0,0,0,0,0,0
function@x264_pixel_sad_x4_8x4,0,0,0,0,0,0,0,0,0,0,0
function@x264_pixel_sad_x4_4x8,0,0,0,0,0,0,0,0,0,0,0
function@x264_pixel_sad_x4_4x4,16,1,0,5,0,64,16,1,5,0,64
function@x264_pixel_ssd_16x16,0,0,0,0,0,1,0,0,0,0,1
function@x264_pixel_ssd_16x8,0,0,0,0,0,0,0,0,0,0,0
function@x264_pixel_ssd_8x16,0,0,0,0,0,1,0,0,0,0,1
function@x264_pixel_ssd_8x8,0,0,0,0,0,0,0,0,0,0,0
function@x264_pixel_ssd_8x4,3,0,0,3,0,0,3,0,3,0,0
function@x264_pixel_ssd_4x8,2,0,0,2,0,0,2,0,2,0,0
function@x264_pixel_ssd_4x4,0,0,0,0,0,0,0,0,0,0,0
function@x264_pixel_satd_16x16,1,4,0,5,1,2,1,4,5,1,2
function@x264_pixel_satd_16x8,0,2,0,2,0,1,0,2,2,0,1
function@x264_pixel_satd_8x16,0,2,0,2,0,1,0,2,2,0,1
function@x264_pixel_satd_8x8,0,0,0,0,0,1,0,0,0,0,1
function@x264_pixel_satd_8x4,46,12,0,21,42,28,46,12,21,42,28
function@x264_pixel_satd_4x8,0,0,0,0,0,1,0,0,0,0,1
function@x264_pixel_satd_4x4,3,0,0,3,0,0,3,0,3,0,0
function@x264_pixel_satd_x3_16x16,0,0,0,0,0,0,0,0,0,0,0
function@x264_pixel_satd_x3_16x8,0,12,0,6,0,6,0,12,6,0,6
function@x264_pixel_satd_x3_8x16,2,17,0,11,1,5,2,17,11,1,5
function@x264_pixel_satd_x3_8x8,0,3,0,3,0,0,0,3,3,0,0
function@x264_pixel_satd_x3_8x4,0,0,0,0,0,0,0,0,0,0,0
function@x264_pixel_satd_x3_4x8,0,3,0,3,0,0,0,3,3,0,0
function@x264_pixel_satd_x3_4x4,0,0,0,0,0,0,0,0,0,0,0
function@x264_pixel_satd_x4_16x16,0,0,0,0,0,0,0,0,0,0,0
function@x264_pixel_satd_x4_16x8,0,16,0,7,0,8,0,16,7,0,8
function@x264_pixel_satd_x4_8x16,3,22,0,13,2,7,3,22,13,2,7
function@x264_pixel_satd_x4_8x8,0,4,0,4,0,0,0,4,4,0,0
function@x264_pixel_satd_x4_8x4,0,0,0,0,0,0,0,0,0,0,0
function@x264_pixel_satd_x4_4x8,0,4,0,4,0,0,0,4,4,0,0
function@x264_pixel_satd_x4_4x4,0,0,0,0,0,0,0,0,0,0,0
function@x264_pixel_hadamard_ac_16x16,0,0,0,0,0,6,0,0,0,0,6
function@x264_pixel_hadamard_ac_16x8,0,0,0,0,0,6,0,0,0,0,6
function@x264_pixel_hadamard_ac_8x16,0,0,0,0,0,5,0,0,0,0,5
function@x264_pixel_hadamard_ac_8x8,0,0,0,0,0,0,0,0,0,0,0
function@x264_pixel_ads4,0,0,0,0,0,2,0,0,0,0,21.2857
function@x264_pixel_ads2,4,0,0,2,3,3,51.7143,0,1.2381,11.1429,60.8571
function@x264_pixel_ads1,1,0,0,1,0,3,20.2857,0,0.619048,0,41.5714
function@x264_pixel_sa8d_16x16,0,2,0,2,0,2,0,2,2,0,2
function@x264_pixel_sa8d_8x8,0,0,0,0,0,0,0,0,0,0,0
function@x264_pixel_var_16x16,0,0,0,0,2,5,0,0,0,32.875,128.5
function@x264_pixel_var_8x8,5,7,0,8,10,13,5,7,8,10,13
function@ssim_4x4x2_core,74,21,0,39,31,12,2358.75,669.375,1212.25,926.375,382.5
function@ssim_end4,8,5,0,6,5,1,162.286,101.429,102.048,62.0952,20.2857
function@pixel_var2_8x8,13,3,0,8,12,1,13,3,8,12,1
function@pixel_hadamard_ac,77,69,0,51,8,2,77,69,51,8,2
function@sa8d_8x8,7,8,0,8,0,4,6.99999,7.99999,7.99999,0,66
function@x264_frame_new,117,18,0,18,25,27,33.504,4.46942,6.29154,10.2754,26.2243
function@x264_frame_delete,0,0,0,0,0,2,0,0,0,0,24.2857
function@x264_frame_copy_picture,0,0,0,0,0,16,0,0,0,0,2.85864
function@x264_frame_expand_border,120,99,0,23,37,43,2992.41,4190.26,95.2353,381.676,1898.97
function@x264_frame_expand_border_filtered,491,227,0,132,24,29,14065.9,5488.86,254.381,104.095,3969.19
function@x264_frame_expand_border_lowres,137,122,0,9,7,12,10352.9,5764.75,250.875,149.375,2558.5
function@x264_frame_expand_border_mod16,4,13,0,4,10,3,43,1255.25,72,178.917,63.75
function@x264_frame_cond_broadcast,0,0,0,0,0,0,0,0,0,0,0
function@x264_frame_cond_wait,0,0,0,0,0,0,0,0,0,0,0
function@x264_frame_push,0,0,0,0,0,1,0,0,0,0,31.875
function@x264_frame_pop,0,0,0,0,0,1,0,0,0,0,31.875
function@x264_frame_unshift,0,2,0,3,4,9,0,13.1471,1.85294,2.47059,110.265
function@x264_frame_shift,0,0,0,0,0,2,0,0,0,0,1.66667
function@x264_frame_push_unused,0,0,0,0,0,1,0,0,0,0,12.1429
function@x264_frame_pop_unused,0,0,0,0,0,3,0,0,0,0,21.6667
function@x264_frame_push_blank_unused,0,0,0,0,0,1,0,0,0,0,12.1429
function@x264_frame_pop_blank_unused,0,0,0,0,0,1,0,0,0,0,20.2857
function@x264_frame_sort,8,5,0,5,8,0,676.583,368.917,358.75,595.667,0
function@x264_weight_scale_plane,3,4,0,5,3,0,435.05,51,14.95,13.55,0
function@x264_frame_delete_list,0,0,0,0,0,0,0,0,0,0,0
function@x264_synch_frame_list_init,0,0,0,0,0,1,0,0,0,0,1
function@x264_synch_frame_list_delete,0,0,0,0,0,0,0,0,0,0,0
function@x264_synch_frame_list_push,0,0,0,0,0,0,0,0,0,0,0
function@x264_macroblock_cache_mv_4_4,0,0,0,0,0,0,0,0,0,0,0
function@x264_macroblock_cache_mv_2_4,0,0,0,0,0,0,0,0,0,0,0
function@x264_macroblock_cache_mv_4_2,0,0,0,0,0,0,0,0,0,0,0
function@x264_macroblock_cache_mv_2_2,0,0,0,0,0,0,0,0,0,0,0
function@x264_macroblock_cache_mv_2_1,0,0,0,0,0,0,0,0,0,0,0
function@x264_macroblock_cache_mv_1_2,0,0,0,0,0,0,0,0,0,0,0
function@x264_macroblock_cache_mv_1_1,0,0,0,0,0,0,0,0,0,0,0
function@x264_macroblock_cache_mvd_4_4,0,0,0,0,0,1,0,0,0,0,1
function@x264_macroblock_cache_mvd_2_4,0,0,0,0,0,1,0,0,0,0,1
function@x264_macroblock_cache_mvd_4_2,0,0,0,0,0,1,0,0,0,0,1
function@x264_macroblock_cache_mvd_2_2,0,0,0,0,0,1,0,0,0,0,1
function@x264_macroblock_cache_mvd_2_1,0,0,0,0,0,1,0,0,0,0,1
function@x264_macroblock_cache_mvd_1_2,0,0,0,0,0,0,0,0,0,0,0
function@x264_macroblock_cache_mvd_1_1,0,0,0,0,0,0,0,0,0,0,0
function@x264_macroblock_cache_ref_4_4,0,0,0,0,0,0,0,0,0,0,0
function@x264_macroblock_cache_ref_2_4,0,0,0,0,0,1,0,0,0,0,1
function@x264_macroblock_cache_ref_4_2,0,0,0,0,0,0,0,0,0,0,0
function@x264_macroblock_cache_ref_2_2,0,0,0,0,0,1,0,0,0,0,1
function@x264_macroblock_cache_ref_2_1,0,0,0,0,0,1,0,0,0,0,1
function@x264_macroblock_cache_ref_1_2,0,0,0,0,0,0,0,0,0,0,0
function@x264_macroblock_cache_ref_1_1,0,0,0,0,0,0,0,0,0,0,0
function@x264_mb_mc_8x8,2,0,0,1,1,23,0.150943,0,0.0754717,0.0754717,3.45283
function@x264_mb_mc_0xywh,14,14,0,13,6,2,12.8571,13.2381,12.2381,5.2381,2
function@x264_mb_mc_01xywh,29,30,0,27,3,2,28.625,30,26.625,3,2
function@x264_mb_mc_1xywh,15,6,0,11,1,1,15,6,11,1,1
function@x264_mb_mc,0,0,0,0,0,15,0,0,0,0,0.600733
function@x264_macroblock_cache_allocate,4,14,0,7,10,7,0.0284132,0.546283,0.0521801,0.0970336,1.48767
function@x264_macroblock_cache_free,0,0,0,0,0,0,0,0,0,0,0
function@x264_macroblock_thread_allocate,0,0,0,0,0,10,0,0,0,0,12.6279
function@x264_macroblock_thread_free,2,1,0,1,1,2,15,7.5,7.5,0.235294,15
function@x264_macroblock_slice_init,20,12,0,7,1,21,73.25,84.2794,5,1,286
function@x264_macroblock_thread_init,0,0,0,0,0,0,0,0,0,0,0
function@x264_prefetch_fenc,0,0,0,0,0,2,0,0,0,0,2
function@x264_macroblock_cache_load,124,27,0,46,36,14,528.515,162.961,105.25,88.1716,36.549
function@x264_macroblock_load_pic_pointers,86,24,0,28,12,21,308.965,79.1719,46.3164,26.3945,164.168
function@x264_macroblock_cache_load_neighbours_deblock,0,0,0,0,0,0,0,0,0,0,0
function@x264_macroblock_cache_load_deblock,30,8,0,15,6,8,16.1865,3.69113,1.69419,0.95107,3.61162
function@x264_macroblock_cache_save,71,11,0,13,2,7,29.2059,5.35294,11.1225,1.5,5.5098
function@x264_macroblock_bipred_init,11,16,0,8,10,8,25665,53201.6,4482.34,8729,48135.8
function@x264_frame_deblock_row,187,89,0,99,44,89,1155.88,612.393,633.033,319.106,379.451
function@x264_deblock_init,0,0,0,0,0,0,0,0,0,0,0
function@deblock_v_luma_c,0,0,0,0,0,0,0,0,0,0,0
function@deblock_h_luma_c,0,0,0,0,0,0,0,0,0,0,0
function@deblock_v_chroma_c,0,0,0,0,0,0,0,0,0,0,0
function@deblock_h_chroma_c,0,0,0,0,0,0,0,0,0,0,0
function@deblock_v_luma_intra_c,0,0,0,0,0,0,0,0,0,0,0
function@deblock_h_luma_intra_c,0,0,0,0,0,0,0,0,0,0,0
function@deblock_v_chroma_intra_c,0,0,0,0,0,0,0,0,0,0,0
function@deblock_h_chroma_intra_c,0,0,0,0,0,0,0,0,0,0,0
function@deblock_strength_c,23,6,0,7,14,36,8012.51,2029.46,1054.86,1798.57,370.486
function@deblock_luma_c,36,21,0,19,14,6,2427.88,1626.38,1767.12,461.75,1280.38
function@deblock_chroma_c,19,18,0,13,5,11,117.375,97.25,97.875,26.625,126.75
function@deblock_luma_intra_c,37,8,0,16,11,10,101.5,80.375,82.375,11.875,87
function@deblock_chroma_intra_c,41,14,0,10,3,42,16.75,10.25,9.25,2.125,22.25
function@x264_cqm_init,194,108,0,93,61,88,308.011,204.961,95.2374,50.5856,126.206
function@x264_cqm_delete,0,0,0,0,0,0,0,0,0,0,0
function@x264_cqm_parse_file,0,0,0,0,0,16,0,0,0,0,22.7143
function@x264_cqm_parse_jmlist,1,3,0,1,7,6,0.999999,0.492413,1,1.57348,2.86955
function@x264_cpu_detect,0,0,0,0,0,0,0,0,0,0,0
function@x264_cpu_num_processors,0,0,0,0,0,0,0,0,0,0,0
function@spec_strdup,0,0,0,0,0,4,0,0,0,0,4
function@x264_param_default,0,0,0,0,0,0,0,0,0,0,0
function@x264_log_default,0,0,0,0,0,0,0,0,0,0,0
function@x264_param_default_preset,1,0,0,0,4,6,1,0,0,1.23795,10.2341
function@x264_log,0,0,0,0,0,0,0,0,0,0,0
function@x264_malloc,0,0,0,0,0,4,0,0,0,0,3.61905
function@x264_free,0,0,0,0,0,0,0,0,0,0,0
function@x264_param_apply_fastfirstpass,0,0,0,0,0,0,0,0,0,0,0
function@x264_param_apply_profile,0,0,0,0,0,1,0,0,0,0,1
function@x264_param_parse,20,29,0,7,138,102,4.38385,10.5808,2.50366,1.87351,3.87127
function@x264_atobool,0,0,0,0,0,3,0,0,0,0,3
function@parse_enum,1,0,0,0,2,2,1,0,0,1.30769,2
function@parse_cqm,5,1,0,5,3,3,17.5106,0.338596,12.6737,11.5071,7.33154
function@x264_picture_alloc,0,0,0,0,0,4,0,0,0,0,3.2381
function@x264_picture_clean,0,0,0,0,0,0,0,0,0,0,0
function@x264_nal_encode,0,0,0,0,0,3,0,0,0,0,26.3333
function@x264_reduce_fraction,0,0,0,0,0,6,0,0,0,0,31.5952
function@x264_slurp_file,4,2,0,4,1,8,1.34862,0.220183,0.513761,1,3.21101
function@x264_param2string,4,2,0,1,3,39,2.87129,0.772277,0.623762,1.62376,22.2079
function@x264_plane_copy_c,0,0,0,0,0,0,0,0,0,0,0
function@x264_frame_init_lowres,27,29,0,9,15,23,1062.83,474.279,37.3726,233.02,1749.68
function@x264_mc_init,0,0,0,0,0,0,0,0,0,0,0
function@mc_luma,51,50,0,38,63,31,497.146,224.202,30.3562,105.099,721.708
function@get_ref,53,51,0,52,51,31,502.523,236.438,30.1211,89.0464,722.353
function@mc_chroma,19,16,0,10,16,5,1429.1,2292.5,16.35,43.45,932.7
function@pixel_avg_16x16,0,0,0,0,0,2,0,0,0,0,1
function@pixel_avg_16x8,0,0,0,0,0,2,0,0,0,0,1
function@pixel_avg_8x16,0,0,0,0,0,2,0,0,0,0,1
function@pixel_avg_8x8,0,0,0,0,0,2,0,0,0,0,1
function@pixel_avg_8x4,0,0,0,0,0,2,0,0,0,0,1
function@pixel_avg_4x8,0,4,0,0,4,4,0,63.75,0,17.4375,63.75
function@pixel_avg_4x4,5,16,0,1,2,16,2.5,8,0.5,1,8
function@pixel_avg_4x2,0,0,0,0,0,8,0,0,0,0,4
function@pixel_avg_2x4,3,8,0,1,2,8,1.5,4,0.5,1,4
function@pixel_avg_2x2,0,0,0,0,0,4,0,0,0,0,2
function@x264_weight_cache,0,0,0,0,0,0,0,0,0,0,0
function@mc_copy_w16,0,0,0,0,0,1,0,0,0,0,0.64
function@mc_copy_w8,0,1,0,1,0,1,0,10.2,0.32,0,0.64
function@mc_copy_w4,0,2,0,2,0,1,0,20.4,0.64,0,0.64
function@hpel_filter,214,71,0,64,55,26,6625.88,1503.72,561.884,306,2155.43
function@prefetch_fenc_null,0,0,0,0,0,0,0,0,0,0,0
function@prefetch_ref_null,0,0,0,0,0,0,0,0,0,0,0
function@memzero_aligned,0,0,0,0,0,0,0,0,0,0,0
function@frame_init_lowres_core,65,43,0,16,57,2,5274.66,367.182,47.6563,363.679,450.001
function@integral_init4h,1,3,0,2,1,6,0.25,8.96875,0.75,0.25,40.0938
function@integral_init8h,1,3,0,2,1,6,0.25,8.96875,0.75,0.25,40.0938
function@integral_init4v,30,17,0,11,8,17,27.377,14.4805,4.82227,3.95312,18.8496
function@integral_init8v,5,7,0,2,3,7,1.00392,8.09412,0.92549,1.28235,12.1569
function@mbtree_propagate_cost,0,0,0,0,0,3,0,0,0,0,63.75
function@pixel_avg_weight_wxh,0,20,0,2,4,19,0,122.08,2,21.68,102.68
function@mc_weight_w2,0,0,0,0,0,4,0,0,0,0,50.1176
function@mc_weight_w4,0,0,0,0,0,8,0,0,0,0,100.235
function@mc_weight_w8,0,0,0,1,2,16,0,0,1,20.0294,200.471
function@mc_weight_w12,0,0,0,1,2,24,0,0,1,20.0294,300.706
function@mc_weight_w16,0,0,0,1,2,32,0,0,1,20.0294,400.941
function@mc_weight_w20,48,4,0,6,10,3,557.147,50.1176,4.14706,61.3235,602.294
function@x264_frame_filter,16,16,0,10,10,5,16.25,41.7206,12.4559,15.5882,10.1176
function@x264_dct_init,0,0,0,0,0,0,0,0,0,0,0
function@sub4x4_dct,60,17,0,38,20,0,60,17,38,20,0
function@add4x4_idct,3,6,0,7,0,5,3,6,7,0,5
function@sub8x8_dct,0,0,0,0,0,0,0,0,0,0,0
function@sub8x8_dct_dc,3,3,0,3,6,0,3,3,3,6,0
function@add8x8_idct,0,0,0,0,0,0,0,0,0,0,0
function@add8x8_idct_dc,0,0,0,0,0,2,0,0,0,0,2
function@sub16x16_dct,0,0,0,0,0,0,0,0,0,0,0
function@add16x16_idct,0,0,0,0,0,0,0,0,0,0,0
function@add16x16_idct_dc,0,0,0,0,0,2,0,0,0,0,2
function@sub8x8_dct8,87,95,0,94,0,0,87,95,94,0,0
function@add8x8_idct8,35,22,0,13,23,7,868.625,454.25,167.375,671.375,223.125
function@sub16x16_dct8,0,0,0,0,0,0,0,0,0,0,0
function@add16x16_idct8,0,0,0,0,0,0,0,0,0,0,0
function@dct4x4dc,10,13,0,13,14,4,10,13,13,14,4
function@idct4x4dc,12,13,0,13,16,4,12,13,13,16,4
function@add4x4_idct_dc,0,0,0,0,0,0,0,0,0,0,0
function@x264_dct_init_weights,0,0,0,0,0,4,0,0,0,0,127.5
function@x264_zigzag_init,0,0,0,0,0,0,0,0,0,0,0
function@zigzag_scan_8x8_field,0,0,0,0,0,0,0,0,0,0,0
function@zigzag_scan_4x4_field,0,0,0,0,0,0,0,0,0,0,0
function@zigzag_sub_8x8_field,0,0,0,0,0,0,0,0,0,0,0
function@zigzag_sub_4x4_field,0,0,0,0,0,0,0,0,0,0,0
function@zigzag_sub_4x4ac_field,0,0,0,0,0,0,0,0,0,0,0
function@zigzag_scan_8x8_frame,0,0,0,0,0,0,0,0,0,0,0
function@zigzag_scan_4x4_frame,0,0,0,0,0,0,0,0,0,0,0
function@zigzag_sub_8x8_frame,0,0,0,0,0,0,0,0,0,0,0
function@zigzag_sub_4x4_frame,0,0,0,0,0,0,0,0,0,0,0
function@zigzag_sub_4x4ac_frame,0,0,0,0,0,0,0,0,0,0,0
function@zigzag_interleave_8x8_cavlc,0,0,0,0,0,0,0,0,0,0,0
function@x264_cabac_context_init,0,0,0,0,0,5,0,0,0,0,79.875
function@x264_cabac_encode_init_core,0,0,0,0,0,0,0,0,0,0,0
function@x264_cabac_encode_init,0,0,0,0,0,0,0,0,0,0,0
function@x264_cabac_encode_decision_c,3,1,0,1,1,13,0.814815,0.62963,0.62963,0.62963,8.60494
function@x264_cabac_encode_bypass_c,3,1,0,1,1,7,0.647059,0.5,0.5,0.5,2.06863
function@x264_cabac_encode_ue_bypass,7,4,0,3,2,9,74.25,68,30.875,51.875,147.812
function@x264_cabac_encode_terminal_c,3,1,0,1,1,10,0.814815,0.62963,0.62963,0.62963,5.60494
function@x264_cabac_encode_flush,15,6,0,9,20,16,7.15951,12.6748,3.70552,13.1166,4.88344
function@x264_init_vlc_tables,27,14,0,8,16,6,9245.38,6846.5,2208.12,2401.38,4383.25
function@x264_predict_16x16_init,0,0,0,0,0,0,0,0,0,0,0
function@predict_16x16_v,0,0,0,0,0,0,0,0,0,0,0
function@predict_16x16_h,0,0,0,0,0,0,0,0,0,0,0
function@predict_16x16_dc,0,0,0,0,0,0,0,0,0,0,0
function@predict_16x16_p,57,7,0,22,9,5,1631.62,161.375,423.375,39.875,159.375
function@predict_16x16_dc_left,0,0,0,0,0,0,0,0,0,0,0
function@predict_16x16_dc_top,0,0,0,0,0,0,0,0,0,0,0
function@predict_16x16_dc_128,0,0,0,0,0,0,0,0,0,0,0
function@x264_predict_8x8c_init,0,0,0,0,0,0,0,0,0,0,0
function@predict_8x8c_v,0,0,0,0,0,0,0,0,0,0,0
function@predict_8x8c_h,0,0,0,0,0,0,0,0,0,0,0
function@predict_8x8c_dc,13,3,0,8,2,0,13,3,8,2,0
function@predict_8x8c_p,20,1,0,2,18,2,421.375,31.875,2,172.375,2
function@predict_8x8c_dc_left,0,0,0,0,0,0,0,0,0,0,0
function@predict_8x8c_dc_top,0,0,0,0,0,0,0,0,0,0,0
function@predict_8x8c_dc_128,0,0,0,0,0,0,0,0,0,0,0
function@x264_predict_8x8_init,0,0,0,0,0,0,0,0,0,0,0
function@predict_8x8_v,0,0,0,0,0,0,0,0,0,0,0
function@predict_8x8_h,16,3,0,11,0,0,16,3,11,0,0
function@predict_8x8_dc,0,0,0,0,0,0,0,0,0,0,0
function@predict_8x8_ddl,4,1,0,2,1,0,4,1,2,1,0
function@predict_8x8_ddr,2,0,0,1,0,0,2,0,1,0,0
function@predict_8x8_vr,23,3,0,8,0,1,23,3,8,0,1
function@predict_8x8_hd,16,8,0,11,9,3,16,8,11,9,3
function@predict_8x8_vl,15,2,0,5,0,0,15,2,5,0,0
function@predict_8x8_hu,6,7,0,4,0,2,6,7,4,0,2
function@predict_8x8_dc_left,0,0,0,0,0,0,0,0,0,0,0
function@predict_8x8_dc_top,0,0,0,0,0,0,0,0,0,0,0
function@predict_8x8_dc_128,0,0,0,0,0,0,0,0,0,0,0
function@predict_8x8_filter,0,0,0,0,0,1,0,0,0,0,0.5
function@x264_predict_4x4_init,0,0,0,0,0,0,0,0,0,0,0
function@predict_4x4_v,0,0,0,0,0,0,0,0,0,0,0
function@predict_4x4_h,0,0,0,0,0,0,0,0,0,0,0
function@predict_4x4_dc,0,0,0,0,0,0,0,0,0,0,0
function@predict_4x4_ddl,0,0,0,0,0,0,0,0,0,0,0
function@predict_4x4_ddr,4,2,0,3,0,0,4,2,3,0,0
function@predict_4x4_vr,6,0,0,3,1,0,6,0,3,1,0
function@predict_4x4_hd,6,3,0,3,0,0,6,3,3,0,0
function@predict_4x4_vl,5,0,0,2,0,1,5,0,2,0,1
function@predict_4x4_hu,0,0,0,0,0,0,0,0,0,0,0
function@predict_4x4_dc_left,0,0,0,0,0,0,0,0,0,0,0
function@predict_4x4_dc_top,0,0,0,0,0,0,0,0,0,0,0
function@predict_4x4_dc_128,0,0,0,0,0,0,0,0,0,0,0
function@x264_quant_init,0,0,0,0,0,0,0,0,0,0,0
function@quant_8x8,0,0,0,0,0,2,0,0,0,0,31.9375
function@quant_4x4,0,0,0,0,0,1,0,0,0,0,16
function@quant_4x4_dc,28,6,0,32,35,12,22.0476,5.38095,16.4286,17.5238,6
function@quant_2x2_dc,0,0,0,0,0,7,0,0,0,0,2.66667
function@dequant_4x4,0,0,0,0,0,7,0,0,0,0,5
function@dequant_4x4_dc,0,2,0,1,0,4,0,1,1,0,3
function@dequant_8x8,0,0,0,0,0,3,0,0,0,0,3
function@x264_denoise_dct,5,3,0,2,5,6,0.634921,8.22222,0.619048,1.73016,54.7619
function@x264_decimate_score15,0,0,0,0,0,2,0,0,0,0,2.08941
function@x264_decimate_score16,0,0,0,0,0,2,0,0,0,0,2.74306
function@x264_decimate_score64,0,0,0,0,0,2,0,0,0,0,2.7437
function@x264_coeff_last4,0,0,0,0,0,0,0,0,0,0,0
function@x264_coeff_last15,0,0,0,0,0,2,0,0,0,0,16.8146
function@x264_coeff_last16,0,0,0,0,0,2,0,0,0,0,16.453
function@x264_coeff_last64,0,0,0,0,0,2,0,0,0,0,16.746
function@x264_coeff_level_run4,0,0,0,0,2,9,0,0,0,1.16136,23.5159
function@x264_coeff_level_run15,0,0,0,0,2,10,0,0,0,0.633995,28.8064
function@x264_coeff_level_run16,0,0,0,0,2,10,0,0,0,0.621655,28.2652
function@x264_mb_predict_mv,5,9,0,4,0,6,4.25,2.3125,4,0,2.5
function@x264_mb_predict_mv_16x16,3,6,0,4,0,7,1.32283,2.79528,2.99213,0,4.77953
function@x264_mb_predict_mv_pskip,3,3,0,3,0,8,0.232092,0.567335,0.507163,0,1.39542
function@x264_mb_predict_mv_direct16x16,68,82,0,56,56,32,20.7797,25.523,12.5842,9.32767,6.49276
function@x264_mb_predict_mv_ref16x16,24,7,0,14,4,4,10,3,7.30769,1.69231,1.72527
function@RBSPtoSODB,0,0,0,0,0,1,0,0,0,0,1
function@EBSPtoRBSP,0,0,0,0,0,5,0,0,0,0,0.910204
function@intrapred8x8_mbaff,648,123,0,224,79,24,52.0077,9.69921,17.9609,5.52568,2.3625
function@LowPassForIntra8x8Pred,19,9,0,21,10,1,9.0989,6.67033,12.544,5.04945,1
function@init_motion_vector_prediction,0,0,0,0,0,0,0,0,0,0,0
function@GetMotionVectorPredictorMBAFF,23,33,0,34,14,7,7.03529,15.7608,9.30196,5.7098,2.35686
function@GetMotionVectorPredictorNormal,1,11,0,3,0,9,0.153846,4.33791,3,0,0.774725
function@set_ec_flag,0,0,0,0,0,0,0,0,0,0,0
function@reset_ec_flags,0,0,0,0,0,0,0,0,0,0,0
function@get_concealed_element,0,0,0,0,0,1,0,0,0,0,1
function@mb_pred_intra4x4,9,1,0,2,7,4,51.6693,0.0629921,2,22.1417,26.1811
function@mb_pred_intra16x16,0,0,0,0,0,0,0,0,0,0,0
function@mb_pred_intra8x8,5,0,0,1,0,0,4.625,0,1,0,0
function@mb_pred_skip,0,0,0,0,0,1,0,0,0,0,1
function@set_chroma_vector,57,23,0,19,8,82,26.4688,21.0975,3.46479,0.312505,66.8176
function@mb_pred_sp_skip,0,0,0,0,0,1,0,0,0,0,1
function@mb_pred_p_inter8x8,6,13,0,14,6,8,5.125,384.25,13.5,5.5,131.75
function@mb_pred_p_inter16x16,1,0,0,1,0,1,0.666667,0,1,0,1
function@mb_pred_p_inter16x8,1,0,0,1,0,1,0.666667,0,1,0,1
function@mb_pred_p_inter8x16,1,0,0,1,0,1,0.666667,0,1,0,1
function@mb_pred_b_d8x8temporal,106,21,0,23,18,14,26055.6,8730.11,7571.06,2649.14,9447.16
function@mb_pred_b_d4x4temporal,58,15,0,15,15,5,21827.5,7353.94,6885,3270,6426.41
function@mb_pred_b_d8x8spatial,78,23,0,37,21,17,3869.62,663.688,768.125,109.5,1072
function@mb_pred_b_d4x4spatial,49,7,0,7,11,6,5311.75,2742,1572,1189,2176
function@mb_pred_b_inter8x8,41,13,0,14,16,13,424.812,1246.5,135.688,213.188,807.5
function@mb_pred_ipcm,31,12,0,12,8,8,277.161,162.092,3.10345,12.092,241.195
function@constructTiff,0,0,0,0,0,0,0,0,0,0,0
function@destructTiff,0,0,0,0,0,0,0,0,0,0,0
function@horizontal_half_1chan_cosite,98,12,0,37,26,4,14871.7,3455,585.5,2121.83,202.333
function@vertical_half_1chan,109,42,0,77,33,4,8984.76,1505.17,871.095,466.167,335.5
function@ReadTIFFImage,172,158,0,96,46,68,9.98466,15.4246,5.08073,3.37558,17.4291
function@getU16,0,0,0,0,0,0,0,0,0,0,0
function@getU32,0,0,0,0,0,1,0,0,0,0,1
function@getSwappedU16,0,0,0,0,0,1,0,0,0,0,1
function@getSwappedU32,0,0,0,0,0,1,0,0,0,0,1
function@getIntArray,2,3,0,4,1,5,1.14706,2.79412,2.22549,0.0784314,15.1078
function@DeblockPicture,0,0,0,0,0,2,0,0,0,0,42.5
function@DeblockMb,93,67,0,11,8,5,96.1937,158.102,6.92188,30.2563,48.9531
function@DeblockPicturePartially,0,0,0,0,0,2,0,0,0,0,31.875
function@init_Deblock,150,94,0,46,60,24,4901.98,1536.92,480.216,99.1765,888.118
function@forward4x4,52,5,0,21,20,10,52,5,21,20,10
function@inverse4x4,52,20,0,28,30,3,52,20,28,30,3
function@hadamard4x4,50,9,0,22,15,0,50,9,22,15,0
function@ihadamard4x4,47,11,0,22,10,4,47,11,22,10,4
function@hadamard4x2,26,6,0,14,3,0,26,6,14,3,0
function@ihadamard4x2,15,5,0,9,3,0,15,5,9,3,0
function@hadamard2x2,0,0,0,0,0,0,0,0,0,0,0
function@ihadamard2x2,0,0,0,0,0,0,0,0,0,0,0
function@forward8x8,67,19,0,45,25,6,2020,608,975,707,192
function@inverse8x8,52,15,0,31,24,10,1540,480,558,644,320
function@set_chroma_qp,0,0,0,0,0,0,0,0,0,0,0
function@update_qp,2,0,0,1,0,0,2,0,1,0,0
function@invScaleCoeff,2,0,0,2,2,1,1.28,0,0.64,1.28,0.64
function@start_macroblock,1,0,0,1,0,3,1,0,1,0,2.625
function@exit_macroblock,0,0,0,0,0,1,0,0,0,0,1
function@setup_slice_methods,0,0,0,0,0,0,0,0,0,0,0
function@interpret_mb_mode_P,0,0,0,0,0,2,0,0,0,0,0.583333
function@read_motion_info_from_NAL_p_slice,8,4,0,5,0,0,6.8125,4,5,0,0
function@read_one_macroblock_p_slice,71,4,0,10,6,3,36.4876,1.74609,8.625,3,1.33333
function@decode_one_component_p_slice,0,0,0,0,0,0,0,0,0,0,0
function@decode_one_component_sp_slice,0,0,0,0,0,0,0,0,0,0,0
function@interpret_mb_mode_B,0,0,0,0,0,0,0,0,0,0,0
function@read_motion_info_from_NAL_b_slice,85,4,0,8,1,4,73,4,8,1,4
function@read_one_macroblock_b_slice,57,11,0,7,5,3,23.657,3.93848,6,2.5,1.19792
function@decode_one_component_b_slice,0,0,0,0,0,0,0,0,0,0,0
function@interpret_mb_mode_I,0,0,0,0,0,1,0,0,0,0,0.333333
function@read_one_macroblock_i_slice,31,6,0,4,0,2,19.4766,2.89062,4,0,1.5
function@decode_one_component_i_slice,0,0,0,0,0,0,0,0,0,0,0
function@interpret_mb_mode_SI,0,0,0,0,0,1,0,0,0,0,0.25
function@read_CBP_and_coeffs_from_NAL_CABAC_444,66,23,0,21,14,0,117.93,38.2438,16.7917,7.80443,0
function@read_CBP_and_coeffs_from_NAL_CABAC_422,229,66,0,78,61,15,5393.58,947.545,488.214,278.554,2127.53
function@read_CBP_and_coeffs_from_NAL_CABAC_400,31,9,0,11,9,1,16.5089,5.77224,7.10938,2.46589,1.96825
function@read_CBP_and_coeffs_from_NAL_CABAC_420,230,67,0,72,47,11,2310.81,1457.08,607.926,180.094,323.046
function@read_CBP_and_coeffs_from_NAL_CAVLC_444,75,28,0,24,11,6,128.936,45.2874,33.75,5.7211,31.8333
function@read_CBP_and_coeffs_from_NAL_CAVLC_422,226,92,0,78,82,24,4979.66,1348.99,456.375,490.462,2444.46
function@read_CBP_and_coeffs_from_NAL_CAVLC_400,30,14,0,11,4,4,17.5245,9.70403,7.95833,1.51276,5.16667
function@read_CBP_and_coeffs_from_NAL_CAVLC_420,230,89,0,75,69,21,2164.84,1732.54,355.784,564.815,517.042
function@readMBRefPictureIdx,16,12,0,10,16,3,222431,18719.4,3699.62,116620,105984
function@readMBMotionVectors,114,73,0,57,59,12,1.96081e+07,2.65319e+07,839240,4.5136e+06,1.12771e+07
function@readRefPictureIdx_Null,0,0,0,0,0,0,0,0,0,0,0
function@readRefPictureIdx_FLC,0,0,0,0,0,0,0,0,0,0,0
function@readRefPictureIdx_VLC,0,0,0,0,0,0,0,0,0,0,0
function@get_neighbors,0,2,0,1,0,0,0,1.56863,1,0,0
function@field_flag_inference,0,0,0,0,0,0,0,0,0,0,0
function@SetB8Mode,0,0,0,0,0,0,0,0,0,0,0
function@init_macroblock,0,0,0,0,0,1,0,0,0,0,1
function@skip_macroblock,31,7,0,12,6,48,386.512,4.00586,7.93945,2.41797,396
function@read_ipred_modes,61,20,0,22,15,1,34125.7,19087.7,2661.94,2243.94,1985.94
function@concealIPCMcoeffs,9,0,0,5,4,8,122.457,0,5.54709,4.20628,200.641
function@read_IPCM_coeffs_from_NAL,18,3,0,2,9,11,111.716,18.5864,1.5,5.83438,156.041
function@reset_coeffs,0,0,0,0,0,0,0,0,0,0,0
function@read_delta_quant,14,1,0,5,1,5,12.9706,1,4.61765,1,5
function@readCompCoeff8x8MB_CABAC,0,0,0,0,0,18,0,0,0,0,10
function@readCompCoeff4x4MB_CABAC,43,24,0,17,18,9,15053.7,1190,5350.22,8816.87,10860.4
function@readCompCoeff8x8_CABAC,46,12,0,18,8,4,51.7255,34.9608,11.0784,4.15686,13.3333
function@readCompCoeff8x8_CABAC_lossless,38,7,0,15,6,3,94.5413,21.1284,26.6697,3.74312,7.77982
function@readCompCoeff4x4SMB_CABAC,53,21,0,15,8,2,69798.1,88858.7,15465.8,2860.43,14076.4
function@readCoeff4x4_CAVLC,56,38,0,28,17,11,43.3701,48.7142,9.66569,15.987,19.0299
function@readCompCoeff4x4MB_CAVLC,200,63,0,79,56,10,517747,164162,130227,58357,51585
function@readCompCoeff8x8MB_CAVLC,145,65,0,56,33,9,359271,157602,73542.7,37101,51201
function@predict_nnz,5,3,0,3,10,1,1.09375,3,2.15625,2.94336,0.999999
function@predict_nnz_chroma,6,4,0,4,8,1,1.83203,1.87695,1.57812,1.78711,0.999999
function@decode_one_macroblock,0,0,0,0,0,6,0,0,0,0,1.41176
function@init_cur_imgy,18,24,0,4,1,25,45.5604,56.044,1.49451,0.230769,90.8022
function@change_plane_JV,0,0,0,0,0,0,0,0,0,0,0
function@make_frame_picture_JV,0,0,0,0,0,4,0,0,0,0,80.8421
function@ercConcealInterFrame,51,38,0,23,22,6,6353.36,4697.01,3243.85,1687.83,1193.85
function@concealByTrial,66,18,0,27,32,3,5874,993.906,1564.16,1915.37,1201.78
function@concealByCopy,182,38,0,91,36,14,3356.92,550.875,637.609,173.75,412
function@buildPredRegionYUV,276,87,0,91,49,8,1.57153e+07,1.60444e+07,3.37684e+06,1.45338e+06,2.45766e+06
function@edgeDistortion,358,16,0,361,16,38,1579.81,73.3333,1024.86,92.9048,334.333
function@copyPredMB,131,39,0,59,31,14,1285.1,669,51,62.3137,280.529
function@conceal_lost_frames,45,2,0,8,2,5,540.25,16.9375,36.375,16.4375,988.688
function@copy_to_conceal,294,161,0,106,64,32,19683.5,10919.6,5245.97,1806.11,1624.53
function@init_lists_for_non_reference_loss,70,19,0,13,12,14,112.266,39.4219,10.2188,16.8594,74.625
function@update_ref_list_for_concealment,2,3,0,2,0,1,1.3,2.25,2,0,10.225
function@compare_pic_by_pic_num_desc,0,0,0,0,0,0,0,0,0,0,0
function@compare_pic_by_poc_desc,0,0,0,0,0,0,0,0,0,0,0
function@compare_pic_by_poc_asc,0,0,0,0,0,0,0,0,0,0,0
function@compare_pic_by_lt_pic_num_asc,0,0,0,0,0,0,0,0,0,0,0
function@get_pic_from_dpb,0,0,0,0,0,2,0,0,0,0,0.695652
function@comp,0,0,0,0,0,0,0,0,0,0,0
function@init_node,0,0,0,0,0,2,0,0,0,0,2
function@print_node,0,0,0,0,0,0,0,0,0,0,0
function@print_list,0,0,0,0,0,0,0,0,0,0,0
function@delete_list,0,0,0,0,0,2,0,0,0,0,25.0588
function@conceal_non_ref_pics,20,5,0,8,5,3,69.72,40.12,22.36,21.8,38.28
function@sliding_window_poc_management,0,0,0,0,0,2,0,0,0,0,15.9375
function@write_lost_non_ref_pic,0,0,0,0,0,0,0,0,0,0,0
function@write_lost_ref_after_idr,0,0,0,0,0,1,0,0,0,0,0.380952
function@intra4x4_pred_mbaff,213,50,0,97,16,1,15.0582,4.56562,8.04218,1.21406,0.999999
function@arideco_create_decoding_environment,0,0,0,0,0,2,0,0,0,0,2
function@arideco_delete_decoding_environment,0,0,0,0,0,0,0,0,0,0,0
function@arideco_done_decoding,0,0,0,0,0,0,0,0,0,0,0
function@getbyte,0,0,0,0,0,0,0,0,0,0,0
function@getword,0,0,0,0,0,0,0,0,0,0,0
function@arideco_start_decoding,0,0,0,0,0,0,0,0,0,0,0
function@arideco_bits_read,0,0,0,0,0,0,0,0,0,0,0
function@biari_decode_symbol,3,3,0,2,1,6,2.19048,1.5,2,0.5,4.7381
function@biari_decode_symbol_eq_prob,0,0,0,0,0,1,0,0,0,0,0.380952
function@biari_decode_final,0,0,0,0,0,2,0,0,0,0,2
function@biari_init_context,0,0,0,0,0,0,0,0,0,0,0
function@InterpretSEIMessage,9,1,0,10,2,16,13.5,1.5,15,31.3571,1582.14
function@interpret_buffering_period_info,0,0,0,0,0,1,0,0,0,0,1
function@interpret_picture_timing_info,1,2,0,3,1,2,2.48529,2.98529,3.10294,0.5,1.875
function@interpret_pan_scan_rect_info,0,0,0,0,0,2,0,0,0,0,1.35294
function@interpret_filler_payload_info,0,0,0,0,0,0,0,0,0,0,0
function@interpret_user_data_registered_itu_t_t35_info,0,0,0,0,0,0,0,0,0,0,0
function@interpret_user_data_unregistered_info,0,0,0,0,0,0,0,0,0,0,0
function@interpret_recovery_point_info,0,0,0,0,0,2,0,0,0,0,2
function@interpret_dec_ref_pic_marking_repetition_info,12,0,0,3,0,1,10.5882,0,3,0,1
function@interpret_spare_pic,24,21,0,11,21,18,7842.92,4763.95,331.997,931.241,15044.2
function@interpret_scene_information,0,0,0,0,0,1,0,0,0,0,1
function@interpret_subsequence_info,0,0,0,0,0,1,0,0,0,0,1
function@interpret_subsequence_layer_characteristics_info,0,0,0,0,0,2,0,0,0,0,2
function@interpret_subsequence_characteristics_info,0,0,0,0,0,2,0,0,0,0,2
function@interpret_full_frame_freeze_info,0,0,0,0,0,1,0,0,0,0,1
function@interpret_full_frame_freeze_release_info,0,0,0,0,0,0,0,0,0,0,0
function@interpret_full_frame_snapshot_info,0,0,0,0,0,1,0,0,0,0,1
function@interpret_progressive_refinement_start_info,0,0,0,0,0,1,0,0,0,0,1
function@interpret_progressive_refinement_end_info,0,0,0,0,0,1,0,0,0,0,1
function@interpret_motion_constrained_slice_group_set_info,0,0,0,0,0,3,0,0,0,0,3
function@interpret_film_grain_characteristics_info,3,5,0,5,3,11,8.81379,9.55862,9.55862,0.268966,11.5931
function@interpret_deblocking_filter_display_preference_info,0,0,0,0,0,1,0,0,0,0,1
function@interpret_stereo_video_info_info,0,0,0,0,0,1,0,0,0,0,1
function@interpret_tone_mapping,110,82,0,41,31,30,52.8792,79.56,8.33454,5.23462,39.9861
function@interpret_post_filter_hints_info,3,16,0,2,6,10,3,1639,2,49.5,3121
function@interpret_frame_packing_arrangement_info,0,0,0,0,0,3,0,0,0,0,1.7619
function@interpret_reserved_info,0,0,0,0,0,0,0,0,0,0,0
function@tone_map,2,4,0,2,6,4,31.875,607.75,1,33.875,1087.75
function@init_tone_mapping_sei,0,0,0,0,0,0,0,0,0,0,0
function@update_tone_mapping_sei,0,0,0,0,0,0,0,0,0,0,0
function@error,0,0,0,0,0,0,0,0,0,0,0
function@FreeDecPicList,0,0,0,0,0,1,0,0,0,0,21.25
function@init_frext,11,3,0,3,6,1,7.95238,2.47619,2.61905,3.85714,1
function@AllocPartition,2,1,0,1,0,2,20.9988,1,1,0,39.9976
function@FreePartition,0,2,0,1,0,1,0,22.25,1,0,21.25
function@malloc_slice,0,0,0,0,0,4,0,0,0,0,35
function@init_global_buffers,1,3,0,4,3,8,0.392857,14.3214,2.01786,1.39286,54.0893
function@free_global_buffers,0,0,0,0,0,0,0,0,0,0,0
function@report_stats_on_error,0,0,0,0,0,0,0,0,0,0,0
function@ClearDecPicList,0,0,0,0,0,5,0,0,0,0,15.1176
function@GetOneAvailDecPicFromList,0,0,0,0,0,4,0,0,0,0,17.7143
function@OpenDecoder,0,0,0,0,0,10,0,0,0,0,9.47059
function@DecodeOneFrame,0,0,0,0,0,6,0,0,0,0,8.46364
function@FinitDecoder,0,0,0,0,0,4,0,0,0,0,4.01695
function@CloseDecoder,18,3,0,4,0,8,9.44336,1.00586,2.5,0,39.4531
function@free_slice,0,0,0,0,0,1,0,0,0,0,1
function@init_all_macroblocks,0,0,0,0,0,0,0,0,0,0,0
function@init_slice,0,0,0,0,0,0,0,0,0,0,0
function@reorder_lists,0,0,0,0,0,0,0,0,0,0,0
function@decode_slice,107,19,0,47,30,8,120461,959.693,19652.2,2106.84,11777.8
function@decode_one_slice,15,30,0,4,3,15,176.082,359.914,1.125,4.25,290
function@decode_one_frame,120,41,0,28,27,24,728.76,412.747,89.2045,64.4963,1049.72
function@init_picture,43,4,0,7,0,16,55.658,1.05495,3.87225,0,58.3407
function@read_new_slice,84,2,0,4,6,2,169.743,7.02369,9.88603,7.79352,4.54788
function@CopySliceInfo,0,0,0,0,0,0,0,0,0,0,0
function@exit_picture,130,54,0,46,18,1,616.925,409.105,96.529,79.7827,0.256348
function@copy_dec_picture_JV,0,0,0,0,0,1,0,0,0,0,0.617647
function@buffer2img,76,28,0,36,51,25,800.376,299.092,35.7248,140.688,387.239
function@compute_SSE,17,8,0,15,5,3,1280.91,652.412,642.177,26.2059,202.765
function@calculate_frame_no,0,0,0,0,0,2,0,0,0,0,1.38095
function@find_snr,49,41,0,32,16,11,25126.9,12676.4,12258.4,520.111,3824.58
function@is_new_picture,1,3,0,2,7,0,1,3,2,4.18039,0
function@pad_buf,23,20,0,21,13,25,175.118,885.686,16.9608,56.951,1173.27
function@pad_dec_picture,0,4,0,2,0,0,0,2.47619,1.2381,0,0
function@frame_postprocessing,0,0,0,0,0,0,0,0,0,0,0
function@field_postprocessing,0,0,0,0,0,1,0,0,0,0,1
function@ercWriteMBMODEandMV,89,13,0,22,14,11,13.5417,4.45833,7.04167,2.58333,2.25
function@init_old_slice,0,0,0,0,0,0,0,0,0,0,0
function@GetVOIdx,0,0,0,0,0,4,0,0,0,0,7.63415
function@get_maxViewIdx,0,0,0,0,0,1,0,0,0,0,6.21951
function@intrapred16x16,0,0,0,0,0,0,0,0,0,0,0
function@ParseSizeFromString,0,0,0,0,0,7,0,0,0,0,15.9889
function@ParseFrameNoFormatFromString,0,2,0,2,0,5,0,8.71601,1.25,0,26.5852
function@OpenFrameFile,0,0,0,0,0,3,0,0,0,0,3
function@OpenFiles,0,0,0,0,0,0,0,0,0,0,0
function@CloseFiles,0,0,0,0,0,0,0,0,0,0,0
function@ParseVideoType,0,0,0,0,0,0,0,0,0,0,0
function@compute_residue,14,5,0,11,6,2,698.25,255.75,28.2,27.1,211.1
function@sample_reconstruct,23,9,0,15,14,3,922.95,503.2,41.25,41,108.5
function@JMDecHelpExit,0,0,0,0,0,0,0,0,0,0,0
function@ParseCommand,2,13,0,7,6,7,0.0270607,3.20628,2.52029,0.363603,10.9062
function@get_colocated_info_4x4,0,0,0,0,0,5,0,0,0,0,1.2522
function@get_colocated_info_8x8,14,4,0,8,0,17,1.36239,0.815596,1.33853,0,1.46239
function@update_direct_types,0,0,0,0,0,0,0,0,0,0,0
function@update_direct_mv_info_spatial_8x8,115,20,0,10,0,2,143.874,30.8621,39.9243,0,27.5
function@update_direct_mv_info_temporal,153,54,0,47,34,33,1.54026e+07,3.70955e+06,2.48608e+06,740243,1.65819e+06
function@update_direct_mv_info_spatial_4x4,84,9,0,14,13,8,48711.2,3583.12,10411.9,3198.75,8415
function@intrapred,0,0,0,0,0,0,0,0,0,0,0
function@itrans8x8,13,1,0,7,6,16,145.438,15.9375,4,18.4375,127
function@fmo_init,189,113,0,76,53,58,5245.12,1793.33,210.132,888.015,2225.49
function@FmoFinit,0,0,0,0,0,0,0,0,0,0,0
function@FmoGetNumberOfSliceGroup,0,0,0,0,0,0,0,0,0,0,0
function@FmoGetLastMBOfPicture,0,0,0,0,0,1,0,0,0,0,1
function@FmoGetLastMBInSliceGroup,0,0,0,0,0,1,0,0,0,0,1
function@FmoGetSliceGroupId,0,0,0,0,0,0,0,0,0,0,0
function@FmoGetNextMBNr,0,0,0,0,0,4,0,0,0,0,19.5
function@intrapred8x8_normal,493,99,0,174,65,24,41.8054,7.42285,13.5734,4.51875,2.3625
function@LowPassForIntra8x8Pred,19,9,0,21,10,1,9.0989,6.67033,12.544,5.04945,1
function@itrans4x4,0,0,0,0,0,0,0,0,0,0,0
function@itrans4x4_ls,86,41,0,48,0,0,86,41,48,0,0
function@Inv_Residual_trans_4x4,92,10,0,45,10,0,38,3.33333,17.6667,3.33333,0
function@Inv_Residual_trans_8x8,256,3,0,78,4,4,484,74.6667,72.6667,44,54.3333
function@Inv_Residual_trans_16x16,135,7,0,38,26,6,537.917,19,116,21.625,81.3333
function@Inv_Residual_trans_Chroma,53,37,0,15,32,26,1587.58,671.586,15.5625,116.25,1133.83
function@itrans_2,16,0,0,1,0,0,16,0,1,0,0
function@itrans_sp,112,48,0,22,13,27,1151,298,151,69,411
function@itrans_sp_cr,163,26,0,25,41,34,402399,66678.2,33272.1,17824.2,103301
function@iMBtrans4x4,6,0,0,1,0,0,2.76471,0,1,0,0
function@copy_image_data_16x16,0,0,0,0,0,0,0,0,0,0,0
function@iMBtrans8x8,0,0,0,0,0,0,0,0,0,0,0
function@iTransform,114,27,0,33,23,3,853.385,176.344,26.8525,48.0082,65.4508
function@copy_image_data,7,6,0,11,3,0,2.56,31.56,5.44,0.96,0
function@copy_image_data_8x8,0,0,0,0,0,0,0,0,0,0,0
function@copy_image_data_4x4,0,0,0,0,0,0,0,0,0,0,0
function@CheckVertMV,0,0,0,0,0,1,0,0,0,0,1
function@initBitsFile,0,0,0,0,0,0,0,0,0,0,0
function@read_next_nalu,0,0,0,0,0,0,0,0,0,0,0
function@CheckZeroByteNonVCL,0,0,0,0,0,0,0,0,0,0,0
function@CheckZeroByteVCL,0,0,0,0,0,0,0,0,0,0,0
function@nal_unit_header_mvc_extension,0,0,0,0,0,0,0,0,0,0,0
function@nal_unit_header_svc_extension,0,0,0,0,0,0,0,0,0,0,0
function@prefix_nal_unit_svc,0,0,0,0,0,0,0,0,0,0,0
function@main,0,0,0,0,0,2,0,0,0,0,15.8423
function@set_loop_filter_functions_normal,0,0,0,0,0,0,0,0,0,0,0
function@GetStrengthVer,131,71,0,65,17,16,2.24239,1.79284,1.96139,0.944194,0.240135
function@GetStrengthHor,140,72,0,74,20,20,1.50515,1.55061,1.71844,0.248988,0.505889
function@EdgeLoopLumaVer,161,96,0,65,44,47,2060.03,1290.52,725.609,195.358,835.259
function@EdgeLoopLumaHor,166,85,0,62,28,56,1548.57,949.543,351.51,126.404,917.742
function@EdgeLoopChromaVer,32,20,0,20,8,6,27.9241,39.4684,17.2532,1.96203,26.9241
function@EdgeLoopChromaHor,24,21,0,19,6,6,10.7753,35.1685,14.4157,1.59551,25.0449
function@AllocNALU,0,0,0,0,0,3,0,0,0,0,3
function@FreeNALU,0,0,0,0,0,0,0,0,0,0,0
function@intrapred_16x16_mbaff,158,25,0,63,24,8,27.7125,40.7742,7.72187,3.16875,21
function@init_contexts,295,391,0,6,16,24,2438.92,2734.58,35.9583,131.833,383.5
function@malloc_annex_b,0,0,0,0,0,1,0,0,0,0,1
function@init_annex_b,0,0,0,0,0,0,0,0,0,0,0
function@free_annex_b,0,0,0,0,0,0,0,0,0,0,0
function@GetAnnexbNALU,6,0,0,3,10,8,10.7127,0,2.40403,1.1832,8.94109
function@OpenAnnexBFile,0,0,0,0,0,1,0,0,0,0,0.380952
function@CloseAnnexBFile,0,0,0,0,0,0,0,0,0,0,0
function@ResetAnnexB,0,0,0,0,0,0,0,0,0,0,0
function@GetConfigFileContent,0,0,0,0,0,8,0,0,0,0,2.82887
function@ParseContent,2,2,0,0,4,6,2.14286,10.625,0,3.08036,100.605
function@InitParams,0,0,0,0,0,0,0,0,0,0,0
function@TestParams,0,0,0,0,0,0,0,0,0,0,0
function@DisplayParams,0,0,0,0,0,1,0,0,0,0,1
function@intra4x4_pred_normal,164,37,0,81,16,1,11.1131,3.26562,6.1623,0.978905,0.999999
function@gettime,0,0,0,0,0,0,0,0,0,0,0
function@timediff,0,0,0,0,0,2,0,0,0,0,2
function@timenorm,0,0,0,0,0,0,0,0,0,0,0
function@ercInit,0,0,0,0,0,2,0,0,0,0,2
function@ercClose,0,0,0,0,0,0,0,0,0,0,0
function@ercOpen,0,0,0,0,0,2,0,0,0,0,2
function@ercSetErrorConcealment,0,0,0,0,0,0,0,0,0,0,0
function@ercReset,4,0,0,2,0,5,0.82069,0,0.386207,0,0.868966
function@ercStartSegment,0,0,0,0,0,0,0,0,0,0,0
function@ercStopSegment,0,0,0,0,0,0,0,0,0,0,0
function@ercMarkCurrSegmentLost,15,3,0,9,2,8,93.9706,30.0882,51.9706,0.588235,51.0294
function@ercMarkCurrSegmentOK,9,3,0,6,2,7,63.12,30.6,31.88,0.64,41.76
function@ercMarkCurrMBConcealed,0,0,0,0,0,2,0,0,0,0,0.192661
function@reorder_short_term,9,0,0,2,2,15,6.32941,0,1.49412,4.35294,73.6588
function@reorder_long_term,9,0,0,2,2,15,5.89412,0,1.49412,3.91765,73.6588
function@init_lists_i_slice_mvc,0,0,0,0,0,0,0,0,0,0,0
function@init_lists_p_slice_mvc,30,34,0,20,8,16,119.199,31.208,20.5077,14.6453,39.9633
function@compare_pic_by_pic_num_desc,0,0,0,0,0,0,0,0,0,0,0
function@compare_pic_by_lt_pic_num_asc,0,0,0,0,0,0,0,0,0,0,0
function@compare_fs_by_frame_num_desc,0,0,0,0,0,0,0,0,0,0,0
function@compare_fs_by_lt_pic_idx_asc,0,0,0,0,0,0,0,0,0,0,0
function@init_lists_b_slice_mvc,99,85,0,40,32,37,270.413,56.3945,29.8685,27.2538,97.5963
function@compare_pic_by_poc_desc,0,0,0,0,0,0,0,0,0,0,0
function@compare_pic_by_poc_asc,0,0,0,0,0,0,0,0,0,0,0
function@compare_fs_by_poc_desc,0,0,0,0,0,0,0,0,0,0,0
function@compare_fs_by_poc_asc,0,0,0,0,0,0,0,0,0,0,0
function@init_lists_mvc,147,124,0,61,42,51,144.251,32.1893,17.3071,11.8419,51.3052
function@reorder_ref_pic_list_mvc,80,23,0,36,30,27,438.992,178.469,50.248,76.2065,430.931
function@reorder_lists_mvc,0,0,0,0,0,0,0,0,0,0,0
function@ReadFrameConcatenated,2,4,0,3,2,4,1.49453,16.825,1.89162,1.17707,2.89162
function@ReadFrameSeparate,2,6,0,3,2,3,1.49453,18.45,1.89162,1.17707,1.89162
function@Scaling_List,0,0,0,0,0,12,0,0,0,0,91.36
function@InterpretSPS,17,47,0,9,10,11,1348.18,808.431,410.778,431.944,1028.5
function@InitVUI,0,0,0,0,0,0,0,0,0,0,0
function@ReadVUI,0,0,0,0,0,0,0,0,0,0,0
function@ReadHRDParameters,0,0,0,0,0,0,0,0,0,0,0
function@InterpretPPS,20,37,0,9,11,11,670.996,413.676,202.748,215.071,512.609
function@PPSConsistencyCheck,0,0,0,0,0,0,0,0,0,0,0
function@SPSConsistencyCheck,0,0,0,0,0,0,0,0,0,0,0
function@SubsetSPSConsistencyCheck,0,0,0,0,0,0,0,0,0,0,0
function@MakePPSavailable,0,0,0,0,0,0,0,0,0,0,0
function@CleanUpPPS,0,0,0,0,0,1,0,0,0,0,31.875
function@MakeSPSavailable,0,0,0,0,0,0,0,0,0,0,0
function@ProcessSPS,0,0,0,0,0,2,0,0,0,0,2
function@get_max_dec_frame_buf_size,0,0,0,0,0,2,0,0,0,0,2
function@ProcessSubsetSPS,9,2,0,2,0,1,6.52632,2,2,0,1
function@reset_subset_sps,14,1,0,2,3,21,373.692,6.01923,12.0385,6.36538,721.019
function@seq_parameter_set_mvc_extension,31,17,0,6,6,44,9761.18,217.353,340.382,179.912,10317.7
function@mvc_vui_parameters_extension,21,14,0,1,5,14,810.971,47.9118,1,41.9706,1179.06
function@ProcessPPS,0,0,0,0,0,2,0,0,0,0,2
function@reset_format_info,9,4,0,4,8,1,6.85294,3.52941,2.85294,6.23529,0.235294
function@activate_sps,2,4,0,2,1,1,1.25038,2.0313,1.01603,0.234351,0.625191
function@activate_pps,0,0,0,0,0,0,0,0,0,0,0
function@UseParameterSet,3,0,0,2,0,0,1.97619,0,2,0,0
function@MemAlloc1D,0,0,0,0,0,4,0,0,0,0,2.85714
function@hrd_parameters,0,0,0,0,0,3,0,0,0,0,63.75
function@init_subset_sps_list,0,0,0,0,0,2,0,0,0,0,20.4
function@GetBaseViewId,0,0,0,0,0,0,0,0,0,0,0
function@initInput,0,0,0,0,0,0,0,0,0,0,0
function@testEndian,0,0,0,0,0,0,0,0,0,0,0
function@buf2img_endian,52,21,0,27,36,15,548.344,199.531,27.125,52.4688,344.188
function@buf2img_basic,43,25,0,28,25,20,427.078,244.777,16.5547,23.6719,338.703
function@buf2img_bitshift,42,18,0,15,33,16,648.214,571.125,13.8623,31.4463,414.625
function@fillPlane,5,2,0,1,5,5,31.75,115.1,0.4,26.7,536.15
function@AllocateFrameMemory,0,0,0,0,0,2,0,0,0,0,1.61765
function@DeleteFrameMemory,0,0,0,0,0,0,0,0,0,0,0
function@read_one_frame,43,55,0,39,7,5,74.4404,109.541,34.3945,11.2294,5.06422
function@pad_borders,89,52,0,32,42,19,278.569,1190.26,12.4118,79.7745,1513.46
function@init_top_bot_planes,5,4,0,4,4,2,3.75,9.46875,2.75,2.75,15.9375
function@no_mem_exit,0,0,0,0,0,0,0,0,0,0,0
function@free_top_bot_planes,0,0,0,0,0,0,0,0,0,0,0
function@get_mem2Ddist,3,3,0,4,6,4,2.25,16.4375,2.75,3.75,17.9375
function@get_mem2Dlm,2,3,0,3,5,4,1.25,16.4375,1.75,2.75,17.9375
function@free_mem2Ddist,0,0,0,0,0,0,0,0,0,0,0
function@free_mem2Dlm,0,0,0,0,0,0,0,0,0,0,0
function@get_mem2Dmp,3,3,0,4,6,4,2.25,16.4375,2.75,3.75,17.9375
function@get_mem3Dmp,21,7,0,9,14,5,157.406,47.3438,43.3438,47.7188,20.4375
function@free_mem2Dmp,0,0,0,0,0,0,0,0,0,0,0
function@free_mem3Dmp,0,0,0,0,0,0,0,0,0,0,0
function@get_mem2Dquant,1,3,0,2,4,4,0.25,16.4375,0.75,1.75,17.9375
function@get_mem3Dquant,21,7,0,9,14,5,157.406,47.3438,43.3438,47.7188,20.4375
function@get_mem4Dquant,13,15,0,13,14,9,48.2188,77.25,10.375,6.625,54.8125
function@get_mem5Dquant,21,7,0,9,14,5,157.406,47.3438,43.3438,47.7188,20.4375
function@free_mem2Dquant,0,0,0,0,0,0,0,0,0,0,0
function@free_mem3Dquant,0,0,0,0,0,0,0,0,0,0,0
function@free_mem4Dquant,0,0,0,0,0,0,0,0,0,0,0
function@free_mem5Dquant,0,0,0,0,0,0,0,0,0,0,0
function@get_mem2D_spp,1,4,0,2,5,5,0.5,26.4062,1,2.25,27.9062
function@get_mem3D_spp,21,7,0,9,14,5,157.406,47.3438,43.3438,47.7188,20.4375
function@get_mem2Dmv,1,4,0,2,5,5,0.5,26.4062,1,2.25,27.9062
function@get_mem3Dmv,21,7,0,9,14,5,157.406,47.3438,43.3438,47.7188,20.4375
function@get_mem4Dmv,13,15,0,13,14,9,48.2188,77.25,10.375,6.625,54.8125
function@get_mem5Dmv,21,7,0,9,14,5,157.406,47.3438,43.3438,47.7188,20.4375
function@get_mem6Dmv,13,16,0,14,13,9,48.2188,78.25,11.375,5.625,54.8125
function@get_mem7Dmv,21,7,0,9,14,5,157.406,47.3438,43.3438,47.7188,20.4375
function@free_mem2D_spp,0,0,0,0,0,0,0,0,0,0,0
function@free_mem3D_spp,0,0,0,0,0,0,0,0,0,0,0
function@free_mem2Dmv,0,0,0,0,0,0,0,0,0,0,0
function@free_mem3Dmv,0,0,0,0,0,0,0,0,0,0,0
function@free_mem4Dmv,0,0,0,0,0,0,0,0,0,0,0
function@free_mem5Dmv,0,0,0,0,0,0,0,0,0,0,0
function@free_mem6Dmv,0,0,0,0,0,0,0,0,0,0,0
function@free_mem7Dmv,0,0,0,0,0,0,0,0,0,0,0
function@get_mem1Dpel,0,0,0,0,0,1,0,0,0,0,1
function@get_mem2Dpel,1,4,0,2,5,5,0.5,26.4062,1,2.25,27.9062
function@get_mem2DpelWithPad,15,10,0,12,8,4,33.0312,47.6562,7.375,11.7188,19.9375
function@get_mem3Dpel,21,7,0,9,14,5,157.406,47.3438,43.3438,47.7188,20.4375
function@get_mem3DpelWithPad,21,6,0,8,15,5,149.938,37.375,34.875,48.1562,20.9375
function@get_mem3DpelWithPadSeparately,0,0,0,0,0,2,0,0,0,0,21.2857
function@get_mem4Dpel,13,15,0,13,14,9,48.2188,77.25,10.375,6.625,54.8125
function@get_mem4DpelWithPad,14,16,0,14,13,9,56.1875,78.25,10.875,5.625,54.8125
function@get_mem4DpelWithPadSeparately,25,11,0,12,16,5,167.875,69.8125,45.8438,47.9688,39.9062
function@get_mem5Dpel,21,7,0,9,14,5,157.406,47.3438,43.3438,47.7188,20.4375
function@get_mem5DpelWithPad,21,7,0,9,14,5,157.406,47.3438,43.3438,47.7188,20.4375
function@get_mem5DpelWithPadSeparately,21,7,0,9,14,5,157.406,47.3438,43.3438,47.7188,20.4375
function@free_mem1Dpel,0,0,0,0,0,0,0,0,0,0,0
function@free_mem2Dpel,0,0,0,0,0,0,0,0,0,0,0
function@free_mem2DpelWithPad,0,0,0,0,0,3,0,0,0,0,1
function@free_mem3Dpel,0,0,0,0,0,0,0,0,0,0,0
function@free_mem3DpelWithPad,0,0,0,0,0,3,0,0,0,0,0.62963
function@free_mem3DpelWithPadSeparately,3,3,0,4,2,1,13.2381,18.2381,1.7619,0.761905,12.6667
function@free_mem4Dpel,0,0,0,0,0,0,0,0,0,0,0
function@free_mem4DpelWithPad,0,0,0,0,0,0,0,0,0,0,0
function@free_mem4DpelWithPadSeparately,3,3,0,4,2,1,8.17647,11.2647,1.08824,0.470588,7.82353
function@free_mem5Dpel,0,0,0,0,0,0,0,0,0,0,0
function@free_mem5DpelWithPad,0,0,0,0,0,0,0,0,0,0,0
function@free_mem5DpelWithPadSeparately,0,0,0,0,0,0,0,0,0,0,0
function@new_mem2D,12,5,0,3,5,6,76.2188,27.4062,2,2.25,28.9062
function@get_mem2D,1,4,0,2,5,7,0.5,26.4062,1,2.25,29.9062
function@new_mem2Dint,17,7,0,7,13,3,102.625,37.875,12.2188,22.0625,9.96875
function@get_mem2Dint,1,4,0,2,5,5,0.5,26.4062,1,2.25,27.9062
function@get_mem2DintWithPad,14,10,0,11,11,4,32.7188,47.6562,7.0625,12.5312,19.9375
function@get_mem2Dint64,1,4,0,2,5,5,0.5,26.4062,1,2.25,27.9062
function@get_mem2Ddistblk,1,4,0,2,5,5,0.5,26.4062,1,2.25,27.9062
function@get_mem3D,21,7,0,9,14,5,157.406,47.3438,43.3438,47.7188,20.4375
function@get_mem4D,13,15,0,13,14,9,48.2188,77.25,10.375,6.625,54.8125
function@get_mem3Dint,21,7,0,9,14,5,157.406,47.3438,43.3438,47.7188,20.4375
function@get_mem3Dint64,21,7,0,9,14,5,157.406,47.3438,43.3438,47.7188,20.4375
function@get_mem3Ddistblk,21,7,0,9,14,5,157.406,47.3438,43.3438,47.7188,20.4375
function@get_mem4Dint,13,15,0,13,14,9,48.2188,77.25,10.375,6.625,54.8125
function@get_mem4Dint64,13,15,0,13,14,9,48.2188,77.25,10.375,6.625,54.8125
function@get_mem4Ddistblk,13,15,0,13,14,9,48.2188,77.25,10.375,6.625,54.8125
function@get_mem5Dint,21,7,0,9,14,5,157.406,47.3438,43.3438,47.7188,20.4375
function@free_mem2D,0,0,0,0,0,0,0,0,0,0,0
function@free_mem2Dint,0,0,0,0,0,0,0,0,0,0,0
function@free_mem2DintWithPad,0,0,0,0,0,3,0,0,0,0,1
function@free_mem2Dint64,0,0,0,0,0,0,0,0,0,0,0
function@free_mem3D,0,0,0,0,0,0,0,0,0,0,0
function@free_mem4D,0,0,0,0,0,0,0,0,0,0,0
function@free_mem3Dint,0,0,0,0,0,0,0,0,0,0,0
function@free_mem3Dint64,0,0,0,0,0,0,0,0,0,0,0
function@free_mem3Ddistblk,0,0,0,0,0,0,0,0,0,0,0
function@free_mem2Ddistblk,0,0,0,0,0,0,0,0,0,0,0
function@free_mem4Dint,0,0,0,0,0,0,0,0,0,0,0
function@free_mem4Dint64,0,0,0,0,0,0,0,0,0,0,0
function@free_mem4Ddistblk,0,0,0,0,0,0,0,0,0,0,0
function@free_mem5Dint,0,0,0,0,0,0,0,0,0,0,0
function@new_mem2Duint16,18,7,0,8,12,3,102.938,37.875,12.5312,21.75,9.96875
function@get_mem2Duint16,1,4,0,2,5,5,0.5,26.4062,1,2.25,27.9062
function@get_mem3Duint16,21,7,0,9,14,5,157.406,47.3438,43.3438,47.7188,20.4375
function@get_mem4Duint16,13,15,0,13,14,9,48.2188,77.25,10.375,6.625,54.8125
function@get_mem2Dshort,1,4,0,2,5,5,0.5,26.4062,1,2.25,27.9062
function@get_mem3Dshort,21,7,0,9,14,5,157.406,47.3438,43.3438,47.7188,20.4375
function@get_mem4Dshort,13,15,0,13,14,9,48.2188,77.25,10.375,6.625,54.8125
function@get_mem5Dshort,21,7,0,9,14,5,157.406,47.3438,43.3438,47.7188,20.4375
function@get_mem6Dshort,13,16,0,14,13,9,48.2188,78.25,11.375,5.625,54.8125
function@get_mem7Dshort,21,7,0,9,14,5,157.406,47.3438,43.3438,47.7188,20.4375
function@free_mem2Duint16,0,0,0,0,0,0,0,0,0,0,0
function@free_mem3Duint16,0,0,0,0,0,0,0,0,0,0,0
function@free_mem4Duint16,0,0,0,0,0,0,0,0,0,0,0
function@free_mem2Dshort,0,0,0,0,0,0,0,0,0,0,0
function@free_mem3Dshort,0,0,0,0,0,0,0,0,0,0,0
function@free_mem4Dshort,0,0,0,0,0,0,0,0,0,0,0
function@free_mem5Dshort,0,0,0,0,0,0,0,0,0,0,0
function@free_mem6Dshort,0,0,0,0,0,0,0,0,0,0,0
function@free_mem7Dshort,0,0,0,0,0,0,0,0,0,0,0
function@get_mem2Ddouble,1,4,0,2,5,5,0.5,26.4062,1,2.25,27.9062
function@get_mem1Dodouble,0,0,0,0,0,2,0,0,0,0,2
function@get_mem2Dodouble,1,4,0,2,5,5,0.5,26.4062,1,2.25,27.9062
function@get_mem3Dodouble,5,7,0,6,11,8,26.1875,838.812,3.125,16.5938,840.312
function@get_offset_mem2Dshort,1,4,0,2,5,7,0.5,26.4062,1,2.25,48.5
function@get_mem3Doint,5,7,0,6,11,8,26.1875,838.812,3.125,16.5938,840.312
function@get_mem2Doint,1,4,0,2,5,5,0.5,26.4062,1,2.25,27.9062
function@get_mem3Ddouble,2,3,0,3,2,11,2,14.125,2.625,1.625,106
function@free_mem2Ddouble,0,0,0,0,0,0,0,0,0,0,0
function@free_mem1Dodouble,0,0,0,0,0,0,0,0,0,0,0
function@free_mem2Dodouble,0,0,0,0,0,1,0,0,0,0,0.617647
function@free_mem3Dodouble,7,7,0,6,6,3,343.118,343.824,3.11765,11.8235,331.882
function@free_mem3Doint,7,7,0,6,6,3,343.118,343.824,3.11765,11.8235,331.882
function@free_mem2Doint,0,0,0,0,0,1,0,0,0,0,0.617647
function@free_offset_mem2Dshort,0,0,0,0,0,1,0,0,0,0,0.617647
function@free_mem3Ddouble,0,0,0,0,0,0,0,0,0,0,0
function@get_mem2Dolm,2,3,0,3,5,4,1.25,16.4375,1.75,2.75,17.9375
function@free_mem2Dolm,0,0,0,0,0,0,0,0,0,0,0
function@CheckAvailabilityOfNeighborsCABAC,0,0,0,0,0,0,0,0,0,0,0
function@cabac_new_slice,0,0,0,0,0,0,0,0,0,0,0
function@create_contexts_MotionInfo,0,0,0,0,0,2,0,0,0,0,2
function@create_contexts_TextureInfo,0,0,0,0,0,2,0,0,0,0,2
function@delete_contexts_MotionInfo,0,0,0,0,0,0,0,0,0,0,0
function@delete_contexts_TextureInfo,0,0,0,0,0,0,0,0,0,0,0
function@readFieldModeInfo_CABAC,2,0,0,2,0,0,1.33333,0,1.33333,0,0
function@check_next_mb_and_get_field_mode_CABAC_p_slice,86,2,0,16,1,4,78.75,2,16,1,3.5
function@read_skip_flag_CABAC_p_slice,0,0,0,0,0,0,0,0,0,0,0
function@check_next_mb_and_get_field_mode_CABAC_b_slice,85,0,0,15,0,3,77.75,0,15,0,2.5
function@read_skip_flag_CABAC_b_slice,0,0,0,0,0,0,0,0,0,0,0
function@read_MVD_CABAC,17,7,0,10,12,12,22.0964,4.99414,7.36914,16.5579,79.0469
function@readB8_typeInfo_CABAC_p_slice,0,0,0,0,0,0,0,0,0,0,0
function@readB8_typeInfo_CABAC_b_slice,4,0,0,2,2,4,0.45977,0,0.229885,0.229885,1.01149
function@readMB_transform_size_flag_CABAC,0,0,0,0,0,0,0,0,0,0,0
function@readMB_typeInfo_CABAC_i_slice,3,1,0,2,3,5,0.669725,0.207951,0.336391,0.669725,0.440367
function@readMB_typeInfo_CABAC_p_slice,2,0,0,1,0,4,0.311927,0,0.192661,0,0.642202
function@readMB_typeInfo_CABAC_b_slice,9,0,0,1,2,7,2.71947,0,1,0.253817,1.63359
function@readIntraPredMode_CABAC,0,0,0,0,0,0,0,0,0,0,0
function@readRefFrame_CABAC,22,1,0,9,7,0,8.19975,1,4.87683,2.65273,0
function@read_dQuant_CABAC,0,0,0,0,0,1,0,0,0,0,0.4
function@read_CBP_CABAC,17,3,0,7,2,4,14.1667,3,7,2,1.83333
function@readCIPredMode_CABAC,0,0,0,0,0,0,0,0,0,0,0
function@set_read_and_store_CBP,0,0,0,0,0,0,0,0,0,0,0
function@read_and_store_CBP_block_bit_444,65,19,0,16,37,7,16.2578,10.75,9.60703,12.6859,1.74219
function@read_and_store_CBP_block_bit_normal,39,20,0,18,12,26,3.625,1.69375,2.48125,1.6125,3.2
function@readRunLevel_CABAC,41,8,0,13,8,13,170.066,25.1074,44.4504,17.7231,172.058
function@readSyntaxElement_CABAC,0,0,0,0,0,1,0,0,0,0,1
function@cabac_startcode_follows,0,0,0,0,0,1,0,0,0,0,0.619048
function@readIPCM_CABAC,58,50,0,29,28,18,1252.26,1607.93,307.092,603.683,551.038
function@ue_v,0,0,0,0,0,1,0,0,0,0,0.999999
function@linfo_ue,0,0,0,0,0,0,0,0,0,0,0
function@readSyntaxElement_VLC,10,5,0,5,10,1,10.3894,1.9823,8.12389,35.354,12.0796
function@se_v,0,0,0,0,0,1,0,0,0,0,0.999999
function@linfo_se,0,0,0,0,0,2,0,0,0,0,2
function@u_v,8,1,0,6,10,3,21.6863,1,16.3137,21.8039,10.3137
function@readSyntaxElement_FLC,12,4,0,6,11,2,23.5294,1.43137,16.3137,22.1765,5.31373
function@i_v,9,3,0,8,10,3,22.6863,3,18.3137,21.8039,10.3137
function@u_1,0,0,0,0,0,2,0,0,0,0,1.5
function@linfo_cbp_intra_normal,0,0,0,0,0,0,0,0,0,0,0
function@linfo_cbp_intra_other,0,0,0,0,0,0,0,0,0,0,0
function@linfo_cbp_inter_normal,0,0,0,0,0,0,0,0,0,0,0
function@linfo_cbp_inter_other,0,0,0,0,0,0,0,0,0,0,0
function@linfo_levrun_inter,0,0,0,0,0,2,0,0,0,0,1
function@linfo_levrun_c2x2,0,0,0,0,0,2,0,0,0,0,1
function@GetVLCSymbol,5,3,0,4,10,1,7.85882,1.35294,7.09412,35.2,12.0353
function@readSyntaxElement_UVLC,0,0,0,0,0,0,0,0,0,0,0
function@readSyntaxElement_Intra4x4PredictionMode,0,0,0,0,0,3,0,0,0,0,2.19048
function@GetVLCSymbol_IntraMode,0,0,0,0,0,2,0,0,0,0,2
function@more_rbsp_data,0,0,0,0,0,3,0,0,0,0,2.5
function@uvlc_startcode_follows,2,2,0,1,1,1,1.4902,0.470588,1,0.490196,1
function@GetBits,7,0,0,7,7,0,21.4706,0,16.9608,21.4706,0
function@readSyntaxElement_NumCoeffTrailingOnes,21,3,0,15,10,25,5.25,1,4,2.5,18.75
function@ShowBits,4,1,0,6,4,2,11.1569,0.156863,11.4706,10.3137,5.31373
function@readSyntaxElement_NumCoeffTrailingOnesChromaDC,0,17,0,17,17,3,0,31.9999,31.9999,31.9999,3
function@readSyntaxElement_Level_VLC0,42,5,0,25,41,8,22.502,2.17647,11.4353,13.1294,17.6039
function@readSyntaxElement_Level_VLCN,50,11,0,25,28,1,72.811,12.685,28.2205,37.3228,0.244094
function@readSyntaxElement_TotalZeros,16,0,0,1,0,17,1.99638,0,1,0,3.99275
function@readSyntaxElement_TotalZerosChromaDC,31,1,0,2,4,2,3.98913,0.00362318,2,3.00362,2
function@readSyntaxElement_Run,16,0,0,1,0,17,1.99638,0,1,0,3.99275
function@init_process_image,0,0,0,0,0,0,0,0,0,0,0
function@clear_process_image,0,0,0,0,0,0,0,0,0,0,0
function@process_image,0,0,0,0,0,33,0,0,0,0,45.5686
function@MuxImages,173,88,0,78,36,12,7756.72,4070.38,1734.16,169.219,659.5
function@FilterImageSep,179,127,0,63,40,12,10051.5,6957.88,2557.11,1049.4,1252.49
function@intrapred_16x16_normal,67,21,0,30,14,8,17.3601,40.75,5.18592,1.92097,21
function@AllocPPS,0,0,0,0,0,2,0,0,0,0,2
function@AllocSPS,0,0,0,0,0,2,0,0,0,0,2
function@FreePPS,0,0,0,0,0,0,0,0,0,0,0
function@FreeSPS,0,0,0,0,0,0,0,0,0,0,0
function@sps_is_equal,6,11,0,9,4,3,1.0515,1.05508,0.781116,1.07511,0.462089
function@pps_is_equal,29,32,0,30,5,12,2.99673,3.86294,3.49918,1.14251,2.19973
function@CeilLog2,0,0,0,0,0,2,0,0,0,0,20.9048
function@CeilLog2_sf,0,0,0,0,0,2,0,0,0,0,20.9048
function@FirstPartOfSliceHeader,0,0,0,0,0,0,0,0,0,0,0
function@RestOfSliceHeader,70,39,0,20,0,41,89.5903,35.8502,9.11013,0,106.93
function@dec_ref_pic_marking,0,0,0,0,0,4,0,0,0,0,173.059
function@decode_poc,31,24,0,20,22,14,15.6321,7.41071,3.82321,5.7125,6.82143
function@dumppoc,0,0,0,0,0,0,0,0,0,0,0
function@picture_order,0,0,0,0,0,0,0,0,0,0,0
function@ercConcealIntraFrame,0,0,0,0,0,4,0,0,0,0,1.72222
function@concealBlocks,133,78,0,54,40,9,84964.8,63356.3,21610.6,18864,19031
function@ercCollect8PredBlocks,16,9,0,8,21,2,8.92375,5.12023,8,6.5132,2
function@ercPixConcealIMB,199,100,0,54,122,47,4876.17,2737.11,692.849,467.569,969.059
function@ercCollectColumnBlocks,0,0,0,0,0,1,0,0,0,0,1
function@write_picture,90,97,0,51,30,31,51.2459,42.507,10.2414,6.82617,61.103
function@img2buf_endian,15,12,0,11,18,3,210.148,199.094,8.35156,199.453,5.99219
function@img2buf_normal,22,20,0,17,14,25,38.5647,678.553,6.07059,16.3059,501.941
function@init_out_buffer,0,0,0,0,0,0,0,0,0,0,0
function@uninit_out_buffer,0,0,0,0,0,0,0,0,0,0,0
function@clear_picture,30,36,0,14,18,9,149.308,1619.85,6.92308,75.3077,1466.81
function@write_unpaired_field,82,68,0,30,36,18,168.4,1747.1,8.2,81.3,1583.55
function@flush_direct_output,0,0,0,0,0,0,0,0,0,0,0
function@write_stored_frame,0,0,0,0,0,0,0,0,0,0,0
function@direct_output,0,0,0,0,0,0,0,0,0,0,0
function@allocate_pred_mem,0,0,0,0,0,4,0,0,0,0,4
function@free_pred_mem,0,0,0,0,0,0,0,0,0,0,0
function@get_block_luma,116,31,0,64,45,22,171.511,12.3916,11.6107,8.1771,11.5634
function@get_luma_01,123,17,0,80,20,9,3170.36,205.84,184.025,73.6564,109.939
function@get_luma_02,85,8,0,65,23,9,2557.96,154.173,167.494,110.654,111.605
function@get_luma_03,122,17,0,79,25,9,3169.96,205.84,183.632,99.9632,109.939
function@get_luma_21,75,5,0,44,25,5,4185.47,315.938,734.844,287.281,548.938
function@get_luma_22,67,6,0,36,20,4,3021.72,507.906,327.094,78.875,452.969
function@get_luma_23,75,5,0,44,25,5,4185.47,315.938,734.844,287.281,548.938
function@get_luma_12,56,7,0,34,17,5,2954.29,271.333,128.98,49.549,444.157
function@get_luma_32,56,7,0,34,17,5,2954.29,271.333,128.98,49.549,444.157
function@get_luma_11,130,17,0,73,29,13,2610.25,191.837,115.809,69.8086,162.01
function@get_luma_13,130,17,0,73,33,13,2610.25,191.837,115.809,95.6651,162.01
function@get_luma_31,128,17,0,71,29,13,2609.95,191.837,115.268,69.8086,162.01
function@get_luma_33,128,17,0,71,33,13,2609.95,191.837,115.268,95.6651,162.01
function@intra_cr_decoding,60,11,0,12,9,6,8275.88,1301.62,1000,487,5604.25
function@prepare_direct_params,15,3,0,16,15,3,2.61841,3,3.28125,3.54932,0.274658
function@perform_mc,679,529,0,302,208,53,1581.06,2255.72,153.999,88.3503,262.352
function@get_block_chroma,251,169,0,106,102,25,458.091,920.57,28.5403,39.1909,53.1909
function@intrapred8x8,0,0,0,0,0,2,0,0,0,0,2
function@intrapred_chroma_ver_mbaff,10,11,0,9,1,1,20.4865,25.6006,3.24304,0.149536,4.78516
function@intrapred_chroma,675,253,0,217,171,32,972.229,536.925,265.777,202.366,139.874
function@intrapred_chroma_mbaff,336,181,0,165,136,52,3015.63,1130.94,520.348,506.841,241.549
function@intra_chroma_DC_all_mbaff,4,2,0,5,0,2,2.47059,1.61765,3.47059,0,1.23529
function@set_loop_filter_functions_mbaff,0,0,0,0,0,0,0,0,0,0,0
function@GetStrengthVerMBAff,140,66,0,63,21,33,68.7354,64.515,26.8675,23.4773,15.2841
function@GetStrengthHorMBAff,50,23,0,14,8,18,13.4952,13.4079,5.03467,1.79556,10.7202
function@EdgeLoopLumaVerMBAff,102,49,0,44,23,9,95.7129,129.551,81.6895,13.2285,28.8047
function@EdgeLoopLumaHorMBAff,91,53,0,41,21,9,46.3431,69.9863,52.2851,16.9159,22.2988
function@EdgeLoopChromaVerMBAff,30,22,0,21,8,8,101.054,183.006,86.8572,11.8881,52.9578
function@EdgeLoopChromaHorMBAff,31,22,0,22,11,6,34.6504,62.2713,43.1093,4.8102,24.823
function@get_non_aff_neighbor_luma,0,0,0,0,0,0,0,0,0,0,0
function@get_non_aff_neighbor_chroma,0,0,0,0,0,1,0,0,0,0,1
function@init_qp_process,22,13,0,14,4,5,38.8095,50.6349,68.4921,1.60317,26.8889
function@free_qp_matrices,0,0,0,0,0,0,0,0,0,0,0
function@assign_quant_params,23,6,0,3,1,2,48.2143,7.16071,2.23214,0.392857,40.6071
function@CalculateQuant4x4Param,176,80,0,34,2,0,5610,2550,1022,32.875,0
function@CalculateQuant8x8Param,16,0,0,16,0,18,10,0,10,0,12.5
function@set_dequant8x8,0,0,0,0,0,0,0,0,0,0,0
function@OpenRTPFile,0,0,0,0,0,0,0,0,0,0,0
function@CloseRTPFile,0,0,0,0,0,0,0,0,0,0,0
function@GetRTPNALU,0,0,0,0,0,4,0,0,0,0,3.32
function@RTPReadPacket,0,1,0,1,0,2,0,4.76837e-07,1,0,2
function@DecomposeRTPpacket,0,0,0,0,0,0,0,0,0,0,0
function@DumpRTPHeader,0,0,0,0,0,0,0,0,0,0,0
function@dump_dpb,0,0,0,0,0,0,0,0,0,0,0
function@getDpbSize,0,0,0,0,0,2,0,0,0,0,1.60886
function@check_num_ref,0,0,0,0,0,0,0,0,0,0,0
function@init_dpb,0,0,0,0,0,5,0,0,0,0,41.7059
function@free_dpb,3,0,0,1,0,1,2.625,0,1,0,12.7812
function@GetMaxDecFrameBuffering,3,2,0,1,1,2,11.875,10.875,9.875,1,11.625
function@alloc_frame_store,0,0,0,0,0,2,0,0,0,0,2
function@alloc_storable_picture,9,11,0,7,1,4,9,9.47619,5.85714,1,3.61905
function@re_init_dpb,6,2,0,3,1,2,3.66667,8.61905,1.66667,0.666667,8.35714
function@free_frame_store,0,0,0,0,0,0,0,0,0,0,0
function@free_storable_picture,0,0,0,0,0,0,0,0,0,0,0
function@alloc_pic_motion,0,0,0,0,0,1,0,0,0,0,1
function@free_pic_motion,0,0,0,0,0,0,0,0,0,0,0
function@is_short_ref,0,0,0,0,0,0,0,0,0,0,0
function@is_long_ref,0,0,0,0,0,0,0,0,0,0,0
function@gen_pic_list_from_frame_list,1,4,0,1,1,8,1,179.538,1,1,27.5897
function@update_pic_num,20,10,0,8,9,4,56.649,37.2857,15.0531,21.3429,36.7714
function@init_lists_i_slice,0,0,0,0,0,0,0,0,0,0,0
function@init_lists_p_slice,56,34,0,26,7,32,651.037,12.7737,13.1101,2.3578,76.318
function@compare_pic_by_pic_num_desc,0,0,0,0,0,0,0,0,0,0,0
function@compare_pic_by_lt_pic_num_asc,0,0,0,0,0,0,0,0,0,0,0
function@compare_fs_by_frame_num_desc,0,0,0,0,0,0,0,0,0,0,0
function@compare_fs_by_lt_pic_idx_asc,0,0,0,0,0,0,0,0,0,0,0
function@append_interview_list,2,5,0,4,0,7,23.4643,36.4464,3.66071,0,36.1786
function@init_lists_b_slice,131,87,0,51,34,70,1223,68.7217,35.6667,26.7401,163.661
function@compare_pic_by_poc_desc,0,0,0,0,0,0,0,0,0,0,0
function@compare_pic_by_poc_asc,0,0,0,0,0,0,0,0,0,0,0
function@compare_fs_by_poc_desc,0,0,0,0,0,0,0,0,0,0,0
function@compare_fs_by_poc_asc,0,0,0,0,0,0,0,0,0,0,0
function@init_lists,195,128,0,78,43,99,531.945,28.1374,15.3632,6.8315,78.7595
function@init_mbaff_lists,0,0,0,0,0,5,0,0,0,0,119.083
function@get_short_term_pic,2,2,0,2,0,3,1.47059,18.3529,10.2059,0,16.4118
function@get_long_term_pic,0,2,0,1,0,3,0,15.8182,7.95455,0,14.5909
function@reorder_ref_pic_list,10,6,0,9,0,2,41.125,40,7.125,0,11
function@update_ref_list,2,6,0,4,7,7,1,41.0714,3,3.5,57.381
function@update_ltref_list,2,6,0,4,7,7,1,41.0714,3,3.5,57.381
function@mm_update_max_long_term_frame_idx,1,0,0,1,0,2,21.25,0,0.666667,0,22.25
function@store_picture_in_dpb,183,110,0,85,101,121,297.263,275.81,102.684,65.0404,440.648
function@insert_picture_in_dpb,1,0,0,1,0,10,0.312883,0,1,0,14.5399
function@remove_unused_frame_from_dpb,4,1,0,2,0,3,2.83333,0.624378,2,0,17.0473
function@output_one_frame_from_dpb,27,7,0,6,5,4,66.636,3.85866,25.9117,20.689,16.311
function@flush_dpb,0,0,0,0,0,6,0,0,0,0,115.853
function@unmark_for_reference,0,0,0,0,0,1,0,0,0,0,1
function@unmark_long_term_field_for_reference_by_frame_idx,8,0,0,3,1,2,2.90204,0,2.37551,0.62449,13.3714
function@dpb_split_field,193,11,0,31,21,25,3469.07,214.191,564.162,171.75,601.044
function@dpb_combine_field,43,0,0,25,14,2,8437.31,0,3934.44,1303.69,271.875
function@remove_frame_from_dpb,19,3,0,7,10,5,28.6905,18.7619,14.9524,15.4524,18.4762
function@dpb_combine_field_yuv,0,0,0,0,0,6,0,0,0,0,106.607
function@alloc_ref_pic_list_reordering_buffer,0,0,0,0,0,2,0,0,0,0,0.828125
function@free_ref_pic_list_reordering_buffer,0,0,0,0,0,0,0,0,0,0,0
function@fill_frame_num_gap,3,2,0,3,0,4,17.9375,16.9375,3,0,48.8125
function@compute_colocated,14,3,0,4,4,4,886.206,258.441,9.82353,15.4706,489.294
function@mb_is_available,0,0,0,0,0,1,0,0,0,0,1
function@CheckAvailabilityOfNeighbors,30,11,0,11,14,2,9.25271,4.59206,3.87365,4.33935,1.2491
function@get_mb_block_pos_normal,0,0,0,0,0,0,0,0,0,0,0
function@get_mb_block_pos_mbaff,0,0,0,0,0,1,0,0,0,0,1
function@get_mb_pos,0,0,0,0,0,0,0,0,0,0,0
function@getNonAffNeighbour,0,0,0,0,0,0,0,0,0,0,0
function@getAffNeighbour,29,9,0,13,15,4,0.582484,0.0962983,1.22774,0.133852,0.0166309
function@get4x4Neighbour,0,0,0,0,0,0,0,0,0,0,0
function@get4x4NeighbourBase,0,0,0,0,0,0,0,0,0,0,0
function@main,141,15,0,56,30,18,37.4207,8.21522,272.992,11.2033,235.404
function@get_version,3,3,0,2,0,5,1.5,0.999999,0.999999,0,3.5
function@spec_strdup,1,3,0,1,0,3,1,2,1,0,3
function@printUsage,0,0,0,0,0,0,0,0,0,0,0
function@load_image_file,0,0,0,0,0,6,0,0,0,0,5.99999
function@init_targa,19,4,0,2,1,2,9.51559,21.6244,1.625,0.624999,20.9993
function@dump_tga,25,1,0,1,2,1,472.333,1,1,20.625,400
function@dump_header,0,0,0,0,0,1,0,0,0,0,0.5
function@computeSSIM,195,87,0,69,47,34,2.62247e+06,1.48427e+06,299607,206154,325610
function@mean,0,2,0,1,1,9,0,13.36,0.6,0.6,84.48
function@variance,0,1,0,1,1,4,0,1,1,1,43.36
function@covariance,0,1,0,1,1,1,0,1,1,1,10.2
function@read_yuv_file,40,50,0,21,31,75,1288.66,673.898,104.678,350.731,4548.49
function@read_tga_file,44,3,0,7,4,13,2351.22,21.9993,488.651,41.2487,1180.59
