Comando: /home/mpvreal/Code/Faculdade/tcc/llvm/build/bin/llc --march=x86 --regalloc=greedy -o -
Heurística: div(cost,mul(area,pow(degree,2)))
function@main,63,36,0,55,51,61,0.160726,0.0953699,1.28976,3.75952,29.0692
function@Help,4,0,0,2,0,2,2,0,2,0,2
function@x264_adaptive_quant_frame,51,17,0,29,6,40,868.05,268.031,440.378,50.0611,588.202
function@x264_macroblock_tree_read,10,0,0,5,0,12,12.2686,0,1.54548,0,28.2255
function@x264_reference_build_list_optimal,3,3,0,6,2,10,80,208,90,6,270
function@x264_ratecontrol_init_reconfigurable,6,5,0,7,0,2,1.12171,1.04934,1.50329,0,0.296053
function@x264_ratecontrol_new,113,18,0,36,0,69,21.7009,79.4233,7.23443,0,141.566
function@x264_strcat_filename,0,0,0,0,0,5,0,0,0,0,5
function@init_pass2,224,56,0,137,11,149,15597.9,7799.58,9684.47,49.305,13676
function@clip_qscale,45,11,0,28,0,16,65.8874,24.6673,19.0744,0,35.0528
function@x264_ratecontrol_summary,0,1,0,2,0,0,0,0.154412,0.147059,0,0
function@x264_ratecontrol_delete,0,0,0,0,0,2,0,0,0,0,20.45
function@x264_ratecontrol_start,18,1,0,11,2,17,4.2073,0.0527343,5.72041,0.210526,31.8651
function@rate_estimate_qscale,98,25,0,60,1,24,120.689,15.932,39.7747,0.1875,10.0405
function@x264_ratecontrol_mb,16,10,0,22,0,20,3.54087,4.16346,1.87179,0,6.72035
function@predict_row_size_sum,24,3,0,12,1,12,122.214,12.381,49.2857,0.5,53.2857
function@x264_ratecontrol_qp,0,0,0,0,0,0,0,0,0,0,0
function@x264_ratecontrol_mb_qp,0,0,0,0,0,0,0,0,0,0,0
function@x264_ratecontrol_slice_type,0,0,0,0,0,3,0,0,0,0,7.57353
function@x264_ratecontrol_set_weights,0,0,0,0,0,0,0,0,0,0,0
function@x264_ratecontrol_end,13,4,0,15,1,15,5.43781,0.735532,5.85702,0.208333,14.344
function@x264_hrd_fullness,2,0,0,2,0,0,1.5,0,1.5,0,0
function@x264_threads_normalize_predictors,1,0,0,1,0,9,0.625,0,0.625,0,71.175
function@x264_threads_distribute_ratecontrol,25,7,0,16,0,40,261.813,188.679,126.034,0,425.94
function@x264_threads_merge_ratecontrol,23,10,0,21,1,22,311.022,207.647,157.213,0.0514706,405.456
function@x264_thread_sync_ratecontrol,0,0,0,0,0,0,0,0,0,0,0
function@x264_mb_encode_i4x4,0,0,0,0,0,3,0,0,0,0,1.48438
function@x264_mb_encode_i8x8,0,0,0,0,0,10,0,0,0,0,5.09375
function@x264_mb_encode_8x8_chroma,45,21,0,21,4,43,300.17,154.672,201.064,20.9795,263.223
function@x264_mb_optimize_chroma_dc,10,2,0,8,6,11,406.333,2.60784,19.2353,4.23529,266.627
function@x264_predict_lossless_8x8_chroma,0,0,0,0,0,0,0,0,0,0,0
function@x264_predict_lossless_4x4,0,0,0,0,0,0,0,0,0,0,0
function@x264_predict_lossless_8x8,0,0,0,0,0,1,0,0,0,0,1
function@x264_predict_lossless_16x16,0,0,0,0,0,0,0,0,0,0,0
function@x264_macroblock_encode,62,53,0,31,14,85,15.8209,18.0938,12.3693,2.53419,37.843
function@x264_macroblock_probe_skip,9,10,0,16,0,14,46.4147,17.043,33.3649,0,66.1019
function@x264_noise_reduction_update,19,4,0,14,2,47,49.9375,34.9375,11,1,139.812
function@x264_macroblock_encode_p8x8,26,24,0,18,7,23,5.92969,4.51628,7.53345,0.566895,7.43596
function@x264_macroblock_encode_p4x4,0,1,0,1,0,1,0,0.234375,0.375,0,0.625
function@x264_lookahead_init,1,3,0,2,1,12,0.390465,14.4526,1.01509,0.194931,54.0392
function@x264_lookahead_delete,0,0,0,0,0,0,0,0,0,0,0
function@x264_lookahead_put_frame,0,0,0,0,0,0,0,0,0,0,0
function@x264_lookahead_is_empty,0,0,0,0,0,0,0,0,0,0,0
function@x264_lookahead_get_frames,0,0,0,0,0,0,0,0,0,0,0
function@x264_me_search_ref,706,268,0,399,14,299,1495.9,813.085,535.042,4.90026,701.415
function@refine_subpel,202,84,0,78,5,56,150.907,79.1397,88.885,9.26968,44.1123
function@x264_me_refine_qpel,0,0,0,0,0,0,0,0,0,0,0
function@x264_me_refine_qpel_refdupe,0,0,0,0,0,2,0,0,0,0,2
function@x264_me_refine_bidir_satd,0,0,0,0,0,0,0,0,0,0,0
function@x264_me_refine_bidir,85,52,0,57,10,43,685.284,417.273,501.456,7.08226,191.71
function@x264_me_refine_bidir_rd,0,0,0,0,0,1,0,0,0,0,1
function@x264_me_refine_qpel_rd,164,75,0,106,6,74,38.3462,26.129,36.8738,1.20164,21.78
function@x264_sps_init,0,0,0,0,0,2,0,0,0,0,2
function@x264_sps_write,287,26,0,88,0,401,145.777,14.2317,60.712,0,197.446
function@x264_pps_init,36,0,0,4,30,9,8.89412,0,0.988235,2.82353,64.4353
function@x264_pps_write,19,5,0,24,0,108,9.71429,5,15.1429,0,74.6964
function@scaling_list_write,32,3,0,11,0,17,53.4118,0.867647,12.3382,0,36.0588
function@x264_sei_recovery_point_write,1,1,0,2,0,16,1,1,2,0,13
function@x264_sei_write_header,1,0,0,1,0,7,0.32,0,0.64,0,4.92
function@x264_sei_write,0,0,0,0,0,12,0,0,0,0,8.25
function@x264_sei_version_write,22,0,0,15,0,29,47.3827,0,35,0,69.5679
function@x264_sei_buffering_period_write,4,1,0,3,0,21,2.28,1,3,0,15.12
function@x264_sei_pic_timing_write,6,0,0,2,0,13,5.12,0,2,0,7.8
function@x264_filler_write,4,0,0,3,0,8,10.9688,0,10.9688,0,42.9062
function@x264_validate_levels,6,5,0,6,0,7,2.71875,2.375,5.21875,0,4.34375
function@x264_encoder_open_96,9,5,0,9,2,24,0.287785,0.0506124,0.636585,0.0136582,4.15983
function@x264_validate_parameters,4,1,0,4,0,16,0.0523553,0.016917,0.116961,0,2.27928
function@x264_set_aspect_ratio,0,1,0,1,0,3,0,0.146484,0.390625,0,13.5
function@mbcmp_init,0,0,0,0,0,0,0,0,0,0,0
function@x264_encoder_reconfig,0,1,0,1,0,9,0,1,1,0,5.74118
function@x264_encoder_parameters,0,0,0,0,0,0,0,0,0,0,0
function@x264_encoder_headers,2,0,0,1,0,9,1.47573,0,1,0,5.27184
function@x264_nal_start,0,0,0,0,0,0,0,0,0,0,0
function@x264_nal_end,0,0,0,0,0,4,0,0,0,0,3.5
function@x264_encoder_encapsulate_nals,28,6,0,17,0,46,85.4762,69,60.3333,0,356.571
function@x264_weighted_reference_duplicate,0,0,0,0,0,1,0,0,0,0,0.5
function@x264_encoder_intra_refresh,0,0,0,0,0,0,0,0,0,0,0
function@x264_encoder_encode,148,22,0,35,22,114,162.043,85.4878,16.4688,1.37268,88.809
function@x264_encoder_frame_end,69,9,0,33,0,74,405.028,1.61716,14.6468,0,220.887
function@x264_reference_check_reorder,0,0,0,0,0,4,0,0,0,0,16.1905
function@x264_threaded_slices_write,28,6,0,20,2,45,944.7,43.975,126.5,10.525,3317.73
function@x264_slices_write,138,31,0,108,11,392,687.176,371.579,574.931,19.2305,2276.18
function@x264_slice_header_init,3,1,0,3,0,11,37.6412,12.5471,13.3235,0,31.7118
function@x264_fdec_filter_row,38,11,0,19,2,19,48.1078,11.4412,39.5392,1.37255,29.2451
function@x264_encoder_close,144,94,0,226,4,51,52282.8,13527.4,42141.3,21.7656,27686.2
function@x264_encoder_delayed_frames,0,2,0,1,0,6,0,10.7742,0.483871,0,36.4516
function@x264_macroblock_write_cavlc,93,6,0,63,11,230,28.7521,12.5438,32.4009,1.94465,90.6883
function@bs_write_ue,0,0,0,0,0,4,0,0,0,0,4
function@bs_write_te,0,0,0,0,0,4,0,0,0,0,2.5
function@cavlc_mb_mvd,2,0,0,2,0,9,2,0,2,0,7
function@block_residual_write_cavlc,39,9,0,22,3,32,139.375,13.25,86.5,3,118.5
function@block_residual_write_cavlc_escape,8,1,0,6,0,27,3.9685,0.496063,3.98425,0,14.5984
function@x264_cabac_mb_skip,0,0,0,0,0,0,0,0,0,0,0
function@x264_macroblock_write_cabac,35,13,0,26,16,173,13.2907,13.1265,15.4171,1.1493,98.3911
function@x264_cabac_mb_ref,0,0,0,0,0,3,0,0,0,0,41.5714
function@x264_cabac_mb_mvd,1,1,0,2,0,5,1,1,2,0,5
function@block_residual_write_cabac,18,13,0,14,0,18,226.161,119.007,186.5,0,93.1363
function@x264_cabac_mb_type_intra,0,0,0,0,0,3,0,0,0,0,2.24706
function@x264_cabac_mb_mvd_cpn,1,0,0,1,0,5,5,0,0.156863,0,7.58823
function@x264_rd_cost_part,18,22,0,27,1,83,6.4803,1.2538,6.23128,0.195312,71.876
function@x264_rd_cost_mb,148,11,0,21,0,51,11.1999,5.80534,10.526,0,16.0501
function@ssd_plane,15,1,0,11,0,18,2.36813,0.043956,1.91209,0,3.48901
function@x264_macroblock_size_cabac,223,29,0,53,28,263,90.7585,30.5566,48.8302,2.04948,146.17
function@x264_cabac_mb_ref,1,0,0,1,0,10,10.2,0,10.2,0,13.68
function@x264_cabac_mb8x8_mvd,9,14,0,20,0,43,1.8,2.8,4,0,9.4
function@x264_cabac_mb_mvd_cpn,9,3,0,9,2,9,13.2059,2.97059,6.2549,2.57843,7.09804
function@block_residual_write_cabac_internal,44,7,0,15,3,23,137.905,35.9524,83.4445,0.968254,95.5714
function@cavlc_mb_mvd,2,0,0,1,0,2,2,0,1,0,2
function@cavlc_mb8x8_mvd,7,0,0,5,0,2,0.999999,0,0.6,0,2
function@block_residual_write_cavlc,19,5,0,9,0,13,18.6875,27.5,10.625,0,57
function@x264_macroblock_luma_write_cavlc,9,1,0,5,1,11,42.25,16,32,0.5,72.625
function@x264_rdo_init,22,1,0,22,0,33,2693.25,8191.88,1119.25,0,23483.9
function@x264_quant_dc_trellis,0,0,0,0,0,1,0,0,0,0,1
function@quant_trellis_cabac,63,21,0,58,16,91,7530.98,3706.35,2647.52,66.8571,9836.12
function@x264_quant_4x4_trellis,1,1,0,2,0,3,1,1,2,0,3
function@x264_quant_8x8_trellis,0,1,0,1,0,3,0,1,1,0,3
function@x264_analyse_init_costs,12,1,0,7,0,34,7.84577,7.5,0.525985,0,41.3336
function@x264_analyse_free_costs,0,0,0,0,0,2,0,0,0,0,63.75
function@x264_analyse_weight_frame,4,5,0,7,1,2,3.82,12.88,2.08,0.16,10.24
function@x264_macroblock_analyse,224,57,0,174,16,219,234.036,183.38,99.3567,7.15134,315.304
function@x264_mb_analyse_intra,68,21,0,32,7,36,2015.74,966.669,370.927,26.3828,1020.59
function@x264_intra_rd,0,0,0,0,0,12,0,0,0,0,6.78125
function@x264_intra_rd_refine,118,37,0,90,19,75,5725.23,2788.49,4565.28,148.724,4207.27
function@x264_mb_analyse_init_qp,0,0,0,0,0,0,0,0,0,0,0
function@x264_mb_analyse_inter_p8x8_mixed_ref,41,9,0,17,2,10,16726.3,12112,357.001,33,7750.49
function@x264_mb_analyse_inter_p8x8,20,4,0,12,4,5,542.905,129.905,200.476,34.8571,130.905
function@x264_mb_cache_mv_p8x8,0,0,0,0,0,3,0,0,0,0,2.4
function@x264_mb_analyse_inter_p16x8,26,4,0,13,1,13,387.032,61.9789,207.8,21.5579,217.242
function@x264_mb_analyse_inter_p8x16,30,3,0,13,1,8,457.432,50.8632,176.463,21.2211,109.453
function@x264_mb_analyse_intra_chroma,7,0,0,1,0,4,16.6562,0,1,0,9
function@x264_mb_analyse_transform_rd,0,0,0,0,0,7,0,0,0,0,3.03846
function@x264_analyse_update_cache,0,0,0,0,0,38,0,0,0,0,4.82102
function@x264_mb_analyse_b_rd,0,0,0,0,0,23,0,0,0,0,7.4375
function@x264_mb_analyse_inter_b8x8_mixed_ref,25,16,0,19,1,22,9864,8384,1643.15,32,6722
function@x264_mb_analyse_inter_b8x8,32,10,0,27,0,12,1024,320,709,0,353
function@x264_mb_analyse_inter_b16x8,49,14,0,24,2,13,527.516,170.667,222.302,31.5079,187.921
function@x264_mb_analyse_inter_b8x16,39,7,0,18,1,15,446.984,73.1429,253.936,15.254,121.675
function@x264_refine_bidir,0,0,0,0,0,2,0,0,0,0,2
function@x264_rd_cost_i8x8_chroma,10,1,0,8,0,34,3.25952,0.390625,4.63281,0,22.9458
function@x264_mb_analyse_inter_p4x4_chroma,38,37,0,15,1,4,12.6667,12.6667,7.95833,0.375,2.66667
function@x264_mb_cache_mv_b8x8,3,0,0,2,0,9,0.926471,0,1.30882,0,5.42647
function@x264_weight_plane_analyse,6,4,0,8,0,7,1311.43,346.357,348.286,0,4.92857
function@x264_weights_analyse,53,22,0,51,0,22,28621.6,10277.6,16622.4,0,5175.64
function@x264_slicetype_frame_cost,22,0,0,11,0,32,251.093,0,6.42677,0,1867.74
function@x264_slicetype_mb_cost,70,28,0,38,7,45,82.8984,77.9375,59.5625,2.5,48.9844
function@x264_slicetype_analyse,120,40,0,78,8,175,12102.1,2121.31,542.048,1.14862,7160.55
function@scenecut,12,2,0,5,1,9,32.325,6.775,3,6.375,126.7
function@scenecut_internal,7,1,0,7,0,7,3.96471,1,5.48235,0,5.17647
function@x264_macroblock_tree_propagate,123,24,0,54,1,39,5242.44,1092.64,2355.53,1,1673.86
function@x264_slicetype_frame_cost_recalculate,7,0,0,4,3,2,926.571,0,15.2857,315.667,127.952
function@x264_slicetype_decide,29,11,0,19,1,22,77.2015,49.5508,43.1405,0.299072,142.141
function@x264_rc_analyse_slice,21,2,0,16,2,11,195.924,32.3655,48.5793,31.4414,19.731
function@mk_create_writer,0,0,0,0,0,6,0,0,0,0,8.49425
function@mk_create_context,0,0,0,0,0,2,0,0,0,0,2
function@mk_writeHeader,12,0,0,1,0,54,0.492652,0,0.322266,0,27.5058
function@mk_write_uint,1,0,0,1,0,15,0.317383,0,0.390625,0,14.7687
function@mk_write_string,1,0,0,1,0,10,0.123077,0,0.184615,0,14.1385
function@mk_close_context,2,0,0,2,0,4,0.147727,0,0.238636,0,6.875
function@mk_flush_context_id,1,0,0,1,0,3,0.123077,0,0.184615,0,8.29231
function@mk_write_float,0,0,0,0,0,10,0,0,0,0,42.4375
function@mk_write_bin,0,1,0,1,0,7,0,0.4,0.5,0,28.9
function@mk_flush_context_data,2,0,0,2,0,3,0.238532,0,0.385321,0,7.48624
function@mk_write_id,5,0,0,2,0,8,1.0309,0,1.3115,0,18.1879
function@mk_write_size,5,0,0,4,0,9,0.175953,0,0.247801,0,18.3856
function@mk_start_frame,0,0,0,0,0,1,0,0,0,0,1
function@mk_flush_frame,10,0,0,7,0,13,0.713402,0,1.07835,0,18.3773
function@mk_close_cluster,2,1,0,3,0,3,0.215569,0.11976,0.461078,0,4.4491
function@mk_set_frame_flags,0,0,0,0,0,0,0,0,0,0,0
function@mk_add_frame_data,0,0,0,0,0,3,0,0,0,0,10.5868
function@mk_close,5,0,0,4,0,11,0.72093,0,1.13023,0,58.0651
function@open_file,0,0,0,0,0,2,0,0,0,0,2
function@set_param,0,3,0,3,0,19,0,1.5,1.5,0,87.7353
function@write_headers,6,7,0,11,1,4,0.498952,0.5587,1.5021,0.0953878,0.430818
function@write_frame,0,0,0,0,0,0,0,0,0,0,0
function@close_file,0,0,0,0,0,2,0,0,0,0,2
function@open_file,0,0,0,0,0,0,0,0,0,0,0
function@write_headers,0,0,0,0,0,1,0,0,0,0,1
function@write_frame,0,0,0,0,0,1,0,0,0,0,1
function@close_file,0,0,0,0,0,0,0,0,0,0,0
function@dbl2int,0,0,0,0,0,0,0,0,0,0,0
function@x264_put_byte,0,0,0,0,0,1,0,0,0,0,16.36
function@flv_append_data,0,0,0,0,0,1,0,0,0,0,16.2381
function@x264_put_be32,0,0,0,0,0,7,0,0,0,0,65.5238
function@x264_put_be64,0,0,0,0,0,0,0,0,0,0,0
function@x264_put_be16,1,0,0,1,0,6,0.309524,0,0.5,0,33.6667
function@x264_put_be24,0,0,0,0,0,5,0,0,0,0,49.0952
function@x264_put_tag,1,0,0,1,0,1,6.58333,0,10.5833,0,341.25
function@x264_put_amf_string,5,0,0,1,0,6,1.30952,0,1,0,50.0952
function@x264_put_amf_double,0,0,0,0,0,1,0,0,0,0,16.36
function@flv_create_writer,0,0,0,0,0,3,0,0,0,0,2.38235
function@rewrite_amf_be24,0,0,0,0,0,1,0,0,0,0,1
function@flv_flush_data,0,0,0,0,0,1,0,0,0,0,1
function@open_file,0,0,0,0,0,3,0,0,0,0,2.61765
function@set_param,1,0,0,1,0,0,1,0,1,0,0
function@write_headers,2,2,0,3,0,3,1.2381,1.2381,2.2381,0,2.61905
function@write_frame,14,2,0,12,0,8,6.61751,0.0737327,9.17051,0,3.70046
function@close_file,10,1,0,8,0,3,6.25,0.390625,5,0,1.64062
function@open_file,0,0,0,0,0,1,0,0,0,0,1
function@get_frame_total,0,0,0,0,0,0,0,0,0,0,0
function@read_frame,0,0,0,0,0,2,0,0,0,0,1.5
function@release_frame,0,0,0,0,0,0,0,0,0,0,0
function@close_file,0,0,0,0,0,0,0,0,0,0,0
function@open_file,0,0,0,0,0,2,0,0,0,0,2
function@get_frame_total,0,0,0,0,0,4,0,0,0,0,4
function@read_frame,0,0,0,0,0,8,0,0,0,0,5
function@close_file,0,0,0,0,0,0,0,0,0,0,0
function@open_file,134,34,0,57,6,93,79.9513,167.268,13.7548,1.92027,208.078
function@get_frame_total,0,0,0,0,0,0,0,0,0,0,0
function@read_frame,0,0,0,0,0,3,0,0,0,0,3
function@release_frame,0,0,0,0,0,0,0,0,0,0,0
function@close_file,0,0,0,0,0,0,0,0,0,0,0
function@correct_fps,6,3,0,8,0,15,30.4143,28.1857,5.37143,0,140.9
function@try_mkv_timebase_den,6,1,0,6,0,11,87.1517,18.8436,59.1564,0,1268.94
function@open_file,8,0,0,3,2,12,0.520833,0,0.139509,0.0744047,14.7527
function@get_frame_total,0,1,0,1,0,6,0,1,1,0,6
function@read_frame,0,0,0,0,0,5,0,0,0,0,1.89284
function@close_file,0,0,0,0,0,0,0,0,0,0,0
function@x264_pixel_ssd_wxh,46,16,0,48,0,59,3086.04,853.843,1424.92,0,2591.51
function@x264_pixel_ssim_wxh,23,7,0,24,0,22,9317.22,4494.11,930.984,0,13663.4
function@x264_pixel_init,0,0,0,0,0,0,0,0,0,0,0
function@x264_pixel_sad_16x16,0,0,0,0,0,0,0,0,0,0,0
function@x264_pixel_sad_16x8,0,0,0,0,0,0,0,0,0,0,0
function@x264_pixel_sad_8x16,0,0,0,0,0,0,0,0,0,0,0
function@x264_pixel_sad_8x8,0,0,0,0,0,0,0,0,0,0,0
function@x264_pixel_sad_8x4,0,0,0,0,0,0,0,0,0,0,0
function@x264_pixel_sad_4x8,1,2,0,3,0,0,1,2,3,0,0
function@x264_pixel_sad_4x4,0,0,0,0,0,0,0,0,0,0,0
function@x264_pixel_sad_x3_16x16,0,0,0,0,0,0,0,0,0,0,0
function@x264_pixel_sad_x3_16x8,0,0,0,0,0,0,0,0,0,0,0
function@x264_pixel_sad_x3_8x16,0,0,0,0,0,1,0,0,0,0,1
function@x264_pixel_sad_x3_8x8,0,0,0,0,0,1,0,0,0,0,1
function@x264_pixel_sad_x3_8x4,0,0,0,0,0,0,0,0,0,0,0
function@x264_pixel_sad_x3_4x8,0,0,0,0,0,0,0,0,0,0,0
function@x264_pixel_sad_x3_4x4,1,0,0,1,0,78,1,0,1,0,78
function@x264_pixel_sad_x4_16x16,0,0,0,0,0,0,0,0,0,0,0
function@x264_pixel_sad_x4_16x8,0,0,0,0,0,0,0,0,0,0,0
function@x264_pixel_sad_x4_8x16,0,0,0,0,0,1,0,0,0,0,1
function@x264_pixel_sad_x4_8x8,0,0,0,0,0,2,0,0,0,0,2
function@x264_pixel_sad_x4_8x4,0,0,0,0,0,0,0,0,0,0,0
function@x264_pixel_sad_x4_4x8,0,0,0,0,0,0,0,0,0,0,0
function@x264_pixel_sad_x4_4x4,1,0,0,1,0,103,1,0,1,0,103
function@x264_pixel_ssd_16x16,0,0,0,0,0,0,0,0,0,0,0
function@x264_pixel_ssd_16x8,0,0,0,0,0,4,0,0,0,0,4
function@x264_pixel_ssd_8x16,0,0,0,0,0,0,0,0,0,0,0
function@x264_pixel_ssd_8x8,0,0,0,0,0,0,0,0,0,0,0
function@x264_pixel_ssd_8x4,2,0,0,2,0,0,2,0,2,0,0
function@x264_pixel_ssd_4x8,2,0,0,2,0,0,2,0,2,0,0
function@x264_pixel_ssd_4x4,0,0,0,0,0,0,0,0,0,0,0
function@x264_pixel_satd_16x16,4,4,0,8,0,9,4,4,8,0,9
function@x264_pixel_satd_16x8,0,1,0,1,0,2,0,1,1,0,2
function@x264_pixel_satd_8x16,0,1,0,1,0,2,0,1,1,0,2
function@x264_pixel_satd_8x8,0,0,0,0,0,1,0,0,0,0,1
function@x264_pixel_satd_8x4,18,3,0,21,0,54,18,3,21,0,54
function@x264_pixel_satd_4x8,0,0,0,0,0,1,0,0,0,0,1
function@x264_pixel_satd_4x4,3,0,0,3,0,0,3,0,3,0,0
function@x264_pixel_satd_x3_16x16,0,0,0,0,0,0,0,0,0,0,0
function@x264_pixel_satd_x3_16x8,1,7,0,6,0,7,1,7,6,0,7
function@x264_pixel_satd_x3_8x16,1,12,0,9,0,5,1,12,9,0,5
function@x264_pixel_satd_x3_8x8,0,0,0,0,0,3,0,0,0,0,3
function@x264_pixel_satd_x3_8x4,0,0,0,0,0,0,0,0,0,0,0
function@x264_pixel_satd_x3_4x8,0,0,0,0,0,3,0,0,0,0,3
function@x264_pixel_satd_x3_4x4,0,0,0,0,0,0,0,0,0,0,0
function@x264_pixel_satd_x4_16x16,0,0,0,0,0,0,0,0,0,0,0
function@x264_pixel_satd_x4_16x8,1,11,0,7,0,9,1,11,7,0,9
function@x264_pixel_satd_x4_8x16,1,17,0,10,0,8,1,17,10,0,8
function@x264_pixel_satd_x4_8x8,0,0,0,0,0,4,0,0,0,0,4
function@x264_pixel_satd_x4_8x4,0,0,0,0,0,0,0,0,0,0,0
function@x264_pixel_satd_x4_4x8,0,0,0,0,0,4,0,0,0,0,4
function@x264_pixel_satd_x4_4x4,0,0,0,0,0,0,0,0,0,0,0
function@x264_pixel_hadamard_ac_16x16,0,0,0,0,0,9,0,0,0,0,9
function@x264_pixel_hadamard_ac_16x8,0,0,0,0,0,6,0,0,0,0,6
function@x264_pixel_hadamard_ac_8x16,0,0,0,0,0,5,0,0,0,0,5
function@x264_pixel_hadamard_ac_8x8,0,0,0,0,0,0,0,0,0,0,0
function@x264_pixel_ads4,0,0,0,0,0,1,0,0,0,0,20.2857
function@x264_pixel_ads2,4,0,0,3,2,3,51.7143,0,11.381,1,60.8571
function@x264_pixel_ads1,1,0,0,1,0,3,20.2857,0,0.619048,0,41.5714
function@x264_pixel_sa8d_16x16,0,1,0,1,0,7,0,1,1,0,7
function@x264_pixel_sa8d_8x8,0,0,0,0,0,0,0,0,0,0,0
function@x264_pixel_var_16x16,1,0,0,1,0,5,31.875,0,31.875,0,159.375
function@x264_pixel_var_8x8,1,2,0,3,0,31,1,2,3,0,31
function@ssim_4x4x2_core,28,18,0,34,1,34,892.5,573.75,1083.75,31.875,1083.75
function@ssim_end4,5,0,0,5,0,4,101.429,0,101.429,0,81.1429
function@pixel_var2_8x8,12,2,0,7,7,1,12,2,7,7,1
function@pixel_hadamard_ac,41,19,0,53,0,9,41,19,53,0,9
function@sa8d_8x8,8,2,0,10,0,3,7.99999,2,9.99999,0,65
function@x264_frame_new,66,7,0,16,4,35,20.6873,0.864313,7.43467,0.131448,27.0001
function@x264_frame_delete,0,0,0,0,0,2,0,0,0,0,24.2857
function@x264_frame_copy_picture,0,0,0,0,0,25,0,0,0,0,5.68063
function@x264_frame_expand_border,135,51,0,46,0,61,4632.85,2684.62,455.588,0,1938.79
function@x264_frame_expand_border_filtered,273,40,0,137,0,56,10577.1,2908.91,321.143,0,4085.14
function@x264_frame_expand_border_lowres,88,18,0,16,0,40,7159,2381.75,432.5,0,4581
function@x264_frame_expand_border_mod16,8,5,0,6,1,12,402.333,879.583,84.8333,8.25,799
function@x264_frame_cond_broadcast,0,0,0,0,0,0,0,0,0,0,0
function@x264_frame_cond_wait,0,0,0,0,0,0,0,0,0,0,0
function@x264_frame_push,0,0,0,0,0,1,0,0,0,0,31.875
function@x264_frame_pop,0,0,0,0,0,1,0,0,0,0,31.875
function@x264_frame_unshift,0,2,0,3,1,12,0,13.1471,1.61765,0.617647,112.118
function@x264_frame_shift,0,0,0,0,0,1,0,0,0,0,0.666667
function@x264_frame_push_unused,0,0,0,0,0,1,0,0,0,0,12.1429
function@x264_frame_pop_unused,0,0,0,0,0,3,0,0,0,0,21.6667
function@x264_frame_push_blank_unused,0,0,0,0,0,1,0,0,0,0,12.1429
function@x264_frame_pop_blank_unused,0,0,0,0,0,1,0,0,0,0,20.2857
function@x264_frame_sort,5,1,0,5,4,1,552.5,10.8333,607.333,238.25,130
function@x264_weight_scale_plane,3,3,0,5,0,2,435.05,435.05,39.05,0,25.5
function@x264_frame_delete_list,0,0,0,0,0,0,0,0,0,0,0
function@x264_synch_frame_list_init,0,0,0,0,0,1,0,0,0,0,1
function@x264_synch_frame_list_delete,0,0,0,0,0,0,0,0,0,0,0
function@x264_synch_frame_list_push,0,0,0,0,0,0,0,0,0,0,0
function@x264_macroblock_cache_mv_4_4,0,0,0,0,0,0,0,0,0,0,0
function@x264_macroblock_cache_mv_2_4,0,0,0,0,0,0,0,0,0,0,0
function@x264_macroblock_cache_mv_4_2,0,0,0,0,0,0,0,0,0,0,0
function@x264_macroblock_cache_mv_2_2,0,0,0,0,0,0,0,0,0,0,0
function@x264_macroblock_cache_mv_2_1,0,0,0,0,0,0,0,0,0,0,0
function@x264_macroblock_cache_mv_1_2,0,0,0,0,0,0,0,0,0,0,0
function@x264_macroblock_cache_mv_1_1,0,0,0,0,0,0,0,0,0,0,0
function@x264_macroblock_cache_mvd_4_4,0,0,0,0,0,1,0,0,0,0,1
function@x264_macroblock_cache_mvd_2_4,0,0,0,0,0,1,0,0,0,0,1
function@x264_macroblock_cache_mvd_4_2,0,0,0,0,0,1,0,0,0,0,1
function@x264_macroblock_cache_mvd_2_2,0,0,0,0,0,1,0,0,0,0,1
function@x264_macroblock_cache_mvd_2_1,0,0,0,0,0,1,0,0,0,0,1
function@x264_macroblock_cache_mvd_1_2,0,0,0,0,0,0,0,0,0,0,0
function@x264_macroblock_cache_mvd_1_1,0,0,0,0,0,0,0,0,0,0,0
function@x264_macroblock_cache_ref_4_4,0,0,0,0,0,0,0,0,0,0,0
function@x264_macroblock_cache_ref_2_4,0,0,0,0,0,1,0,0,0,0,1
function@x264_macroblock_cache_ref_4_2,0,0,0,0,0,0,0,0,0,0,0
function@x264_macroblock_cache_ref_2_2,0,0,0,0,0,1,0,0,0,0,1
function@x264_macroblock_cache_ref_2_1,0,0,0,0,0,1,0,0,0,0,1
function@x264_mb_mc_8x8,1,0,0,1,0,24,0.0754717,0,0.0754717,0,3.5283
function@x264_mb_mc_0xywh,7,7,0,9,0,6,6.61905,6.61905,9,0,5
function@x264_mb_mc_01xywh,17,18,0,22,0,10,16,18,21,0,9
function@x264_mb_mc_1xywh,4,5,0,7,0,2,4,5,6,0,2
function@x264_mb_mc,0,0,0,0,0,15,0,0,0,0,0.600733
function@x264_macroblock_cache_allocate,2,2,0,2,3,13,0.308613,0.167977,0.0234096,0.00625447,0.684596
function@x264_macroblock_cache_free,0,0,0,0,0,0,0,0,0,0,0
function@x264_macroblock_thread_allocate,3,0,0,2,0,16,3.02326,0,1.7907,0,19.4419
function@x264_macroblock_thread_free,3,1,0,2,0,3,22.5,7.5,15,0,22.5
function@x264_macroblock_slice_init,9,6,0,8,0,27,29.8824,49.5441,5.42647,0,325.5
function@x264_macroblock_thread_init,0,0,0,0,0,0,0,0,0,0,0
function@x264_prefetch_fenc,0,0,0,0,0,2,0,0,0,0,2
function@x264_macroblock_cache_load,69,19,0,46,11,39,199.426,147.642,74.8774,4.18627,120.299
function@x264_macroblock_load_pic_pointers,50,14,0,31,0,29,265.449,62.3516,90.6211,0,170.043
function@x264_macroblock_cache_load_neighbours_deblock,0,0,0,0,0,0,0,0,0,0,0
function@x264_macroblock_cache_load_deblock,22,3,0,16,0,11,14.4159,2.34557,2.63303,0,4.20795
function@x264_macroblock_cache_save,23,1,0,9,0,10,11.4902,0.5,9,0,6.96569
function@x264_macroblock_bipred_init,14,12,0,14,2,11,41872.9,55943.6,25490.2,0.4375,57023.7
function@x264_frame_deblock_row,174,47,0,85,4,112,757.343,254.173,589.427,60.0572,636.509
function@x264_deblock_init,0,0,0,0,0,0,0,0,0,0,0
function@deblock_v_luma_c,0,0,0,0,0,0,0,0,0,0,0
function@deblock_h_luma_c,0,0,0,0,0,0,0,0,0,0,0
function@deblock_v_chroma_c,0,0,0,0,0,0,0,0,0,0,0
function@deblock_h_chroma_c,0,0,0,0,0,0,0,0,0,0,0
function@deblock_v_luma_intra_c,0,0,0,0,0,0,0,0,0,0,0
function@deblock_h_luma_intra_c,0,0,0,0,0,0,0,0,0,0,0
function@deblock_v_chroma_intra_c,0,0,0,0,0,0,0,0,0,0,0
function@deblock_h_chroma_intra_c,0,0,0,0,0,0,0,0,0,0,0
function@deblock_strength_c,34,1,0,10,2,43,3799.19,20.4865,1096.68,21.1081,3039.57
function@deblock_luma_c,26,6,0,12,0,22,2155.75,326.25,1028.12,0,2395.38
function@deblock_chroma_c,14,6,0,10,0,13,88.25,26.25,83.25,0,137.625
function@deblock_luma_intra_c,30,4,0,15,0,15,90.75,13.75,65.375,0,93.75
function@deblock_chroma_intra_c,31,0,0,4,0,44,13.625,0,3.5,0,24
function@x264_cqm_init,182,37,0,110,7,112,287.976,103.634,128.169,0.0358973,222.928
function@x264_cqm_delete,0,0,0,0,0,0,0,0,0,0,0
function@x264_cqm_parse_file,0,1,0,1,0,22,0,0.619048,0.619048,0,26.4286
function@x264_cqm_parse_jmlist,6,2,0,2,0,5,0.279858,0.310663,1.39062,0,2.61955
function@spec_strdup,0,0,0,0,0,4,0,0,0,0,4
function@x264_param_default,0,0,0,0,0,0,0,0,0,0,0
function@x264_log_default,0,0,0,0,0,0,0,0,0,0,0
function@x264_param_default_preset,0,0,0,0,0,6,0,0,0,0,10.2341
function@x264_log,0,0,0,0,0,0,0,0,0,0,0
function@x264_malloc,0,0,0,0,0,4,0,0,0,0,3.61905
function@x264_free,0,0,0,0,0,0,0,0,0,0,0
function@x264_param_apply_fastfirstpass,0,0,0,0,0,0,0,0,0,0,0
function@x264_param_apply_profile,0,0,0,0,0,1,0,0,0,0,1
function@x264_param_parse,6,4,0,11,2,225,2.21743,0.146484,1.24948,0.625,6.08945
function@x264_atobool,0,0,0,0,0,3,0,0,0,0,3
function@parse_enum,0,0,0,0,0,2,0,0,0,0,2
function@parse_cqm,2,1,0,3,0,4,5.67551,5.50353,2,0,17.3386
function@x264_picture_alloc,0,0,0,0,0,4,0,0,0,0,3.2381
function@x264_picture_clean,0,0,0,0,0,0,0,0,0,0,0
function@x264_nal_encode,0,0,0,0,0,3,0,0,0,0,25.9524
function@x264_reduce_fraction,0,0,0,0,0,6,0,0,0,0,31.5952
function@x264_slurp_file,0,1,0,1,0,11,0,0.137615,0.137615,0,4.48624
function@x264_param2string,4,0,0,1,0,46,0.594059,0,0.623762,0,26.4752
function@x264_plane_copy_c,0,0,0,0,0,7,0,0,0,0,24.5588
function@x264_frame_init_lowres,35,13,0,19,9,45,599.858,209.127,52.6373,2.34804,2218.94
function@x264_mc_init,0,0,0,0,0,0,0,0,0,0,0
function@mc_luma,46,23,0,52,8,75,394.695,48.1159,77.7296,8.56652,1252.46
function@get_ref,51,34,0,52,8,67,412.186,74.9304,75.1546,8.5799,1294.87
function@mc_chroma,20,4,0,13,1,21,1887.25,1081.55,63.85,0.4,1003.2
function@pixel_avg_16x16,0,0,0,0,0,3,0,0,0,0,32.375
function@pixel_avg_16x8,0,0,0,0,0,3,0,0,0,0,32.375
function@pixel_avg_8x16,0,0,0,0,0,2,0,0,0,0,31.875
function@pixel_avg_8x8,0,0,0,0,0,2,0,0,0,0,31.875
function@pixel_avg_8x4,0,0,0,0,0,7,0,0,0,0,3.5
function@pixel_avg_4x8,7,0,0,5,1,11,111.562,0,49.3125,0.5,113.562
function@pixel_avg_4x4,10,0,0,6,0,34,5,0,3,0,17
function@pixel_avg_4x2,0,0,0,0,0,15,0,0,0,0,7.5
function@pixel_avg_2x4,3,1,0,3,0,15,1.5,0.5,1.5,0,7.5
function@pixel_avg_2x2,0,0,0,0,0,6,0,0,0,0,3
function@x264_weight_cache,0,0,0,0,0,0,0,0,0,0,0
function@mc_copy_w16,0,0,0,0,0,1,0,0,0,0,0.64
function@mc_copy_w8,0,1,0,1,0,1,0,10.2,0.32,0,0.64
function@mc_copy_w4,0,2,0,2,0,1,0,20.4,0.64,0,0.64
function@hpel_filter,95,54,0,75,27,96,2375.39,882.007,1285.08,129.376,4026.07
function@frame_init_lowres_core,65,33,0,21,36,37,2667.97,303.126,487.892,219.141,1232.42
function@integral_init4h,0,2,0,2,0,7,0,8.46875,0.75,0,48.0625
function@integral_init8h,0,2,0,2,0,7,0,8.46875,0.75,0,48.0625
function@integral_init4v,24,5,0,10,2,33,6.02734,4.34961,2.34766,0.25,21.502
function@integral_init8v,6,0,0,2,0,13,1.61176,0,0.92549,0,13.2353
function@mbtree_propagate_cost,0,0,0,0,0,2,0,0,0,0,42.5
function@pixel_avg_weight_wxh,43,5,0,11,2,23,239.28,51,78.4,0.64,130.68
function@mc_weight_w2,1,0,0,1,0,8,12.5294,0,12.5294,0,88.0588
function@mc_weight_w4,1,0,0,1,0,12,12.5294,0,12.5294,0,128.118
function@mc_weight_w8,1,0,0,1,0,17,12.5294,0,12.5294,0,213
function@mc_weight_w12,1,0,0,1,0,25,12.5294,0,12.5294,0,313.235
function@mc_weight_w16,1,0,0,1,0,33,12.5294,0,12.5294,0,413.471
function@mc_weight_w20,4,3,0,7,0,10,426.588,37.5882,50.8824,0,629.676
function@x264_frame_filter,13,7,0,13,2,14,12.5588,27.4559,12.1618,3.73529,26.5735
function@x264_dct_init,0,0,0,0,0,0,0,0,0,0,0
function@sub4x4_dct,30,0,0,30,0,3,30,0,30,0,3
function@add4x4_idct,1,5,0,6,0,8,1,5,6,0,8
function@sub8x8_dct,0,0,0,0,0,0,0,0,0,0,0
function@sub8x8_dct_dc,0,3,0,3,0,18,0,3,3,0,18
function@add8x8_idct,0,0,0,0,0,0,0,0,0,0,0
function@add8x8_idct_dc,0,0,0,0,0,2,0,0,0,0,2
function@sub16x16_dct,0,0,0,0,0,0,0,0,0,0,0
function@add16x16_idct,0,0,0,0,0,0,0,0,0,0,0
function@add16x16_idct_dc,0,0,0,0,0,2,0,0,0,0,2
function@sub8x8_dct8,57,50,0,96,0,4,57,50,96,0,4
function@add8x8_idct8,32,6,0,20,0,16,773,67.75,267,0,510
function@sub16x16_dct8,0,0,0,0,0,0,0,0,0,0,0
function@add16x16_idct8,0,0,0,0,0,0,0,0,0,0,0
function@dct4x4dc,0,14,0,14,0,9,0,14,14,0,9
function@idct4x4dc,0,14,0,14,0,10,0,14,14,0,10
function@add4x4_idct_dc,0,0,0,0,0,0,0,0,0,0,0
function@x264_dct_init_weights,0,0,0,0,0,4,0,0,0,0,127.5
function@x264_zigzag_init,0,0,0,0,0,0,0,0,0,0,0
function@zigzag_scan_8x8_field,0,0,0,0,0,0,0,0,0,0,0
function@zigzag_scan_4x4_field,0,0,0,0,0,0,0,0,0,0,0
function@zigzag_sub_8x8_field,0,0,0,0,0,11,0,0,0,0,11
function@zigzag_sub_4x4_field,0,0,0,0,0,2,0,0,0,0,2
function@zigzag_sub_4x4ac_field,0,0,0,0,0,2,0,0,0,0,2
function@zigzag_scan_8x8_frame,0,0,0,0,0,0,0,0,0,0,0
function@zigzag_scan_4x4_frame,0,0,0,0,0,0,0,0,0,0,0
function@zigzag_sub_8x8_frame,0,0,0,0,0,11,0,0,0,0,11
function@zigzag_sub_4x4_frame,0,0,0,0,0,2,0,0,0,0,2
function@zigzag_sub_4x4ac_frame,0,0,0,0,0,2,0,0,0,0,2
function@zigzag_interleave_8x8_cavlc,0,0,0,0,0,0,0,0,0,0,0
function@x264_cabac_context_init,0,0,0,0,0,5,0,0,0,0,79.875
function@x264_cabac_encode_init_core,0,0,0,0,0,0,0,0,0,0,0
function@x264_cabac_encode_init,0,0,0,0,0,0,0,0,0,0,0
function@x264_cabac_encode_decision_c,2,0,0,1,0,13,0.506173,0,0.308642,0,8.60494
function@x264_cabac_encode_bypass_c,2,0,0,1,0,8,0.401961,0,0.245098,0,2.56863
function@x264_cabac_encode_ue_bypass,4,0,0,3,0,18,58,0,42.875,0,230.938
function@x264_cabac_encode_terminal_c,2,0,0,1,0,10,0.506173,0,0.308642,0,5.60494
function@x264_cabac_encode_flush,6,0,0,3,0,27,1.45399,0,0.895705,0,8.2638
function@x264_init_vlc_tables,18,9,0,14,1,19,6206.38,3711.12,3902.25,1,8543
function@x264_predict_16x16_init,0,0,0,0,0,0,0,0,0,0,0
function@predict_16x16_v,0,0,0,0,0,0,0,0,0,0,0
function@predict_16x16_h,0,0,0,0,0,0,0,0,0,0,0
function@predict_16x16_dc,0,0,0,0,0,0,0,0,0,0,0
function@predict_16x16_p,20,6,0,21,0,6,483.125,129.5,422.375,0,160.375
function@predict_16x16_dc_left,0,0,0,0,0,0,0,0,0,0,0
function@predict_16x16_dc_top,0,0,0,0,0,0,0,0,0,0,0
function@predict_16x16_dc_128,0,0,0,0,0,0,0,0,0,0,0
function@x264_predict_8x8c_init,0,0,0,0,0,0,0,0,0,0,0
function@predict_8x8c_v,0,0,0,0,0,0,0,0,0,0,0
function@predict_8x8c_h,0,0,0,0,0,0,0,0,0,0,0
function@predict_8x8c_dc,2,1,0,3,0,0,2,1,3,0,0
function@predict_8x8c_p,11,0,0,16,3,4,350.625,0,201.25,95.625,4
function@predict_8x8c_dc_left,0,0,0,0,0,0,0,0,0,0,0
function@predict_8x8c_dc_top,0,0,0,0,0,0,0,0,0,0,0
function@predict_8x8c_dc_128,0,0,0,0,0,0,0,0,0,0,0
function@x264_predict_8x8_init,0,0,0,0,0,0,0,0,0,0,0
function@predict_8x8_v,0,0,0,0,0,0,0,0,0,0,0
function@predict_8x8_h,0,2,0,2,0,0,0,2,2,0,0
function@predict_8x8_dc,0,0,0,0,0,0,0,0,0,0,0
function@predict_8x8_ddl,2,0,0,2,0,0,2,0,2,0,0
function@predict_8x8_ddr,1,0,0,1,0,0,1,0,1,0,0
function@predict_8x8_vr,9,0,0,9,0,2,9,0,9,0,2
function@predict_8x8_hd,11,2,0,12,0,6,11,2,12,0,6
function@predict_8x8_vl,4,1,0,5,0,0,4,1,5,0,0
function@predict_8x8_hu,2,0,0,1,0,2,2,0,1,0,2
function@predict_8x8_dc_left,0,0,0,0,0,0,0,0,0,0,0
function@predict_8x8_dc_top,0,0,0,0,0,0,0,0,0,0,0
function@predict_8x8_dc_128,0,0,0,0,0,0,0,0,0,0,0
function@predict_8x8_filter,0,0,0,0,0,5,0,0,0,0,3
function@x264_predict_4x4_init,0,0,0,0,0,0,0,0,0,0,0
function@predict_4x4_v,0,0,0,0,0,0,0,0,0,0,0
function@predict_4x4_h,0,0,0,0,0,0,0,0,0,0,0
function@predict_4x4_dc,0,0,0,0,0,0,0,0,0,0,0
function@predict_4x4_ddl,0,0,0,0,0,0,0,0,0,0,0
function@predict_4x4_ddr,3,0,0,3,0,0,3,0,3,0,0
function@predict_4x4_vr,3,0,0,3,0,0,3,0,3,0,0
function@predict_4x4_hd,3,0,0,3,0,0,3,0,3,0,0
function@predict_4x4_vl,1,0,0,1,0,1,1,0,1,0,1
function@predict_4x4_hu,0,0,0,0,0,0,0,0,0,0,0
function@predict_4x4_dc_left,0,0,0,0,0,0,0,0,0,0,0
function@predict_4x4_dc_top,0,0,0,0,0,0,0,0,0,0,0
function@predict_4x4_dc_128,0,0,0,0,0,0,0,0,0,0,0
function@x264_quant_init,0,0,0,0,0,0,0,0,0,0,0
function@quant_8x8,0,0,0,0,0,5,0,0,0,0,79.9375
function@quant_4x4,0,1,0,1,0,2,0,0.5,0.5,0,16.5
function@quant_4x4_dc,6,5,0,11,0,33,6,5,11,0,16.381
function@quant_2x2_dc,0,0,0,0,0,12,0,0,0,0,5.66667
function@dequant_4x4,0,0,0,0,0,9,0,0,0,0,6
function@dequant_4x4_dc,0,0,0,0,0,4,0,0,0,0,3
function@dequant_8x8,0,0,0,0,0,3,0,0,0,0,3
function@x264_denoise_dct,3,3,0,3,0,10,0.380952,8.22222,0.492064,0,55.8571
function@x264_decimate_score15,0,0,0,0,0,1,0,0,0,0,1.08941
function@x264_decimate_score16,0,0,0,0,0,1,0,0,0,0,1.74306
function@x264_decimate_score64,0,0,0,0,0,1,0,0,0,0,1.7437
function@x264_coeff_last4,0,0,0,0,0,0,0,0,0,0,0
function@x264_coeff_last15,0,0,0,0,0,1,0,0,0,0,15.8146
function@x264_coeff_last16,0,0,0,0,0,1,0,0,0,0,15.453
function@x264_coeff_last64,0,0,0,0,0,1,0,0,0,0,15.746
function@x264_coeff_level_run4,1,0,0,1,0,10,0.579545,0,1.14318,0,23.9341
function@x264_coeff_level_run15,2,0,0,1,0,10,0.624069,0,0.624069,0,27.8077
function@x264_coeff_level_run16,2,0,0,1,0,10,0.611922,0,0.611922,0,27.2664
function@x264_mb_predict_mv,1,0,0,1,0,9,1,0,1,0,4.91667
function@x264_mb_predict_mv_16x16,0,6,0,2,0,8,0,2.79528,2,0,5.40945
function@x264_mb_predict_mv_pskip,2,3,0,5,0,8,0.13467,0.449857,0.702006,0,1.39542
function@x264_mb_predict_mv_direct16x16,50,35,0,52,5,67,11.0742,6.20809,9.92653,0.446777,16.1519
function@x264_mb_predict_mv_ref16x16,12,3,0,10,0,23,4.61538,1.30769,6.15385,0,8.42857
function@RBSPtoSODB,0,0,0,0,0,1,0,0,0,0,1
function@EBSPtoRBSP,1,0,0,1,0,6,1.06122,0,0.24898,0,1.40816
function@intrapred8x8_mbaff,451,47,0,222,19,109,33.9976,3.23203,19.2172,0.700781,10.9078
function@LowPassForIntra8x8Pred,22,2,0,23,0,3,6.85714,1.2033,10.8956,0,1.73626
function@init_motion_vector_prediction,0,0,0,0,0,0,0,0,0,0,0
function@GetMotionVectorPredictorMBAFF,17,16,0,11,5,41,4.73726,9.09804,6,1.59608,8.23137
function@GetMotionVectorPredictorNormal,2,5,0,3,0,12,0.307692,0.991758,3,0,1.42582
function@set_ec_flag,0,0,0,0,0,0,0,0,0,0,0
function@reset_ec_flags,0,0,0,0,0,0,0,0,0,0,0
function@get_concealed_element,0,0,0,0,0,0,0,0,0,0,0
function@mb_pred_intra4x4,11,1,0,4,2,4,63.8346,0.0629921,15.7165,7.04724,26.1811
function@mb_pred_intra16x16,0,0,0,0,0,0,0,0,0,0,0
function@mb_pred_intra8x8,1,0,0,1,0,0,0.333333,0,1,0,0
function@mb_pred_skip,1,0,0,1,0,1,0.333333,0,1,0,1
function@set_chroma_vector,22,18,0,23,0,159,16.6718,10.7863,3.11688,0,107.239
function@mb_pred_sp_skip,0,0,0,0,0,1,0,0,0,0,1
function@mb_pred_p_inter8x8,1,13,0,14,0,9,0.625,384.25,14,0,132.75
function@mb_pred_p_inter16x16,0,0,0,0,0,1,0,0,0,0,1
function@mb_pred_p_inter16x8,1,0,0,1,0,1,0.666667,0,1,0,1
function@mb_pred_p_inter8x16,1,0,0,1,0,1,0.666667,0,1,0,1
function@mb_pred_b_d8x8temporal,62,8,0,27,4,26,11164.3,4027.7,8196.36,66,13464.2
function@mb_pred_b_d4x4temporal,31,4,0,18,4,20,9293.48,3204.97,6581,66,12337.3
function@mb_pred_b_d8x8spatial,35,9,0,27,8,58,1621.25,570.938,1258.75,28.5,2743.75
function@mb_pred_b_d4x4spatial,37,3,0,10,5,11,4437.12,2248,2348,266,3297
function@mb_pred_b_inter8x8,31,8,0,17,6,22,434.625,985.5,223.188,80.8125,886.5
function@mb_pred_ipcm,30,2,0,19,0,23,260.586,5.86207,17.8966,0,403.069
function@constructTiff,0,0,0,0,0,0,0,0,0,0,0
function@destructTiff,0,0,0,0,0,0,0,0,0,0,0
function@horizontal_half_1chan_cosite,48,13,0,38,0,29,6396.75,3785.58,1149.25,0,3184.5
function@vertical_half_1chan,64,19,0,55,3,21,7724.48,1493.95,499.238,1.2381,431.643
function@ReadTIFFImage,112,71,0,84,2,123,5.23869,6.09869,4.44013,0.0221006,20.2057
function@getU16,0,0,0,0,0,0,0,0,0,0,0
function@getU32,0,0,0,0,0,0,0,0,0,0,0
function@getSwappedU16,0,0,0,0,0,0,0,0,0,0,0
function@getSwappedU32,0,0,0,0,0,0,0,0,0,0,0
function@getIntArray,1,2,0,3,0,5,1,7.5098,1.22549,0,15.1078
function@DeblockPicture,0,0,0,0,0,2,0,0,0,0,42.5
function@DeblockMb,86,33,0,18,3,8,137.811,89.1678,21.9375,0.69043,50.4531
function@DeblockPicturePartially,0,0,0,0,0,2,0,0,0,0,31.875
function@init_Deblock,44,41,0,62,8,68,1763.65,552.382,78.8628,430.618,1049.38
function@forward4x4,29,4,0,19,0,20,29,4,19,0,20
function@inverse4x4,28,4,0,20,0,22,28,4,20,0,22
function@hadamard4x4,27,4,0,22,0,1,27,4,22,0,1
function@ihadamard4x4,27,1,0,18,0,11,27,1,18,0,11
function@hadamard4x2,3,5,0,7,0,0,3,5,7,0,0
function@ihadamard4x2,12,1,0,9,0,2,12,1,9,0,2
function@hadamard2x2,0,0,0,0,0,0,0,0,0,0,0
function@ihadamard2x2,0,0,0,0,0,0,0,0,0,0,0
function@forward8x8,37,13,0,37,2,21,1153,416,843,64,548
function@inverse8x8,37,5,0,28,3,33,1153,160,555,96,932
function@set_chroma_qp,0,0,0,0,0,0,0,0,0,0,0
function@update_qp,1,0,0,1,0,1,1,0,1,0,1
function@invScaleCoeff,1,0,0,1,0,2,0.64,0,0.64,0,1.28
function@start_macroblock,2,0,0,2,0,6,1.375,0,2,0,5
function@exit_macroblock,0,0,0,0,0,1,0,0,0,0,1
function@setup_slice_methods,0,0,0,0,0,0,0,0,0,0,0
function@interpret_mb_mode_P,0,0,0,0,0,2,0,0,0,0,0.583333
function@read_motion_info_from_NAL_p_slice,6,0,0,4,0,0,5.5,0,4,0,0
function@read_one_macroblock_p_slice,32,6,0,9,4,9,14.3659,1.45744,7.06104,1.5,3.07127
function@decode_one_component_p_slice,0,0,0,0,0,0,0,0,0,0,0
function@decode_one_component_sp_slice,0,0,0,0,0,0,0,0,0,0,0
function@interpret_mb_mode_B,0,0,0,0,0,0,0,0,0,0,0
function@read_motion_info_from_NAL_b_slice,71,2,0,8,0,4,59,2,8,0,4
function@read_one_macroblock_b_slice,36,5,0,8,2,7,16.7071,1.43359,7.5,0.75,2.37482
function@decode_one_component_b_slice,0,0,0,0,0,0,0,0,0,0,0
function@interpret_mb_mode_I,0,0,0,0,0,1,0,0,0,0,0.333333
function@read_one_macroblock_i_slice,6,5,0,4,0,8,4.30469,1.89062,4,0,5.17969
function@decode_one_component_i_slice,0,0,0,0,0,0,0,0,0,0,0
function@interpret_mb_mode_SI,0,0,0,0,0,1,0,0,0,0,0.25
function@read_CBP_and_coeffs_from_NAL_CABAC_444,32,20,0,20,7,8,99.4316,35.2438,35.1614,2.9711,4.81519
function@read_CBP_and_coeffs_from_NAL_CABAC_422,126,55,0,76,14,43,4089.39,930.174,548.965,85.6387,2438.51
function@read_CBP_and_coeffs_from_NAL_CABAC_400,17,3,0,9,4,9,9.23931,2.55752,5.28394,0.637764,3.18281
function@read_CBP_and_coeffs_from_NAL_CABAC_420,110,59,0,65,15,35,1715.43,1447.79,311.123,120.348,691.796
function@read_CBP_and_coeffs_from_NAL_CAVLC_444,43,19,0,19,4,21,86.6195,37.829,45.1667,1.51276,40.0575
function@read_CBP_and_coeffs_from_NAL_CAVLC_422,145,54,0,92,27,62,3715.02,1034.69,773.35,76.1417,2743.05
function@read_CBP_and_coeffs_from_NAL_CAVLC_400,20,6,0,9,3,12,9.8194,5.4164,6.92457,0.512764,7.93622
function@read_CBP_and_coeffs_from_NAL_CAVLC_420,127,57,0,83,28,52,1993.83,1286.97,761.909,121.002,816.024
function@readMBRefPictureIdx,7,11,0,12,3,14,115664,18079.5,6951.38,660.75,220231
function@readMBMotionVectors,76,41,0,67,8,52,2.18357e+07,1.43445e+07,4.29879e+06,104336,1.6463e+07
function@readRefPictureIdx_FLC,0,0,0,0,0,0,0,0,0,0,0
function@readRefPictureIdx_VLC,0,0,0,0,0,0,0,0,0,0,0
function@get_neighbors,2,2,0,3,0,0,0.980392,1.13725,3,0,0
function@field_flag_inference,0,0,0,0,0,0,0,0,0,0,0
function@SetB8Mode,0,0,0,0,0,0,0,0,0,0,0
function@init_macroblock,0,0,0,0,0,0,0,0,0,0,0
function@skip_macroblock,32,3,0,13,3,48,387.469,1.71289,8.875,1.125,396
function@read_ipred_modes,37,7,0,21,2,4,28276.4,10457.2,2260.52,92.1212,2019.88
function@concealIPCMcoeffs,6,0,0,6,0,12,7.64126,0,6.18386,0,207.269
function@read_IPCM_coeffs_from_NAL,19,0,0,8,0,15,142.363,0,21.233,0,159.627
function@reset_coeffs,0,0,0,0,0,0,0,0,0,0,0
function@read_delta_quant,2,0,0,2,0,4,2,0,2,0,4
function@readCompCoeff8x8MB_CABAC,0,0,0,0,0,18,0,0,0,0,10
function@readCompCoeff4x4MB_CABAC,25,20,0,19,1,19,10995.1,1022.87,542.427,257,31426.9
function@readCompCoeff8x8_CABAC,34,7,0,21,0,6,42.1373,26.549,12.3726,0,8.78431
function@readCompCoeff8x8_CABAC_lossless,23,3,0,14,0,6,67.9816,12.8991,19.3211,0,10.0275
function@readCompCoeff4x4SMB_CABAC,31,16,0,17,2,6,50143.9,59407.7,3112.19,893.905,14722.3
function@readCoeff4x4_CAVLC,36,17,0,37,7,33,13.5519,29.8327,7.92611,1.41667,41.5635
function@readCompCoeff4x4MB_CAVLC,129,39,0,83,5,30,323558,108696,147989,697,77933
function@readCompCoeff8x8MB_CAVLC,100,40,0,53,1,19,284769,120096,90277.4,1,64897
function@predict_nnz,15,0,0,5,4,9,4.66601,0,2.5332,1.84473,2
function@predict_nnz_chroma,7,1,0,3,0,4,1.73828,0.5,1.5,0,1.23437
function@decode_one_macroblock,0,0,0,0,0,6,0,0,0,0,1.41176
function@init_cur_imgy,18,24,0,4,0,25,45.5604,56.044,1.35165,0,90.8022
function@change_plane_JV,0,0,0,0,0,0,0,0,0,0,0
function@make_frame_picture_JV,0,0,0,0,0,4,0,0,0,0,80.8421
function@ercConcealInterFrame,32,23,0,27,1,28,5663.4,3151.25,3338.11,31.25,2249.17
function@concealByTrial,70,11,0,30,18,7,4025.78,605.601,1468.78,1079.87,1205.78
function@concealByCopy,105,24,0,62,3,54,1618.33,442.312,148,11.375,625.062
function@buildPredRegionYUV,117,39,0,84,2,27,1.6277e+07,7.17251e+06,3.96962e+06,12.8906,2.155e+06
function@edgeDistortion,326,6,0,363,0,44,1553.29,21.8571,1058.57,0,367.667
function@copyPredMB,83,27,0,57,7,29,1092.45,383.784,129.255,10.6078,306.039
function@conceal_lost_frames,7,1,0,7,0,10,81.6875,15.9375,35.375,0,1038.94
function@copy_to_conceal,187,60,0,116,2,75,11742.1,4003.58,6101.56,3.92187,2771.89
function@init_lists_for_non_reference_loss,42,2,0,18,3,38,55.7188,8.96875,21.7969,1.375,97.2969
function@update_ref_list_for_concealment,2,1,0,2,0,1,0.925,0.625,1.25,0,10.225
function@compare_pic_by_pic_num_desc,0,0,0,0,0,0,0,0,0,0,0
function@compare_pic_by_poc_desc,0,0,0,0,0,0,0,0,0,0,0
function@compare_pic_by_poc_asc,0,0,0,0,0,0,0,0,0,0,0
function@compare_pic_by_lt_pic_num_asc,0,0,0,0,0,0,0,0,0,0,0
function@get_pic_from_dpb,0,0,0,0,0,2,0,0,0,0,0.695652
function@comp,0,0,0,0,0,0,0,0,0,0,0
function@init_node,0,0,0,0,0,0,0,0,0,0,0
function@print_node,0,0,0,0,0,0,0,0,0,0,0
function@print_list,0,0,0,0,0,0,0,0,0,0,0
function@delete_list,0,0,0,0,0,2,0,0,0,0,25.0588
function@conceal_non_ref_pics,12,1,0,10,0,11,28.04,25.56,15.24,0,76.16
function@sliding_window_poc_management,0,0,0,0,0,2,0,0,0,0,15.9375
function@write_lost_non_ref_pic,0,0,0,0,0,0,0,0,0,0,0
function@write_lost_ref_after_idr,0,0,0,0,0,1,0,0,0,0,0.380952
function@intra4x4_pred_mbaff,106,13,0,83,0,43,7.26347,0.834374,6.81328,0,3.41347
function@arideco_create_decoding_environment,0,0,0,0,0,2,0,0,0,0,2
function@arideco_delete_decoding_environment,0,0,0,0,0,0,0,0,0,0,0
function@arideco_done_decoding,0,0,0,0,0,0,0,0,0,0,0
function@getbyte,0,0,0,0,0,0,0,0,0,0,0
function@getword,0,0,0,0,0,0,0,0,0,0,0
function@arideco_start_decoding,0,0,0,0,0,0,0,0,0,0,0
function@arideco_bits_read,0,0,0,0,0,0,0,0,0,0,0
function@biari_decode_symbol,5,1,0,3,0,14,1.97619,0.5,2.5,0,7.88095
function@biari_decode_symbol_eq_prob,0,0,0,0,0,1,0,0,0,0,0.380952
function@biari_decode_final,0,0,0,0,0,1,0,0,0,0,1
function@biari_init_context,0,0,0,0,0,0,0,0,0,0,0
function@InterpretSEIMessage,0,0,0,0,0,39,0,0,0,0,1648.64
function@interpret_buffering_period_info,0,0,0,0,0,1,0,0,0,0,1
function@interpret_picture_timing_info,2,0,0,2,0,2,3.41912,0,0.235294,0,3.42647
function@interpret_pan_scan_rect_info,0,0,0,0,0,2,0,0,0,0,1.35294
function@interpret_recovery_point_info,0,0,0,0,0,2,0,0,0,0,2
function@interpret_dec_ref_pic_marking_repetition_info,3,0,0,3,0,1,3,0,3,0,1
function@interpret_spare_pic,23,2,0,29,2,21,7596.59,659.993,1478.28,43.3329,12831.9
function@interpret_scene_information,0,0,0,0,0,1,0,0,0,0,1
function@interpret_subsequence_info,0,0,0,0,0,1,0,0,0,0,1
function@interpret_subsequence_layer_characteristics_info,0,0,0,0,0,2,0,0,0,0,2
function@interpret_subsequence_characteristics_info,0,0,0,0,0,2,0,0,0,0,2
function@interpret_full_frame_freeze_info,0,0,0,0,0,1,0,0,0,0,1
function@interpret_full_frame_snapshot_info,0,0,0,0,0,1,0,0,0,0,1
function@interpret_progressive_refinement_start_info,0,0,0,0,0,1,0,0,0,0,1
function@interpret_progressive_refinement_end_info,0,0,0,0,0,1,0,0,0,0,1
function@interpret_motion_constrained_slice_group_set_info,0,0,0,0,0,3,0,0,0,0,3
function@interpret_film_grain_characteristics_info,3,2,0,5,0,26,8.81379,0.744828,1.01379,0,40.4759
function@interpret_deblocking_filter_display_preference_info,0,0,0,0,0,1,0,0,0,0,1
function@interpret_stereo_video_info_info,0,0,0,0,0,1,0,0,0,0,1
function@interpret_tone_mapping,82,35,0,49,4,73,29.381,45.1789,13.4945,0.0925779,51.8581
function@interpret_post_filter_hints_info,6,6,0,6,0,16,577,1584,66,0,3668
function@interpret_frame_packing_arrangement_info,0,0,0,0,0,3,0,0,0,0,1.7619
function@tone_map,3,2,0,4,0,7,287.812,335.875,32.875,0,1120.12
function@init_tone_mapping_sei,0,0,0,0,0,0,0,0,0,0,0
function@update_tone_mapping_sei,0,0,0,0,0,0,0,0,0,0,0
function@error,0,0,0,0,0,0,0,0,0,0,0
function@FreeDecPicList,0,0,0,0,0,1,0,0,0,0,21.25
function@init_frext,3,0,0,2,0,6,2.2381,0,2,0,4.09524
function@AllocPartition,2,0,0,1,0,3,20.9988,0,1,0,40.9976
function@FreePartition,2,0,0,2,0,1,42.5,0,1.33333,0,21.25
function@malloc_slice,0,0,0,0,0,4,0,0,0,0,35
function@init_global_buffers,2,2,0,4,0,9,1,13.3214,2.01786,0,55.0893
function@free_global_buffers,0,0,0,0,0,0,0,0,0,0,0
function@ClearDecPicList,0,0,0,0,0,5,0,0,0,0,15.1176
function@GetOneAvailDecPicFromList,0,0,0,0,0,4,0,0,0,0,17.7143
function@OpenDecoder,0,0,0,0,0,2,0,0,0,0,1.94118
function@DecodeOneFrame,0,0,0,0,0,4,0,0,0,0,6.46364
function@FinitDecoder,0,0,0,0,0,5,0,0,0,0,4.06215
function@CloseDecoder,7,0,0,5,0,8,3.75,0,2.89062,0,39.4531
function@free_slice,0,0,0,0,0,1,0,0,0,0,1
function@init_all_macroblocks,0,0,0,0,0,0,0,0,0,0,0
function@init_slice,0,0,0,0,0,0,0,0,0,0,0
function@reorder_lists,0,0,0,0,0,0,0,0,0,0,0
function@decode_slice,74,6,0,40,1,17,82512.4,355.064,11204.7,0.193548,12747.3
function@decode_one_slice,15,29,0,5,0,15,179.957,355.914,5.125,0,290
function@decode_one_frame,50,17,0,30,2,59,534.695,274.5,104.828,5,1191.77
function@init_picture,13,2,0,3,0,21,4.51374,0.0206044,2.625,0,59.408
function@read_new_slice,41,0,0,6,6,5,69.1521,0,11.1359,7.79352,23.6082
function@CopySliceInfo,0,0,0,0,0,0,0,0,0,0,0
function@exit_picture,50,17,0,37,2,16,331.751,142.194,183.393,1.27126,38.1126
function@copy_dec_picture_JV,0,0,0,0,0,1,0,0,0,0,0.617647
function@buffer2img,38,16,0,44,2,73,199.615,119.284,43.8532,4.76147,628
function@compute_SSE,10,2,0,13,0,9,1154.32,25.0588,848.441,0,458.294
function@calculate_frame_no,0,0,0,0,0,1,0,0,0,0,1
function@find_snr,30,15,0,29,0,31,22789.8,455.961,16231,0,8354.6
function@is_new_picture,0,2,0,1,0,8,0,0.454902,1,0,3.98431
function@pad_buf,29,4,0,18,0,47,146.775,51.1667,30.4412,0,1698.55
function@pad_dec_picture,0,2,0,2,0,0,0,1.2381,1.2381,0,0
function@field_postprocessing,0,0,0,0,0,1,0,0,0,0,1
function@ercWriteMBMODEandMV,63,5,0,31,1,25,8.29167,0.416667,6.5,0.5,4.375
function@init_old_slice,0,0,0,0,0,0,0,0,0,0,0
function@GetVOIdx,0,0,0,0,0,3,0,0,0,0,6.63415
function@get_maxViewIdx,0,0,0,0,0,1,0,0,0,0,6.21951
function@intrapred16x16,0,0,0,0,0,0,0,0,0,0,0
function@ParseSizeFromString,0,0,0,0,0,8,0,0,0,0,16.8679
function@ParseFrameNoFormatFromString,0,2,0,2,0,5,0,8.71601,1.25,0,26.5852
function@OpenFrameFile,0,0,0,0,0,3,0,0,0,0,3
function@OpenFiles,0,0,0,0,0,0,0,0,0,0,0
function@CloseFiles,0,0,0,0,0,0,0,0,0,0,0
function@ParseVideoType,0,0,0,0,0,0,0,0,0,0,0
function@compute_residue,8,3,0,11,0,6,70,38.25,46.95,0,242.9
function@sample_reconstruct,16,4,0,19,0,16,609.6,203,64.7,0,854.8
function@JMDecHelpExit,0,0,0,0,0,0,0,0,0,0,0
function@ParseCommand,3,4,0,6,0,17,0.439738,2.19212,2.01353,0,13.2371
function@get_colocated_info_4x4,0,0,0,0,0,4,0,0,0,0,0.252199
function@get_colocated_info_8x8,6,0,0,2,0,21,0.73945,0,0.515596,0,2.01927
function@update_direct_types,0,0,0,0,0,0,0,0,0,0,0
function@update_direct_mv_info_spatial_8x8,41,0,0,8,0,3,73.0334,0,39.375,0,28.0493
function@update_direct_mv_info_temporal,128,30,0,54,3,62,1.31902e+07,1.7936e+06,4.58857e+06,512.5,2.87229e+06
function@update_direct_mv_info_spatial_4x4,51,6,0,17,0,9,27482.5,1972.5,9191.88,0,8132.5
function@intrapred,0,0,0,0,0,0,0,0,0,0,0
function@itrans8x8,7,0,0,7,0,16,111.562,0,18.9375,0,127
function@fmo_init,111,48,0,81,6,105,2633.91,915.532,185.713,0.578961,2284.95
function@FmoFinit,0,0,0,0,0,0,0,0,0,0,0
function@FmoGetNumberOfSliceGroup,0,0,0,0,0,0,0,0,0,0,0
function@FmoGetLastMBOfPicture,0,0,0,0,0,0,0,0,0,0,0
function@FmoGetLastMBInSliceGroup,0,0,0,0,0,0,0,0,0,0,0
function@FmoGetSliceGroupId,0,0,0,0,0,0,0,0,0,0,0
function@FmoGetNextMBNr,0,0,0,0,0,3,0,0,0,0,18.5
function@intrapred8x8_normal,311,48,0,190,18,67,25.0726,3.55703,15.875,0.599219,5.96874
function@LowPassForIntra8x8Pred,22,2,0,23,0,3,6.85714,1.2033,10.8956,0,1.73626
function@itrans4x4,0,0,0,0,0,0,0,0,0,0,0
function@itrans4x4_ls,10,0,0,3,0,0,10,0,3,0,0
function@Inv_Residual_trans_4x4,54,0,0,39,0,15,26,0,15,0,6.33333
function@Inv_Residual_trans_8x8,129,2,0,30,0,29,273.667,64,76.6667,0,137
function@Inv_Residual_trans_16x16,41,4,0,29,13,6,302.792,1.33333,9.79167,2.70833,81.3333
function@Inv_Residual_trans_Chroma,38,16,0,29,1,37,1109.38,453.242,281.207,0.15625,1150.08
function@itrans_2,1,0,0,1,0,15,1,0,1,0,15
function@itrans_sp,90,7,0,28,0,47,1034,117,146,0,601
function@itrans_sp_cr,112,14,0,47,2,57,277890,51514.7,59317.3,7.80769,129837
function@iMBtrans4x4,2,0,0,2,0,2,0.382353,0,0.382353,0,0.794118
function@copy_image_data_16x16,0,0,0,0,0,0,0,0,0,0,0
function@iMBtrans8x8,0,0,0,0,0,0,0,0,0,0,0
function@iTransform,81,9,0,40,2,18,618.098,53.5738,110.967,0.131148,92.6803
function@copy_image_data,3,3,0,4,0,5,20.72,30.6,1.28,0,1.6
function@copy_image_data_8x8,0,0,0,0,0,0,0,0,0,0,0
function@copy_image_data_4x4,0,0,0,0,0,0,0,0,0,0,0
function@CheckVertMV,0,0,0,0,0,0,0,0,0,0,0
function@initBitsFile,0,0,0,0,0,0,0,0,0,0,0
function@read_next_nalu,0,0,0,0,0,0,0,0,0,0,0
function@CheckZeroByteNonVCL,0,0,0,0,0,0,0,0,0,0,0
function@CheckZeroByteVCL,0,0,0,0,0,0,0,0,0,0,0
function@nal_unit_header_mvc_extension,0,0,0,0,0,0,0,0,0,0,0
function@main,0,0,0,0,0,1,0,0,0,0,14.8423
function@set_loop_filter_functions_normal,0,0,0,0,0,0,0,0,0,0,0
function@GetStrengthVer,55,36,0,52,3,38,1.0155,1.63247,1.79397,0.401917,0.822153
function@GetStrengthHor,61,33,0,56,0,47,1.66875,1.40688,1.90854,0,0.697092
function@EdgeLoopLumaVer,79,52,0,50,3,82,1296.57,768.742,774.325,16.0265,1209.38
function@EdgeLoopLumaHor,114,46,0,57,1,78,1322.96,737.06,332.205,0.0529801,1119.59
function@EdgeLoopChromaVer,21,11,0,14,0,9,14.7722,28.2785,14.4557,0,29.6709
function@EdgeLoopChromaHor,14,9,0,14,0,9,14.7416,10.9888,13.4944,0,25.6067
function@AllocNALU,0,0,0,0,0,3,0,0,0,0,3
function@FreeNALU,0,0,0,0,0,0,0,0,0,0,0
function@intrapred_16x16_mbaff,18,23,0,36,1,13,9.1,34.2594,6.3,0.2,20.5563
function@init_contexts,239,35,0,42,0,43,3077,390.833,456.417,0,393.5
function@malloc_annex_b,0,0,0,0,0,1,0,0,0,0,1
function@init_annex_b,0,0,0,0,0,0,0,0,0,0,0
function@free_annex_b,0,0,0,0,0,0,0,0,0,0,0
function@GetAnnexbNALU,3,0,0,3,0,9,4.75143,0,0.624097,0,12.0635
function@OpenAnnexBFile,0,0,0,0,0,1,0,0,0,0,0.380952
function@CloseAnnexBFile,0,0,0,0,0,0,0,0,0,0,0
function@ResetAnnexB,0,0,0,0,0,0,0,0,0,0,0
function@GetConfigFileContent,0,0,0,0,0,8,0,0,0,0,2.82887
function@ParseContent,2,2,0,2,2,6,2.14286,10.625,2.14286,0.9375,100.605
function@InitParams,0,0,0,0,0,0,0,0,0,0,0
function@TestParams,0,0,0,0,0,0,0,0,0,0,0
function@DisplayParams,0,0,0,0,0,1,0,0,0,0,1
function@intra4x4_pred_normal,86,20,0,75,1,35,5.93769,1.39766,5.57324,0.0234375,2.27265
function@timediff,0,0,0,0,0,0,0,0,0,0,0
function@timenorm,0,0,0,0,0,0,0,0,0,0,0
function@ercInit,0,0,0,0,0,2,0,0,0,0,2
function@ercClose,0,0,0,0,0,0,0,0,0,0,0
function@ercOpen,0,0,0,0,0,2,0,0,0,0,2
function@ercSetErrorConcealment,0,0,0,0,0,0,0,0,0,0,0
function@ercReset,1,0,0,1,0,6,0.144828,0,0.144828,0,1.01379
function@ercStartSegment,0,0,0,0,0,0,0,0,0,0,0
function@ercStopSegment,0,0,0,0,0,0,0,0,0,0,0
function@ercMarkCurrSegmentLost,6,1,0,8,1,6,50.7647,10.0294,41.6176,10.0294,30.9706
function@ercMarkCurrSegmentOK,6,1,0,8,1,6,51.64,10.2,42.4,10.2,31.56
function@ercMarkCurrMBConcealed,0,0,0,0,0,1,0,0,0,0,0.0963303
function@reorder_short_term,2,0,0,2,0,23,3.49412,0,0.588235,0,105.259
function@reorder_long_term,1,0,0,1,0,22,0.494118,0,0.494118,0,82.6588
function@init_lists_i_slice_mvc,0,0,0,0,0,0,0,0,0,0,0
function@init_lists_p_slice_mvc,37,16,0,26,2,24,71.1713,6.40367,12.0245,0.373089,47.9113
function@compare_pic_by_pic_num_desc,0,0,0,0,0,0,0,0,0,0,0
function@compare_pic_by_lt_pic_num_asc,0,0,0,0,0,0,0,0,0,0,0
function@compare_fs_by_frame_num_desc,0,0,0,0,0,0,0,0,0,0,0
function@compare_fs_by_lt_pic_idx_asc,0,0,0,0,0,0,0,0,0,0,0
function@init_lists_b_slice_mvc,91,34,0,55,1,81,130.639,22.7676,16.8104,0.33945,127.431
function@compare_pic_by_poc_desc,0,0,0,0,0,0,0,0,0,0,0
function@compare_pic_by_poc_asc,0,0,0,0,0,0,0,0,0,0,0
function@compare_fs_by_poc_desc,0,0,0,0,0,0,0,0,0,0,0
function@compare_fs_by_poc_asc,0,0,0,0,0,0,0,0,0,0,0
function@init_lists_mvc,133,56,0,81,1,115,76.8779,7.5409,9.43529,0.0677656,76.8743
function@reorder_ref_pic_list_mvc,58,7,0,42,5,51,320.986,56.2942,77.0996,3.54179,535.26
function@reorder_lists_mvc,0,0,0,0,0,0,0,0,0,0,0
function@ReadFrameConcatenated,1,3,0,3,0,5,0.494533,15.825,1.89162,0,12.7329
function@ReadFrameSeparate,6,3,0,3,0,4,1.49453,15.825,1.89162,0,2.89162
function@Scaling_List,0,0,0,0,0,10,0,0,0,0,78.64
function@InterpretSPS,10,4,0,9,1,15,767.278,222.889,244.569,0.486111,1265.39
function@InitVUI,0,0,0,0,0,0,0,0,0,0,0
function@ReadVUI,0,0,0,0,0,0,0,0,0,0,0
function@ReadHRDParameters,0,0,0,0,0,0,0,0,0,0,0
function@InterpretPPS,10,4,0,8,1,16,381.345,110.773,119.248,0.243697,628.357
function@MakePPSavailable,0,0,0,0,0,0,0,0,0,0,0
function@CleanUpPPS,0,0,0,0,0,1,0,0,0,0,31.875
function@MakeSPSavailable,0,0,0,0,0,0,0,0,0,0,0
function@ProcessSPS,0,0,0,0,0,2,0,0,0,0,2
function@get_max_dec_frame_buf_size,0,0,0,0,0,0,0,0,0,0,0
function@ProcessSubsetSPS,7,0,0,3,0,5,3.15789,0,2.65789,0,4.31579
function@reset_subset_sps,2,0,0,3,0,29,126.615,0,87.4038,0,883.423
function@seq_parameter_set_mvc_extension,13,3,0,9,0,51,8543.18,20.7353,2313.47,0,10788.1
function@mvc_vui_parameters_extension,6,0,0,4,0,11,574.647,0,291.706,0,1117.71
function@ProcessPPS,0,0,0,0,0,9,0,0,0,0,5.11927
function@reset_format_info,5,1,0,3,1,5,3.35294,0.764706,2.61765,1,3.23529
function@activate_sps,5,0,0,2,1,1,1.24885,0,1.01603,0.234351,0.625191
function@activate_pps,0,0,0,0,0,0,0,0,0,0,0
function@UseParameterSet,2,0,0,1,0,0,2,0,1,0,0
function@MemAlloc1D,0,0,0,0,0,4,0,0,0,0,2.85714
function@hrd_parameters,0,0,0,0,0,3,0,0,0,0,63.75
function@init_subset_sps_list,0,0,0,0,0,5,0,0,0,0,22
function@GetBaseViewId,0,0,0,0,0,0,0,0,0,0,0
function@initInput,0,0,0,0,0,0,0,0,0,0,0
function@buf2img_endian,23,13,0,31,1,60,112.312,98.125,37.5625,3.42188,543.438
function@buf2img_basic,29,19,0,24,0,42,973.82,91.8633,31.7813,0,658.523
function@buf2img_bitshift,38,8,0,26,0,31,1262.57,262.422,44.1338,0,584.094
function@fillPlane,5,0,0,4,0,10,34.35,0,26.3,0,563
function@AllocateFrameMemory,0,0,0,0,0,2,0,0,0,0,1.61765
function@DeleteFrameMemory,0,0,0,0,0,0,0,0,0,0,0
function@read_one_frame,35,22,0,31,2,25,80.8807,49.7615,51.3119,4.40367,9.61468
function@pad_borders,49,20,0,39,1,65,229.314,1065.72,67.5686,0.196078,1581.35
function@init_top_bot_planes,2,2,0,3,0,5,8.21875,8.46875,8.71875,0,32.875
function@free_top_bot_planes,0,0,0,0,0,0,0,0,0,0,0
function@get_mem2Ddist,3,3,0,5,0,12,16.1875,16.4375,9.46875,0,38.125
function@get_mem2Dlm,2,3,0,4,0,8,8.21875,16.4375,1.5,0,20.9375
function@free_mem2Ddist,0,0,0,0,0,0,0,0,0,0,0
function@free_mem2Dlm,0,0,0,0,0,0,0,0,0,0,0
function@get_mem2Dmp,2,3,0,4,0,10,8.21875,16.4375,1.5,0,22.4375
function@get_mem3Dmp,3,6,0,8,2,12,16.9375,37.375,11.9688,0.5625,65.7812
function@free_mem2Dmp,0,0,0,0,0,0,0,0,0,0,0
function@free_mem3Dmp,0,0,0,0,0,0,0,0,0,0,0
function@get_mem2Dquant,2,3,0,4,0,8,8.21875,16.4375,1.5,0,20.9375
function@get_mem3Dquant,3,6,0,8,2,12,16.9375,37.375,11.9688,0.5625,65.7812
function@get_mem4Dquant,10,8,0,16,4,16,44.3438,53.8125,23.4375,1.125,88.6875
function@get_mem5Dquant,3,6,0,8,2,9,16.9375,37.375,11.9688,0.5625,63.2812
function@free_mem2Dquant,0,0,0,0,0,0,0,0,0,0,0
function@free_mem3Dquant,0,0,0,0,0,0,0,0,0,0,0
function@free_mem4Dquant,0,0,0,0,0,0,0,0,0,0,0
function@free_mem5Dquant,0,0,0,0,0,0,0,0,0,0,0
function@get_mem2D_spp,2,5,0,6,1,8,15.9375,36.375,9.78125,0.25,30.4062
function@get_mem3D_spp,3,6,0,8,2,12,16.9375,37.375,11.9688,0.5625,65.7812
function@get_mem2Dmv,2,5,0,6,1,8,15.9375,36.375,9.78125,0.25,30.4062
function@get_mem3Dmv,3,6,0,8,2,12,16.9375,37.375,11.9688,0.5625,65.7812
function@get_mem4Dmv,10,8,0,16,4,16,44.3438,53.8125,23.4375,1.125,88.6875
function@get_mem5Dmv,3,6,0,8,2,9,16.9375,37.375,11.9688,0.5625,63.2812
function@get_mem6Dmv,11,8,0,16,4,16,44.7188,53.8125,23.9375,1.125,88.6875
function@get_mem7Dmv,3,6,0,8,2,9,16.9375,37.375,11.9688,0.5625,63.2812
function@free_mem2D_spp,0,0,0,0,0,0,0,0,0,0,0
function@free_mem3D_spp,0,0,0,0,0,0,0,0,0,0,0
function@free_mem2Dmv,0,0,0,0,0,0,0,0,0,0,0
function@free_mem3Dmv,0,0,0,0,0,0,0,0,0,0,0
function@free_mem4Dmv,0,0,0,0,0,0,0,0,0,0,0
function@free_mem5Dmv,0,0,0,0,0,0,0,0,0,0,0
function@free_mem6Dmv,0,0,0,0,0,0,0,0,0,0,0
function@free_mem7Dmv,0,0,0,0,0,0,0,0,0,0,0
function@get_mem1Dpel,0,0,0,0,0,1,0,0,0,0,1
function@get_mem2Dpel,2,5,0,6,1,8,15.9375,36.375,9.78125,0.25,30.4062
function@get_mem2DpelWithPad,6,6,0,10,1,10,33.375,35.375,12.2188,0.25,31.6562
function@get_mem3Dpel,3,6,0,8,2,12,16.9375,37.375,11.9688,0.5625,65.7812
function@get_mem3DpelWithPad,3,5,0,6,2,8,16.9375,29.4062,3.75,0.5625,48.3438
function@get_mem3DpelWithPadSeparately,0,0,0,0,0,3,0,0,0,0,22.2857
function@get_mem4Dpel,10,8,0,16,4,16,44.3438,53.8125,23.4375,1.125,88.6875
function@get_mem4DpelWithPad,15,7,0,14,4,15,76.5938,45.8438,15.7188,1.125,73.25
function@get_mem4DpelWithPadSeparately,4,5,0,8,2,10,36.4062,29.4062,4.125,0.5625,51
function@get_mem5Dpel,3,6,0,8,2,9,16.9375,37.375,11.9688,0.5625,63.2812
function@get_mem5DpelWithPad,3,6,0,8,2,9,16.9375,37.375,11.9688,0.5625,63.2812
function@get_mem5DpelWithPadSeparately,3,6,0,8,2,9,16.9375,37.375,11.9688,0.5625,63.2812
function@free_mem2Dpel,0,0,0,0,0,0,0,0,0,0,0
function@free_mem2DpelWithPad,0,0,0,0,0,3,0,0,0,0,1
function@free_mem3Dpel,0,0,0,0,0,0,0,0,0,0,0
function@free_mem3DpelWithPad,0,0,0,0,0,3,0,0,0,0,0.62963
function@free_mem3DpelWithPadSeparately,1,2,0,3,0,1,7.90476,17.619,1.38095,0,12.6667
function@free_mem4Dpel,0,0,0,0,0,0,0,0,0,0,0
function@free_mem4DpelWithPad,0,0,0,0,0,0,0,0,0,0,0
function@free_mem4DpelWithPadSeparately,1,2,0,3,0,1,4.88235,10.8824,0.852941,0,7.82353
function@free_mem5Dpel,0,0,0,0,0,0,0,0,0,0,0
function@free_mem5DpelWithPad,0,0,0,0,0,0,0,0,0,0,0
function@free_mem5DpelWithPadSeparately,0,0,0,0,0,0,0,0,0,0,0
function@new_mem2D,5,4,0,5,1,9,17.6875,26.4062,10.2188,0.25,24.4375
function@get_mem2D,2,2,0,4,1,8,8.46875,15.9375,9.21875,0.25,30.4062
function@new_mem2Dint,8,5,0,9,2,9,26.1562,36.125,26.7188,0.5,16.7188
function@get_mem2Dint,2,5,0,6,1,8,15.9375,36.375,9.78125,0.25,30.4062
function@get_mem2DintWithPad,6,6,0,10,1,12,33.375,35.375,12.2188,0.25,32.1562
function@get_mem2Dint64,2,5,0,6,1,8,15.9375,36.375,9.78125,0.25,30.4062
function@get_mem2Ddistblk,2,5,0,6,1,8,15.9375,36.375,9.78125,0.25,30.4062
function@get_mem3D,3,6,0,8,2,12,16.9375,37.375,11.9688,0.5625,65.7812
function@get_mem4D,10,8,0,16,4,16,44.3438,53.8125,23.4375,1.125,88.6875
function@get_mem3Dint,3,6,0,8,2,12,16.9375,37.375,11.9688,0.5625,65.7812
function@get_mem3Dint64,3,6,0,8,2,12,16.9375,37.375,11.9688,0.5625,65.7812
function@get_mem3Ddistblk,3,6,0,8,2,12,16.9375,37.375,11.9688,0.5625,65.7812
function@get_mem4Dint,10,8,0,16,4,16,44.3438,53.8125,23.4375,1.125,88.6875
function@get_mem4Dint64,10,8,0,16,4,16,44.3438,53.8125,23.4375,1.125,88.6875
function@get_mem4Ddistblk,10,8,0,16,4,16,44.3438,53.8125,23.4375,1.125,88.6875
function@get_mem5Dint,3,6,0,8,2,9,16.9375,37.375,11.9688,0.5625,63.2812
function@free_mem2D,0,0,0,0,0,0,0,0,0,0,0
function@free_mem2Dint,0,0,0,0,0,0,0,0,0,0,0
function@free_mem2DintWithPad,0,0,0,0,0,3,0,0,0,0,1
function@free_mem2Dint64,0,0,0,0,0,0,0,0,0,0,0
function@free_mem3D,0,0,0,0,0,0,0,0,0,0,0
function@free_mem4D,0,0,0,0,0,0,0,0,0,0,0
function@free_mem3Dint,0,0,0,0,0,0,0,0,0,0,0
function@free_mem3Dint64,0,0,0,0,0,0,0,0,0,0,0
function@free_mem3Ddistblk,0,0,0,0,0,0,0,0,0,0,0
function@free_mem2Ddistblk,0,0,0,0,0,0,0,0,0,0,0
function@free_mem4Dint,0,0,0,0,0,0,0,0,0,0,0
function@free_mem4Dint64,0,0,0,0,0,0,0,0,0,0,0
function@free_mem4Ddistblk,0,0,0,0,0,0,0,0,0,0,0
function@free_mem5Dint,0,0,0,0,0,0,0,0,0,0,0
function@new_mem2Duint16,8,5,0,9,2,9,26.1562,36.125,26.7188,0.5,16.7188
function@get_mem2Duint16,2,5,0,6,1,8,15.9375,36.375,9.78125,0.25,30.4062
function@get_mem3Duint16,3,6,0,8,2,12,16.9375,37.375,11.9688,0.5625,65.7812
function@get_mem4Duint16,10,8,0,16,4,16,44.3438,53.8125,23.4375,1.125,88.6875
function@get_mem2Dshort,2,5,0,6,1,8,15.9375,36.375,9.78125,0.25,30.4062
function@get_mem3Dshort,3,6,0,8,2,12,16.9375,37.375,11.9688,0.5625,65.7812
function@get_mem4Dshort,10,8,0,16,4,16,44.3438,53.8125,23.4375,1.125,88.6875
function@get_mem5Dshort,3,6,0,8,2,9,16.9375,37.375,11.9688,0.5625,63.2812
function@get_mem6Dshort,11,8,0,16,4,16,44.7188,53.8125,23.9375,1.125,88.6875
function@get_mem7Dshort,3,6,0,8,2,9,16.9375,37.375,11.9688,0.5625,63.2812
function@free_mem2Duint16,0,0,0,0,0,0,0,0,0,0,0
function@free_mem3Duint16,0,0,0,0,0,0,0,0,0,0,0
function@free_mem4Duint16,0,0,0,0,0,0,0,0,0,0,0
function@free_mem2Dshort,0,0,0,0,0,0,0,0,0,0,0
function@free_mem3Dshort,0,0,0,0,0,0,0,0,0,0,0
function@free_mem4Dshort,0,0,0,0,0,0,0,0,0,0,0
function@free_mem5Dshort,0,0,0,0,0,0,0,0,0,0,0
function@free_mem6Dshort,0,0,0,0,0,0,0,0,0,0,0
function@free_mem7Dshort,0,0,0,0,0,0,0,0,0,0,0
function@get_mem2Ddouble,2,5,0,6,1,8,15.9375,36.375,9.78125,0.25,30.4062
function@get_mem1Dodouble,0,0,0,0,0,2,0,0,0,0,2
function@get_mem2Dodouble,2,5,0,6,1,7,15.9375,36.375,9.78125,0.25,29.4062
function@get_mem3Dodouble,5,7,0,11,1,9,53.3438,836.312,23.75,0.25,441.844
function@get_offset_mem2Dshort,2,6,0,7,1,12,15.9375,56.3438,10.4062,0.25,90.9375
function@get_mem3Doint,5,7,0,11,1,9,53.3438,836.312,23.75,0.25,441.844
function@get_mem2Doint,2,5,0,6,1,7,15.9375,36.375,9.78125,0.25,29.4062
function@get_mem3Ddouble,5,2,0,5,0,15,46,1.625,3.5625,0,130.125
function@free_mem2Ddouble,0,0,0,0,0,0,0,0,0,0,0
function@free_mem1Dodouble,0,0,0,0,0,0,0,0,0,0,0
function@free_mem2Dodouble,0,0,0,0,0,1,0,0,0,0,0.617647
function@free_mem3Dodouble,7,2,0,7,0,5,352.853,331.265,13.1471,0,332.618
function@free_mem3Doint,7,2,0,7,0,5,352.853,331.265,13.1471,0,332.618
function@free_mem2Doint,0,0,0,0,0,1,0,0,0,0,0.617647
function@free_offset_mem2Dshort,0,0,0,0,0,1,0,0,0,0,0.617647
function@free_mem3Ddouble,0,0,0,0,0,0,0,0,0,0,0
function@get_mem2Dolm,2,3,0,4,0,10,8.21875,16.4375,1.5,0,22.4375
function@free_mem2Dolm,0,0,0,0,0,0,0,0,0,0,0
function@CheckAvailabilityOfNeighborsCABAC,0,0,0,0,0,0,0,0,0,0,0
function@cabac_new_slice,0,0,0,0,0,0,0,0,0,0,0
function@create_contexts_MotionInfo,0,0,0,0,0,2,0,0,0,0,2
function@create_contexts_TextureInfo,0,0,0,0,0,2,0,0,0,0,2
function@readFieldModeInfo_CABAC,0,0,0,0,0,1,0,0,0,0,0.666667
function@check_next_mb_and_get_field_mode_CABAC_p_slice,34,2,0,19,1,8,31.5,2,18.5,1,7.5
function@read_skip_flag_CABAC_p_slice,0,0,0,0,0,0,0,0,0,0,0
function@check_next_mb_and_get_field_mode_CABAC_b_slice,38,1,0,19,2,6,35.125,1,19,1,6
function@read_skip_flag_CABAC_b_slice,0,0,0,0,0,0,0,0,0,0,0
function@read_MVD_CABAC,24,2,0,10,0,14,6.79167,1.24414,7.36914,0,72.0547
function@readB8_typeInfo_CABAC_p_slice,0,0,0,0,0,0,0,0,0,0,0
function@readB8_typeInfo_CABAC_b_slice,0,0,0,0,0,6,0,0,0,0,1.24138
function@readMB_transform_size_flag_CABAC,0,0,0,0,0,0,0,0,0,0,0
function@readMB_typeInfo_CABAC_i_slice,2,0,0,1,0,7,0.541284,0,0.333333,0,1.3792
function@readMB_typeInfo_CABAC_p_slice,0,0,0,0,0,3,0,0,0,0,0.577982
function@readMB_typeInfo_CABAC_b_slice,5,0,0,2,0,11,0.685115,0,1.02004,0,2.00954
function@readIntraPredMode_CABAC,0,0,0,0,0,0,0,0,0,0,0
function@readRefFrame_CABAC,12,0,0,4,0,4,3.56211,0,3.625,0,1.01562
function@read_dQuant_CABAC,0,0,0,0,0,2,0,0,0,0,0.6
function@read_CBP_CABAC,8,2,0,6,0,6,5.54167,2,6,0,4.625
function@readCIPredMode_CABAC,0,0,0,0,0,3,0,0,0,0,0.970588
function@set_read_and_store_CBP,0,0,0,0,0,0,0,0,0,0,0
function@read_and_store_CBP_block_bit_444,44,11,0,15,11,20,10.5137,4.99609,10.275,4.475,7.41211
function@read_and_store_CBP_block_bit_normal,32,3,0,21,0,39,2.85625,0.15625,3.33125,0,3.4125
function@readRunLevel_CABAC,19,1,0,10,6,23,28.281,0.917355,9.93802,7.73967,198.483
function@readSyntaxElement_CABAC,0,0,0,0,0,1,0,0,0,0,1
function@cabac_startcode_follows,0,0,0,0,0,1,0,0,0,0,0.619048
function@readIPCM_CABAC,73,29,0,45,1,37,2031.93,997.928,603.921,0.0915527,943.543
function@ue_v,0,0,0,0,0,0,0,0,0,0,0
function@linfo_ue,0,0,0,0,0,0,0,0,0,0,0
function@readSyntaxElement_VLC,6,0,0,4,0,3,15.8319,0,15.5575,0,1.74336
function@se_v,0,0,0,0,0,0,0,0,0,0,0
function@linfo_se,0,0,0,0,0,2,0,0,0,0,2
function@u_v,1,0,0,1,0,8,0.156863,0,0.156863,0,11.4118
function@readSyntaxElement_FLC,1,1,0,1,0,9,0.313726,0.313726,0.313726,0,11.5686
function@i_v,1,0,0,1,0,6,0.156863,0,0.156863,0,11.098
function@u_1,0,0,0,0,0,1,0,0,0,0,0.5
function@linfo_cbp_intra_normal,0,0,0,0,0,0,0,0,0,0,0
function@linfo_cbp_intra_other,0,0,0,0,0,0,0,0,0,0,0
function@linfo_cbp_inter_normal,0,0,0,0,0,0,0,0,0,0,0
function@linfo_cbp_inter_other,0,0,0,0,0,0,0,0,0,0,0
function@linfo_levrun_inter,0,0,0,0,0,7,0,0,0,0,3.5
function@linfo_levrun_c2x2,0,0,0,0,0,7,0,0,0,0,3.5
function@GetVLCSymbol,6,0,0,5,0,6,15.4941,0,15.8588,0,2.76471
function@readSyntaxElement_UVLC,0,0,0,0,0,0,0,0,0,0,0
function@readSyntaxElement_Intra4x4PredictionMode,0,0,0,0,0,2,0,0,0,0,1.19048
function@GetVLCSymbol_IntraMode,0,0,0,0,0,1,0,0,0,0,1
function@more_rbsp_data,0,0,0,0,0,2,0,0,0,0,1.5
function@uvlc_startcode_follows,0,0,0,0,0,2,0,0,0,0,1.4902
function@GetBits,0,0,0,0,0,5,0,0,0,0,11.4706
function@readSyntaxElement_NumCoeffTrailingOnes,13,1,0,13,0,26,3.25,0.25,3.25,0,19
function@ShowBits,0,0,0,0,0,4,0,0,0,0,10.4706
function@readSyntaxElement_NumCoeffTrailingOnesChromaDC,0,0,0,0,0,19,0,0,0,0,33.9999
function@readSyntaxElement_Level_VLC0,9,1,0,13,0,35,2.63137,1,3.87451,0,39.5451
function@readSyntaxElement_Level_VLCN,15,11,0,13,0,28,11.5984,10.9764,4.52756,0,36.685
function@readSyntaxElement_TotalZeros,16,0,0,1,0,16,1.99638,0,1,0,2.99275
function@readSyntaxElement_TotalZerosChromaDC,16,0,0,1,0,49,1.99638,0,1,0,8.98188
function@readSyntaxElement_Run,16,0,0,1,0,16,1.99638,0,1,0,2.99275
function@process_image,0,0,0,0,0,33,0,0,0,0,45.5686
function@MuxImages,117,38,0,85,0,63,5143.19,1836.09,1747.56,0,3216.47
function@FilterImageSep,114,29,0,80,1,67,5700.62,1970.83,2102.72,0.390805,4019.29
function@intrapred_16x16_normal,17,14,0,29,3,10,9.27473,33.6143,5.41429,0.307147,20.2
function@AllocPPS,0,0,0,0,0,2,0,0,0,0,2
function@AllocSPS,0,0,0,0,0,2,0,0,0,0,2
function@FreePPS,0,0,0,0,0,0,0,0,0,0,0
function@sps_is_equal,0,5,0,4,0,5,0,0.826896,0.55794,0,0.473534
function@pps_is_equal,6,15,0,17,0,31,0.421798,1.7485,1.45668,0,3.3248
function@CeilLog2,0,0,0,0,0,2,0,0,0,0,20.9048
function@CeilLog2_sf,0,0,0,0,0,2,0,0,0,0,20.9048
function@FirstPartOfSliceHeader,0,0,0,0,0,0,0,0,0,0,0
function@RestOfSliceHeader,37,16,0,21,0,28,74.1409,27.2115,9.32158,0,75.5991
function@dec_ref_pic_marking,0,0,0,0,0,4,0,0,0,0,173.059
function@decode_poc,13,10,0,16,2,36,3.375,5.60179,3.51607,0.135714,8.35357
function@dumppoc,0,0,0,0,0,0,0,0,0,0,0
function@picture_order,0,0,0,0,0,0,0,0,0,0,0
function@ercConcealIntraFrame,0,0,0,0,0,7,0,0,0,0,2.44444
function@concealBlocks,98,38,0,47,7,49,66380.6,29622.9,26596,2486.94,45109.1
function@ercCollect8PredBlocks,16,6,0,8,12,7,7.96188,2.12023,8,5.34604,5.99707
function@ercPixConcealIMB,165,57,0,81,17,104,4635.01,977.643,451.451,18.7573,1172.69
function@ercCollectColumnBlocks,0,0,0,0,0,0,0,0,0,0,0
function@write_picture,66,53,0,52,7,50,16.6278,42.1816,12.4506,0.580078,66.4563
function@img2buf_endian,24,3,0,21,0,24,228.125,191.992,13.6328,0,211.438
function@img2buf_normal,21,15,0,19,1,51,254.094,646.094,29.6706,0.152941,537.588
function@init_out_buffer,0,0,0,0,0,0,0,0,0,0,0
function@uninit_out_buffer,0,0,0,0,0,0,0,0,0,0,0
function@clear_picture,29,21,0,23,0,25,200.269,910.039,78.5385,0,1528.5
function@write_unpaired_field,71,40,0,48,0,56,218.4,982.8,85.7,0,1651.75
function@flush_direct_output,0,0,0,0,0,0,0,0,0,0,0
function@write_stored_frame,0,0,0,0,0,0,0,0,0,0,0
function@direct_output,0,0,0,0,0,0,0,0,0,0,0
function@allocate_pred_mem,0,0,0,0,0,4,0,0,0,0,4
function@free_pred_mem,0,0,0,0,0,0,0,0,0,0,0
function@get_block_luma,59,14,0,54,12,38,160.118,3.82595,8.84046,1.09618,15.1489
function@get_luma_01,79,16,0,82,10,18,3030.63,98.2086,207.19,62.8221,150.123
function@get_luma_02,65,5,0,70,2,20,2540.99,29.3333,186.457,12.5432,183.753
function@get_luma_03,86,18,0,84,7,18,2939.68,110.773,235.46,43.9755,162.393
function@get_luma_21,54,2,0,52,2,13,3357.28,250,252.719,10,595.75
function@get_luma_22,45,2,0,44,2,14,2633.56,250,216.406,10,511.719
function@get_luma_23,54,2,0,52,2,13,3357.28,250,252.719,10,595.75
function@get_luma_12,43,3,0,42,1,19,2683.98,135.51,248.059,2.4902,950.961
function@get_luma_32,43,3,0,42,1,19,2683.98,135.51,248.059,2.4902,950.961
function@get_luma_11,77,16,0,78,12,29,2542.7,45.6459,163.22,32.134,603.512
function@get_luma_13,78,15,0,80,12,30,2561.52,39.378,182.029,32.134,616.053
function@get_luma_31,77,16,0,78,12,29,2542.7,45.6459,163.22,32.134,603.512
function@get_luma_33,78,15,0,80,12,30,2561.52,39.378,182.029,32.134,616.053
function@intra_cr_decoding,53,7,0,14,0,19,8906.88,697.125,833,0,6989.75
function@prepare_direct_params,4,2,0,9,1,18,0.390625,2,2.24414,0.390625,1.95557
function@perform_mc,487,344,0,348,20,175,1742.99,1517.68,158.305,2.33931,947.41
function@get_block_chroma,184,68,0,122,5,89,523.094,439.048,45.3602,1.20699,316.543
function@intrapred8x8,0,0,0,0,0,2,0,0,0,0,2
function@intrapred_chroma_ver_mbaff,9,7,0,7,0,4,29.6381,19.8883,2.37573,0,14.6545
function@intrapred_chroma,410,181,0,213,18,119,564.394,198.556,110.228,4.42911,262.544
function@intrapred_chroma_mbaff,271,91,0,186,19,156,2507.51,426.325,656.17,4.94023,1136.1
function@intra_chroma_DC_all_mbaff,0,3,0,3,0,2,0,1.85294,1.85294,0,1.23529
function@set_loop_filter_functions_mbaff,0,0,0,0,0,0,0,0,0,0,0
function@GetStrengthVerMBAff,95,23,0,48,4,73,56.1139,32.6997,39.897,0.036644,33.7742
function@GetStrengthHorMBAff,26,9,0,13,3,22,7.25903,9.59393,4.20605,0.174438,11.707
function@EdgeLoopLumaVerMBAff,67,22,0,33,4,28,71.4844,78.9258,79.8223,1.54687,47.8594
function@EdgeLoopLumaHorMBAff,56,18,0,33,5,21,41.4473,25.3232,60.4449,2.26215,29.4377
function@EdgeLoopChromaVerMBAff,19,6,0,16,0,13,107.216,45.1221,90.5566,0,77.2574
function@EdgeLoopChromaHorMBAff,21,10,0,18,2,13,24.7647,17.9989,42.6233,1.0647,32.4478
function@get_non_aff_neighbor_luma,0,0,0,0,0,0,0,0,0,0,0
function@get_non_aff_neighbor_chroma,0,0,0,0,0,0,0,0,0,0,0
function@init_qp_process,9,2,0,5,0,23,23.7937,6.33333,17.4444,0,31.619
function@free_qp_matrices,0,0,0,0,0,0,0,0,0,0,0
function@assign_quant_params,0,7,0,4,1,2,0,46.7679,1.71429,0.392857,40.6071
function@CalculateQuant4x4Param,29,46,0,22,0,1,924.375,1466.25,516,0,31.875
function@CalculateQuant8x8Param,11,0,0,11,0,23,6,0,6,0,16.5
function@set_dequant8x8,0,0,0,0,0,0,0,0,0,0,0
function@OpenRTPFile,0,0,0,0,0,0,0,0,0,0,0
function@CloseRTPFile,0,0,0,0,0,0,0,0,0,0,0
function@GetRTPNALU,0,0,0,0,0,4,0,0,0,0,3.32
function@RTPReadPacket,0,1,0,1,0,2,0,4.76837e-07,1,0,2
function@DumpRTPHeader,0,0,0,0,0,0,0,0,0,0,0
function@getDpbSize,0,0,0,0,0,1,0,0,0,0,0.608856
function@check_num_ref,0,0,0,0,0,0,0,0,0,0,0
function@init_dpb,0,0,0,0,0,5,0,0,0,0,41.7059
function@free_dpb,1,0,0,1,0,1,0.375,0,0.375,0,12.7812
function@GetMaxDecFrameBuffering,0,0,0,0,0,5,0,0,0,0,18.375
function@alloc_frame_store,0,0,0,0,0,2,0,0,0,0,2
function@alloc_storable_picture,5,4,0,5,0,12,5,2.47619,4,0,9.71428
function@re_init_dpb,2,0,0,1,0,5,8.61905,0,0.5,0,9.85714
function@free_frame_store,0,0,0,0,0,0,0,0,0,0,0
function@free_storable_picture,0,0,0,0,0,0,0,0,0,0,0
function@alloc_pic_motion,0,0,0,0,0,1,0,0,0,0,1
function@free_pic_motion,0,0,0,0,0,0,0,0,0,0,0
function@is_short_ref,0,0,0,0,0,0,0,0,0,0,0
function@is_long_ref,0,0,0,0,0,0,0,0,0,0,0
function@gen_pic_list_from_frame_list,0,4,0,1,0,12,0,179.538,1,0,207.128
function@update_pic_num,11,4,0,8,4,7,42.4531,25.0122,4.81633,1.37959,37.2898
function@init_lists_i_slice,0,0,0,0,0,0,0,0,0,0,0
function@init_lists_p_slice,47,20,0,28,0,54,571.755,20.682,12.1498,0,95.3272
function@compare_pic_by_pic_num_desc,0,0,0,0,0,0,0,0,0,0,0
function@compare_pic_by_lt_pic_num_asc,0,0,0,0,0,0,0,0,0,0,0
function@compare_fs_by_frame_num_desc,0,0,0,0,0,0,0,0,0,0,0
function@compare_fs_by_lt_pic_idx_asc,0,0,0,0,0,0,0,0,0,0,0
function@append_interview_list,4,2,0,3,0,13,24.7679,22.125,2.33929,0,43.1607
function@init_lists_b_slice,112,41,0,60,1,116,868.691,24.8165,23.7859,0.33945,198.076
function@compare_pic_by_poc_desc,0,0,0,0,0,0,0,0,0,0,0
function@compare_pic_by_poc_asc,0,0,0,0,0,0,0,0,0,0,0
function@compare_fs_by_poc_desc,0,0,0,0,0,0,0,0,0,0,0
function@compare_fs_by_poc_asc,0,0,0,0,0,0,0,0,0,0,0
function@init_lists,151,64,0,90,1,178,413.285,13.4573,11.5495,0.0677656,109.869
function@init_mbaff_lists,0,0,0,0,0,5,0,0,0,0,119.083
function@get_short_term_pic,3,0,0,2,0,2,3.17647,0,1.38235,0,15.4118
function@get_long_term_pic,1,0,0,1,0,4,2.47727,0,0.386364,0,18.5455
function@reorder_ref_pic_list,10,3,0,8,0,3,43.5,24,6.5,0,16
function@update_ref_list,2,2,0,5,1,9,10.6429,20.8095,2.80952,0.5,58.381
function@update_ltref_list,2,2,0,5,1,9,10.6429,20.8095,2.80952,0.5,58.381
function@mm_update_max_long_term_frame_idx,4,2,0,5,0,1,13.0833,22.8333,5.5,0,21.25
function@store_picture_in_dpb,134,26,0,100,20,190,167.569,64.8085,52.1951,10.5837,532.304
function@insert_picture_in_dpb,1,0,0,1,0,10,0.312883,0,1,0,14.5399
function@remove_unused_frame_from_dpb,2,0,0,2,0,3,1.20896,0,1.01493,0,17.5771
function@output_one_frame_from_dpb,5,2,0,6,2,12,9.76325,1.35336,7.45583,0.946996,50.7809
function@flush_dpb,0,0,0,0,0,6,0,0,0,0,115.853
function@unmark_for_reference,0,0,0,0,0,1,0,0,0,0,1
function@unmark_long_term_field_for_reference_by_frame_idx,6,0,0,3,1,4,1.52653,0,2,0.62449,16.4245
function@dpb_split_field,93,4,0,29,3,43,2015.22,203.235,542.427,1.35294,959.721
function@dpb_combine_field,23,0,0,9,1,6,3878.56,0,1327.44,0.5,815.625
function@remove_frame_from_dpb,7,1,0,6,1,9,23.2857,0.5,3.30952,0.5,39.5714
function@dpb_combine_field_yuv,0,0,0,0,0,13,0,0,0,0,214.214
function@alloc_ref_pic_list_reordering_buffer,0,0,0,0,0,2,0,0,0,0,0.828125
function@free_ref_pic_list_reordering_buffer,0,0,0,0,0,0,0,0,0,0,0
function@fill_frame_num_gap,3,1,0,3,0,4,17.9375,15.9375,3,0,48.8125
function@compute_colocated,8,0,0,6,0,9,560.735,0,22,0,669.853
function@mb_is_available,0,0,0,0,0,0,0,0,0,0,0
function@CheckAvailabilityOfNeighbors,21,6,0,8,0,20,4.39711,1.4657,4.3213,0,5.8231
function@get_mb_block_pos_normal,0,0,0,0,0,0,0,0,0,0,0
function@get_mb_block_pos_mbaff,0,0,0,0,0,1,0,0,0,0,1
function@get_mb_pos,0,0,0,0,0,0,0,0,0,0,0
function@getNonAffNeighbour,0,1,0,1,0,9,0,0.777778,0.777778,0,1.44444
function@getAffNeighbour,20,3,0,9,0,12,0.328997,0.0675966,1.14297,0,0.284335
function@get4x4Neighbour,0,0,0,0,0,0,0,0,0,0,0
function@get4x4NeighbourBase,0,0,0,0,0,0,0,0,0,0,0
function@main,111,5,0,56,19,51,267.393,2.91373,522.075,6.06892,572.2
function@get_version,1,2,0,2,0,7,0.499999,0.499999,0.999999,0,4.5
function@spec_strdup,0,0,0,0,0,4,0,0,0,0,4
function@printUsage,0,0,0,0,0,0,0,0,0,0,0
function@load_image_file,0,0,0,0,0,7,0,0,0,0,6.99999
function@init_targa,2,2,0,2,0,3,1.62498,19.9994,1.625,0,21.9993
function@dump_tga,13,0,0,3,1,4,633.5,0,33.5,0.624999,441
function@dump_header,0,0,0,0,0,1,0,0,0,0,0.5
function@computeSSIM,132,37,0,72,9,64,1.86235e+06,629106,119390,621.637,1.04767e+06
function@mean,0,0,0,0,0,9,0,0,0,0,84.76
function@variance,0,0,0,0,0,5,0,0,0,0,43.96
function@covariance,0,0,0,0,0,4,0,0,0,0,11.44
function@read_yuv_file,49,28,0,32,1,87,1076.21,321.751,128.661,0.3906,4609.46
function@read_tga_file,12,0,0,4,0,17,927.636,0,60.9981,0,872.89
