Comando: /home/mpvreal/Code/Faculdade/tcc/llvm/build/bin/llc -march=x86 --regalloc=basic -o -
Heurística: div(cost,mul(area,pow(degree,2)))
~&SPILL_STATS,58, 83, 0, 69, 67, 50, 0.144757, 0.484551, 1.2858, 3.79632, 29.6005
~&SPILL_STATS,0, 0, 0, 0, 0, 0, 0, 0, 0, 0, 0
~&SPILL_STATS,0, 17, 0, 2, 1, 1, 0, 11.625, 1.8125, 0.1875, 1
~&SPILL_STATS,56, 45, 0, 27, 25, 20, 658.393, 663.962, 228.481, 279.691, 281.626
~&SPILL_STATS,16, 2, 0, 4, 1, 9, 24.7643, 1.90014, 1.9628, 0.44826, 16.4694
~&SPILL_STATS,4, 6, 0, 2, 11, 7, 84, 228, 8, 102.5, 249
~&SPILL_STATS,5, 7, 0, 7, 0, 2, 0.973684, 1.42105, 1.65461, 0, 0.296053
~&SPILL_STATS,170, 49, 0, 27, 29, 57, 52.0487, 139.297, 2.71073, 7.67755, 133.493
~&SPILL_STATS,0, 0, 0, 0, 0, 5, 0, 0, 0, 0, 5
~&SPILL_STATS,326, 132, 0, 158, 54, 80, 24507.3, 17188.8, 8379.14, 3217.25, 12372
~&SPILL_STATS,70, 30, 0, 27, 4, 11, 58.7679, 54.2818, 9.65356, 10.6882, 32.8622
~&SPILL_STATS,0, 1, 0, 2, 0, 0, 0, 0.154412, 0.147059, 0, 0
~&SPILL_STATS,0, 0, 0, 0, 0, 2, 0, 0, 0, 0, 20.45
~&SPILL_STATS,40, 9, 0, 18, 6, 6, 25.4057, 4.76171, 14.6119, 2.625, 27.7928
~&SPILL_STATS,200, 52, 0, 67, 3, 13, 206.825, 49.4372, 59.5405, 1.1875, 7.56319
~&SPILL_STATS,47, 21, 0, 29, 1, 12, 10.8966, 5.42548, 4.74359, 0.15625, 3.89423
~&SPILL_STATS,21, 8, 0, 14, 0, 10, 137.214, 53.8571, 71.1191, 0, 36.381
~&SPILL_STATS,0, 0, 0, 0, 0, 0, 0, 0, 0, 0, 0
~&SPILL_STATS,0, 0, 0, 0, 0, 0, 0, 0, 0, 0, 0
~&SPILL_STATS,0, 0, 0, 0, 0, 2, 0, 0, 0, 0, 7.26471
~&SPILL_STATS,0, 0, 0, 0, 0, 0, 0, 0, 0, 0, 0
~&SPILL_STATS,53, 10, 0, 15, 4, 11, 22.3604, 1.30379, 6.12069, 0.725708, 14.1392
~&SPILL_STATS,4, 5, 0, 2, 0, 0, 3, 4.5, 2, 0, 0
~&SPILL_STATS,2, 5, 0, 1, 1, 8, 0.925, 9.025, 1, 0.2, 70.55
~&SPILL_STATS,51, 19, 0, 23, 12, 25, 785.645, 411.489, 155.504, 55.306, 333.116
~&SPILL_STATS,53, 21, 0, 22, 13, 9, 881.655, 448.882, 172.926, 38.1103, 334.301
~&SPILL_STATS,0, 0, 0, 0, 0, 0, 0, 0, 0, 0, 0
~&SPILL_STATS,0, 0, 0, 0, 0, 7, 0, 0, 0, 0, 2.625
~&SPILL_STATS,0, 0, 0, 0, 0, 7, 0, 0, 0, 0, 4.73438
~&SPILL_STATS,45, 28, 0, 15, 14, 29, 366.6, 241.913, 78.6387, 85.3994, 289.739
~&SPILL_STATS,15, 5, 0, 7, 10, 7, 342.314, 8.58824, 14.4902, 8.41177, 250.863
~&SPILL_STATS,0, 0, 0, 0, 0, 0, 0, 0, 0, 0, 0
~&SPILL_STATS,0, 0, 0, 0, 0, 0, 0, 0, 0, 0, 0
~&SPILL_STATS,0, 0, 0, 0, 0, 1, 0, 0, 0, 0, 1
~&SPILL_STATS,0, 0, 0, 0, 0, 0, 0, 0, 0, 0, 0
~&SPILL_STATS,31, 75, 0, 16, 22, 40, 16.5723, 25.8803, 4.8727, 6.81239, 22.1795
~&SPILL_STATS,9, 13, 0, 16, 5, 6, 6.08565, 17.2079, 6.45568, 5.25225, 34.5866
~&SPILL_STATS,18, 17, 0, 11, 6, 33, 47.9375, 47.9375, 8, 4.5, 94.875
~&SPILL_STATS,18, 39, 0, 13, 14, 23, 5.17969, 10.1942, 7.50806, 4.70972, 4.54533
~&SPILL_STATS,1, 2, 0, 1, 0, 4, 0.140625, 0.46875, 0.375, 0, 1.625
~&SPILL_STATS,1, 5, 0, 2, 2, 11, 0.390465, 15.4677, 1.01509, 0.585395, 53.6488
~&SPILL_STATS,0, 0, 0, 0, 0, 0, 0, 0, 0, 0, 0
~&SPILL_STATS,0, 0, 0, 0, 0, 0, 0, 0, 0, 0, 0
~&SPILL_STATS,0, 0, 0, 0, 0, 0, 0, 0, 0, 0, 0
~&SPILL_STATS,0, 0, 0, 0, 0, 1, 0, 0, 0, 0, 2.81443
~&SPILL_STATS,1110, 604, 0, 492, 184, 73, 2298.47, 1580.79, 656.261, 338.611, 413.608
~&SPILL_STATS,289, 125, 0, 82, 27, 10, 248.096, 136.189, 79.5845, 28.3784, 16.5018
~&SPILL_STATS,0, 0, 0, 0, 0, 0, 0, 0, 0, 0, 0
~&SPILL_STATS,0, 0, 0, 0, 0, 4, 0, 0, 0, 0, 4
~&SPILL_STATS,0, 0, 0, 0, 0, 0, 0, 0, 0, 0, 0
~&SPILL_STATS,149, 92, 0, 53, 44, 20, 1103.95, 579.136, 388.727, 204.479, 130.074
~&SPILL_STATS,0, 0, 0, 0, 0, 1, 0, 0, 0, 0, 1
~&SPILL_STATS,173, 168, 0, 120, 37, 26, 50.422, 55.9773, 35.9379, 17.1317, 12.4529
~&SPILL_STATS,1, 0, 0, 0, 2, 2, 1, 0, 0, 0.999203, 2
~&SPILL_STATS,1179, 106, 0, 185, 209, 237, 533.244, 62.6702, 71.551, 86.1177, 124.096
~&SPILL_STATS,112, 0, 0, 81, 30, 8, 27.6706, 0, 20.0118, 2.82353, 64.1882
~&SPILL_STATS,280, 24, 0, 39, 33, 65, 177.071, 20.0893, 24.0357, 17.7857, 47.0714
~&SPILL_STATS,92, 20, 0, 11, 10, 8, 109.588, 22.2353, 13.6618, 8.91177, 18.9559
~&SPILL_STATS,2, 3, 0, 2, 1, 15, 2, 3, 2, 1, 12
~&SPILL_STATS,4, 0, 0, 1, 0, 4, 3.64, 0, 1, 0, 2.28
~&SPILL_STATS,0, 0, 0, 0, 0, 13, 0, 0, 0, 0, 9.25
~&SPILL_STATS,49, 13, 0, 23, 18, 9, 114.259, 33.2716, 53.1235, 25.8642, 36.3457
~&SPILL_STATS,9, 2, 0, 6, 4, 17, 6.52, 0.64, 4.24, 1.92, 11.84
~&SPILL_STATS,6, 0, 0, 2, 0, 10, 5.12, 0, 2, 0, 6.28
~&SPILL_STATS,10, 0, 0, 4, 4, 8, 24.6875, 0, 11.7188, 11.3438, 42.5312
~&SPILL_STATS,6, 5, 0, 4, 12, 5, 5, 3.3125, 4, 4.10938, 2.59375
~&SPILL_STATS,10, 11, 0, 8, 15, 28, 0.403667, 0.336066, 0.286554, 0.304262, 4.01481
~&SPILL_STATS,9, 4, 0, 5, 0, 20, 0.172233, 0.116961, 0.119877, 0, 2.34899
~&SPILL_STATS,0, 2, 0, 2, 0, 3, 0, 0.537109, 0.78125, 0, 13.5
~&SPILL_STATS,0, 0, 0, 0, 0, 1, 0, 0, 0, 0, 1
~&SPILL_STATS,3, 2, 0, 3, 0, 6, 1.35294, 1.74118, 1.98824, 0, 2.74118
~&SPILL_STATS,0, 0, 0, 0, 0, 0, 0, 0, 0, 0, 0
~&SPILL_STATS,3, 0, 0, 1, 0, 11, 2.47573, 0, 1, 0, 5.66019
~&SPILL_STATS,0, 0, 0, 0, 0, 1, 0, 0, 0, 0, 1
~&SPILL_STATS,0, 0, 0, 0, 0, 4, 0, 0, 0, 0, 3.5
~&SPILL_STATS,67, 19, 0, 17, 28, 20, 419.952, 128.524, 103.143, 129.81, 217.619
~&SPILL_STATS,0, 0, 0, 0, 0, 1, 0, 0, 0, 0, 0.5
~&SPILL_STATS,0, 0, 0, 0, 0, 0, 0, 0, 0, 0, 0
~&SPILL_STATS,479, 98, 0, 36, 70, 51, 477.923, 101.28, 6.4908, 21.3867, 67.4763
~&SPILL_STATS,479, 23, 0, 32, 13, 53, 521.262, 8.91698, 8.082, 10.5164, 363.416
~&SPILL_STATS,0, 0, 0, 0, 0, 5, 0, 0, 0, 0, 17.1905
~&SPILL_STATS,216, 14, 0, 14, 8, 36, 4541.55, 93.675, 82.15, 55.125, 2940
~&SPILL_STATS,1184, 185, 0, 134, 160, 163, 6103.96, 1321.78, 945.639, 1201.17, 1105.04
~&SPILL_STATS,22, 5, 0, 4, 5, 5, 25.5647, 26.8059, 2.04706, 1.84706, 51.1882
~&SPILL_STATS,83, 33, 0, 14, 16, 11, 188.559, 51.2843, 29.9608, 8.87255, 18.3333
~&SPILL_STATS,318, 159, 0, 256, 87, 31, 115997, 48216.9, 59765.3, 24633.5, 14848.5
~&SPILL_STATS,0, 2, 0, 1, 1, 5, 0, 10.7742, 0.483871, 0.483871, 35.9677
~&SPILL_STATS,330, 48, 0, 61, 57, 106, 95.672, 33.5128, 36.1681, 21.3891, 58.5267
~&SPILL_STATS,2, 0, 0, 1, 0, 3, 2, 0, 1, 0, 3
~&SPILL_STATS,0, 3, 0, 2, 1, 3, 0, 2, 1.5, 0.5, 2
~&SPILL_STATS,7, 7, 0, 4, 6, 6, 7, 7, 4, 6, 4
~&SPILL_STATS,97, 23, 0, 18, 10, 21, 302.625, 121.75, 49, 55.5, 51.25
~&SPILL_STATS,36, 11, 0, 7, 6, 12, 16.8504, 6.33858, 4.73228, 3.73228, 6.90551
~&SPILL_STATS,0, 0, 0, 0, 0, 0, 0, 0, 0, 0, 0
~&SPILL_STATS,23, 79, 0, 51, 65, 85, 11.2774, 41.1582, 22.4337, 31.8731, 59.923
~&SPILL_STATS,0, 2, 0, 1, 2, 2, 0, 21.2857, 1, 20.9048, 2
~&SPILL_STATS,2, 1, 0, 2, 1, 5, 2, 1, 2, 1, 5
~&SPILL_STATS,17, 23, 0, 10, 9, 11, 167.594, 575.702, 70.1946, 79.0681, 50.3054
~&SPILL_STATS,0, 0, 0, 0, 0, 3, 0, 0, 0, 0, 2.24706
~&SPILL_STATS,0, 15, 0, 2, 1, 2, 0, 10.1373, 2, 0.607843, 6
~&SPILL_STATS,40, 45, 0, 40, 39, 37, 8.38509, 6.36285, 8.82454, 6.74683, 14.6719
~&SPILL_STATS,347, 44, 0, 34, 42, 13, 54.6872, 7.20785, 16.9049, 6.5433, 9.43945
~&SPILL_STATS,14, 11, 0, 13, 13, 9, 1.25824, 2.8956, 3.05495, 3.8956, 2.45055
~&SPILL_STATS,878, 81, 0, 82, 108, 132, 364.113, 59.3011, 36.1269, 35.5589, 82.9871
~&SPILL_STATS,5, 4, 0, 3, 1, 4, 3.64, 12.4, 12.2, 10.2, 12.52
~&SPILL_STATS,18, 9, 0, 10, 9, 19, 3.6, 1.8, 2.8, 1.8, 4.6
~&SPILL_STATS,57, 12, 0, 12, 16, 4, 34.5686, 12.3824, 13.3039, 8.80392, 6.15686
~&SPILL_STATS,73, 13, 0, 13, 6, 8, 313.318, 91.2222, 60.4921, 42.1905, 22.4762
~&SPILL_STATS,2, 2, 0, 1, 0, 1, 2, 2, 1, 0, 1
~&SPILL_STATS,0, 9, 0, 18, 9, 4, 0, 1.8, 1.8, 0.9, 2.4
~&SPILL_STATS,40, 16, 0, 12, 11, 6, 78.3125, 59.125, 22.5, 25.875, 37
~&SPILL_STATS,13, 2, 0, 5, 5, 11, 115, 31.9375, 31.5, 33.25, 57.875
~&SPILL_STATS,26, 8, 0, 11, 18, 19, 4325.88, 10319, 56.75, 1177, 20765.6
~&SPILL_STATS,1, 0, 0, 1, 0, 1, 0.5, 0, 0.5, 0, 1
~&SPILL_STATS,211, 43, 0, 54, 54, 40, 13658.6, 9185.97, 1438.03, 4058.9, 10881.6
~&SPILL_STATS,2, 2, 0, 4, 1, 2, 2, 2, 4, 1, 2
~&SPILL_STATS,0, 1, 0, 1, 0, 3, 0, 1, 1, 0, 3
~&SPILL_STATS,21, 4, 0, 3, 9, 32, 10.4732, 8.20285, 0.725901, 1.7083, 40.026
~&SPILL_STATS,0, 0, 0, 0, 0, 2, 0, 0, 0, 0, 63.75
~&SPILL_STATS,15, 10, 0, 12, 5, 1, 6.86, 17.02, 3.2, 1.44, 9.92
~&SPILL_STATS,330, 229, 0, 227, 90, 106, 313.594, 310.461, 75.5833, 26.5592, 182.974
~&SPILL_STATS,199, 44, 0, 29, 20, 22, 2065.44, 1444.28, 97.3828, 111.246, 502.847
~&SPILL_STATS,0, 0, 0, 0, 0, 13, 0, 0, 0, 0, 7.25
~&SPILL_STATS,283, 60, 0, 87, 68, 42, 15805, 5366.9, 5350.34, 2763.83, 2513.59
~&SPILL_STATS,0, 0, 0, 0, 0, 2, 0, 0, 0, 0, 2
~&SPILL_STATS,62, 20, 0, 18, 7, 8, 16099.8, 17234.8, 291.182, 98.1343, 5671.49
~&SPILL_STATS,30, 10, 0, 13, 10, 4, 740.562, 226.562, 166.688, 164.688, 65.875
~&SPILL_STATS,0, 0, 0, 0, 0, 5, 0, 0, 0, 0, 4.4
~&SPILL_STATS,41, 21, 0, 15, 1, 4, 656.842, 341.895, 228.358, 21.2211, 45.1158
~&SPILL_STATS,39, 26, 0, 12, 1, 5, 592.168, 436.211, 196.021, 21.2211, 66.3368
~&SPILL_STATS,12, 0, 0, 1, 0, 5, 31.8125, 0, 1, 0, 14
~&SPILL_STATS,0, 0, 0, 0, 0, 7, 0, 0, 0, 0, 3.03846
~&SPILL_STATS,0, 0, 0, 0, 0, 46, 0, 0, 0, 0, 6.27557
~&SPILL_STATS,0, 0, 0, 0, 0, 23, 0, 0, 0, 0, 7.4375
~&SPILL_STATS,56, 33, 0, 26, 10, 12, 6826.73, 11040.7, 300.879, 1419, 2754
~&SPILL_STATS,69, 26, 0, 35, 9, 6, 2208, 832, 996, 195, 130
~&SPILL_STATS,135, 23, 0, 24, 4, 6, 1473.9, 268.19, 205.365, 48.7619, 82.2699
~&SPILL_STATS,139, 24, 0, 12, 4, 14, 1748.1, 284.444, 164.54, 47.7619, 121.675
~&SPILL_STATS,0, 0, 0, 0, 0, 2, 0, 0, 0, 0, 2
~&SPILL_STATS,20, 12, 0, 17, 11, 21, 10.9746, 3.55469, 7.64868, 5.74414, 13.3364
~&SPILL_STATS,36, 56, 0, 17, 8, 5, 14, 20.25, 9.95833, 4.70833, 5
~&SPILL_STATS,9, 1, 0, 4, 0, 5, 2.97059, 0.5, 2.11765, 0, 3.11765
~&SPILL_STATS,10, 8, 0, 7, 10, 3, 350.286, 664.786, 4.2381, 348.286, 3
~&SPILL_STATS,102, 47, 0, 41, 43, 13, 16995.2, 16503.4, 761.798, 10103, 3317.3
~&SPILL_STATS,43, 7, 0, 17, 4, 9, 33.3684, 3.27637, 10.7207, 1.66797, 424.767
~&SPILL_STATS,173, 67, 0, 46, 28, 27, 165.367, 109.828, 71.5625, 27.125, 28.7031
~&SPILL_STATS,190, 155, 0, 85, 70, 69, 10020.4, 3296.33, 2092.73, 2767.34, 3973.27
~&SPILL_STATS,15, 6, 0, 7, 2, 5, 33.55, 20.325, 4.4, 6.575, 118.5
~&SPILL_STATS,11, 4, 0, 6, 0, 6, 8.22353, 3.75294, 6, 0, 4.68235
~&SPILL_STATS,192, 62, 0, 66, 47, 11, 6725.92, 4168.23, 2841.67, 2145.06, 696.438
~&SPILL_STATS,13, 0, 0, 5, 4, 2, 1713.05, 0, 4.61905, 316.667, 127.952
~&SPILL_STATS,52, 34, 0, 16, 11, 18, 129.885, 90.8992, 43.6092, 26.4848, 144.934
~&SPILL_STATS,28, 3, 0, 14, 7, 8, 258.538, 34.3241, 27.069, 67.7793, 15.7931
~&SPILL_STATS,2, 0, 0, 1, 1, 5, 0.528736, 0, 0.390805, 0.390805, 8.10345
~&SPILL_STATS,0, 0, 0, 0, 0, 4, 0, 0, 0, 0, 3.375
~&SPILL_STATS,15, 2, 0, 1, 3, 52, 2.75929, 0.453465, 0.322266, 1.02667, 26.4909
~&SPILL_STATS,3, 1, 0, 1, 10, 8, 1.31912, 0.625, 0.00173807, 2.31808, 11.3594
~&SPILL_STATS,1, 0, 0, 0, 2, 8, 1, 0, 0, 1.30769, 12.5231
~&SPILL_STATS,10, 5, 0, 2, 0, 4, 1.67614, 1.80114, 1.23864, 0, 6.875
~&SPILL_STATS,8, 0, 0, 1, 0, 3, 1.81538, 0, 0.384615, 0, 8.29231
~&SPILL_STATS,22, 0, 0, 1, 0, 5, 10.2344, 0, 1, 0, 40.9375
~&SPILL_STATS,0, 1, 0, 1, 0, 5, 0, 0.4, 1, 0, 27.1
~&SPILL_STATS,5, 2, 0, 2, 0, 2, 2.90826, 0.541284, 1.62385, 0, 6.48624
~&SPILL_STATS,12, 1, 0, 2, 1, 6, 4.41409, 0.374536, 2, 1, 17.115
~&SPILL_STATS,7, 0, 0, 4, 2, 7, 0.451613, 0, 0.524927, 0.3739, 18.0117
~&SPILL_STATS,0, 0, 0, 0, 0, 1, 0, 0, 0, 0, 1
~&SPILL_STATS,32, 5, 0, 11, 4, 12, 4.07217, 1.55258, 2.69278, 0.754639, 17.7258
~&SPILL_STATS,6, 5, 0, 3, 0, 3, 1.27545, 0.808383, 1.01796, 0, 4.4491
~&SPILL_STATS,0, 0, 0, 0, 0, 0, 0, 0, 0, 0, 0
~&SPILL_STATS,1, 0, 0, 0, 2, 2, 1, 0, 0, 1.47934, 9.58678
~&SPILL_STATS,10, 3, 0, 3, 2, 9, 2.95349, 0.781395, 1.63721, 1.23256, 56.1302
~&SPILL_STATS,0, 0, 0, 0, 0, 2, 0, 0, 0, 0, 2
~&SPILL_STATS,8, 5, 0, 7, 2, 10, 5.82353, 2.61765, 3.82353, 1.17647, 98.1177
~&SPILL_STATS,14, 11, 0, 11, 5, 1, 2.21803, 1.45912, 1.7086, 1.31027, 0.151992
~&SPILL_STATS,0, 0, 0, 0, 0, 0, 0, 0, 0, 0, 0
~&SPILL_STATS,0, 0, 0, 0, 0, 2, 0, 0, 0, 0, 2
~&SPILL_STATS,0, 0, 0, 0, 0, 0, 0, 0, 0, 0, 0
~&SPILL_STATS,0, 0, 0, 0, 0, 0, 0, 0, 0, 0, 0
~&SPILL_STATS,0, 0, 0, 0, 0, 1, 0, 0, 0, 0, 1
~&SPILL_STATS,0, 0, 0, 0, 0, 1, 0, 0, 0, 0, 1
~&SPILL_STATS,0, 0, 0, 0, 0, 0, 0, 0, 0, 0, 0
~&SPILL_STATS,0, 0, 0, 0, 0, 0, 0, 0, 0, 0, 0
~&SPILL_STATS,0, 0, 0, 0, 0, 2, 0, 0, 0, 0, 16.84
~&SPILL_STATS,0, 0, 0, 0, 0, 2, 0, 0, 0, 0, 16.7381
~&SPILL_STATS,0, 0, 0, 0, 0, 6, 0, 0, 0, 0, 65.9524
~&SPILL_STATS,0, 0, 0, 0, 0, 0, 0, 0, 0, 0, 0
~&SPILL_STATS,2, 0, 0, 1, 0, 3, 1.61905, 0, 1, 0, 32.9762
~&SPILL_STATS,0, 0, 0, 0, 0, 5, 0, 0, 0, 0, 49.7143
~&SPILL_STATS,1, 0, 0, 1, 1, 2, 21.25, 0, 1, 21.25, 351.833
~&SPILL_STATS,2, 2, 0, 1, 0, 4, 1.61905, 1.80952, 1, 0, 49.2143
~&SPILL_STATS,0, 0, 0, 0, 0, 2, 0, 0, 0, 0, 16.84
~&SPILL_STATS,0, 0, 0, 0, 0, 3, 0, 0, 0, 0, 2.38235
~&SPILL_STATS,0, 0, 0, 0, 0, 1, 0, 0, 0, 0, 1
~&SPILL_STATS,0, 0, 0, 0, 0, 1, 0, 0, 0, 0, 1
~&SPILL_STATS,0, 0, 0, 0, 0, 3, 0, 0, 0, 0, 2.61765
~&SPILL_STATS,1, 1, 0, 1, 0, 0, 1, 1, 1, 0, 0
~&SPILL_STATS,3, 5, 0, 3, 0, 0, 2.2381, 3.47619, 2.61905, 0, 0
~&SPILL_STATS,13, 11, 0, 12, 1, 1, 6.84793, 5.28111, 8.95392, 1, 1
~&SPILL_STATS,3, 5, 0, 3, 2, 2, 1.875, 2.89062, 1.875, 1.25, 1.625
~&SPILL_STATS,0, 0, 0, 0, 0, 1, 0, 0, 0, 0, 1
~&SPILL_STATS,0, 0, 0, 0, 0, 0, 0, 0, 0, 0, 0
~&SPILL_STATS,0, 0, 0, 0, 0, 2, 0, 0, 0, 0, 1.5
~&SPILL_STATS,0, 0, 0, 0, 0, 0, 0, 0, 0, 0, 0
~&SPILL_STATS,0, 0, 0, 0, 0, 0, 0, 0, 0, 0, 0
~&SPILL_STATS,1, 0, 0, 0, 2, 1, 1, 0, 0, 1.33929, 1
~&SPILL_STATS,0, 0, 0, 0, 0, 4, 0, 0, 0, 0, 4
~&SPILL_STATS,1, 0, 0, 1, 1, 7, 0.235294, 0, 1, 0.235294, 4.5
~&SPILL_STATS,0, 0, 0, 0, 0, 0, 0, 0, 0, 0, 0
~&SPILL_STATS,175, 101, 0, 53, 28, 51, 100.272, 239.99, 28.4038, 14.8044, 208.789
~&SPILL_STATS,0, 0, 0, 0, 0, 0, 0, 0, 0, 0, 0
~&SPILL_STATS,0, 0, 0, 0, 0, 3, 0, 0, 0, 0, 3
~&SPILL_STATS,0, 0, 0, 0, 0, 0, 0, 0, 0, 0, 0
~&SPILL_STATS,0, 0, 0, 0, 0, 0, 0, 0, 0, 0, 0
~&SPILL_STATS,21, 3, 0, 10, 0, 8, 143.629, 1.22857, 45.0286, 0, 61.8429
~&SPILL_STATS,11, 4, 0, 6, 5, 11, 175.227, 57.455, 40.9005, 39.6114, 1702.43
~&SPILL_STATS,2, 2, 0, 3, 5, 16, 1.05115, 0.111607, 0.15346, 1.21884, 15.5895
~&SPILL_STATS,0, 1, 0, 1, 0, 6, 0, 1, 1, 0, 6
~&SPILL_STATS,0, 0, 0, 0, 0, 7, 0, 0, 0, 0, 3.39284
~&SPILL_STATS,0, 0, 0, 0, 0, 0, 0, 0, 0, 0, 0
~&SPILL_STATS,0, 0, 0, 0, 0, 0, 0, 0, 0, 0, 0
~&SPILL_STATS,56, 31, 0, 38, 44, 17, 2075.59, 1711.26, 1137.49, 1223.55, 1318.37
~&SPILL_STATS,37, 13, 0, 26, 8, 8, 9724.79, 8858.21, 863.397, 5.04762, 8712.25
~&SPILL_STATS,0, 0, 0, 0, 0, 0, 0, 0, 0, 0, 0
~&SPILL_STATS,0, 0, 0, 0, 0, 1, 0, 0, 0, 0, 1
~&SPILL_STATS,0, 0, 0, 0, 0, 0, 0, 0, 0, 0, 0
~&SPILL_STATS,0, 0, 0, 0, 0, 1, 0, 0, 0, 0, 1
~&SPILL_STATS,0, 0, 0, 0, 0, 0, 0, 0, 0, 0, 0
~&SPILL_STATS,0, 0, 0, 0, 0, 0, 0, 0, 0, 0, 0
~&SPILL_STATS,0, 3, 0, 2, 1, 0, 0, 3, 2, 1, 0
~&SPILL_STATS,0, 0, 0, 0, 0, 0, 0, 0, 0, 0, 0
~&SPILL_STATS,0, 0, 0, 0, 0, 0, 0, 0, 0, 0, 0
~&SPILL_STATS,0, 0, 0, 0, 0, 0, 0, 0, 0, 0, 0
~&SPILL_STATS,0, 0, 0, 0, 0, 0, 0, 0, 0, 0, 0
~&SPILL_STATS,0, 0, 0, 0, 0, 0, 0, 0, 0, 0, 0
~&SPILL_STATS,0, 0, 0, 0, 0, 0, 0, 0, 0, 0, 0
~&SPILL_STATS,0, 0, 0, 0, 0, 0, 0, 0, 0, 0, 0
~&SPILL_STATS,14, 0, 0, 3, 0, 48, 14, 0, 3, 0, 48
~&SPILL_STATS,0, 0, 0, 0, 0, 0, 0, 0, 0, 0, 0
~&SPILL_STATS,0, 0, 0, 0, 0, 0, 0, 0, 0, 0, 0
~&SPILL_STATS,0, 0, 0, 0, 0, 0, 0, 0, 0, 0, 0
~&SPILL_STATS,0, 0, 0, 0, 0, 0, 0, 0, 0, 0, 0
~&SPILL_STATS,0, 0, 0, 0, 0, 0, 0, 0, 0, 0, 0
~&SPILL_STATS,0, 0, 0, 0, 0, 0, 0, 0, 0, 0, 0
~&SPILL_STATS,19, 0, 0, 4, 0, 64, 19, 0, 4, 0, 64
~&SPILL_STATS,0, 0, 0, 0, 0, 1, 0, 0, 0, 0, 1
~&SPILL_STATS,0, 0, 0, 0, 0, 0, 0, 0, 0, 0, 0
~&SPILL_STATS,0, 0, 0, 0, 0, 1, 0, 0, 0, 0, 1
~&SPILL_STATS,0, 0, 0, 0, 0, 0, 0, 0, 0, 0, 0
~&SPILL_STATS,1, 2, 0, 2, 0, 0, 1, 2, 2, 0, 0
~&SPILL_STATS,2, 0, 0, 2, 0, 0, 2, 0, 2, 0, 0
~&SPILL_STATS,0, 0, 0, 0, 0, 0, 0, 0, 0, 0, 0
~&SPILL_STATS,1, 4, 0, 5, 1, 2, 1, 4, 5, 1, 2
~&SPILL_STATS,0, 2, 0, 2, 0, 1, 0, 2, 2, 0, 1
~&SPILL_STATS,0, 2, 0, 2, 0, 1, 0, 2, 2, 0, 1
~&SPILL_STATS,0, 0, 0, 0, 0, 1, 0, 0, 0, 0, 1
~&SPILL_STATS,44, 15, 0, 20, 28, 29, 44, 15, 20, 28, 29
~&SPILL_STATS,0, 0, 0, 0, 0, 1, 0, 0, 0, 0, 1
~&SPILL_STATS,1, 0, 0, 1, 0, 0, 1, 0, 1, 0, 0
~&SPILL_STATS,0, 0, 0, 0, 0, 0, 0, 0, 0, 0, 0
~&SPILL_STATS,0, 12, 0, 6, 0, 6, 0, 12, 6, 0, 6
~&SPILL_STATS,2, 17, 0, 11, 1, 5, 2, 17, 11, 1, 5
~&SPILL_STATS,0, 3, 0, 3, 0, 0, 0, 3, 3, 0, 0
~&SPILL_STATS,0, 0, 0, 0, 0, 0, 0, 0, 0, 0, 0
~&SPILL_STATS,0, 3, 0, 3, 0, 0, 0, 3, 3, 0, 0
~&SPILL_STATS,0, 0, 0, 0, 0, 0, 0, 0, 0, 0, 0
~&SPILL_STATS,0, 0, 0, 0, 0, 0, 0, 0, 0, 0, 0
~&SPILL_STATS,0, 16, 0, 7, 0, 8, 0, 16, 7, 0, 8
~&SPILL_STATS,3, 22, 0, 13, 2, 7, 3, 22, 13, 2, 7
~&SPILL_STATS,0, 4, 0, 4, 0, 0, 0, 4, 4, 0, 0
~&SPILL_STATS,0, 0, 0, 0, 0, 0, 0, 0, 0, 0, 0
~&SPILL_STATS,0, 4, 0, 4, 0, 0, 0, 4, 4, 0, 0
~&SPILL_STATS,0, 0, 0, 0, 0, 0, 0, 0, 0, 0, 0
~&SPILL_STATS,0, 0, 0, 0, 0, 6, 0, 0, 0, 0, 6
~&SPILL_STATS,0, 0, 0, 0, 0, 6, 0, 0, 0, 0, 6
~&SPILL_STATS,0, 0, 0, 0, 0, 5, 0, 0, 0, 0, 5
~&SPILL_STATS,0, 0, 0, 0, 0, 0, 0, 0, 0, 0, 0
~&SPILL_STATS,0, 0, 0, 0, 0, 2, 0, 0, 0, 0, 21.2857
~&SPILL_STATS,4, 0, 0, 2, 3, 3, 51.7143, 0, 1.2381, 11.1429, 60.8571
~&SPILL_STATS,1, 0, 0, 1, 0, 3, 20.2857, 0, 0.619048, 0, 41.5714
~&SPILL_STATS,0, 2, 0, 2, 0, 2, 0, 2, 2, 0, 2
~&SPILL_STATS,0, 0, 0, 0, 0, 0, 0, 0, 0, 0, 0
~&SPILL_STATS,0, 0, 0, 0, 2, 5, 0, 0, 0, 32.875, 128.5
~&SPILL_STATS,5, 7, 0, 8, 10, 13, 5, 7, 8, 10, 13
~&SPILL_STATS,74, 21, 0, 39, 31, 12, 2358.75, 669.375, 1212.25, 926.375, 382.5
~&SPILL_STATS,7, 5, 0, 5, 5, 2, 142, 101.429, 81.7619, 62.0952, 40.5714
~&SPILL_STATS,13, 3, 0, 8, 12, 1, 13, 3, 8, 12, 1
~&SPILL_STATS,81, 68, 0, 49, 8, 2, 81, 68, 49, 8, 2
~&SPILL_STATS,7, 13, 0, 13, 0, 4, 7, 13, 13, 0, 66
~&SPILL_STATS,113, 16, 0, 16, 23, 29, 29.5735, 4.13902, 5.96113, 10.1526, 23.5065
~&SPILL_STATS,0, 0, 0, 0, 0, 2, 0, 0, 0, 0, 24.2857
~&SPILL_STATS,5, 5, 0, 5, 4, 8, 1.07368, 0.915789, 1.07368, 0.831579, 2.72632
~&SPILL_STATS,120, 102, 0, 23, 37, 40, 2992.41, 4197.82, 95.2353, 381.676, 1752.24
~&SPILL_STATS,491, 227, 0, 131, 24, 29, 14065.9, 5488.86, 221.905, 104.095, 3969.19
~&SPILL_STATS,137, 123, 0, 9, 7, 12, 10352.9, 5784.62, 250.875, 149.375, 2558.5
~&SPILL_STATS,4, 13, 0, 4, 10, 3, 43, 1255.25, 72, 178.917, 63.75
~&SPILL_STATS,0, 0, 0, 0, 0, 0, 0, 0, 0, 0, 0
~&SPILL_STATS,0, 0, 0, 0, 0, 0, 0, 0, 0, 0, 0
~&SPILL_STATS,0, 0, 0, 0, 0, 1, 0, 0, 0, 0, 31.875
~&SPILL_STATS,0, 0, 0, 0, 0, 1, 0, 0, 0, 0, 31.875
~&SPILL_STATS,0, 2, 0, 3, 4, 9, 0, 13.1471, 1.85294, 2.47059, 110.265
~&SPILL_STATS,0, 0, 0, 0, 0, 2, 0, 0, 0, 0, 1.66667
~&SPILL_STATS,0, 0, 0, 0, 0, 1, 0, 0, 0, 0, 12.1429
~&SPILL_STATS,0, 0, 0, 0, 0, 3, 0, 0, 0, 0, 21.6667
~&SPILL_STATS,0, 0, 0, 0, 0, 1, 0, 0, 0, 0, 12.1429
~&SPILL_STATS,0, 0, 0, 0, 0, 1, 0, 0, 0, 0, 20.2857
~&SPILL_STATS,8, 5, 0, 5, 8, 0, 676.583, 368.917, 358.75, 595.667, 0
~&SPILL_STATS,3, 4, 0, 5, 3, 0, 435.05, 51, 14.95, 13.55, 0
~&SPILL_STATS,0, 0, 0, 0, 0, 0, 0, 0, 0, 0, 0
~&SPILL_STATS,0, 0, 0, 0, 0, 1, 0, 0, 0, 0, 1
~&SPILL_STATS,0, 0, 0, 0, 0, 0, 0, 0, 0, 0, 0
~&SPILL_STATS,0, 0, 0, 0, 0, 0, 0, 0, 0, 0, 0
~&SPILL_STATS,0, 0, 0, 0, 0, 0, 0, 0, 0, 0, 0
~&SPILL_STATS,0, 0, 0, 0, 0, 0, 0, 0, 0, 0, 0
~&SPILL_STATS,0, 0, 0, 0, 0, 0, 0, 0, 0, 0, 0
~&SPILL_STATS,0, 0, 0, 0, 0, 0, 0, 0, 0, 0, 0
~&SPILL_STATS,0, 0, 0, 0, 0, 0, 0, 0, 0, 0, 0
~&SPILL_STATS,0, 0, 0, 0, 0, 0, 0, 0, 0, 0, 0
~&SPILL_STATS,0, 0, 0, 0, 0, 0, 0, 0, 0, 0, 0
~&SPILL_STATS,0, 0, 0, 0, 0, 1, 0, 0, 0, 0, 1
~&SPILL_STATS,0, 0, 0, 0, 0, 1, 0, 0, 0, 0, 1
~&SPILL_STATS,0, 0, 0, 0, 0, 1, 0, 0, 0, 0, 1
~&SPILL_STATS,0, 0, 0, 0, 0, 1, 0, 0, 0, 0, 1
~&SPILL_STATS,0, 0, 0, 0, 0, 1, 0, 0, 0, 0, 1
~&SPILL_STATS,0, 0, 0, 0, 0, 0, 0, 0, 0, 0, 0
~&SPILL_STATS,0, 0, 0, 0, 0, 0, 0, 0, 0, 0, 0
~&SPILL_STATS,0, 0, 0, 0, 0, 0, 0, 0, 0, 0, 0
~&SPILL_STATS,0, 0, 0, 0, 0, 1, 0, 0, 0, 0, 1
~&SPILL_STATS,0, 0, 0, 0, 0, 0, 0, 0, 0, 0, 0
~&SPILL_STATS,0, 0, 0, 0, 0, 1, 0, 0, 0, 0, 1
~&SPILL_STATS,0, 0, 0, 0, 0, 1, 0, 0, 0, 0, 1
~&SPILL_STATS,0, 0, 0, 0, 0, 0, 0, 0, 0, 0, 0
~&SPILL_STATS,0, 0, 0, 0, 0, 0, 0, 0, 0, 0, 0
~&SPILL_STATS,2, 0, 0, 1, 1, 23, 0.150943, 0, 0.0754717, 0.0754717, 3.45283
~&SPILL_STATS,14, 14, 0, 13, 6, 2, 12.8571, 13.2381, 12.2381, 5.2381, 2
~&SPILL_STATS,29, 30, 0, 27, 3, 2, 28.625, 30, 26.625, 3, 2
~&SPILL_STATS,15, 6, 0, 11, 1, 1, 15, 6, 11, 1, 1
~&SPILL_STATS,0, 0, 0, 0, 0, 15, 0, 0, 0, 0, 0.600733
~&SPILL_STATS,4, 14, 0, 7, 10, 7, 0.0284132, 0.546283, 0.0521801, 0.0970336, 1.48767
~&SPILL_STATS,0, 0, 0, 0, 0, 0, 0, 0, 0, 0, 0
~&SPILL_STATS,1, 0, 0, 0, 2, 9, 1, 0, 0, 1.48837, 11.814
~&SPILL_STATS,2, 1, 0, 1, 1, 2, 15, 7.5, 7.5, 0.235294, 15
~&SPILL_STATS,18, 9, 0, 6, 1, 21, 71.75, 51.4118, 4, 1, 270.941
~&SPILL_STATS,0, 0, 0, 0, 0, 0, 0, 0, 0, 0, 0
~&SPILL_STATS,0, 0, 0, 0, 0, 2, 0, 0, 0, 0, 2
~&SPILL_STATS,124, 27, 0, 46, 36, 14, 528.515, 162.961, 105.25, 88.1716, 36.549
~&SPILL_STATS,82, 21, 0, 23, 10, 28, 306.34, 68.5469, 43.3984, 24.7695, 175.836
~&SPILL_STATS,0, 0, 0, 0, 0, 0, 0, 0, 0, 0, 0
~&SPILL_STATS,30, 8, 0, 15, 6, 8, 16.1865, 3.69113, 1.69419, 0.95107, 3.61162
~&SPILL_STATS,74, 13, 0, 13, 2, 7, 29.1814, 6.19608, 11.1225, 1.5, 5.69608
~&SPILL_STATS,11, 16, 0, 8, 10, 8, 25665, 53201.6, 4482.34, 8729, 48135.8
~&SPILL_STATS,180, 90, 0, 95, 45, 88, 1080.88, 624.268, 583.658, 329.106, 369.451
~&SPILL_STATS,0, 0, 0, 0, 0, 0, 0, 0, 0, 0, 0
~&SPILL_STATS,0, 0, 0, 0, 0, 0, 0, 0, 0, 0, 0
~&SPILL_STATS,0, 0, 0, 0, 0, 0, 0, 0, 0, 0, 0
~&SPILL_STATS,0, 0, 0, 0, 0, 0, 0, 0, 0, 0, 0
~&SPILL_STATS,0, 0, 0, 0, 0, 0, 0, 0, 0, 0, 0
~&SPILL_STATS,0, 0, 0, 0, 0, 0, 0, 0, 0, 0, 0
~&SPILL_STATS,0, 0, 0, 0, 0, 0, 0, 0, 0, 0, 0
~&SPILL_STATS,0, 0, 0, 0, 0, 0, 0, 0, 0, 0, 0
~&SPILL_STATS,0, 0, 0, 0, 0, 0, 0, 0, 0, 0, 0
~&SPILL_STATS,31, 19, 0, 22, 28, 30, 6271.24, 3031.11, 2002.14, 3600.16, 1492.65
~&SPILL_STATS,26, 15, 0, 13, 11, 8, 2684.12, 547.125, 909, 253.25, 2000.12
~&SPILL_STATS,21, 16, 0, 13, 4, 13, 149.625, 84.5, 102.375, 24.25, 156.5
~&SPILL_STATS,33, 6, 0, 12, 9, 11, 115.5, 9.75, 34.625, 39.875, 98
~&SPILL_STATS,43, 15, 0, 15, 1, 38, 18.125, 5, 11, 1, 21.5
~&SPILL_STATS,187, 119, 0, 92, 66, 97, 1406.04, 958.083, 290.011, 135.025, 1074.6
~&SPILL_STATS,0, 0, 0, 0, 0, 0, 0, 0, 0, 0, 0
~&SPILL_STATS,0, 0, 0, 0, 0, 16, 0, 0, 0, 0, 22.7143
~&SPILL_STATS,3, 9, 0, 4, 8, 4, 2.09635, 10.6157, 5.20305, 2.17805, 5.53955
~&SPILL_STATS,0, 0, 0, 0, 0, 0, 0, 0, 0, 0, 0
~&SPILL_STATS,0, 0, 0, 0, 0, 0, 0, 0, 0, 0, 0
~&SPILL_STATS,0, 0, 0, 0, 0, 4, 0, 0, 0, 0, 4
~&SPILL_STATS,0, 0, 0, 0, 0, 0, 0, 0, 0, 0, 0
~&SPILL_STATS,0, 0, 0, 0, 0, 0, 0, 0, 0, 0, 0
~&SPILL_STATS,1, 0, 0, 0, 4, 6, 1, 0, 0, 1.23795, 10.2341
~&SPILL_STATS,0, 0, 0, 0, 0, 0, 0, 0, 0, 0, 0
~&SPILL_STATS,0, 0, 0, 0, 0, 4, 0, 0, 0, 0, 3.61905
~&SPILL_STATS,0, 0, 0, 0, 0, 0, 0, 0, 0, 0, 0
~&SPILL_STATS,0, 0, 0, 0, 0, 0, 0, 0, 0, 0, 0
~&SPILL_STATS,0, 0, 0, 0, 0, 1, 0, 0, 0, 0, 1
~&SPILL_STATS,20, 29, 0, 7, 138, 103, 4.38385, 10.5808, 2.50366, 1.87351, 3.87127
~&SPILL_STATS,0, 0, 0, 0, 0, 3, 0, 0, 0, 0, 3
~&SPILL_STATS,1, 0, 0, 0, 2, 2, 1, 0, 0, 1.30769, 2
~&SPILL_STATS,5, 1, 0, 5, 3, 3, 17.5106, 0.338596, 12.6737, 11.5071, 7.33154
~&SPILL_STATS,0, 0, 0, 0, 0, 4, 0, 0, 0, 0, 3.2381
~&SPILL_STATS,0, 0, 0, 0, 0, 0, 0, 0, 0, 0, 0
~&SPILL_STATS,0, 0, 0, 0, 0, 3, 0, 0, 0, 0, 26.3333
~&SPILL_STATS,0, 0, 0, 0, 0, 6, 0, 0, 0, 0, 31.5952
~&SPILL_STATS,8, 3, 0, 3, 1, 5, 2.17431, 0.844037, 0.926605, 1, 2.12844
~&SPILL_STATS,4, 2, 0, 1, 3, 39, 2.87129, 0.772277, 0.623762, 1.62376, 22.2079
~&SPILL_STATS,0, 0, 0, 0, 0, 0, 0, 0, 0, 0, 0
~&SPILL_STATS,10, 10, 0, 7, 13, 16, 292.96, 428, 19.64, 15.88, 1940.96
~&SPILL_STATS,0, 0, 0, 0, 0, 0, 0, 0, 0, 0, 0
~&SPILL_STATS,51, 50, 0, 38, 63, 31, 497.146, 224.202, 30.3562, 105.099, 721.708
~&SPILL_STATS,53, 51, 0, 52, 51, 31, 502.523, 236.438, 30.1211, 89.0464, 722.353
~&SPILL_STATS,19, 16, 0, 10, 16, 5, 1429.1, 2292.5, 16.35, 43.45, 932.7
~&SPILL_STATS,0, 0, 0, 0, 0, 2, 0, 0, 0, 0, 1
~&SPILL_STATS,0, 0, 0, 0, 0, 2, 0, 0, 0, 0, 1
~&SPILL_STATS,0, 0, 0, 0, 0, 2, 0, 0, 0, 0, 1
~&SPILL_STATS,0, 0, 0, 0, 0, 2, 0, 0, 0, 0, 1
~&SPILL_STATS,0, 0, 0, 0, 0, 2, 0, 0, 0, 0, 1
~&SPILL_STATS,0, 4, 0, 0, 4, 4, 0, 63.75, 0, 17.4375, 63.75
~&SPILL_STATS,5, 16, 0, 1, 2, 16, 2.5, 8, 0.5, 1, 8
~&SPILL_STATS,0, 0, 0, 0, 0, 8, 0, 0, 0, 0, 4
~&SPILL_STATS,3, 8, 0, 1, 2, 8, 1.5, 4, 0.5, 1, 4
~&SPILL_STATS,0, 0, 0, 0, 0, 4, 0, 0, 0, 0, 2
~&SPILL_STATS,0, 0, 0, 0, 0, 0, 0, 0, 0, 0, 0
~&SPILL_STATS,0, 0, 0, 0, 0, 1, 0, 0, 0, 0, 0.64
~&SPILL_STATS,0, 1, 0, 1, 0, 1, 0, 10.2, 0.32, 0, 0.64
~&SPILL_STATS,0, 2, 0, 2, 0, 1, 0, 20.4, 0.64, 0, 0.64
~&SPILL_STATS,219, 72, 0, 69, 53, 28, 6765.08, 1554.99, 595.634, 269.125, 2247.93
~&SPILL_STATS,0, 0, 0, 0, 0, 0, 0, 0, 0, 0, 0
~&SPILL_STATS,0, 0, 0, 0, 0, 0, 0, 0, 0, 0, 0
~&SPILL_STATS,0, 0, 0, 0, 0, 0, 0, 0, 0, 0, 0
~&SPILL_STATS,63, 44, 0, 16, 56, 2, 4574.65, 374.598, 47.6563, 357.435, 450.001
~&SPILL_STATS,1, 3, 0, 2, 1, 6, 0.25, 8.96875, 0.75, 0.25, 40.0938
~&SPILL_STATS,1, 3, 0, 2, 1, 6, 0.25, 8.96875, 0.75, 0.25, 40.0938
~&SPILL_STATS,30, 17, 0, 11, 8, 17, 27.377, 14.4805, 4.82227, 3.95312, 18.8496
~&SPILL_STATS,5, 7, 0, 2, 3, 7, 1.00392, 8.09412, 0.92549, 1.28235, 12.1569
~&SPILL_STATS,0, 0, 0, 0, 0, 3, 0, 0, 0, 0, 63.75
~&SPILL_STATS,0, 20, 0, 2, 4, 19, 0, 122.08, 2, 21.68, 102.68
~&SPILL_STATS,0, 0, 0, 0, 0, 4, 0, 0, 0, 0, 50.1176
~&SPILL_STATS,0, 0, 0, 0, 0, 8, 0, 0, 0, 0, 100.235
~&SPILL_STATS,0, 0, 0, 1, 2, 16, 0, 0, 1, 20.0294, 200.471
~&SPILL_STATS,0, 0, 0, 1, 2, 24, 0, 0, 1, 20.0294, 300.706
~&SPILL_STATS,0, 0, 0, 1, 2, 32, 0, 0, 1, 20.0294, 400.941
~&SPILL_STATS,48, 4, 0, 6, 10, 3, 557.147, 50.1176, 4.14706, 61.3235, 602.294
~&SPILL_STATS,16, 16, 0, 10, 10, 5, 16.25, 41.7206, 12.4559, 15.5882, 10.1176
~&SPILL_STATS,0, 0, 0, 0, 0, 0, 0, 0, 0, 0, 0
~&SPILL_STATS,60, 17, 0, 38, 20, 0, 60, 17, 38, 20, 0
~&SPILL_STATS,6, 12, 0, 12, 1, 2, 6, 12, 12, 1, 2
~&SPILL_STATS,0, 0, 0, 0, 0, 0, 0, 0, 0, 0, 0
~&SPILL_STATS,3, 3, 0, 3, 6, 0, 3, 3, 3, 6, 0
~&SPILL_STATS,0, 0, 0, 0, 0, 0, 0, 0, 0, 0, 0
~&SPILL_STATS,0, 0, 0, 0, 0, 2, 0, 0, 0, 0, 2
~&SPILL_STATS,0, 0, 0, 0, 0, 0, 0, 0, 0, 0, 0
~&SPILL_STATS,0, 0, 0, 0, 0, 0, 0, 0, 0, 0, 0
~&SPILL_STATS,0, 0, 0, 0, 0, 2, 0, 0, 0, 0, 2
~&SPILL_STATS,87, 95, 0, 94, 0, 0, 87, 95, 94, 0, 0
~&SPILL_STATS,35, 22, 0, 13, 23, 7, 868.625, 454.25, 167.375, 671.375, 223.125
~&SPILL_STATS,0, 0, 0, 0, 0, 0, 0, 0, 0, 0, 0
~&SPILL_STATS,0, 0, 0, 0, 0, 0, 0, 0, 0, 0, 0
~&SPILL_STATS,10, 13, 0, 13, 14, 4, 10, 13, 13, 14, 4
~&SPILL_STATS,12, 13, 0, 13, 16, 4, 12, 13, 13, 16, 4
~&SPILL_STATS,0, 0, 0, 0, 0, 0, 0, 0, 0, 0, 0
~&SPILL_STATS,0, 0, 0, 0, 0, 4, 0, 0, 0, 0, 127.5
~&SPILL_STATS,0, 0, 0, 0, 0, 0, 0, 0, 0, 0, 0
~&SPILL_STATS,0, 0, 0, 0, 0, 0, 0, 0, 0, 0, 0
~&SPILL_STATS,0, 0, 0, 0, 0, 0, 0, 0, 0, 0, 0
~&SPILL_STATS,0, 0, 0, 0, 0, 0, 0, 0, 0, 0, 0
~&SPILL_STATS,0, 0, 0, 0, 0, 0, 0, 0, 0, 0, 0
~&SPILL_STATS,0, 0, 0, 0, 0, 0, 0, 0, 0, 0, 0
~&SPILL_STATS,0, 0, 0, 0, 0, 0, 0, 0, 0, 0, 0
~&SPILL_STATS,0, 0, 0, 0, 0, 0, 0, 0, 0, 0, 0
~&SPILL_STATS,0, 0, 0, 0, 0, 0, 0, 0, 0, 0, 0
~&SPILL_STATS,0, 0, 0, 0, 0, 0, 0, 0, 0, 0, 0
~&SPILL_STATS,0, 0, 0, 0, 0, 0, 0, 0, 0, 0, 0
~&SPILL_STATS,0, 0, 0, 0, 0, 0, 0, 0, 0, 0, 0
~&SPILL_STATS,0, 0, 0, 0, 0, 5, 0, 0, 0, 0, 79.875
~&SPILL_STATS,0, 0, 0, 0, 0, 0, 0, 0, 0, 0, 0
~&SPILL_STATS,0, 0, 0, 0, 0, 0, 0, 0, 0, 0, 0
~&SPILL_STATS,3, 1, 0, 1, 1, 13, 0.814815, 0.62963, 0.62963, 0.62963, 8.60494
~&SPILL_STATS,3, 1, 0, 1, 1, 7, 0.647059, 0.5, 0.5, 0.5, 2.06863
~&SPILL_STATS,7, 4, 0, 3, 2, 10, 74.25, 68, 30.875, 51.875, 159.75
~&SPILL_STATS,3, 1, 0, 1, 1, 10, 0.814815, 0.62963, 0.62963, 0.62963, 5.60494
~&SPILL_STATS,12, 5, 0, 6, 11, 15, 4.34356, 12.1779, 2.3681, 6.86503, 4.3865
~&SPILL_STATS,29, 14, 0, 9, 15, 6, 9309.12, 6846.5, 2240, 2369.5, 4383.25
~&SPILL_STATS,0, 0, 0, 0, 0, 0, 0, 0, 0, 0, 0
~&SPILL_STATS,0, 0, 0, 0, 0, 0, 0, 0, 0, 0, 0
~&SPILL_STATS,0, 0, 0, 0, 0, 0, 0, 0, 0, 0, 0
~&SPILL_STATS,0, 0, 0, 0, 0, 0, 0, 0, 0, 0, 0
~&SPILL_STATS,57, 7, 0, 22, 9, 5, 1631.62, 161.375, 423.375, 39.875, 159.375
~&SPILL_STATS,0, 0, 0, 0, 0, 0, 0, 0, 0, 0, 0
~&SPILL_STATS,0, 0, 0, 0, 0, 0, 0, 0, 0, 0, 0
~&SPILL_STATS,0, 0, 0, 0, 0, 0, 0, 0, 0, 0, 0
~&SPILL_STATS,0, 0, 0, 0, 0, 0, 0, 0, 0, 0, 0
~&SPILL_STATS,0, 0, 0, 0, 0, 0, 0, 0, 0, 0, 0
~&SPILL_STATS,0, 0, 0, 0, 0, 0, 0, 0, 0, 0, 0
~&SPILL_STATS,13, 3, 0, 8, 2, 0, 13, 3, 8, 2, 0
~&SPILL_STATS,20, 1, 0, 2, 18, 2, 421.375, 31.875, 2, 172.375, 2
~&SPILL_STATS,0, 0, 0, 0, 0, 0, 0, 0, 0, 0, 0
~&SPILL_STATS,0, 0, 0, 0, 0, 0, 0, 0, 0, 0, 0
~&SPILL_STATS,0, 0, 0, 0, 0, 0, 0, 0, 0, 0, 0
~&SPILL_STATS,0, 0, 0, 0, 0, 0, 0, 0, 0, 0, 0
~&SPILL_STATS,0, 0, 0, 0, 0, 0, 0, 0, 0, 0, 0
~&SPILL_STATS,16, 3, 0, 11, 0, 0, 16, 3, 11, 0, 0
~&SPILL_STATS,0, 0, 0, 0, 0, 0, 0, 0, 0, 0, 0
~&SPILL_STATS,6, 0, 0, 2, 1, 0, 6, 0, 2, 1, 0
~&SPILL_STATS,2, 0, 0, 1, 0, 0, 2, 0, 1, 0, 0
~&SPILL_STATS,24, 9, 0, 10, 3, 0, 24, 9, 10, 3, 0
~&SPILL_STATS,22, 8, 0, 13, 11, 3, 22, 8, 13, 11, 3
~&SPILL_STATS,10, 4, 0, 5, 0, 0, 10, 4, 5, 0, 0
~&SPILL_STATS,6, 7, 0, 4, 0, 1, 6, 7, 4, 0, 1
~&SPILL_STATS,0, 0, 0, 0, 0, 0, 0, 0, 0, 0, 0
~&SPILL_STATS,0, 0, 0, 0, 0, 0, 0, 0, 0, 0, 0
~&SPILL_STATS,0, 0, 0, 0, 0, 0, 0, 0, 0, 0, 0
~&SPILL_STATS,0, 0, 0, 0, 0, 1, 0, 0, 0, 0, 0.5
~&SPILL_STATS,0, 0, 0, 0, 0, 0, 0, 0, 0, 0, 0
~&SPILL_STATS,0, 0, 0, 0, 0, 0, 0, 0, 0, 0, 0
~&SPILL_STATS,0, 0, 0, 0, 0, 0, 0, 0, 0, 0, 0
~&SPILL_STATS,0, 0, 0, 0, 0, 0, 0, 0, 0, 0, 0
~&SPILL_STATS,0, 0, 0, 0, 0, 0, 0, 0, 0, 0, 0
~&SPILL_STATS,4, 2, 0, 3, 0, 0, 4, 2, 3, 0, 0
~&SPILL_STATS,6, 0, 0, 3, 1, 0, 6, 0, 3, 1, 0
~&SPILL_STATS,6, 3, 0, 3, 0, 0, 6, 3, 3, 0, 0
~&SPILL_STATS,5, 0, 0, 2, 0, 1, 5, 0, 2, 0, 1
~&SPILL_STATS,0, 0, 0, 0, 0, 0, 0, 0, 0, 0, 0
~&SPILL_STATS,0, 0, 0, 0, 0, 0, 0, 0, 0, 0, 0
~&SPILL_STATS,0, 0, 0, 0, 0, 0, 0, 0, 0, 0, 0
~&SPILL_STATS,0, 0, 0, 0, 0, 0, 0, 0, 0, 0, 0
~&SPILL_STATS,0, 0, 0, 0, 0, 0, 0, 0, 0, 0, 0
~&SPILL_STATS,0, 0, 0, 0, 0, 2, 0, 0, 0, 0, 31.9375
~&SPILL_STATS,0, 0, 0, 0, 0, 1, 0, 0, 0, 0, 16
~&SPILL_STATS,28, 6, 0, 32, 35, 12, 22.0476, 5.38095, 16.4286, 17.5238, 6
~&SPILL_STATS,0, 0, 0, 0, 0, 7, 0, 0, 0, 0, 2.66667
~&SPILL_STATS,0, 0, 0, 0, 0, 5, 0, 0, 0, 0, 4
~&SPILL_STATS,0, 2, 0, 1, 0, 4, 0, 1, 1, 0, 3
~&SPILL_STATS,0, 0, 0, 0, 0, 3, 0, 0, 0, 0, 3
~&SPILL_STATS,5, 3, 0, 2, 5, 6, 0.634921, 8.22222, 0.619048, 1.73016, 54.7619
~&SPILL_STATS,0, 0, 0, 0, 0, 2, 0, 0, 0, 0, 2.08941
~&SPILL_STATS,0, 0, 0, 0, 0, 2, 0, 0, 0, 0, 2.74306
~&SPILL_STATS,0, 0, 0, 0, 0, 2, 0, 0, 0, 0, 2.7437
~&SPILL_STATS,0, 0, 0, 0, 0, 0, 0, 0, 0, 0, 0
~&SPILL_STATS,0, 0, 0, 0, 0, 2, 0, 0, 0, 0, 16.8146
~&SPILL_STATS,0, 0, 0, 0, 0, 2, 0, 0, 0, 0, 16.453
~&SPILL_STATS,0, 0, 0, 0, 0, 2, 0, 0, 0, 0, 16.746
~&SPILL_STATS,0, 0, 0, 0, 2, 9, 0, 0, 0, 1.16136, 24.0614
~&SPILL_STATS,0, 0, 0, 0, 2, 9, 0, 0, 0, 0.633995, 28.7965
~&SPILL_STATS,0, 0, 0, 0, 2, 9, 0, 0, 0, 0.621655, 28.2555
~&SPILL_STATS,5, 9, 0, 4, 0, 6, 4.25, 2.3125, 4, 0, 2.5
~&SPILL_STATS,3, 6, 0, 4, 0, 7, 1.32283, 2.79528, 2.99213, 0, 4.77953
~&SPILL_STATS,3, 3, 0, 3, 0, 8, 0.232092, 0.567335, 0.507163, 0, 1.39542
~&SPILL_STATS,68, 82, 0, 56, 56, 32, 20.7797, 25.523, 12.5842, 9.32767, 6.49276
~&SPILL_STATS,24, 7, 0, 14, 4, 4, 10, 3, 7.30769, 1.69231, 1.72527
~&SPILL_STATS,0, 0, 0, 0, 0, 1, 0, 0, 0, 0, 1
~&SPILL_STATS,0, 0, 0, 0, 0, 5, 0, 0, 0, 0, 0.910204
~&SPILL_STATS,634, 121, 0, 223, 83, 23, 50.6078, 9.49922, 17.7297, 5.96318, 2.325
~&SPILL_STATS,23, 12, 0, 26, 10, 1, 11.0714, 8.68681, 15.6593, 3.96154, 1
~&SPILL_STATS,0, 0, 0, 0, 0, 0, 0, 0, 0, 0, 0
~&SPILL_STATS,23, 33, 0, 34, 14, 7, 7.04075, 15.5862, 9.26959, 5.7116, 2.3605
~&SPILL_STATS,1, 11, 0, 3, 0, 9, 0.153846, 4.33791, 3, 0, 0.774725
~&SPILL_STATS,0, 0, 0, 0, 0, 0, 0, 0, 0, 0, 0
~&SPILL_STATS,0, 0, 0, 0, 0, 0, 0, 0, 0, 0, 0
~&SPILL_STATS,0, 0, 0, 0, 0, 1, 0, 0, 0, 0, 1
~&SPILL_STATS,9, 1, 0, 2, 7, 4, 51.6693, 0.0629921, 2, 22.1417, 26.1811
~&SPILL_STATS,0, 0, 0, 0, 0, 0, 0, 0, 0, 0, 0
~&SPILL_STATS,5, 0, 0, 1, 0, 0, 4.625, 0, 1, 0, 0
~&SPILL_STATS,0, 0, 0, 0, 0, 1, 0, 0, 0, 0, 1
~&SPILL_STATS,57, 23, 0, 19, 8, 66, 26.4676, 21.0989, 3.46398, 0.312576, 66.768
~&SPILL_STATS,0, 0, 0, 0, 0, 1, 0, 0, 0, 0, 1
~&SPILL_STATS,6, 13, 0, 14, 6, 8, 5.125, 384.25, 13.5, 5.5, 131.75
~&SPILL_STATS,1, 0, 0, 1, 0, 1, 0.666667, 0, 1, 0, 1
~&SPILL_STATS,1, 0, 0, 1, 0, 1, 0.666667, 0, 1, 0, 1
~&SPILL_STATS,1, 0, 0, 1, 0, 1, 0.666667, 0, 1, 0, 1
~&SPILL_STATS,106, 21, 0, 23, 18, 14, 26055.6, 8730.11, 7571.06, 2649.14, 9447.16
~&SPILL_STATS,59, 14, 0, 15, 15, 5, 22851.5, 6329.94, 6885, 3270, 6426.41
~&SPILL_STATS,78, 23, 0, 37, 21, 17, 3869.62, 663.688, 768.125, 109.5, 1072
~&SPILL_STATS,49, 7, 0, 7, 11, 6, 5311.75, 2742, 1572, 1189, 2176
~&SPILL_STATS,40, 13, 0, 13, 16, 13, 420.125, 1246.5, 131, 213.188, 807.5
~&SPILL_STATS,31, 12, 0, 12, 8, 8, 277.161, 162.092, 3.10345, 12.092, 241.195
~&SPILL_STATS,0, 0, 0, 0, 0, 0, 0, 0, 0, 0, 0
~&SPILL_STATS,0, 0, 0, 0, 0, 0, 0, 0, 0, 0, 0
~&SPILL_STATS,99, 12, 0, 39, 23, 4, 15212.9, 3455, 1608.58, 1098.08, 202.333
~&SPILL_STATS,107, 36, 0, 71, 32, 4, 8984.14, 469.024, 1192.31, 141.095, 335.5
~&SPILL_STATS,215, 164, 0, 120, 51, 69, 26.6399, 17.1097, 5.93242, 3.71545, 18.8744
~&SPILL_STATS,0, 0, 0, 0, 0, 0, 0, 0, 0, 0, 0
~&SPILL_STATS,0, 0, 0, 0, 0, 1, 0, 0, 0, 0, 1
~&SPILL_STATS,0, 0, 0, 0, 0, 1, 0, 0, 0, 0, 1
~&SPILL_STATS,0, 0, 0, 0, 0, 1, 0, 0, 0, 0, 1
~&SPILL_STATS,2, 3, 0, 4, 1, 5, 1.14706, 2.79412, 2.22549, 0.0784314, 15.1078
~&SPILL_STATS,0, 0, 0, 0, 0, 2, 0, 0, 0, 0, 42.5
~&SPILL_STATS,93, 67, 0, 11, 8, 5, 96.1937, 158.102, 6.92188, 30.2563, 48.9531
~&SPILL_STATS,0, 0, 0, 0, 0, 2, 0, 0, 0, 0, 31.875
~&SPILL_STATS,150, 94, 0, 46, 60, 24, 4901.98, 1536.92, 480.216, 99.1765, 888.118
~&SPILL_STATS,52, 5, 0, 21, 20, 10, 52, 5, 21, 20, 10
~&SPILL_STATS,52, 20, 0, 28, 30, 3, 52, 20, 28, 30, 3
~&SPILL_STATS,50, 9, 0, 22, 15, 0, 50, 9, 22, 15, 0
~&SPILL_STATS,47, 11, 0, 22, 10, 4, 47, 11, 22, 10, 4
~&SPILL_STATS,26, 6, 0, 14, 3, 0, 26, 6, 14, 3, 0
~&SPILL_STATS,15, 5, 0, 9, 3, 0, 15, 5, 9, 3, 0
~&SPILL_STATS,0, 0, 0, 0, 0, 0, 0, 0, 0, 0, 0
~&SPILL_STATS,0, 0, 0, 0, 0, 0, 0, 0, 0, 0, 0
~&SPILL_STATS,67, 19, 0, 45, 25, 6, 2020, 608, 975, 707, 192
~&SPILL_STATS,52, 15, 0, 31, 24, 10, 1540, 480, 558, 644, 320
~&SPILL_STATS,0, 0, 0, 0, 0, 0, 0, 0, 0, 0, 0
~&SPILL_STATS,2, 0, 0, 1, 0, 0, 2, 0, 1, 0, 0
~&SPILL_STATS,2, 0, 0, 2, 2, 1, 1.28, 0, 0.64, 1.28, 0.64
~&SPILL_STATS,1, 0, 0, 1, 0, 3, 1, 0, 1, 0, 2.625
~&SPILL_STATS,0, 0, 0, 0, 0, 1, 0, 0, 0, 0, 1
~&SPILL_STATS,0, 0, 0, 0, 0, 0, 0, 0, 0, 0, 0
~&SPILL_STATS,0, 0, 0, 0, 0, 2, 0, 0, 0, 0, 0.583333
~&SPILL_STATS,15, 8, 0, 9, 2, 1, 14, 6.5, 8.5, 1.5, 1
~&SPILL_STATS,72, 15, 0, 9, 6, 0, 35.9876, 5.31348, 8, 3, 0
~&SPILL_STATS,0, 0, 0, 0, 0, 0, 0, 0, 0, 0, 0
~&SPILL_STATS,0, 0, 0, 0, 0, 0, 0, 0, 0, 0, 0
~&SPILL_STATS,0, 0, 0, 0, 0, 0, 0, 0, 0, 0, 0
~&SPILL_STATS,85, 8, 0, 9, 1, 6, 73, 8, 9, 1, 6
~&SPILL_STATS,78, 15, 0, 9, 5, 0, 35.8574, 5.14681, 8, 2.5, 0
~&SPILL_STATS,0, 0, 0, 0, 0, 0, 0, 0, 0, 0, 0
~&SPILL_STATS,0, 0, 0, 0, 0, 1, 0, 0, 0, 0, 0.333333
~&SPILL_STATS,40, 8, 0, 10, 3, 3, 27.1641, 4.89062, 7.375, 2.375, 2.5
~&SPILL_STATS,0, 0, 0, 0, 0, 0, 0, 0, 0, 0, 0
~&SPILL_STATS,0, 0, 0, 0, 0, 1, 0, 0, 0, 0, 0.25
~&SPILL_STATS,67, 23, 0, 21, 14, 0, 118.013, 38.2438, 16.7917, 7.80443, 0
~&SPILL_STATS,230, 66, 0, 78, 61, 15, 5393.66, 947.545, 488.214, 278.554, 2127.53
~&SPILL_STATS,31, 9, 0, 11, 9, 1, 16.5089, 5.77224, 7.10938, 2.46589, 1.96825
~&SPILL_STATS,231, 67, 0, 72, 47, 11, 2310.89, 1457.08, 607.926, 180.094, 323.046
~&SPILL_STATS,75, 28, 0, 24, 11, 6, 128.936, 45.2874, 33.75, 5.7211, 31.8333
~&SPILL_STATS,225, 92, 0, 77, 83, 24, 4977.7, 1348.99, 454.422, 492.415, 2444.46
~&SPILL_STATS,30, 14, 0, 11, 4, 4, 17.5245, 9.70403, 7.95833, 1.51276, 5.16667
~&SPILL_STATS,229, 89, 0, 74, 70, 21, 2161.72, 1732.54, 352.659, 567.94, 517.042
~&SPILL_STATS,16, 12, 0, 10, 16, 3, 222431, 18719.4, 3699.62, 116620, 105984
~&SPILL_STATS,115, 76, 0, 58, 59, 11, 1.9708e+07, 2.66069e+07, 889240, 4.5136e+06, 1.12271e+07
~&SPILL_STATS,0, 0, 0, 0, 0, 0, 0, 0, 0, 0, 0
~&SPILL_STATS,0, 0, 0, 0, 0, 0, 0, 0, 0, 0, 0
~&SPILL_STATS,0, 0, 0, 0, 0, 0, 0, 0, 0, 0, 0
~&SPILL_STATS,0, 2, 0, 1, 0, 0, 0, 1.56863, 1, 0, 0
~&SPILL_STATS,0, 0, 0, 0, 0, 0, 0, 0, 0, 0, 0
~&SPILL_STATS,0, 0, 0, 0, 0, 0, 0, 0, 0, 0, 0
~&SPILL_STATS,0, 0, 0, 0, 0, 1, 0, 0, 0, 0, 1
~&SPILL_STATS,31, 7, 0, 12, 6, 48, 386.512, 4.00586, 7.93945, 2.41797, 396
~&SPILL_STATS,47, 25, 0, 20, 21, 4, 178259, 147615, 4330.88, 35020.8, 97311
~&SPILL_STATS,9, 0, 0, 5, 4, 8, 122.457, 0, 5.54709, 4.20628, 200.641
~&SPILL_STATS,18, 3, 0, 2, 9, 11, 111.716, 18.5864, 1.5, 5.83438, 156.041
~&SPILL_STATS,0, 0, 0, 0, 0, 0, 0, 0, 0, 0, 0
~&SPILL_STATS,14, 1, 0, 5, 1, 5, 12.9706, 1, 4.61765, 1, 5
~&SPILL_STATS,0, 0, 0, 0, 0, 18, 0, 0, 0, 0, 10
~&SPILL_STATS,43, 24, 0, 17, 18, 9, 15053.7, 1190, 5350.22, 8816.87, 10860.4
~&SPILL_STATS,46, 12, 0, 18, 8, 4, 51.7255, 34.9608, 11.0784, 4.15686, 13.3333
~&SPILL_STATS,28, 4, 0, 13, 6, 3, 138.394, 30.8257, 36.8716, 3.74312, 11.4771
~&SPILL_STATS,53, 21, 0, 15, 8, 2, 69798.1, 88858.7, 15465.8, 2860.43, 14076.4
~&SPILL_STATS,56, 40, 0, 28, 17, 12, 43.2093, 49.1244, 9.74902, 15.987, 19.2741
~&SPILL_STATS,200, 63, 0, 79, 56, 10, 517747, 164162, 130227, 58357, 51585
~&SPILL_STATS,145, 65, 0, 56, 33, 9, 359271, 157602, 73542.7, 37101, 51201
~&SPILL_STATS,5, 3, 0, 3, 10, 1, 1.09375, 3, 2.15625, 2.94336, 1
~&SPILL_STATS,6, 4, 0, 4, 8, 1, 1.83203, 1.87695, 1.57812, 1.78711, 1
~&SPILL_STATS,0, 0, 0, 0, 0, 6, 0, 0, 0, 0, 1.41176
~&SPILL_STATS,18, 24, 0, 4, 1, 25, 45.5604, 56.044, 1.49451, 0.230769, 90.8022
~&SPILL_STATS,0, 0, 0, 0, 0, 0, 0, 0, 0, 0, 0
~&SPILL_STATS,0, 0, 0, 0, 0, 4, 0, 0, 0, 0, 80.8421
~&SPILL_STATS,51, 38, 0, 23, 22, 6, 6353.36, 4697.01, 3243.85, 1687.83, 1193.85
~&SPILL_STATS,66, 18, 0, 27, 32, 3, 5874, 993.906, 1564.16, 1915.37, 1201.78
~&SPILL_STATS,182, 38, 0, 91, 36, 11, 3356.92, 550.875, 637.609, 173.75, 409
~&SPILL_STATS,281, 86, 0, 90, 47, 9, 1.81473e+07, 1.56348e+07, 3.36404e+06, 1.42778e+06, 2.86726e+06
~&SPILL_STATS,359, 14, 0, 367, 12, 39, 1597.19, 55.4762, 1038.14, 73.6667, 334.81
~&SPILL_STATS,131, 39, 0, 60, 29, 14, 1285.1, 669, 51.1569, 62, 280.529
~&SPILL_STATS,5, 2, 0, 4, 1, 5, 41.8125, 16.9375, 10.4375, 7.9375, 64.25
~&SPILL_STATS,305, 162, 0, 111, 64, 32, 21050.2, 11052.9, 5862.64, 1806.11, 1624.53
~&SPILL_STATS,80, 17, 0, 13, 12, 17, 184.172, 27.1875, 10.2188, 16.8594, 75.875
~&SPILL_STATS,2, 3, 0, 2, 0, 1, 1.3, 2.25, 2, 0, 10.225
~&SPILL_STATS,0, 0, 0, 0, 0, 0, 0, 0, 0, 0, 0
~&SPILL_STATS,0, 0, 0, 0, 0, 0, 0, 0, 0, 0, 0
~&SPILL_STATS,0, 0, 0, 0, 0, 0, 0, 0, 0, 0, 0
~&SPILL_STATS,0, 0, 0, 0, 0, 0, 0, 0, 0, 0, 0
~&SPILL_STATS,0, 0, 0, 0, 0, 2, 0, 0, 0, 0, 0.695652
~&SPILL_STATS,0, 0, 0, 0, 0, 0, 0, 0, 0, 0, 0
~&SPILL_STATS,0, 0, 0, 0, 0, 2, 0, 0, 0, 0, 2
~&SPILL_STATS,0, 0, 0, 0, 0, 0, 0, 0, 0, 0, 0
~&SPILL_STATS,0, 0, 0, 0, 0, 0, 0, 0, 0, 0, 0
~&SPILL_STATS,0, 0, 0, 0, 0, 2, 0, 0, 0, 0, 25.0588
~&SPILL_STATS,20, 5, 0, 8, 5, 3, 69.72, 40.12, 22.36, 21.8, 38.28
~&SPILL_STATS,0, 0, 0, 0, 0, 2, 0, 0, 0, 0, 15.9375
~&SPILL_STATS,0, 0, 0, 0, 0, 0, 0, 0, 0, 0, 0
~&SPILL_STATS,0, 0, 0, 0, 0, 1, 0, 0, 0, 0, 0.380952
~&SPILL_STATS,213, 50, 0, 97, 16, 1, 15.0582, 4.56562, 8.04219, 1.21406, 1
~&SPILL_STATS,0, 0, 0, 0, 0, 2, 0, 0, 0, 0, 2
~&SPILL_STATS,0, 0, 0, 0, 0, 0, 0, 0, 0, 0, 0
~&SPILL_STATS,0, 0, 0, 0, 0, 0, 0, 0, 0, 0, 0
~&SPILL_STATS,0, 0, 0, 0, 0, 0, 0, 0, 0, 0, 0
~&SPILL_STATS,0, 0, 0, 0, 0, 0, 0, 0, 0, 0, 0
~&SPILL_STATS,0, 0, 0, 0, 0, 0, 0, 0, 0, 0, 0
~&SPILL_STATS,0, 0, 0, 0, 0, 0, 0, 0, 0, 0, 0
~&SPILL_STATS,3, 3, 0, 2, 1, 6, 2.19048, 1.5, 2, 0.5, 4.7381
~&SPILL_STATS,0, 0, 0, 0, 0, 1, 0, 0, 0, 0, 0.380952
~&SPILL_STATS,0, 0, 0, 0, 0, 2, 0, 0, 0, 0, 2
~&SPILL_STATS,0, 0, 0, 0, 0, 0, 0, 0, 0, 0, 0
~&SPILL_STATS,0, 0, 0, 0, 0, 18, 0, 0, 0, 0, 1585.14
~&SPILL_STATS,0, 0, 0, 0, 0, 1, 0, 0, 0, 0, 1
~&SPILL_STATS,1, 2, 0, 3, 1, 2, 2.48529, 2.98529, 3.10294, 0.5, 1.875
~&SPILL_STATS,0, 0, 0, 0, 0, 2, 0, 0, 0, 0, 1.35294
~&SPILL_STATS,0, 0, 0, 0, 0, 0, 0, 0, 0, 0, 0
~&SPILL_STATS,0, 0, 0, 0, 0, 0, 0, 0, 0, 0, 0
~&SPILL_STATS,0, 0, 0, 0, 0, 0, 0, 0, 0, 0, 0
~&SPILL_STATS,0, 0, 0, 0, 0, 2, 0, 0, 0, 0, 2
~&SPILL_STATS,12, 0, 0, 3, 0, 1, 10.5882, 0, 3, 0, 1
~&SPILL_STATS,24, 21, 0, 11, 21, 18, 7842.92, 4763.95, 331.997, 931.241, 15044.2
~&SPILL_STATS,0, 0, 0, 0, 0, 1, 0, 0, 0, 0, 1
~&SPILL_STATS,0, 0, 0, 0, 0, 1, 0, 0, 0, 0, 1
~&SPILL_STATS,0, 0, 0, 0, 0, 2, 0, 0, 0, 0, 2
~&SPILL_STATS,0, 0, 0, 0, 0, 2, 0, 0, 0, 0, 2
~&SPILL_STATS,0, 0, 0, 0, 0, 1, 0, 0, 0, 0, 1
~&SPILL_STATS,0, 0, 0, 0, 0, 0, 0, 0, 0, 0, 0
~&SPILL_STATS,0, 0, 0, 0, 0, 1, 0, 0, 0, 0, 1
~&SPILL_STATS,0, 0, 0, 0, 0, 1, 0, 0, 0, 0, 1
~&SPILL_STATS,0, 0, 0, 0, 0, 1, 0, 0, 0, 0, 1
~&SPILL_STATS,0, 0, 0, 0, 0, 3, 0, 0, 0, 0, 3
~&SPILL_STATS,3, 5, 0, 5, 3, 11, 8.81379, 9.55862, 9.55862, 0.268966, 11.5931
~&SPILL_STATS,0, 0, 0, 0, 0, 1, 0, 0, 0, 0, 1
~&SPILL_STATS,0, 0, 0, 0, 0, 1, 0, 0, 0, 0, 1
~&SPILL_STATS,109, 84, 0, 41, 31, 31, 52.8511, 79.6022, 8.33455, 5.23462, 40.0002
~&SPILL_STATS,3, 16, 0, 2, 6, 10, 3, 1639, 2, 49.5, 3121
~&SPILL_STATS,0, 0, 0, 0, 0, 3, 0, 0, 0, 0, 1.7619
~&SPILL_STATS,0, 0, 0, 0, 0, 0, 0, 0, 0, 0, 0
~&SPILL_STATS,2, 4, 0, 2, 6, 4, 31.875, 607.75, 1, 33.875, 1087.75
~&SPILL_STATS,0, 0, 0, 0, 0, 0, 0, 0, 0, 0, 0
~&SPILL_STATS,0, 0, 0, 0, 0, 0, 0, 0, 0, 0, 0
~&SPILL_STATS,0, 0, 0, 0, 0, 0, 0, 0, 0, 0, 0
~&SPILL_STATS,0, 0, 0, 0, 0, 1, 0, 0, 0, 0, 21.25
~&SPILL_STATS,11, 3, 0, 3, 6, 1, 7.95238, 2.47619, 2.61905, 3.85714, 1
~&SPILL_STATS,2, 1, 0, 1, 0, 2, 20.9988, 1, 1, 0, 39.9976
~&SPILL_STATS,0, 2, 0, 1, 0, 1, 0, 22.25, 1, 0, 21.25
~&SPILL_STATS,0, 0, 0, 0, 0, 4, 0, 0, 0, 0, 35
~&SPILL_STATS,1, 3, 0, 4, 3, 8, 0.392857, 14.3214, 2.01786, 1.39286, 54.0893
~&SPILL_STATS,0, 0, 0, 0, 0, 0, 0, 0, 0, 0, 0
~&SPILL_STATS,0, 0, 0, 0, 0, 0, 0, 0, 0, 0, 0
~&SPILL_STATS,0, 0, 0, 0, 0, 5, 0, 0, 0, 0, 15.1176
~&SPILL_STATS,0, 0, 0, 0, 0, 4, 0, 0, 0, 0, 17.7143
~&SPILL_STATS,0, 0, 0, 0, 0, 10, 0, 0, 0, 0, 9.47059
~&SPILL_STATS,0, 0, 0, 0, 0, 6, 0, 0, 0, 0, 8.46364
~&SPILL_STATS,0, 0, 0, 0, 0, 4, 0, 0, 0, 0, 4.01695
~&SPILL_STATS,18, 3, 0, 4, 0, 8, 9.44336, 1.00586, 2.5, 0, 39.4531
~&SPILL_STATS,0, 0, 0, 0, 0, 1, 0, 0, 0, 0, 1
~&SPILL_STATS,0, 0, 0, 0, 0, 0, 0, 0, 0, 0, 0
~&SPILL_STATS,0, 0, 0, 0, 0, 0, 0, 0, 0, 0, 0
~&SPILL_STATS,0, 0, 0, 0, 0, 0, 0, 0, 0, 0, 0
~&SPILL_STATS,107, 19, 0, 47, 30, 8, 120461, 959.693, 19652.2, 2106.84, 11777.8
~&SPILL_STATS,15, 30, 0, 4, 3, 15, 176.082, 359.914, 1.125, 4.25, 290
~&SPILL_STATS,120, 41, 0, 28, 27, 24, 728.76, 412.747, 89.2045, 64.4963, 1049.72
~&SPILL_STATS,43, 4, 0, 7, 0, 16, 55.658, 1.05495, 3.87225, 0, 58.3407
~&SPILL_STATS,84, 2, 0, 4, 6, 2, 169.743, 7.02369, 9.88603, 7.79352, 4.54788
~&SPILL_STATS,0, 0, 0, 0, 0, 0, 0, 0, 0, 0, 0
~&SPILL_STATS,129, 51, 0, 45, 18, 1, 629.255, 400.021, 99.6219, 79.7827, 0.256348
~&SPILL_STATS,0, 0, 0, 0, 0, 1, 0, 0, 0, 0, 0.617647
~&SPILL_STATS,76, 28, 0, 36, 51, 25, 800.376, 299.092, 35.7248, 140.688, 387.239
~&SPILL_STATS,21, 9, 0, 19, 7, 4, 1476.94, 658.677, 838.206, 26.9706, 403.529
~&SPILL_STATS,0, 0, 0, 0, 0, 2, 0, 0, 0, 0, 1.38095
~&SPILL_STATS,52, 40, 0, 34, 18, 12, 28935.6, 12557.9, 15948.5, 534.93, 7618.45
~&SPILL_STATS,1, 3, 0, 2, 7, 0, 1, 3, 2, 4.18039, 0
~&SPILL_STATS,37, 28, 0, 23, 15, 23, 168.745, 890.441, 11.9706, 44.6961, 1184.22
~&SPILL_STATS,0, 4, 0, 2, 0, 0, 0, 2.47619, 1.2381, 0, 0
~&SPILL_STATS,0, 0, 0, 0, 0, 0, 0, 0, 0, 0, 0
~&SPILL_STATS,0, 0, 0, 0, 0, 1, 0, 0, 0, 0, 1
~&SPILL_STATS,90, 9, 0, 17, 14, 21, 13.9167, 3.33333, 6.95833, 2.66667, 3.83333
~&SPILL_STATS,0, 0, 0, 0, 0, 0, 0, 0, 0, 0, 0
~&SPILL_STATS,0, 0, 0, 0, 0, 4, 0, 0, 0, 0, 7.63415
~&SPILL_STATS,0, 0, 0, 0, 0, 1, 0, 0, 0, 0, 6.21951
~&SPILL_STATS,0, 0, 0, 0, 0, 0, 0, 0, 0, 0, 0
~&SPILL_STATS,0, 0, 0, 0, 0, 7, 0, 0, 0, 0, 15.9889
~&SPILL_STATS,0, 2, 0, 2, 0, 5, 0, 8.71601, 1.25, 0, 26.5852
~&SPILL_STATS,0, 0, 0, 0, 0, 3, 0, 0, 0, 0, 3
~&SPILL_STATS,0, 0, 0, 0, 0, 0, 0, 0, 0, 0, 0
~&SPILL_STATS,0, 0, 0, 0, 0, 0, 0, 0, 0, 0, 0
~&SPILL_STATS,0, 0, 0, 0, 0, 0, 0, 0, 0, 0, 0
~&SPILL_STATS,25, 7, 0, 16, 9, 2, 1544.3, 460.45, 42.55, 40.65, 409.5
~&SPILL_STATS,27, 12, 0, 19, 16, 4, 924.55, 611.85, 42.85, 41.8, 210.85
~&SPILL_STATS,0, 0, 0, 0, 0, 0, 0, 0, 0, 0, 0
~&SPILL_STATS,3, 18, 0, 9, 2, 7, 0.130257, 5.16991, 2.22465, 1.10652, 11.3995
~&SPILL_STATS,0, 0, 0, 0, 0, 5, 0, 0, 0, 0, 1.2522
~&SPILL_STATS,14, 4, 0, 8, 0, 17, 1.36239, 0.815596, 1.33853, 0, 1.46239
~&SPILL_STATS,0, 0, 0, 0, 0, 0, 0, 0, 0, 0, 0
~&SPILL_STATS,113, 20, 0, 10, 0, 2, 143.627, 30.8621, 39.9243, 0, 27.5
~&SPILL_STATS,153, 54, 0, 47, 34, 33, 1.54026e+07, 3.70955e+06, 2.48608e+06, 740243, 1.65819e+06
~&SPILL_STATS,83, 9, 0, 14, 13, 8, 48542.5, 3583.12, 10411.9, 3198.75, 8415
~&SPILL_STATS,0, 0, 0, 0, 0, 0, 0, 0, 0, 0, 0
~&SPILL_STATS,13, 1, 0, 7, 6, 16, 145.438, 15.9375, 4, 18.4375, 127
~&SPILL_STATS,202, 117, 0, 78, 58, 52, 5283.34, 1804.57, 209.903, 889.549, 2226.77
~&SPILL_STATS,0, 0, 0, 0, 0, 0, 0, 0, 0, 0, 0
~&SPILL_STATS,0, 0, 0, 0, 0, 0, 0, 0, 0, 0, 0
~&SPILL_STATS,0, 0, 0, 0, 0, 1, 0, 0, 0, 0, 1
~&SPILL_STATS,0, 0, 0, 0, 0, 1, 0, 0, 0, 0, 1
~&SPILL_STATS,0, 0, 0, 0, 0, 0, 0, 0, 0, 0, 0
~&SPILL_STATS,0, 0, 0, 0, 0, 4, 0, 0, 0, 0, 19.5
~&SPILL_STATS,488, 99, 0, 173, 70, 23, 41.3055, 7.42285, 13.3422, 5.05625, 2.325
~&SPILL_STATS,23, 12, 0, 26, 10, 1, 11.0714, 8.68681, 15.6593, 3.96154, 1
~&SPILL_STATS,0, 0, 0, 0, 0, 0, 0, 0, 0, 0, 0
~&SPILL_STATS,86, 41, 0, 48, 0, 0, 86, 41, 48, 0, 0
~&SPILL_STATS,92, 10, 0, 45, 10, 0, 38, 3.33333, 17.6667, 3.33333, 0
~&SPILL_STATS,256, 3, 0, 78, 4, 4, 484, 74.6667, 72.6667, 44, 54.3333
~&SPILL_STATS,133, 11, 0, 40, 26, 6, 537.25, 20.3333, 116.667, 21.625, 81.3333
~&SPILL_STATS,53, 37, 0, 15, 32, 26, 1587.58, 671.586, 15.5625, 116.25, 1133.83
~&SPILL_STATS,16, 0, 0, 1, 0, 0, 16, 0, 1, 0, 0
~&SPILL_STATS,112, 48, 0, 22, 13, 27, 1151, 298, 151, 69, 411
~&SPILL_STATS,163, 26, 0, 25, 41, 34, 402399, 66678.2, 33272.1, 17824.2, 103301
~&SPILL_STATS,6, 0, 0, 1, 0, 0, 2.76471, 0, 1, 0, 0
~&SPILL_STATS,0, 0, 0, 0, 0, 0, 0, 0, 0, 0, 0
~&SPILL_STATS,0, 0, 0, 0, 0, 0, 0, 0, 0, 0, 0
~&SPILL_STATS,114, 27, 0, 33, 23, 3, 853.385, 176.344, 26.8525, 48.0082, 65.4508
~&SPILL_STATS,7, 6, 0, 11, 3, 0, 2.56, 31.56, 5.44, 0.96, 0
~&SPILL_STATS,0, 0, 0, 0, 0, 0, 0, 0, 0, 0, 0
~&SPILL_STATS,0, 0, 0, 0, 0, 0, 0, 0, 0, 0, 0
~&SPILL_STATS,0, 0, 0, 0, 0, 1, 0, 0, 0, 0, 1
~&SPILL_STATS,0, 0, 0, 0, 0, 0, 0, 0, 0, 0, 0
~&SPILL_STATS,0, 0, 0, 0, 0, 0, 0, 0, 0, 0, 0
~&SPILL_STATS,0, 0, 0, 0, 0, 0, 0, 0, 0, 0, 0
~&SPILL_STATS,0, 0, 0, 0, 0, 0, 0, 0, 0, 0, 0
~&SPILL_STATS,0, 0, 0, 0, 0, 0, 0, 0, 0, 0, 0
~&SPILL_STATS,0, 0, 0, 0, 0, 0, 0, 0, 0, 0, 0
~&SPILL_STATS,0, 0, 0, 0, 0, 0, 0, 0, 0, 0, 0
~&SPILL_STATS,0, 0, 0, 0, 0, 2, 0, 0, 0, 0, 15.8423
~&SPILL_STATS,0, 0, 0, 0, 0, 0, 0, 0, 0, 0, 0
~&SPILL_STATS,56, 41, 0, 27, 6, 0, 1.82901, 1.84423, 1.80166, 0.915101, 0
~&SPILL_STATS,63, 37, 0, 33, 8, 7, 0.606583, 1.56575, 1.2717, 0.224965, 0.652694
~&SPILL_STATS,149, 99, 0, 63, 31, 43, 2177.25, 1112.99, 700.795, 170.94, 1014.34
~&SPILL_STATS,164, 89, 0, 62, 25, 58, 1548.29, 966.238, 356.185, 125.55, 1228.42
~&SPILL_STATS,33, 21, 0, 22, 8, 5, 32.443, 39.3038, 22.4684, 1.63291, 25.6329
~&SPILL_STATS,24, 20, 0, 19, 6, 6, 10.7753, 34.8876, 14.4157, 1.59551, 27.3483
~&SPILL_STATS,0, 0, 0, 0, 0, 3, 0, 0, 0, 0, 3
~&SPILL_STATS,0, 0, 0, 0, 0, 0, 0, 0, 0, 0, 0
~&SPILL_STATS,158, 25, 0, 63, 24, 8, 27.7125, 40.7742, 7.72188, 3.16875, 21
~&SPILL_STATS,295, 391, 0, 6, 16, 24, 2438.92, 2734.58, 35.9583, 131.833, 383.5
~&SPILL_STATS,0, 0, 0, 0, 0, 1, 0, 0, 0, 0, 1
~&SPILL_STATS,0, 0, 0, 0, 0, 0, 0, 0, 0, 0, 0
~&SPILL_STATS,0, 0, 0, 0, 0, 0, 0, 0, 0, 0, 0
~&SPILL_STATS,6, 0, 0, 3, 10, 8, 10.7127, 0, 2.40403, 1.1832, 8.94109
~&SPILL_STATS,0, 0, 0, 0, 0, 1, 0, 0, 0, 0, 0.380952
~&SPILL_STATS,0, 0, 0, 0, 0, 0, 0, 0, 0, 0, 0
~&SPILL_STATS,0, 0, 0, 0, 0, 0, 0, 0, 0, 0, 0
~&SPILL_STATS,0, 0, 0, 0, 0, 8, 0, 0, 0, 0, 2.82887
~&SPILL_STATS,2, 2, 0, 0, 4, 6, 2.14286, 10.625, 0, 3.08036, 100.605
~&SPILL_STATS,0, 0, 0, 0, 0, 0, 0, 0, 0, 0, 0
~&SPILL_STATS,0, 0, 0, 0, 0, 0, 0, 0, 0, 0, 0
~&SPILL_STATS,0, 0, 0, 0, 0, 1, 0, 0, 0, 0, 1
~&SPILL_STATS,164, 37, 0, 81, 16, 1, 11.1131, 3.26562, 6.1623, 0.978906, 1
~&SPILL_STATS,0, 0, 0, 0, 0, 0, 0, 0, 0, 0, 0
~&SPILL_STATS,0, 0, 0, 0, 0, 2, 0, 0, 0, 0, 2
~&SPILL_STATS,0, 0, 0, 0, 0, 0, 0, 0, 0, 0, 0
~&SPILL_STATS,0, 0, 0, 0, 0, 2, 0, 0, 0, 0, 2
~&SPILL_STATS,0, 0, 0, 0, 0, 0, 0, 0, 0, 0, 0
~&SPILL_STATS,0, 0, 0, 0, 0, 2, 0, 0, 0, 0, 2
~&SPILL_STATS,0, 0, 0, 0, 0, 0, 0, 0, 0, 0, 0
~&SPILL_STATS,4, 0, 0, 2, 0, 5, 0.82069, 0, 0.386207, 0, 0.868966
~&SPILL_STATS,0, 0, 0, 0, 0, 0, 0, 0, 0, 0, 0
~&SPILL_STATS,0, 0, 0, 0, 0, 0, 0, 0, 0, 0, 0
~&SPILL_STATS,15, 3, 0, 9, 2, 8, 93.9706, 30.0882, 51.9706, 0.588235, 51.0294
~&SPILL_STATS,9, 3, 0, 6, 2, 7, 63.12, 30.6, 31.88, 0.64, 41.76
~&SPILL_STATS,0, 0, 0, 0, 0, 2, 0, 0, 0, 0, 0.192661
~&SPILL_STATS,9, 0, 0, 2, 2, 15, 6.32941, 0, 1.49412, 4.35294, 73.6588
~&SPILL_STATS,9, 0, 0, 2, 2, 15, 5.89412, 0, 1.49412, 3.91765, 73.6588
~&SPILL_STATS,0, 0, 0, 0, 0, 0, 0, 0, 0, 0, 0
~&SPILL_STATS,35, 35, 0, 21, 9, 17, 145.746, 31.7064, 21.0061, 15.1437, 40.4618
~&SPILL_STATS,0, 0, 0, 0, 0, 0, 0, 0, 0, 0, 0
~&SPILL_STATS,0, 0, 0, 0, 0, 0, 0, 0, 0, 0, 0
~&SPILL_STATS,0, 0, 0, 0, 0, 0, 0, 0, 0, 0, 0
~&SPILL_STATS,0, 0, 0, 0, 0, 0, 0, 0, 0, 0, 0
~&SPILL_STATS,104, 86, 0, 41, 33, 38, 296.96, 56.893, 30.367, 27.7523, 98.0948
~&SPILL_STATS,0, 0, 0, 0, 0, 0, 0, 0, 0, 0, 0
~&SPILL_STATS,0, 0, 0, 0, 0, 0, 0, 0, 0, 0, 0
~&SPILL_STATS,0, 0, 0, 0, 0, 0, 0, 0, 0, 0, 0
~&SPILL_STATS,0, 0, 0, 0, 0, 0, 0, 0, 0, 0, 0
~&SPILL_STATS,174, 125, 0, 63, 43, 52, 163.709, 32.489, 17.8315, 12.1416, 51.605
~&SPILL_STATS,80, 23, 0, 36, 30, 27, 438.992, 178.469, 50.248, 76.2065, 430.931
~&SPILL_STATS,0, 0, 0, 0, 0, 0, 0, 0, 0, 0, 0
~&SPILL_STATS,2, 4, 0, 3, 2, 4, 1.49453, 16.825, 1.89162, 1.17707, 2.89162
~&SPILL_STATS,2, 6, 0, 3, 2, 3, 1.49453, 18.45, 1.89162, 1.17707, 1.89162
~&SPILL_STATS,0, 2, 0, 1, 0, 5, 0, 34.5, 21.25, 0, 81.9167
~&SPILL_STATS,14, 50, 0, 9, 10, 13, 993.139, 1163.47, 563.639, 431.944, 1225.75
~&SPILL_STATS,0, 0, 0, 0, 0, 0, 0, 0, 0, 0, 0
~&SPILL_STATS,0, 0, 0, 0, 0, 0, 0, 0, 0, 0, 0
~&SPILL_STATS,0, 0, 0, 0, 0, 0, 0, 0, 0, 0, 0
~&SPILL_STATS,16, 41, 0, 9, 11, 13, 416.105, 668.567, 354.706, 215.071, 610.643
~&SPILL_STATS,0, 0, 0, 0, 0, 0, 0, 0, 0, 0, 0
~&SPILL_STATS,0, 0, 0, 0, 0, 0, 0, 0, 0, 0, 0
~&SPILL_STATS,0, 0, 0, 0, 0, 0, 0, 0, 0, 0, 0
~&SPILL_STATS,0, 0, 0, 0, 0, 0, 0, 0, 0, 0, 0
~&SPILL_STATS,0, 0, 0, 0, 0, 1, 0, 0, 0, 0, 31.875
~&SPILL_STATS,0, 0, 0, 0, 0, 0, 0, 0, 0, 0, 0
~&SPILL_STATS,0, 0, 0, 0, 0, 2, 0, 0, 0, 0, 2
~&SPILL_STATS,0, 0, 0, 0, 0, 2, 0, 0, 0, 0, 2
~&SPILL_STATS,9, 2, 0, 2, 0, 1, 6.52632, 2, 2, 0, 1
~&SPILL_STATS,14, 1, 0, 2, 3, 21, 373.692, 6.01923, 12.0385, 6.36538, 721.019
~&SPILL_STATS,31, 17, 0, 6, 6, 44, 9761.18, 217.353, 340.382, 179.912, 10317.7
~&SPILL_STATS,21, 14, 0, 1, 5, 14, 810.971, 47.9118, 1, 41.9706, 1179.06
~&SPILL_STATS,0, 0, 0, 0, 0, 2, 0, 0, 0, 0, 2
~&SPILL_STATS,9, 4, 0, 4, 8, 1, 6.85294, 3.52941, 2.85294, 6.23529, 0.235294
~&SPILL_STATS,2, 4, 0, 2, 1, 1, 1.25038, 2.0313, 1.01603, 0.234351, 0.625191
~&SPILL_STATS,0, 0, 0, 0, 0, 0, 0, 0, 0, 0, 0
~&SPILL_STATS,3, 0, 0, 2, 0, 0, 1.97619, 0, 2, 0, 0
~&SPILL_STATS,0, 0, 0, 0, 0, 4, 0, 0, 0, 0, 2.85714
~&SPILL_STATS,0, 0, 0, 0, 0, 3, 0, 0, 0, 0, 63.75
~&SPILL_STATS,0, 0, 0, 0, 0, 2, 0, 0, 0, 0, 20.4
~&SPILL_STATS,0, 0, 0, 0, 0, 0, 0, 0, 0, 0, 0
~&SPILL_STATS,0, 0, 0, 0, 0, 0, 0, 0, 0, 0, 0
~&SPILL_STATS,0, 0, 0, 0, 0, 0, 0, 0, 0, 0, 0
~&SPILL_STATS,52, 21, 0, 27, 36, 15, 548.344, 199.531, 27.125, 52.4688, 344.188
~&SPILL_STATS,44, 25, 0, 29, 24, 14, 427.453, 244.777, 16.9297, 23.2969, 337.25
~&SPILL_STATS,42, 18, 0, 15, 33, 14, 648.214, 571.125, 13.8623, 31.4463, 413.625
~&SPILL_STATS,5, 2, 0, 1, 5, 5, 31.75, 115.1, 0.4, 26.7, 536.15
~&SPILL_STATS,0, 0, 0, 0, 0, 2, 0, 0, 0, 0, 1.61765
~&SPILL_STATS,0, 0, 0, 0, 0, 0, 0, 0, 0, 0, 0
~&SPILL_STATS,43, 55, 0, 39, 7, 5, 74.4404, 109.541, 34.3945, 11.2294, 5.06422
~&SPILL_STATS,89, 52, 0, 32, 42, 19, 278.569, 1190.26, 12.4118, 79.7745, 1513.46
~&SPILL_STATS,5, 4, 0, 4, 4, 2, 3.75, 9.46875, 2.75, 2.75, 15.9375
~&SPILL_STATS,0, 0, 0, 0, 0, 0, 0, 0, 0, 0, 0
~&SPILL_STATS,0, 0, 0, 0, 0, 0, 0, 0, 0, 0, 0
~&SPILL_STATS,3, 3, 0, 4, 6, 4, 2.25, 16.4375, 2.75, 3.75, 17.9375
~&SPILL_STATS,2, 3, 0, 3, 5, 4, 1.25, 16.4375, 1.75, 2.75, 17.9375
~&SPILL_STATS,0, 0, 0, 0, 0, 0, 0, 0, 0, 0, 0
~&SPILL_STATS,0, 0, 0, 0, 0, 0, 0, 0, 0, 0, 0
~&SPILL_STATS,3, 3, 0, 4, 6, 4, 2.25, 16.4375, 2.75, 3.75, 17.9375
~&SPILL_STATS,21, 7, 0, 9, 14, 5, 157.406, 47.3438, 43.3438, 47.7188, 20.4375
~&SPILL_STATS,0, 0, 0, 0, 0, 0, 0, 0, 0, 0, 0
~&SPILL_STATS,0, 0, 0, 0, 0, 0, 0, 0, 0, 0, 0
~&SPILL_STATS,1, 3, 0, 2, 4, 4, 0.25, 16.4375, 0.75, 1.75, 17.9375
~&SPILL_STATS,21, 7, 0, 9, 14, 5, 157.406, 47.3438, 43.3438, 47.7188, 20.4375
~&SPILL_STATS,13, 15, 0, 13, 14, 9, 48.2188, 77.25, 10.375, 6.625, 54.8125
~&SPILL_STATS,21, 7, 0, 9, 14, 5, 157.406, 47.3438, 43.3438, 47.7188, 20.4375
~&SPILL_STATS,0, 0, 0, 0, 0, 0, 0, 0, 0, 0, 0
~&SPILL_STATS,0, 0, 0, 0, 0, 0, 0, 0, 0, 0, 0
~&SPILL_STATS,0, 0, 0, 0, 0, 0, 0, 0, 0, 0, 0
~&SPILL_STATS,0, 0, 0, 0, 0, 0, 0, 0, 0, 0, 0
~&SPILL_STATS,1, 4, 0, 2, 5, 5, 0.5, 26.4062, 1, 2.25, 27.9062
~&SPILL_STATS,21, 7, 0, 9, 14, 5, 157.406, 47.3438, 43.3438, 47.7188, 20.4375
~&SPILL_STATS,1, 4, 0, 2, 5, 5, 0.5, 26.4062, 1, 2.25, 27.9062
~&SPILL_STATS,21, 7, 0, 9, 14, 5, 157.406, 47.3438, 43.3438, 47.7188, 20.4375
~&SPILL_STATS,13, 15, 0, 13, 14, 9, 48.2188, 77.25, 10.375, 6.625, 54.8125
~&SPILL_STATS,21, 7, 0, 9, 14, 5, 157.406, 47.3438, 43.3438, 47.7188, 20.4375
~&SPILL_STATS,13, 16, 0, 14, 13, 9, 48.2188, 78.25, 11.375, 5.625, 54.8125
~&SPILL_STATS,21, 7, 0, 9, 14, 5, 157.406, 47.3438, 43.3438, 47.7188, 20.4375
~&SPILL_STATS,0, 0, 0, 0, 0, 0, 0, 0, 0, 0, 0
~&SPILL_STATS,0, 0, 0, 0, 0, 0, 0, 0, 0, 0, 0
~&SPILL_STATS,0, 0, 0, 0, 0, 0, 0, 0, 0, 0, 0
~&SPILL_STATS,0, 0, 0, 0, 0, 0, 0, 0, 0, 0, 0
~&SPILL_STATS,0, 0, 0, 0, 0, 0, 0, 0, 0, 0, 0
~&SPILL_STATS,0, 0, 0, 0, 0, 0, 0, 0, 0, 0, 0
~&SPILL_STATS,0, 0, 0, 0, 0, 0, 0, 0, 0, 0, 0
~&SPILL_STATS,0, 0, 0, 0, 0, 0, 0, 0, 0, 0, 0
~&SPILL_STATS,0, 0, 0, 0, 0, 1, 0, 0, 0, 0, 1
~&SPILL_STATS,1, 4, 0, 2, 5, 5, 0.5, 26.4062, 1, 2.25, 27.9062
~&SPILL_STATS,21, 10, 0, 14, 8, 6, 80.8438, 47.6562, 15.5938, 11.4688, 28.1562
~&SPILL_STATS,21, 7, 0, 9, 14, 5, 157.406, 47.3438, 43.3438, 47.7188, 20.4375
~&SPILL_STATS,21, 6, 0, 8, 15, 5, 149.938, 37.375, 34.875, 48.1562, 20.9375
~&SPILL_STATS,0, 0, 0, 0, 0, 2, 0, 0, 0, 0, 21.2857
~&SPILL_STATS,13, 15, 0, 13, 14, 9, 48.2188, 77.25, 10.375, 6.625, 54.8125
~&SPILL_STATS,14, 16, 0, 14, 13, 9, 56.1875, 78.25, 10.875, 5.625, 54.8125
~&SPILL_STATS,25, 11, 0, 12, 16, 5, 167.875, 69.8125, 45.8438, 47.9688, 39.9062
~&SPILL_STATS,21, 7, 0, 9, 14, 5, 157.406, 47.3438, 43.3438, 47.7188, 20.4375
~&SPILL_STATS,21, 7, 0, 9, 14, 5, 157.406, 47.3438, 43.3438, 47.7188, 20.4375
~&SPILL_STATS,21, 7, 0, 9, 14, 5, 157.406, 47.3438, 43.3438, 47.7188, 20.4375
~&SPILL_STATS,0, 0, 0, 0, 0, 0, 0, 0, 0, 0, 0
~&SPILL_STATS,0, 0, 0, 0, 0, 0, 0, 0, 0, 0, 0
~&SPILL_STATS,0, 0, 0, 0, 0, 3, 0, 0, 0, 0, 1
~&SPILL_STATS,0, 0, 0, 0, 0, 0, 0, 0, 0, 0, 0
~&SPILL_STATS,0, 0, 0, 0, 0, 3, 0, 0, 0, 0, 0.62963
~&SPILL_STATS,3, 3, 0, 4, 2, 1, 13.2381, 18.2381, 1.7619, 0.761905, 12.6667
~&SPILL_STATS,0, 0, 0, 0, 0, 0, 0, 0, 0, 0, 0
~&SPILL_STATS,0, 0, 0, 0, 0, 0, 0, 0, 0, 0, 0
~&SPILL_STATS,3, 3, 0, 4, 2, 1, 8.17647, 11.2647, 1.08824, 0.470588, 7.82353
~&SPILL_STATS,0, 0, 0, 0, 0, 0, 0, 0, 0, 0, 0
~&SPILL_STATS,0, 0, 0, 0, 0, 0, 0, 0, 0, 0, 0
~&SPILL_STATS,0, 0, 0, 0, 0, 0, 0, 0, 0, 0, 0
~&SPILL_STATS,12, 5, 0, 3, 5, 6, 76.2188, 27.4062, 2, 2.25, 28.9062
~&SPILL_STATS,1, 4, 0, 2, 5, 7, 0.5, 26.4062, 1, 2.25, 29.9062
~&SPILL_STATS,16, 7, 0, 6, 11, 3, 102.375, 37.875, 11.9688, 21.5625, 9.96875
~&SPILL_STATS,1, 4, 0, 2, 5, 5, 0.5, 26.4062, 1, 2.25, 27.9062
~&SPILL_STATS,20, 10, 0, 13, 11, 6, 80.5312, 47.6562, 15.2812, 12.2812, 28.1562
~&SPILL_STATS,1, 4, 0, 2, 5, 5, 0.5, 26.4062, 1, 2.25, 27.9062
~&SPILL_STATS,1, 4, 0, 2, 5, 5, 0.5, 26.4062, 1, 2.25, 27.9062
~&SPILL_STATS,21, 7, 0, 9, 14, 5, 157.406, 47.3438, 43.3438, 47.7188, 20.4375
~&SPILL_STATS,13, 15, 0, 13, 14, 9, 48.2188, 77.25, 10.375, 6.625, 54.8125
~&SPILL_STATS,21, 7, 0, 9, 14, 5, 157.406, 47.3438, 43.3438, 47.7188, 20.4375
~&SPILL_STATS,21, 7, 0, 9, 14, 5, 157.406, 47.3438, 43.3438, 47.7188, 20.4375
~&SPILL_STATS,21, 7, 0, 9, 14, 5, 157.406, 47.3438, 43.3438, 47.7188, 20.4375
~&SPILL_STATS,13, 15, 0, 13, 14, 9, 48.2188, 77.25, 10.375, 6.625, 54.8125
~&SPILL_STATS,13, 15, 0, 13, 14, 9, 48.2188, 77.25, 10.375, 6.625, 54.8125
~&SPILL_STATS,13, 15, 0, 13, 14, 9, 48.2188, 77.25, 10.375, 6.625, 54.8125
~&SPILL_STATS,21, 7, 0, 9, 14, 5, 157.406, 47.3438, 43.3438, 47.7188, 20.4375
~&SPILL_STATS,0, 0, 0, 0, 0, 0, 0, 0, 0, 0, 0
~&SPILL_STATS,0, 0, 0, 0, 0, 0, 0, 0, 0, 0, 0
~&SPILL_STATS,0, 0, 0, 0, 0, 3, 0, 0, 0, 0, 1
~&SPILL_STATS,0, 0, 0, 0, 0, 0, 0, 0, 0, 0, 0
~&SPILL_STATS,0, 0, 0, 0, 0, 0, 0, 0, 0, 0, 0
~&SPILL_STATS,0, 0, 0, 0, 0, 0, 0, 0, 0, 0, 0
~&SPILL_STATS,0, 0, 0, 0, 0, 0, 0, 0, 0, 0, 0
~&SPILL_STATS,0, 0, 0, 0, 0, 0, 0, 0, 0, 0, 0
~&SPILL_STATS,0, 0, 0, 0, 0, 0, 0, 0, 0, 0, 0
~&SPILL_STATS,0, 0, 0, 0, 0, 0, 0, 0, 0, 0, 0
~&SPILL_STATS,0, 0, 0, 0, 0, 0, 0, 0, 0, 0, 0
~&SPILL_STATS,0, 0, 0, 0, 0, 0, 0, 0, 0, 0, 0
~&SPILL_STATS,0, 0, 0, 0, 0, 0, 0, 0, 0, 0, 0
~&SPILL_STATS,0, 0, 0, 0, 0, 0, 0, 0, 0, 0, 0
~&SPILL_STATS,17, 7, 0, 7, 10, 3, 102.688, 37.875, 12.2812, 21.25, 9.96875
~&SPILL_STATS,1, 4, 0, 2, 5, 5, 0.5, 26.4062, 1, 2.25, 27.9062
~&SPILL_STATS,21, 7, 0, 9, 14, 5, 157.406, 47.3438, 43.3438, 47.7188, 20.4375
~&SPILL_STATS,13, 15, 0, 13, 14, 9, 48.2188, 77.25, 10.375, 6.625, 54.8125
~&SPILL_STATS,1, 4, 0, 2, 5, 5, 0.5, 26.4062, 1, 2.25, 27.9062
~&SPILL_STATS,21, 7, 0, 9, 14, 5, 157.406, 47.3438, 43.3438, 47.7188, 20.4375
~&SPILL_STATS,13, 15, 0, 13, 14, 9, 48.2188, 77.25, 10.375, 6.625, 54.8125
~&SPILL_STATS,21, 7, 0, 9, 14, 5, 157.406, 47.3438, 43.3438, 47.7188, 20.4375
~&SPILL_STATS,13, 16, 0, 14, 13, 9, 48.2188, 78.25, 11.375, 5.625, 54.8125
~&SPILL_STATS,21, 7, 0, 9, 14, 5, 157.406, 47.3438, 43.3438, 47.7188, 20.4375
~&SPILL_STATS,0, 0, 0, 0, 0, 0, 0, 0, 0, 0, 0
~&SPILL_STATS,0, 0, 0, 0, 0, 0, 0, 0, 0, 0, 0
~&SPILL_STATS,0, 0, 0, 0, 0, 0, 0, 0, 0, 0, 0
~&SPILL_STATS,0, 0, 0, 0, 0, 0, 0, 0, 0, 0, 0
~&SPILL_STATS,0, 0, 0, 0, 0, 0, 0, 0, 0, 0, 0
~&SPILL_STATS,0, 0, 0, 0, 0, 0, 0, 0, 0, 0, 0
~&SPILL_STATS,0, 0, 0, 0, 0, 0, 0, 0, 0, 0, 0
~&SPILL_STATS,0, 0, 0, 0, 0, 0, 0, 0, 0, 0, 0
~&SPILL_STATS,0, 0, 0, 0, 0, 0, 0, 0, 0, 0, 0
~&SPILL_STATS,1, 4, 0, 2, 5, 5, 0.5, 26.4062, 1, 2.25, 27.9062
~&SPILL_STATS,0, 0, 0, 0, 0, 2, 0, 0, 0, 0, 2
~&SPILL_STATS,1, 4, 0, 2, 5, 5, 0.5, 26.4062, 1, 2.25, 27.9062
~&SPILL_STATS,5, 7, 0, 6, 11, 8, 26.1875, 838.812, 3.125, 16.5938, 840.312
~&SPILL_STATS,1, 4, 0, 2, 5, 7, 0.5, 26.4062, 1, 2.25, 48.5
~&SPILL_STATS,5, 7, 0, 6, 11, 8, 26.1875, 838.812, 3.125, 16.5938, 840.312
~&SPILL_STATS,1, 4, 0, 2, 5, 5, 0.5, 26.4062, 1, 2.25, 27.9062
~&SPILL_STATS,2, 3, 0, 3, 2, 11, 2, 14.125, 2.625, 1.625, 106
~&SPILL_STATS,0, 0, 0, 0, 0, 0, 0, 0, 0, 0, 0
~&SPILL_STATS,0, 0, 0, 0, 0, 0, 0, 0, 0, 0, 0
~&SPILL_STATS,0, 0, 0, 0, 0, 1, 0, 0, 0, 0, 0.617647
~&SPILL_STATS,7, 7, 0, 6, 6, 3, 343.118, 343.824, 3.11765, 11.8235, 331.882
~&SPILL_STATS,7, 7, 0, 6, 6, 3, 343.118, 343.824, 3.11765, 11.8235, 331.882
~&SPILL_STATS,0, 0, 0, 0, 0, 1, 0, 0, 0, 0, 0.617647
~&SPILL_STATS,0, 0, 0, 0, 0, 1, 0, 0, 0, 0, 0.617647
~&SPILL_STATS,0, 0, 0, 0, 0, 0, 0, 0, 0, 0, 0
~&SPILL_STATS,2, 3, 0, 3, 5, 4, 1.25, 16.4375, 1.75, 2.75, 17.9375
~&SPILL_STATS,0, 0, 0, 0, 0, 0, 0, 0, 0, 0, 0
~&SPILL_STATS,0, 0, 0, 0, 0, 0, 0, 0, 0, 0, 0
~&SPILL_STATS,0, 0, 0, 0, 0, 0, 0, 0, 0, 0, 0
~&SPILL_STATS,0, 0, 0, 0, 0, 2, 0, 0, 0, 0, 2
~&SPILL_STATS,0, 0, 0, 0, 0, 2, 0, 0, 0, 0, 2
~&SPILL_STATS,0, 0, 0, 0, 0, 0, 0, 0, 0, 0, 0
~&SPILL_STATS,0, 0, 0, 0, 0, 0, 0, 0, 0, 0, 0
~&SPILL_STATS,2, 0, 0, 2, 0, 0, 1.33333, 0, 1.33333, 0, 0
~&SPILL_STATS,86, 2, 0, 16, 1, 4, 78.75, 2, 16, 1, 3.5
~&SPILL_STATS,0, 0, 0, 0, 0, 0, 0, 0, 0, 0, 0
~&SPILL_STATS,85, 0, 0, 15, 0, 3, 77.75, 0, 15, 0, 2.5
~&SPILL_STATS,0, 0, 0, 0, 0, 0, 0, 0, 0, 0, 0
~&SPILL_STATS,17, 7, 0, 10, 12, 12, 22.0964, 4.99414, 7.36914, 16.5579, 79.0469
~&SPILL_STATS,0, 0, 0, 0, 0, 0, 0, 0, 0, 0, 0
~&SPILL_STATS,4, 0, 0, 2, 2, 4, 0.45977, 0, 0.229885, 0.229885, 1.01149
~&SPILL_STATS,0, 0, 0, 0, 0, 0, 0, 0, 0, 0, 0
~&SPILL_STATS,3, 1, 0, 2, 3, 3, 0.669725, 0.207951, 0.336391, 0.669725, 0.272171
~&SPILL_STATS,2, 0, 0, 1, 0, 4, 0.311927, 0, 0.192661, 0, 0.642202
~&SPILL_STATS,9, 0, 0, 1, 2, 7, 2.71947, 0, 1, 0.253817, 1.63359
~&SPILL_STATS,0, 0, 0, 0, 0, 0, 0, 0, 0, 0, 0
~&SPILL_STATS,22, 1, 0, 9, 7, 0, 8.19975, 1, 4.87683, 2.65273, 0
~&SPILL_STATS,0, 0, 0, 0, 0, 1, 0, 0, 0, 0, 0.4
~&SPILL_STATS,17, 3, 0, 7, 2, 4, 14.1667, 3, 7, 2, 1.83333
~&SPILL_STATS,0, 0, 0, 0, 0, 0, 0, 0, 0, 0, 0
~&SPILL_STATS,0, 0, 0, 0, 0, 0, 0, 0, 0, 0, 0
~&SPILL_STATS,65, 19, 0, 16, 37, 7, 16.2578, 10.75, 9.60703, 12.6859, 1.74219
~&SPILL_STATS,39, 20, 0, 18, 12, 26, 3.625, 1.69375, 2.48125, 1.6125, 3.2
~&SPILL_STATS,41, 8, 0, 13, 8, 13, 170.066, 25.1074, 44.4504, 17.7231, 172.058
~&SPILL_STATS,0, 0, 0, 0, 0, 1, 0, 0, 0, 0, 1
~&SPILL_STATS,0, 0, 0, 0, 0, 1, 0, 0, 0, 0, 0.619048
~&SPILL_STATS,58, 50, 0, 29, 28, 18, 1252.26, 1607.93, 307.092, 603.683, 551.038
~&SPILL_STATS,0, 0, 0, 0, 0, 1, 0, 0, 0, 0, 1
~&SPILL_STATS,0, 0, 0, 0, 0, 0, 0, 0, 0, 0, 0
~&SPILL_STATS,10, 5, 0, 5, 10, 1, 10.3894, 1.9823, 8.12389, 35.354, 12.0796
~&SPILL_STATS,0, 0, 0, 0, 0, 1, 0, 0, 0, 0, 1
~&SPILL_STATS,0, 0, 0, 0, 0, 2, 0, 0, 0, 0, 2
~&SPILL_STATS,8, 1, 0, 6, 10, 3, 21.6863, 1, 16.3137, 21.8039, 10.3137
~&SPILL_STATS,12, 4, 0, 6, 11, 2, 23.5294, 1.43137, 16.3137, 22.1765, 5.31373
~&SPILL_STATS,9, 3, 0, 8, 10, 3, 22.6863, 3, 18.3137, 21.8039, 10.3137
~&SPILL_STATS,0, 0, 0, 0, 0, 2, 0, 0, 0, 0, 1.5
~&SPILL_STATS,0, 0, 0, 0, 0, 0, 0, 0, 0, 0, 0
~&SPILL_STATS,0, 0, 0, 0, 0, 0, 0, 0, 0, 0, 0
~&SPILL_STATS,0, 0, 0, 0, 0, 0, 0, 0, 0, 0, 0
~&SPILL_STATS,0, 0, 0, 0, 0, 0, 0, 0, 0, 0, 0
~&SPILL_STATS,0, 0, 0, 0, 0, 2, 0, 0, 0, 0, 1
~&SPILL_STATS,0, 0, 0, 0, 0, 2, 0, 0, 0, 0, 1
~&SPILL_STATS,5, 3, 0, 4, 10, 1, 7.85882, 1.35294, 7.09412, 35.2, 12.0353
~&SPILL_STATS,0, 0, 0, 0, 0, 0, 0, 0, 0, 0, 0
~&SPILL_STATS,0, 0, 0, 0, 0, 3, 0, 0, 0, 0, 2.19048
~&SPILL_STATS,0, 0, 0, 0, 0, 2, 0, 0, 0, 0, 2
~&SPILL_STATS,0, 0, 0, 0, 0, 3, 0, 0, 0, 0, 2.5
~&SPILL_STATS,2, 2, 0, 1, 1, 1, 1.4902, 0.470588, 1, 0.490196, 1
~&SPILL_STATS,7, 0, 0, 7, 7, 0, 21.4706, 0, 16.9608, 21.4706, 0
~&SPILL_STATS,21, 3, 0, 15, 10, 25, 5.25, 1, 4, 2.5, 18.75
~&SPILL_STATS,4, 1, 0, 6, 4, 2, 11.1569, 0.156863, 11.4706, 10.3137, 5.31373
~&SPILL_STATS,0, 17, 0, 17, 17, 3, 0, 31.9999, 31.9999, 31.9999, 3
~&SPILL_STATS,42, 5, 0, 25, 41, 8, 22.502, 2.17647, 11.4353, 13.1294, 17.6039
~&SPILL_STATS,50, 11, 0, 25, 28, 1, 72.811, 12.685, 28.2205, 37.3228, 0.244094
~&SPILL_STATS,16, 0, 0, 1, 0, 17, 1.99638, 0, 1, 0, 3.99275
~&SPILL_STATS,31, 1, 0, 2, 4, 2, 3.98913, 0.00362318, 2, 3.00362, 2
~&SPILL_STATS,16, 0, 0, 1, 0, 17, 1.99638, 0, 1, 0, 3.99275
~&SPILL_STATS,0, 0, 0, 0, 0, 0, 0, 0, 0, 0, 0
~&SPILL_STATS,0, 0, 0, 0, 0, 0, 0, 0, 0, 0, 0
~&SPILL_STATS,0, 0, 0, 0, 0, 33, 0, 0, 0, 0, 45.5686
~&SPILL_STATS,173, 88, 0, 78, 36, 12, 7756.72, 4070.38, 1734.16, 169.219, 659.5
~&SPILL_STATS,179, 127, 0, 63, 40, 12, 10051.5, 6957.88, 2557.11, 1049.4, 1252.49
~&SPILL_STATS,67, 21, 0, 30, 14, 8, 17.3601, 40.75, 5.18592, 1.92097, 21
~&SPILL_STATS,0, 0, 0, 0, 0, 2, 0, 0, 0, 0, 2
~&SPILL_STATS,0, 0, 0, 0, 0, 2, 0, 0, 0, 0, 2
~&SPILL_STATS,0, 0, 0, 0, 0, 0, 0, 0, 0, 0, 0
~&SPILL_STATS,0, 0, 0, 0, 0, 0, 0, 0, 0, 0, 0
~&SPILL_STATS,6, 11, 0, 9, 4, 3, 1.0515, 1.05508, 0.781116, 1.07511, 0.462089
~&SPILL_STATS,18, 24, 0, 28, 3, 14, 2.2921, 3.22044, 3.19782, 1.1297, 2.2079
~&SPILL_STATS,0, 0, 0, 0, 0, 2, 0, 0, 0, 0, 20.9048
~&SPILL_STATS,0, 0, 0, 0, 0, 2, 0, 0, 0, 0, 20.9048
~&SPILL_STATS,0, 0, 0, 0, 0, 0, 0, 0, 0, 0, 0
~&SPILL_STATS,70, 39, 0, 20, 0, 41, 90.3436, 35.8502, 9.11013, 0, 106.93
~&SPILL_STATS,0, 0, 0, 0, 0, 4, 0, 0, 0, 0, 173.059
~&SPILL_STATS,31, 24, 0, 20, 22, 14, 15.6321, 7.41071, 3.82321, 5.7125, 6.82143
~&SPILL_STATS,0, 0, 0, 0, 0, 0, 0, 0, 0, 0, 0
~&SPILL_STATS,0, 0, 0, 0, 0, 0, 0, 0, 0, 0, 0
~&SPILL_STATS,0, 0, 0, 0, 0, 4, 0, 0, 0, 0, 1.72222
~&SPILL_STATS,111, 92, 0, 49, 36, 11, 71369.5, 72696.7, 17599.7, 20766.1, 19452.4
~&SPILL_STATS,17, 7, 0, 8, 21, 2, 8.13783, 3.12023, 8, 6.5132, 2
~&SPILL_STATS,196, 101, 0, 53, 118, 46, 4873.78, 2738.21, 691.849, 467.488, 968.434
~&SPILL_STATS,0, 0, 0, 0, 0, 1, 0, 0, 0, 0, 1
~&SPILL_STATS,90, 97, 0, 51, 30, 31, 51.2459, 42.507, 10.2414, 6.82617, 61.103
~&SPILL_STATS,15, 12, 0, 11, 18, 3, 210.148, 199.094, 8.35156, 199.453, 5.99219
~&SPILL_STATS,38, 25, 0, 20, 17, 23, 129.471, 718.482, 10.3176, 16.6353, 535.977
~&SPILL_STATS,0, 0, 0, 0, 0, 0, 0, 0, 0, 0, 0
~&SPILL_STATS,0, 0, 0, 0, 0, 0, 0, 0, 0, 0, 0
~&SPILL_STATS,30, 36, 0, 14, 18, 9, 149.308, 1619.85, 6.92308, 75.3077, 1466.81
~&SPILL_STATS,82, 68, 0, 30, 36, 18, 168.4, 1747.1, 8.2, 81.3, 1583.55
~&SPILL_STATS,0, 0, 0, 0, 0, 0, 0, 0, 0, 0, 0
~&SPILL_STATS,0, 0, 0, 0, 0, 0, 0, 0, 0, 0, 0
~&SPILL_STATS,0, 0, 0, 0, 0, 0, 0, 0, 0, 0, 0
~&SPILL_STATS,0, 0, 0, 0, 0, 4, 0, 0, 0, 0, 4
~&SPILL_STATS,0, 0, 0, 0, 0, 0, 0, 0, 0, 0, 0
~&SPILL_STATS,148, 45, 0, 84, 45, 8, 187.308, 23.2397, 12.8092, 8.30153, 18.3359
~&SPILL_STATS,127, 21, 0, 84, 22, 10, 3171.93, 318.92, 191.485, 74.4417, 210.454
~&SPILL_STATS,95, 16, 0, 71, 22, 3, 2666.99, 293.235, 182.111, 92.679, 208.593
~&SPILL_STATS,127, 21, 0, 84, 26, 10, 3171.93, 318.92, 191.485, 100.356, 210.454
~&SPILL_STATS,81, 11, 0, 51, 28, 7, 3803.78, 621.844, 169.125, 96.4375, 836.906
~&SPILL_STATS,76, 11, 0, 45, 24, 6, 3215.94, 621.844, 145.312, 80, 740.938
~&SPILL_STATS,81, 11, 0, 51, 28, 7, 3803.78, 621.844, 169.125, 96.4375, 836.906
~&SPILL_STATS,61, 10, 0, 40, 19, 5, 3075.29, 356.608, 134.51, 49.8235, 521.961
~&SPILL_STATS,61, 10, 0, 40, 19, 5, 3075.29, 356.608, 134.51, 49.8235, 521.961
~&SPILL_STATS,143, 25, 0, 83, 32, 13, 2727.25, 349.493, 130.354, 67.756, 292.144
~&SPILL_STATS,143, 25, 0, 83, 36, 13, 2727.25, 349.493, 130.354, 93.6124, 292.144
~&SPILL_STATS,141, 25, 0, 81, 32, 13, 2726.94, 349.493, 129.813, 67.756, 292.144
~&SPILL_STATS,141, 25, 0, 81, 36, 13, 2726.94, 349.493, 129.813, 93.6124, 292.144
~&SPILL_STATS,60, 11, 0, 12, 9, 6, 8275.88, 1301.62, 1000, 487, 5604.25
~&SPILL_STATS,15, 3, 0, 16, 15, 3, 2.61841, 3, 3.28125, 3.54932, 0.274658
~&SPILL_STATS,572, 466, 0, 275, 160, 38, 1806.39, 2536.71, 80.011, 51.5338, 399.299
~&SPILL_STATS,273, 192, 0, 128, 98, 33, 460.148, 989.696, 30.9624, 31.9919, 101.126
~&SPILL_STATS,0, 0, 0, 0, 0, 2, 0, 0, 0, 0, 2
~&SPILL_STATS,10, 11, 0, 9, 1, 1, 20.4865, 25.6006, 3.24304, 0.149536, 4.78516
~&SPILL_STATS,678, 267, 0, 224, 175, 32, 972.459, 629.133, 266.033, 202.718, 139.874
~&SPILL_STATS,331, 197, 0, 170, 139, 54, 3011.8, 1251.65, 519.695, 508.264, 242.349
~&SPILL_STATS,4, 2, 0, 5, 0, 2, 2.47059, 1.61765, 3.47059, 0, 1.23529
~&SPILL_STATS,0, 0, 0, 0, 0, 0, 0, 0, 0, 0, 0
~&SPILL_STATS,146, 73, 0, 67, 22, 33, 68.9793, 52.124, 40.9196, 10.7693, 15.2122
~&SPILL_STATS,50, 21, 0, 14, 6, 19, 13.4952, 13.3584, 5.03467, 1.74612, 10.6279
~&SPILL_STATS,102, 53, 0, 42, 16, 11, 104.111, 124.277, 80.8105, 10.3965, 29.293
~&SPILL_STATS,95, 46, 0, 43, 19, 11, 53.5582, 63.444, 53.7057, 16.1682, 22.6727
~&SPILL_STATS,30, 26, 0, 25, 8, 6, 108.486, 181.959, 86.4086, 31.7654, 44.7034
~&SPILL_STATS,30, 23, 0, 23, 10, 6, 38.9029, 59.6544, 44.9785, 4.43636, 24.823
~&SPILL_STATS,0, 0, 0, 0, 0, 0, 0, 0, 0, 0, 0
~&SPILL_STATS,0, 0, 0, 0, 0, 1, 0, 0, 0, 0, 1
~&SPILL_STATS,22, 13, 0, 14, 4, 5, 38.8095, 50.6349, 68.4921, 1.60317, 26.8889
~&SPILL_STATS,0, 0, 0, 0, 0, 0, 0, 0, 0, 0, 0
~&SPILL_STATS,0, 8, 0, 4, 1, 6, 0, 47.3036, 2.08929, 0.392857, 53.2857
~&SPILL_STATS,176, 80, 0, 34, 2, 0, 5610, 2550, 1022, 32.875, 0
~&SPILL_STATS,16, 0, 0, 16, 0, 18, 10, 0, 10, 0, 12.5
~&SPILL_STATS,0, 0, 0, 0, 0, 0, 0, 0, 0, 0, 0
~&SPILL_STATS,0, 0, 0, 0, 0, 0, 0, 0, 0, 0, 0
~&SPILL_STATS,0, 0, 0, 0, 0, 0, 0, 0, 0, 0, 0
~&SPILL_STATS,0, 0, 0, 0, 0, 4, 0, 0, 0, 0, 3.32
~&SPILL_STATS,0, 1, 0, 1, 0, 2, 0, 4.76837e-07, 1, 0, 2
~&SPILL_STATS,0, 0, 0, 0, 0, 0, 0, 0, 0, 0, 0
~&SPILL_STATS,0, 0, 0, 0, 0, 0, 0, 0, 0, 0, 0
~&SPILL_STATS,0, 0, 0, 0, 0, 0, 0, 0, 0, 0, 0
~&SPILL_STATS,0, 0, 0, 0, 0, 2, 0, 0, 0, 0, 1.60886
~&SPILL_STATS,0, 0, 0, 0, 0, 0, 0, 0, 0, 0, 0
~&SPILL_STATS,0, 0, 0, 0, 0, 5, 0, 0, 0, 0, 41.7059
~&SPILL_STATS,3, 0, 0, 1, 0, 1, 2.625, 0, 1, 0, 12.7812
~&SPILL_STATS,3, 2, 0, 1, 1, 2, 11.875, 10.875, 9.875, 1, 11.625
~&SPILL_STATS,0, 0, 0, 0, 0, 2, 0, 0, 0, 0, 2
~&SPILL_STATS,9, 11, 0, 7, 1, 4, 9, 9.47619, 5.85714, 1, 3.61905
~&SPILL_STATS,6, 2, 0, 3, 1, 2, 3.66667, 8.61905, 1.66667, 0.666667, 8.35714
~&SPILL_STATS,0, 0, 0, 0, 0, 0, 0, 0, 0, 0, 0
~&SPILL_STATS,0, 0, 0, 0, 0, 0, 0, 0, 0, 0, 0
~&SPILL_STATS,0, 0, 0, 0, 0, 1, 0, 0, 0, 0, 1
~&SPILL_STATS,0, 0, 0, 0, 0, 0, 0, 0, 0, 0, 0
~&SPILL_STATS,0, 0, 0, 0, 0, 0, 0, 0, 0, 0, 0
~&SPILL_STATS,0, 0, 0, 0, 0, 0, 0, 0, 0, 0, 0
~&SPILL_STATS,1, 4, 0, 1, 1, 8, 1, 179.538, 1, 1, 27.5897
~&SPILL_STATS,20, 10, 0, 8, 9, 4, 56.649, 37.2857, 15.0531, 21.3429, 36.7714
~&SPILL_STATS,0, 0, 0, 0, 0, 0, 0, 0, 0, 0, 0
~&SPILL_STATS,77, 35, 0, 28, 8, 33, 687.468, 13.2722, 14.2324, 2.85627, 76.8165
~&SPILL_STATS,0, 0, 0, 0, 0, 0, 0, 0, 0, 0, 0
~&SPILL_STATS,0, 0, 0, 0, 0, 0, 0, 0, 0, 0, 0
~&SPILL_STATS,0, 0, 0, 0, 0, 0, 0, 0, 0, 0, 0
~&SPILL_STATS,0, 0, 0, 0, 0, 0, 0, 0, 0, 0, 0
~&SPILL_STATS,2, 5, 0, 4, 0, 7, 23.4643, 36.4464, 3.66071, 0, 36.1786
~&SPILL_STATS,170, 88, 0, 54, 35, 71, 1268.65, 69.2201, 37.4128, 27.2385, 164.159
~&SPILL_STATS,0, 0, 0, 0, 0, 0, 0, 0, 0, 0, 0
~&SPILL_STATS,0, 0, 0, 0, 0, 0, 0, 0, 0, 0, 0
~&SPILL_STATS,0, 0, 0, 0, 0, 0, 0, 0, 0, 0, 0
~&SPILL_STATS,0, 0, 0, 0, 0, 0, 0, 0, 0, 0, 0
~&SPILL_STATS,271, 129, 0, 83, 44, 100, 559.048, 28.4371, 16.3864, 7.13126, 79.0592
~&SPILL_STATS,0, 0, 0, 0, 0, 5, 0, 0, 0, 0, 119.083
~&SPILL_STATS,2, 2, 0, 2, 0, 3, 1.47059, 18.3529, 10.2059, 0, 16.4118
~&SPILL_STATS,0, 2, 0, 1, 0, 3, 0, 15.8182, 7.95455, 0, 14.5909
~&SPILL_STATS,10, 6, 0, 9, 0, 2, 41.125, 40, 7.125, 0, 11
~&SPILL_STATS,2, 6, 0, 4, 7, 7, 1, 41.0714, 3, 3.5, 57.381
~&SPILL_STATS,2, 6, 0, 4, 7, 7, 1, 41.0714, 3, 3.5, 57.381
~&SPILL_STATS,1, 0, 0, 1, 0, 2, 21.25, 0, 0.666667, 0, 22.25
~&SPILL_STATS,229, 111, 0, 93, 105, 121, 323.599, 278.975, 122.594, 68.2048, 440.648
~&SPILL_STATS,1, 0, 0, 1, 0, 10, 0.312883, 0, 1, 0, 14.5399
~&SPILL_STATS,4, 1, 0, 2, 0, 3, 2.83333, 0.624378, 2, 0, 17.0473
~&SPILL_STATS,27, 7, 0, 6, 5, 4, 66.636, 3.85866, 25.9117, 20.689, 16.311
~&SPILL_STATS,0, 0, 0, 0, 0, 6, 0, 0, 0, 0, 115.853
~&SPILL_STATS,0, 0, 0, 0, 0, 1, 0, 0, 0, 0, 1
~&SPILL_STATS,8, 0, 0, 3, 1, 2, 2.90204, 0, 2.37551, 0.62449, 13.3714
~&SPILL_STATS,196, 11, 0, 31, 21, 25, 3470.18, 214.191, 564.162, 171.75, 601.044
~&SPILL_STATS,43, 0, 0, 25, 14, 2, 8437.31, 0, 3934.44, 1303.69, 271.875
~&SPILL_STATS,19, 3, 0, 7, 10, 5, 28.6905, 18.7619, 14.9524, 15.4524, 18.4762
~&SPILL_STATS,0, 0, 0, 0, 0, 6, 0, 0, 0, 0, 106.607
~&SPILL_STATS,0, 0, 0, 0, 0, 2, 0, 0, 0, 0, 0.828125
~&SPILL_STATS,0, 0, 0, 0, 0, 0, 0, 0, 0, 0, 0
~&SPILL_STATS,3, 2, 0, 3, 0, 4, 17.9375, 16.9375, 3, 0, 48.8125
~&SPILL_STATS,13, 4, 0, 4, 4, 4, 878.706, 258.794, 9.94118, 15.4706, 489.294
~&SPILL_STATS,0, 0, 0, 0, 0, 1, 0, 0, 0, 0, 1
~&SPILL_STATS,30, 11, 0, 11, 14, 2, 9.25271, 4.59206, 3.87365, 4.33935, 1.2491
~&SPILL_STATS,0, 0, 0, 0, 0, 0, 0, 0, 0, 0, 0
~&SPILL_STATS,0, 0, 0, 0, 0, 1, 0, 0, 0, 0, 1
~&SPILL_STATS,0, 0, 0, 0, 0, 0, 0, 0, 0, 0, 0
~&SPILL_STATS,0, 0, 0, 0, 0, 0, 0, 0, 0, 0, 0
~&SPILL_STATS,29, 9, 0, 13, 15, 4, 0.582484, 0.0962983, 1.22774, 0.133852, 0.0166309
~&SPILL_STATS,0, 0, 0, 0, 0, 0, 0, 0, 0, 0, 0
~&SPILL_STATS,0, 0, 0, 0, 0, 0, 0, 0, 0, 0, 0
~&SPILL_STATS,131, 13, 0, 54, 27, 19, 37.4207, 8.21522, 272.992, 11.2033, 235.404
~&SPILL_STATS,3, 3, 0, 2, 0, 5, 1.5, 0.999999, 0.999999, 0, 3.5
~&SPILL_STATS,1, 3, 0, 1, 0, 3, 1, 2, 1, 0, 3
~&SPILL_STATS,0, 0, 0, 0, 0, 0, 0, 0, 0, 0, 0
~&SPILL_STATS,0, 0, 0, 0, 0, 6, 0, 0, 0, 0, 5.99999
~&SPILL_STATS,19, 4, 0, 2, 1, 2, 9.51559, 21.6244, 1.625, 0.624999, 20.9993
~&SPILL_STATS,25, 1, 0, 1, 2, 1, 472.333, 1, 1, 20.625, 400
~&SPILL_STATS,0, 0, 0, 0, 0, 1, 0, 0, 0, 0, 0.5
~&SPILL_STATS,220, 79, 0, 72, 53, 15, 2.65027e+06, 1.47293e+06, 304734, 211888, 303439
~&SPILL_STATS,0, 2, 0, 1, 1, 9, 0, 13.36, 0.6, 0.6, 84.48
~&SPILL_STATS,0, 1, 0, 1, 1, 4, 0, 1, 1, 1, 43.36
~&SPILL_STATS,0, 1, 0, 1, 1, 1, 0, 1, 1, 1, 10.2
~&SPILL_STATS,36, 52, 0, 21, 31, 69, 976.203, 830.128, 180.352, 350.731, 4196.97
~&SPILL_STATS,43, 3, 0, 7, 2, 13, 2331.22, 21.9993, 488.651, 20.6243, 1180.59
