Comando: /home/mpvreal/Code/Faculdade/tcc/llvm/build/bin/llc -march=x86 --regalloc=greedy -o -
Heurística: div(cost,mul(area,pow(degree,2)))
~&SPILL_STATS,69, 34, 0, 56, 49, 61, 0.167752, 0.0906266, 1.29427, 3.75396, 37.4579
~&SPILL_STATS,4, 0, 0, 2, 0, 2, 2, 0, 2, 0, 2
~&SPILL_STATS,51, 17, 0, 29, 6, 41, 868.05, 268.031, 440.378, 50.0611, 611.649
~&SPILL_STATS,9, 0, 0, 4, 0, 11, 11.0285, 0, 1.30089, 0, 26.7335
~&SPILL_STATS,3, 4, 0, 6, 1, 10, 80, 212, 90, 2, 272
~&SPILL_STATS,6, 5, 0, 7, 0, 2, 1.12171, 1.04934, 1.50329, 0, 0.296053
~&SPILL_STATS,113, 18, 0, 36, 0, 70, 21.7009, 79.4233, 7.23443, 0, 141.781
~&SPILL_STATS,0, 0, 0, 0, 0, 5, 0, 0, 0, 0, 5
~&SPILL_STATS,220, 54, 0, 137, 7, 136, 17649.9, 8896.05, 10287.5, 33.3869, 15389.2
~&SPILL_STATS,45, 11, 0, 28, 0, 16, 65.8874, 24.6673, 19.0744, 0, 35.0528
~&SPILL_STATS,0, 1, 0, 2, 0, 0, 0, 0.154412, 0.147059, 0, 0
~&SPILL_STATS,0, 0, 0, 0, 0, 2, 0, 0, 0, 0, 20.45
~&SPILL_STATS,18, 1, 0, 11, 2, 17, 4.2073, 0.0527343, 5.72041, 0.210526, 31.8651
~&SPILL_STATS,97, 25, 0, 60, 1, 24, 120.689, 15.932, 39.7747, 0.1875, 10.0405
~&SPILL_STATS,16, 10, 0, 22, 0, 20, 3.54087, 4.16346, 1.87179, 0, 6.72035
~&SPILL_STATS,23, 3, 0, 12, 0, 11, 121.714, 12.381, 48.7857, 0, 52.2857
~&SPILL_STATS,0, 0, 0, 0, 0, 0, 0, 0, 0, 0, 0
~&SPILL_STATS,0, 0, 0, 0, 0, 0, 0, 0, 0, 0, 0
~&SPILL_STATS,0, 0, 0, 0, 0, 3, 0, 0, 0, 0, 7.57353
~&SPILL_STATS,0, 0, 0, 0, 0, 0, 0, 0, 0, 0, 0
~&SPILL_STATS,13, 4, 0, 15, 1, 15, 5.43781, 0.735532, 5.85702, 0.208333, 14.344
~&SPILL_STATS,2, 0, 0, 2, 0, 0, 1.5, 0, 1.5, 0, 0
~&SPILL_STATS,1, 0, 0, 1, 0, 9, 0.625, 0, 0.625, 0, 71.175
~&SPILL_STATS,25, 7, 0, 16, 0, 40, 261.813, 188.679, 126.034, 0, 425.94
~&SPILL_STATS,23, 10, 0, 21, 1, 22, 311.022, 207.647, 157.213, 0.0514706, 405.456
~&SPILL_STATS,0, 0, 0, 0, 0, 0, 0, 0, 0, 0, 0
~&SPILL_STATS,0, 0, 0, 0, 0, 3, 0, 0, 0, 0, 1.48438
~&SPILL_STATS,0, 0, 0, 0, 0, 10, 0, 0, 0, 0, 5.09375
~&SPILL_STATS,44, 21, 0, 21, 4, 28, 304.231, 154.672, 201.064, 20.9795, 197.352
~&SPILL_STATS,10, 2, 0, 8, 6, 11, 406.333, 2.60784, 19.2353, 4.23529, 266.627
~&SPILL_STATS,0, 0, 0, 0, 0, 0, 0, 0, 0, 0, 0
~&SPILL_STATS,0, 0, 0, 0, 0, 0, 0, 0, 0, 0, 0
~&SPILL_STATS,0, 0, 0, 0, 0, 1, 0, 0, 0, 0, 1
~&SPILL_STATS,0, 0, 0, 0, 0, 0, 0, 0, 0, 0, 0
~&SPILL_STATS,60, 53, 0, 31, 14, 84, 15.8209, 18.0938, 12.3693, 2.5342, 38.671
~&SPILL_STATS,9, 10, 0, 16, 0, 14, 46.4147, 17.043, 33.3649, 0, 66.1019
~&SPILL_STATS,19, 4, 0, 14, 2, 47, 49.9375, 34.9375, 11, 1, 139.812
~&SPILL_STATS,26, 24, 0, 18, 7, 23, 5.92969, 4.51628, 7.53345, 0.566895, 7.43596
~&SPILL_STATS,0, 1, 0, 1, 0, 1, 0, 0.234375, 0.375, 0, 0.625
~&SPILL_STATS,1, 3, 0, 2, 1, 12, 0.390465, 14.4526, 1.01509, 0.194931, 54.0392
~&SPILL_STATS,0, 0, 0, 0, 0, 0, 0, 0, 0, 0, 0
~&SPILL_STATS,0, 0, 0, 0, 0, 0, 0, 0, 0, 0, 0
~&SPILL_STATS,0, 0, 0, 0, 0, 0, 0, 0, 0, 0, 0
~&SPILL_STATS,0, 0, 0, 0, 0, 0, 0, 0, 0, 0, 0
~&SPILL_STATS,702, 267, 0, 400, 17, 274, 1503.34, 805.119, 556.75, 2.89537, 695.343
~&SPILL_STATS,202, 84, 0, 78, 5, 56, 150.907, 79.1397, 88.885, 9.26968, 44.1123
~&SPILL_STATS,0, 0, 0, 0, 0, 0, 0, 0, 0, 0, 0
~&SPILL_STATS,0, 0, 0, 0, 0, 2, 0, 0, 0, 0, 2
~&SPILL_STATS,0, 0, 0, 0, 0, 0, 0, 0, 0, 0, 0
~&SPILL_STATS,93, 51, 0, 57, 11, 40, 705.954, 423.424, 506.631, 7.14476, 174.119
~&SPILL_STATS,0, 0, 0, 0, 0, 1, 0, 0, 0, 0, 1
~&SPILL_STATS,178, 74, 0, 105, 5, 76, 38.7702, 25.6377, 36.7085, 1.15826, 21.8582
~&SPILL_STATS,0, 0, 0, 0, 0, 2, 0, 0, 0, 0, 2
~&SPILL_STATS,294, 20, 0, 110, 0, 404, 143.068, 10.9542, 63.4594, 0, 206.578
~&SPILL_STATS,36, 0, 0, 4, 30, 9, 8.89412, 0, 0.988235, 2.82353, 64.4353
~&SPILL_STATS,85, 5, 0, 31, 0, 107, 51.4464, 5, 20.1429, 0, 73.5
~&SPILL_STATS,32, 3, 0, 11, 0, 17, 53.4118, 0.867647, 12.3382, 0, 36.0588
~&SPILL_STATS,1, 1, 0, 2, 0, 16, 1, 1, 2, 0, 13
~&SPILL_STATS,1, 0, 0, 1, 0, 7, 0.32, 0, 0.64, 0, 4.92
~&SPILL_STATS,0, 0, 0, 0, 0, 12, 0, 0, 0, 0, 8.25
~&SPILL_STATS,20, 1, 0, 14, 0, 28, 41.3827, 6.30864, 34.9012, 0, 97.963
~&SPILL_STATS,4, 1, 0, 3, 0, 21, 2.28, 1, 3, 0, 15.12
~&SPILL_STATS,6, 0, 0, 2, 0, 13, 5.12, 0, 2, 0, 7.8
~&SPILL_STATS,4, 0, 0, 3, 0, 8, 10.9688, 0, 10.9688, 0, 42.9062
~&SPILL_STATS,6, 5, 0, 6, 0, 7, 2.71875, 2.375, 5.21875, 0, 4.34375
~&SPILL_STATS,10, 4, 0, 14, 1, 20, 0.276434, 0.0282027, 0.458727, 1.0187e-05, 3.90189
~&SPILL_STATS,4, 1, 0, 4, 0, 16, 0.0523553, 0.016917, 0.116961, 0, 2.27928
~&SPILL_STATS,0, 1, 0, 1, 0, 3, 0, 0.146484, 0.390625, 0, 13.5
~&SPILL_STATS,0, 0, 0, 0, 0, 0, 0, 0, 0, 0, 0
~&SPILL_STATS,0, 1, 0, 1, 0, 9, 0, 1, 1, 0, 5.74118
~&SPILL_STATS,0, 0, 0, 0, 0, 0, 0, 0, 0, 0, 0
~&SPILL_STATS,2, 0, 0, 1, 0, 9, 1.47573, 0, 1, 0, 5.27184
~&SPILL_STATS,0, 0, 0, 0, 0, 0, 0, 0, 0, 0, 0
~&SPILL_STATS,0, 0, 0, 0, 0, 4, 0, 0, 0, 0, 3.5
~&SPILL_STATS,25, 6, 0, 16, 0, 48, 71.9762, 69, 47.1429, 0, 358.286
~&SPILL_STATS,0, 0, 0, 0, 0, 1, 0, 0, 0, 0, 0.5
~&SPILL_STATS,0, 0, 0, 0, 0, 0, 0, 0, 0, 0, 0
~&SPILL_STATS,144, 22, 0, 35, 22, 115, 164.254, 85.6287, 17.36, 1.37268, 87.5679
~&SPILL_STATS,67, 9, 0, 33, 0, 77, 404.631, 1.61716, 14.2718, 0, 220.725
~&SPILL_STATS,0, 0, 0, 0, 0, 4, 0, 0, 0, 0, 16.1905
~&SPILL_STATS,28, 6, 0, 20, 2, 45, 944.7, 43.975, 126.5, 10.525, 3317.73
~&SPILL_STATS,355, 30, 0, 111, 13, 348, 1438.98, 352.464, 591.06, 32.0784, 2268.74
~&SPILL_STATS,3, 1, 0, 3, 0, 11, 37.6412, 12.5471, 13.3235, 0, 31.7118
~&SPILL_STATS,38, 11, 0, 19, 2, 19, 48.1078, 11.4412, 39.5392, 1.37255, 29.2451
~&SPILL_STATS,146, 57, 0, 192, 4, 55, 52283.5, 13513.1, 42120.3, 21.7656, 27688.4
~&SPILL_STATS,0, 2, 0, 1, 0, 6, 0, 10.7742, 0.483871, 0, 36.4516
~&SPILL_STATS,198, 5, 0, 60, 9, 236, 49.9435, 4.54212, 33.5405, 0.772487, 93.9337
~&SPILL_STATS,0, 0, 0, 0, 0, 4, 0, 0, 0, 0, 4
~&SPILL_STATS,0, 0, 0, 0, 0, 4, 0, 0, 0, 0, 2.5
~&SPILL_STATS,2, 0, 0, 2, 0, 9, 2, 0, 2, 0, 7
~&SPILL_STATS,39, 7, 0, 21, 3, 32, 139.125, 12.25, 86.25, 3, 118.5
~&SPILL_STATS,10, 1, 0, 6, 0, 31, 4.45669, 0.496063, 3.98425, 0, 16.5827
~&SPILL_STATS,0, 0, 0, 0, 0, 0, 0, 0, 0, 0, 0
~&SPILL_STATS,35, 13, 0, 26, 16, 171, 13.2907, 13.1265, 15.4171, 1.26354, 94.0161
~&SPILL_STATS,0, 0, 0, 0, 0, 3, 0, 0, 0, 0, 41.5714
~&SPILL_STATS,1, 1, 0, 2, 0, 5, 1, 1, 2, 0, 5
~&SPILL_STATS,18, 13, 0, 14, 0, 18, 226.161, 119.007, 186.5, 0, 93.1363
~&SPILL_STATS,0, 0, 0, 0, 0, 3, 0, 0, 0, 0, 2.24706
~&SPILL_STATS,1, 0, 0, 1, 0, 5, 5, 0, 0.156863, 0, 7.58823
~&SPILL_STATS,18, 22, 0, 27, 1, 83, 6.48031, 1.2538, 6.23128, 0.195312, 71.876
~&SPILL_STATS,189, 4, 0, 19, 1, 53, 14.8509, 3.00651, 8.70833, 0.375, 14.7995
~&SPILL_STATS,15, 1, 0, 11, 0, 18, 2.36813, 0.043956, 1.91209, 0, 3.48901
~&SPILL_STATS,226, 30, 0, 57, 28, 257, 82.4376, 30.5774, 49.2608, 2.04948, 142.532
~&SPILL_STATS,1, 0, 0, 1, 0, 10, 10.2, 0, 10.2, 0, 13.68
~&SPILL_STATS,9, 14, 0, 20, 0, 43, 1.8, 2.8, 4, 0, 9.4
~&SPILL_STATS,9, 3, 0, 9, 2, 9, 13.2059, 2.97059, 6.2549, 2.57843, 7.09804
~&SPILL_STATS,44, 7, 0, 15, 3, 23, 137.905, 35.9524, 83.4445, 0.968254, 95.5714
~&SPILL_STATS,2, 0, 0, 1, 0, 2, 2, 0, 1, 0, 2
~&SPILL_STATS,7, 0, 0, 5, 0, 2, 1, 0, 0.6, 0, 2
~&SPILL_STATS,26, 6, 0, 14, 1, 13, 28.0625, 27.625, 20.125, 0.03125, 57
~&SPILL_STATS,9, 1, 0, 5, 1, 11, 42.25, 16, 32, 0.5, 72.625
~&SPILL_STATS,14, 1, 0, 14, 0, 33, 2630.25, 8191.88, 1111.25, 0, 23483.9
~&SPILL_STATS,0, 0, 0, 0, 0, 1, 0, 0, 0, 0, 1
~&SPILL_STATS,61, 23, 0, 52, 16, 96, 6851.51, 4701.91, 2596.21, 66.8571, 11304.2
~&SPILL_STATS,1, 1, 0, 2, 0, 3, 1, 1, 2, 0, 3
~&SPILL_STATS,0, 1, 0, 1, 0, 3, 0, 1, 1, 0, 3
~&SPILL_STATS,8, 1, 0, 3, 0, 34, 7.81559, 7.5, 0.495809, 0, 41.3336
~&SPILL_STATS,0, 0, 0, 0, 0, 2, 0, 0, 0, 0, 63.75
~&SPILL_STATS,3, 5, 0, 6, 1, 2, 3.66, 12.88, 1.6, 0.16, 10.24
~&SPILL_STATS,210, 65, 0, 167, 13, 231, 175.657, 190.341, 85.4262, 6.9145, 326.831
~&SPILL_STATS,75, 25, 0, 31, 7, 33, 1819.91, 1193.31, 375.858, 26.3828, 782.537
~&SPILL_STATS,0, 0, 0, 0, 0, 12, 0, 0, 0, 0, 6.78125
~&SPILL_STATS,113, 35, 0, 85, 19, 73, 5673.69, 2508.49, 4397.95, 148.724, 4082.18
~&SPILL_STATS,0, 0, 0, 0, 0, 0, 0, 0, 0, 0, 0
~&SPILL_STATS,41, 9, 0, 17, 2, 10, 16726.3, 12112, 357.001, 33, 7750.49
~&SPILL_STATS,22, 4, 0, 13, 4, 6, 566.375, 127.75, 198.125, 34.9375, 160.688
~&SPILL_STATS,0, 0, 0, 0, 0, 3, 0, 0, 0, 0, 2.4
~&SPILL_STATS,22, 3, 0, 13, 1, 13, 338.526, 51.2, 207.8, 21.5579, 217.242
~&SPILL_STATS,30, 3, 0, 13, 1, 8, 457.432, 50.8632, 176.463, 21.2211, 109.453
~&SPILL_STATS,7, 0, 0, 1, 0, 4, 16.6562, 0, 1, 0, 9
~&SPILL_STATS,0, 0, 0, 0, 0, 7, 0, 0, 0, 0, 3.03846
~&SPILL_STATS,0, 0, 0, 0, 0, 46, 0, 0, 0, 0, 6.27557
~&SPILL_STATS,0, 0, 0, 0, 0, 23, 0, 0, 0, 0, 7.4375
~&SPILL_STATS,30, 19, 0, 23, 1, 16, 8714, 9696, 1678.15, 32, 5345
~&SPILL_STATS,32, 10, 0, 27, 0, 12, 1024, 320, 709, 0, 353
~&SPILL_STATS,49, 14, 0, 24, 2, 13, 527.516, 170.667, 222.302, 31.5079, 187.921
~&SPILL_STATS,39, 7, 0, 18, 1, 17, 446.984, 73.1429, 253.937, 15.254, 137.929
~&SPILL_STATS,0, 0, 0, 0, 0, 2, 0, 0, 0, 0, 2
~&SPILL_STATS,18, 1, 0, 9, 0, 35, 3.59277, 0.390625, 4.75, 0, 23.1899
~&SPILL_STATS,38, 37, 0, 15, 1, 4, 12.6667, 12.6667, 7.95833, 0.375, 2.66667
~&SPILL_STATS,3, 0, 0, 2, 0, 9, 0.926471, 0, 1.30882, 0, 5.42647
~&SPILL_STATS,6, 4, 0, 8, 0, 7, 1311.43, 346.357, 348.286, 0, 4.92857
~&SPILL_STATS,55, 22, 0, 51, 0, 22, 28627.3, 10277.6, 16622.4, 0, 5164.13
~&SPILL_STATS,22, 0, 0, 11, 0, 32, 251.093, 0, 6.42677, 0, 1867.74
~&SPILL_STATS,82, 28, 0, 43, 8, 37, 84.9297, 77.0625, 61.25, 2.625, 47.7344
~&SPILL_STATS,123, 42, 0, 76, 8, 171, 12083.5, 2118.88, 518.846, 21.2866, 10323.4
~&SPILL_STATS,12, 2, 0, 5, 1, 9, 32.325, 6.775, 3, 6.375, 126.7
~&SPILL_STATS,7, 1, 0, 7, 0, 7, 3.96471, 1, 5.48235, 0, 5.17647
~&SPILL_STATS,116, 32, 0, 52, 1, 30, 5349.52, 1237.22, 2479.48, 1, 1326.47
~&SPILL_STATS,7, 0, 0, 4, 3, 2, 926.571, 0, 15.2857, 315.667, 127.952
~&SPILL_STATS,30, 8, 0, 20, 0, 23, 87.2503, 38.877, 43.4396, 0, 140.53
~&SPILL_STATS,21, 2, 0, 16, 2, 11, 195.924, 32.3655, 48.5793, 31.4414, 19.731
~&SPILL_STATS,0, 0, 0, 0, 0, 6, 0, 0, 0, 0, 8.49425
~&SPILL_STATS,0, 0, 0, 0, 0, 2, 0, 0, 0, 0, 2
~&SPILL_STATS,12, 0, 0, 1, 0, 54, 0.492652, 0, 0.322266, 0, 27.5058
~&SPILL_STATS,1, 0, 0, 1, 0, 14, 0.317383, 0, 0.625, 0, 14.3781
~&SPILL_STATS,1, 0, 0, 1, 0, 10, 0.123077, 0, 0.184615, 0, 14.1385
~&SPILL_STATS,2, 0, 0, 2, 0, 4, 0.147727, 0, 0.238636, 0, 6.875
~&SPILL_STATS,1, 0, 0, 1, 0, 3, 0.123077, 0, 0.184615, 0, 8.29231
~&SPILL_STATS,0, 0, 0, 0, 0, 10, 0, 0, 0, 0, 42.4375
~&SPILL_STATS,0, 1, 0, 1, 0, 7, 0, 0.4, 0.5, 0, 28.9
~&SPILL_STATS,2, 0, 0, 2, 0, 3, 0.238532, 0, 0.385321, 0, 7.48624
~&SPILL_STATS,5, 0, 0, 2, 0, 8, 1.0309, 0, 1.3115, 0, 18.1879
~&SPILL_STATS,5, 0, 0, 4, 0, 9, 0.175953, 0, 0.247801, 0, 18.3856
~&SPILL_STATS,0, 0, 0, 0, 0, 1, 0, 0, 0, 0, 1
~&SPILL_STATS,10, 0, 0, 7, 0, 13, 0.713402, 0, 1.07835, 0, 18.3773
~&SPILL_STATS,2, 1, 0, 3, 0, 3, 0.215569, 0.11976, 0.461078, 0, 4.4491
~&SPILL_STATS,0, 0, 0, 0, 0, 0, 0, 0, 0, 0, 0
~&SPILL_STATS,0, 0, 0, 0, 0, 3, 0, 0, 0, 0, 10.5868
~&SPILL_STATS,5, 0, 0, 4, 0, 11, 0.72093, 0, 1.13023, 0, 58.0651
~&SPILL_STATS,0, 0, 0, 0, 0, 2, 0, 0, 0, 0, 2
~&SPILL_STATS,0, 3, 0, 3, 0, 19, 0, 1.5, 1.5, 0, 87.7353
~&SPILL_STATS,6, 7, 0, 11, 1, 4, 0.498952, 0.5587, 1.5021, 0.0953878, 0.430818
~&SPILL_STATS,0, 0, 0, 0, 0, 0, 0, 0, 0, 0, 0
~&SPILL_STATS,0, 0, 0, 0, 0, 2, 0, 0, 0, 0, 2
~&SPILL_STATS,0, 0, 0, 0, 0, 0, 0, 0, 0, 0, 0
~&SPILL_STATS,0, 0, 0, 0, 0, 1, 0, 0, 0, 0, 1
~&SPILL_STATS,0, 0, 0, 0, 0, 1, 0, 0, 0, 0, 1
~&SPILL_STATS,0, 0, 0, 0, 0, 0, 0, 0, 0, 0, 0
~&SPILL_STATS,0, 0, 0, 0, 0, 0, 0, 0, 0, 0, 0
~&SPILL_STATS,0, 0, 0, 0, 0, 1, 0, 0, 0, 0, 16.36
~&SPILL_STATS,0, 0, 0, 0, 0, 1, 0, 0, 0, 0, 16.2381
~&SPILL_STATS,0, 0, 0, 0, 0, 4, 0, 0, 0, 0, 64.9524
~&SPILL_STATS,0, 0, 0, 0, 0, 0, 0, 0, 0, 0, 0
~&SPILL_STATS,1, 0, 0, 1, 0, 5, 0.309524, 0, 0.5, 0, 33.4762
~&SPILL_STATS,0, 0, 0, 0, 0, 3, 0, 0, 0, 0, 48.7143
~&SPILL_STATS,1, 0, 0, 1, 0, 1, 10.5833, 0, 10.5833, 0, 341.25
~&SPILL_STATS,5, 0, 0, 1, 0, 4, 1.30952, 0, 1, 0, 49.7143
~&SPILL_STATS,0, 0, 0, 0, 0, 1, 0, 0, 0, 0, 16.36
~&SPILL_STATS,0, 0, 0, 0, 0, 3, 0, 0, 0, 0, 2.38235
~&SPILL_STATS,0, 0, 0, 0, 0, 1, 0, 0, 0, 0, 1
~&SPILL_STATS,0, 0, 0, 0, 0, 1, 0, 0, 0, 0, 1
~&SPILL_STATS,0, 0, 0, 0, 0, 3, 0, 0, 0, 0, 2.61765
~&SPILL_STATS,1, 0, 0, 1, 0, 0, 1, 0, 1, 0, 0
~&SPILL_STATS,2, 2, 0, 3, 0, 3, 1.2381, 1.2381, 2.2381, 0, 2.61905
~&SPILL_STATS,6, 2, 0, 8, 0, 7, 3.32719, 0.0737327, 6.50691, 0, 3.95392
~&SPILL_STATS,10, 1, 0, 8, 0, 3, 6.25, 0.390625, 5, 0, 1.64062
~&SPILL_STATS,0, 0, 0, 0, 0, 1, 0, 0, 0, 0, 1
~&SPILL_STATS,0, 0, 0, 0, 0, 0, 0, 0, 0, 0, 0
~&SPILL_STATS,0, 0, 0, 0, 0, 2, 0, 0, 0, 0, 1.5
~&SPILL_STATS,0, 0, 0, 0, 0, 0, 0, 0, 0, 0, 0
~&SPILL_STATS,0, 0, 0, 0, 0, 0, 0, 0, 0, 0, 0
~&SPILL_STATS,0, 0, 0, 0, 0, 2, 0, 0, 0, 0, 2
~&SPILL_STATS,0, 0, 0, 0, 0, 4, 0, 0, 0, 0, 4
~&SPILL_STATS,0, 0, 0, 0, 0, 8, 0, 0, 0, 0, 5
~&SPILL_STATS,0, 0, 0, 0, 0, 0, 0, 0, 0, 0, 0
~&SPILL_STATS,125, 41, 0, 51, 5, 83, 64.4411, 182.628, 13.3681, 1.85153, 205.565
~&SPILL_STATS,0, 0, 0, 0, 0, 0, 0, 0, 0, 0, 0
~&SPILL_STATS,0, 0, 0, 0, 0, 3, 0, 0, 0, 0, 3
~&SPILL_STATS,0, 0, 0, 0, 0, 0, 0, 0, 0, 0, 0
~&SPILL_STATS,0, 0, 0, 0, 0, 0, 0, 0, 0, 0, 0
~&SPILL_STATS,6, 3, 0, 8, 0, 15, 30.4143, 28.1857, 5.37143, 0, 140.9
~&SPILL_STATS,6, 1, 0, 6, 0, 11, 87.1517, 18.8436, 59.1564, 0, 1268.94
~&SPILL_STATS,8, 0, 0, 3, 2, 16, 0.520833, 0, 0.139509, 0.0744048, 16.5384
~&SPILL_STATS,0, 1, 0, 1, 0, 6, 0, 1, 1, 0, 6
~&SPILL_STATS,0, 0, 0, 0, 0, 5, 0, 0, 0, 0, 1.89284
~&SPILL_STATS,0, 0, 0, 0, 0, 0, 0, 0, 0, 0, 0
~&SPILL_STATS,55, 10, 0, 48, 4, 52, 3299.75, 639.843, 1420.47, 0.980392, 1548.04
~&SPILL_STATS,23, 7, 0, 24, 0, 22, 9317.22, 4494.11, 930.984, 0, 13663.4
~&SPILL_STATS,0, 0, 0, 0, 0, 0, 0, 0, 0, 0, 0
~&SPILL_STATS,0, 0, 0, 0, 0, 0, 0, 0, 0, 0, 0
~&SPILL_STATS,0, 0, 0, 0, 0, 0, 0, 0, 0, 0, 0
~&SPILL_STATS,0, 0, 0, 0, 0, 0, 0, 0, 0, 0, 0
~&SPILL_STATS,0, 0, 0, 0, 0, 0, 0, 0, 0, 0, 0
~&SPILL_STATS,0, 0, 0, 0, 0, 0, 0, 0, 0, 0, 0
~&SPILL_STATS,1, 2, 0, 3, 0, 0, 1, 2, 3, 0, 0
~&SPILL_STATS,0, 0, 0, 0, 0, 0, 0, 0, 0, 0, 0
~&SPILL_STATS,0, 0, 0, 0, 0, 0, 0, 0, 0, 0, 0
~&SPILL_STATS,0, 0, 0, 0, 0, 0, 0, 0, 0, 0, 0
~&SPILL_STATS,0, 0, 0, 0, 0, 1, 0, 0, 0, 0, 1
~&SPILL_STATS,0, 0, 0, 0, 0, 1, 0, 0, 0, 0, 1
~&SPILL_STATS,0, 0, 0, 0, 0, 0, 0, 0, 0, 0, 0
~&SPILL_STATS,0, 0, 0, 0, 0, 0, 0, 0, 0, 0, 0
~&SPILL_STATS,1, 0, 0, 1, 0, 63, 1, 0, 1, 0, 63
~&SPILL_STATS,0, 0, 0, 0, 0, 0, 0, 0, 0, 0, 0
~&SPILL_STATS,0, 0, 0, 0, 0, 0, 0, 0, 0, 0, 0
~&SPILL_STATS,0, 0, 0, 0, 0, 1, 0, 0, 0, 0, 1
~&SPILL_STATS,0, 0, 0, 0, 0, 2, 0, 0, 0, 0, 2
~&SPILL_STATS,0, 0, 0, 0, 0, 0, 0, 0, 0, 0, 0
~&SPILL_STATS,0, 0, 0, 0, 0, 0, 0, 0, 0, 0, 0
~&SPILL_STATS,1, 0, 0, 1, 0, 83, 1, 0, 1, 0, 83
~&SPILL_STATS,0, 0, 0, 0, 0, 0, 0, 0, 0, 0, 0
~&SPILL_STATS,0, 0, 0, 0, 0, 4, 0, 0, 0, 0, 4
~&SPILL_STATS,0, 0, 0, 0, 0, 0, 0, 0, 0, 0, 0
~&SPILL_STATS,0, 0, 0, 0, 0, 0, 0, 0, 0, 0, 0
~&SPILL_STATS,2, 0, 0, 2, 0, 0, 2, 0, 2, 0, 0
~&SPILL_STATS,2, 0, 0, 2, 0, 0, 2, 0, 2, 0, 0
~&SPILL_STATS,0, 0, 0, 0, 0, 0, 0, 0, 0, 0, 0
~&SPILL_STATS,4, 4, 0, 8, 0, 9, 4, 4, 8, 0, 9
~&SPILL_STATS,0, 1, 0, 1, 0, 2, 0, 1, 1, 0, 2
~&SPILL_STATS,0, 1, 0, 1, 0, 2, 0, 1, 1, 0, 2
~&SPILL_STATS,0, 0, 0, 0, 0, 1, 0, 0, 0, 0, 1
~&SPILL_STATS,15, 5, 0, 20, 0, 54, 15, 5, 20, 0, 54
~&SPILL_STATS,0, 0, 0, 0, 0, 1, 0, 0, 0, 0, 1
~&SPILL_STATS,1, 0, 0, 1, 0, 0, 1, 0, 1, 0, 0
~&SPILL_STATS,0, 0, 0, 0, 0, 0, 0, 0, 0, 0, 0
~&SPILL_STATS,1, 7, 0, 6, 0, 7, 1, 7, 6, 0, 7
~&SPILL_STATS,1, 12, 0, 9, 0, 5, 1, 12, 9, 0, 5
~&SPILL_STATS,0, 0, 0, 0, 0, 3, 0, 0, 0, 0, 3
~&SPILL_STATS,0, 0, 0, 0, 0, 0, 0, 0, 0, 0, 0
~&SPILL_STATS,0, 0, 0, 0, 0, 3, 0, 0, 0, 0, 3
~&SPILL_STATS,0, 0, 0, 0, 0, 0, 0, 0, 0, 0, 0
~&SPILL_STATS,0, 0, 0, 0, 0, 0, 0, 0, 0, 0, 0
~&SPILL_STATS,1, 11, 0, 7, 0, 9, 1, 11, 7, 0, 9
~&SPILL_STATS,1, 17, 0, 10, 0, 8, 1, 17, 10, 0, 8
~&SPILL_STATS,0, 0, 0, 0, 0, 4, 0, 0, 0, 0, 4
~&SPILL_STATS,0, 0, 0, 0, 0, 0, 0, 0, 0, 0, 0
~&SPILL_STATS,0, 0, 0, 0, 0, 4, 0, 0, 0, 0, 4
~&SPILL_STATS,0, 0, 0, 0, 0, 0, 0, 0, 0, 0, 0
~&SPILL_STATS,0, 0, 0, 0, 0, 9, 0, 0, 0, 0, 9
~&SPILL_STATS,0, 0, 0, 0, 0, 6, 0, 0, 0, 0, 6
~&SPILL_STATS,0, 0, 0, 0, 0, 5, 0, 0, 0, 0, 5
~&SPILL_STATS,0, 0, 0, 0, 0, 0, 0, 0, 0, 0, 0
~&SPILL_STATS,0, 0, 0, 0, 0, 1, 0, 0, 0, 0, 20.2857
~&SPILL_STATS,4, 0, 0, 3, 2, 3, 51.7143, 0, 11.381, 1, 60.8571
~&SPILL_STATS,1, 0, 0, 1, 0, 3, 20.2857, 0, 0.619048, 0, 41.5714
~&SPILL_STATS,0, 1, 0, 1, 0, 7, 0, 1, 1, 0, 7
~&SPILL_STATS,0, 0, 0, 0, 0, 0, 0, 0, 0, 0, 0
~&SPILL_STATS,1, 0, 0, 1, 0, 5, 31.875, 0, 31.875, 0, 159.375
~&SPILL_STATS,1, 2, 0, 3, 0, 31, 1, 2, 3, 0, 31
~&SPILL_STATS,28, 18, 0, 34, 1, 34, 892.5, 573.75, 1083.75, 31.875, 1083.75
~&SPILL_STATS,5, 0, 0, 5, 0, 5, 101.429, 0, 101.429, 0, 101.429
~&SPILL_STATS,12, 2, 0, 7, 7, 1, 12, 2, 7, 7, 1
~&SPILL_STATS,40, 20, 0, 53, 0, 13, 40, 20, 53, 0, 13
~&SPILL_STATS,8, 2, 0, 10, 0, 4, 8, 2, 10, 0, 66
~&SPILL_STATS,61, 7, 0, 14, 3, 34, 16.7802, 0.864313, 7.32508, 0.00938484, 23.6222
~&SPILL_STATS,0, 0, 0, 0, 0, 2, 0, 0, 0, 0, 24.2857
~&SPILL_STATS,3, 3, 0, 5, 0, 10, 0.578947, 0.421053, 1.07368, 0, 3.22105
~&SPILL_STATS,134, 44, 0, 45, 0, 56, 4782, 2131.88, 430.206, 0, 1792.41
~&SPILL_STATS,249, 18, 0, 137, 0, 77, 10839.1, 1976.71, 304.905, 0, 4117.62
~&SPILL_STATS,84, 18, 0, 15, 0, 44, 7363.5, 2381.75, 420.125, 0, 4044.5
~&SPILL_STATS,8, 5, 0, 6, 1, 12, 402.333, 879.583, 84.8333, 8.25, 799
~&SPILL_STATS,0, 0, 0, 0, 0, 0, 0, 0, 0, 0, 0
~&SPILL_STATS,0, 0, 0, 0, 0, 0, 0, 0, 0, 0, 0
~&SPILL_STATS,0, 0, 0, 0, 0, 1, 0, 0, 0, 0, 31.875
~&SPILL_STATS,0, 0, 0, 0, 0, 1, 0, 0, 0, 0, 31.875
~&SPILL_STATS,0, 2, 0, 3, 1, 12, 0, 13.1471, 1.61765, 0.617647, 112.118
~&SPILL_STATS,0, 0, 0, 0, 0, 1, 0, 0, 0, 0, 0.666667
~&SPILL_STATS,0, 0, 0, 0, 0, 1, 0, 0, 0, 0, 12.1429
~&SPILL_STATS,0, 0, 0, 0, 0, 3, 0, 0, 0, 0, 21.6667
~&SPILL_STATS,0, 0, 0, 0, 0, 1, 0, 0, 0, 0, 12.1429
~&SPILL_STATS,0, 0, 0, 0, 0, 1, 0, 0, 0, 0, 20.2857
~&SPILL_STATS,5, 1, 0, 5, 4, 1, 552.5, 10.8333, 607.333, 238.25, 130
~&SPILL_STATS,3, 3, 0, 5, 0, 2, 435.05, 435.05, 39.05, 0, 25.5
~&SPILL_STATS,0, 0, 0, 0, 0, 0, 0, 0, 0, 0, 0
~&SPILL_STATS,0, 0, 0, 0, 0, 1, 0, 0, 0, 0, 1
~&SPILL_STATS,0, 0, 0, 0, 0, 0, 0, 0, 0, 0, 0
~&SPILL_STATS,0, 0, 0, 0, 0, 0, 0, 0, 0, 0, 0
~&SPILL_STATS,0, 0, 0, 0, 0, 0, 0, 0, 0, 0, 0
~&SPILL_STATS,0, 0, 0, 0, 0, 0, 0, 0, 0, 0, 0
~&SPILL_STATS,0, 0, 0, 0, 0, 0, 0, 0, 0, 0, 0
~&SPILL_STATS,0, 0, 0, 0, 0, 0, 0, 0, 0, 0, 0
~&SPILL_STATS,0, 0, 0, 0, 0, 0, 0, 0, 0, 0, 0
~&SPILL_STATS,0, 0, 0, 0, 0, 0, 0, 0, 0, 0, 0
~&SPILL_STATS,0, 0, 0, 0, 0, 0, 0, 0, 0, 0, 0
~&SPILL_STATS,0, 0, 0, 0, 0, 1, 0, 0, 0, 0, 1
~&SPILL_STATS,0, 0, 0, 0, 0, 1, 0, 0, 0, 0, 1
~&SPILL_STATS,0, 0, 0, 0, 0, 1, 0, 0, 0, 0, 1
~&SPILL_STATS,0, 0, 0, 0, 0, 1, 0, 0, 0, 0, 1
~&SPILL_STATS,0, 0, 0, 0, 0, 1, 0, 0, 0, 0, 1
~&SPILL_STATS,0, 0, 0, 0, 0, 0, 0, 0, 0, 0, 0
~&SPILL_STATS,0, 0, 0, 0, 0, 0, 0, 0, 0, 0, 0
~&SPILL_STATS,0, 0, 0, 0, 0, 0, 0, 0, 0, 0, 0
~&SPILL_STATS,0, 0, 0, 0, 0, 1, 0, 0, 0, 0, 1
~&SPILL_STATS,0, 0, 0, 0, 0, 0, 0, 0, 0, 0, 0
~&SPILL_STATS,0, 0, 0, 0, 0, 1, 0, 0, 0, 0, 1
~&SPILL_STATS,0, 0, 0, 0, 0, 1, 0, 0, 0, 0, 1
~&SPILL_STATS,1, 0, 0, 1, 0, 24, 0.0754717, 0, 0.0754717, 0, 3.5283
~&SPILL_STATS,7, 7, 0, 9, 0, 6, 6.61905, 6.61905, 9, 0, 5
~&SPILL_STATS,17, 18, 0, 22, 0, 10, 16, 18, 21, 0, 9
~&SPILL_STATS,4, 5, 0, 7, 0, 2, 4, 5, 6, 0, 2
~&SPILL_STATS,0, 0, 0, 0, 0, 15, 0, 0, 0, 0, 0.600733
~&SPILL_STATS,2, 2, 0, 2, 3, 13, 0.308613, 0.167977, 0.0234096, 0.00625447, 0.684596
~&SPILL_STATS,0, 0, 0, 0, 0, 0, 0, 0, 0, 0, 0
~&SPILL_STATS,1, 0, 0, 0, 2, 7, 1, 0, 0, 1.48837, 8.55814
~&SPILL_STATS,3, 1, 0, 2, 0, 3, 22.5, 7.5, 15, 0, 22.5
~&SPILL_STATS,9, 6, 0, 8, 0, 24, 29.8824, 49.5441, 5.42647, 0, 277.324
~&SPILL_STATS,0, 0, 0, 0, 0, 0, 0, 0, 0, 0, 0
~&SPILL_STATS,0, 0, 0, 0, 0, 2, 0, 0, 0, 0, 2
~&SPILL_STATS,69, 19, 0, 46, 11, 39, 199.426, 147.642, 74.8774, 4.18627, 120.299
~&SPILL_STATS,47, 13, 0, 26, 0, 32, 251.199, 61.3516, 71.2461, 0, 178.156
~&SPILL_STATS,0, 0, 0, 0, 0, 0, 0, 0, 0, 0, 0
~&SPILL_STATS,22, 3, 0, 16, 0, 11, 14.4159, 2.34557, 2.63303, 0, 4.20795
~&SPILL_STATS,25, 2, 0, 9, 0, 9, 10.5147, 1.12745, 9, 0, 6.40196
~&SPILL_STATS,12, 8, 0, 12, 1, 17, 33672.9, 36295.8, 9106.22, 0.21875, 97991.5
~&SPILL_STATS,151, 44, 0, 81, 2, 112, 734.843, 260.423, 573.177, 20.0572, 645.884
~&SPILL_STATS,0, 0, 0, 0, 0, 0, 0, 0, 0, 0, 0
~&SPILL_STATS,0, 0, 0, 0, 0, 0, 0, 0, 0, 0, 0
~&SPILL_STATS,0, 0, 0, 0, 0, 0, 0, 0, 0, 0, 0
~&SPILL_STATS,0, 0, 0, 0, 0, 0, 0, 0, 0, 0, 0
~&SPILL_STATS,0, 0, 0, 0, 0, 0, 0, 0, 0, 0, 0
~&SPILL_STATS,0, 0, 0, 0, 0, 0, 0, 0, 0, 0, 0
~&SPILL_STATS,0, 0, 0, 0, 0, 0, 0, 0, 0, 0, 0
~&SPILL_STATS,0, 0, 0, 0, 0, 0, 0, 0, 0, 0, 0
~&SPILL_STATS,0, 0, 0, 0, 0, 0, 0, 0, 0, 0, 0
~&SPILL_STATS,10, 12, 0, 11, 6, 41, 3358.62, 3048.24, 2108.08, 96.8649, 2627.62
~&SPILL_STATS,25, 6, 0, 13, 0, 20, 2105.88, 326.25, 1028, 0, 3475.62
~&SPILL_STATS,12, 7, 0, 10, 0, 14, 83.5, 26.125, 73.25, 0, 167.5
~&SPILL_STATS,27, 6, 0, 15, 0, 16, 88.625, 15.75, 65.375, 0, 124.75
~&SPILL_STATS,31, 0, 0, 4, 0, 53, 13.625, 0, 3.25, 0, 31.5
~&SPILL_STATS,177, 46, 0, 112, 6, 109, 1214.55, 451.682, 317.871, 0.464298, 1108.67
~&SPILL_STATS,0, 0, 0, 0, 0, 0, 0, 0, 0, 0, 0
~&SPILL_STATS,0, 1, 0, 1, 0, 22, 0, 0.619048, 0.619048, 0, 26.4286
~&SPILL_STATS,6, 1, 0, 2, 0, 6, 0.473943, 0.0756074, 0.78125, 0, 10.4194
~&SPILL_STATS,0, 0, 0, 0, 0, 4, 0, 0, 0, 0, 4
~&SPILL_STATS,0, 0, 0, 0, 0, 0, 0, 0, 0, 0, 0
~&SPILL_STATS,0, 0, 0, 0, 0, 0, 0, 0, 0, 0, 0
~&SPILL_STATS,0, 0, 0, 0, 0, 6, 0, 0, 0, 0, 10.2341
~&SPILL_STATS,0, 0, 0, 0, 0, 0, 0, 0, 0, 0, 0
~&SPILL_STATS,0, 0, 0, 0, 0, 4, 0, 0, 0, 0, 3.61905
~&SPILL_STATS,0, 0, 0, 0, 0, 0, 0, 0, 0, 0, 0
~&SPILL_STATS,0, 0, 0, 0, 0, 0, 0, 0, 0, 0, 0
~&SPILL_STATS,0, 0, 0, 0, 0, 1, 0, 0, 0, 0, 1
~&SPILL_STATS,6, 4, 0, 11, 2, 227, 2.21743, 0.146484, 1.24948, 0.625, 6.08945
~&SPILL_STATS,0, 0, 0, 0, 0, 3, 0, 0, 0, 0, 3
~&SPILL_STATS,0, 0, 0, 0, 0, 2, 0, 0, 0, 0, 2
~&SPILL_STATS,2, 1, 0, 3, 0, 4, 5.67551, 5.50353, 2, 0, 17.3386
~&SPILL_STATS,0, 0, 0, 0, 0, 4, 0, 0, 0, 0, 3.2381
~&SPILL_STATS,0, 0, 0, 0, 0, 0, 0, 0, 0, 0, 0
~&SPILL_STATS,0, 0, 0, 0, 0, 3, 0, 0, 0, 0, 25.9524
~&SPILL_STATS,0, 0, 0, 0, 0, 6, 0, 0, 0, 0, 31.5952
~&SPILL_STATS,0, 0, 0, 0, 0, 13, 0, 0, 0, 0, 3.83486
~&SPILL_STATS,4, 0, 0, 1, 0, 46, 0.594059, 0, 0.623762, 0, 26.4752
~&SPILL_STATS,0, 0, 0, 0, 0, 7, 0, 0, 0, 0, 24.5588
~&SPILL_STATS,8, 7, 0, 10, 0, 23, 48.88, 419.56, 29.76, 0, 1971.12
~&SPILL_STATS,0, 0, 0, 0, 0, 0, 0, 0, 0, 0, 0
~&SPILL_STATS,46, 23, 0, 52, 8, 75, 394.695, 48.1159, 77.7296, 8.56652, 1252.46
~&SPILL_STATS,51, 34, 0, 52, 8, 67, 412.186, 74.9304, 75.1546, 8.5799, 1294.87
~&SPILL_STATS,20, 4, 0, 13, 1, 21, 1887.25, 1081.55, 63.85, 0.4, 1003.2
~&SPILL_STATS,0, 0, 0, 0, 0, 3, 0, 0, 0, 0, 32.375
~&SPILL_STATS,0, 0, 0, 0, 0, 3, 0, 0, 0, 0, 32.375
~&SPILL_STATS,0, 0, 0, 0, 0, 2, 0, 0, 0, 0, 31.875
~&SPILL_STATS,0, 0, 0, 0, 0, 2, 0, 0, 0, 0, 31.875
~&SPILL_STATS,0, 0, 0, 0, 0, 7, 0, 0, 0, 0, 3.5
~&SPILL_STATS,7, 0, 0, 5, 1, 11, 111.562, 0, 49.3125, 0.5, 113.562
~&SPILL_STATS,10, 0, 0, 6, 0, 34, 5, 0, 3, 0, 17
~&SPILL_STATS,0, 0, 0, 0, 0, 15, 0, 0, 0, 0, 7.5
~&SPILL_STATS,3, 1, 0, 3, 0, 15, 1.5, 0.5, 1.5, 0, 7.5
~&SPILL_STATS,0, 0, 0, 0, 0, 6, 0, 0, 0, 0, 3
~&SPILL_STATS,0, 0, 0, 0, 0, 0, 0, 0, 0, 0, 0
~&SPILL_STATS,0, 0, 0, 0, 0, 1, 0, 0, 0, 0, 0.64
~&SPILL_STATS,0, 1, 0, 1, 0, 1, 0, 10.2, 0.32, 0, 0.64
~&SPILL_STATS,0, 2, 0, 2, 0, 1, 0, 20.4, 0.64, 0, 0.64
~&SPILL_STATS,101, 53, 0, 74, 27, 81, 2398.56, 926.617, 1192.58, 130.626, 3985.33
~&SPILL_STATS,87, 30, 0, 21, 36, 38, 2780.47, 190.625, 489.454, 219.141, 1910.55
~&SPILL_STATS,0, 2, 0, 2, 0, 7, 0, 8.46875, 0.75, 0, 48.0625
~&SPILL_STATS,0, 2, 0, 2, 0, 7, 0, 8.46875, 0.75, 0, 48.0625
~&SPILL_STATS,24, 5, 0, 10, 2, 33, 6.02734, 4.34961, 2.34766, 0.25, 21.502
~&SPILL_STATS,6, 0, 0, 2, 0, 13, 1.61176, 0, 0.92549, 0, 13.2353
~&SPILL_STATS,0, 0, 0, 0, 0, 2, 0, 0, 0, 0, 42.5
~&SPILL_STATS,43, 5, 0, 11, 2, 23, 239.28, 51, 78.4, 0.64, 130.68
~&SPILL_STATS,1, 0, 0, 1, 0, 8, 12.5294, 0, 12.5294, 0, 88.0588
~&SPILL_STATS,1, 0, 0, 1, 0, 12, 12.5294, 0, 12.5294, 0, 128.118
~&SPILL_STATS,1, 0, 0, 1, 0, 17, 12.5294, 0, 12.5294, 0, 213
~&SPILL_STATS,1, 0, 0, 1, 0, 25, 12.5294, 0, 12.5294, 0, 313.235
~&SPILL_STATS,1, 0, 0, 1, 0, 33, 12.5294, 0, 12.5294, 0, 413.471
~&SPILL_STATS,4, 3, 0, 7, 0, 10, 426.588, 37.5882, 50.8824, 0, 629.676
~&SPILL_STATS,13, 7, 0, 13, 2, 14, 12.5588, 27.4559, 12.1618, 3.73529, 26.5735
~&SPILL_STATS,0, 0, 0, 0, 0, 0, 0, 0, 0, 0, 0
~&SPILL_STATS,30, 0, 0, 30, 0, 3, 30, 0, 30, 0, 3
~&SPILL_STATS,5, 2, 0, 7, 0, 5, 5, 2, 7, 0, 5
~&SPILL_STATS,0, 0, 0, 0, 0, 0, 0, 0, 0, 0, 0
~&SPILL_STATS,0, 3, 0, 3, 0, 18, 0, 3, 3, 0, 18
~&SPILL_STATS,0, 0, 0, 0, 0, 0, 0, 0, 0, 0, 0
~&SPILL_STATS,0, 0, 0, 0, 0, 2, 0, 0, 0, 0, 2
~&SPILL_STATS,0, 0, 0, 0, 0, 0, 0, 0, 0, 0, 0
~&SPILL_STATS,0, 0, 0, 0, 0, 0, 0, 0, 0, 0, 0
~&SPILL_STATS,0, 0, 0, 0, 0, 2, 0, 0, 0, 0, 2
~&SPILL_STATS,57, 50, 0, 96, 0, 4, 57, 50, 96, 0, 4
~&SPILL_STATS,32, 6, 0, 20, 0, 16, 773, 67.75, 267, 0, 510
~&SPILL_STATS,0, 0, 0, 0, 0, 0, 0, 0, 0, 0, 0
~&SPILL_STATS,0, 0, 0, 0, 0, 0, 0, 0, 0, 0, 0
~&SPILL_STATS,0, 14, 0, 14, 0, 9, 0, 14, 14, 0, 9
~&SPILL_STATS,0, 14, 0, 14, 0, 10, 0, 14, 14, 0, 10
~&SPILL_STATS,0, 0, 0, 0, 0, 0, 0, 0, 0, 0, 0
~&SPILL_STATS,0, 0, 0, 0, 0, 4, 0, 0, 0, 0, 127.5
~&SPILL_STATS,0, 0, 0, 0, 0, 0, 0, 0, 0, 0, 0
~&SPILL_STATS,0, 0, 0, 0, 0, 0, 0, 0, 0, 0, 0
~&SPILL_STATS,0, 0, 0, 0, 0, 0, 0, 0, 0, 0, 0
~&SPILL_STATS,0, 0, 0, 0, 0, 11, 0, 0, 0, 0, 11
~&SPILL_STATS,0, 0, 0, 0, 0, 2, 0, 0, 0, 0, 2
~&SPILL_STATS,0, 0, 0, 0, 0, 2, 0, 0, 0, 0, 2
~&SPILL_STATS,0, 0, 0, 0, 0, 0, 0, 0, 0, 0, 0
~&SPILL_STATS,0, 0, 0, 0, 0, 0, 0, 0, 0, 0, 0
~&SPILL_STATS,0, 0, 0, 0, 0, 11, 0, 0, 0, 0, 11
~&SPILL_STATS,0, 0, 0, 0, 0, 2, 0, 0, 0, 0, 2
~&SPILL_STATS,0, 0, 0, 0, 0, 2, 0, 0, 0, 0, 2
~&SPILL_STATS,0, 0, 0, 0, 0, 0, 0, 0, 0, 0, 0
~&SPILL_STATS,0, 0, 0, 0, 0, 5, 0, 0, 0, 0, 79.875
~&SPILL_STATS,0, 0, 0, 0, 0, 0, 0, 0, 0, 0, 0
~&SPILL_STATS,0, 0, 0, 0, 0, 0, 0, 0, 0, 0, 0
~&SPILL_STATS,2, 0, 0, 1, 0, 13, 0.506173, 0, 0.308642, 0, 8.60494
~&SPILL_STATS,2, 0, 0, 1, 0, 8, 0.401961, 0, 0.245098, 0, 2.56863
~&SPILL_STATS,6, 0, 0, 3, 0, 20, 57.875, 0, 42.875, 0, 262.812
~&SPILL_STATS,2, 0, 0, 1, 0, 10, 0.506173, 0, 0.308642, 0, 5.60494
~&SPILL_STATS,6, 0, 0, 3, 0, 27, 1.45399, 0, 0.895705, 0, 8.7362
~&SPILL_STATS,19, 7, 0, 14, 0, 21, 6718.25, 2943.25, 3902.25, 0, 8606.75
~&SPILL_STATS,0, 0, 0, 0, 0, 0, 0, 0, 0, 0, 0
~&SPILL_STATS,0, 0, 0, 0, 0, 0, 0, 0, 0, 0, 0
~&SPILL_STATS,0, 0, 0, 0, 0, 0, 0, 0, 0, 0, 0
~&SPILL_STATS,0, 0, 0, 0, 0, 0, 0, 0, 0, 0, 0
~&SPILL_STATS,20, 6, 0, 21, 0, 6, 483.125, 129.5, 422.375, 0, 160.375
~&SPILL_STATS,0, 0, 0, 0, 0, 0, 0, 0, 0, 0, 0
~&SPILL_STATS,0, 0, 0, 0, 0, 0, 0, 0, 0, 0, 0
~&SPILL_STATS,0, 0, 0, 0, 0, 0, 0, 0, 0, 0, 0
~&SPILL_STATS,0, 0, 0, 0, 0, 0, 0, 0, 0, 0, 0
~&SPILL_STATS,0, 0, 0, 0, 0, 0, 0, 0, 0, 0, 0
~&SPILL_STATS,0, 0, 0, 0, 0, 0, 0, 0, 0, 0, 0
~&SPILL_STATS,2, 1, 0, 3, 0, 0, 2, 1, 3, 0, 0
~&SPILL_STATS,11, 0, 0, 16, 3, 4, 350.625, 0, 201.25, 95.625, 4
~&SPILL_STATS,0, 0, 0, 0, 0, 0, 0, 0, 0, 0, 0
~&SPILL_STATS,0, 0, 0, 0, 0, 0, 0, 0, 0, 0, 0
~&SPILL_STATS,0, 0, 0, 0, 0, 0, 0, 0, 0, 0, 0
~&SPILL_STATS,0, 0, 0, 0, 0, 0, 0, 0, 0, 0, 0
~&SPILL_STATS,0, 0, 0, 0, 0, 0, 0, 0, 0, 0, 0
~&SPILL_STATS,0, 2, 0, 2, 0, 0, 0, 2, 2, 0, 0
~&SPILL_STATS,0, 0, 0, 0, 0, 0, 0, 0, 0, 0, 0
~&SPILL_STATS,2, 0, 0, 2, 0, 1, 2, 0, 2, 0, 1
~&SPILL_STATS,1, 0, 0, 1, 0, 0, 1, 0, 1, 0, 0
~&SPILL_STATS,9, 0, 0, 9, 0, 4, 9, 0, 9, 0, 4
~&SPILL_STATS,12, 1, 0, 12, 0, 7, 12, 1, 12, 0, 7
~&SPILL_STATS,4, 1, 0, 5, 0, 0, 4, 1, 5, 0, 0
~&SPILL_STATS,0, 1, 0, 1, 0, 3, 0, 1, 1, 0, 3
~&SPILL_STATS,0, 0, 0, 0, 0, 0, 0, 0, 0, 0, 0
~&SPILL_STATS,0, 0, 0, 0, 0, 0, 0, 0, 0, 0, 0
~&SPILL_STATS,0, 0, 0, 0, 0, 0, 0, 0, 0, 0, 0
~&SPILL_STATS,0, 0, 0, 0, 0, 5, 0, 0, 0, 0, 3
~&SPILL_STATS,0, 0, 0, 0, 0, 0, 0, 0, 0, 0, 0
~&SPILL_STATS,0, 0, 0, 0, 0, 0, 0, 0, 0, 0, 0
~&SPILL_STATS,0, 0, 0, 0, 0, 0, 0, 0, 0, 0, 0
~&SPILL_STATS,0, 0, 0, 0, 0, 0, 0, 0, 0, 0, 0
~&SPILL_STATS,0, 0, 0, 0, 0, 0, 0, 0, 0, 0, 0
~&SPILL_STATS,3, 0, 0, 3, 0, 0, 3, 0, 3, 0, 0
~&SPILL_STATS,3, 0, 0, 3, 0, 0, 3, 0, 3, 0, 0
~&SPILL_STATS,3, 0, 0, 3, 0, 0, 3, 0, 3, 0, 0
~&SPILL_STATS,1, 0, 0, 1, 0, 1, 1, 0, 1, 0, 1
~&SPILL_STATS,0, 0, 0, 0, 0, 0, 0, 0, 0, 0, 0
~&SPILL_STATS,0, 0, 0, 0, 0, 0, 0, 0, 0, 0, 0
~&SPILL_STATS,0, 0, 0, 0, 0, 0, 0, 0, 0, 0, 0
~&SPILL_STATS,0, 0, 0, 0, 0, 0, 0, 0, 0, 0, 0
~&SPILL_STATS,0, 0, 0, 0, 0, 0, 0, 0, 0, 0, 0
~&SPILL_STATS,0, 0, 0, 0, 0, 5, 0, 0, 0, 0, 79.9375
~&SPILL_STATS,0, 1, 0, 1, 0, 2, 0, 0.5, 0.5, 0, 16.5
~&SPILL_STATS,6, 5, 0, 11, 0, 33, 6, 5, 11, 0, 16.381
~&SPILL_STATS,0, 0, 0, 0, 0, 12, 0, 0, 0, 0, 5.66667
~&SPILL_STATS,0, 0, 0, 0, 0, 7, 0, 0, 0, 0, 5
~&SPILL_STATS,0, 0, 0, 0, 0, 4, 0, 0, 0, 0, 3
~&SPILL_STATS,0, 0, 0, 0, 0, 3, 0, 0, 0, 0, 3
~&SPILL_STATS,3, 3, 0, 3, 0, 10, 0.380952, 8.22222, 0.492064, 0, 55.8571
~&SPILL_STATS,0, 0, 0, 0, 0, 1, 0, 0, 0, 0, 1.08941
~&SPILL_STATS,0, 0, 0, 0, 0, 1, 0, 0, 0, 0, 1.74306
~&SPILL_STATS,0, 0, 0, 0, 0, 1, 0, 0, 0, 0, 1.7437
~&SPILL_STATS,0, 0, 0, 0, 0, 0, 0, 0, 0, 0, 0
~&SPILL_STATS,0, 0, 0, 0, 0, 1, 0, 0, 0, 0, 15.8146
~&SPILL_STATS,0, 0, 0, 0, 0, 1, 0, 0, 0, 0, 15.453
~&SPILL_STATS,0, 0, 0, 0, 0, 1, 0, 0, 0, 0, 15.746
~&SPILL_STATS,2, 0, 0, 1, 0, 8, 1.14318, 0, 1.14318, 0, 22.5
~&SPILL_STATS,3, 0, 0, 2, 0, 6, 0.940447, 0, 1.24814, 0, 27.1725
~&SPILL_STATS,3, 0, 0, 2, 0, 6, 0.922141, 0, 1.22384, 0, 26.6436
~&SPILL_STATS,1, 0, 0, 1, 0, 9, 1, 0, 1, 0, 4.91667
~&SPILL_STATS,0, 6, 0, 2, 0, 8, 0, 2.79528, 2, 0, 5.40945
~&SPILL_STATS,2, 3, 0, 5, 0, 8, 0.13467, 0.449857, 0.702006, 0, 1.39542
~&SPILL_STATS,50, 34, 0, 50, 6, 65, 10.848, 5.84139, 9.06507, 0.483398, 15.865
~&SPILL_STATS,12, 3, 0, 10, 0, 23, 4.61538, 1.30769, 6.15385, 0, 8.42857
~&SPILL_STATS,0, 0, 0, 0, 0, 1, 0, 0, 0, 0, 1
~&SPILL_STATS,1, 0, 0, 1, 0, 6, 1.06122, 0, 0.24898, 0, 1.40816
~&SPILL_STATS,455, 48, 0, 228, 18, 118, 34.8227, 3.19453, 19.7781, 0.677344, 11.307
~&SPILL_STATS,20, 3, 0, 22, 2, 3, 6.53846, 1.82418, 10.1429, 0.153846, 2.48352
~&SPILL_STATS,0, 0, 0, 0, 0, 0, 0, 0, 0, 0, 0
~&SPILL_STATS,17, 16, 0, 11, 5, 40, 4.73981, 9.09718, 6.00313, 1.59875, 7.7116
~&SPILL_STATS,2, 5, 0, 3, 0, 10, 0.307692, 0.991758, 3, 0, 0.928571
~&SPILL_STATS,0, 0, 0, 0, 0, 0, 0, 0, 0, 0, 0
~&SPILL_STATS,0, 0, 0, 0, 0, 0, 0, 0, 0, 0, 0
~&SPILL_STATS,0, 0, 0, 0, 0, 0, 0, 0, 0, 0, 0
~&SPILL_STATS,11, 1, 0, 4, 2, 4, 63.8346, 0.0629921, 15.7165, 7.04724, 26.1811
~&SPILL_STATS,0, 0, 0, 0, 0, 0, 0, 0, 0, 0, 0
~&SPILL_STATS,1, 0, 0, 1, 0, 0, 0.333333, 0, 1, 0, 0
~&SPILL_STATS,1, 0, 0, 1, 0, 1, 0.333333, 0, 1, 0, 1
~&SPILL_STATS,23, 18, 0, 23, 0, 143, 17.4548, 10.7888, 3.11599, 0, 107.285
~&SPILL_STATS,0, 0, 0, 0, 0, 1, 0, 0, 0, 0, 1
~&SPILL_STATS,1, 13, 0, 14, 0, 9, 0.625, 384.25, 14, 0, 132.75
~&SPILL_STATS,0, 0, 0, 0, 0, 1, 0, 0, 0, 0, 1
~&SPILL_STATS,1, 0, 0, 1, 0, 1, 0.666667, 0, 1, 0, 1
~&SPILL_STATS,1, 0, 0, 1, 0, 1, 0.666667, 0, 1, 0, 1
~&SPILL_STATS,60, 9, 0, 23, 4, 22, 10870.3, 4422.25, 8078.84, 66, 12234.8
~&SPILL_STATS,38, 4, 0, 19, 4, 19, 8786.55, 3204.97, 6597, 66, 13232.4
~&SPILL_STATS,38, 7, 0, 24, 7, 56, 1618.12, 550.25, 1236.5, 22.25, 2721.5
~&SPILL_STATS,37, 3, 0, 10, 5, 11, 4437.12, 2248, 2348, 266, 3297
~&SPILL_STATS,26, 9, 0, 16, 7, 21, 395.125, 997.5, 203.688, 100.812, 877.5
~&SPILL_STATS,30, 2, 0, 19, 0, 23, 260.586, 5.86207, 17.8966, 0, 403.069
~&SPILL_STATS,0, 0, 0, 0, 0, 0, 0, 0, 0, 0, 0
~&SPILL_STATS,0, 0, 0, 0, 0, 0, 0, 0, 0, 0, 0
~&SPILL_STATS,48, 10, 0, 36, 0, 31, 6737.33, 2761.83, 1127.33, 0, 3526.42
~&SPILL_STATS,62, 11, 0, 47, 3, 21, 7724.17, 132.548, 495.405, 1.2381, 431.643
~&SPILL_STATS,148, 78, 0, 96, 11, 133, 10.016, 7.76144, 6.57735, 0.293411, 19.6501
~&SPILL_STATS,0, 0, 0, 0, 0, 0, 0, 0, 0, 0, 0
~&SPILL_STATS,0, 0, 0, 0, 0, 0, 0, 0, 0, 0, 0
~&SPILL_STATS,0, 0, 0, 0, 0, 0, 0, 0, 0, 0, 0
~&SPILL_STATS,0, 0, 0, 0, 0, 0, 0, 0, 0, 0, 0
~&SPILL_STATS,1, 2, 0, 3, 0, 5, 1, 7.5098, 1.22549, 0, 15.1078
~&SPILL_STATS,0, 0, 0, 0, 0, 2, 0, 0, 0, 0, 42.5
~&SPILL_STATS,86, 33, 0, 18, 3, 8, 137.811, 89.1678, 21.9375, 0.69043, 50.4531
~&SPILL_STATS,0, 0, 0, 0, 0, 2, 0, 0, 0, 0, 31.875
~&SPILL_STATS,44, 41, 0, 62, 8, 68, 1763.65, 552.382, 78.8628, 430.618, 1049.38
~&SPILL_STATS,29, 4, 0, 19, 0, 20, 29, 4, 19, 0, 20
~&SPILL_STATS,28, 4, 0, 20, 0, 22, 28, 4, 20, 0, 22
~&SPILL_STATS,27, 4, 0, 22, 0, 1, 27, 4, 22, 0, 1
~&SPILL_STATS,27, 1, 0, 18, 0, 11, 27, 1, 18, 0, 11
~&SPILL_STATS,3, 5, 0, 7, 0, 0, 3, 5, 7, 0, 0
~&SPILL_STATS,12, 1, 0, 9, 0, 2, 12, 1, 9, 0, 2
~&SPILL_STATS,0, 0, 0, 0, 0, 0, 0, 0, 0, 0, 0
~&SPILL_STATS,0, 0, 0, 0, 0, 0, 0, 0, 0, 0, 0
~&SPILL_STATS,37, 13, 0, 37, 2, 21, 1153, 416, 843, 64, 548
~&SPILL_STATS,37, 5, 0, 28, 3, 33, 1153, 160, 555, 96, 932
~&SPILL_STATS,0, 0, 0, 0, 0, 0, 0, 0, 0, 0, 0
~&SPILL_STATS,1, 0, 0, 1, 0, 1, 1, 0, 1, 0, 1
~&SPILL_STATS,1, 0, 0, 1, 0, 2, 0.64, 0, 0.64, 0, 1.28
~&SPILL_STATS,2, 0, 0, 2, 0, 6, 1.375, 0, 2, 0, 5
~&SPILL_STATS,0, 0, 0, 0, 0, 1, 0, 0, 0, 0, 1
~&SPILL_STATS,0, 0, 0, 0, 0, 0, 0, 0, 0, 0, 0
~&SPILL_STATS,0, 0, 0, 0, 0, 2, 0, 0, 0, 0, 0.583333
~&SPILL_STATS,7, 0, 0, 5, 0, 2, 6.5, 0, 5, 0, 2
~&SPILL_STATS,33, 9, 0, 10, 4, 12, 15.4541, 2.80859, 9, 1.5, 5.04743
~&SPILL_STATS,0, 0, 0, 0, 0, 0, 0, 0, 0, 0, 0
~&SPILL_STATS,0, 0, 0, 0, 0, 0, 0, 0, 0, 0, 0
~&SPILL_STATS,0, 0, 0, 0, 0, 0, 0, 0, 0, 0, 0
~&SPILL_STATS,72, 4, 0, 9, 0, 4, 60, 4, 9, 0, 4
~&SPILL_STATS,50, 9, 0, 11, 2, 13, 19.2212, 2.89193, 9.83333, 0.75, 4.79783
~&SPILL_STATS,0, 0, 0, 0, 0, 0, 0, 0, 0, 0, 0
~&SPILL_STATS,0, 0, 0, 0, 0, 1, 0, 0, 0, 0, 0.333333
~&SPILL_STATS,14, 5, 0, 8, 0, 8, 10.0547, 1.89062, 6, 0, 4.17969
~&SPILL_STATS,0, 0, 0, 0, 0, 0, 0, 0, 0, 0, 0
~&SPILL_STATS,0, 0, 0, 0, 0, 1, 0, 0, 0, 0, 0.25
~&SPILL_STATS,33, 20, 0, 20, 7, 8, 99.5142, 35.2438, 35.1614, 2.9711, 4.81519
~&SPILL_STATS,122, 54, 0, 74, 13, 43, 3934.61, 920.174, 390.505, 75.6387, 2449.35
~&SPILL_STATS,19, 4, 0, 11, 4, 8, 9.37849, 2.79189, 5.57488, 0.637765, 3.28295
~&SPILL_STATS,110, 59, 0, 60, 16, 33, 1714.5, 1448.09, 309.662, 120.973, 692.397
~&SPILL_STATS,42, 19, 0, 19, 4, 24, 86.6195, 37.829, 45.1667, 1.51276, 42.7241
~&SPILL_STATS,145, 54, 0, 90, 27, 62, 3715.02, 1034.69, 770.225, 76.1417, 2743.05
~&SPILL_STATS,18, 7, 0, 10, 3, 17, 8.20806, 5.74973, 7.2579, 0.512765, 10.7565
~&SPILL_STATS,127, 57, 0, 81, 28, 52, 1993.83, 1286.97, 756.909, 121.002, 816.024
~&SPILL_STATS,7, 11, 0, 12, 3, 14, 115664, 18079.5, 6951.38, 660.75, 220231
~&SPILL_STATS,77, 41, 0, 66, 7, 43, 1.90045e+07, 1.33445e+07, 4.21754e+06, 60586, 1.63255e+07
~&SPILL_STATS,0, 0, 0, 0, 0, 0, 0, 0, 0, 0, 0
~&SPILL_STATS,0, 0, 0, 0, 0, 0, 0, 0, 0, 0, 0
~&SPILL_STATS,2, 2, 0, 3, 0, 0, 0.980392, 1.13725, 3, 0, 0
~&SPILL_STATS,0, 0, 0, 0, 0, 0, 0, 0, 0, 0, 0
~&SPILL_STATS,0, 0, 0, 0, 0, 0, 0, 0, 0, 0, 0
~&SPILL_STATS,0, 0, 0, 0, 0, 0, 0, 0, 0, 0, 0
~&SPILL_STATS,32, 3, 0, 13, 3, 48, 387.469, 1.71289, 8.875, 1.125, 396
~&SPILL_STATS,44, 9, 0, 24, 0, 11, 314067, 71928.2, 5298.67, 0, 98402.9
~&SPILL_STATS,6, 0, 0, 6, 0, 12, 7.64126, 0, 6.18386, 0, 207.269
~&SPILL_STATS,19, 0, 0, 8, 0, 15, 142.363, 0, 21.233, 0, 159.627
~&SPILL_STATS,0, 0, 0, 0, 0, 0, 0, 0, 0, 0, 0
~&SPILL_STATS,2, 0, 0, 2, 0, 4, 2, 0, 2, 0, 4
~&SPILL_STATS,0, 0, 0, 0, 0, 18, 0, 0, 0, 0, 10
~&SPILL_STATS,24, 21, 0, 19, 1, 19, 10991.1, 1025.37, 542.427, 257, 31426.9
~&SPILL_STATS,34, 7, 0, 21, 0, 6, 42.1373, 26.549, 12.3726, 0, 8.78431
~&SPILL_STATS,20, 2, 0, 12, 1, 6, 141.807, 20.0275, 25.5505, 0.623853, 22.9541
~&SPILL_STATS,31, 15, 0, 17, 2, 8, 60361, 49170.3, 3112.19, 893.905, 14754.7
~&SPILL_STATS,41, 18, 0, 24, 7, 33, 14.3019, 30.0827, 9.00944, 1.41667, 41.3135
~&SPILL_STATS,129, 39, 0, 83, 5, 30, 323558, 108696, 147989, 697, 77933
~&SPILL_STATS,100, 40, 0, 53, 1, 19, 284769, 120096, 90277.4, 1, 64897
~&SPILL_STATS,15, 0, 0, 5, 4, 9, 4.66602, 0, 2.5332, 1.84473, 2
~&SPILL_STATS,7, 1, 0, 3, 0, 2, 1.73828, 0.5, 1.5, 0, 1.07812
~&SPILL_STATS,0, 0, 0, 0, 0, 6, 0, 0, 0, 0, 1.41176
~&SPILL_STATS,18, 24, 0, 4, 0, 25, 45.5604, 56.044, 1.35165, 0, 90.8022
~&SPILL_STATS,0, 0, 0, 0, 0, 0, 0, 0, 0, 0, 0
~&SPILL_STATS,0, 0, 0, 0, 0, 4, 0, 0, 0, 0, 80.8421
~&SPILL_STATS,32, 23, 0, 27, 1, 28, 5663.4, 3151.25, 3338.11, 31.25, 2249.17
~&SPILL_STATS,70, 11, 0, 30, 18, 7, 4025.78, 605.601, 1468.78, 1079.87, 1205.78
~&SPILL_STATS,105, 24, 0, 62, 3, 52, 1618.33, 442.312, 148, 11.375, 623.062
~&SPILL_STATS,111, 38, 0, 83, 2, 31, 1.54557e+07, 7.15971e+06, 3.95784e+06, 12.8906, 1.74949e+06
~&SPILL_STATS,332, 0, 0, 369, 0, 44, 1575.14, 0, 1071.86, 0, 367.667
~&SPILL_STATS,83, 27, 0, 57, 7, 29, 1092.45, 383.784, 129.255, 10.6078, 306.039
~&SPILL_STATS,4, 1, 0, 4, 0, 6, 25.875, 15.9375, 3, 0, 72.1875
~&SPILL_STATS,186, 67, 0, 118, 3, 71, 11909.1, 4536.92, 6401.89, 170.458, 2470.89
~&SPILL_STATS,43, 2, 0, 18, 3, 40, 54.8438, 8.96875, 21.7969, 1.375, 98.2969
~&SPILL_STATS,2, 1, 0, 2, 0, 1, 0.925, 0.625, 1.25, 0, 10.225
~&SPILL_STATS,0, 0, 0, 0, 0, 0, 0, 0, 0, 0, 0
~&SPILL_STATS,0, 0, 0, 0, 0, 0, 0, 0, 0, 0, 0
~&SPILL_STATS,0, 0, 0, 0, 0, 0, 0, 0, 0, 0, 0
~&SPILL_STATS,0, 0, 0, 0, 0, 0, 0, 0, 0, 0, 0
~&SPILL_STATS,0, 0, 0, 0, 0, 2, 0, 0, 0, 0, 0.695652
~&SPILL_STATS,0, 0, 0, 0, 0, 0, 0, 0, 0, 0, 0
~&SPILL_STATS,0, 0, 0, 0, 0, 0, 0, 0, 0, 0, 0
~&SPILL_STATS,0, 0, 0, 0, 0, 0, 0, 0, 0, 0, 0
~&SPILL_STATS,0, 0, 0, 0, 0, 0, 0, 0, 0, 0, 0
~&SPILL_STATS,0, 0, 0, 0, 0, 2, 0, 0, 0, 0, 25.0588
~&SPILL_STATS,12, 1, 0, 10, 0, 11, 28.04, 25.56, 15.24, 0, 76.16
~&SPILL_STATS,0, 0, 0, 0, 0, 2, 0, 0, 0, 0, 15.9375
~&SPILL_STATS,0, 0, 0, 0, 0, 0, 0, 0, 0, 0, 0
~&SPILL_STATS,0, 0, 0, 0, 0, 1, 0, 0, 0, 0, 0.380952
~&SPILL_STATS,115, 13, 0, 83, 0, 43, 7.45723, 0.834375, 6.81328, 0, 3.41348
~&SPILL_STATS,0, 0, 0, 0, 0, 2, 0, 0, 0, 0, 2
~&SPILL_STATS,0, 0, 0, 0, 0, 0, 0, 0, 0, 0, 0
~&SPILL_STATS,0, 0, 0, 0, 0, 0, 0, 0, 0, 0, 0
~&SPILL_STATS,0, 0, 0, 0, 0, 0, 0, 0, 0, 0, 0
~&SPILL_STATS,0, 0, 0, 0, 0, 0, 0, 0, 0, 0, 0
~&SPILL_STATS,0, 0, 0, 0, 0, 0, 0, 0, 0, 0, 0
~&SPILL_STATS,0, 0, 0, 0, 0, 0, 0, 0, 0, 0, 0
~&SPILL_STATS,5, 1, 0, 3, 0, 14, 1.97619, 0.5, 2.5, 0, 7.88095
~&SPILL_STATS,0, 0, 0, 0, 0, 1, 0, 0, 0, 0, 0.380952
~&SPILL_STATS,0, 0, 0, 0, 0, 1, 0, 0, 0, 0, 1
~&SPILL_STATS,0, 0, 0, 0, 0, 0, 0, 0, 0, 0, 0
~&SPILL_STATS,0, 0, 0, 0, 0, 21, 0, 0, 0, 0, 1653.64
~&SPILL_STATS,0, 0, 0, 0, 0, 1, 0, 0, 0, 0, 1
~&SPILL_STATS,2, 0, 0, 2, 0, 2, 3.41912, 0, 0.235294, 0, 3.42647
~&SPILL_STATS,0, 0, 0, 0, 0, 2, 0, 0, 0, 0, 1.35294
~&SPILL_STATS,0, 0, 0, 0, 0, 2, 0, 0, 0, 0, 2
~&SPILL_STATS,3, 0, 0, 3, 0, 1, 3, 0, 3, 0, 1
~&SPILL_STATS,23, 2, 0, 29, 2, 21, 7596.59, 659.993, 1478.28, 43.3329, 12831.9
~&SPILL_STATS,0, 0, 0, 0, 0, 1, 0, 0, 0, 0, 1
~&SPILL_STATS,0, 0, 0, 0, 0, 1, 0, 0, 0, 0, 1
~&SPILL_STATS,0, 0, 0, 0, 0, 2, 0, 0, 0, 0, 2
~&SPILL_STATS,0, 0, 0, 0, 0, 2, 0, 0, 0, 0, 2
~&SPILL_STATS,0, 0, 0, 0, 0, 1, 0, 0, 0, 0, 1
~&SPILL_STATS,0, 0, 0, 0, 0, 1, 0, 0, 0, 0, 1
~&SPILL_STATS,0, 0, 0, 0, 0, 1, 0, 0, 0, 0, 1
~&SPILL_STATS,0, 0, 0, 0, 0, 1, 0, 0, 0, 0, 1
~&SPILL_STATS,0, 0, 0, 0, 0, 3, 0, 0, 0, 0, 3
~&SPILL_STATS,3, 2, 0, 5, 0, 26, 8.81379, 0.744828, 1.01379, 0, 40.4759
~&SPILL_STATS,0, 0, 0, 0, 0, 1, 0, 0, 0, 0, 1
~&SPILL_STATS,0, 0, 0, 0, 0, 1, 0, 0, 0, 0, 1
~&SPILL_STATS,84, 34, 0, 51, 4, 69, 29.4021, 44.9539, 13.7335, 0.0925781, 52.2307
~&SPILL_STATS,6, 6, 0, 6, 0, 16, 577, 1584, 66, 0, 3668
~&SPILL_STATS,0, 0, 0, 0, 0, 3, 0, 0, 0, 0, 1.7619
~&SPILL_STATS,3, 2, 0, 4, 0, 7, 287.812, 335.875, 32.875, 0, 1120.12
~&SPILL_STATS,0, 0, 0, 0, 0, 0, 0, 0, 0, 0, 0
~&SPILL_STATS,0, 0, 0, 0, 0, 0, 0, 0, 0, 0, 0
~&SPILL_STATS,0, 0, 0, 0, 0, 0, 0, 0, 0, 0, 0
~&SPILL_STATS,0, 0, 0, 0, 0, 1, 0, 0, 0, 0, 21.25
~&SPILL_STATS,3, 0, 0, 2, 0, 6, 2.2381, 0, 2, 0, 4.09524
~&SPILL_STATS,2, 0, 0, 1, 0, 3, 20.9988, 0, 1, 0, 40.9976
~&SPILL_STATS,2, 0, 0, 2, 0, 1, 42.5, 0, 1.33333, 0, 21.25
~&SPILL_STATS,0, 0, 0, 0, 0, 4, 0, 0, 0, 0, 35
~&SPILL_STATS,2, 2, 0, 4, 0, 9, 1, 13.3214, 2.01786, 0, 55.0893
~&SPILL_STATS,0, 0, 0, 0, 0, 0, 0, 0, 0, 0, 0
~&SPILL_STATS,0, 0, 0, 0, 0, 5, 0, 0, 0, 0, 15.1176
~&SPILL_STATS,0, 0, 0, 0, 0, 4, 0, 0, 0, 0, 17.7143
~&SPILL_STATS,0, 0, 0, 0, 0, 2, 0, 0, 0, 0, 1.94118
~&SPILL_STATS,0, 0, 0, 0, 0, 4, 0, 0, 0, 0, 6.46364
~&SPILL_STATS,0, 0, 0, 0, 0, 5, 0, 0, 0, 0, 4.06215
~&SPILL_STATS,7, 0, 0, 5, 0, 8, 3.75, 0, 2.89062, 0, 39.4531
~&SPILL_STATS,0, 0, 0, 0, 0, 1, 0, 0, 0, 0, 1
~&SPILL_STATS,0, 0, 0, 0, 0, 0, 0, 0, 0, 0, 0
~&SPILL_STATS,0, 0, 0, 0, 0, 0, 0, 0, 0, 0, 0
~&SPILL_STATS,0, 0, 0, 0, 0, 0, 0, 0, 0, 0, 0
~&SPILL_STATS,74, 6, 0, 40, 1, 17, 82512.4, 355.064, 11204.7, 0.193548, 12747.3
~&SPILL_STATS,15, 29, 0, 5, 0, 15, 179.957, 355.914, 5.125, 0, 290
~&SPILL_STATS,50, 17, 0, 30, 2, 59, 534.695, 274.5, 104.828, 5, 1191.77
~&SPILL_STATS,13, 2, 0, 3, 0, 21, 4.51374, 0.0206044, 2.625, 0, 59.408
~&SPILL_STATS,41, 0, 0, 6, 6, 5, 69.1521, 0, 11.1359, 7.79352, 23.6082
~&SPILL_STATS,0, 0, 0, 0, 0, 0, 0, 0, 0, 0, 0
~&SPILL_STATS,49, 19, 0, 37, 1, 18, 331.36, 146.18, 183.393, 0.488944, 40.1466
~&SPILL_STATS,0, 0, 0, 0, 0, 1, 0, 0, 0, 0, 0.617647
~&SPILL_STATS,38, 16, 0, 44, 2, 73, 199.615, 119.284, 43.8532, 4.76147, 628
~&SPILL_STATS,13, 5, 0, 18, 0, 8, 1066.47, 533.235, 1059.74, 0, 457.912
~&SPILL_STATS,0, 0, 0, 0, 0, 1, 0, 0, 0, 0, 1
~&SPILL_STATS,37, 12, 0, 32, 0, 30, 30768, 307.285, 20040.2, 0, 8443.04
~&SPILL_STATS,0, 2, 0, 1, 0, 8, 0, 0.341176, 1, 0, 3.98431
~&SPILL_STATS,36, 9, 0, 26, 0, 58, 310.402, 59.7941, 63.2843, 0, 1727.17
~&SPILL_STATS,0, 2, 0, 2, 0, 0, 0, 1.2381, 1.2381, 0, 0
~&SPILL_STATS,0, 0, 0, 0, 0, 1, 0, 0, 0, 0, 1
~&SPILL_STATS,62, 3, 0, 26, 2, 41, 8.375, 0.25, 6.875, 1, 8.20833
~&SPILL_STATS,0, 0, 0, 0, 0, 0, 0, 0, 0, 0, 0
~&SPILL_STATS,0, 0, 0, 0, 0, 3, 0, 0, 0, 0, 6.63415
~&SPILL_STATS,0, 0, 0, 0, 0, 1, 0, 0, 0, 0, 6.21951
~&SPILL_STATS,0, 0, 0, 0, 0, 0, 0, 0, 0, 0, 0
~&SPILL_STATS,0, 0, 0, 0, 0, 8, 0, 0, 0, 0, 16.8679
~&SPILL_STATS,0, 2, 0, 2, 0, 5, 0, 8.71601, 1.25, 0, 26.5852
~&SPILL_STATS,0, 0, 0, 0, 0, 3, 0, 0, 0, 0, 3
~&SPILL_STATS,0, 0, 0, 0, 0, 0, 0, 0, 0, 0, 0
~&SPILL_STATS,0, 0, 0, 0, 0, 0, 0, 0, 0, 0, 0
~&SPILL_STATS,0, 0, 0, 0, 0, 0, 0, 0, 0, 0, 0
~&SPILL_STATS,9, 6, 0, 14, 0, 5, 69.95, 454.1, 48.15, 0, 429
~&SPILL_STATS,18, 6, 0, 23, 0, 16, 715.1, 308.5, 69.05, 0, 956.75
~&SPILL_STATS,0, 0, 0, 0, 0, 0, 0, 0, 0, 0, 0
~&SPILL_STATS,3, 5, 0, 6, 0, 16, 0.439738, 2.20565, 2.02029, 0, 31.2365
~&SPILL_STATS,0, 0, 0, 0, 0, 4, 0, 0, 0, 0, 0.252199
~&SPILL_STATS,6, 0, 0, 2, 0, 21, 0.73945, 0, 0.515596, 0, 2.01927
~&SPILL_STATS,0, 0, 0, 0, 0, 0, 0, 0, 0, 0, 0
~&SPILL_STATS,50, 0, 0, 8, 0, 3, 73.0334, 0, 39.375, 0, 28.0493
~&SPILL_STATS,128, 30, 0, 54, 3, 62, 1.31902e+07, 1.7936e+06, 4.58857e+06, 512.5, 2.87229e+06
~&SPILL_STATS,51, 6, 0, 17, 0, 9, 27482.5, 1972.5, 9191.88, 0, 8132.5
~&SPILL_STATS,0, 0, 0, 0, 0, 0, 0, 0, 0, 0, 0
~&SPILL_STATS,7, 0, 0, 7, 0, 16, 111.562, 0, 18.9375, 0, 127
~&SPILL_STATS,124, 49, 0, 83, 6, 87, 2643.22, 923.714, 185.41, 0.578961, 2285.83
~&SPILL_STATS,0, 0, 0, 0, 0, 0, 0, 0, 0, 0, 0
~&SPILL_STATS,0, 0, 0, 0, 0, 0, 0, 0, 0, 0, 0
~&SPILL_STATS,0, 0, 0, 0, 0, 0, 0, 0, 0, 0, 0
~&SPILL_STATS,0, 0, 0, 0, 0, 0, 0, 0, 0, 0, 0
~&SPILL_STATS,0, 0, 0, 0, 0, 0, 0, 0, 0, 0, 0
~&SPILL_STATS,0, 0, 0, 0, 0, 3, 0, 0, 0, 0, 18.5
~&SPILL_STATS,319, 50, 0, 195, 19, 60, 26.0836, 3.48203, 16.1125, 0.661719, 5.34375
~&SPILL_STATS,20, 3, 0, 22, 2, 3, 6.53846, 1.82418, 10.1429, 0.153846, 2.48352
~&SPILL_STATS,0, 0, 0, 0, 0, 0, 0, 0, 0, 0, 0
~&SPILL_STATS,10, 0, 0, 3, 0, 0, 10, 0, 3, 0, 0
~&SPILL_STATS,52, 0, 0, 36, 0, 10, 24.6667, 0, 14, 0, 4
~&SPILL_STATS,129, 2, 0, 30, 0, 29, 273.667, 64, 76.6667, 0, 137
~&SPILL_STATS,42, 1, 0, 27, 13, 6, 303.125, 0.333333, 9.125, 2.70833, 81.3333
~&SPILL_STATS,38, 16, 0, 29, 1, 37, 1109.38, 453.242, 281.207, 0.15625, 1150.08
~&SPILL_STATS,1, 0, 0, 1, 0, 15, 1, 0, 1, 0, 15
~&SPILL_STATS,90, 7, 0, 28, 0, 47, 1034, 117, 146, 0, 601
~&SPILL_STATS,112, 14, 0, 47, 2, 57, 277890, 51514.7, 59317.3, 7.80769, 129837
~&SPILL_STATS,2, 0, 0, 2, 0, 2, 0.382353, 0, 0.382353, 0, 0.794118
~&SPILL_STATS,0, 0, 0, 0, 0, 0, 0, 0, 0, 0, 0
~&SPILL_STATS,0, 0, 0, 0, 0, 0, 0, 0, 0, 0, 0
~&SPILL_STATS,81, 9, 0, 40, 2, 18, 618.098, 53.5738, 110.967, 0.131148, 92.6803
~&SPILL_STATS,3, 3, 0, 4, 0, 5, 20.72, 30.6, 1.28, 0, 1.6
~&SPILL_STATS,0, 0, 0, 0, 0, 0, 0, 0, 0, 0, 0
~&SPILL_STATS,0, 0, 0, 0, 0, 0, 0, 0, 0, 0, 0
~&SPILL_STATS,0, 0, 0, 0, 0, 0, 0, 0, 0, 0, 0
~&SPILL_STATS,0, 0, 0, 0, 0, 0, 0, 0, 0, 0, 0
~&SPILL_STATS,0, 0, 0, 0, 0, 0, 0, 0, 0, 0, 0
~&SPILL_STATS,0, 0, 0, 0, 0, 0, 0, 0, 0, 0, 0
~&SPILL_STATS,0, 0, 0, 0, 0, 0, 0, 0, 0, 0, 0
~&SPILL_STATS,0, 0, 0, 0, 0, 0, 0, 0, 0, 0, 0
~&SPILL_STATS,0, 0, 0, 0, 0, 1, 0, 0, 0, 0, 14.8423
~&SPILL_STATS,0, 0, 0, 0, 0, 0, 0, 0, 0, 0, 0
~&SPILL_STATS,33, 27, 0, 30, 2, 7, 1.51201, 1.65398, 2.0566, 0.231153, 1.06017
~&SPILL_STATS,46, 24, 0, 27, 0, 7, 1.28722, 0.729079, 1.483, 0, 0.960255
~&SPILL_STATS,85, 50, 0, 47, 4, 71, 1450.56, 783.159, 779.258, 31.298, 1418.46
~&SPILL_STATS,120, 47, 0, 58, 1, 88, 1340.54, 722.642, 350.04, 0.0529801, 1606.46
~&SPILL_STATS,20, 8, 0, 13, 0, 9, 24.7468, 11.3797, 16.2785, 0, 31.7975
~&SPILL_STATS,14, 8, 0, 14, 0, 9, 14.7416, 10.7079, 13.4944, 0, 27.9101
~&SPILL_STATS,0, 0, 0, 0, 0, 3, 0, 0, 0, 0, 3
~&SPILL_STATS,0, 0, 0, 0, 0, 0, 0, 0, 0, 0, 0
~&SPILL_STATS,21, 24, 0, 36, 1, 7, 8.9, 34.3375, 6.17812, 0.2, 20
~&SPILL_STATS,239, 35, 0, 42, 0, 43, 3077, 390.833, 456.417, 0, 393.5
~&SPILL_STATS,0, 0, 0, 0, 0, 1, 0, 0, 0, 0, 1
~&SPILL_STATS,0, 0, 0, 0, 0, 0, 0, 0, 0, 0, 0
~&SPILL_STATS,0, 0, 0, 0, 0, 0, 0, 0, 0, 0, 0
~&SPILL_STATS,3, 0, 0, 3, 0, 9, 4.75143, 0, 0.624097, 0, 12.0635
~&SPILL_STATS,0, 0, 0, 0, 0, 1, 0, 0, 0, 0, 0.380952
~&SPILL_STATS,0, 0, 0, 0, 0, 0, 0, 0, 0, 0, 0
~&SPILL_STATS,0, 0, 0, 0, 0, 0, 0, 0, 0, 0, 0
~&SPILL_STATS,0, 0, 0, 0, 0, 8, 0, 0, 0, 0, 2.82887
~&SPILL_STATS,2, 2, 0, 2, 2, 6, 2.14286, 10.625, 2.14286, 0.9375, 100.605
~&SPILL_STATS,0, 0, 0, 0, 0, 0, 0, 0, 0, 0, 0
~&SPILL_STATS,0, 0, 0, 0, 0, 0, 0, 0, 0, 0, 0
~&SPILL_STATS,0, 0, 0, 0, 0, 1, 0, 0, 0, 0, 1
~&SPILL_STATS,86, 20, 0, 75, 1, 35, 5.9377, 1.39766, 5.57324, 0.0234375, 2.27266
~&SPILL_STATS,0, 0, 0, 0, 0, 0, 0, 0, 0, 0, 0
~&SPILL_STATS,0, 0, 0, 0, 0, 0, 0, 0, 0, 0, 0
~&SPILL_STATS,0, 0, 0, 0, 0, 2, 0, 0, 0, 0, 2
~&SPILL_STATS,0, 0, 0, 0, 0, 0, 0, 0, 0, 0, 0
~&SPILL_STATS,0, 0, 0, 0, 0, 2, 0, 0, 0, 0, 2
~&SPILL_STATS,0, 0, 0, 0, 0, 0, 0, 0, 0, 0, 0
~&SPILL_STATS,1, 0, 0, 1, 0, 6, 0.144828, 0, 0.144828, 0, 1.01379
~&SPILL_STATS,0, 0, 0, 0, 0, 0, 0, 0, 0, 0, 0
~&SPILL_STATS,0, 0, 0, 0, 0, 0, 0, 0, 0, 0, 0
~&SPILL_STATS,6, 1, 0, 8, 1, 6, 50.7647, 10.0294, 41.6176, 10.0294, 30.9706
~&SPILL_STATS,6, 1, 0, 8, 1, 6, 51.64, 10.2, 42.4, 10.2, 31.56
~&SPILL_STATS,0, 0, 0, 0, 0, 1, 0, 0, 0, 0, 0.0963303
~&SPILL_STATS,2, 0, 0, 2, 0, 23, 3.49412, 0, 0.588235, 0, 105.259
~&SPILL_STATS,1, 0, 0, 1, 0, 22, 0.494118, 0, 0.494118, 0, 82.6588
~&SPILL_STATS,0, 0, 0, 0, 0, 0, 0, 0, 0, 0, 0
~&SPILL_STATS,35, 17, 0, 26, 0, 27, 68.9541, 6.90214, 11.4128, 0, 48.8899
~&SPILL_STATS,0, 0, 0, 0, 0, 0, 0, 0, 0, 0, 0
~&SPILL_STATS,0, 0, 0, 0, 0, 0, 0, 0, 0, 0, 0
~&SPILL_STATS,0, 0, 0, 0, 0, 0, 0, 0, 0, 0, 0
~&SPILL_STATS,0, 0, 0, 0, 0, 0, 0, 0, 0, 0, 0
~&SPILL_STATS,93, 35, 0, 56, 1, 79, 125.514, 23.2661, 17.945, 0.33945, 132.596
~&SPILL_STATS,0, 0, 0, 0, 0, 0, 0, 0, 0, 0, 0
~&SPILL_STATS,0, 0, 0, 0, 0, 0, 0, 0, 0, 0, 0
~&SPILL_STATS,0, 0, 0, 0, 0, 0, 0, 0, 0, 0, 0
~&SPILL_STATS,0, 0, 0, 0, 0, 0, 0, 0, 0, 0, 0
~&SPILL_STATS,138, 56, 0, 88, 2, 108, 66.7369, 7.84066, 9.98535, 0.142247, 61.6508
~&SPILL_STATS,58, 7, 0, 42, 5, 51, 320.986, 56.2942, 77.0996, 3.54179, 535.26
~&SPILL_STATS,0, 0, 0, 0, 0, 0, 0, 0, 0, 0, 0
~&SPILL_STATS,1, 3, 0, 3, 0, 5, 0.494533, 15.825, 1.89162, 0, 12.7329
~&SPILL_STATS,6, 3, 0, 3, 0, 4, 1.49453, 15.825, 1.89162, 0, 2.89162
~&SPILL_STATS,2, 0, 0, 2, 0, 4, 26.5, 0, 26.5, 0, 68.6667
~&SPILL_STATS,11, 4, 0, 10, 1, 15, 865.903, 222.889, 343.194, 0.486111, 1265.39
~&SPILL_STATS,0, 0, 0, 0, 0, 0, 0, 0, 0, 0, 0
~&SPILL_STATS,0, 0, 0, 0, 0, 0, 0, 0, 0, 0, 0
~&SPILL_STATS,0, 0, 0, 0, 0, 0, 0, 0, 0, 0, 0
~&SPILL_STATS,13, 2, 0, 10, 1, 16, 569.571, 12.7395, 217.282, 0.243697, 628.357
~&SPILL_STATS,0, 0, 0, 0, 0, 0, 0, 0, 0, 0, 0
~&SPILL_STATS,0, 0, 0, 0, 0, 1, 0, 0, 0, 0, 31.875
~&SPILL_STATS,0, 0, 0, 0, 0, 0, 0, 0, 0, 0, 0
~&SPILL_STATS,0, 0, 0, 0, 0, 2, 0, 0, 0, 0, 2
~&SPILL_STATS,0, 0, 0, 0, 0, 0, 0, 0, 0, 0, 0
~&SPILL_STATS,7, 0, 0, 3, 0, 5, 3.15789, 0, 2.65789, 0, 4.31579
~&SPILL_STATS,2, 0, 0, 3, 0, 29, 126.615, 0, 87.4038, 0, 883.423
~&SPILL_STATS,13, 3, 0, 9, 0, 51, 8543.18, 20.7353, 2313.47, 0, 10788.1
~&SPILL_STATS,6, 0, 0, 4, 0, 11, 574.647, 0, 291.706, 0, 1117.71
~&SPILL_STATS,0, 0, 0, 0, 0, 9, 0, 0, 0, 0, 5.11927
~&SPILL_STATS,3, 1, 0, 2, 0, 6, 2.35294, 0.764706, 2, 0, 3.85294
~&SPILL_STATS,5, 0, 0, 2, 1, 1, 1.24885, 0, 1.01603, 0.234351, 0.625191
~&SPILL_STATS,0, 0, 0, 0, 0, 0, 0, 0, 0, 0, 0
~&SPILL_STATS,2, 0, 0, 1, 0, 0, 2, 0, 1, 0, 0
~&SPILL_STATS,0, 0, 0, 0, 0, 4, 0, 0, 0, 0, 2.85714
~&SPILL_STATS,0, 0, 0, 0, 0, 3, 0, 0, 0, 0, 63.75
~&SPILL_STATS,0, 0, 0, 0, 0, 5, 0, 0, 0, 0, 22
~&SPILL_STATS,0, 0, 0, 0, 0, 0, 0, 0, 0, 0, 0
~&SPILL_STATS,0, 0, 0, 0, 0, 0, 0, 0, 0, 0, 0
~&SPILL_STATS,23, 13, 0, 31, 1, 60, 112.312, 98.125, 37.5625, 3.42188, 543.438
~&SPILL_STATS,32, 15, 0, 22, 0, 36, 979.094, 84.1602, 31.5391, 0, 648.922
~&SPILL_STATS,38, 8, 0, 26, 0, 30, 1262.57, 262.422, 44.1338, 0, 581.75
~&SPILL_STATS,5, 0, 0, 4, 0, 10, 34.35, 0, 26.3, 0, 563
~&SPILL_STATS,0, 0, 0, 0, 0, 2, 0, 0, 0, 0, 1.61765
~&SPILL_STATS,0, 0, 0, 0, 0, 0, 0, 0, 0, 0, 0
~&SPILL_STATS,35, 22, 0, 31, 2, 25, 80.8807, 49.7615, 51.3119, 4.40367, 9.61468
~&SPILL_STATS,49, 20, 0, 39, 1, 65, 229.314, 1065.72, 67.5686, 0.196078, 1581.35
~&SPILL_STATS,2, 2, 0, 3, 0, 5, 8.21875, 8.46875, 8.71875, 0, 32.875
~&SPILL_STATS,0, 0, 0, 0, 0, 0, 0, 0, 0, 0, 0
~&SPILL_STATS,3, 3, 0, 5, 0, 12, 16.1875, 16.4375, 9.46875, 0, 38.125
~&SPILL_STATS,2, 3, 0, 4, 0, 8, 8.21875, 16.4375, 1.5, 0, 20.9375
~&SPILL_STATS,0, 0, 0, 0, 0, 0, 0, 0, 0, 0, 0
~&SPILL_STATS,0, 0, 0, 0, 0, 0, 0, 0, 0, 0, 0
~&SPILL_STATS,2, 3, 0, 4, 0, 10, 8.21875, 16.4375, 1.5, 0, 22.4375
~&SPILL_STATS,3, 6, 0, 8, 2, 12, 16.9375, 37.375, 11.9688, 0.5625, 65.7812
~&SPILL_STATS,0, 0, 0, 0, 0, 0, 0, 0, 0, 0, 0
~&SPILL_STATS,0, 0, 0, 0, 0, 0, 0, 0, 0, 0, 0
~&SPILL_STATS,2, 3, 0, 4, 0, 8, 8.21875, 16.4375, 1.5, 0, 20.9375
~&SPILL_STATS,3, 6, 0, 8, 2, 12, 16.9375, 37.375, 11.9688, 0.5625, 65.7812
~&SPILL_STATS,10, 8, 0, 16, 4, 16, 44.3438, 53.8125, 23.4375, 1.125, 88.6875
~&SPILL_STATS,3, 6, 0, 8, 2, 9, 16.9375, 37.375, 11.9688, 0.5625, 63.2812
~&SPILL_STATS,0, 0, 0, 0, 0, 0, 0, 0, 0, 0, 0
~&SPILL_STATS,0, 0, 0, 0, 0, 0, 0, 0, 0, 0, 0
~&SPILL_STATS,0, 0, 0, 0, 0, 0, 0, 0, 0, 0, 0
~&SPILL_STATS,0, 0, 0, 0, 0, 0, 0, 0, 0, 0, 0
~&SPILL_STATS,2, 5, 0, 6, 1, 8, 15.9375, 36.375, 9.78125, 0.25, 30.4062
~&SPILL_STATS,3, 6, 0, 8, 2, 12, 16.9375, 37.375, 11.9688, 0.5625, 65.7812
~&SPILL_STATS,2, 5, 0, 6, 1, 8, 15.9375, 36.375, 9.78125, 0.25, 30.4062
~&SPILL_STATS,3, 6, 0, 8, 2, 12, 16.9375, 37.375, 11.9688, 0.5625, 65.7812
~&SPILL_STATS,10, 8, 0, 16, 4, 16, 44.3438, 53.8125, 23.4375, 1.125, 88.6875
~&SPILL_STATS,3, 6, 0, 8, 2, 9, 16.9375, 37.375, 11.9688, 0.5625, 63.2812
~&SPILL_STATS,11, 8, 0, 16, 4, 16, 44.7188, 53.8125, 23.9375, 1.125, 88.6875
~&SPILL_STATS,3, 6, 0, 8, 2, 9, 16.9375, 37.375, 11.9688, 0.5625, 63.2812
~&SPILL_STATS,0, 0, 0, 0, 0, 0, 0, 0, 0, 0, 0
~&SPILL_STATS,0, 0, 0, 0, 0, 0, 0, 0, 0, 0, 0
~&SPILL_STATS,0, 0, 0, 0, 0, 0, 0, 0, 0, 0, 0
~&SPILL_STATS,0, 0, 0, 0, 0, 0, 0, 0, 0, 0, 0
~&SPILL_STATS,0, 0, 0, 0, 0, 0, 0, 0, 0, 0, 0
~&SPILL_STATS,0, 0, 0, 0, 0, 0, 0, 0, 0, 0, 0
~&SPILL_STATS,0, 0, 0, 0, 0, 0, 0, 0, 0, 0, 0
~&SPILL_STATS,0, 0, 0, 0, 0, 0, 0, 0, 0, 0, 0
~&SPILL_STATS,0, 0, 0, 0, 0, 1, 0, 0, 0, 0, 1
~&SPILL_STATS,2, 5, 0, 6, 1, 8, 15.9375, 36.375, 9.78125, 0.25, 30.4062
~&SPILL_STATS,9, 6, 0, 12, 3, 10, 57.2812, 35.375, 28.1562, 0.75, 23.9375
~&SPILL_STATS,3, 6, 0, 8, 2, 12, 16.9375, 37.375, 11.9688, 0.5625, 65.7812
~&SPILL_STATS,3, 5, 0, 6, 2, 8, 16.9375, 29.4062, 3.75, 0.5625, 48.3438
~&SPILL_STATS,0, 0, 0, 0, 0, 3, 0, 0, 0, 0, 22.2857
~&SPILL_STATS,10, 8, 0, 16, 4, 16, 44.3438, 53.8125, 23.4375, 1.125, 88.6875
~&SPILL_STATS,15, 7, 0, 14, 4, 15, 76.5938, 45.8438, 15.7188, 1.125, 73.25
~&SPILL_STATS,4, 5, 0, 8, 2, 10, 36.4062, 29.4062, 4.125, 0.5625, 51
~&SPILL_STATS,3, 6, 0, 8, 2, 9, 16.9375, 37.375, 11.9688, 0.5625, 63.2812
~&SPILL_STATS,3, 6, 0, 8, 2, 9, 16.9375, 37.375, 11.9688, 0.5625, 63.2812
~&SPILL_STATS,3, 6, 0, 8, 2, 9, 16.9375, 37.375, 11.9688, 0.5625, 63.2812
~&SPILL_STATS,0, 0, 0, 0, 0, 0, 0, 0, 0, 0, 0
~&SPILL_STATS,0, 0, 0, 0, 0, 3, 0, 0, 0, 0, 1
~&SPILL_STATS,0, 0, 0, 0, 0, 0, 0, 0, 0, 0, 0
~&SPILL_STATS,0, 0, 0, 0, 0, 3, 0, 0, 0, 0, 0.62963
~&SPILL_STATS,1, 2, 0, 3, 0, 1, 7.90476, 17.619, 1.38095, 0, 12.6667
~&SPILL_STATS,0, 0, 0, 0, 0, 0, 0, 0, 0, 0, 0
~&SPILL_STATS,0, 0, 0, 0, 0, 0, 0, 0, 0, 0, 0
~&SPILL_STATS,1, 2, 0, 3, 0, 1, 4.88235, 10.8824, 0.852941, 0, 7.82353
~&SPILL_STATS,0, 0, 0, 0, 0, 0, 0, 0, 0, 0, 0
~&SPILL_STATS,0, 0, 0, 0, 0, 0, 0, 0, 0, 0, 0
~&SPILL_STATS,0, 0, 0, 0, 0, 0, 0, 0, 0, 0, 0
~&SPILL_STATS,5, 4, 0, 5, 1, 9, 17.6875, 26.4062, 10.2188, 0.25, 24.4375
~&SPILL_STATS,2, 2, 0, 4, 1, 8, 8.46875, 15.9375, 9.21875, 0.25, 30.4062
~&SPILL_STATS,7, 5, 0, 8, 2, 8, 25.9062, 36.375, 26.4688, 0.5, 16.4688
~&SPILL_STATS,2, 5, 0, 6, 1, 8, 15.9375, 36.375, 9.78125, 0.25, 30.4062
~&SPILL_STATS,9, 6, 0, 12, 3, 12, 57.2812, 35.375, 28.1562, 0.75, 24.4375
~&SPILL_STATS,2, 5, 0, 6, 1, 8, 15.9375, 36.375, 9.78125, 0.25, 30.4062
~&SPILL_STATS,2, 5, 0, 6, 1, 8, 15.9375, 36.375, 9.78125, 0.25, 30.4062
~&SPILL_STATS,3, 6, 0, 8, 2, 12, 16.9375, 37.375, 11.9688, 0.5625, 65.7812
~&SPILL_STATS,10, 8, 0, 16, 4, 16, 44.3438, 53.8125, 23.4375, 1.125, 88.6875
~&SPILL_STATS,3, 6, 0, 8, 2, 12, 16.9375, 37.375, 11.9688, 0.5625, 65.7812
~&SPILL_STATS,3, 6, 0, 8, 2, 12, 16.9375, 37.375, 11.9688, 0.5625, 65.7812
~&SPILL_STATS,3, 6, 0, 8, 2, 12, 16.9375, 37.375, 11.9688, 0.5625, 65.7812
~&SPILL_STATS,10, 8, 0, 16, 4, 16, 44.3438, 53.8125, 23.4375, 1.125, 88.6875
~&SPILL_STATS,10, 8, 0, 16, 4, 16, 44.3438, 53.8125, 23.4375, 1.125, 88.6875
~&SPILL_STATS,10, 8, 0, 16, 4, 16, 44.3438, 53.8125, 23.4375, 1.125, 88.6875
~&SPILL_STATS,3, 6, 0, 8, 2, 9, 16.9375, 37.375, 11.9688, 0.5625, 63.2812
~&SPILL_STATS,0, 0, 0, 0, 0, 0, 0, 0, 0, 0, 0
~&SPILL_STATS,0, 0, 0, 0, 0, 0, 0, 0, 0, 0, 0
~&SPILL_STATS,0, 0, 0, 0, 0, 3, 0, 0, 0, 0, 1
~&SPILL_STATS,0, 0, 0, 0, 0, 0, 0, 0, 0, 0, 0
~&SPILL_STATS,0, 0, 0, 0, 0, 0, 0, 0, 0, 0, 0
~&SPILL_STATS,0, 0, 0, 0, 0, 0, 0, 0, 0, 0, 0
~&SPILL_STATS,0, 0, 0, 0, 0, 0, 0, 0, 0, 0, 0
~&SPILL_STATS,0, 0, 0, 0, 0, 0, 0, 0, 0, 0, 0
~&SPILL_STATS,0, 0, 0, 0, 0, 0, 0, 0, 0, 0, 0
~&SPILL_STATS,0, 0, 0, 0, 0, 0, 0, 0, 0, 0, 0
~&SPILL_STATS,0, 0, 0, 0, 0, 0, 0, 0, 0, 0, 0
~&SPILL_STATS,0, 0, 0, 0, 0, 0, 0, 0, 0, 0, 0
~&SPILL_STATS,0, 0, 0, 0, 0, 0, 0, 0, 0, 0, 0
~&SPILL_STATS,0, 0, 0, 0, 0, 0, 0, 0, 0, 0, 0
~&SPILL_STATS,7, 5, 0, 8, 2, 8, 25.9062, 36.375, 26.4688, 0.5, 16.4688
~&SPILL_STATS,2, 5, 0, 6, 1, 8, 15.9375, 36.375, 9.78125, 0.25, 30.4062
~&SPILL_STATS,3, 6, 0, 8, 2, 12, 16.9375, 37.375, 11.9688, 0.5625, 65.7812
~&SPILL_STATS,10, 8, 0, 16, 4, 16, 44.3438, 53.8125, 23.4375, 1.125, 88.6875
~&SPILL_STATS,2, 5, 0, 6, 1, 8, 15.9375, 36.375, 9.78125, 0.25, 30.4062
~&SPILL_STATS,3, 6, 0, 8, 2, 12, 16.9375, 37.375, 11.9688, 0.5625, 65.7812
~&SPILL_STATS,10, 8, 0, 16, 4, 16, 44.3438, 53.8125, 23.4375, 1.125, 88.6875
~&SPILL_STATS,3, 6, 0, 8, 2, 9, 16.9375, 37.375, 11.9688, 0.5625, 63.2812
~&SPILL_STATS,11, 8, 0, 16, 4, 16, 44.7188, 53.8125, 23.9375, 1.125, 88.6875
~&SPILL_STATS,3, 6, 0, 8, 2, 9, 16.9375, 37.375, 11.9688, 0.5625, 63.2812
~&SPILL_STATS,0, 0, 0, 0, 0, 0, 0, 0, 0, 0, 0
~&SPILL_STATS,0, 0, 0, 0, 0, 0, 0, 0, 0, 0, 0
~&SPILL_STATS,0, 0, 0, 0, 0, 0, 0, 0, 0, 0, 0
~&SPILL_STATS,0, 0, 0, 0, 0, 0, 0, 0, 0, 0, 0
~&SPILL_STATS,0, 0, 0, 0, 0, 0, 0, 0, 0, 0, 0
~&SPILL_STATS,0, 0, 0, 0, 0, 0, 0, 0, 0, 0, 0
~&SPILL_STATS,0, 0, 0, 0, 0, 0, 0, 0, 0, 0, 0
~&SPILL_STATS,0, 0, 0, 0, 0, 0, 0, 0, 0, 0, 0
~&SPILL_STATS,0, 0, 0, 0, 0, 0, 0, 0, 0, 0, 0
~&SPILL_STATS,2, 5, 0, 6, 1, 8, 15.9375, 36.375, 9.78125, 0.25, 30.4062
~&SPILL_STATS,0, 0, 0, 0, 0, 2, 0, 0, 0, 0, 2
~&SPILL_STATS,2, 5, 0, 6, 1, 7, 15.9375, 36.375, 9.78125, 0.25, 29.4062
~&SPILL_STATS,5, 7, 0, 11, 1, 9, 53.3438, 836.312, 23.75, 0.25, 441.844
~&SPILL_STATS,2, 6, 0, 7, 1, 12, 15.9375, 56.3438, 10.4062, 0.25, 90.9375
~&SPILL_STATS,5, 7, 0, 11, 1, 9, 53.3438, 836.312, 23.75, 0.25, 441.844
~&SPILL_STATS,2, 5, 0, 6, 1, 7, 15.9375, 36.375, 9.78125, 0.25, 29.4062
~&SPILL_STATS,5, 2, 0, 5, 0, 15, 46, 1.625, 3.5625, 0, 130.125
~&SPILL_STATS,0, 0, 0, 0, 0, 0, 0, 0, 0, 0, 0
~&SPILL_STATS,0, 0, 0, 0, 0, 0, 0, 0, 0, 0, 0
~&SPILL_STATS,0, 0, 0, 0, 0, 1, 0, 0, 0, 0, 0.617647
~&SPILL_STATS,7, 2, 0, 7, 0, 5, 352.853, 331.265, 13.1471, 0, 332.618
~&SPILL_STATS,7, 2, 0, 7, 0, 5, 352.853, 331.265, 13.1471, 0, 332.618
~&SPILL_STATS,0, 0, 0, 0, 0, 1, 0, 0, 0, 0, 0.617647
~&SPILL_STATS,0, 0, 0, 0, 0, 1, 0, 0, 0, 0, 0.617647
~&SPILL_STATS,0, 0, 0, 0, 0, 0, 0, 0, 0, 0, 0
~&SPILL_STATS,2, 3, 0, 4, 0, 10, 8.21875, 16.4375, 1.5, 0, 22.4375
~&SPILL_STATS,0, 0, 0, 0, 0, 0, 0, 0, 0, 0, 0
~&SPILL_STATS,0, 0, 0, 0, 0, 0, 0, 0, 0, 0, 0
~&SPILL_STATS,0, 0, 0, 0, 0, 0, 0, 0, 0, 0, 0
~&SPILL_STATS,0, 0, 0, 0, 0, 2, 0, 0, 0, 0, 2
~&SPILL_STATS,0, 0, 0, 0, 0, 2, 0, 0, 0, 0, 2
~&SPILL_STATS,0, 0, 0, 0, 0, 1, 0, 0, 0, 0, 0.666667
~&SPILL_STATS,34, 2, 0, 19, 1, 8, 31.5, 2, 18.5, 1, 7.5
~&SPILL_STATS,0, 0, 0, 0, 0, 0, 0, 0, 0, 0, 0
~&SPILL_STATS,38, 1, 0, 19, 2, 6, 35.125, 1, 19, 1, 6
~&SPILL_STATS,0, 0, 0, 0, 0, 0, 0, 0, 0, 0, 0
~&SPILL_STATS,24, 2, 0, 10, 0, 14, 6.79167, 1.24414, 7.36914, 0, 72.0547
~&SPILL_STATS,0, 0, 0, 0, 0, 0, 0, 0, 0, 0, 0
~&SPILL_STATS,0, 0, 0, 0, 0, 6, 0, 0, 0, 0, 1.24138
~&SPILL_STATS,0, 0, 0, 0, 0, 0, 0, 0, 0, 0, 0
~&SPILL_STATS,2, 0, 0, 1, 0, 5, 0.541284, 0, 0.333333, 0, 1.21101
~&SPILL_STATS,0, 0, 0, 0, 0, 3, 0, 0, 0, 0, 0.577982
~&SPILL_STATS,5, 2, 0, 3, 0, 9, 0.685115, 0.390267, 1.41031, 0, 1.22901
~&SPILL_STATS,0, 0, 0, 0, 0, 0, 0, 0, 0, 0, 0
~&SPILL_STATS,12, 0, 0, 4, 0, 4, 3.56211, 0, 3.625, 0, 1.01562
~&SPILL_STATS,0, 0, 0, 0, 0, 2, 0, 0, 0, 0, 0.6
~&SPILL_STATS,8, 2, 0, 6, 0, 6, 5.54167, 2, 6, 0, 4.625
~&SPILL_STATS,0, 0, 0, 0, 0, 3, 0, 0, 0, 0, 0.970588
~&SPILL_STATS,0, 0, 0, 0, 0, 0, 0, 0, 0, 0, 0
~&SPILL_STATS,44, 11, 0, 15, 11, 20, 10.5137, 4.99609, 10.275, 4.475, 7.41211
~&SPILL_STATS,32, 3, 0, 21, 0, 39, 2.85625, 0.15625, 3.33125, 0, 3.4125
~&SPILL_STATS,19, 1, 0, 10, 6, 23, 28.281, 0.917355, 9.93802, 7.73967, 198.483
~&SPILL_STATS,0, 0, 0, 0, 0, 1, 0, 0, 0, 0, 1
~&SPILL_STATS,0, 0, 0, 0, 0, 1, 0, 0, 0, 0, 0.619048
~&SPILL_STATS,73, 29, 0, 45, 1, 37, 2031.93, 997.928, 603.921, 0.0915527, 943.543
~&SPILL_STATS,0, 0, 0, 0, 0, 0, 0, 0, 0, 0, 0
~&SPILL_STATS,0, 0, 0, 0, 0, 0, 0, 0, 0, 0, 0
~&SPILL_STATS,6, 0, 0, 4, 0, 3, 15.8319, 0, 15.5575, 0, 1.74336
~&SPILL_STATS,0, 0, 0, 0, 0, 0, 0, 0, 0, 0, 0
~&SPILL_STATS,0, 0, 0, 0, 0, 2, 0, 0, 0, 0, 2
~&SPILL_STATS,1, 0, 0, 1, 0, 8, 0.156863, 0, 0.156863, 0, 11.4118
~&SPILL_STATS,1, 1, 0, 1, 0, 9, 0.313726, 0.313726, 0.313726, 0, 11.5686
~&SPILL_STATS,1, 0, 0, 1, 0, 6, 0.156863, 0, 0.156863, 0, 11.098
~&SPILL_STATS,0, 0, 0, 0, 0, 1, 0, 0, 0, 0, 0.5
~&SPILL_STATS,0, 0, 0, 0, 0, 0, 0, 0, 0, 0, 0
~&SPILL_STATS,0, 0, 0, 0, 0, 0, 0, 0, 0, 0, 0
~&SPILL_STATS,0, 0, 0, 0, 0, 0, 0, 0, 0, 0, 0
~&SPILL_STATS,0, 0, 0, 0, 0, 0, 0, 0, 0, 0, 0
~&SPILL_STATS,0, 0, 0, 0, 0, 7, 0, 0, 0, 0, 3.5
~&SPILL_STATS,0, 0, 0, 0, 0, 7, 0, 0, 0, 0, 3.5
~&SPILL_STATS,6, 0, 0, 5, 0, 6, 15.4941, 0, 15.8588, 0, 2.76471
~&SPILL_STATS,0, 0, 0, 0, 0, 0, 0, 0, 0, 0, 0
~&SPILL_STATS,0, 0, 0, 0, 0, 2, 0, 0, 0, 0, 1.19048
~&SPILL_STATS,0, 0, 0, 0, 0, 1, 0, 0, 0, 0, 1
~&SPILL_STATS,0, 0, 0, 0, 0, 2, 0, 0, 0, 0, 1.5
~&SPILL_STATS,0, 0, 0, 0, 0, 2, 0, 0, 0, 0, 1.4902
~&SPILL_STATS,0, 0, 0, 0, 0, 5, 0, 0, 0, 0, 11.4706
~&SPILL_STATS,13, 1, 0, 13, 0, 26, 3.25, 0.25, 3.25, 0, 19
~&SPILL_STATS,0, 0, 0, 0, 0, 4, 0, 0, 0, 0, 10.4706
~&SPILL_STATS,0, 0, 0, 0, 0, 19, 0, 0, 0, 0, 33.9999
~&SPILL_STATS,9, 1, 0, 13, 0, 35, 2.63137, 1, 3.87451, 0, 39.5451
~&SPILL_STATS,15, 11, 0, 13, 0, 28, 11.5984, 10.9764, 4.52756, 0, 36.685
~&SPILL_STATS,16, 0, 0, 1, 0, 16, 1.99638, 0, 1, 0, 2.99275
~&SPILL_STATS,16, 0, 0, 1, 0, 49, 1.99638, 0, 1, 0, 8.98188
~&SPILL_STATS,16, 0, 0, 1, 0, 16, 1.99638, 0, 1, 0, 2.99275
~&SPILL_STATS,0, 0, 0, 0, 0, 33, 0, 0, 0, 0, 45.5686
~&SPILL_STATS,117, 38, 0, 85, 0, 63, 5143.19, 1836.09, 1747.56, 0, 3216.47
~&SPILL_STATS,117, 29, 0, 82, 1, 64, 5748.67, 1970.83, 2104.67, 0.390805, 3911.42
~&SPILL_STATS,16, 14, 0, 28, 3, 6, 9.07473, 33.6143, 5.21429, 0.307147, 19.8
~&SPILL_STATS,0, 0, 0, 0, 0, 2, 0, 0, 0, 0, 2
~&SPILL_STATS,0, 0, 0, 0, 0, 2, 0, 0, 0, 0, 2
~&SPILL_STATS,0, 0, 0, 0, 0, 0, 0, 0, 0, 0, 0
~&SPILL_STATS,0, 5, 0, 4, 0, 5, 0, 0.826896, 0.55794, 0, 0.473534
~&SPILL_STATS,6, 11, 0, 15, 0, 39, 0.321526, 1.32234, 1.43951, 0, 4.22888
~&SPILL_STATS,0, 0, 0, 0, 0, 2, 0, 0, 0, 0, 20.9048
~&SPILL_STATS,0, 0, 0, 0, 0, 2, 0, 0, 0, 0, 20.9048
~&SPILL_STATS,0, 0, 0, 0, 0, 0, 0, 0, 0, 0, 0
~&SPILL_STATS,38, 16, 0, 21, 0, 27, 74.7048, 27.2115, 9.32158, 0, 74.5991
~&SPILL_STATS,0, 0, 0, 0, 0, 4, 0, 0, 0, 0, 173.059
~&SPILL_STATS,13, 10, 0, 16, 2, 36, 3.375, 5.60179, 3.51607, 0.135714, 8.35357
~&SPILL_STATS,0, 0, 0, 0, 0, 0, 0, 0, 0, 0, 0
~&SPILL_STATS,0, 0, 0, 0, 0, 0, 0, 0, 0, 0, 0
~&SPILL_STATS,0, 0, 0, 0, 0, 7, 0, 0, 0, 0, 2.44444
~&SPILL_STATS,89, 46, 0, 43, 5, 50, 60106.6, 40648.4, 23970.8, 1275.78, 44728.9
~&SPILL_STATS,20, 6, 0, 8, 8, 7, 8.0088, 2.12023, 8, 3.99707, 4.6217
~&SPILL_STATS,170, 56, 0, 81, 16, 107, 4674.81, 977.425, 451.451, 18.6708, 1174.77
~&SPILL_STATS,0, 0, 0, 0, 0, 0, 0, 0, 0, 0, 0
~&SPILL_STATS,63, 53, 0, 52, 7, 47, 16.601, 42.1816, 12.4506, 0.580078, 65.6709
~&SPILL_STATS,24, 3, 0, 21, 0, 24, 228.125, 191.992, 13.6328, 0, 211.438
~&SPILL_STATS,26, 19, 0, 22, 1, 47, 277.129, 684.965, 30.5647, 0.152941, 570.129
~&SPILL_STATS,0, 0, 0, 0, 0, 0, 0, 0, 0, 0, 0
~&SPILL_STATS,0, 0, 0, 0, 0, 0, 0, 0, 0, 0, 0
~&SPILL_STATS,29, 21, 0, 23, 0, 25, 200.269, 910.039, 78.5385, 0, 1528.5
~&SPILL_STATS,71, 40, 0, 48, 0, 56, 218.4, 982.8, 85.7, 0, 1651.75
~&SPILL_STATS,0, 0, 0, 0, 0, 0, 0, 0, 0, 0, 0
~&SPILL_STATS,0, 0, 0, 0, 0, 0, 0, 0, 0, 0, 0
~&SPILL_STATS,0, 0, 0, 0, 0, 0, 0, 0, 0, 0, 0
~&SPILL_STATS,0, 0, 0, 0, 0, 4, 0, 0, 0, 0, 4
~&SPILL_STATS,0, 0, 0, 0, 0, 0, 0, 0, 0, 0, 0
~&SPILL_STATS,68, 23, 0, 75, 10, 22, 166.902, 19.0763, 9.81908, 1.00458, 21.8733
~&SPILL_STATS,74, 19, 0, 84, 11, 24, 3024.54, 302.38, 202.086, 69.1043, 564.061
~&SPILL_STATS,66, 7, 0, 73, 2, 15, 2651.6, 133.63, 190.802, 12.5432, 255.444
~&SPILL_STATS,85, 19, 0, 88, 9, 19, 3153.28, 208.147, 237.031, 56.5399, 259.669
~&SPILL_STATS,61, 7, 0, 59, 2, 16, 3488.19, 551.938, 272.125, 10, 1839.78
~&SPILL_STATS,48, 8, 0, 50, 2, 19, 2800.59, 679.906, 220.125, 10, 1755.97
~&SPILL_STATS,61, 7, 0, 59, 2, 16, 3488.19, 551.938, 272.125, 10, 1839.78
~&SPILL_STATS,49, 4, 0, 47, 1, 20, 2776.73, 138, 255.961, 2.4902, 1189.39
~&SPILL_STATS,49, 4, 0, 47, 1, 20, 2776.73, 138, 255.961, 2.4902, 1189.39
~&SPILL_STATS,88, 20, 0, 85, 10, 29, 2589.23, 287.431, 162.388, 26.5502, 731.258
~&SPILL_STATS,91, 20, 0, 87, 10, 29, 2626.86, 287.431, 187.469, 26.5502, 731.258
~&SPILL_STATS,80, 21, 0, 86, 11, 28, 2583.73, 289.88, 161.163, 29, 736.239
~&SPILL_STATS,83, 21, 0, 88, 11, 28, 2621.35, 289.88, 186.244, 29, 736.239
~&SPILL_STATS,53, 7, 0, 14, 0, 19, 8906.88, 697.125, 833, 0, 6989.75
~&SPILL_STATS,4, 2, 0, 9, 1, 18, 0.390625, 2, 2.24414, 0.390625, 1.95557
~&SPILL_STATS,427, 283, 0, 324, 19, 125, 1849.97, 1662.88, 104.974, 2.27724, 1081.19
~&SPILL_STATS,200, 85, 0, 142, 3, 74, 567.363, 524.288, 64.1479, 0.615591, 314.153
~&SPILL_STATS,0, 0, 0, 0, 0, 2, 0, 0, 0, 0, 2
~&SPILL_STATS,9, 7, 0, 7, 0, 4, 29.6381, 19.8883, 2.37573, 0, 14.6545
~&SPILL_STATS,423, 187, 0, 226, 17, 111, 595.545, 290.45, 141.358, 4.3035, 185.071
~&SPILL_STATS,265, 105, 0, 192, 18, 138, 2540.73, 549.338, 695.139, 6.7543, 1031.71
~&SPILL_STATS,0, 3, 0, 3, 0, 2, 0, 1.85294, 1.85294, 0, 1.23529
~&SPILL_STATS,0, 0, 0, 0, 0, 0, 0, 0, 0, 0, 0
~&SPILL_STATS,92, 18, 0, 47, 0, 75, 57.2934, 18.8079, 39.2798, 0, 61.7229
~&SPILL_STATS,24, 10, 0, 13, 1, 22, 6.90472, 9.7027, 4.23572, 0.125, 11.707
~&SPILL_STATS,62, 25, 0, 30, 3, 24, 77.377, 76.1914, 81.9062, 1.15625, 55.0859
~&SPILL_STATS,58, 21, 0, 34, 3, 24, 45.2324, 26.3513, 61.5665, 1.51447, 27.5404
~&SPILL_STATS,28, 8, 0, 22, 0, 10, 144.674, 65.2716, 128.838, 0, 73.8928
~&SPILL_STATS,21, 9, 0, 17, 2, 9, 26.1199, 17.6251, 41.1279, 1.0647, 27.3542
~&SPILL_STATS,0, 0, 0, 0, 0, 0, 0, 0, 0, 0, 0
~&SPILL_STATS,0, 0, 0, 0, 0, 0, 0, 0, 0, 0, 0
~&SPILL_STATS,9, 2, 0, 5, 0, 23, 23.7937, 6.33333, 17.4444, 0, 31.619
~&SPILL_STATS,0, 0, 0, 0, 0, 0, 0, 0, 0, 0, 0
~&SPILL_STATS,4, 5, 0, 4, 1, 6, 33.9821, 5.69643, 1.85714, 0.392857, 53.2857
~&SPILL_STATS,29, 46, 0, 22, 0, 1, 924.375, 1466.25, 516, 0, 31.875
~&SPILL_STATS,11, 0, 0, 11, 0, 23, 6, 0, 6, 0, 16.5
~&SPILL_STATS,0, 0, 0, 0, 0, 0, 0, 0, 0, 0, 0
~&SPILL_STATS,0, 0, 0, 0, 0, 0, 0, 0, 0, 0, 0
~&SPILL_STATS,0, 0, 0, 0, 0, 0, 0, 0, 0, 0, 0
~&SPILL_STATS,0, 0, 0, 0, 0, 4, 0, 0, 0, 0, 3.32
~&SPILL_STATS,0, 1, 0, 1, 0, 2, 0, 4.76837e-07, 1, 0, 2
~&SPILL_STATS,0, 0, 0, 0, 0, 0, 0, 0, 0, 0, 0
~&SPILL_STATS,0, 0, 0, 0, 0, 1, 0, 0, 0, 0, 0.608856
~&SPILL_STATS,0, 0, 0, 0, 0, 0, 0, 0, 0, 0, 0
~&SPILL_STATS,0, 0, 0, 0, 0, 5, 0, 0, 0, 0, 41.7059
~&SPILL_STATS,1, 0, 0, 1, 0, 1, 0.375, 0, 0.375, 0, 12.7812
~&SPILL_STATS,0, 0, 0, 0, 0, 5, 0, 0, 0, 0, 18.375
~&SPILL_STATS,0, 0, 0, 0, 0, 2, 0, 0, 0, 0, 2
~&SPILL_STATS,5, 4, 0, 5, 0, 12, 5, 2.47619, 4, 0, 9.71428
~&SPILL_STATS,2, 0, 0, 1, 0, 5, 8.61905, 0, 0.5, 0, 9.85714
~&SPILL_STATS,0, 0, 0, 0, 0, 0, 0, 0, 0, 0, 0
~&SPILL_STATS,0, 0, 0, 0, 0, 0, 0, 0, 0, 0, 0
~&SPILL_STATS,0, 0, 0, 0, 0, 1, 0, 0, 0, 0, 1
~&SPILL_STATS,0, 0, 0, 0, 0, 0, 0, 0, 0, 0, 0
~&SPILL_STATS,0, 0, 0, 0, 0, 0, 0, 0, 0, 0, 0
~&SPILL_STATS,0, 0, 0, 0, 0, 0, 0, 0, 0, 0, 0
~&SPILL_STATS,0, 4, 0, 1, 0, 12, 0, 179.538, 1, 0, 207.128
~&SPILL_STATS,11, 4, 0, 8, 4, 7, 42.4531, 25.0122, 4.81633, 1.37959, 37.2898
~&SPILL_STATS,0, 0, 0, 0, 0, 0, 0, 0, 0, 0, 0
~&SPILL_STATS,57, 21, 0, 31, 0, 58, 576.694, 21.1804, 13.7706, 0, 99.8654
~&SPILL_STATS,0, 0, 0, 0, 0, 0, 0, 0, 0, 0, 0
~&SPILL_STATS,0, 0, 0, 0, 0, 0, 0, 0, 0, 0, 0
~&SPILL_STATS,0, 0, 0, 0, 0, 0, 0, 0, 0, 0, 0
~&SPILL_STATS,0, 0, 0, 0, 0, 0, 0, 0, 0, 0, 0
~&SPILL_STATS,4, 2, 0, 3, 0, 13, 24.7679, 22.125, 2.33929, 0, 43.1607
~&SPILL_STATS,137, 40, 0, 64, 1, 118, 875.924, 25.0336, 26.0306, 0.33945, 203.431
~&SPILL_STATS,0, 0, 0, 0, 0, 0, 0, 0, 0, 0, 0
~&SPILL_STATS,0, 0, 0, 0, 0, 0, 0, 0, 0, 0, 0
~&SPILL_STATS,0, 0, 0, 0, 0, 0, 0, 0, 0, 0, 0
~&SPILL_STATS,0, 0, 0, 0, 0, 0, 0, 0, 0, 0, 0
~&SPILL_STATS,199, 65, 0, 99, 2, 174, 418.216, 13.8968, 12.5519, 0.142247, 94.3382
~&SPILL_STATS,0, 0, 0, 0, 0, 5, 0, 0, 0, 0, 119.083
~&SPILL_STATS,3, 0, 0, 2, 0, 2, 3.17647, 0, 1.38235, 0, 15.4118
~&SPILL_STATS,1, 0, 0, 1, 0, 4, 2.47727, 0, 0.386364, 0, 18.5455
~&SPILL_STATS,10, 3, 0, 8, 0, 3, 43.5, 24, 6.5, 0, 16
~&SPILL_STATS,2, 2, 0, 5, 1, 9, 10.6429, 20.8095, 2.80952, 0.5, 58.381
~&SPILL_STATS,2, 2, 0, 5, 1, 9, 10.6429, 20.8095, 2.80952, 0.5, 58.381
~&SPILL_STATS,4, 2, 0, 5, 0, 1, 13.0833, 22.8333, 5.5, 0, 21.25
~&SPILL_STATS,155, 26, 0, 99, 21, 184, 225.242, 64.8085, 47.8979, 10.8125, 525.911
~&SPILL_STATS,1, 0, 0, 1, 0, 10, 0.312883, 0, 1, 0, 14.5399
~&SPILL_STATS,2, 0, 0, 2, 0, 3, 1.20896, 0, 1.01493, 0, 17.5771
~&SPILL_STATS,5, 2, 0, 6, 2, 12, 9.76325, 1.35336, 7.45583, 0.946996, 50.7809
~&SPILL_STATS,0, 0, 0, 0, 0, 6, 0, 0, 0, 0, 115.853
~&SPILL_STATS,0, 0, 0, 0, 0, 1, 0, 0, 0, 0, 1
~&SPILL_STATS,6, 0, 0, 3, 1, 4, 1.52653, 0, 2, 0.62449, 16.4245
~&SPILL_STATS,93, 4, 0, 29, 3, 43, 2015.22, 203.235, 542.427, 1.35294, 959.721
~&SPILL_STATS,23, 0, 0, 9, 1, 6, 3878.56, 0, 1327.44, 0.5, 815.625
~&SPILL_STATS,7, 1, 0, 6, 1, 9, 23.2857, 0.5, 3.30952, 0.5, 39.5714
~&SPILL_STATS,0, 0, 0, 0, 0, 13, 0, 0, 0, 0, 214.214
~&SPILL_STATS,0, 0, 0, 0, 0, 2, 0, 0, 0, 0, 0.828125
~&SPILL_STATS,0, 0, 0, 0, 0, 0, 0, 0, 0, 0, 0
~&SPILL_STATS,3, 1, 0, 3, 0, 4, 17.9375, 15.9375, 3, 0, 48.8125
~&SPILL_STATS,7, 1, 0, 6, 0, 6, 553.235, 7.5, 22.1176, 0, 647.353
~&SPILL_STATS,0, 0, 0, 0, 0, 0, 0, 0, 0, 0, 0
~&SPILL_STATS,21, 6, 0, 8, 0, 20, 4.39711, 1.4657, 4.3213, 0, 5.8231
~&SPILL_STATS,0, 0, 0, 0, 0, 0, 0, 0, 0, 0, 0
~&SPILL_STATS,0, 0, 0, 0, 0, 1, 0, 0, 0, 0, 1
~&SPILL_STATS,0, 0, 0, 0, 0, 0, 0, 0, 0, 0, 0
~&SPILL_STATS,0, 1, 0, 1, 0, 9, 0, 0.777778, 0.777778, 0, 1.44444
~&SPILL_STATS,20, 3, 0, 9, 0, 12, 0.328997, 0.0675966, 1.14297, 0, 0.284335
~&SPILL_STATS,0, 0, 0, 0, 0, 0, 0, 0, 0, 0, 0
~&SPILL_STATS,0, 0, 0, 0, 0, 0, 0, 0, 0, 0, 0
~&SPILL_STATS,111, 4, 0, 53, 18, 51, 267.393, 2.91373, 522.075, 6.06892, 572.2
~&SPILL_STATS,1, 2, 0, 2, 0, 7, 0.499999, 0.499999, 0.999999, 0, 4.5
~&SPILL_STATS,0, 0, 0, 0, 0, 4, 0, 0, 0, 0, 4
~&SPILL_STATS,0, 0, 0, 0, 0, 0, 0, 0, 0, 0, 0
~&SPILL_STATS,0, 0, 0, 0, 0, 7, 0, 0, 0, 0, 6.99999
~&SPILL_STATS,2, 2, 0, 2, 0, 3, 1.62498, 19.9994, 1.625, 0, 21.9993
~&SPILL_STATS,13, 0, 0, 3, 1, 4, 633.5, 0, 33.5, 0.624999, 441
~&SPILL_STATS,0, 0, 0, 0, 0, 1, 0, 0, 0, 0, 0.5
~&SPILL_STATS,127, 35, 0, 71, 8, 63, 1.81889e+06, 627411, 119216, 534.769, 1.04263e+06
~&SPILL_STATS,0, 0, 0, 0, 0, 9, 0, 0, 0, 0, 84.76
~&SPILL_STATS,0, 0, 0, 0, 0, 5, 0, 0, 0, 0, 43.96
~&SPILL_STATS,0, 0, 0, 0, 0, 4, 0, 0, 0, 0, 11.44
~&SPILL_STATS,47, 30, 0, 35, 1, 81, 919.984, 477.981, 363.007, 0.3906, 4257.94
~&SPILL_STATS,19, 0, 0, 10, 0, 18, 1485.95, 0, 654.478, 0, 1977.52
