Comando: /home/mpvreal/Code/Faculdade/tcc/llvm/build/bin/llc --march=aarch64 --regalloc=basic -o -
Heurística: div(cost,mul(area,degree))
function@flux_,45,0,0,15,0,13,45,0,15,0,13
function@flux_..omp_par.4,196,0,0,82,0,2,681116,0,9542.75,0,8799.83
function@flux_..omp_par.3,41,1,0,19,0,4,6635.08,0.666667,50.1667,0,461.75
function@flux_..omp_par.2,9,0,0,6,0,6,57.3333,0,6,0,50.4167
function@flux_..omp_par.1,243,3,0,109,0,1,38701,1.875,5529.62,0,31.25
function@flux_..omp_par,9,0,0,6,0,6,57.3333,0,6,0,50.4167
function@_QQmain,0,0,0,0,0,146,0,0,0,0,142
function@jacobian_,5,0,0,5,0,7,5,0,5,0,7
function@jacobian_..omp_par,91,0,0,42,0,5,437402,0,102498,0,1492.92
function@fill1_,0,0,0,0,0,8,0,0,0,0,8
function@fill1_..omp_par.1,0,0,0,0,0,8,0,0,0,0,27.9167
function@fill1_..omp_par,0,0,0,0,0,11,0,0,0,0,1307.67
function@shell_,136,0,0,36,0,73,1546.81,0,33.7143,0,15912.7
function@shell_..omp_par.8,0,0,0,0,0,11,0,0,0,0,987.667
function@shell_..omp_par.7,143,0,0,78,0,3,1.53733e+06,0,25864.3,0,8535.25
function@shell_..omp_par.6,134,0,0,98,0,6,321592,0,140044,0,298668
function@shell_..omp_par.5,3,0,0,2,0,14,1.625,0,2,0,829.562
function@shell_..omp_par.4,30,0,0,22,0,24,629.938,0,22.875,0,740.062
function@shell_..omp_par.3,8,0,0,6,0,6,31.5,0,6,0,982.333
function@shell_..omp_par.2,1,0,0,1,0,10,0.666667,0,1,0,881.083
function@shell_..omp_par.1,0,0,0,0,0,9,0,0,0,0,294.5
function@shell_..omp_par,5,0,0,3,0,4,37.5,0,3,0,8981.75
function@.omp.reduction.func,0,0,0,0,0,0,0,0,0,0,0
function@bi_cgstab_block_,103,0,0,15,0,30,1059,0,15,0,194.312
function@bi_cgstab_block_..omp_par.12,0,0,0,0,0,17,0,0,0,0,16680.8
function@bi_cgstab_block_..omp_par.11,36,1,0,21,0,14,22702.7,0.666667,795.417,0,16707.7
function@bi_cgstab_block_..omp_par.10,2,0,0,1,0,19,1,0,1,0,24930.7
function@bi_cgstab_block_..omp_par.9,14,1,0,9,0,14,393.25,0.666667,19.5833,0,14063.1
function@bi_cgstab_block_..omp_par.8,0,0,0,0,0,19,0,0,0,0,24930.7
function@bi_cgstab_block_..omp_par.7,33,1,0,21,0,11,6705.17,0.666667,528.167,0,15372.4
function@bi_cgstab_block_..omp_par.6,0,0,0,0,0,19,0,0,0,0,24930.7
function@bi_cgstab_block_..omp_par.5,2,0,0,1,0,21,1,0,1,0,33180.6
function@bi_cgstab_block_..omp_par,51,1,0,37,0,12,5747.42,0.666667,2331.92,0,16705.7
function@mat_times_vec_,7,0,0,5,0,6,7,0,5,0,6
function@mat_times_vec_..omp_par,115,0,0,63,0,12,137602,0,14940,0,424534
function@.omp.reduction.func,0,0,0,0,0,0,0,0,0,0,0
function@.omp.reduction.func.1,0,0,0,0,0,0,0,0,0,0,0
function@.omp.reduction.func.2,0,0,0,0,0,0,0,0,0,0,0
function@.omp.reduction.func.3,0,0,0,0,0,0,0,0,0,0,0
function@.omp.reduction.func.4,0,0,0,0,0,0,0,0,0,0,0
function@fill2_,0,0,0,0,0,7,0,0,0,0,7
function@fill2_..omp_par.1,0,0,0,0,0,9,0,0,0,0,41.1667
function@fill2_..omp_par,0,0,0,0,0,9,0,0,0,0,41.1667
