Comando: /home/mpvreal/Code/Faculdade/tcc/llvm/build/bin/llc --march=x86 --regalloc=basic -o -
Heurística: div(cost,mul(area,degree))
function@message_init,0,0,0,0,0,0,0,0,0,0,0
function@message_verbosity_increase,0,0,0,0,0,0,0,0,0,0,0
function@message_verbosity_decrease,0,0,0,0,0,0,0,0,0,0,0
function@message_verbosity_get,0,0,0,0,0,0,0,0,0,0,0
function@message_set_files,0,0,0,0,0,0,0,0,0,0,0
function@message_filename,0,0,0,0,0,0,0,0,0,0,0
function@message_progress_start,0,0,0,0,0,0,0,0,0,0,0
function@message_progress_update,0,0,0,0,0,0,0,0,0,0,0
function@message_progress_end,0,0,0,0,0,0,0,0,0,0,0
function@message,0,0,0,0,0,0,0,0,0,0,0
function@message_warning,0,0,0,0,0,0,0,0,0,0,0
function@message_error,0,0,0,0,0,0,0,0,0,0,0
function@message_fatal,0,0,0,0,0,0,0,0,0,0,0
function@message_bug,0,0,0,0,0,0,0,0,0,0,0
function@message_signal_handler,0,0,0,0,0,0,0,0,0,0,0
function@message_strm,0,0,0,0,0,0,0,0,0,0,0
function@message_mem_needed,0,0,0,0,0,6,0,0,0,0,2.46875
function@message_filters_to_str,7,10,0,6,13,5,33.8333,44,32,26,47
function@message_filters_show,0,0,0,0,0,0,0,0,0,0,0
function@message_try_help,0,0,0,0,0,0,0,0,0,0,0
function@message_version,0,0,0,0,0,0,0,0,0,0,0
function@message_help,0,0,0,0,0,0,0,0,0,0,0
function@coder_set_check,0,0,0,0,0,0,0,0,0,0,0
function@coder_set_preset,0,0,0,0,0,0,0,0,0,0,0
function@coder_set_extreme,0,0,0,0,0,0,0,0,0,0,0
function@coder_add_filter,0,0,0,0,0,0,0,0,0,0,0
function@coder_set_compression_settings,9,9,0,7,1,10,53.2143,35.9524,20.2381,0.5,55.7857
function@coder_run,2,6,0,3,1,16,0.0617463,0.264071,0.0996844,0.00155073,3.17628
function@is_format_lzma,0,0,0,0,0,7,0,0,0,0,1.55664
function@hardware_threadlimit_set,0,0,0,0,0,0,0,0,0,0,0
function@hardware_threadlimit_get,0,0,0,0,0,0,0,0,0,0,0
function@hardware_memlimit_set,0,0,0,0,0,1,0,0,0,0,0.5
function@hardware_memlimit_get,0,0,0,0,0,2,0,0,0,0,2
function@hardware_memlimit_show,0,0,0,0,0,1,0,0,0,0,1
function@hardware_init,0,0,0,0,0,0,0,0,0,0,0
function@io_init,0,0,0,0,0,0,0,0,0,0,0
function@io_no_sparse,0,0,0,0,0,0,0,0,0,0,0
function@io_open_src,0,0,0,0,0,2,0,0,0,0,9.15294
function@io_open_dest,0,0,0,0,0,2,0,0,0,0,2
function@io_close,0,0,0,0,0,4,0,0,0,0,5.97626
function@io_read,2,1,0,3,6,4,2,0.123077,2.12308,2,28.5846
function@io_pread,1,1,0,2,3,5,0.376923,0.376923,1,1.13077,15.2923
function@io_write,8,1,0,1,4,10,3.50916,0.483516,0.483516,1.12088,22.6575
function@list_totals,1,8,0,5,0,5,0.625,3.76562,2.59375,0,0.46875
function@list_file,61,123,0,77,29,47,51.5426,23.6583,37.4079,24.8511,9.33556
function@get_check_names,0,0,0,0,0,1,0,0,0,0,1
function@print_adv_helper,0,0,0,0,0,2,0,0,0,0,2
function@parse_details,1,8,0,2,0,6,0.456055,1.22316,1.02747,0,2.20731
function@xrealloc,0,0,0,0,0,2,0,0,0,0,2
function@xstrdup,0,0,0,0,0,3,0,0,0,0,3
function@str_to_uint64,4,4,0,2,10,13,0.545024,0.545024,0.180095,0.535545,36.0166
function@round_up_to_mib,0,0,0,0,0,2,0,0,0,0,2
function@uint64_to_str,0,0,0,0,0,1,0,0,0,0,1
function@uint64_to_nicestr,0,0,0,0,0,3,0,0,0,0,3
function@my_snprintf,0,0,0,0,0,3,0,0,0,0,1.625
function@is_empty_filename,0,0,0,0,0,0,0,0,0,0,0
function@is_tty_stdin,0,0,0,0,0,0,0,0,0,0,0
function@is_tty_stdout,0,0,0,0,0,0,0,0,0,0,0
function@signals_init,0,0,0,0,0,0,0,0,0,0,0
function@signals_block,0,0,0,0,0,0,0,0,0,0,0
function@signals_unblock,0,0,0,0,0,0,0,0,0,0,0
function@signals_exit,0,0,0,0,0,0,0,0,0,0,0
function@options_delta,8,4,0,5,3,4,23.05,16.8,17.8,18.65,610.75
function@options_bcj,6,4,0,5,3,3,21.05,19.15,17.8,18.65,604.5
function@options_lzma,13,15,0,7,3,8,46.95,355.15,30.6,18.65,614.5
function@set_lzma,0,0,0,0,0,2,0,0,0,0,1.10031
function@set_exit_status,0,0,0,0,0,0,0,0,0,0,0
function@set_exit_no_warn,0,0,0,0,0,0,0,0,0,0,0
function@sha_init,0,0,0,0,0,0,0,0,0,0,0
function@sha_process,2,4,0,2,0,4,5.625,13,1.625,0,26
function@sha_compress,357,128,0,106,110,12,10680,3600,2834,3365,353
function@sha_done,0,0,0,0,0,5,0,0,0,0,3.96774
function@spec_mem_init,2,11,0,2,6,4,19.9988,59.9964,19.9988,40.6226,282.483
function@spec_mem_sum,0,0,0,0,0,3,0,0,0,0,25.625
function@spec_mem_load,46,9,0,8,2,24,297.052,15.8412,6.74646,1.99999,265.725
function@fd_grow,0,0,0,0,0,3,0,0,0,0,3
function@spec_uncompress,0,0,0,0,0,2,0,0,0,0,2
function@compare_sum,0,0,0,0,0,1,0,0,0,0,7.51515
function@print_sum,0,0,0,0,0,1,0,0,0,0,15.9375
function@spec_mem_read,2,0,0,1,4,4,1.47059,0,0.470588,1.23529,2.88235
function@spec_mem_fread,15,9,0,12,5,0,7.49998,3.74999,6.99999,2,0
function@spec_mem_getc,0,0,0,0,0,4,0,0,0,0,3.49999
function@spec_mem_ungetc,0,0,0,0,0,1,0,0,0,0,0.999998
function@spec_mem_lseek,2,4,0,2,0,4,0.529412,1.20588,1.88235,0,3.70588
function@spec_mem_rewind,0,0,0,0,0,0,0,0,0,0,0
function@spec_mem_reset,0,0,0,0,0,1,0,0,0,0,1
function@spec_mem_get_length,0,0,0,0,0,1,0,0,0,0,1
function@spec_mem_fopen,0,0,0,0,0,5,0,0,0,0,2.66492
function@spec_mem_open,0,0,0,0,0,5,0,0,0,0,2.79412
function@spec_mem_write,5,2,0,3,3,4,3.88235,1.41176,2.94118,1.05882,17.4118
function@spec_mem_fwrite,14,4,0,5,4,5,12.5,3.49999,4.99999,3.99999,19.5
function@spec_mem_putc,0,0,0,0,0,3,0,0,0,0,2.99999
function@spec_mem_feof,0,2,0,1,0,2,0,0.999999,0.5,0,0.999999
function@spec_mem_close,0,0,0,0,0,1,0,0,0,0,0.999999
function@spec_empty,0,0,0,0,0,0,0,0,0,0,0
function@spec_initbufs,0,0,0,0,0,0,0,0,0,0,0
function@spec_compress,0,0,0,0,0,2,0,0,0,0,2
function@debug_time,0,0,0,0,0,0,0,0,0,0,0
function@sum_str_to_hex,0,1,0,1,1,4,0,16,1,0.499999,19
function@spec_mem_alloc_fds,0,0,0,0,0,2,0,0,0,0,2
function@spec_mem_free_fds,1,2,0,1,0,2,0.25,16.7188,1,0,31.9375
function@lzma_delta_decoder_init,0,0,0,0,0,0,0,0,0,0,0
function@delta_decode,31,15,0,12,12,9,86.2969,26.6797,13.25,19.75,21.0312
function@lzma_delta_props_decode,0,0,0,0,0,2,0,0,0,0,1.5
function@lzma_delta_encoder_init,0,0,0,0,0,0,0,0,0,0,0
function@delta_encode,80,42,0,35,29,14,56.5636,39.9254,15.9904,11.3929,44.6923
function@delta_encoder_update,0,0,0,0,0,0,0,0,0,0,0
function@lzma_delta_props_encode,0,0,0,0,0,0,0,0,0,0,0
function@lzma_delta_coder_init,0,0,0,0,0,1,0,0,0,0,0.898734
function@delta_coder_end,0,0,0,0,0,0,0,0,0,0,0
function@lzma_delta_coder_memusage,0,0,0,0,0,1,0,0,0,0,0.235294
function@lzma_mf_find,4,0,0,3,0,4,3,0,0.461538,0,2.23077
function@lzma_mf_hc3_find,70,12,0,15,11,12,116.801,67.8607,19.2725,5.84836,52.0881
function@lzma_mf_hc3_skip,12,6,0,9,5,3,288.375,232.875,258.625,117,151.5
function@lzma_mf_hc4_find,85,13,0,16,14,11,145.414,48.813,15.9235,28.3654,31.0963
function@lzma_mf_hc4_skip,10,1,0,8,5,4,280.75,89.875,231.875,133,153.25
function@lzma_mf_bt2_find,52,11,0,23,9,5,118.64,111.432,35.472,4.24,14.088
function@lzma_mf_bt2_skip,22,14,0,20,7,5,604.895,679.211,521.474,116.368,228.474
function@lzma_mf_bt3_find,118,22,0,33,17,12,334.375,95.615,45.8077,64.0297,6.68331
function@lzma_mf_bt3_skip,44,9,0,19,5,5,2111.84,516.789,501.474,82,228.474
function@lzma_mf_bt4_find,125,23,0,34,18,12,250.68,71.0092,34.1149,42.9724,7.07504
function@lzma_mf_bt4_skip,32,12,0,21,6,4,1055.16,620.316,523,108.895,203.474
function@lzma_lz_encoder_memusage,0,0,0,0,0,2,0,0,0,0,1.5
function@lz_encoder_prepare,24,6,0,7,2,9,4.79896,1.37337,4.11749,0.0992167,3.00522
function@lzma_lz_encoder_init,0,1,0,1,0,4,0,0.0464846,0.0464846,0,2.0303
function@lz_encode,0,2,0,1,0,3,0,10.2723,1,0,11.844
function@lz_encoder_end,0,0,0,0,0,0,0,0,0,0,0
function@lz_encoder_update,0,0,0,0,0,0,0,0,0,0,0
function@lzma_mf_is_supported,0,0,0,0,0,1,0,0,0,0,1
function@lzma_lz_decoder_init,3,1,0,2,0,6,0.294571,0.0981902,0.19638,0,2.6235
function@lz_decode,42,22,0,28,9,11,784.386,728.172,562.637,96.5498,394.508
function@lz_decoder_end,0,0,0,0,0,0,0,0,0,0,0
function@lzma_lz_decoder_memusage,0,0,0,0,0,0,0,0,0,0,0
function@lzma_lz_decoder_uncompressed,0,0,0,0,0,0,0,0,0,0,0
function@lzma_lzma_optimum_fast,74,23,0,14,10,18,4.82651,6.04627,4.23918,1.8093,5.18411
function@lzma_lzma_preset,0,0,0,0,0,3,0,0,0,0,2.75
function@lzma_lzma_optimum_normal,375,166,0,171,155,90,802.409,235.451,203.178,353.421,741.106
function@lzma_lzma2_encoder_init,0,0,0,0,0,0,0,0,0,0,0
function@lzma2_encoder_init,0,0,0,0,0,2,0,0,0,0,1.52747
function@lzma_lzma2_encoder_memusage,0,0,0,0,0,1,0,0,0,0,1
function@lzma_lzma2_props_encode,0,0,0,0,0,5,0,0,0,0,5
function@lzma2_encode,26,12,0,10,4,8,43.2004,21.2643,13.7797,6.67841,9.24229
function@lzma2_encoder_end,0,0,0,0,0,0,0,0,0,0,0
function@lzma2_encoder_options_update,0,0,0,0,0,1,0,0,0,0,1
function@lzma_lzma2_decoder_init,0,0,0,0,0,0,0,0,0,0,0
function@lzma2_decoder_init,0,0,0,0,0,0,0,0,0,0,0
function@lzma_lzma2_decoder_memusage,0,0,0,0,0,0,0,0,0,0,0
function@lzma_lzma2_props_decode,0,0,0,0,0,3,0,0,0,0,1.32353
function@lzma2_decode,1,9,0,5,0,13,0.213603,12.5216,10.6757,0,41.1225
function@lzma2_decoder_end,0,0,0,0,0,0,0,0,0,0,0
function@lzma_lzma_encode,19,7,0,6,2,33,45.673,11.8095,9.23355,4.9239,154.356
function@rc_encode,4,0,0,2,0,12,13.4094,0,2,0,21.1155
function@lzma_lzma_encoder_reset,29,81,0,3,9,86,0.325684,10.937,0.291504,0.206543,22.5679
function@lzma_lzma_encoder_create,0,0,0,0,0,1,0,0,0,0,0.375
function@lzma_lzma_encoder_init,0,0,0,0,0,0,0,0,0,0,0
function@lzma_encoder_init,0,0,0,0,0,0,0,0,0,0,0
function@lzma_lzma_encoder_memusage,0,0,0,0,0,3,0,0,0,0,1.0625
function@lzma_lzma_lclppb_encode,0,0,0,0,0,1,0,0,0,0,1
function@lzma_lzma_props_encode,0,0,0,0,0,1,0,0,0,0,1
function@lzma_mode_is_supported,0,0,0,0,0,0,0,0,0,0,0
function@match,29,5,0,8,13,19,15.7906,0.710372,3.33464,5.08219,23.1018
function@length,28,1,0,14,7,9,11.5,1,6.40476,2.69048,3.88095
function@length_update_prices,27,27,0,10,7,24,137.9,74.5006,9.12515,35.5073,2162.2
function@lzma_encode,0,0,0,0,0,0,0,0,0,0,0
function@lzma_lzma_decoder_create,0,0,0,0,0,0,0,0,0,0,0
function@lzma_decode,1180,251,0,747,211,157,455.128,120.57,207.076,126.523,40.7924
function@lzma_decoder_reset,5,0,0,3,1,99,35.9844,0,3,1,604.641
function@lzma_decoder_uncompressed,0,0,0,0,0,0,0,0,0,0,0
function@lzma_lzma_decoder_init,0,0,0,0,0,0,0,0,0,0,0
function@lzma_decoder_init,0,0,0,0,0,1,0,0,0,0,0.0461538
function@lzma_lzma_lclppb_decode,0,0,0,0,0,1,0,0,0,0,0.5
function@lzma_lzma_decoder_memusage_nocheck,0,0,0,0,0,0,0,0,0,0,0
function@lzma_lzma_decoder_memusage,0,0,0,0,0,2,0,0,0,0,1.10938
function@lzma_lzma_props_decode,0,0,0,0,0,3,0,0,0,0,1.64706
function@lzma_simple_x86_encoder_init,0,0,0,0,0,2,0,0,0,0,2
function@lzma_simple_x86_decoder_init,0,0,0,0,0,2,0,0,0,0,2
function@x86_code,9,7,0,7,7,8,82.75,110.125,56.9375,55.1875,172.125
function@lzma_simple_armthumb_encoder_init,0,0,0,0,0,0,0,0,0,0,0
function@lzma_simple_armthumb_decoder_init,0,0,0,0,0,0,0,0,0,0,0
function@armthumb_code,1,0,0,1,1,23,1.96875,0,0.5,0.25,108.312
function@lzma_simple_powerpc_encoder_init,0,0,0,0,0,0,0,0,0,0,0
function@lzma_simple_powerpc_decoder_init,0,0,0,0,0,0,0,0,0,0,0
function@powerpc_code,17,2,0,10,13,17,60.5,3.9375,47.6875,28.625,72.5
function@lzma_simple_arm_encoder_init,0,0,0,0,0,0,0,0,0,0,0
function@lzma_simple_arm_decoder_init,0,0,0,0,0,0,0,0,0,0,0
function@arm_code,7,0,0,3,7,18,27.7812,0,8.4375,24.0625,113.5
function@lzma_simple_props_size,0,0,0,0,0,0,0,0,0,0,0
function@lzma_simple_props_encode,0,0,0,0,0,0,0,0,0,0,0
function@lzma_simple_coder_init,1,0,0,0,2,4,0.505495,0,0,0.868132,1.12088
function@simple_code,23,15,0,16,4,5,3.26722,1.9449,3.46006,0.672176,1.91185
function@simple_coder_end,0,0,0,0,0,0,0,0,0,0,0
function@simple_coder_update,0,0,0,0,0,0,0,0,0,0,0
function@lzma_simple_sparc_encoder_init,0,0,0,0,0,0,0,0,0,0,0
function@lzma_simple_sparc_decoder_init,0,0,0,0,0,0,0,0,0,0,0
function@sparc_code,13,0,0,8,11,15,43.5,0,31.875,27.5625,70.0625
function@lzma_simple_props_decode,0,0,0,0,0,3,0,0,0,0,2.33333
function@lzma_simple_ia64_encoder_init,0,0,0,0,0,0,0,0,0,0,0
function@lzma_simple_ia64_decoder_init,0,0,0,0,0,0,0,0,0,0,0
function@ia64_code,60,11,0,33,43,12,386.375,71.3125,277.938,256,75.25
function@lzma_stream_buffer_decode,5,0,0,6,1,7,0.0317383,0,0.686035,0.00244141,2.21582
function@lzma_index_init,0,0,0,0,0,5,0,0,0,0,3.14706
function@index_tree_append,10,3,0,3,1,7,6.33824,0.926471,1.61765,0.308824,3.77941
function@lzma_index_end,0,0,0,0,0,0,0,0,0,0,0
function@index_stream_end,0,0,0,0,0,0,0,0,0,0,0
function@lzma_index_prealloc,0,0,0,0,0,1,0,0,0,0,1
function@lzma_index_memusage,0,2,0,1,0,7,0,2,1,0,7
function@lzma_index_memused,1,6,0,3,1,8,1,6,3,1,8
function@lzma_index_block_count,0,0,0,0,0,1,0,0,0,0,1
function@lzma_index_stream_count,0,0,0,0,0,0,0,0,0,0,0
function@lzma_index_size,0,0,0,0,0,1,0,0,0,0,1
function@lzma_index_total_size,0,0,0,0,0,1,0,0,0,0,1
function@lzma_index_stream_size,0,0,0,0,0,1,0,0,0,0,1
function@lzma_index_file_size,0,1,0,1,0,3,0,0.619048,0.619048,0,1.85714
function@lzma_index_uncompressed_size,0,0,0,0,0,1,0,0,0,0,1
function@lzma_index_checks,0,0,0,0,0,1,0,0,0,0,1
function@lzma_index_padding_size,0,0,0,0,0,1,0,0,0,0,1
function@lzma_index_stream_flags,0,0,0,0,0,0,0,0,0,0,0
function@lzma_index_stream_padding,0,3,0,3,4,2,0,0.928571,1.30952,2,1.30952
function@lzma_index_append,60,9,0,19,18,2,12.0189,1.70032,7.76972,4.62461,0.55836
function@lzma_index_cat,23,7,0,14,10,6,10.0991,4.65625,6.30884,5.75,2.23688
function@index_cat_helper,0,0,0,0,0,5,0,0,0,0,85.625
function@lzma_index_dup,30,4,0,10,4,10,24.1612,5.91667,10.8967,6.20833,139.531
function@lzma_index_iter_init,0,0,0,0,0,0,0,0,0,0,0
function@lzma_index_iter_rewind,0,0,0,0,0,0,0,0,0,0,0
function@lzma_index_iter_next,3,4,0,5,1,21,2.2623,1.23845,3.1073,0.0864381,70.7243
function@iter_set_info,23,9,0,6,3,4,11.7355,6.36777,4.8719,2.24793,2.38843
function@lzma_index_iter_locate,19,6,0,11,6,4,76.1191,51.2143,44.5714,1.80952,31.4286
function@index_tree_node_end,0,0,0,0,0,4,0,0,0,0,3.33333
function@lzma_filter_decoder_is_supported,0,0,0,0,0,4,0,0,0,0,2.6
function@decoder_find,0,0,0,0,0,3,0,0,0,0,3
function@lzma_raw_decoder_init,0,0,0,0,0,0,0,0,0,0,0
function@lzma_raw_decoder,0,0,0,0,0,3,0,0,0,0,2.375
function@lzma_raw_decoder_memusage,0,0,0,0,0,0,0,0,0,0,0
function@lzma_properties_decode,0,0,0,0,0,2,0,0,0,0,2
function@lzma_block_header_decode,0,1,0,1,0,8,0,0.348775,0.02215,0,2.26348
function@free_properties,0,0,0,0,0,2,0,0,0,0,2
function@lzma_auto_decoder,0,0,0,0,0,3,0,0,0,0,2.37526
function@auto_decoder_init,0,0,0,0,0,1,0,0,0,0,1
function@auto_decode,0,0,0,0,0,4,0,0,0,0,1.40176
function@auto_decoder_end,0,0,0,0,0,0,0,0,0,0,0
function@auto_decoder_get_check,0,0,0,0,0,0,0,0,0,0,0
function@auto_decoder_memconfig,0,0,0,0,0,3,0,0,0,0,2.61905
function@lzma_stream_encoder_init,0,0,0,0,0,3,0,0,0,0,1.46158
function@stream_encode,1,10,0,6,0,7,0.163463,8.67406,3,0,3.17594
function@stream_encoder_end,0,0,0,0,0,0,0,0,0,0,0
function@stream_encoder_update,0,1,0,1,0,4,0,0.159292,0.159292,0,1.76991
function@lzma_stream_encoder,0,0,0,0,0,3,0,0,0,0,2.375
function@lzma_raw_buffer_decode,5,0,0,6,1,3,0.132812,0,0.445312,0.0078125,1.17187
function@lzma_easy_decoder_memusage,0,0,0,0,0,2,0,0,0,0,1.5
function@lzma_stream_buffer_bound,0,0,0,0,0,3,0,0,0,0,3
function@lzma_stream_buffer_encode,3,6,0,4,4,6,0.068359,0.183036,0.65625,0.107421,1.02446
function@lzma_easy_preset,0,0,0,0,0,0,0,0,0,0,0
function@lzma_alone_encoder,0,0,0,0,0,3,0,0,0,0,2.375
function@alone_encoder_init,0,0,0,0,0,7,0,0,0,0,2.28906
function@alone_encode,0,0,0,0,0,0,0,0,0,0,0
function@alone_encoder_end,0,0,0,0,0,0,0,0,0,0,0
function@lzma_vli_size,0,0,0,0,0,5,0,0,0,0,62.4762
function@lzma_raw_buffer_encode,2,3,0,3,0,3,0.0937498,0.1875,0.28125,0,2.25
function@lzma_filter_flags_size,0,0,0,0,0,1,0,0,0,0,0.190476
function@lzma_filter_flags_encode,0,0,0,0,0,5,0,0,0,0,1.771
function@lzma_easy_encoder,0,0,0,0,0,2,0,0,0,0,1.5
function@lzma_index_encoder_init,0,0,0,0,0,1,0,0,0,0,0.230769
function@index_encode,13,10,0,8,0,10,14.4694,10.3061,5.87755,0,21.8367
function@index_encoder_end,0,0,0,0,0,0,0,0,0,0,0
function@lzma_index_encoder,0,0,0,0,0,3,0,0,0,0,2.08678
function@lzma_index_buffer_encode,0,0,0,0,0,1,0,0,0,0,0.999999
function@lzma_block_buffer_decode,6,1,0,7,0,7,0.0878903,0.00976562,1.35742,0,2.35742
function@lzma_filters_copy,7,1,0,2,39,13,1.25979,0.151388,0.346697,1.95608,4.39585
function@lzma_raw_coder_init,14,10,0,13,19,9,35.9579,7.67809,33.6439,38.3906,19.5154
function@lzma_raw_coder_memusage,10,5,0,12,31,4,18.0474,7.9,13.6105,34.9605,18.15
function@lzma_block_header_size,0,0,0,0,0,8,0,0,0,0,1.93197
function@lzma_block_header_encode,0,0,0,0,0,11,0,0,0,0,2.19709
function@lzma_filter_flags_decode,0,2,0,1,0,4,0,0.105469,0.0703125,0,2.22266
function@lzma_block_encoder_init,0,0,0,0,0,0,0,0,0,0,0
function@block_encode,16,10,0,16,19,9,1.51919,0.740127,1.13674,3.12947,1.41338
function@block_encoder_end,0,0,0,0,0,0,0,0,0,0,0
function@block_encoder_update,0,0,0,0,0,0,0,0,0,0,0
function@lzma_block_encoder,0,0,0,0,0,3,0,0,0,0,2.375
function@lzma_version_number,0,0,0,0,0,0,0,0,0,0,0
function@lzma_version_string,0,0,0,0,0,0,0,0,0,0,0
function@lzma_alloc,0,0,0,0,0,1,0,0,0,0,1
function@lzma_free,0,0,0,0,0,0,0,0,0,0,0
function@lzma_bufcpy,2,3,0,2,2,3,2,3,2,2,3
function@lzma_next_filter_init,2,2,0,2,0,1,1.62385,2,1.49541,0,1
function@lzma_next_end,0,0,0,0,0,0,0,0,0,0,0
function@lzma_next_filter_update,0,0,0,0,0,0,0,0,0,0,0
function@lzma_strm_init,0,0,0,0,0,0,0,0,0,0,0
function@lzma_code,3,6,0,3,0,2,5.49683e-06,0.274779,0.274776,0,1
function@lzma_end,0,0,0,0,0,0,0,0,0,0,0
function@lzma_get_check,0,0,0,0,0,0,0,0,0,0,0
function@lzma_memusage,0,0,0,0,0,1,0,0,0,0,0.999999
function@lzma_memlimit_get,0,0,0,0,0,1,0,0,0,0,0.999999
function@lzma_memlimit_set,0,0,0,0,0,4,0,0,0,0,1.61035
function@lzma_filter_encoder_is_supported,0,0,0,0,0,4,0,0,0,0,2.6
function@encoder_find,0,0,0,0,0,3,0,0,0,0,3
function@lzma_filters_update,11,5,0,5,6,9,61.2122,15.2832,42.5354,22.9309,58.4219
function@lzma_raw_encoder_memusage,0,0,0,0,0,0,0,0,0,0,0
function@lzma_raw_encoder_init,0,0,0,0,0,0,0,0,0,0,0
function@lzma_raw_encoder,0,0,0,0,0,3,0,0,0,0,2.375
function@lzma_properties_size,0,0,0,0,0,3,0,0,0,0,2.13924
function@lzma_properties_encode,0,0,0,0,0,2,0,0,0,0,2
function@lzma_stream_decoder_init,0,0,0,0,0,4,0,0,0,0,1.79121
function@stream_decode,0,12,0,4,0,13,0,7.01434,4,0,42.8662
function@stream_decoder_end,0,0,0,0,0,0,0,0,0,0,0
function@stream_decoder_get_check,0,0,0,0,0,0,0,0,0,0,0
function@stream_decoder_memconfig,0,0,0,0,0,3,0,0,0,0,2.64
function@lzma_stream_decoder,0,0,0,0,0,3,0,0,0,0,2.375
function@lzma_vli_encode,9,3,0,3,2,7,13.9405,0.625,2.375,4.06349,18.373
function@lzma_block_compressed_size,2,2,0,2,0,7,0.410256,0.0567766,0.248168,0,1.33333
function@lzma_block_unpadded_size,0,0,0,0,0,9,0,0,0,0,1.54762
function@lzma_block_total_size,0,0,0,0,0,9,0,0,0,0,2.49817
function@lzma_easy_buffer_encode,0,0,0,0,0,2,0,0,0,0,1.5
function@lzma_index_decoder,0,0,0,0,0,3,0,0,0,0,2.375
function@index_decoder_init,0,0,0,0,0,3,0,0,0,0,1.93805
function@lzma_index_buffer_decode,3,3,0,3,0,1,0.260416,0.286458,0.5625,0,0.999999
function@index_decode,16,7,0,6,1,16,14.5929,6.28319,3.9941,0.781711,20.0885
function@index_decoder_end,0,0,0,0,0,0,0,0,0,0,0
function@index_decoder_memconfig,0,0,0,0,0,3,0,0,0,0,2.64
function@lzma_stream_header_decode,0,0,0,0,0,1,0,0,0,0,1
function@lzma_stream_footer_decode,0,0,0,0,0,2,0,0,0,0,1.03524
function@lzma_physmem,0,0,0,0,0,0,0,0,0,0,0
function@lzma_stream_header_encode,0,0,0,0,0,0,0,0,0,0,0
function@lzma_stream_footer_encode,0,0,0,0,0,6,0,0,0,0,2.22353
function@lzma_vli_decode,19,13,0,17,16,6,3.61465,11.8023,11.0119,6.89886,9.73926
function@lzma_block_decoder_init,0,0,0,0,0,3,0,0,0,0,1.09341
function@block_decode,19,20,0,20,6,12,0.98449,2.19423,3.16921,0.341361,1.88887
function@block_decoder_end,0,0,0,0,0,0,0,0,0,0,0
function@lzma_block_decoder,0,0,0,0,0,3,0,0,0,0,2.375
function@lzma_index_hash_init,0,0,0,0,0,2,0,0,0,0,1.375
function@lzma_index_hash_end,0,0,0,0,0,0,0,0,0,0,0
function@lzma_index_hash_size,0,0,0,0,0,1,0,0,0,0,1
function@lzma_index_hash_append,0,1,0,1,0,4,0,0.0976562,0.0976562,0,3
function@lzma_index_hash_decode,21,16,0,10,0,14,14.55,8.8613,5.97261,0,15.615
function@lzma_alone_decoder_init,0,0,0,0,0,1,0,0,0,0,1
function@alone_decode,10,2,0,7,15,6,8.06847,0.733368,5.10547,5.38632,1.01123
function@alone_decoder_end,0,0,0,0,0,0,0,0,0,0,0
function@alone_decoder_memconfig,0,0,0,0,0,3,0,0,0,0,2.64
function@lzma_alone_decoder,0,0,0,0,0,3,0,0,0,0,2.37603
function@lzma_block_buffer_bound,1,2,0,2,1,7,0.5,0.75,1,0.5,3.5
function@lzma_block_buffer_encode,2,7,0,2,2,11,0.0130831,0.030696,0.323944,0.0171659,1.04185
function@block_encode_normal,6,10,0,8,3,8,0.185547,0.308594,1.31641,0.0800781,3.81445
function@block_encode_uncompressed,5,1,0,3,0,8,3.51562,0.0439453,2.40625,0,3.6084
function@lzma_easy_encoder_memusage,0,0,0,0,0,2,0,0,0,0,1.5
function@lzma_stream_flags_compare,3,1,0,1,0,6,0.0167382,0.00160944,0.0109442,0,1.0397
function@lzma_sha256_init,0,0,0,0,0,0,0,0,0,0,0
function@lzma_sha256_update,0,3,0,1,1,3,0,63.75,1,21.25,43.5
function@process,400,124,0,150,145,43,10059.5,3657.5,3323.38,4128.12,1262.62
function@lzma_sha256_finish,4,1,0,1,1,11,4,1,1,1,193.667
function@lzma_check_is_supported,0,0,0,0,0,0,0,0,0,0,0
function@lzma_check_size,0,0,0,0,0,0,0,0,0,0,0
function@lzma_check_init,0,0,0,0,0,0,0,0,0,0,0
function@lzma_check_update,0,0,0,0,0,0,0,0,0,0,0
function@lzma_check_finish,0,0,0,0,0,0,0,0,0,0,0
function@lzma_crc64,9,9,0,8,4,19,11.7411,12.5446,2.47131,10.652,45.5812
function@lzma_crc32,9,3,0,16,8,23,42.4454,10.9389,2.59563,22.0882,44.2306
function@main,16,38,0,12,17,5,14.4225,26.4257,6.24209,7.24982,5.85526
function@init_encoder,0,0,0,0,0,2,0,0,0,0,2
function@uncompressStream,0,0,0,0,0,3,0,0,0,0,5.0618
function@compressStream,0,0,0,0,0,3,0,0,0,0,4.12195
function@tuklib_cpucores,0,0,0,0,0,0,0,0,0,0,0
function@tuklib_open_stdxxx,0,0,0,0,0,0,0,0,0,0,0
function@tuklib_progname_init,0,0,0,0,0,0,0,0,0,0,0
function@tuklib_mbstr_fw,0,0,0,0,0,7,0,0,0,0,5.5625
function@tuklib_physmem,0,0,0,0,0,0,0,0,0,0,0
function@tuklib_mbstr_width,0,0,0,0,0,0,0,0,0,0,0
function@tuklib_exit,0,0,0,0,0,0,0,0,0,0,0
