Comando: /home/mpvreal/Code/Faculdade/tcc/llvm/build/bin/llc --march=x86 --regalloc=greedy -o -
Heurística: div(cost,mul(area,pow(degree,2)))
function@writeout_,175,66,0,147,6,197,47060.4,22002.2,14918.1,217.042,12633.6
function@_QMplane_source_modPplane_source_init,0,0,0,0,0,26,0,0,0,0,708.723
function@_QMplane_source_modPplane_source_read,153,81,0,150,36,137,72397.8,20821.3,20276.1,24136.2,22016.1
function@_QMplane_source_modPplane_source_apply,45,23,0,25,21,31,2240.69,1243.06,533.062,1017.25,1217.25
function@_QMcommunicate_modPcom_init_mpi,0,0,0,0,0,0,0,0,0,0,0
function@_QMcommunicate_modPcommunicate_end,0,0,0,0,0,5,0,0,0,0,2.8
function@init_,18,9,0,18,3,98,19.4326,12.7002,10.0687,0.131836,40.1465
function@_QMmur_modPmur_init,112,24,0,83,11,202,144.944,91.6787,38.334,3.03125,401.222
function@_QMmur_modPmur_updatee,986,558,0,797,107,468,13287.3,8381.59,5225.52,622.966,4794.99
function@_QMmur_modPmur_storee,499,303,0,369,113,257,17413.4,6350.2,4796.43,5605.28,6577.94
function@_QMmur_modPmur_end,0,0,0,0,0,15,0,0,0,0,2.57812
function@_QMmur_modPmur_set_mf_arrays,35,70,0,84,3,64,3935.95,11793,966.35,1.6,8424.1
function@_QMupdate_modPupdate_init,0,0,0,0,0,0,0,0,0,0,0
function@_QMupdate_modPupdateh,369,337,0,279,162,190,78717.5,59605,21839.9,5827.32,42750.3
function@_QMupdate_modPupdatee,476,220,0,315,148,257,200027,90432.1,77155.2,10644,44120.5
function@_QMupdate_modPupdate_inith,187,153,0,177,19,164,25918.3,14078.6,10898.1,288.765,21722.9
function@_QMupdate_modPupdate_inite,263,243,0,246,23,259,30007.5,19144.6,17584.2,102.502,42768.8
function@_QMupml_modPupml_allocate,0,4,0,4,10,306,0,4,4,10,266.294
function@_QMupml_modPcheck_allocate,0,0,0,0,0,2,0,0,0,0,9.31323e-10
function@_QMupml_modPupml_set_eps_arrays,319,209,0,254,21,339,10256.5,25094.1,1865.88,8.19048,25178.7
function@_QMupml_modPupml_init,3459,1035,0,1345,1086,1545,6135.72,2806.93,1280.44,778.266,5080.01
function@_QMupml_modPupml_initb,391,291,0,370,28,308,194118,281227,101055,12898.1,233530
function@_QMupml_modPupml_inith,475,304,0,342,33,285,196729,71650,95043.9,2798.63,96424.3
function@_QMupml_modPupml_updateh,703,600,0,715,149,454,1.96221e+06,751870,296324,1852.11,475598
function@_QMupml_modPupml_updatee_homo,2891,1578,0,1655,932,1095,2.29958e+06,927871,351182,13319,648533
function@_QMupml_modPupml_updatee_simple,2928,1707,0,1897,914,1150,2.50548e+06,1.08908e+06,334976,11973.5,724934
function@_QMupml_modPupml_initd,474,383,0,487,36,457,226453,335479,118164,15569.3,279859
function@_QMupml_modPupml_inite,558,387,0,412,37,455,243570,95157.2,129275,3436.98,163825
function@_QMupml_modPupml_end,0,0,0,0,0,90,0,0,0,0,48.3333
function@_QMupml_modPcheck_deallocate,0,0,0,0,0,1,0,0,0,0,0.619048
function@_QMreadline_modPreadline,28,59,0,65,6,78,114.31,671.31,616.429,4.7663,615.967
function@_QMreadline_modPcheckifkeyword,0,0,0,0,0,1,0,0,0,0,9.80769
function@mpi_barrier_,0,0,0,0,0,1,0,0,0,0,1
function@mpi_bcast_,0,0,0,0,0,1,0,0,0,0,1
function@mpi_bcast_integers_,0,0,0,0,0,1,0,0,0,0,1
function@mpi_bcast_reals_,0,0,0,0,0,1,0,0,0,0,1
function@mpi_bcast_logical_,0,0,0,0,0,1,0,0,0,0,1
function@mpi_cart_rank_,0,0,0,0,0,1,0,0,0,0,1
function@mpi_cart_create_,0,0,0,0,0,1,0,0,0,0,1
function@mpi_cart_coords_,0,0,0,0,0,1,0,0,0,0,1
function@mpi_cart_shift_,0,0,0,0,0,1,0,0,0,0,1
function@mpi_comm_rank_,0,0,0,0,0,1,0,0,0,0,1
function@mpi_comm_size_,0,0,0,0,0,1,0,0,0,0,1
function@mpi_finalize_,0,0,0,0,0,0,0,0,0,0,0
function@mpi_init_,0,0,0,0,0,0,0,0,0,0,0
function@mpi_recv_,0,0,0,0,0,1,0,0,0,0,1
function@mpi_ssend_,0,0,0,0,0,1,0,0,0,0,1
function@mpi_bsend_,0,0,0,0,0,1,0,0,0,0,1
function@mpi_sendrecv_,0,0,0,0,0,2,0,0,0,0,2
function@mpi_wait_,0,0,0,0,0,1,0,0,0,0,1
function@mpi_isend_,0,0,0,0,0,1,0,0,0,0,1
function@mpi_wtick_,0,0,0,0,0,0,0,0,0,0,0
function@mpi_wtime_,0,0,0,0,0,0,0,0,0,0,0
function@mpi_buffer_attach_,0,0,0,0,0,1,0,0,0,0,1
function@mpi_buffer_detach_,0,0,0,0,0,1,0,0,0,0,1
function@mpi_pack_size_,0,0,0,0,0,1,0,0,0,0,1
function@mpi_gather_,0,0,0,0,0,1,0,0,0,0,1
function@mpi_type_struct_,0,0,0,0,0,2,0,0,0,0,2
function@mpi_type_commit_,0,0,0,0,0,1,0,0,0,0,1
function@mpi_type_extent_,0,0,0,0,0,1,0,0,0,0,1
function@mpi_type_free_,0,0,0,0,0,1,0,0,0,0,1
function@mpi_type_vector_,0,0,0,0,0,1,0,0,0,0,1
function@mpi_type_hvector_,0,0,0,0,0,1,0,0,0,0,1
function@mpi_irecv_,0,0,0,0,0,1,0,0,0,0,1
function@mpi_waitall_,0,0,0,0,0,1,0,0,0,0,1
function@mpi_sendrecv_replace_,0,0,0,0,0,2,0,0,0,0,2
function@mpi_bsend_init_,0,0,0,0,0,1,0,0,0,0,1
function@mpi_recv_init_,0,0,0,0,0,1,0,0,0,0,1
function@mpi_dims_create_,0,0,0,0,0,1,0,0,0,0,1
function@mpi_start_,0,0,0,0,0,1,0,0,0,0,1
function@mpi_allreduce_,0,0,0,0,0,0,0,0,0,0,0
function@mpi_reduce_,0,0,0,0,0,0,0,0,0,0,0
function@_QMhuygens_modPhuygens_init,1,0,0,0,1,0,1,0,0,1,0
function@_QMhuygens_modPhuygensh,1523,577,0,959,374,922,47583.6,24057,15589.2,14164.4,17569.3
function@_QMhuygens_modPhuygense,1926,748,0,1165,398,1125,58922.8,31437.5,20803,14172.8,23463.6
function@_QMhuygens_modPuin,961,314,0,240,475,200,16745.1,6433.53,2669.81,9462.93,3877.29
function@_QMmaterial_modPmat_init,1941,689,0,1772,61,866,3.27612e+08,9.53811e+07,2.65886e+08,928736,9.825e+07
function@_QMmaterial_modPmat_updatee,98,136,0,164,2,144,211961,167846,56167.5,416.476,115835
function@calcflops_,0,0,0,0,0,0,0,0,0,0,0
function@_QMpower_modPpower_init,45,34,0,58,5,79,19481.6,36434.9,11215.8,2.5,32098
function@_QMpower_modPpower_stop,0,0,0,0,0,0,0,0,0,0,0
function@_QMpower_modPpower_dft,65,21,0,31,8,34,16263.5,25008.3,5646.33,137.833,18764.2
function@_QMpower_modPpower_print,30,14,0,25,8,45,1300.45,2513.42,41.3906,8.69922,1598.53
function@_QMpower_modPpower_intere,14,21,0,18,0,29,4.33333,7.33333,14,0,17
function@_QMpower_modPpower_interh,30,19,0,24,0,33,10,6.33333,16,0,18.3333
function@_QMpower_modPread_power,10,5,0,13,0,77,37.0559,207.307,228.501,0,2613.89
function@_QMpower_modPpower_updateh,67,58,0,85,5,66,2793.22,2826.59,1472.59,54.3457,1604.59
function@timer_,0,0,0,0,0,5,0,0,0,0,3.85714
function@leapfrog_,46,68,0,63,14,74,3791.61,4730.62,1880.34,10.332,3165.87
function@_QMpec_modPpec_read,0,1,0,0,2,21,0,0.375,0,0.738281,56.5156
function@_QMpec_modPpec_init,712,360,0,446,42,448,326140,118163,135957,3712.87,206269
function@_QMpec_modPpec_apply,15,24,0,39,0,29,299.062,478.5,87.5625,0,197.188
function@_QMpec_modPpec_end,0,0,0,0,0,3,0,0,0,0,1.2
function@_QQmain,13,16,0,29,0,74,8.125,21.875,18.125,0,52.5
