Comando: /home/mpvreal/Code/Faculdade/tcc/llvm/build/bin/llc -march=x86 --regalloc=greedy -o -
Heurística: div(cost,mul(area,pow(degree,2)))
~&SPILL_STATS,171, 66, 0, 144, 6, 231, 47059.7, 22002.2, 14917.1, 217.042, 12662.8
~&SPILL_STATS,0, 0, 0, 0, 0, 26, 0, 0, 0, 0, 708.723
~&SPILL_STATS,172, 96, 0, 143, 35, 129, 72542.5, 20694.6, 20148.9, 24128.3, 21620.2
~&SPILL_STATS,45, 23, 0, 25, 21, 33, 2240.69, 1243.06, 533.062, 1017.25, 1218.25
~&SPILL_STATS,0, 0, 0, 0, 0, 0, 0, 0, 0, 0, 0
~&SPILL_STATS,0, 0, 0, 0, 0, 5, 0, 0, 0, 0, 2.8
~&SPILL_STATS,18, 9, 0, 18, 3, 98, 19.4326, 12.7002, 10.0687, 0.131836, 40.1465
~&SPILL_STATS,117, 18, 0, 93, 6, 204, 169.5, 69.75, 41.8594, 2.25, 428.062
~&SPILL_STATS,1026, 540, 0, 860, 122, 411, 13818.5, 8662.59, 5429.34, 624.794, 3519
~&SPILL_STATS,506, 296, 0, 379, 117, 265, 17439.1, 6334.85, 4799.83, 5606.89, 6551.65
~&SPILL_STATS,0, 0, 0, 0, 0, 15, 0, 0, 0, 0, 2.57812
~&SPILL_STATS,35, 70, 0, 86, 3, 64, 3935.95, 11793, 991.85, 1.6, 8424.1
~&SPILL_STATS,0, 0, 0, 0, 0, 0, 0, 0, 0, 0, 0
~&SPILL_STATS,367, 340, 0, 285, 164, 204, 78697.5, 59635.5, 21842.5, 5833.18, 46595.1
~&SPILL_STATS,491, 224, 0, 310, 146, 249, 191905, 89632.8, 69405.3, 10743.3, 57060.9
~&SPILL_STATS,200, 170, 0, 189, 21, 183, 27876.6, 13504.1, 11564.8, 289.53, 20969.7
~&SPILL_STATS,268, 245, 0, 253, 35, 281, 31931.2, 26260, 25699.1, 1146.26, 55041.9
~&SPILL_STATS,0, 4, 0, 4, 10, 306, 0, 4, 4, 10, 266.294
~&SPILL_STATS,0, 0, 0, 0, 0, 2, 0, 0, 0, 0, 9.31323e-10
~&SPILL_STATS,339, 177, 0, 311, 39, 405, 10242, 24504.9, 1887.07, 14.9615, 24750.3
~&SPILL_STATS,2878, 1069, 0, 1270, 1062, 1713, 6143.85, 3029.66, 1303.26, 765.881, 4965.71
~&SPILL_STATS,402, 287, 0, 366, 31, 288, 194390, 282286, 100813, 14037.5, 232388
~&SPILL_STATS,466, 313, 0, 352, 32, 259, 197239, 79917.5, 103176, 2846.28, 105862
~&SPILL_STATS,701, 605, 0, 720, 154, 450, 1.95425e+06, 753073, 297108, 2258.98, 512433
~&SPILL_STATS,2898, 1562, 0, 1656, 926, 1097, 2.30126e+06, 926507, 345731, 13310.5, 641873
~&SPILL_STATS,2892, 1706, 0, 1930, 905, 1144, 2.48324e+06, 1.08741e+06, 334667, 11927.8, 738661
~&SPILL_STATS,497, 400, 0, 486, 43, 444, 232122, 340165, 120371, 17167.8, 274362
~&SPILL_STATS,560, 409, 0, 426, 38, 400, 250574, 96247.5, 133327, 3367.98, 142551
~&SPILL_STATS,0, 0, 0, 0, 0, 90, 0, 0, 0, 0, 48.3333
~&SPILL_STATS,0, 0, 0, 0, 0, 1, 0, 0, 0, 0, 0.619048
~&SPILL_STATS,29, 58, 0, 66, 7, 87, 117.793, 672.614, 616.511, 5.7663, 621.147
~&SPILL_STATS,0, 0, 0, 0, 0, 1, 0, 0, 0, 0, 9.80769
~&SPILL_STATS,0, 0, 0, 0, 0, 1, 0, 0, 0, 0, 1
~&SPILL_STATS,0, 0, 0, 0, 0, 1, 0, 0, 0, 0, 1
~&SPILL_STATS,0, 0, 0, 0, 0, 1, 0, 0, 0, 0, 1
~&SPILL_STATS,0, 0, 0, 0, 0, 1, 0, 0, 0, 0, 1
~&SPILL_STATS,0, 0, 0, 0, 0, 1, 0, 0, 0, 0, 1
~&SPILL_STATS,0, 0, 0, 0, 0, 1, 0, 0, 0, 0, 1
~&SPILL_STATS,0, 0, 0, 0, 0, 1, 0, 0, 0, 0, 1
~&SPILL_STATS,0, 0, 0, 0, 0, 1, 0, 0, 0, 0, 1
~&SPILL_STATS,0, 0, 0, 0, 0, 1, 0, 0, 0, 0, 1
~&SPILL_STATS,0, 0, 0, 0, 0, 1, 0, 0, 0, 0, 1
~&SPILL_STATS,0, 0, 0, 0, 0, 1, 0, 0, 0, 0, 1
~&SPILL_STATS,0, 0, 0, 0, 0, 0, 0, 0, 0, 0, 0
~&SPILL_STATS,0, 0, 0, 0, 0, 0, 0, 0, 0, 0, 0
~&SPILL_STATS,0, 0, 0, 0, 0, 1, 0, 0, 0, 0, 1
~&SPILL_STATS,0, 0, 0, 0, 0, 1, 0, 0, 0, 0, 1
~&SPILL_STATS,0, 0, 0, 0, 0, 1, 0, 0, 0, 0, 1
~&SPILL_STATS,0, 0, 0, 0, 0, 2, 0, 0, 0, 0, 2
~&SPILL_STATS,0, 0, 0, 0, 0, 1, 0, 0, 0, 0, 1
~&SPILL_STATS,0, 0, 0, 0, 0, 1, 0, 0, 0, 0, 1
~&SPILL_STATS,0, 0, 0, 0, 0, 0, 0, 0, 0, 0, 0
~&SPILL_STATS,0, 0, 0, 0, 0, 0, 0, 0, 0, 0, 0
~&SPILL_STATS,0, 0, 0, 0, 0, 1, 0, 0, 0, 0, 1
~&SPILL_STATS,0, 0, 0, 0, 0, 1, 0, 0, 0, 0, 1
~&SPILL_STATS,0, 0, 0, 0, 0, 1, 0, 0, 0, 0, 1
~&SPILL_STATS,0, 0, 0, 0, 0, 1, 0, 0, 0, 0, 1
~&SPILL_STATS,0, 0, 0, 0, 0, 2, 0, 0, 0, 0, 2
~&SPILL_STATS,0, 0, 0, 0, 0, 1, 0, 0, 0, 0, 1
~&SPILL_STATS,0, 0, 0, 0, 0, 1, 0, 0, 0, 0, 1
~&SPILL_STATS,0, 0, 0, 0, 0, 1, 0, 0, 0, 0, 1
~&SPILL_STATS,0, 0, 0, 0, 0, 1, 0, 0, 0, 0, 1
~&SPILL_STATS,0, 0, 0, 0, 0, 1, 0, 0, 0, 0, 1
~&SPILL_STATS,0, 0, 0, 0, 0, 1, 0, 0, 0, 0, 1
~&SPILL_STATS,0, 0, 0, 0, 0, 1, 0, 0, 0, 0, 1
~&SPILL_STATS,0, 0, 0, 0, 0, 2, 0, 0, 0, 0, 2
~&SPILL_STATS,0, 0, 0, 0, 0, 1, 0, 0, 0, 0, 1
~&SPILL_STATS,0, 0, 0, 0, 0, 1, 0, 0, 0, 0, 1
~&SPILL_STATS,0, 0, 0, 0, 0, 1, 0, 0, 0, 0, 1
~&SPILL_STATS,0, 0, 0, 0, 0, 1, 0, 0, 0, 0, 1
~&SPILL_STATS,0, 0, 0, 0, 0, 0, 0, 0, 0, 0, 0
~&SPILL_STATS,0, 0, 0, 0, 0, 0, 0, 0, 0, 0, 0
~&SPILL_STATS,1, 0, 0, 0, 1, 0, 1, 0, 0, 1, 0
~&SPILL_STATS,1544, 592, 0, 959, 387, 936, 47609.4, 24046.9, 15591.6, 14164.5, 17511.2
~&SPILL_STATS,1957, 763, 0, 1166, 411, 1140, 58983, 31397.5, 20805.7, 14173, 23336
~&SPILL_STATS,941, 321, 0, 234, 473, 198, 16863.3, 6304.41, 2711.48, 9461.18, 3877.88
~&SPILL_STATS,1954, 731, 0, 1807, 90, 845, 3.27625e+08, 9.53553e+07, 2.65885e+08, 936423, 9.82259e+07
~&SPILL_STATS,97, 140, 0, 168, 4, 147, 213161, 170107, 56603.8, 440.16, 116278
~&SPILL_STATS,0, 0, 0, 0, 0, 0, 0, 0, 0, 0, 0
~&SPILL_STATS,58, 30, 0, 61, 7, 71, 37191.7, 21709.9, 15372.3, 4029.88, 23174.8
~&SPILL_STATS,0, 0, 0, 0, 0, 2, 0, 0, 0, 0, 447.833
~&SPILL_STATS,191, 41, 0, 52, 40, 44, 19225.1, 25201.7, 5665.06, 1328.46, 17997.5
~&SPILL_STATS,30, 14, 0, 25, 8, 44, 1300.45, 2513.42, 41.3906, 8.69922, 1598.15
~&SPILL_STATS,14, 20, 0, 18, 0, 35, 4.33333, 7, 14, 0, 20
~&SPILL_STATS,30, 21, 0, 24, 0, 38, 10, 7, 16.6667, 0, 21
~&SPILL_STATS,48, 12, 0, 36, 3, 83, 94.9313, 186.485, 204.513, 0.859375, 2697.58
~&SPILL_STATS,72, 51, 0, 86, 6, 61, 2901.65, 2318.58, 1084.88, 54.5926, 890.766
~&SPILL_STATS,0, 0, 0, 0, 0, 5, 0, 0, 0, 0, 3.85714
~&SPILL_STATS,50, 63, 0, 64, 9, 85, 3776.04, 4691.05, 1880.8, 10.1445, 3200.59
~&SPILL_STATS,0, 1, 0, 0, 2, 21, 0, 0.375, 0, 0.738281, 56.5156
~&SPILL_STATS,706, 361, 0, 443, 41, 448, 322254, 118183, 133962, 3614.87, 208223
~&SPILL_STATS,15, 24, 0, 39, 0, 35, 299.062, 478.5, 87.5625, 0, 200.188
~&SPILL_STATS,0, 0, 0, 0, 0, 3, 0, 0, 0, 0, 1.2
~&SPILL_STATS,13, 16, 0, 29, 0, 74, 8.125, 21.875, 18.125, 0, 52.5
