Comando: /home/mpvreal/Code/Faculdade/tcc/llvm/build/bin/llc --march=x86-64 --regalloc=basic -o -
Heurística: div(cost,mul(area,pow(degree,2)))
function@message_init,0,0,0,0,0,0,0,0,0,0,0
function@message_verbosity_increase,0,0,0,0,0,0,0,0,0,0,0
function@message_verbosity_decrease,0,0,0,0,0,0,0,0,0,0,0
function@message_verbosity_get,0,0,0,0,0,0,0,0,0,0,0
function@message_set_files,0,0,0,0,0,0,0,0,0,0,0
function@message_filename,0,0,0,0,0,0,0,0,0,0,0
function@message_progress_start,0,0,0,0,0,0,0,0,0,0,0
function@message_progress_update,0,0,0,0,0,0,0,0,0,0,0
function@message_progress_end,0,0,0,0,0,0,0,0,0,0,0
function@message,0,0,0,0,0,0,0,0,0,0,0
function@message_warning,0,0,0,0,0,0,0,0,0,0,0
function@message_error,0,0,0,0,0,0,0,0,0,0,0
function@message_fatal,0,0,0,0,0,0,0,0,0,0,0
function@message_bug,0,0,0,0,0,0,0,0,0,0,0
function@message_signal_handler,0,0,0,0,0,0,0,0,0,0,0
function@message_strm,0,0,0,0,0,0,0,0,0,0,0
function@message_mem_needed,0,0,0,0,0,8,0,0,0,0,2.59375
function@message_filters_to_str,0,3,0,8,0,4,0,10,5,0,29
function@message_filters_show,0,0,0,0,0,2,0,0,0,0,0.117645
function@message_try_help,0,0,0,0,0,0,0,0,0,0,0
function@message_version,0,0,0,0,0,2,0,0,0,0,1
function@message_help,0,0,0,0,0,2,0,0,0,0,2
function@coder_set_check,0,0,0,0,0,0,0,0,0,0,0
function@coder_set_preset,0,0,0,0,0,1,0,0,0,0,21.25
function@coder_set_extreme,0,0,0,0,0,1,0,0,0,0,21.25
function@coder_add_filter,0,0,0,0,0,2,0,0,0,0,2
function@coder_set_compression_settings,0,0,0,0,0,21,0,0,0,0,41.1667
function@coder_run,0,0,0,0,0,37,0,0,0,0,8.06716
function@is_format_lzma,0,0,0,0,0,7,0,0,0,0,1.55664
function@hardware_threadlimit_set,0,0,0,0,0,0,0,0,0,0,0
function@hardware_threadlimit_get,0,0,0,0,0,0,0,0,0,0,0
function@hardware_memlimit_set,0,0,0,0,0,3,0,0,0,0,2
function@hardware_memlimit_get,0,0,0,0,0,0,0,0,0,0,0
function@hardware_memlimit_show,0,0,0,0,0,0,0,0,0,0,0
function@hardware_init,0,0,0,0,0,0,0,0,0,0,0
function@io_init,0,0,0,0,0,0,0,0,0,0,0
function@io_no_sparse,0,0,0,0,0,0,0,0,0,0,0
function@io_open_src,0,0,0,0,0,6,0,0,0,0,11.3412
function@io_open_dest,0,0,0,0,0,5,0,0,0,0,3.7619
function@io_close,0,0,0,0,0,10,0,0,0,0,5.75866
function@io_read,0,0,0,0,0,9,0,0,0,0,21.3846
function@io_pread,0,0,0,0,0,13,0,0,0,0,15.6923
function@io_write,0,0,0,0,0,14,0,0,0,0,17.7148
function@list_totals,0,0,0,0,0,21,0,0,0,0,5.0625
function@list_file,67,22,0,38,7,160,0.721342,0.18826,1.07624,0.130383,29.3752
function@get_check_names,0,0,0,0,0,2,0,0,0,0,1.5
function@print_adv_helper,0,0,0,0,0,17,0,0,0,0,17
function@parse_details,0,0,0,0,0,16,0,0,0,0,8.86706
function@xrealloc,0,0,0,0,0,7,0,0,0,0,5.14286
function@xstrdup,0,0,0,0,0,9,0,0,0,0,8.38095
function@str_to_uint64,1,1,0,5,0,15,0.173502,0.0851735,0.255521,0,8.6877
function@round_up_to_mib,0,0,0,0,0,1,0,0,0,0,1
function@uint64_to_str,0,0,0,0,0,3,0,0,0,0,3
function@uint64_to_nicestr,0,0,0,0,0,6,0,0,0,0,4.5
function@my_snprintf,0,0,0,0,0,2,0,0,0,0,2
function@is_empty_filename,0,0,0,0,0,0,0,0,0,0,0
function@is_tty_stdin,0,0,0,0,0,0,0,0,0,0,0
function@is_tty_stdout,0,0,0,0,0,0,0,0,0,0,0
function@signals_init,0,0,0,0,0,0,0,0,0,0,0
function@signals_block,0,0,0,0,0,0,0,0,0,0,0
function@signals_unblock,0,0,0,0,0,0,0,0,0,0,0
function@signals_exit,0,0,0,0,0,0,0,0,0,0,0
function@options_delta,9,1,0,3,0,11,10.95,1,2.4,0,527.65
function@options_bcj,8,1,0,3,0,11,9.95,1,2.4,0,532.35
function@options_lzma,17,2,0,4,0,20,28.05,7.25,8.65,0,579.2
function@set_lzma,0,0,0,0,0,8,0,0,0,0,2.38558
function@set_exit_status,0,0,0,0,0,0,0,0,0,0,0
function@set_exit_no_warn,0,0,0,0,0,0,0,0,0,0,0
function@sha_init,0,0,0,0,0,0,0,0,0,0,0
function@sha_process,0,0,0,0,0,18,0,0,0,0,69.6249
function@sha_compress,44,9,0,4,11,68,912,288,97,321,2176
function@sha_done,0,0,0,0,0,7,0,0,0,0,5.22581
function@spec_mem_init,0,0,0,0,0,19,0,0,0,0,54.2314
function@spec_mem_sum,0,0,0,0,0,6,0,0,0,0,28.625
function@spec_mem_load,34,9,0,7,0,32,54.8745,12.1494,6.99999,0,103.957
function@fd_grow,0,0,0,0,0,10,0,0,0,0,4
function@spec_uncompress,0,0,0,0,0,0,0,0,0,0,0
function@compare_sum,0,0,0,0,0,4,0,0,0,0,3.01515
function@print_sum,0,0,0,0,0,4,0,0,0,0,18.9375
function@spec_mem_read,0,0,0,0,0,23,0,0,0,0,10.5882
function@spec_mem_fread,3,1,0,2,0,26,1.5,0.499999,2,0,10.5
function@spec_mem_getc,0,0,0,0,0,15,0,0,0,0,6.25
function@spec_mem_ungetc,0,0,0,0,0,15,0,0,0,0,7.5
function@spec_mem_lseek,0,0,0,0,0,21,0,0,0,0,9.72059
function@spec_mem_rewind,0,0,0,0,0,9,0,0,0,0,7.5
function@spec_mem_reset,0,0,0,0,0,7,0,0,0,0,5
function@spec_mem_get_length,0,0,0,0,0,8,0,0,0,0,4.52941
function@spec_mem_fopen,0,0,0,0,0,26,0,0,0,0,9.41361
function@spec_mem_open,0,0,0,0,0,32,0,0,0,0,10.5588
function@spec_mem_write,0,0,0,0,0,24,0,0,0,0,41.6765
function@spec_mem_fwrite,8,1,0,2,0,21,6.49999,0.999998,2,0,42.9999
function@spec_mem_putc,0,0,0,0,0,17,0,0,0,0,8
function@spec_mem_feof,0,0,0,0,0,8,0,0,0,0,4
function@spec_mem_close,0,0,0,0,0,7,0,0,0,0,3.11765
function@spec_empty,0,0,0,0,0,0,0,0,0,0,0
function@spec_initbufs,0,0,0,0,0,0,0,0,0,0,0
function@spec_compress,0,0,0,0,0,0,0,0,0,0,0
function@debug_time,0,0,0,0,0,0,0,0,0,0,0
function@sum_str_to_hex,0,0,0,0,0,4,0,0,0,0,4
function@spec_mem_alloc_fds,0,0,0,0,0,5,0,0,0,0,3.94118
function@spec_mem_free_fds,0,0,0,0,0,5,0,0,0,0,3.5
function@lzma_delta_decoder_init,0,0,0,0,0,0,0,0,0,0,0
function@delta_decode,0,0,0,0,0,18,0,0,0,0,7.21875
function@lzma_delta_props_decode,0,0,0,0,0,3,0,0,0,0,2.5
function@lzma_delta_encoder_init,0,0,0,0,0,0,0,0,0,0,0
function@delta_encode,30,3,0,17,2,25,55.4487,0.454212,4.90568,0.468864,21.0279
function@delta_encoder_update,0,0,0,0,0,0,0,0,0,0,0
function@lzma_delta_props_encode,0,0,0,0,0,3,0,0,0,0,3
function@lzma_delta_coder_init,0,0,0,0,0,7,0,0,0,0,4.46835
function@delta_coder_end,0,0,0,0,0,6,0,0,0,0,6
function@lzma_delta_coder_memusage,0,0,0,0,0,0,0,0,0,0,0
function@lzma_mf_find,0,0,0,0,0,9,0,0,0,0,7.70192
function@lzma_mf_hc3_find,16,5,0,8,3,10,13.4979,4.37295,4.71516,1.17418,21.0676
function@lzma_mf_hc3_skip,0,0,0,0,0,3,0,0,0,0,3.75
function@lzma_mf_hc4_find,21,6,0,11,3,13,11.0283,6.47309,5.63173,0.773371,15.8895
function@lzma_mf_hc4_skip,0,0,0,0,0,3,0,0,0,0,3.75
function@lzma_mf_bt2_find,46,6,0,17,5,9,49.536,14.032,20.04,2.304,37.56
function@lzma_mf_bt2_skip,30,1,0,7,2,9,513.053,36.1053,82.2632,42,186.947
function@lzma_mf_bt3_find,71,11,0,17,9,17,50.6487,16.1296,14.0698,4.23338,28.1675
function@lzma_mf_bt3_skip,17,3,0,10,2,9,1128.26,347.368,712.684,42,151.842
function@lzma_mf_bt4_find,76,20,0,22,7,21,39.2626,27.9602,11.0888,1.99617,23.84
function@lzma_mf_bt4_skip,27,6,0,13,2,9,1257.79,409.368,782.789,45.4211,151.842
function@lzma_lz_encoder_memusage,0,0,0,0,0,2,0,0,0,0,2
function@lz_encoder_prepare,0,0,0,0,0,14,0,0,0,0,5.17493
function@lzma_lz_encoder_init,0,0,0,0,0,16,0,0,0,0,7.98378
function@lz_encode,11,0,0,4,0,10,17.8771,0,4,0,53.2179
function@lz_encoder_end,0,0,0,0,0,9,0,0,0,0,8
function@lz_encoder_update,0,0,0,0,0,7,0,0,0,0,4.32353
function@lzma_mf_is_supported,0,0,0,0,0,1,0,0,0,0,1
function@lzma_lz_decoder_init,0,0,0,0,0,16,0,0,0,0,8.30476
function@lz_decode,22,13,0,15,7,12,437.128,104.923,92.8488,9.8007,405.469
function@lz_decoder_end,0,0,0,0,0,8,0,0,0,0,7
function@lzma_lz_decoder_memusage,0,0,0,0,0,0,0,0,0,0,0
function@lzma_lz_decoder_uncompressed,0,0,0,0,0,1,0,0,0,0,1
function@lzma_lzma_optimum_fast,71,5,0,5,0,50,9.0639,1.20691,5,0,6.15403
function@lzma_lzma_preset,0,0,0,0,0,5,0,0,0,0,4.75
function@lzma_lzma_optimum_normal,258,164,0,124,17,123,171.835,59.1289,22.4607,4.95029,796.196
function@lzma_lzma2_encoder_init,0,0,0,0,0,0,0,0,0,0,0
function@lzma2_encoder_init,0,0,0,0,0,9,0,0,0,0,6.81319
function@lzma_lzma2_encoder_memusage,0,0,0,0,0,0,0,0,0,0,0
function@lzma_lzma2_props_encode,0,0,0,0,0,5,0,0,0,0,5
function@lzma2_encode,74,2,0,11,0,9,99.3788,7.46696,9.19824,0,14.804
function@lzma2_encoder_end,0,0,0,0,0,5,0,0,0,0,5
function@lzma2_encoder_options_update,0,0,0,0,0,1,0,0,0,0,1
function@lzma_lzma2_decoder_init,0,0,0,0,0,0,0,0,0,0,0
function@lzma2_decoder_init,0,0,0,0,0,8,0,0,0,0,6.94643
function@lzma_lzma2_decoder_memusage,0,0,0,0,0,0,0,0,0,0,0
function@lzma_lzma2_props_decode,0,0,0,0,0,4,0,0,0,0,2.32353
function@lzma2_decode,12,0,0,3,0,18,14.1675,0,3,0,57.7864
function@lzma2_decoder_end,0,0,0,0,0,5,0,0,0,0,5
function@lzma_lzma_encode,18,4,0,5,3,50,49.1236,3.21692,8.52574,1.20606,184.31
function@rc_encode,0,0,0,0,0,10,0,0,0,0,7.11547
function@lzma_lzma_encoder_reset,0,0,0,0,0,49,0,0,0,0,5.93457
function@lzma_lzma_encoder_create,0,0,0,0,0,5,0,0,0,0,3.94643
function@lzma_lzma_encoder_init,0,0,0,0,0,0,0,0,0,0,0
function@lzma_encoder_init,0,0,0,0,0,0,0,0,0,0,0
function@lzma_lzma_encoder_memusage,0,0,0,0,0,1,0,0,0,0,0.999999
function@lzma_lzma_lclppb_encode,0,0,0,0,0,1,0,0,0,0,1
function@lzma_lzma_props_encode,0,0,0,0,0,1,0,0,0,0,1
function@lzma_mode_is_supported,0,0,0,0,0,0,0,0,0,0,0
function@match,0,0,0,0,0,24,0,0,0,0,15.4521
function@length,0,0,0,0,0,14,0,0,0,0,6.54762
function@length_update_prices,3,1,0,1,1,26,2.12515,1,1,0.5,2178.71
function@lzma_encode,0,0,0,0,0,0,0,0,0,0,0
function@lzma_lzma_decoder_create,0,0,0,0,0,3,0,0,0,0,3
function@lzma_decode,488,163,0,130,10,757,237.411,71.3857,61.7104,5.19843,209.791
function@lzma_decoder_reset,0,0,0,0,0,43,0,0,0,0,110.453
function@lzma_decoder_uncompressed,0,0,0,0,0,0,0,0,0,0,0
function@lzma_lzma_decoder_init,0,0,0,0,0,0,0,0,0,0,0
function@lzma_decoder_init,0,0,0,0,0,5,0,0,0,0,3.15165
function@lzma_lzma_lclppb_decode,0,0,0,0,0,1,0,0,0,0,0.5
function@lzma_lzma_decoder_memusage_nocheck,0,0,0,0,0,0,0,0,0,0,0
function@lzma_lzma_decoder_memusage,0,0,0,0,0,2,0,0,0,0,1.10938
function@lzma_lzma_props_decode,0,0,0,0,0,8,0,0,0,0,5.37255
function@lzma_simple_x86_encoder_init,0,0,0,0,0,4,0,0,0,0,4
function@lzma_simple_x86_decoder_init,0,0,0,0,0,4,0,0,0,0,4
function@x86_code,9,0,0,1,0,18,37.4375,0,1,0,194.562
function@lzma_simple_armthumb_encoder_init,0,0,0,0,0,0,0,0,0,0,0
function@lzma_simple_armthumb_decoder_init,0,0,0,0,0,0,0,0,0,0,0
function@armthumb_code,0,0,0,0,0,16,0,0,0,0,57.5625
function@lzma_simple_powerpc_encoder_init,0,0,0,0,0,0,0,0,0,0,0
function@lzma_simple_powerpc_decoder_init,0,0,0,0,0,0,0,0,0,0,0
function@powerpc_code,0,0,0,0,0,15,0,0,0,0,55.5938
function@lzma_simple_arm_encoder_init,0,0,0,0,0,0,0,0,0,0,0
function@lzma_simple_arm_decoder_init,0,0,0,0,0,0,0,0,0,0,0
function@arm_code,0,0,0,0,0,8,0,0,0,0,33.8125
function@lzma_simple_props_size,0,0,0,0,0,0,0,0,0,0,0
function@lzma_simple_props_encode,0,0,0,0,0,0,0,0,0,0,0
function@lzma_simple_coder_init,2,1,0,3,1,12,0.714286,0.494505,3,0.494505,7.27472
function@simple_code,25,3,0,9,1,23,2.24242,0.286501,4.44077,0.115702,5.7135
function@simple_coder_end,0,0,0,0,0,7,0,0,0,0,7
function@simple_coder_update,0,0,0,0,0,0,0,0,0,0,0
function@lzma_simple_sparc_encoder_init,0,0,0,0,0,0,0,0,0,0,0
function@lzma_simple_sparc_decoder_init,0,0,0,0,0,0,0,0,0,0,0
function@sparc_code,0,0,0,0,0,12,0,0,0,0,32.4375
function@lzma_simple_props_decode,0,0,0,0,0,7,0,0,0,0,4.7451
function@lzma_simple_ia64_encoder_init,0,0,0,0,0,0,0,0,0,0,0
function@lzma_simple_ia64_decoder_init,0,0,0,0,0,0,0,0,0,0,0
function@ia64_code,0,0,0,0,0,27,0,0,0,0,142.562
function@lzma_stream_buffer_decode,2,0,0,2,0,16,0.0146484,0,0.0292969,0,7.1831
function@lzma_index_init,0,0,0,0,0,9,0,0,0,0,5.85294
function@index_tree_append,0,0,0,0,0,10,0,0,0,0,5.39706
function@lzma_index_end,0,0,0,0,0,5,0,0,0,0,3.61905
function@index_stream_end,0,0,0,0,0,0,0,0,0,0,0
function@lzma_index_prealloc,0,0,0,0,0,0,0,0,0,0,0
function@lzma_index_memusage,0,0,0,0,0,2,0,0,0,0,2
function@lzma_index_memused,0,0,0,0,0,0,0,0,0,0,0
function@lzma_index_block_count,0,0,0,0,0,0,0,0,0,0,0
function@lzma_index_stream_count,0,0,0,0,0,0,0,0,0,0,0
function@lzma_index_size,0,0,0,0,0,1,0,0,0,0,1
function@lzma_index_total_size,0,0,0,0,0,0,0,0,0,0,0
function@lzma_index_stream_size,0,0,0,0,0,1,0,0,0,0,1
function@lzma_index_file_size,0,0,0,0,0,0,0,0,0,0,0
function@lzma_index_uncompressed_size,0,0,0,0,0,0,0,0,0,0,0
function@lzma_index_checks,0,0,0,0,0,1,0,0,0,0,1
function@lzma_index_padding_size,0,0,0,0,0,2,0,0,0,0,2
function@lzma_index_stream_flags,0,0,0,0,0,4,0,0,0,0,3
function@lzma_index_stream_padding,0,0,0,0,0,2,0,0,0,0,2
function@lzma_index_append,29,5,0,11,3,7,5.66246,1.96845,5.37855,0.697161,3.29968
function@lzma_index_cat,15,1,0,6,0,6,4.27545,0.625,3.09192,0,2.52795
function@index_cat_helper,0,0,0,0,0,5,0,0,0,0,85.625
function@lzma_index_dup,14,1,0,8,1,17,16.471,3.77355,9.91123,0.717391,142.498
function@lzma_index_iter_init,0,0,0,0,0,0,0,0,0,0,0
function@lzma_index_iter_rewind,0,0,0,0,0,0,0,0,0,0,0
function@lzma_index_iter_next,0,0,0,0,0,20,0,0,0,0,71.5246
function@iter_set_info,0,0,0,0,0,2,0,0,0,0,1.38843
function@lzma_index_iter_locate,0,0,0,0,0,6,0,0,0,0,27.8571
function@index_tree_node_end,0,0,0,0,0,11,0,0,0,0,9
function@lzma_filter_decoder_is_supported,0,0,0,0,0,0,0,0,0,0,0
function@decoder_find,0,0,0,0,0,1,0,0,0,0,1
function@lzma_raw_decoder_init,0,0,0,0,0,0,0,0,0,0,0
function@lzma_raw_decoder,0,0,0,0,0,9,0,0,0,0,6.21429
function@lzma_raw_decoder_memusage,0,0,0,0,0,1,0,0,0,0,1
function@lzma_properties_decode,0,0,0,0,0,5,0,0,0,0,3.54717
function@lzma_block_header_decode,1,1,0,2,2,24,0.02215,0.348775,0.0443001,0.0443001,6.2791
function@free_properties,0,0,0,0,0,6,0,0,0,0,6
function@lzma_auto_decoder,0,0,0,0,0,10,0,0,0,0,6.69278
function@auto_decoder_init,0,0,0,0,0,7,0,0,0,0,5.11538
function@auto_decode,1,0,0,1,0,17,0.278592,0,1,0,7.76246
function@auto_decoder_end,0,0,0,0,0,6,0,0,0,0,6
function@auto_decoder_get_check,0,0,0,0,0,0,0,0,0,0,0
function@auto_decoder_memconfig,0,0,0,0,0,3,0,0,0,0,2.61905
function@lzma_stream_encoder_init,0,0,0,0,0,14,0,0,0,0,8.02194
function@stream_encode,14,0,0,9,0,23,10.1825,0,6,0,21.0495
function@stream_encoder_end,0,0,0,0,0,9,0,0,0,0,49.5
function@stream_encoder_update,0,0,0,0,0,17,0,0,0,0,13.2124
function@lzma_stream_encoder,0,0,0,0,0,10,0,0,0,0,7.35714
function@lzma_raw_buffer_decode,2,0,0,2,0,20,0.0625,0,0.09375,0,7.59375
function@lzma_easy_decoder_memusage,0,0,0,0,0,3,0,0,0,0,2.5
function@lzma_stream_buffer_bound,0,0,0,0,0,2,0,0,0,0,2
function@lzma_stream_buffer_encode,10,1,0,3,2,23,0.0929093,0.0781249,1.32812,0.0292966,6.2011
function@lzma_easy_preset,0,0,0,0,0,2,0,0,0,0,2
function@lzma_alone_encoder,0,0,0,0,0,8,0,0,0,0,5.98214
function@alone_encoder_init,0,0,0,0,0,15,0,0,0,0,7.73828
function@alone_encode,4,0,0,3,0,10,0.715789,0,2.15789,0,5.07368
function@alone_encoder_end,0,0,0,0,0,6,0,0,0,0,6
function@lzma_vli_size,0,0,0,0,0,2,0,0,0,0,20.9048
function@lzma_raw_buffer_encode,1,0,0,1,0,15,0.0468749,0,0.0937499,0,8.0625
function@lzma_filter_flags_size,0,0,0,0,0,5,0,0,0,0,3.19048
function@lzma_filter_flags_encode,0,0,0,0,0,19,0,0,0,0,8.6958
function@lzma_easy_encoder,0,0,0,0,0,6,0,0,0,0,4.5
function@lzma_index_encoder_init,0,0,0,0,0,8,0,0,0,0,4.97802
function@index_encode,6,4,0,4,1,16,7.29592,2.79592,3,0.0816327,27.6276
function@index_encoder_end,0,0,0,0,0,0,0,0,0,0,0
function@lzma_index_encoder,0,0,0,0,0,11,0,0,0,0,5.91735
function@lzma_index_buffer_encode,0,0,0,0,0,9,0,0,0,0,6
function@lzma_block_buffer_decode,2,0,0,2,0,16,0.0390623,0,0.0585935,0,7.41015
function@lzma_filters_copy,4,1,0,38,0,24,1.12989,0.151388,2.24857,0,9.99486
function@lzma_raw_coder_init,2,2,0,2,0,8,0.0831404,0.610266,2,0,8.83941
function@lzma_raw_coder_memusage,0,0,0,0,0,7,0,0,0,0,10.2094
function@lzma_block_header_size,0,0,0,0,0,7,0,0,0,0,2.32479
function@lzma_block_header_encode,0,0,0,0,0,26,0,0,0,0,5.45747
function@lzma_filter_flags_decode,0,0,0,0,0,20,0,0,0,0,11.9258
function@lzma_block_encoder_init,0,0,0,0,0,7,0,0,0,0,4.08892
function@block_encode,4,2,0,3,1,13,0.249627,0.171759,1.25,0.0624069,6.02683
function@block_encoder_end,0,0,0,0,0,6,0,0,0,0,6
function@block_encoder_update,0,0,0,0,0,1,0,0,0,0,0.380952
function@lzma_block_encoder,0,0,0,0,0,8,0,0,0,0,5.98214
function@lzma_version_number,0,0,0,0,0,0,0,0,0,0,0
function@lzma_version_string,0,0,0,0,0,0,0,0,0,0,0
function@lzma_alloc,0,0,0,0,0,2,0,0,0,0,1.6
function@lzma_free,0,0,0,0,0,3,0,0,0,0,2
function@lzma_bufcpy,0,0,0,0,0,6,0,0,0,0,6
function@lzma_next_filter_init,0,0,0,0,0,9,0,0,0,0,5.6055
function@lzma_next_end,0,0,0,0,0,4,0,0,0,0,1.62069
function@lzma_next_filter_update,0,0,0,0,0,3,0,0,0,0,1.61905
function@lzma_strm_init,0,0,0,0,0,1,0,0,0,0,1
function@lzma_code,0,0,0,0,0,4,0,0,0,0,3
function@lzma_end,0,0,0,0,0,6,0,0,0,0,1.63229
function@lzma_get_check,0,0,0,0,0,0,0,0,0,0,0
function@lzma_memusage,0,0,0,0,0,1,0,0,0,0,0.999999
function@lzma_memlimit_get,0,0,0,0,0,1,0,0,0,0,0.999999
function@lzma_memlimit_set,0,0,0,0,0,4,0,0,0,0,2.24414
function@lzma_filter_encoder_is_supported,0,0,0,0,0,0,0,0,0,0,0
function@encoder_find,0,0,0,0,0,1,0,0,0,0,1
function@lzma_filters_update,0,0,0,0,0,10,0,0,0,0,8.67871
function@lzma_raw_encoder_memusage,0,0,0,0,0,1,0,0,0,0,1
function@lzma_raw_encoder_init,0,0,0,0,0,0,0,0,0,0,0
function@lzma_raw_encoder,0,0,0,0,0,8,0,0,0,0,5.98214
function@lzma_properties_size,0,0,0,0,0,0,0,0,0,0,0
function@lzma_properties_encode,0,0,0,0,0,1,0,0,0,0,0.45283
function@lzma_stream_decoder_init,0,0,0,0,0,11,0,0,0,0,6.17033
function@stream_decode,22,0,0,7,1,32,30.4501,0,7,1,23.5575
function@stream_decoder_end,0,0,0,0,0,6,0,0,0,0,6
function@stream_decoder_get_check,0,0,0,0,0,0,0,0,0,0,0
function@stream_decoder_memconfig,0,0,0,0,0,0,0,0,0,0,0
function@lzma_stream_decoder,0,0,0,0,0,10,0,0,0,0,7.35714
function@lzma_vli_encode,0,0,0,0,0,7,0,0,0,0,9.43651
function@lzma_block_compressed_size,0,0,0,0,0,4,0,0,0,0,3.17582
function@lzma_block_unpadded_size,0,0,0,0,0,2,0,0,0,0,1.17582
function@lzma_block_total_size,0,0,0,0,0,2,0,0,0,0,1.17582
function@lzma_easy_buffer_encode,0,0,0,0,0,13,0,0,0,0,10
function@lzma_index_decoder,0,0,0,0,0,10,0,0,0,0,7.35714
function@index_decoder_init,0,0,0,0,0,10,0,0,0,0,6.09734
function@lzma_index_buffer_decode,2,3,0,2,0,12,0.182292,0.286458,0.40625,0,6.95312
function@index_decode,18,4,0,5,0,14,18.8348,2.61062,3.99705,0,14.882
function@index_decoder_end,0,0,0,0,0,5,0,0,0,0,5
function@index_decoder_memconfig,0,0,0,0,0,4,0,0,0,0,4
function@lzma_stream_header_decode,0,0,0,0,0,4,0,0,0,0,2.7489
function@lzma_stream_footer_decode,0,0,0,0,0,3,0,0,0,0,3
function@lzma_physmem,0,0,0,0,0,0,0,0,0,0,0
function@lzma_stream_header_encode,0,0,0,0,0,3,0,0,0,0,2.19048
function@lzma_stream_footer_encode,0,0,0,0,0,6,0,0,0,0,2.56471
function@lzma_vli_decode,0,0,0,0,0,10,0,0,0,0,12.599
function@lzma_block_decoder_init,0,0,0,0,0,9,0,0,0,0,6.10989
function@block_decode,8,1,0,3,0,14,1.39588,0.187488,1.56843,0,6.86135
function@block_decoder_end,0,0,0,0,0,5,0,0,0,0,5
function@lzma_block_decoder,0,0,0,0,0,8,0,0,0,0,5.98214
function@lzma_index_hash_init,0,0,0,0,0,3,0,0,0,0,2.375
function@lzma_index_hash_end,0,0,0,0,0,0,0,0,0,0,0
function@lzma_index_hash_size,0,0,0,0,0,1,0,0,0,0,1
function@lzma_index_hash_append,0,0,0,0,0,7,0,0,0,0,5.5
function@lzma_index_hash_decode,15,8,0,8,0,15,9.21828,8.46596,4.76746,0,15.1645
function@lzma_alone_decoder_init,0,0,0,0,0,7,0,0,0,0,5.21978
function@alone_decode,8,0,0,3,0,16,5.95231,0,3,0,7.41956
function@alone_decoder_end,0,0,0,0,0,6,0,0,0,0,6
function@alone_decoder_memconfig,0,0,0,0,0,0,0,0,0,0,0
function@lzma_alone_decoder,0,0,0,0,0,9,0,0,0,0,5.63223
function@lzma_block_buffer_bound,0,0,0,0,0,0,0,0,0,0,0
function@lzma_block_buffer_encode,15,3,0,4,2,25,0.0443239,0.560942,1.32558,0.0171659,6.05698
function@block_encode_normal,8,7,0,6,2,16,0.21875,0.273438,1.26953,0.0625,6.72656
function@block_encode_uncompressed,2,0,0,1,0,11,0.74707,0,1,0,8.63769
function@lzma_easy_encoder_memusage,0,0,0,0,0,3,0,0,0,0,2.5
function@lzma_stream_flags_compare,0,0,0,0,0,3,0,0,0,0,1.00762
function@lzma_sha256_init,0,0,0,0,0,0,0,0,0,0,0
function@lzma_sha256_update,0,0,0,0,0,6,0,0,0,0,53.4167
function@process,217,42,0,100,85,138,3702.38,1195.88,1801.75,2165.38,4302.75
function@lzma_sha256_finish,0,0,0,0,0,11,0,0,0,0,50.3333
function@lzma_check_is_supported,0,0,0,0,0,0,0,0,0,0,0
function@lzma_check_size,0,0,0,0,0,0,0,0,0,0,0
function@lzma_check_init,0,0,0,0,0,0,0,0,0,0,0
function@lzma_check_update,0,0,0,0,0,9,0,0,0,0,3.75
function@lzma_check_finish,0,0,0,0,0,0,0,0,0,0,0
function@lzma_crc64,0,0,0,0,0,9,0,0,0,0,14.2625
function@lzma_crc32,23,0,0,23,0,13,52.2576,0,52.2576,0,35.5162
function@main,25,12,0,10,1,12,13.5874,10.4928,5.57421,0.999999,9.90598
function@init_encoder,0,0,0,0,0,13,0,0,0,0,11.4
function@uncompressStream,0,0,0,0,0,14,0,0,0,0,11.8196
function@compressStream,2,0,0,1,0,19,0.804878,0,1,0,15.0634
function@tuklib_cpucores,0,0,0,0,0,0,0,0,0,0,0
function@tuklib_open_stdxxx,0,0,0,0,0,0,0,0,0,0,0
function@tuklib_progname_init,0,0,0,0,0,0,0,0,0,0,0
function@tuklib_mbstr_fw,0,0,0,0,0,3,0,0,0,0,3
function@tuklib_physmem,0,0,0,0,0,0,0,0,0,0,0
function@tuklib_mbstr_width,0,0,0,0,0,1,0,0,0,0,1
function@tuklib_exit,0,0,0,0,0,0,0,0,0,0,0
