Comando: /home/mpvreal/Code/Faculdade/tcc/llvm/build/bin/llc --march=x86-64 --regalloc=basic -o -
Heurística: div(cost,mul(area,pow(degree,2)))
function@writeout_,175,68,0,119,45,599,28164.3,9833.75,1832.73,2263.08,35179.5
function@_QMplane_source_modPplane_source_init,4,0,0,3,0,136,206.522,0,3,0,4599.23
function@_QMplane_source_modPplane_source_read,35,20,0,28,16,189,523.686,487.652,184.467,155.818,2112.5
function@_QMplane_source_modPplane_source_apply,18,26,0,20,5,12,23.4375,345.438,16,3.5,58.75
function@_QMplane_source_modPplane_source_end,0,0,0,0,0,0,0,0,0,0,0
function@_QMcommunicate_modPcom_init_mpi,0,0,0,0,0,3,0,0,0,0,3
function@_QMcommunicate_modPcommunicate_end,0,0,0,0,0,16,0,0,0,0,8.89412
function@init_,42,0,0,3,0,364,22.1309,0,3,0,69.463
function@_QMmur_modPmur_init,96,81,0,59,17,237,103.77,83.5432,31.9824,33.0566,324.055
function@_QMmur_modPmur_updatee,478,585,0,312,197,63,250.887,608.192,81.1325,48.404,79.2583
function@_QMmur_modPmur_storee,151,102,0,116,26,78,388.593,219.87,131.13,105.852,173.167
function@_QMmur_modPmur_end,0,0,0,0,0,72,0,0,0,0,10.3125
function@_QMmur_modPmur_set_mf_arrays,51,25,0,42,5,30,3348.8,1277.7,378.9,44.55,3814.5
function@_QMupdate_modPupdate_init,0,0,0,0,0,2,0,0,0,0,2
function@_QMupdate_modPupdateh,504,405,0,265,242,24,43588.7,14659.4,5630.98,11706.6,1681.56
function@_QMupdate_modPupdatee,489,285,0,288,239,93,119316,91251.6,11033.7,11688.8,35758.6
function@_QMupdate_modPupdate_inith,206,130,0,124,76,42,1784.04,2915.55,255.353,201.814,4580.05
function@_QMupdate_modPupdate_inite,361,225,0,191,143,86,14124.1,4936.07,304.292,142.43,4186.73
function@_QMupml_modPupml_allocate,44,3,0,9,6,464,39.5882,3,9,6,397.824
function@_QMupml_modPcheck_allocate,0,0,0,0,0,22,0,0,0,0,2
function@_QMupml_modPupml_set_eps_arrays,80,32,0,52,8,116,5698.17,1843.02,486.357,77.7143,322.857
function@_QMupml_modPupml_init,2212,1473,0,960,772,729,3511.66,2322.8,1299.99,180.706,3100.96
function@_QMupml_modPupml_initb,238,181,0,232,39,103,8503.85,29812.9,4566.75,668.6,49060.6
function@_QMupml_modPupml_inith,351,242,0,217,119,77,44584.6,18217.6,1189.85,1239.65,7386.2
function@_QMupml_modPupml_updateh,1155,598,0,829,507,76,1.49772e+06,300096,90965.7,69505.6,145420
function@_QMupml_modPupml_updatee,0,0,0,0,0,0,0,0,0,0,0
function@_QMupml_modPupml_updatee_homo,3077,1606,0,1664,1526,103,2.54387e+06,355878,47871.7,59991.1,166855
function@_QMupml_modPupml_updatee_simple,3312,1649,0,1821,1594,108,2.81733e+06,358188,50676.9,64190.3,167304
function@_QMupml_modPupml_initd,282,213,0,260,70,144,8858.21,27055.5,3953.54,2152.59,56733.6
function@_QMupml_modPupml_inite,432,304,0,244,137,122,51780.2,21750,1139.98,756.235,9079.37
function@_QMupml_modPupml_end,0,0,0,0,0,450,0,0,0,0,241.667
function@_QMupml_modPcheck_deallocate,0,0,0,0,0,9,0,0,0,0,6.33333
function@_QMreadline_modPreadline,36,11,0,13,4,58,132.049,12.2446,14.0435,2.46196,215.005
function@_QMreadline_modPcheckifkeyword,0,0,0,0,0,5,0,0,0,0,32.4615
function@mpi_barrier_,0,0,0,0,0,6,0,0,0,0,6
function@mpi_bcast_,1,0,0,1,0,12,1,0,1,0,12
function@mpi_bcast_integers_,1,0,0,1,0,12,1,0,1,0,12
function@mpi_bcast_reals_,1,0,0,1,0,12,1,0,1,0,12
function@mpi_bcast_logical_,1,0,0,1,0,12,1,0,1,0,12
function@mpi_cart_rank_,0,0,0,0,0,9,0,0,0,0,9
function@mpi_cart_create_,1,0,0,1,0,13,1,0,1,0,13
function@mpi_cart_coords_,0,0,0,0,0,11,0,0,0,0,11
function@mpi_cart_shift_,1,0,0,1,0,13,1,0,1,0,13
function@mpi_comm_rank_,0,0,0,0,0,7,0,0,0,0,7
function@mpi_comm_size_,0,0,0,0,0,7,0,0,0,0,7
function@mpi_finalize_,0,0,0,0,0,0,0,0,0,0,0
function@mpi_init_,0,0,0,0,0,0,0,0,0,0,0
function@mpi_recv_,0,0,0,0,0,12,0,0,0,0,12
function@mpi_ssend_,1,0,0,1,0,13,1,0,1,0,13
function@mpi_bsend_,1,0,0,1,0,13,1,0,1,0,13
function@mpi_sendrecv_,1,0,0,1,0,21,1,0,1,0,21
function@mpi_wait_,0,0,0,0,0,7,0,0,0,0,7
function@mpi_isend_,1,0,0,1,0,13,1,0,1,0,13
function@mpi_wtick_,0,0,0,0,0,0,0,0,0,0,0
function@mpi_wtime_,0,0,0,0,0,0,0,0,0,0,0
function@mpi_buffer_attach_,0,0,0,0,0,7,0,0,0,0,7
function@mpi_buffer_detach_,0,0,0,0,0,7,0,0,0,0,7
function@mpi_pack_size_,0,0,0,0,0,10,0,0,0,0,10
function@mpi_gather_,0,0,0,0,0,14,0,0,0,0,14
function@mpi_type_struct_,2,0,0,2,0,14,2,0,2,0,14
function@mpi_type_commit_,0,0,0,0,0,5,0,0,0,0,5
function@mpi_type_extent_,0,0,0,0,0,6,0,0,0,0,6
function@mpi_type_free_,0,0,0,0,0,5,0,0,0,0,5
function@mpi_type_vector_,1,0,0,1,0,13,1,0,1,0,13
function@mpi_type_hvector_,1,0,0,1,0,13,1,0,1,0,13
function@mpi_irecv_,0,0,0,0,0,12,0,0,0,0,12
function@mpi_waitall_,0,0,0,0,0,9,0,0,0,0,9
function@mpi_sendrecv_replace_,1,0,0,1,0,21,1,0,1,0,21
function@mpi_bsend_init_,1,0,0,1,0,12,1,0,1,0,12
function@mpi_recv_init_,0,0,0,0,0,13,0,0,0,0,13
function@mpi_dims_create_,0,0,0,0,0,9,0,0,0,0,9
function@mpi_start_,0,0,0,0,0,6,0,0,0,0,6
function@mpi_allreduce_,0,0,0,0,0,0,0,0,0,0,0
function@mpi_abort_,0,0,0,0,0,0,0,0,0,0,0
function@mpi_reduce_,0,0,0,0,0,0,0,0,0,0,0
function@_QMhuygens_modPhuygens_init,0,0,0,0,0,5,0,0,0,0,5
function@_QMhuygens_modPhuygensh,751,330,0,325,119,272,674.214,4099.07,202.107,53.9821,814.464
function@_QMhuygens_modPhuygense,944,380,0,406,132,327,902.303,5895.25,235.982,223.232,996.446
function@_QMhuygens_modPuin,309,217,0,131,25,110,2583.77,1531.03,666.634,16.0577,1801.1
function@_QMmaterial_modPmat_init,620,392,0,431,197,399,1.83341e+06,1.91578e+06,266986,282343,2.54703e+06
function@_QMmaterial_modPmat_updatee,191,136,0,184,60,27,235511,130249,7397.69,5290.05,75618.8
function@calcflops_,0,0,0,0,0,0,0,0,0,0,0
function@_QMpower_modPpower_init,41,31,0,36,16,142,870.375,1902.12,341.891,136.5,1037.17
function@_QMpower_modPpower_stop,0,0,0,0,0,11,0,0,0,0,882.417
function@_QMpower_modPpower_dft,21,2,0,16,1,35,2055.85,12.6296,99.5185,0.62963,19408.5
function@_QMpower_modPpower_print,24,12,0,14,7,67,60.3965,28.6992,20.5469,2.39258,275.518
function@_QMpower_modPpower_intere,20,20,0,12,0,31,6.66667,9.33333,10.3333,0,3.66667
function@_QMpower_modPpower_interh,47,34,0,23,6,31,15.6667,14,14.6667,2,3.66667
function@_QMpower_modPread_power,4,9,0,7,0,303,21.8795,5.88074,9.08383,0,11801.4
function@_QMpower_modPpower_updateh,63,52,0,55,28,6,77.7,104.45,39.2,17.95,8.75
function@timer_,0,0,0,0,0,11,0,0,0,0,7.57143
function@leapfrog_,114,62,0,57,18,86,881.313,2376.49,66.2109,14.2812,1940.97
function@_QMpec_modPpec_read,5,0,0,3,0,106,7.27734,0,1.73828,0,261.301
function@_QMpec_modPpec_init,287,185,0,192,44,305,47140.9,11590.6,15920.4,3719.99,138010
function@_QMpec_modPpec_apply,10,14,0,20,4,1,50.5,216.5,20,2.66667,1
function@_QMpec_modPpec_end,0,0,0,0,0,9,0,0,0,0,3.6
function@_QQmain,15,23,0,38,13,188,9.375,14.375,23.75,8.125,296.914
