Comando: /home/mpvreal/Code/Faculdade/tcc/llvm/build/bin/llc --march=x86-64 --regalloc=greedy -o -
Heurística: div(cost,mul(area,degree))
function@set_data_,0,0,0,0,0,8,0,0,0,0,8
function@set_data_tile_,0,0,0,0,0,34,0,0,0,0,34
function@get_3dfld_,95,11,0,34,9,192,38.4211,2.01921,13.4008,4.15143,193.185
function@close_io_,0,0,0,0,0,39,0,0,0,0,14.3929
function@_QMdiag_modPdiag,7,0,0,7,0,10,7,0,7,0,10
function@_QMdiag_modPdiag_tile,227,85,0,128,21,128,34370.7,16025.3,677.813,27.293,26682
function@_QMmod_mixingPallocate_mixing,59,0,0,22,0,34,59,0,22,0,33
function@_QMmod_mixingPinitialize_mixing,54,17,0,21,0,68,187488,4424.64,2934.72,0,648328
function@_QMset_zeta_modPset_zeta,1,0,0,1,0,8,1,0,1,0,8
function@_QMset_zeta_modPset_zeta_tile,40,7,0,24,2,35,91.5147,36.0147,16.2206,6.26471,685.574
function@_QMdef_var_modPdef_var,95,0,0,8,0,614,7.56245,0,6.12448,0,211.782
function@_QMnf_fread3d_bry_modPnf_fread3d_bry,36,27,0,37,0,28,6193.02,5108.18,595.064,0,24317.5
function@_QMnrutilParray_copy_r,0,0,0,0,0,4,0,0,0,0,1.68
function@_QMnrutilParray_copy_d,0,0,0,0,0,4,0,0,0,0,1.68
function@_QMnrutilParray_copy_i,0,0,0,0,0,4,0,0,0,0,1.68
function@_QMnrutilParth_r,5,0,0,4,0,15,25.049,0,5.45098,0,55.3628
function@_QMnrutilParth_d,5,0,0,4,0,15,25.049,0,5.45098,0,55.3628
function@_QMnrutilParth_i,4,0,0,4,0,13,20.0392,0,5.45098,0,48.7941
function@_QMnrutilPnrerror,0,0,0,0,0,8,0,0,0,0,8
function@_QMnrutilPreallocate_rv,3,0,0,3,0,17,1.64062,0,1.875,0,8.00781
function@_QMnrutilPreallocate_iv,3,0,0,3,0,18,1.64062,0,1.875,0,8.63281
function@_QMnrutilPreallocate_hv,2,3,0,3,0,34,1.25,0.50354,1.875,0,10.4021
function@_QMnrutilPreallocate_rm,17,3,0,10,0,27,25.7324,1.25977,6.625,0,75.75
function@_QMnrutilPreallocate_im,17,3,0,10,1,26,32.9199,1.25977,6.625,0.244141,67.9375
function@_QMlmd_vmix_modPlmd_vmix,11,1,0,12,0,16,11,1,12,0,16
function@_QMlmd_vmix_modPlmd_vmix_tile,363,149,0,199,4,262,190442,62889.1,8213.83,127.631,168260
function@_QMlmd_vmix_modPlmd_finish,5,0,0,5,0,4,5,0,5,0,4
function@_QMlmd_vmix_modPlmd_finish_tile,43,15,0,36,3,23,2403.62,5301.45,673.708,0.630769,48699.6
function@_QMnf_fwrite3d_bry_modPnf_fwrite3d_bry,67,40,0,41,4,39,20811.1,25581.1,2090.24,1970.71,75571.5
function@my_wtime_,0,0,0,0,0,0,0,0,0,0,0
function@lmd_swfrac_tile_,39,17,0,43,1,38,3898.85,1512.75,2786.6,0.4,3261.45
function@_QMstate_initialize_modPstate_initialize,40,36,0,31,0,39,14257.4,14679.1,208,0,237972
function@get_cycle_,24,1,0,10,2,60,16.1114,5.25666,13.6005,2,73.9177
function@wrt_info_,278,78,0,9,0,669,2.96534,2,6.00001,0,21.9654
function@_QMt3dmix_modPt3dmix2,8,0,0,8,0,12,8,0,8,0,12
function@_QMt3dmix_modPt3dmix2_tile,380,214,0,215,10,282,5.35495e+06,2.78814e+06,222017,13169.5,5.55134e+06
function@_QMini_fields_modPini_fields,13,0,0,13,0,10,13,0,13,0,10
function@_QMini_fields_modPini_fields_tile,272,117,0,140,16,187,13527.3,20635.7,807.768,447.982,101206
function@_QMini_fields_modPini_zeta,2,0,0,2,0,9,2,0,2,0,9
function@_QMini_fields_modPini_zeta_tile,39,10,0,18,3,49,77.8716,26.3211,21.3028,1.00917,841.505
function@set_scoord_,49,12,0,37,0,83,168.635,41.3176,99.0235,0,335.118
function@_QMset_3dfld_modPset_3dfld_tile,107,50,0,66,11,111,690.385,595.746,70.0516,1.05498,8261.44
function@initial_,0,0,0,0,0,13,0,0,0,0,9.75676
function@initial_..omp_par.9,0,0,0,0,0,7,0,0,0,0,67.75
function@initial_..omp_par.8,4,1,0,4,0,9,44.1667,21.25,24.25,0,1317.92
function@initial_..omp_par.7,3,1,0,3,0,10,22.9167,21.25,3,0,1744.5
function@initial_..omp_par.6,3,1,0,3,0,8,22.9167,21.25,3,0,891.333
function@initial_..omp_par.5,3,1,0,3,0,8,22.9167,21.25,3,0,891.333
function@initial_..omp_par.4,4,1,0,4,0,9,44.1667,21.25,24.25,0,1317.92
function@initial_..omp_par.3,3,1,0,3,0,8,22.9167,21.25,3,0,891.333
function@initial_..omp_par.2,4,1,0,4,0,9,44.1667,21.25,24.25,0,1317.92
function@initial_..omp_par.1,4,1,0,4,0,9,44.1667,21.25,24.25,0,1317.92
function@initial_..omp_par,0,0,0,0,0,7,0,0,0,0,67.75
function@lubksb_,0,0,0,0,0,9,0,0,0,0,64.5
function@_QMran_statePran_init,0,0,0,0,0,3,0,0,0,0,3
function@_QMran_statePran_seed,0,0,0,0,0,3,0,0,0,0,3
function@_QMmod_gridPallocate_grid,216,1,0,45,0,113,216,1,45,0,112
function@_QMmod_gridPinitialize_grid,10,5,0,9,0,115,683.12,151.2,161,0,79737.2
function@_QMpre_step3d_modPpre_step3d,60,0,0,60,0,14,60,0,60,0,14
function@_QMpre_step3d_modPpre_step3d_tile,1348,666,0,660,48,728,2.77395e+06,3.61345e+06,176322,25837.8,4.35788e+06
function@checkdefs_,1,0,0,1,0,376,1,0,1,0,225.281
function@_QQmain,0,0,0,0,0,4,0,0,0,0,4
function@checkvars_,29,2,0,8,0,319,110.563,105,15.875,0,940.394
function@get_2dfld_,94,16,0,32,8,222,34.2437,2.50922,15.8374,2.97495,203.953
function@_QMnf_fread3d_modPnf_fread3d,40,16,0,26,2,40,117.337,74.0349,15.093,0.0465116,883.555
function@gasdev_s_,2,1,0,3,0,5,1,0.5,1.5,0,65
function@gasdev_v_,53,5,0,27,0,60,333.08,23.7179,112.5,0,250.161
function@def_dim_,1,0,0,1,0,27,0.21875,0,0.625,0,15.5312
function@inp_par_,10,3,0,13,0,151,19.2951,24.1721,43.4672,0,672.565
function@read_phypar_,108,7,0,14,1,2284,20.0945,3.68815,7.31423,8.36586e-19,741.131
function@decode_line_,52,10,0,14,5,72,21.7516,7.8344,11.7006,1.40764,56.0764
function@load_i1_,0,0,0,0,0,0,0,0,0,0,0
function@load_l1_,0,0,0,0,0,2,0,0,0,0,2
function@load_r1_,0,0,0,0,0,0,0,0,0,0,0
function@load_i_,0,0,0,0,0,15,0,0,0,0,3.12745
function@load_l_,7,2,0,6,1,14,31.6667,20.2857,2.2381,10.1429,55.4524
function@load_r_,0,0,0,0,0,16,0,0,0,0,2.73529
function@get_varcoords_,49,3,0,15,1,71,8.07275,0.679688,8.69141,0.0195312,38.0308
function@_QMexchange_2d_modPexchange_p2d_tile,1,4,0,2,0,15,1,0.941177,2,0,29.2549
function@_QMexchange_2d_modPexchange_r2d_tile,1,4,0,2,0,15,1,0.941177,2,0,29.2549
function@_QMexchange_2d_modPexchange_u2d_tile,1,4,0,2,0,15,1,0.941177,2,0,29.2549
function@_QMexchange_2d_modPexchange_v2d_tile,1,4,0,2,0,15,1,0.941177,2,0,29.2549
function@_QMshapiro_modPshapiro2d_tile,65,33,0,40,1,58,155.484,123.275,44.2198,0.0879121,1490.09
function@_QMshapiro_modPshapiro3d_tile,70,50,0,42,2,61,4459.17,3929.25,499.75,21.9167,31066.7
function@set_ngfld_,28,9,0,17,0,60,12.4471,12.8824,11.0706,0,414.659
function@_QMuv3dmix_modPuv3dmix2,7,0,0,7,0,12,7,0,7,0,12
function@_QMuv3dmix_modPuv3dmix2_tile,327,145,0,268,4,152,589510,297595,20307.7,293,279002
function@_QMocean_control_modProms_initialize,0,0,0,0,0,11,0,0,0,0,6.43548
function@_QMocean_control_modProms_initialize..omp_par,0,0,0,0,0,7,0,0,0,0,67.75
function@_QMocean_control_modProms_run,0,0,0,0,0,7,0,0,0,0,14.125
function@_QMocean_control_modProms_finalize,0,0,0,0,0,6,0,0,0,0,4.9375
function@_QMocean_control_modProms_finalize..omp_par,0,0,0,0,0,7,0,0,0,0,67.75
function@_QMstep2d_modPstep2d,42,0,0,42,0,14,42,0,42,0,14
function@_QMstep2d_modPstep2d_tile,1867,1015,0,1063,52,1016,24445.7,15168.1,1664.89,104.081,22915.4
function@_QMmod_forcesPallocate_forces,78,0,0,23,0,40,78,0,23,0,39
function@_QMmod_forcesPinitialize_forces,5,1,0,6,1,52,230.275,0.3,219.325,0.175,55308.8
function@_QMnf_fwrite2d_modPnf_fwrite2d,26,8,0,17,1,27,21.4583,14.3333,8.80556,0.111111,95.0139
function@_QMu3dbc_modPu3dbc,5,0,0,5,0,2,5,0,5,0,2
function@_QMu3dbc_modPu3dbc_tile,17,8,0,15,2,15,40.0123,19.5062,13.2963,0.197531,427.691
function@def_his_,91,23,0,35,3,667,45.3672,9.84376,2.39848,0.292969,175.025
function@_QMmetrics_modPmetrics,3,0,0,3,0,8,3,0,3,0,8
function@_QMmetrics_modPmetrics_tile,913,234,0,405,281,446,16967.8,11351.1,2011.55,713.646,18411
function@_QMt3dbc_modPt3dbc,9,0,0,9,0,2,9,0,9,0,2
function@_QMt3dbc_modPt3dbc_tile,22,8,0,17,2,15,53.6049,19.5062,15.1111,0.197531,427.691
function@set_weights_,21,3,0,21,0,75,3378.31,1300.79,1391.62,0,1564.4
function@_QMnf_fwrite4d_modPnf_fwrite4d,48,15,0,36,0,42,9344.35,10167,265.431,0,33756.2
function@_QMwvelocity_modPwvelocity,8,1,0,9,0,10,8,1,9,0,10
function@_QMwvelocity_modPwvelocity_tile,402,230,0,222,38,233,122764,86677.4,4563.81,128.667,152515
function@_QMbulk_flux_modPbulk_flux,8,1,0,9,0,13,8,1,9,0,13
function@_QMbulk_flux_modPbulk_flux_tile,617,231,0,427,2,442,399734,171331,248293,20.6517,168600
function@_QMbulk_flux_modPbulk_psiu,8,4,0,10,0,6,4,2,5,0,4
function@_QMbulk_flux_modPbulk_psit,12,4,0,11,0,4,6,2,6,0,3
function@_QMnf_fwrite3d_modPnf_fwrite3d,35,15,0,27,2,35,388.135,434.519,21.8173,0.317308,1711.48
function@get_state_,58,2,0,11,1,353,2.62974,0.0270475,6.47185,0.00132823,26.239
function@_QMutility_modPnrng,17,3,0,16,0,16,7.03388,0.76282,7.56593,0,12.8516
function@_QMutility_modPurng,0,0,0,0,0,6,0,0,0,0,18.8889
function@checkadj_,0,0,0,0,0,83,0,0,0,0,67
function@_QManalytical_modPana_btflux,2,0,0,2,0,4,2,0,2,0,4
function@_QManalytical_modPana_btflux_tile,6,6,0,2,0,28,12.5276,12.5276,2,0,437.485
function@_QManalytical_modPana_cloud,0,0,0,0,0,6,0,0,0,0,6
function@_QManalytical_modPana_cloud_tile,9,2,0,8,0,16,12.6,12.75,6.025,0,243.85
function@_QManalytical_modPana_grid,1,0,0,1,0,11,1,0,1,0,11
function@_QManalytical_modPana_grid_tile,500,125,0,226,87,242,7688.42,5516.4,654.575,277.4,10393
function@_QManalytical_modPana_humid,0,0,0,0,0,6,0,0,0,0,6
function@_QManalytical_modPana_humid_tile,9,2,0,8,0,16,12.6,12.75,6.025,0,243.85
function@_QManalytical_modPana_initial,13,0,0,13,0,5,6.5,0,6.5,0,4
function@_QManalytical_modPana_nlminitial_tile,84,50,0,54,1,69,23600.7,39093.1,17239.7,0.4,22003.5
function@_QManalytical_modPana_pair,0,0,0,0,0,6,0,0,0,0,6
function@_QManalytical_modPana_pair_tile,9,2,0,8,0,16,12.6,12.75,6.025,0,243.85
function@_QManalytical_modPana_rain,0,0,0,0,0,6,0,0,0,0,6
function@_QManalytical_modPana_rain_tile,9,0,0,7,0,18,12.6,0,5.4,0,256.6
function@_QManalytical_modPana_srflux,0,0,0,0,0,7,0,0,0,0,7
function@_QManalytical_modPana_srflux_tile,121,45,0,92,1,29,4097.47,4427.8,2104.77,0.2,1772.85
function@_QManalytical_modPana_stflux,2,0,0,2,0,6,2,0,2,0,6
function@_QManalytical_modPana_stflux_tile,12,6,0,6,0,30,16.5153,12.5276,6,0,439.012
function@_QManalytical_modPana_tair,0,0,0,0,0,6,0,0,0,0,6
function@_QManalytical_modPana_tair_tile,9,2,0,8,0,16,12.6,12.75,6.025,0,243.85
function@_QManalytical_modPana_winds,0,0,0,0,0,7,0,0,0,0,7
function@_QManalytical_modPana_winds_tile,51,12,0,37,1,43,2161.38,654.875,312.6,0.2,2207.75
function@_QMbc_bry3d_modPbc_r3d_bry_tile,14,0,0,2,0,29,4.40196,0,2,0,44.5882
function@_QMbc_bry3d_modPbc_u3d_bry_tile,15,0,0,3,0,37,4.43137,0,3,0,47.8823
function@_QMbc_bry3d_modPbc_v3d_bry_tile,20,0,0,4,0,35,8.27451,0,4,0,46.1274
function@get_data_,0,0,0,0,0,5,0,0,0,0,5
function@_QMstep3d_t_modPstep3d_t,11,0,0,11,0,14,11,0,11,0,14
function@_QMstep3d_t_modPstep3d_t_tile,680,331,0,353,31,360,5.10093e+06,4.82017e+06,263485,31478.6,5.5668e+06
function@_QMmod_netcdfPnetcdf_get_dim,0,0,0,0,0,4,0,0,0,0,4
function@_QMmod_netcdfPnetcdf_check_dim,0,0,0,0,0,4,0,0,0,0,4
function@_QMmod_netcdfPnetcdf_check_var,0,0,0,0,0,4,0,0,0,0,4
function@_QMmod_netcdfPnetcdf_inq_var,0,0,0,0,0,4,0,0,0,0,4
function@_QMmod_netcdfPnetcdf_inq_varid,0,0,0,0,0,4,0,0,0,0,4
function@_QMmod_netcdfPnetcdf_get_fatt,0,0,0,0,0,4,0,0,0,0,4
function@_QMmod_netcdfPnetcdf_get_fvar_0d,0,0,0,0,0,4,0,0,0,0,4
function@_QMmod_netcdfPnetcdf_get_fvar_1d,0,0,0,0,0,4,0,0,0,0,4
function@_QMmod_netcdfPnetcdf_get_fvar_2d,0,0,0,0,0,4,0,0,0,0,4
function@_QMmod_netcdfPnetcdf_get_fvar_3d,0,0,0,0,0,4,0,0,0,0,4
function@_QMmod_netcdfPnetcdf_get_fvar_4d,0,0,0,0,0,4,0,0,0,0,4
function@_QMmod_netcdfPnetcdf_get_ivar_0d,0,0,0,0,0,4,0,0,0,0,4
function@_QMmod_netcdfPnetcdf_get_ivar_1d,0,0,0,0,0,4,0,0,0,0,4
function@_QMmod_netcdfPnetcdf_get_ivar_2d,0,0,0,0,0,4,0,0,0,0,4
function@_QMmod_netcdfPnetcdf_get_svar_0d,0,0,0,0,0,4,0,0,0,0,4
function@_QMmod_netcdfPnetcdf_get_svar_1d,0,0,0,0,0,4,0,0,0,0,4
function@_QMmod_netcdfPnetcdf_put_fvar_0d,0,0,0,0,0,4,0,0,0,0,4
function@_QMmod_netcdfPnetcdf_put_fvar_1d,0,0,0,0,0,4,0,0,0,0,4
function@_QMmod_netcdfPnetcdf_put_fvar_2d,0,0,0,0,0,4,0,0,0,0,4
function@_QMmod_netcdfPnetcdf_put_fvar_3d,0,0,0,0,0,4,0,0,0,0,4
function@_QMmod_netcdfPnetcdf_put_fvar_4d,0,0,0,0,0,4,0,0,0,0,4
function@_QMmod_netcdfPnetcdf_put_ivar_0d,0,0,0,0,0,4,0,0,0,0,4
function@_QMmod_netcdfPnetcdf_put_ivar_1d,0,0,0,0,0,4,0,0,0,0,4
function@_QMmod_netcdfPnetcdf_put_ivar_2d,0,0,0,0,0,4,0,0,0,0,4
function@_QMmod_netcdfPnetcdf_put_lvar_0d,0,0,0,0,0,4,0,0,0,0,4
function@_QMmod_netcdfPnetcdf_put_lvar_1d,0,0,0,0,0,4,0,0,0,0,4
function@_QMmod_netcdfPnetcdf_put_lvar_2d,0,0,0,0,0,4,0,0,0,0,4
function@_QMmod_netcdfPnetcdf_put_svar_0d,0,0,0,0,0,4,0,0,0,0,4
function@_QMmod_netcdfPnetcdf_put_svar_1d,0,0,0,0,0,4,0,0,0,0,4
function@_QMmod_netcdfPnetcdf_close,0,0,0,0,0,4,0,0,0,0,4
function@_QMmod_netcdfPnetcdf_create,0,0,0,0,0,4,0,0,0,0,4
function@_QMmod_netcdfPnetcdf_enddef,0,0,0,0,0,4,0,0,0,0,4
function@_QMmod_netcdfPnetcdf_open,0,0,0,0,0,4,0,0,0,0,4
function@_QMmod_netcdfPnetcdf_redef,0,0,0,0,0,4,0,0,0,0,4
function@_QMmod_netcdfPnetcdf_sync,0,0,0,0,0,4,0,0,0,0,4
function@_QMlmd_skpp_modPlmd_skpp,29,0,0,29,0,11,29,0,29,0,11
function@_QMlmd_skpp_modPlmd_skpp_tile,1395,565,0,624,27,611,490430,236319,46491.4,958.608,371640
function@_QMnf_fread4d_modPnf_fread4d,63,21,0,44,0,31,2996.89,1493.02,93.7683,0,17474.8
function@wclock_on_,0,0,0,0,0,11,0,0,0,0,10.381
function@wclock_off_,2,2,0,4,0,14,1.47619,1.09524,3.09524,0,12.1905
function@mod_arrays_,0,0,0,0,0,30,0,0,0,0,21.6667
function@mod_arrays_..omp_par,6,1,0,6,0,19,62.6667,21.25,42.75,0,5583.75
function@_QMinterpolate_modPlinterp2d,7,3,0,10,1,7,1642.33,39.75,50.5,0.666667,644
function@_QMinterpolate_modPcinterp2d,37,6,0,34,2,108,7829.08,893,4120.42,1.33333,22423.3
function@_QMinterpolate_modPhindices,68,11,0,51,2,42,5082.41,2416.15,1243.21,16.5588,11914.5
function@_QMinterpolate_modPtry_range,196,28,0,37,8,73,65.4899,38.3944,19.3602,1.54701,166.55
function@_QMinterpolate_modPinside,4,0,0,2,0,17,28.0465,0,2,0,241.372
function@_QMbc_3d_modPbc_r3d_tile,38,12,0,24,0,36,35.1111,22.5556,16.0988,0,475.617
function@_QMbc_3d_modPbc_u3d_tile,23,12,0,17,1,23,24.4691,27.2963,14.7654,0.0987654,445.58
function@_QMbc_3d_modPbc_v3d_tile,23,5,0,16,0,29,14.5062,2.23457,13.2963,0,255.395
function@_QMbc_3d_modPbc_w3d_tile,38,12,0,24,0,36,35.1111,22.5556,16.0988,0,475.617
function@wrt_his_,100,9,0,30,1,288,12.1742,1.54706,2.27412,0.21007,38.8288
function@_QMmod_couplingPallocate_coupling,36,0,0,12,0,24,36,0,12,0,23
function@_QMmod_couplingPinitialize_coupling,0,0,0,0,0,29,0,0,0,0,3711.58
function@_QMnf_fwrite2d_bry_modPnf_fwrite2d_bry,44,17,0,25,0,31,2103.48,1039.29,297,0,3565.62
function@_QMwhite_noise_modPwhite_noise1d,6,0,0,4,0,65,2.66531,0,4,0,73.0831
function@_QMwhite_noise_modPwhite_noise2d,16,7,0,8,0,46,22.9344,46.1229,8,0,477.115
function@_QMwhite_noise_modPwhite_noise2d_bry,3,0,0,2,0,62,1.66612,0,2,0,86.3453
function@_QMwhite_noise_modPwhite_noise3d,24,12,0,15,1,49,633.721,455.287,48.6311,20.1393,8296.02
function@_QMwhite_noise_modPwhite_noise3d_bry,14,14,0,13,0,62,22.9342,33.1447,6.82895,0,464.105
function@get_ngfld_,100,16,0,35,6,195,31.4195,1.72567,16.8792,2.35499,104.064
function@regrid_,38,22,0,33,0,62,47.0469,13.6328,18.6875,0,99.7891
function@_QMv3dbc_modPv3dbc,5,0,0,5,0,2,5,0,5,0,2
function@_QMv3dbc_modPv3dbc_tile,8,4,0,6,0,18,15.9012,1.23457,6,0,439.975
function@_QMstate_dotprod_modPstate_dotprod,96,62,0,70,6,55,20582.2,30452.4,3581.02,1.875,276254
function@get_bounds_,0,0,0,0,0,7,0,0,0,0,7
function@get_domain_,8,0,0,4,0,17,3.50588,0,4,0,17
function@get_iobounds_,0,0,0,0,0,1,0,0,0,0,1
function@get_tile_,0,0,0,0,0,15,0,0,0,0,10.1905
function@tile_bounds_1d_,0,0,0,0,0,3,0,0,0,0,2
function@tile_bounds_2d_,0,0,0,0,0,7,0,0,0,0,7
function@var_bounds_,0,0,0,0,0,0,0,0,0,0,0
function@_QMset_massflux_modPset_massflux,9,0,0,9,0,8,9,0,9,0,8
function@_QMset_massflux_modPset_massflux_tile,58,32,0,54,0,45,9222.52,38688.7,2158.38,0,49926
function@_QMzetabc_modPzetabc,2,0,0,2,0,6,2,0,2,0,6
function@_QMzetabc_modPzetabc_tile,5,4,0,3,0,13,1.62745,0.941177,3,0,24.098
function@_QMbc_2d_modPbc_r2d_tile,10,2,0,9,0,31,6.62592,1.01711,8.01711,0,26.5966
function@_QMbc_2d_modPbc_u2d_tile,15,0,0,7,0,16,7.23529,0,7,0,27.098
function@_QMbc_2d_modPbc_v2d_tile,5,3,0,7,0,23,5,0.344743,6.03667,0,15.6724
function@_QMnf_fread2d_modPnf_fread2d,141,30,0,101,1,86,11.1037,5.51852,16.3302,0.0296296,55.0222
function@_QMv2dbc_modPv2dbc,2,0,0,2,0,6,2,0,2,0,6
function@_QMv2dbc_modPv2dbc_tile,0,4,0,1,0,11,0,0.627451,1,0,23.7843
function@_QMrhs3d_modPrhs3d,31,0,0,31,0,22,31,0,31,0,22
function@_QMrhs3d_modPrhs3d_tile,1358,641,0,576,35,535,479013,349687,29433.8,1423.33,354866
function@def_rst_,0,0,0,0,0,3,0,0,0,0,3
function@_QMmod_paramPinitialize_param,0,0,0,0,0,0,0,0,0,0,0
function@_QMset_2dfld_modPset_2dfld_tile,76,20,0,33,3,93,34.1735,19.8918,19.5155,0.257732,423.325
function@_QMrho_eos_modPrho_eos,11,0,0,11,0,12,11,0,11,0,12
function@_QMrho_eos_modPrho_eos_tile,538,180,0,274,18,538,426960,140728,252675,1238.38,690914
function@_QMstiffness_modPstiffness,1,0,0,1,0,2,1,0,1,0,2
function@_QMstiffness_modPstiffness_tile,93,24,0,55,1,89,837.578,575.339,94.9449,0.385321,43643.1
function@_QMprsgrd_modPprsgrd,6,1,0,7,0,10,6,1,7,0,10
function@_QMprsgrd_modPprsgrd_tile,439,202,0,257,5,310,255334,213350,12818.7,707,492040
function@_QMu2dbc_modPu2dbc,2,0,0,2,0,6,2,0,2,0,6
function@_QMu2dbc_modPu2dbc_tile,5,4,0,3,0,15,1.62745,0.941177,3,0,26.098
function@def_info_,342,134,0,26,0,505,22.5151,6.6875,18.5825,0,67.5344
function@_QMstate_scale_modPstate_scale,45,39,0,36,0,38,14871.7,17968.6,414.175,0,240896
function@_QMmod_ncparamPinitialize_ncparam,174,0,0,12,10,629,239.836,0,125.878,8.63722,4868.64
function@_QMmod_scalarsPinitialize_scalars,1,2,0,3,0,22,1,2,3,0,17.3529
function@_QMnf_fread2d_bry_modPnf_fread2d_bry,28,8,0,25,0,30,169.064,531.413,46.7982,0,1159.23
function@_QMstate_addition_modPstate_addition,92,58,0,78,4,27,57150.4,143538,18272.9,1.2,346847
function@wrt_rst_,22,1,0,6,0,145,1.34282,0.5,1.5026,0,12.2909
function@_QMomega_modPomega,2,0,0,2,0,10,2,0,2,0,10
function@_QMomega_modPomega_tile,142,74,0,65,2,79,16963.5,25486.1,1688.5,67.25,43551.7
function@_QMomega_modPscale_omega,45,19,0,40,3,25,3213.58,9373.77,544.354,0.892308,21396.6
function@_QMextract_sta_modPextract_sta2d,38,6,0,17,0,46,42.6373,15.049,6.94118,0,53.8039
function@_QMextract_sta_modPextract_sta3d,233,68,0,177,8,255,156.324,55.2206,53.9155,0.976526,227.742
function@checkerror_,3,0,0,3,0,36,1.42857,0,3,0,23.8571
function@output_,0,0,0,0,0,26,0,0,0,0,9.33742
function@_QMexchange_3d_modPexchange_p3d_tile,13,11,0,12,2,23,33.0988,26.2963,15.4691,0.197531,547.802
function@_QMexchange_3d_modPexchange_r3d_tile,13,11,0,12,2,23,33.0988,26.2963,15.4691,0.197531,547.802
function@_QMexchange_3d_modPexchange_u3d_tile,13,11,0,12,2,23,33.0988,26.2963,15.4691,0.197531,547.802
function@_QMexchange_3d_modPexchange_v3d_tile,13,11,0,12,2,23,33.0988,26.2963,15.4691,0.197531,547.802
function@_QMexchange_3d_modPexchange_w3d_tile,13,11,0,12,2,23,33.0988,26.2963,15.4691,0.197531,547.802
function@get_date_,0,0,0,0,0,6,0,0,0,0,5.2381
function@day_code_,0,0,0,0,0,9,0,0,0,0,7.96
function@caldate_,8,1,0,6,0,13,1.98824,0.123529,1.24118,0,6.35882
function@ref_att_,7,2,0,7,0,22,7,2,7,0,22
function@time_string_,0,0,0,0,0,15,0,0,0,0,15
function@_QMset_vbc_modPset_vbc,16,0,0,16,0,8,16,0,16,0,8
function@_QMset_vbc_modPset_vbc_tile,73,51,0,73,7,73,3586.48,6406.17,229.225,1.825,6485.77
function@_QMset_depth_modPset_depth,1,0,0,1,0,5,1,0,1,0,5
function@_QMset_depth_modPset_depth_tile,142,107,0,108,31,150,16048.5,24449.1,947.79,547.395,43720.4
function@_QMstate_product_modPstate_product,128,77,0,96,3,94,54235.6,57199.6,4748.3,1,484419
function@_QMstrings_modPfind_string,4,0,0,4,0,10,30.4231,0,3.23077,0,83.2308
function@_QMstrings_modPlowercase,0,0,0,0,0,13,0,0,0,0,50
function@_QMstrings_modPuppercase,0,0,0,0,0,13,0,0,0,0,50
function@_QMstep3d_uv_modPstep3d_uv,37,0,0,37,0,14,37,0,37,0,14
function@_QMstep3d_uv_modPstep3d_uv_tile,1429,711,0,466,150,715,234682,272462,20117.3,5208.17,397847
function@ludcmp_,33,8,0,14,0,40,515.294,130.824,87.3677,0,720
function@_QMstate_copy_modPstate_copy,78,60,0,69,4,29,40126.6,50148.9,8158.48,1.2,346698
function@ran1_s_,0,0,0,0,0,3,0,0,0,0,3
function@ran1_v_,0,0,0,0,0,3,0,0,0,0,3
function@_QMmod_parallelPinitialize_parallel,0,0,0,0,0,9,0,0,0,0,9
function@main3d_,0,0,0,0,0,8,0,0,0,0,7.125
function@main3d_..omp_par.13,3,1,0,3,0,8,22.9167,21.25,3,0,891.333
function@main3d_..omp_par.12,3,1,0,3,0,10,22.9167,21.25,3,0,566.583
function@main3d_..omp_par.11,3,1,0,3,0,10,22.9167,21.25,3,0,566.583
function@main3d_..omp_par.10,3,1,0,3,0,8,22.9167,21.25,3,0,891.333
function@main3d_..omp_par.9,3,1,0,3,0,10,22.9167,21.25,3,0,566.583
function@main3d_..omp_par.8,3,1,0,3,0,10,22.9167,21.25,3,0,566.583
function@main3d_..omp_par.7,3,1,0,3,0,10,22.9167,21.25,3,0,566.583
function@main3d_..omp_par.6,3,1,0,3,0,8,22.9167,21.25,3,0,891.333
function@main3d_..omp_par.5,4,1,0,4,0,14,44.1667,21.25,24.25,0,1590.25
function@main3d_..omp_par.4,3,1,0,3,0,10,22.9167,21.25,3,0,1744.5
function@main3d_..omp_par.3,3,1,0,3,0,12,22.9167,21.25,3,0,2597.67
function@main3d_..omp_par.2,4,1,0,4,0,11,44.1667,21.25,24.25,0,822.5
function@main3d_..omp_par.1,4,1,0,4,0,9,44.1667,21.25,24.25,0,1317.92
function@main3d_..omp_par,3,1,0,3,0,8,22.9167,21.25,3,0,891.333
function@_QMbc_bry2d_modPbc_r2d_bry_tile,0,0,0,0,0,8,0,0,0,0,4.9375
function@_QMbc_bry2d_modPbc_u2d_bry_tile,0,0,0,0,0,11,0,0,0,0,6.40625
function@_QMbc_bry2d_modPbc_v2d_bry_tile,0,0,0,0,0,11,0,0,0,0,6.40625
function@_QMmod_oceanPallocate_ocean,90,2,0,30,1,41,90,2,30,1,40
function@_QMmod_oceanPinitialize_ocean,13,8,0,12,0,96,5813.24,3043.88,376.28,0,1.1425e+06
