Comando: /home/mpvreal/Code/Faculdade/tcc/llvm/build/bin/llc --march=x86 --regalloc=basic -o -
Heurística: original
function@message_init,0,0,0,0,0,0,0,0,0,0,0
function@message_verbosity_increase,0,0,0,0,0,0,0,0,0,0,0
function@message_verbosity_decrease,0,0,0,0,0,0,0,0,0,0,0
function@message_verbosity_get,0,0,0,0,0,0,0,0,0,0,0
function@message_set_files,0,0,0,0,0,0,0,0,0,0,0
function@message_filename,0,0,0,0,0,0,0,0,0,0,0
function@message_progress_start,0,0,0,0,0,0,0,0,0,0,0
function@message_progress_update,0,0,0,0,0,0,0,0,0,0,0
function@message_progress_end,0,0,0,0,0,0,0,0,0,0,0
function@message,0,0,0,0,0,0,0,0,0,0,0
function@message_warning,0,0,0,0,0,0,0,0,0,0,0
function@message_error,0,0,0,0,0,0,0,0,0,0,0
function@message_fatal,0,0,0,0,0,0,0,0,0,0,0
function@message_bug,0,0,0,0,0,0,0,0,0,0,0
function@message_signal_handler,0,0,0,0,0,0,0,0,0,0,0
function@message_strm,0,0,0,0,0,0,0,0,0,0,0
function@message_mem_needed,0,0,0,0,0,6,0,0,0,0,2.46875
function@message_filters_to_str,8,5,0,4,15,4,83,30,26.625,52,44
function@message_filters_show,0,0,0,0,0,0,0,0,0,0,0
function@message_try_help,0,0,0,0,0,0,0,0,0,0,0
function@message_version,0,0,0,0,0,0,0,0,0,0,0
function@message_help,0,0,0,0,0,0,0,0,0,0,0
function@coder_set_check,0,0,0,0,0,0,0,0,0,0,0
function@coder_set_preset,0,0,0,0,0,0,0,0,0,0,0
function@coder_set_extreme,0,0,0,0,0,0,0,0,0,0,0
function@coder_add_filter,0,0,0,0,0,0,0,0,0,0,0
function@coder_set_compression_settings,9,14,0,11,1,8,53.2143,38.9762,22.3571,0.5,54.9048
function@coder_run,1,4,0,4,0,17,0.0111379,0.182858,0.0713882,0,3.25773
function@is_format_lzma,0,0,0,0,0,7,0,0,0,0,1.55664
function@hardware_threadlimit_set,0,0,0,0,0,0,0,0,0,0,0
function@hardware_threadlimit_get,0,0,0,0,0,0,0,0,0,0,0
function@hardware_memlimit_set,0,0,0,0,0,2,0,0,0,0,1
function@hardware_memlimit_get,0,0,0,0,0,3,0,0,0,0,3
function@hardware_memlimit_show,0,0,0,0,0,0,0,0,0,0,0
function@hardware_init,0,0,0,0,0,0,0,0,0,0,0
function@io_init,0,0,0,0,0,0,0,0,0,0,0
function@io_no_sparse,0,0,0,0,0,0,0,0,0,0,0
function@io_open_src,0,0,0,0,0,2,0,0,0,0,9.15294
function@io_open_dest,0,0,0,0,0,2,0,0,0,0,2
function@io_close,0,0,0,0,0,3,0,0,0,0,4.06687
function@io_read,2,0,0,2,6,3,2,0,2,2,20.3231
function@io_pread,0,1,0,1,1,5,0,0.376923,0.5,0.376923,11.4692
function@io_write,8,2,0,2,5,9,3.50916,6.91941,1.48352,5.14286,16.2216
function@list_totals,1,8,0,5,0,5,0.625,3.76562,2.59375,0,0.46875
function@list_file,66,130,0,88,32,37,56.0361,25.703,45.3938,30.0544,6.47961
function@get_check_names,0,0,0,0,0,1,0,0,0,0,1
function@print_adv_helper,0,0,0,0,0,2,0,0,0,0,2
function@parse_details,1,8,0,2,0,5,0.456055,1.22316,1.02747,0,2.16337
function@xrealloc,0,0,0,0,0,2,0,0,0,0,2
function@xstrdup,0,0,0,0,0,3,0,0,0,0,3
function@str_to_uint64,5,8,0,4,16,11,0.587678,14.0118,6.88626,1.23223,29.1564
function@round_up_to_mib,0,0,0,0,0,3,0,0,0,0,3
function@uint64_to_str,0,0,0,0,0,1,0,0,0,0,1
function@uint64_to_nicestr,0,0,0,0,0,3,0,0,0,0,3
function@my_snprintf,0,0,0,0,0,3,0,0,0,0,1.625
function@is_empty_filename,0,0,0,0,0,0,0,0,0,0,0
function@is_tty_stdin,0,0,0,0,0,0,0,0,0,0,0
function@is_tty_stdout,0,0,0,0,0,0,0,0,0,0,0
function@signals_init,0,0,0,0,0,0,0,0,0,0,0
function@signals_block,0,0,0,0,0,0,0,0,0,0,0
function@signals_unblock,0,0,0,0,0,0,0,0,0,0,0
function@signals_exit,0,0,0,0,0,0,0,0,0,0,0
function@options_delta,9,4,0,4,2,5,416,10.55,206.8,6.25,232.65
function@options_bcj,7,3,0,4,2,4,414,12.9,206.8,6.25,226.4
function@options_lzma,17,10,0,6,3,3,439.45,64.15,219.3,18.65,205.3
function@set_lzma,0,0,0,0,0,2,0,0,0,0,1.10031
function@set_exit_status,0,0,0,0,0,0,0,0,0,0,0
function@set_exit_no_warn,0,0,0,0,0,0,0,0,0,0,0
function@sha_init,0,0,0,0,0,0,0,0,0,0,0
function@sha_process,2,6,0,3,1,3,5.625,14,2.625,1,25
function@sha_compress,354,126,0,108,119,16,10584,3536,2867,3684,481
function@sha_done,0,0,0,0,0,5,0,0,0,0,3.96774
function@spec_mem_init,7,17,0,4,6,1,72.4957,582.465,39.9976,20.6238,249.985
function@spec_mem_sum,1,2,0,1,1,3,12.5,25,12.5,0.390625,25.625
function@spec_mem_load,47,12,0,10,4,22,317.051,56.0466,36.1682,12.4662,249.529
function@fd_grow,0,0,0,0,0,3,0,0,0,0,3
function@spec_uncompress,0,0,0,0,0,2,0,0,0,0,2
function@compare_sum,0,0,0,0,0,2,0,0,0,0,8.51515
function@print_sum,0,1,0,1,1,1,0,15.9375,1,0.5,15.9375
function@spec_mem_read,5,6,0,3,0,6,1.64706,3.29412,2.35294,0,4.88235
function@spec_mem_fread,11,8,0,10,6,3,4.99999,3.49999,5.49999,2.24999,2
function@spec_mem_getc,0,0,0,0,0,4,0,0,0,0,3.49999
function@spec_mem_ungetc,4,0,0,1,2,3,2.99999,0,0.999997,2,2.99999
function@spec_mem_lseek,14,7,0,6,3,2,6.02941,2.26471,4.5147,0.558823,2
function@spec_mem_rewind,0,0,0,0,0,0,0,0,0,0,0
function@spec_mem_reset,0,0,0,0,0,1,0,0,0,0,1
function@spec_mem_get_length,0,0,0,0,0,1,0,0,0,0,1
function@spec_mem_fopen,3,0,0,1,1,5,0.251309,0,0.0837696,0.0837696,2.66492
function@spec_mem_open,0,0,0,0,0,5,0,0,0,0,2.79412
function@spec_mem_write,1,2,0,3,1,5,0.999999,1.41176,2.41176,0.0588226,18.4118
function@spec_mem_fwrite,10,1,0,2,2,6,9.49998,0.999998,2,2,20
function@spec_mem_putc,0,0,0,0,0,3,0,0,0,0,2.99999
function@spec_mem_feof,1,1,0,1,0,1,0.5,0.5,0.5,0,0.5
function@spec_mem_close,0,0,0,0,0,1,0,0,0,0,0.999999
function@spec_empty,0,0,0,0,0,0,0,0,0,0,0
function@spec_initbufs,0,0,0,0,0,0,0,0,0,0,0
function@spec_compress,0,0,0,0,0,2,0,0,0,0,2
function@debug_time,0,0,0,0,0,0,0,0,0,0,0
function@sum_str_to_hex,2,1,0,1,0,3,17,1,1,0,18
function@spec_mem_alloc_fds,0,0,0,0,0,2,0,0,0,0,2
function@spec_mem_free_fds,1,0,0,1,0,2,9.96875,0,9.96875,0,31.9375
function@lzma_delta_decoder_init,0,0,0,0,0,0,0,0,0,0,0
function@delta_decode,40,22,0,18,17,3,86.0234,42.8516,26.625,23.4141,31
function@lzma_delta_props_decode,0,0,0,0,0,2,0,0,0,0,1.5
function@lzma_delta_encoder_init,0,0,0,0,0,0,0,0,0,0,0
function@delta_encode,96,47,0,46,34,23,111.619,39.8503,25.5646,20.9895,43.5188
function@delta_encoder_update,0,0,0,0,0,0,0,0,0,0,0
function@lzma_delta_props_encode,0,0,0,0,0,0,0,0,0,0,0
function@lzma_delta_coder_init,0,0,0,0,0,1,0,0,0,0,0.898734
function@delta_coder_end,0,0,0,0,0,0,0,0,0,0,0
function@lzma_delta_coder_memusage,0,0,0,0,0,2,0,0,0,0,1.23529
function@lzma_mf_find,3,3,0,3,3,2,0.538462,3.06731,0.769231,0.769231,2
function@lzma_mf_hc3_find,86,23,0,23,20,8,315.297,73.8689,46.9918,94.6947,7.68033
function@lzma_mf_hc3_skip,8,11,0,6,2,3,366.875,448.125,90.25,37.75,151.5
function@lzma_mf_hc4_find,94,26,0,23,22,10,239.771,62.4079,34.4391,64.3173,13.5609
function@lzma_mf_hc4_skip,6,8,0,4,2,4,359.25,352.875,78.5,37.75,153.25
function@lzma_mf_bt2_find,63,17,0,28,10,5,280.304,109.76,42.72,11.976,10.024
function@lzma_mf_bt2_skip,29,16,0,18,8,5,1206.79,654.105,426.368,191.474,200.368
function@lzma_mf_bt3_find,133,26,0,41,26,9,457.384,92.7363,51.894,72.0282,6.0827
function@lzma_mf_bt3_skip,32,16,0,18,8,5,1266.79,654.105,426.368,191.474,200.368
function@lzma_mf_bt4_find,137,31,0,43,22,10,304.58,75.7297,47.5934,43.9724,6.35452
function@lzma_mf_bt4_skip,41,17,0,19,9,5,1428.79,686.105,458.368,203.474,200.368
function@lzma_lz_encoder_memusage,0,0,0,0,0,2,0,0,0,0,1.5
function@lz_encoder_prepare,36,7,0,12,6,6,7.63969,1.42298,5.7859,0.746736,1.90601
function@lzma_lz_encoder_init,0,5,0,2,0,5,0,0.260314,0.12086,0,2.35257
function@lz_encode,0,2,0,1,0,3,0,10.2723,1,0,11.844
function@lz_encoder_end,0,0,0,0,0,0,0,0,0,0,0
function@lz_encoder_update,0,0,0,0,0,0,0,0,0,0,0
function@lzma_mf_is_supported,0,0,0,0,0,1,0,0,0,0,1
function@lzma_lz_decoder_init,2,4,0,2,2,6,0.245476,0.490951,0.343666,0.19638,2.59706
function@lz_decode,42,22,0,27,9,10,784.386,654.739,489.102,169.984,391.375
function@lz_decoder_end,0,0,0,0,0,0,0,0,0,0,0
function@lzma_lz_decoder_memusage,0,0,0,0,0,0,0,0,0,0,0
function@lzma_lz_decoder_uncompressed,0,0,0,0,0,0,0,0,0,0,0
function@lzma_lzma_optimum_fast,98,38,0,23,21,12,12.8956,6.74263,5.51811,3.56108,3.30984
function@lzma_lzma_preset,0,0,0,0,0,3,0,0,0,0,2.75
function@lzma_lzma_optimum_normal,448,187,0,218,157,81,1140.39,264.729,504.739,717.132,746.71
function@lzma_lzma2_encoder_init,0,0,0,0,0,0,0,0,0,0,0
function@lzma2_encoder_init,0,0,0,0,0,2,0,0,0,0,1.52747
function@lzma_lzma2_encoder_memusage,0,0,0,0,0,3,0,0,0,0,3
function@lzma_lzma2_props_encode,0,0,0,0,0,5,0,0,0,0,5
function@lzma2_encode,29,12,0,11,3,8,47.6586,21.2643,16,6.66079,14.4714
function@lzma2_encoder_end,0,0,0,0,0,0,0,0,0,0,0
function@lzma2_encoder_options_update,0,0,0,0,0,1,0,0,0,0,1
function@lzma_lzma2_decoder_init,0,0,0,0,0,0,0,0,0,0,0
function@lzma2_decoder_init,0,0,0,0,0,0,0,0,0,0,0
function@lzma_lzma2_decoder_memusage,0,0,0,0,0,0,0,0,0,0,0
function@lzma_lzma2_props_decode,0,0,0,0,0,3,0,0,0,0,1.32353
function@lzma2_decode,8,9,0,6,5,10,30.6088,12.7426,17.7426,21.5059,26.0354
function@lzma2_decoder_end,0,0,0,0,0,0,0,0,0,0,0
function@lzma_lzma_encode,33,13,0,12,7,30,164.236,44.2368,74.1677,59.9186,75.8854
function@rc_encode,28,1,0,12,7,9,56.9575,3.13112,19.1517,6.1035,7.33554
function@lzma_lzma_encoder_reset,2,2,0,4,0,112,0.749023,0.0615234,0.0644531,0,22.1138
function@lzma_lzma_encoder_create,0,0,0,0,0,2,0,0,0,0,0.803571
function@lzma_lzma_encoder_init,0,0,0,0,0,0,0,0,0,0,0
function@lzma_encoder_init,0,0,0,0,0,0,0,0,0,0,0
function@lzma_lzma_encoder_memusage,0,0,0,0,0,5,0,0,0,0,2.09375
function@lzma_lzma_lclppb_encode,0,0,0,0,0,1,0,0,0,0,1
function@lzma_lzma_props_encode,0,0,0,0,0,1,0,0,0,0,1
function@lzma_mode_is_supported,0,0,0,0,0,0,0,0,0,0,0
function@match,31,5,0,7,6,15,11.3718,0.710372,3.71233,2.0274,21.8885
function@length,31,3,0,17,10,4,11.1905,2.5,7.11905,4.42857,2.69048
function@length_update_prices,40,27,0,10,7,24,713.377,78.0012,8.75031,55.1368,2142.82
function@lzma_encode,0,0,0,0,0,0,0,0,0,0,0
function@lzma_lzma_decoder_create,0,0,0,0,0,0,0,0,0,0,0
function@lzma_decode,1051,246,0,649,173,365,406.03,126.55,215.733,122.604,101.377
function@lzma_decoder_reset,5,0,0,3,1,99,35.9844,0,3,1,604.641
function@lzma_decoder_uncompressed,0,0,0,0,0,0,0,0,0,0,0
function@lzma_lzma_decoder_init,0,0,0,0,0,0,0,0,0,0,0
function@lzma_decoder_init,0,0,0,0,0,2,0,0,0,0,1.04615
function@lzma_lzma_lclppb_decode,0,0,0,0,0,1,0,0,0,0,0.5
function@lzma_lzma_decoder_memusage_nocheck,0,0,0,0,0,0,0,0,0,0,0
function@lzma_lzma_decoder_memusage,0,0,0,0,0,4,0,0,0,0,2.21875
function@lzma_lzma_props_decode,0,0,0,0,0,2,0,0,0,0,1.14706
function@lzma_simple_x86_encoder_init,0,0,0,0,0,0,0,0,0,0,0
function@lzma_simple_x86_decoder_init,0,0,0,0,0,0,0,0,0,0,0
function@x86_code,6,4,0,3,7,11,34.75,37.75,9.9375,18.375,182.125
function@lzma_simple_armthumb_encoder_init,0,0,0,0,0,0,0,0,0,0,0
function@lzma_simple_armthumb_decoder_init,0,0,0,0,0,0,0,0,0,0,0
function@armthumb_code,5,1,0,3,4,24,15.8438,1.96875,10.4375,6.15625,114.344
function@lzma_simple_powerpc_encoder_init,0,0,0,0,0,0,0,0,0,0,0
function@lzma_simple_powerpc_decoder_init,0,0,0,0,0,0,0,0,0,0,0
function@powerpc_code,32,3,0,14,13,9,108.031,5.90625,69.5625,28.625,42.75
function@lzma_simple_arm_encoder_init,0,0,0,0,0,0,0,0,0,0,0
function@lzma_simple_arm_decoder_init,0,0,0,0,0,0,0,0,0,0,0
function@arm_code,7,0,0,4,4,19,27.7812,0,12.4062,12.1562,117.469
function@lzma_simple_props_size,0,0,0,0,0,0,0,0,0,0,0
function@lzma_simple_props_encode,0,0,0,0,0,0,0,0,0,0,0
function@lzma_simple_coder_init,0,0,0,0,0,3,0,0,0,0,1.25275
function@simple_code,20,19,0,15,1,12,2.71901,3.25344,3.93939,0.294766,3.33884
function@simple_coder_end,0,0,0,0,0,0,0,0,0,0,0
function@simple_coder_update,0,0,0,0,0,0,0,0,0,0,0
function@lzma_simple_sparc_encoder_init,0,0,0,0,0,0,0,0,0,0,0
function@lzma_simple_sparc_decoder_init,0,0,0,0,0,0,0,0,0,0,0
function@sparc_code,35,3,0,18,21,5,112.562,7.96875,69.0625,54.125,32.875
function@lzma_simple_props_decode,0,0,0,0,0,2,0,0,0,0,2
function@lzma_simple_ia64_encoder_init,0,0,0,0,0,0,0,0,0,0,0
function@lzma_simple_ia64_decoder_init,0,0,0,0,0,0,0,0,0,0,0
function@ia64_code,62,15,0,35,52,13,398.25,87.0625,289.812,295.438,87.1875
function@lzma_stream_buffer_decode,8,3,0,10,5,6,1.15137,0.100098,0.888672,1.02197,1.35254
function@lzma_index_init,0,0,0,0,0,5,0,0,0,0,3.14706
function@index_tree_append,0,0,0,0,0,10,0,0,0,0,5.39706
function@lzma_index_end,0,0,0,0,0,0,0,0,0,0,0
function@index_stream_end,0,0,0,0,0,0,0,0,0,0,0
function@lzma_index_prealloc,0,0,0,0,0,1,0,0,0,0,1
function@lzma_index_memusage,0,4,0,2,1,7,0,4,2,1,7
function@lzma_index_memused,1,4,0,2,1,9,1,4,2,1,9
function@lzma_index_block_count,0,0,0,0,0,1,0,0,0,0,1
function@lzma_index_stream_count,0,0,0,0,0,0,0,0,0,0,0
function@lzma_index_size,0,0,0,0,0,1,0,0,0,0,1
function@lzma_index_total_size,0,0,0,0,0,1,0,0,0,0,1
function@lzma_index_stream_size,0,0,0,0,0,1,0,0,0,0,1
function@lzma_index_file_size,0,0,0,0,0,1,0,0,0,0,0.619048
function@lzma_index_uncompressed_size,0,0,0,0,0,1,0,0,0,0,1
function@lzma_index_checks,0,0,0,0,0,1,0,0,0,0,1
function@lzma_index_padding_size,0,0,0,0,0,1,0,0,0,0,1
function@lzma_index_stream_flags,0,0,0,0,0,0,0,0,0,0,0
function@lzma_index_stream_padding,17,0,0,5,0,1,7.7381,0,2.5,0,1
function@lzma_index_append,56,9,0,15,22,2,10.877,1.70032,6.62776,5.76656,0.55836
function@lzma_index_cat,22,6,0,12,7,5,10.3016,3.65625,5.05884,3.44531,1.23688
function@index_cat_helper,0,0,0,0,0,5,0,0,0,0,85.625
function@lzma_index_dup,46,5,0,10,2,7,38.308,7.1413,8.34783,1.71739,136.402
function@lzma_index_iter_init,0,0,0,0,0,0,0,0,0,0,0
function@lzma_index_iter_rewind,0,0,0,0,0,0,0,0,0,0,0
function@lzma_index_iter_next,7,2,0,5,9,18,5.29359,1.31446,3.31297,2.2161,67.7064
function@iter_set_info,22,9,0,5,2,2,10.7355,6.36777,4.24793,1.24793,1.38843
function@lzma_index_iter_locate,19,6,0,11,6,4,76.1191,51.2143,44.5714,1.80952,31.4286
function@index_tree_node_end,0,0,0,0,0,4,0,0,0,0,3.33333
function@lzma_filter_decoder_is_supported,0,0,0,0,0,4,0,0,0,0,2.6
function@decoder_find,0,0,0,0,0,3,0,0,0,0,3
function@lzma_raw_decoder_init,0,0,0,0,0,0,0,0,0,0,0
function@lzma_raw_decoder,0,0,0,0,0,3,0,0,0,0,2.375
function@lzma_raw_decoder_memusage,0,0,0,0,0,0,0,0,0,0,0
function@lzma_properties_decode,0,1,0,1,1,2,0,0.544304,1,0.544304,2
function@lzma_block_header_decode,2,6,0,2,1,8,1.25,1.17024,1.02215,0.25,2.26348
function@free_properties,0,0,0,0,0,2,0,0,0,0,2
function@lzma_auto_decoder,12,0,0,1,0,3,1.98144,0,0.375258,0,2.37526
function@auto_decoder_init,0,0,0,0,0,1,0,0,0,0,1
function@auto_decode,0,0,0,0,0,4,0,0,0,0,1.40176
function@auto_decoder_end,0,0,0,0,0,0,0,0,0,0,0
function@auto_decoder_get_check,0,0,0,0,0,0,0,0,0,0,0
function@auto_decoder_memconfig,0,0,0,0,0,3,0,0,0,0,2.61905
function@lzma_stream_encoder_init,0,0,0,0,0,3,0,0,0,0,1.46158
function@stream_encode,1,10,0,6,0,7,0.163463,8.67406,3,0,3.17594
function@stream_encoder_end,0,0,0,0,0,0,0,0,0,0,0
function@stream_encoder_update,0,1,0,1,0,4,0,0.159292,0.159292,0,1.76991
function@lzma_stream_encoder,0,0,0,0,0,3,0,0,0,0,2.375
function@lzma_raw_buffer_decode,5,1,0,6,0,4,0.132812,0.0078125,0.445312,0,1.42187
function@lzma_easy_decoder_memusage,0,0,0,0,0,2,0,0,0,0,1.5
function@lzma_stream_buffer_bound,0,0,0,0,0,3,0,0,0,0,3
function@lzma_stream_buffer_encode,4,7,0,6,4,6,0.0699482,0.184625,1.09534,0.107421,1.02446
function@lzma_easy_preset,0,0,0,0,0,0,0,0,0,0,0
function@lzma_alone_encoder,0,0,0,0,0,3,0,0,0,0,2.375
function@alone_encoder_init,0,0,0,0,0,7,0,0,0,0,2.28906
function@alone_encode,2,1,0,1,0,1,0.315789,0.157895,0.157895,0,0.789474
function@alone_encoder_end,0,0,0,0,0,0,0,0,0,0,0
function@lzma_vli_size,0,0,0,0,0,5,0,0,0,0,62.4762
function@lzma_raw_buffer_encode,2,0,0,2,0,4,0.0937498,0,0.1875,0,1.84375
function@lzma_filter_flags_size,0,0,0,0,0,1,0,0,0,0,0.190476
function@lzma_filter_flags_encode,0,0,0,0,0,5,0,0,0,0,1.771
function@lzma_easy_encoder,0,0,0,0,0,2,0,0,0,0,1.5
function@lzma_index_encoder_init,0,0,0,0,0,1,0,0,0,0,0.230769
function@index_encode,13,10,0,8,0,10,14.4694,10.3061,5.87755,0,21.8367
function@index_encoder_end,0,0,0,0,0,0,0,0,0,0,0
function@lzma_index_encoder,2,0,0,1,0,3,0.272727,0,0.376033,0,2.08678
function@lzma_index_buffer_encode,2,1,0,3,1,1,0.125,0.25,0.5,0.25,0.999999
function@lzma_block_buffer_decode,10,5,0,11,4,4,1.52734,0.253906,1.18164,1.0293,1.28906
function@lzma_filters_copy,15,5,0,5,61,10,6.96309,0.197832,0.536585,4.41735,2.36651
function@lzma_raw_coder_init,15,10,0,17,16,5,37.81,13.9209,40.751,32.9784,1.4318
function@lzma_raw_coder_memusage,11,6,0,14,9,4,23.6711,8.51842,19.6842,20.2395,8.56842
function@lzma_block_header_size,0,0,0,0,0,8,0,0,0,0,1.93197
function@lzma_block_header_encode,3,7,0,1,1,9,0.329101,0.381659,0.3125,0.3125,1.87629
function@lzma_filter_flags_decode,1,2,0,2,0,4,0.0351562,0.105469,0.105469,0,2.22266
function@lzma_block_encoder_init,0,0,0,0,0,1,0,0,0,0,0.936856
function@block_encode,16,8,0,12,12,8,1.61215,0.890276,1.28484,1.86885,1.31576
function@block_encoder_end,0,0,0,0,0,0,0,0,0,0,0
function@block_encoder_update,0,0,0,0,0,0,0,0,0,0,0
function@lzma_block_encoder,0,0,0,0,0,3,0,0,0,0,2.375
function@lzma_version_number,0,0,0,0,0,0,0,0,0,0,0
function@lzma_version_string,0,0,0,0,0,0,0,0,0,0,0
function@lzma_alloc,0,0,0,0,0,1,0,0,0,0,1
function@lzma_free,0,0,0,0,0,0,0,0,0,0,0
function@lzma_bufcpy,2,3,0,2,2,3,2,3,2,2,3
function@lzma_next_filter_init,2,2,0,2,0,1,1.62385,2,1.49541,0,1
function@lzma_next_end,0,0,0,0,0,0,0,0,0,0,0
function@lzma_next_filter_update,0,0,0,0,0,1,0,0,0,0,0.690476
function@lzma_strm_init,0,0,0,0,0,0,0,0,0,0,0
function@lzma_code,8,7,0,10,0,2,1.07293e-05,0.274778,0.274781,0,1
function@lzma_end,0,0,0,0,0,0,0,0,0,0,0
function@lzma_get_check,0,0,0,0,0,0,0,0,0,0,0
function@lzma_memusage,0,0,0,0,0,1,0,0,0,0,0.999999
function@lzma_memlimit_get,0,0,0,0,0,1,0,0,0,0,0.999999
function@lzma_memlimit_set,0,0,0,0,0,4,0,0,0,0,1.61035
function@lzma_filter_encoder_is_supported,0,0,0,0,0,4,0,0,0,0,2.6
function@encoder_find,0,0,0,0,0,3,0,0,0,0,3
function@lzma_filters_update,13,7,0,8,8,6,78.595,20.4102,64.801,35.8215,28.5391
function@lzma_raw_encoder_memusage,0,0,0,0,0,0,0,0,0,0,0
function@lzma_raw_encoder_init,0,0,0,0,0,0,0,0,0,0,0
function@lzma_raw_encoder,0,0,0,0,0,3,0,0,0,0,2.375
function@lzma_properties_size,0,0,0,0,0,3,0,0,0,0,2.13924
function@lzma_properties_encode,0,0,0,0,0,3,0,0,0,0,2.44304
function@lzma_stream_decoder_init,0,0,0,0,0,3,0,0,0,0,0.791209
function@stream_decode,17,15,0,5,0,12,60.7659,8.94625,5,0,42.2455
function@stream_decoder_end,0,0,0,0,0,0,0,0,0,0,0
function@stream_decoder_get_check,0,0,0,0,0,0,0,0,0,0,0
function@stream_decoder_memconfig,0,0,0,0,0,3,0,0,0,0,2.64
function@lzma_stream_decoder,0,0,0,0,0,3,0,0,0,0,2.375
function@lzma_vli_encode,15,6,0,6,6,6,26.504,1.5,3.5,12.3135,14.3095
function@lzma_block_compressed_size,2,2,0,2,0,5,0.410256,0.0567766,0.248168,0,1.27656
function@lzma_block_unpadded_size,0,0,0,0,0,10,0,0,0,0,2.54762
function@lzma_block_total_size,0,0,0,0,0,8,0,0,0,0,2.46886
function@lzma_easy_buffer_encode,0,0,0,0,0,2,0,0,0,0,1.5
function@lzma_index_decoder,0,0,0,0,0,3,0,0,0,0,2.375
function@index_decoder_init,0,0,0,0,0,3,0,0,0,0,1.93805
function@lzma_index_buffer_decode,2,0,0,2,0,4,0.234375,0,0.40625,0,1.68229
function@index_decode,34,13,0,18,5,7,32.295,14.823,20.3274,3.90265,7.93805
function@index_decoder_end,0,0,0,0,0,0,0,0,0,0,0
function@index_decoder_memconfig,0,0,0,0,0,3,0,0,0,0,2.64
function@lzma_stream_header_decode,0,0,0,0,0,1,0,0,0,0,1
function@lzma_stream_footer_decode,0,0,0,0,0,2,0,0,0,0,1.03524
function@lzma_physmem,0,0,0,0,0,0,0,0,0,0,0
function@lzma_stream_header_encode,0,0,0,0,0,1,0,0,0,0,1
function@lzma_stream_footer_encode,0,0,0,0,0,6,0,0,0,0,2.22353
function@lzma_vli_decode,24,12,0,16,19,4,14.4671,17.0648,13.132,10.305,3.73491
function@lzma_block_decoder_init,0,0,0,0,0,2,0,0,0,0,0.994506
function@block_decode,10,14,0,12,18,12,1.73778,1.67178,2.4278,1.73914,0.41154
function@block_decoder_end,0,0,0,0,0,0,0,0,0,0,0
function@lzma_block_decoder,0,0,0,0,0,3,0,0,0,0,2.375
function@lzma_index_hash_init,0,0,0,0,0,2,0,0,0,0,1.375
function@lzma_index_hash_end,0,0,0,0,0,0,0,0,0,0,0
function@lzma_index_hash_size,0,0,0,0,0,1,0,0,0,0,1
function@lzma_index_hash_append,0,2,0,2,0,6,0,0.292969,0.292969,0,4.5
function@lzma_index_hash_decode,23,19,0,10,1,13,16.6227,11.6953,7.54529,0.761323,14.8537
function@lzma_alone_decoder_init,0,0,0,0,0,1,0,0,0,0,1
function@alone_decode,8,4,0,7,14,7,5.33672,2.03157,2.92862,4.39331,3.43808
function@alone_decoder_end,0,0,0,0,0,0,0,0,0,0,0
function@alone_decoder_memconfig,0,0,0,0,0,3,0,0,0,0,2.64
function@lzma_alone_decoder,0,0,0,0,0,3,0,0,0,0,2.37603
function@lzma_block_buffer_bound,0,2,0,1,0,7,0,0.75,0.5,0,3.5
function@lzma_block_buffer_encode,2,7,0,4,1,11,0.00327826,0.026345,1.55996,0.00163913,1.35816
function@block_encode_normal,9,14,0,10,0,8,0.289062,0.556641,1.47266,0,3.81445
function@block_encode_uncompressed,9,4,0,4,2,12,3.24121,0.834961,2.08789,0.74707,5.76172
function@lzma_easy_encoder_memusage,0,0,0,0,0,2,0,0,0,0,1.5
function@lzma_stream_flags_compare,4,5,0,3,1,4,0.0328326,0.189807,0.168991,0.00160944,0.0236051
function@lzma_sha256_init,0,0,0,0,0,0,0,0,0,0,0
function@lzma_sha256_update,0,3,0,1,1,3,0,63.75,1,21.25,43.5
function@process,357,107,0,143,147,67,8568.88,3201.38,3162,4119.88,2099.62
function@lzma_sha256_finish,4,1,0,1,1,11,4,1,1,1,193.667
function@lzma_check_is_supported,0,0,0,0,0,0,0,0,0,0,0
function@lzma_check_size,0,0,0,0,0,1,0,0,0,0,1
function@lzma_check_init,0,0,0,0,0,0,0,0,0,0,0
function@lzma_check_update,0,0,0,0,0,0,0,0,0,0,0
function@lzma_check_finish,0,0,0,0,0,0,0,0,0,0,0
function@lzma_crc64,26,14,0,20,15,23,74.1954,22.2613,44.1868,14.0232,16.9426
function@lzma_crc32,9,3,0,16,8,23,42.4454,10.9389,2.59563,22.0882,44.2306
function@main,15,39,0,12,18,7,14.3599,26.957,6.49209,8.96848,6.63659
function@init_encoder,0,0,0,0,0,1,0,0,0,0,1
function@uncompressStream,1,3,0,1,0,1,0.368267,3.83752,2.0309,0,2.0309
function@compressStream,0,6,0,1,0,2,0,3.23415,1.56098,0,2.56098
function@tuklib_cpucores,0,0,0,0,0,0,0,0,0,0,0
function@tuklib_open_stdxxx,0,0,0,0,0,0,0,0,0,0,0
function@tuklib_progname_init,0,0,0,0,0,0,0,0,0,0,0
function@tuklib_mbstr_fw,0,0,0,0,0,5,0,0,0,0,3.5625
function@tuklib_physmem,0,0,0,0,0,0,0,0,0,0,0
function@tuklib_mbstr_width,0,0,0,0,0,0,0,0,0,0,0
function@tuklib_exit,0,0,0,0,0,0,0,0,0,0,0
