Comando: /home/mpvreal/Code/Faculdade/tcc/llvm/build/bin/llc --march=aarch64 --regalloc=basic -o -
Heurística: div(cost,mul(area,pow(degree,2)))
function@_Z10exit_usagePKc,0,0,0,0,0,1,0,0,0,0,1
function@_Z8NAMD_bugPKc,0,0,0,0,0,1,0,0,0,0,1
function@_Z8NAMD_diePKc,0,0,0,0,0,1,0,0,0,0,1
function@main,43,0,0,16,0,109,537.165,0,78.9588,0,309.545
function@_ZN9ResultSetD2Ev,0,0,0,0,0,1,0,0,0,0,1
function@__clang_call_terminate,0,0,0,0,0,0,0,0,0,0,0
function@_ZN20ComputeNonbondedUtil20calc_pair_energy_fepEP9nonbonded,719,0,0,246,0,156,11841.5,0,4129.39,0,1172.6
function@_Z22pairlist_from_pairlistddddPK8CompAtomPKtiPtdPd,0,0,0,0,0,20,0,0,0,0,71.84
function@_Z24fep_vdw_forceandenergiesdddddddddiidddPdS_S_,42,0,0,9,0,27,13.8971,0,6.39706,0,16.5735
function@_ZN20ComputeNonbondedUtil30calc_pair_energy_fullelect_fepEP9nonbonded,822,0,0,351,0,169,22751.1,0,10350.8,0,1132.76
function@_ZN20ComputeNonbondedUtil36calc_pair_energy_merge_fullelect_fepEP9nonbonded,806,0,0,276,0,164,15537.9,0,5741.92,0,1389.59
function@_ZN20ComputeNonbondedUtil35calc_pair_energy_slow_fullelect_fepEP9nonbonded,709,0,0,223,0,135,7913.98,0,1935.41,0,849.259
function@_ZN20ComputeNonbondedUtil20calc_self_energy_fepEP9nonbonded,630,0,0,221,0,181,9455.22,0,1358.72,0,1271.7
function@_ZN20ComputeNonbondedUtil30calc_self_energy_fullelect_fepEP9nonbonded,771,0,0,269,0,200,17507.3,0,4370.9,0,1375.57
function@_ZN20ComputeNonbondedUtil36calc_self_energy_merge_fullelect_fepEP9nonbonded,749,0,0,218,0,189,11355,0,2016.82,0,1508.22
function@_ZN20ComputeNonbondedUtil35calc_self_energy_slow_fullelect_fepEP9nonbonded,716,6,0,221,1,165,5361.53,11.25,840.076,1.875,940.766
function@_ZN14ResizeArrayRawI6VectorE6resizeEi,0,0,0,0,0,7,0,0,0,0,2.97647
function@_ZN5PatchC2Ev,0,0,0,0,0,0,0,0,0,0,0
function@_ZN5PatchD2Ev,0,0,0,0,0,1,0,0,0,0,1
function@_ZN5Patch9moveatomsEv,0,0,0,0,0,6,0,0,0,0,45.5
function@_ZN5Patch10zeroforcesEv,0,0,0,0,0,0,0,0,0,0,0
function@_ZN5Patch9setforcesEP6VectorS1_,0,0,0,0,0,2,0,0,0,0,1.33333
function@_ZN5Patch8readfileEP8_IO_FILEP8Molecule,0,0,0,0,0,28,0,0,0,0,6.44752
function@_ZN9ResultSet9writefileEP8_IO_FILE,0,0,0,0,0,25,0,0,0,0,25
function@_ZN9ResultSet8readfileEP8_IO_FILE,0,0,0,0,0,25,0,0,0,0,25
function@_Z5equaldd,0,0,0,0,0,1,0,0,0,0,9.53674e-07
function@_Z5equalPdS_,0,0,0,0,0,0,0,0,0,0,0
function@_Z5equalPdS_S_S_,0,0,0,0,0,0,0,0,0,0,0
function@_ZN9ResultSet5checkEv,0,0,0,0,0,0,0,0,0,0,0
function@_ZN9ResultSet8samemodeERS_,0,0,0,0,0,0,0,0,0,0,0
function@_ZN9ResultSet7compareERS_,0,0,0,0,0,16,0,0,0,0,6.99999
function@_ZN9PatchListC2ER7Lattice,0,0,0,0,0,1,0,0,0,0,1
function@_ZN9PatchListD2Ev,0,0,0,0,0,6,0,0,0,0,2.25002
function@__clang_call_terminate,0,0,0,0,0,0,0,0,0,0,0
function@_ZN9PatchList9moveatomsEv,0,0,0,0,0,3,0,0,0,0,2.33333
function@_ZN9PatchList11zeroresultsEv,0,0,0,0,0,3,0,0,0,0,2.33333
function@_ZN9PatchList10setresultsEP9ResultSet,0,0,0,0,0,9,0,0,0,0,4.875
function@_ZN9PatchList8readfileEP8_IO_FILEP8Molecule,0,0,0,0,0,20,0,0,0,0,8.4499
function@_ZN7LJTableC2Ev,0,0,0,0,0,0,0,0,0,0,0
function@_ZN7LJTable8readfileEP8_IO_FILE,0,0,0,0,0,11,0,0,0,0,8.02929
function@_ZN7LJTableD2Ev,0,0,0,0,0,0,0,0,0,0,0
function@_ZN7LJTable18compute_vdw_paramsEiiPNS_10TableEntryES1_,0,0,0,0,0,0,0,0,0,0,0
function@_ZN20ComputeNonbondedUtil9calc_pairEP9nonbonded,359,0,0,107,0,67,1760.71,0,220.885,0,130.258
function@_Z22pairlist_from_pairlistddddPK8CompAtomPKtiPtdPd,0,0,0,0,0,20,0,0,0,0,71.84
function@_ZN20ComputeNonbondedUtil16calc_pair_energyEP9nonbonded,365,0,0,114,0,69,2044.24,0,515.86,0,278.286
function@_ZN20ComputeNonbondedUtil19calc_pair_fullelectEP9nonbonded,434,0,0,154,0,70,4182.66,0,1857.56,0,141.36
function@_ZN20ComputeNonbondedUtil26calc_pair_energy_fullelectEP9nonbonded,528,0,0,204,0,62,6127.28,0,3581.86,0,356.497
function@_ZN20ComputeNonbondedUtil25calc_pair_merge_fullelectEP9nonbonded,357,0,0,108,0,70,2518.04,0,296.772,0,141.36
function@_ZN20ComputeNonbondedUtil32calc_pair_energy_merge_fullelectEP9nonbonded,369,0,0,117,0,73,2964.36,0,667.588,0,363.401
function@_ZN20ComputeNonbondedUtil24calc_pair_slow_fullelectEP9nonbonded,384,0,0,118,0,70,2210.01,0,295.684,0,144.536
function@_ZN20ComputeNonbondedUtil31calc_pair_energy_slow_fullelectEP9nonbonded,394,0,0,124,0,73,2507.74,0,518.285,0,366.577
function@_ZN20ComputeNonbondedUtil9calc_selfEP9nonbonded,321,0,0,111,0,79,948.392,0,225.238,0,145.726
function@_ZN20ComputeNonbondedUtil16calc_self_energyEP9nonbonded,345,6,0,129,1,79,1108.48,11.2502,246.741,1.87503,284.666
function@_ZN20ComputeNonbondedUtil19calc_self_fullelectEP9nonbonded,510,0,0,173,0,79,1531.83,0,138.466,0,145.723
function@_ZN20ComputeNonbondedUtil26calc_self_energy_fullelectEP9nonbonded,507,0,0,188,0,86,2937.62,0,806.388,0,355.251
function@_ZN20ComputeNonbondedUtil25calc_self_merge_fullelectEP9nonbonded,355,0,0,114,0,82,989.349,0,304.762,0,159.551
function@_ZN20ComputeNonbondedUtil32calc_self_energy_merge_fullelectEP9nonbonded,381,6,0,127,1,82,1439.26,11.2502,320.242,1.87503,367.961
function@_ZN20ComputeNonbondedUtil24calc_self_slow_fullelectEP9nonbonded,397,0,0,126,0,81,1079.12,0,304.808,0,161.379
function@_ZN20ComputeNonbondedUtil31calc_self_energy_slow_fullelectEP9nonbonded,410,6,0,136,1,81,1136.87,11.2502,316.07,1.87503,369.789
function@_ZN20ComputeNonbondedUtil20calc_pair_energy_intEP9nonbonded,387,0,0,124,0,71,2320.99,0,771.679,0,234.341
function@_ZN20ComputeNonbondedUtil30calc_pair_energy_fullelect_intEP9nonbonded,519,0,0,196,0,64,5665.4,0,2959.75,0,307.874
function@_ZN20ComputeNonbondedUtil36calc_pair_energy_merge_fullelect_intEP9nonbonded,410,0,0,133,0,75,3391.05,0,1261.17,0,314.42
function@_ZN20ComputeNonbondedUtil20calc_self_energy_intEP9nonbonded,437,6,0,137,1,72,1174.99,11.2502,222.861,1.87503,219.978
function@_ZN20ComputeNonbondedUtil30calc_self_energy_fullelect_intEP9nonbonded,543,0,0,191,0,79,3259.8,0,831.249,0,287.401
function@_ZN20ComputeNonbondedUtil36calc_self_energy_merge_fullelect_intEP9nonbonded,407,6,0,145,1,87,1525.03,11.2502,302.485,1.87503,296.701
function@_ZN14ResizeArrayRawI6VectorE6resizeEi,0,0,0,0,0,7,0,0,0,0,2.97647
function@_ZN8MoleculeC2Ev,0,0,0,0,0,5,0,0,0,0,2
function@_ZN8MoleculeD2Ev,0,0,0,0,0,4,0,0,0,0,2.24074
function@_ZN8Molecule8readfileEP8_IO_FILE,0,0,0,0,0,16,0,0,0,0,7.57384
function@_ZN11ObjectArenaIcE11getNewArrayEi,0,0,0,0,0,5,0,0,0,0,2.5
function@_ZN11ResizeArrayIPcED2Ev,0,0,0,0,0,1,0,0,0,0,0.352941
function@_ZN11ResizeArrayIPcED0Ev,0,0,0,0,0,3,0,0,0,0,2.35294
function@_ZN14ResizeArrayRawIPcE3insERKS0_i,0,0,0,0,0,7,0,0,0,0,3.98824
function@_Z9dummy_erfi,0,0,0,0,0,0,0,0,0,0,0
function@_ZN26ComputeNonbondedWorkArraysC2Ev,27,0,0,18,0,34,17.9999,0,17.9999,0,6.99998
function@_ZN26ComputeNonbondedWorkArraysD2Ev,0,0,0,0,0,20,0,0,0,0,7.70588
function@_ZN11SelfCompute6doWorkEP9PatchList,0,0,0,0,0,1,0,0,0,0,1
function@_ZN11PairCompute6doWorkEP9PatchList,0,0,0,0,0,2,0,0,0,0,2
function@_ZN11ResizeArrayI6VectorED2Ev,0,0,0,0,0,1,0,0,0,0,0.352941
function@__clang_call_terminate,0,0,0,0,0,0,0,0,0,0,0
function@_ZN11ResizeArrayItED2Ev,0,0,0,0,0,1,0,0,0,0,0.352941
function@_ZN11ResizeArrayIdED2Ev,0,0,0,0,0,1,0,0,0,0,0.352941
function@_ZN11ResizeArrayItED0Ev,0,0,0,0,0,3,0,0,0,0,2.35294
function@_ZN11ResizeArrayIdED0Ev,0,0,0,0,0,3,0,0,0,0,2.35294
function@_ZN14ResizeArrayRawI6VectorE6resizeEi,0,0,0,0,0,7,0,0,0,0,2.97647
function@_ZN11ResizeArrayI6VectorED0Ev,0,0,0,0,0,3,0,0,0,0,2.35294
function@_GLOBAL__sub_I_Compute.C,0,0,0,0,0,2,0,0,0,0,2
function@_ZN13SimParametersC2Ev,0,0,0,0,0,0,0,0,0,0,0
function@_ZN13SimParameters8setparamEPKcS1_,0,0,0,0,0,134,0,0,0,0,12.729
function@_Z11parse_paramPKcS0_S0_Ri,0,0,0,0,0,5,0,0,0,0,3.38095
function@_Z11parse_paramPKcS0_S0_Rd,0,0,0,0,0,4,0,0,0,0,3
function@_ZN13SimParameters8readfileEP8_IO_FILE,0,0,0,0,0,16,0,0,0,0,12.1282
function@_ZN7Lattice3setE6VectorS0_S0_S0_,0,0,0,0,0,9,0,0,0,0,7.35294
function@_ZN11ComputeListC2Ev,0,0,0,0,0,0,0,0,0,0,0
function@_ZN11ComputeListD2Ev,0,0,0,0,0,5,0,0,0,0,3.47619
function@_ZN11ComputeList8readfileEP8_IO_FILEP9PatchList,6,0,0,4,0,23,0.278404,0,0.278407,0,6.51205
function@_ZN11ComputeList11runComputesEP9PatchList,0,0,0,0,0,8,0,0,0,0,47.1667
function@_ZN20ComputeNonbondedUtil13calc_pair_lesEP9nonbonded,325,0,0,103,0,72,1878.76,0,214.036,0,136.53
function@_Z22pairlist_from_pairlistddddPK8CompAtomPKtiPtdPd,0,0,0,0,0,20,0,0,0,0,71.84
function@_ZN20ComputeNonbondedUtil20calc_pair_energy_lesEP9nonbonded,336,0,0,111,0,74,2177.43,0,510.838,0,284.557
function@_ZN20ComputeNonbondedUtil23calc_pair_fullelect_lesEP9nonbonded,441,0,0,163,0,73,4175.71,0,1858.57,0,143.407
function@_ZN20ComputeNonbondedUtil30calc_pair_energy_fullelect_lesEP9nonbonded,556,0,0,227,0,59,6553.01,0,4038.64,0,353.813
function@_ZN20ComputeNonbondedUtil29calc_pair_merge_fullelect_lesEP9nonbonded,348,0,0,107,0,73,2512.94,0,295.448,0,143.494
function@_ZN20ComputeNonbondedUtil36calc_pair_energy_merge_fullelect_lesEP9nonbonded,360,0,0,116,0,76,2959.26,0,666.264,0,365.536
function@_ZN20ComputeNonbondedUtil28calc_pair_slow_fullelect_lesEP9nonbonded,391,0,0,121,0,67,2225.25,0,303.082,0,136.698
function@_ZN20ComputeNonbondedUtil35calc_pair_energy_slow_fullelect_lesEP9nonbonded,401,0,0,127,0,70,2522.99,0,525.684,0,358.739
function@_ZN20ComputeNonbondedUtil13calc_self_lesEP9nonbonded,324,0,0,113,0,79,955.018,0,228.894,0,145.726
function@_ZN20ComputeNonbondedUtil20calc_self_energy_lesEP9nonbonded,348,6,0,131,1,79,1115.11,11.2502,250.398,1.87503,284.666
function@_ZN20ComputeNonbondedUtil23calc_self_fullelect_lesEP9nonbonded,498,0,0,172,0,79,1747.76,0,137.552,0,146.797
function@_ZN20ComputeNonbondedUtil30calc_self_energy_fullelect_lesEP9nonbonded,512,0,0,192,0,87,3321.37,0,1026.69,0,360.439
function@_ZN20ComputeNonbondedUtil29calc_self_merge_fullelect_lesEP9nonbonded,331,0,0,111,0,86,1192.91,0,300.192,0,165.835
function@_ZN20ComputeNonbondedUtil36calc_self_energy_merge_fullelect_lesEP9nonbonded,357,6,0,124,1,86,1642.82,11.2502,315.672,1.87503,374.245
function@_ZN20ComputeNonbondedUtil28calc_self_slow_fullelect_lesEP9nonbonded,402,0,0,129,0,80,1093.52,0,312.121,0,155.209
function@_ZN20ComputeNonbondedUtil35calc_self_energy_slow_fullelect_lesEP9nonbonded,415,6,0,139,1,80,1151.27,11.2502,323.383,1.87503,363.619
function@_ZN14ResizeArrayRawI6VectorE6resizeEi,0,0,0,0,0,7,0,0,0,0,2.97647
function@_ZN20ComputeNonbondedUtil15calc_pair_pprofEP9nonbonded,468,0,0,124,0,54,1805.34,0,349.558,0,116.555
function@_Z22pairlist_from_pairlistddddPK8CompAtomPKtiPtdPd,0,0,0,0,0,20,0,0,0,0,71.84
function@_ZN20ComputeNonbondedUtil22calc_pair_energy_pprofEP9nonbonded,481,0,0,140,0,56,2295.23,0,839.074,0,238.56
function@_ZN20ComputeNonbondedUtil25calc_pair_fullelect_pprofEP9nonbonded,532,0,0,182,0,62,4489.52,0,1770.83,0,124.335
function@_ZN20ComputeNonbondedUtil32calc_pair_energy_fullelect_pprofEP9nonbonded,584,0,0,233,0,64,6622.47,0,3386.01,0,306.756
function@_ZN20ComputeNonbondedUtil31calc_pair_merge_fullelect_pprofEP9nonbonded,483,0,0,132,0,56,2429.73,0,479.689,0,125.308
function@_ZN20ComputeNonbondedUtil38calc_pair_energy_merge_fullelect_pprofEP9nonbonded,539,0,0,159,0,55,3674.13,0,1346.8,0,298.58
function@_ZN20ComputeNonbondedUtil30calc_pair_slow_fullelect_pprofEP9nonbonded,487,0,0,130,0,56,2093.11,0,474.156,0,133.308
function@_ZN20ComputeNonbondedUtil37calc_pair_energy_slow_fullelect_pprofEP9nonbonded,545,0,0,134,0,58,2449.22,0,485.544,0,307.728
function@_ZN20ComputeNonbondedUtil15calc_self_pprofEP9nonbonded,478,0,0,131,0,65,996.235,0,119.91,0,95.8867
function@_ZN20ComputeNonbondedUtil22calc_self_energy_pprofEP9nonbonded,520,0,0,160,0,65,1454.11,0,149.081,0,211.652
function@_ZN20ComputeNonbondedUtil25calc_self_fullelect_pprofEP9nonbonded,566,0,0,185,0,79,2732.17,0,173.016,0,100.891
function@_ZN20ComputeNonbondedUtil32calc_self_energy_fullelect_pprofEP9nonbonded,626,0,0,227,0,80,4795.71,0,1433.02,0,284.174
function@_ZN20ComputeNonbondedUtil31calc_self_merge_fullelect_pprofEP9nonbonded,496,0,0,136,0,65,1392.01,0,122.283,0,98.1861
function@_ZN20ComputeNonbondedUtil38calc_self_energy_merge_fullelect_pprofEP9nonbonded,526,0,0,164,0,65,2085.55,0,156.434,0,274.032
function@_ZN20ComputeNonbondedUtil30calc_self_slow_fullelect_pprofEP9nonbonded,491,0,0,133,0,68,1382.53,0,116.301,0,107.441
function@_ZN20ComputeNonbondedUtil37calc_self_energy_slow_fullelect_pprofEP9nonbonded,499,6,0,144,1,71,1635.7,11.2502,127.178,1.87503,292.541
function@_ZN14ResizeArrayRawI6VectorE6resizeEi,0,0,0,0,0,7,0,0,0,0,2.97647
function@_ZN20ComputeNonbondedUtil10calc_errorEP9nonbonded,0,0,0,0,0,0,0,0,0,0,0
function@_ZN20ComputeNonbondedUtil6selectEP13SimParametersP8MoleculeP7LJTable,119,0,0,47,0,50,1557.65,0,202.588,0,2205.34
