Comando: /home/mpvreal/Code/Faculdade/tcc/llvm/build/bin/llc --march=x86-64 --regalloc=basic -o -
Heurística: div(cost,pow(degree,2))
function@writeout_,175,62,0,113,50,596,28164.2,9828.58,1827.56,2268.08,35179.1
function@_QMplane_source_modPplane_source_init,2,0,0,2,0,132,2,0,2,0,4111.66
function@_QMplane_source_modPplane_source_read,22,19,0,22,9,188,324.104,575.52,172.344,25.2656,2106.84
function@_QMplane_source_modPplane_source_apply,18,26,0,20,5,12,23.4375,345.438,16,3.5,58.75
function@_QMplane_source_modPplane_source_end,0,0,0,0,0,0,0,0,0,0,0
function@_QMcommunicate_modPcom_init_mpi,0,0,0,0,0,3,0,0,0,0,3
function@_QMcommunicate_modPcommunicate_end,0,0,0,0,0,16,0,0,0,0,8.89412
function@init_,42,0,0,3,0,364,22.1309,0,3,0,69.463
function@_QMmur_modPmur_init,96,76,0,54,12,237,127.207,81.9807,29.6387,1.80664,324.055
function@_QMmur_modPmur_updatee,471,570,0,304,190,63,256.709,606.96,83.9404,50.9073,76.9205
function@_QMmur_modPmur_storee,137,98,0,99,30,88,382.278,295.519,126.352,108.278,178.537
function@_QMmur_modPmur_end,0,0,0,0,0,72,0,0,0,0,10.3125
function@_QMmur_modPmur_set_mf_arrays,57,21,0,37,2,24,3188.5,1125.9,341.2,20.7,3762
function@_QMupdate_modPupdate_init,0,0,0,0,0,2,0,0,0,0,2
function@_QMupdate_modPupdateh,118,6,0,36,12,0,118,6,36,12,0
function@_QMupdate_modPupdateh..omp_par.4,239,137,0,149,138,7,102136,12807.7,1980.75,8742.43,5240
function@_QMupdate_modPupdateh..omp_par.3,45,38,0,56,25,7,1228.25,6315.58,82.8333,68.0833,2388.75
function@_QMupdate_modPupdateh..omp_par.2,22,18,0,32,11,1,461.083,152.25,71.1667,27.9167,341.25
function@_QMupdate_modPupdateh..omp_par.1,26,17,0,31,14,2,802.25,1493.75,48.5833,30.25,682.5
function@_QMupdate_modPupdateh..omp_par,50,37,0,60,19,3,5713.83,2953.42,501.833,480.083,1279.75
function@_QMupdate_modPupdatee,92,5,0,38,14,0,68.5,5,38,14,0
function@_QMupdate_modPupdatee..omp_par.7,310,154,0,209,169,53,133309,85678.3,10489.6,13663.4,34743.7
function@_QMupdate_modPupdatee..omp_par.6,84,52,0,70,30,15,320.534,699.773,163.663,118.153,475.853
function@_QMupdate_modPupdatee..omp_par.5,69,57,0,59,25,18,255.196,1203.99,181.632,97.6626,879.166
function@_QMupdate_modPupdatee..omp_par,20,19,0,29,0,5,128.75,2277.08,47.9167,0,1306.25
function@_QMupdate_modPupdate_inith,114,49,0,62,29,21,695.16,653.8,104.96,18.8,3685.56
function@_QMupdate_modPupdate_inith..omp_par.11,66,44,0,63,22,10,1107.58,3083.33,210.833,154.583,1140.92
function@_QMupdate_modPupdate_inith..omp_par.10,11,3,0,12,7,1,59.3333,352.5,11.6667,4.66667,21.25
function@_QMupdate_modPupdate_inith..omp_par.9,9,6,0,8,2,4,11.5833,31.5,7.33333,1.33333,32.4167
function@_QMupdate_modPupdate_inith..omp_par.8,9,6,0,8,2,4,11.5833,31.5,7.33333,1.33333,32.4167
function@_QMupdate_modPupdate_inith..omp_par,7,7,0,12,4,1,39.5,67.5833,12,2.66667,21.25
function@_QMupdate_modPupdate_inite,353,168,0,141,101,60,558.175,517.986,124.821,30.5017,2295.94
function@_QMupdate_modPupdate_inite..omp_par.14,35,30,0,44,4,15,913.75,3916.58,341.75,40.75,2277.25
function@_QMupdate_modPupdate_inite..omp_par.13,3,4,0,5,0,8,3,40.4167,5,0,72.0833
function@_QMupdate_modPupdate_inite..omp_par.12,3,5,0,5,0,8,3,41.4167,5,0,72.0833
function@_QMupdate_modPupdate_inite..omp_par,3,3,0,3,0,2,3,14.9167,3,0,447.833
function@_QMupml_modPupml_allocate,85,4,0,8,3,463,71.7647,4,8,3,396.824
function@_QMupml_modPcheck_allocate,0,0,0,0,0,22,0,0,0,0,2
function@_QMupml_modPupml_set_eps_arrays,72,25,0,45,5,112,5434.88,1658.95,431.714,53.9286,321.429
function@_QMupml_modPupml_init,2256,1425,0,937,846,674,3600.79,2351.97,1424.1,153.276,2702.59
function@_QMupml_modPupml_initb,0,0,0,0,0,3,0,0,0,0,3
function@_QMupml_modPupml_initb..omp_par,374,84,0,151,29,7,1.92566e+06,221951,274215,7330.67,40960.5
function@_QMupml_modPupml_inith,15,6,0,15,0,0,15,6,15,0,0
function@_QMupml_modPupml_inith..omp_par,377,228,0,206,102,81,95203.9,20209.8,11431.9,751.417,8728.08
function@_QMupml_modPupml_updateh,42,6,0,36,12,0,42,6,36,12,0
function@_QMupml_modPupml_updateh..omp_par,2636,420,0,655,155,176,1.43016e+07,1.86404e+06,755050,290791,1.19551e+06
function@_QMupml_modPupml_updatee,0,0,0,0,0,0,0,0,0,0,0
function@_QMupml_modPupml_updatee_homo,42,6,0,36,12,0,42,6,36,12,0
function@_QMupml_modPupml_updatee_homo..omp_par,4379,523,0,1273,518,86,1.53251e+07,579200,650987,95298.9,47697.8
function@_QMupml_modPupml_updatee_simple,42,6,0,36,12,0,42,6,36,12,0
function@_QMupml_modPupml_updatee_simple..omp_par,4826,556,0,1271,535,81,1.7769e+07,889469,388173,205719,45394.3
function@_QMupml_modPupml_initd,0,0,0,0,0,3,0,0,0,0,3
function@_QMupml_modPupml_initd..omp_par,633,128,0,244,60,13,2.10329e+06,240492,301526,12217.3,48043.8
function@_QMupml_modPupml_inite,15,6,0,15,0,0,15,6,15,0,0
function@_QMupml_modPupml_inite..omp_par,517,299,0,230,115,122,76968.3,24304,1213.92,898.137,10260
function@_QMupml_modPupml_end,0,0,0,0,0,450,0,0,0,0,241.667
function@_QMupml_modPcheck_deallocate,0,0,0,0,0,9,0,0,0,0,6.33333
function@_QMreadline_modPreadline,39,15,0,11,4,54,140,15.4946,10.625,1.45109,207.016
function@_QMreadline_modPcheckifkeyword,0,0,0,0,0,5,0,0,0,0,32.4615
function@mpi_barrier_,0,0,0,0,0,6,0,0,0,0,6
function@mpi_bcast_,1,0,0,1,0,12,1,0,1,0,12
function@mpi_bcast_integers_,1,0,0,1,0,12,1,0,1,0,12
function@mpi_bcast_reals_,1,0,0,1,0,12,1,0,1,0,12
function@mpi_bcast_logical_,1,0,0,1,0,12,1,0,1,0,12
function@mpi_cart_rank_,0,0,0,0,0,9,0,0,0,0,9
function@mpi_cart_create_,1,0,0,1,0,13,1,0,1,0,13
function@mpi_cart_coords_,0,0,0,0,0,11,0,0,0,0,11
function@mpi_cart_shift_,1,0,0,1,0,13,1,0,1,0,13
function@mpi_comm_rank_,0,0,0,0,0,7,0,0,0,0,7
function@mpi_comm_size_,0,0,0,0,0,7,0,0,0,0,7
function@mpi_finalize_,0,0,0,0,0,0,0,0,0,0,0
function@mpi_init_,0,0,0,0,0,0,0,0,0,0,0
function@mpi_recv_,0,0,0,0,0,12,0,0,0,0,12
function@mpi_ssend_,1,0,0,1,0,13,1,0,1,0,13
function@mpi_bsend_,1,0,0,1,0,13,1,0,1,0,13
function@mpi_sendrecv_,1,0,0,1,0,21,1,0,1,0,21
function@mpi_wait_,0,0,0,0,0,7,0,0,0,0,7
function@mpi_isend_,1,0,0,1,0,13,1,0,1,0,13
function@mpi_wtick_,0,0,0,0,0,0,0,0,0,0,0
function@mpi_wtime_,0,0,0,0,0,0,0,0,0,0,0
function@mpi_buffer_attach_,0,0,0,0,0,7,0,0,0,0,7
function@mpi_buffer_detach_,0,0,0,0,0,7,0,0,0,0,7
function@mpi_pack_size_,0,0,0,0,0,10,0,0,0,0,10
function@mpi_gather_,0,0,0,0,0,14,0,0,0,0,14
function@mpi_type_struct_,2,0,0,2,0,14,2,0,2,0,14
function@mpi_type_commit_,0,0,0,0,0,5,0,0,0,0,5
function@mpi_type_extent_,0,0,0,0,0,6,0,0,0,0,6
function@mpi_type_free_,0,0,0,0,0,5,0,0,0,0,5
function@mpi_type_vector_,1,0,0,1,0,13,1,0,1,0,13
function@mpi_type_hvector_,1,0,0,1,0,13,1,0,1,0,13
function@mpi_irecv_,0,0,0,0,0,12,0,0,0,0,12
function@mpi_waitall_,0,0,0,0,0,9,0,0,0,0,9
function@mpi_sendrecv_replace_,1,0,0,1,0,21,1,0,1,0,21
function@mpi_bsend_init_,0,0,0,0,0,13,0,0,0,0,13
function@mpi_recv_init_,0,0,0,0,0,13,0,0,0,0,13
function@mpi_dims_create_,0,0,0,0,0,9,0,0,0,0,9
function@mpi_start_,0,0,0,0,0,6,0,0,0,0,6
function@mpi_allreduce_,0,0,0,0,0,0,0,0,0,0,0
function@mpi_abort_,0,0,0,0,0,0,0,0,0,0,0
function@mpi_reduce_,0,0,0,0,0,0,0,0,0,0,0
function@_QMhuygens_modPhuygens_init,0,0,0,0,0,5,0,0,0,0,5
function@_QMhuygens_modPhuygensh,800,335,0,317,124,260,713.893,4039.34,172.071,53.5,786.714
function@_QMhuygens_modPhuygense,1004,399,0,391,126,313,1273.25,5681.35,210.357,375.375,946.696
function@_QMhuygens_modPuin,281,186,0,142,24,119,2579.85,1119.56,671.032,10.8228,1742.91
function@_QMmaterial_modPmat_init,663,352,0,386,188,365,2.38832e+06,1.4303e+06,159594,299987,2.06227e+06
function@_QMmaterial_modPmat_updatee,92,5,0,38,14,0,68.5,5,38,14,0
function@_QMmaterial_modPmat_updatee..omp_par.3,222,39,0,126,29,3,1.06949e+06,96859,57954.4,13877.6,25599.8
function@_QMmaterial_modPmat_updatee..omp_par.2,61,14,0,46,11,3,10992.4,1784.58,1025,108,1279.75
function@_QMmaterial_modPmat_updatee..omp_par.1,61,16,0,48,11,4,10579.1,2650.33,1039.25,120.583,1706.33
function@_QMmaterial_modPmat_updatee..omp_par,53,23,0,45,6,5,9671.58,6049.75,599.75,79.5,2132.92
function@calcflops_,0,0,0,0,0,0,0,0,0,0,0
function@_QMpower_modPpower_init,15,11,0,13,5,137,31.5312,9,31,3.78125,290.266
function@_QMpower_modPpower_init..omp_par,90,9,0,25,3,0,26961.8,1772.08,3530.25,27.5,0
function@_QMpower_modPpower_stop,0,0,0,0,0,11,0,0,0,0,882.417
function@_QMpower_modPpower_dft,6,0,0,6,0,11,37.8889,0,6,0,41.6481
function@_QMpower_modPpower_dft..omp_par.1,152,11,0,41,2,9,37155.8,2625.25,3545.92,26.5,3433.92
function@_QMpower_modPpower_dft..omp_par,36,0,0,10,0,14,663.417,0,9.66667,0,297.5
function@_QMpower_modPpower_print,19,5,0,11,4,72,54.1777,1.30859,6.04688,1.2207,282.986
function@_QMpower_modPpower_intere,12,19,0,9,0,34,4,9,9,0,4.66667
function@_QMpower_modPpower_interh,35,40,0,17,0,34,11.6667,17.3333,14,0,4.66667
function@_QMpower_modPread_power,4,9,0,7,0,309,21.8795,5.88074,9.08383,0,11862.7
function@_QMpower_modPpower_updateh,57,52,0,52,27,6,75.7,103.65,39.175,17.75,8.75
function@timer_,0,0,0,0,0,11,0,0,0,0,7.57143
function@leapfrog_,114,60,0,55,20,87,881.313,2374.49,64.2109,16.2812,1942.37
function@_QMpec_modPpec_read,5,0,0,3,0,106,7.27734,0,1.73828,0,261.301
function@_QMpec_modPpec_init,335,176,0,193,43,309,51723,9632.07,20177,591.95,148511
function@_QMpec_modPpec_apply,10,10,0,16,8,1,50.5,212.5,16,6.66667,1
function@_QMpec_modPpec_end,0,0,0,0,0,9,0,0,0,0,3.6
function@_QQmain,15,15,0,30,22,188,9.375,9.375,18.75,13.75,296.914
