Comando: /home/mpvreal/Code/Faculdade/tcc/llvm/build/bin/llc -march=x86 --regalloc=basic -o -
Heurística: original
~&SPILL_STATS,69, 48, 0, 30, 17, 26, 1079.95, 841.704, 233.038, 259.867, 985.474
~&SPILL_STATS,7, 0, 0, 6, 0, 5, 543.5, 0, 36, 0, 822.5
~&SPILL_STATS,4, 0, 0, 1, 0, 5, 527.5, 0, 20, 0, 822.5
~&SPILL_STATS,0, 0, 0, 0, 0, 5, 0, 0, 0, 0, 45.5
~&SPILL_STATS,0, 0, 0, 0, 0, 2, 0, 0, 0, 0, 40.5714
~&SPILL_STATS,0, 0, 0, 0, 0, 2, 0, 0, 0, 0, 40.5714
~&SPILL_STATS,0, 0, 0, 0, 0, 2, 0, 0, 0, 0, 40.5714
~&SPILL_STATS,0, 0, 0, 0, 0, 2, 0, 0, 0, 0, 40.5714
~&SPILL_STATS,0, 0, 0, 0, 0, 0, 0, 0, 0, 0, 0
~&SPILL_STATS,0, 0, 0, 0, 0, 4, 0, 0, 0, 0, 55.8214
~&SPILL_STATS,0, 0, 0, 0, 0, 2, 0, 0, 0, 0, 2
~&SPILL_STATS,0, 0, 0, 0, 0, 0, 0, 0, 0, 0, 0
~&SPILL_STATS,27, 8, 0, 25, 1, 15, 209.875, 15.25, 138.375, 0.625, 134.75
~&SPILL_STATS,0, 0, 0, 0, 0, 2, 0, 0, 0, 0, 20.0588
~&SPILL_STATS,13, 9, 0, 4, 3, 18, 290.662, 280.412, 20.6875, 220.625, 1009.92
~&SPILL_STATS,0, 0, 0, 0, 0, 0, 0, 0, 0, 0, 0
~&SPILL_STATS,0, 0, 0, 0, 0, 0, 0, 0, 0, 0, 0
~&SPILL_STATS,0, 0, 0, 0, 0, 0, 0, 0, 0, 0, 0
~&SPILL_STATS,0, 0, 0, 0, 0, 0, 0, 0, 0, 0, 0
~&SPILL_STATS,0, 0, 0, 0, 0, 0, 0, 0, 0, 0, 0
~&SPILL_STATS,21, 8, 0, 4, 7, 7, 109.259, 30.1852, 22.2222, 37.5741, 47.6852
~&SPILL_STATS,15, 20, 0, 14, 0, 6, 1.46354, 2.08333, 1.83333, 0, 2.16667
~&SPILL_STATS,17, 1, 0, 6, 0, 8, 57.3871, 0.483871, 4.22581, 0, 53.9355
~&SPILL_STATS,1, 0, 0, 8, 0, 1, 0.916667, 0, 1.6875, 0, 1
~&SPILL_STATS,4, 4, 0, 4, 0, 1, 0.1875, 0.1875, 0.1875, 0, 1
~&SPILL_STATS,1, 0, 0, 2, 0, 2, 0.625, 0, 0.625, 0, 2
~&SPILL_STATS,2, 3, 0, 2, 6, 1, 2.53571, 17.7143, 2.53571, 9.25, 0.625
~&SPILL_STATS,0, 0, 0, 0, 0, 1, 0, 0, 0, 0, 1
~&SPILL_STATS,0, 0, 0, 0, 0, 3, 0, 0, 0, 0, 21.9375
~&SPILL_STATS,0, 0, 0, 0, 0, 0, 0, 0, 0, 0, 0
~&SPILL_STATS,0, 0, 0, 0, 0, 0, 0, 0, 0, 0, 0
~&SPILL_STATS,0, 0, 0, 0, 0, 0, 0, 0, 0, 0, 0
~&SPILL_STATS,0, 0, 0, 0, 0, 0, 0, 0, 0, 0, 0
~&SPILL_STATS,0, 0, 0, 0, 0, 0, 0, 0, 0, 0, 0
~&SPILL_STATS,0, 0, 0, 0, 0, 0, 0, 0, 0, 0, 0
~&SPILL_STATS,24, 3, 0, 5, 6, 2, 238.941, 35.9412, 70.5588, 12.9118, 337.118
~&SPILL_STATS,12, 1, 0, 2, 4, 0, 331.088, 0.617647, 62.7353, 25.5, 0
~&SPILL_STATS,0, 0, 0, 0, 0, 1, 0, 0, 0, 0, 1
~&SPILL_STATS,0, 0, 0, 0, 0, 0, 0, 0, 0, 0, 0
~&SPILL_STATS,0, 0, 0, 0, 0, 0, 0, 0, 0, 0, 0
~&SPILL_STATS,0, 0, 0, 0, 0, 0, 0, 0, 0, 0, 0
~&SPILL_STATS,0, 0, 0, 0, 0, 0, 0, 0, 0, 0, 0
~&SPILL_STATS,28, 7, 0, 30, 1, 2, 102.008, 8.04688, 80.3672, 0.234375, 5.56641
~&SPILL_STATS,0, 1, 0, 1, 0, 8, 0, 0.625, 1, 0, 29.625
~&SPILL_STATS,3, 0, 0, 1, 0, 5, 21.0294, 0, 1, 0, 7.82353
~&SPILL_STATS,6, 1, 0, 2, 0, 1, 2.65625, 0.3125, 1.25, 0, 1
~&SPILL_STATS,0, 0, 0, 0, 0, 1, 0, 0, 0, 0, 1
~&SPILL_STATS,0, 0, 0, 0, 0, 0, 0, 0, 0, 0, 0
~&SPILL_STATS,0, 0, 0, 0, 0, 1, 0, 0, 0, 0, 0.625
~&SPILL_STATS,0, 0, 0, 0, 0, 2, 0, 0, 0, 0, 2
~&SPILL_STATS,0, 0, 0, 0, 0, 0, 0, 0, 0, 0, 0
~&SPILL_STATS,0, 0, 0, 0, 0, 0, 0, 0, 0, 0, 0
~&SPILL_STATS,0, 0, 0, 0, 0, 6, 0, 0, 0, 0, 1.14286
~&SPILL_STATS,0, 0, 0, 0, 0, 0, 0, 0, 0, 0, 0
~&SPILL_STATS,0, 0, 0, 0, 0, 0, 0, 0, 0, 0, 0
~&SPILL_STATS,0, 0, 0, 0, 0, 0, 0, 0, 0, 0, 0
~&SPILL_STATS,9, 5, 0, 2, 0, 23, 0.5948, 2.125, 1, 0, 1.23096
~&SPILL_STATS,0, 0, 0, 0, 0, 0, 0, 0, 0, 0, 0
~&SPILL_STATS,0, 0, 0, 0, 0, 0, 0, 0, 0, 0, 0
~&SPILL_STATS,159, 33, 0, 25, 21, 35, 1067.48, 1104.66, 516.171, 909.307, 13959
~&SPILL_STATS,137, 34, 0, 20, 31, 17, 3332.94, 955.883, 46.8824, 968.647, 82.6471
~&SPILL_STATS,0, 0, 0, 0, 0, 0, 0, 0, 0, 0, 0
~&SPILL_STATS,0, 0, 0, 0, 0, 0, 0, 0, 0, 0, 0
~&SPILL_STATS,0, 0, 0, 0, 0, 0, 0, 0, 0, 0, 0
~&SPILL_STATS,0, 0, 0, 0, 0, 1, 0, 0, 0, 0, 1
~&SPILL_STATS,0, 0, 0, 0, 0, 10, 0, 0, 0, 0, 18.3102
~&SPILL_STATS,0, 0, 0, 0, 0, 0, 0, 0, 0, 0, 0
~&SPILL_STATS,0, 0, 0, 0, 0, 0, 0, 0, 0, 0, 0
~&SPILL_STATS,0, 0, 0, 0, 0, 0, 0, 0, 0, 0, 0
~&SPILL_STATS,0, 0, 0, 0, 0, 0, 0, 0, 0, 0, 0
~&SPILL_STATS,0, 0, 0, 0, 0, 0, 0, 0, 0, 0, 0
~&SPILL_STATS,0, 0, 0, 0, 0, 0, 0, 0, 0, 0, 0
~&SPILL_STATS,0, 0, 0, 0, 0, 0, 0, 0, 0, 0, 0
~&SPILL_STATS,0, 0, 0, 0, 0, 5, 0, 0, 0, 0, 13.2222
~&SPILL_STATS,0, 0, 0, 0, 0, 4, 0, 0, 0, 0, 3
~&SPILL_STATS,0, 0, 0, 0, 0, 1, 0, 0, 0, 0, 1
~&SPILL_STATS,0, 0, 0, 0, 0, 4, 0, 0, 0, 0, 4
~&SPILL_STATS,0, 0, 0, 0, 0, 0, 0, 0, 0, 0, 0
~&SPILL_STATS,0, 0, 0, 0, 0, 0, 0, 0, 0, 0, 0
~&SPILL_STATS,0, 0, 0, 0, 0, 2, 0, 0, 0, 0, 25.3333
~&SPILL_STATS,32, 29, 0, 31, 0, 0, 20, 18.125, 19.375, 0, 0
~&SPILL_STATS,32, 29, 0, 31, 0, 0, 20, 18.125, 19.375, 0, 0
~&SPILL_STATS,5, 3, 0, 3, 0, 20, 11.2031, 9.125, 8.89062, 0, 95.291
~&SPILL_STATS,74, 59, 0, 28, 18, 27, 2818.23, 3496.71, 752.25, 147.173, 2875.33
~&SPILL_STATS,11, 7, 0, 6, 6, 10, 40.9766, 13.9453, 13.5156, 12.0547, 25.1953
~&SPILL_STATS,0, 0, 0, 0, 0, 0, 0, 0, 0, 0, 0
~&SPILL_STATS,15, 4, 0, 4, 6, 3, 685.472, 173.698, 141.577, 58.1667, 287.312
~&SPILL_STATS,0, 0, 0, 0, 0, 0, 0, 0, 0, 0, 0
~&SPILL_STATS,6, 2, 0, 8, 0, 12, 0.709366, 0.0178528, 0.732071, 0, 6.08777
~&SPILL_STATS,0, 0, 0, 0, 0, 5, 0, 0, 0, 0, 26.1587
~&SPILL_STATS,0, 0, 0, 0, 0, 1, 0, 0, 0, 0, 1
~&SPILL_STATS,0, 0, 0, 0, 0, 4, 0, 0, 0, 0, 3.01852
~&SPILL_STATS,0, 0, 0, 0, 0, 0, 0, 0, 0, 0, 0
~&SPILL_STATS,0, 0, 0, 0, 0, 0, 0, 0, 0, 0, 0
~&SPILL_STATS,0, 0, 0, 0, 0, 0, 0, 0, 0, 0, 0
~&SPILL_STATS,6, 5, 0, 7, 1, 1, 6, 5, 6, 1, 0.5
~&SPILL_STATS,0, 2, 0, 1, 0, 0, 0, 1.5, 1, 0, 0
~&SPILL_STATS,0, 0, 0, 0, 0, 0, 0, 0, 0, 0, 0
~&SPILL_STATS,0, 0, 0, 0, 0, 5, 0, 0, 0, 0, 106.25
~&SPILL_STATS,0, 0, 0, 0, 0, 0, 0, 0, 0, 0, 0
~&SPILL_STATS,22, 19, 0, 11, 10, 2, 89.2812, 25.2188, 47.4688, 1.625, 22.5
~&SPILL_STATS,2, 3, 0, 1, 0, 3, 0.75, 0.9375, 1, 0, 1.25
~&SPILL_STATS,0, 0, 0, 0, 0, 0, 0, 0, 0, 0, 0
~&SPILL_STATS,0, 0, 0, 0, 0, 2, 0, 0, 0, 0, 2
~&SPILL_STATS,0, 0, 0, 0, 0, 0, 0, 0, 0, 0, 0
~&SPILL_STATS,0, 0, 0, 0, 0, 0, 0, 0, 0, 0, 0
~&SPILL_STATS,0, 0, 0, 0, 0, 0, 0, 0, 0, 0, 0
~&SPILL_STATS,0, 0, 0, 0, 0, 0, 0, 0, 0, 0, 0
~&SPILL_STATS,0, 0, 0, 0, 0, 0, 0, 0, 0, 0, 0
~&SPILL_STATS,0, 0, 0, 0, 0, 0, 0, 0, 0, 0, 0
~&SPILL_STATS,0, 0, 0, 0, 0, 2, 0, 0, 0, 0, 2
~&SPILL_STATS,0, 0, 0, 0, 0, 2, 0, 0, 0, 0, 2
~&SPILL_STATS,9, 6, 0, 5, 0, 3, 3.5, 2.75, 2, 0, 0.75
~&SPILL_STATS,0, 0, 0, 0, 0, 0, 0, 0, 0, 0, 0
~&SPILL_STATS,0, 0, 0, 0, 0, 0, 0, 0, 0, 0, 0
~&SPILL_STATS,0, 0, 0, 0, 0, 2, 0, 0, 0, 0, 2
~&SPILL_STATS,0, 0, 0, 0, 0, 0, 0, 0, 0, 0, 0
~&SPILL_STATS,3, 2, 0, 1, 0, 1, 0.109375, 0.078125, 0.0625, 0, 1
~&SPILL_STATS,0, 0, 0, 0, 0, 0, 0, 0, 0, 0, 0
~&SPILL_STATS,0, 0, 0, 0, 0, 0, 0, 0, 0, 0, 0
~&SPILL_STATS,0, 0, 0, 0, 0, 2, 0, 0, 0, 0, 2
~&SPILL_STATS,0, 0, 0, 0, 0, 0, 0, 0, 0, 0, 0
~&SPILL_STATS,0, 0, 0, 0, 0, 0, 0, 0, 0, 0, 0
~&SPILL_STATS,0, 0, 0, 0, 0, 0, 0, 0, 0, 0, 0
~&SPILL_STATS,0, 0, 0, 0, 0, 0, 0, 0, 0, 0, 0
~&SPILL_STATS,0, 0, 0, 0, 0, 0, 0, 0, 0, 0, 0
~&SPILL_STATS,0, 0, 0, 0, 0, 0, 0, 0, 0, 0, 0
~&SPILL_STATS,0, 0, 0, 0, 0, 0, 0, 0, 0, 0, 0
~&SPILL_STATS,0, 0, 0, 0, 0, 0, 0, 0, 0, 0, 0
~&SPILL_STATS,12, 11, 0, 20, 0, 1, 42.5464, 14.8125, 43.7065, 0, 5.85938
~&SPILL_STATS,29, 47, 0, 41, 2, 0, 79.5876, 144.075, 114.813, 0.463257, 0
~&SPILL_STATS,0, 0, 0, 0, 0, 0, 0, 0, 0, 0, 0
~&SPILL_STATS,0, 0, 0, 0, 0, 2, 0, 0, 0, 0, 2
~&SPILL_STATS,0, 0, 0, 0, 0, 0, 0, 0, 0, 0, 0
~&SPILL_STATS,0, 0, 0, 0, 0, 0, 0, 0, 0, 0, 0
~&SPILL_STATS,0, 0, 0, 0, 0, 0, 0, 0, 0, 0, 0
~&SPILL_STATS,0, 0, 0, 0, 0, 0, 0, 0, 0, 0, 0
~&SPILL_STATS,0, 0, 0, 0, 0, 2, 0, 0, 0, 0, 2
~&SPILL_STATS,0, 0, 0, 0, 0, 4, 0, 0, 0, 0, 27.5
~&SPILL_STATS,0, 0, 0, 0, 0, 2, 0, 0, 0, 0, 25.3333
~&SPILL_STATS,0, 0, 0, 0, 0, 0, 0, 0, 0, 0, 0
~&SPILL_STATS,0, 0, 0, 0, 0, 0, 0, 0, 0, 0, 0
~&SPILL_STATS,0, 0, 0, 0, 0, 0, 0, 0, 0, 0, 0
~&SPILL_STATS,0, 0, 0, 0, 0, 0, 0, 0, 0, 0, 0
~&SPILL_STATS,0, 0, 0, 0, 0, 1, 0, 0, 0, 0, 32.4762
~&SPILL_STATS,0, 0, 0, 0, 0, 0, 0, 0, 0, 0, 0
~&SPILL_STATS,0, 0, 0, 0, 0, 3, 0, 0, 0, 0, 1.74118
~&SPILL_STATS,0, 0, 0, 0, 0, 1, 0, 0, 0, 0, 1
~&SPILL_STATS,1, 3, 0, 3, 7, 9, 27.9286, 2.85714, 25.25, 31.6429, 39.4286
~&SPILL_STATS,0, 1, 0, 1, 1, 6, 0, 0.499942, 0.499942, 1, 5.14934
~&SPILL_STATS,0, 1, 0, 1, 1, 1, 0, 1, 1, 1, 1
~&SPILL_STATS,0, 0, 0, 0, 0, 2, 0, 0, 0, 0, 40.9
~&SPILL_STATS,0, 0, 0, 0, 0, 2, 0, 0, 0, 0, 40.1176
~&SPILL_STATS,0, 0, 0, 0, 0, 0, 0, 0, 0, 0, 0
~&SPILL_STATS,0, 0, 0, 0, 0, 1, 0, 0, 0, 0, 1
~&SPILL_STATS,19, 3, 0, 4, 0, 2, 21.7344, 1.54688, 1.55469, 0, 18.3984
~&SPILL_STATS,0, 0, 0, 0, 0, 5, 0, 0, 0, 0, 0.155397
~&SPILL_STATS,27, 18, 0, 2, 5, 11, 2.0134, 1.73056, 2, 1.86997, 3.82574
~&SPILL_STATS,0, 0, 0, 0, 0, 0, 0, 0, 0, 0, 0
~&SPILL_STATS,4, 4, 0, 3, 1, 3, 2.56, 4, 1.96, 0.32, 2.64
~&SPILL_STATS,37, 6, 0, 23, 13, 4, 189.941, 22.8824, 92.0196, 28.1961, 1.78431
~&SPILL_STATS,95, 6, 0, 22, 11, 5, 288.274, 42.6275, 94.0784, 27.5686, 2.45098
~&SPILL_STATS,30, 13, 0, 18, 21, 10, 20.5714, 8.28572, 12.2381, 11.5714, 6.85714
~&SPILL_STATS,1, 4, 0, 2, 2, 1, 11.9375, 39.875, 16.4375, 16.4375, 15.9375
~&SPILL_STATS,31, 43, 0, 30, 0, 2, 31, 43, 30, 0, 1
~&SPILL_STATS,0, 0, 0, 0, 0, 3, 0, 0, 0, 0, 14.4211
~&SPILL_STATS,57, 6, 0, 9, 0, 18, 12.9375, 1.09375, 5.375, 0, 5.03125
~&SPILL_STATS,0, 0, 0, 0, 0, 0, 0, 0, 0, 0, 0
~&SPILL_STATS,0, 0, 0, 0, 0, 0, 0, 0, 0, 0, 0
~&SPILL_STATS,16, 14, 0, 16, 0, 0, 16, 14, 16, 0, 0
~&SPILL_STATS,42, 56, 0, 25, 0, 0, 13.8471, 11.6941, 12.4118, 0, 0
~&SPILL_STATS,28, 32, 0, 30, 0, 0, 28, 32, 30, 0, 0
~&SPILL_STATS,28, 32, 0, 30, 0, 0, 28, 32, 30, 0, 0
~&SPILL_STATS,0, 0, 0, 0, 0, 0, 0, 0, 0, 0, 0
~&SPILL_STATS,0, 0, 0, 0, 0, 0, 0, 0, 0, 0, 0
~&SPILL_STATS,0, 0, 0, 0, 0, 0, 0, 0, 0, 0, 0
~&SPILL_STATS,0, 0, 0, 0, 0, 0, 0, 0, 0, 0, 0
~&SPILL_STATS,0, 0, 0, 0, 0, 2, 0, 0, 0, 0, 2
~&SPILL_STATS,0, 0, 0, 0, 0, 0, 0, 0, 0, 0, 0
~&SPILL_STATS,0, 0, 0, 0, 0, 0, 0, 0, 0, 0, 0
~&SPILL_STATS,0, 0, 0, 0, 0, 0, 0, 0, 0, 0, 0
~&SPILL_STATS,0, 0, 0, 0, 0, 0, 0, 0, 0, 0, 0
~&SPILL_STATS,0, 0, 0, 0, 0, 0, 0, 0, 0, 0, 0
~&SPILL_STATS,0, 0, 0, 0, 0, 0, 0, 0, 0, 0, 0
~&SPILL_STATS,31, 0, 0, 7, 0, 3, 20.8021, 0, 2.96354, 0, 9.33333
~&SPILL_STATS,35, 6, 0, 9, 0, 35, 3.04688, 0.351562, 3.35156, 0, 7.16406
~&SPILL_STATS,11, 0, 0, 5, 0, 4, 11, 0, 5, 0, 4
~&SPILL_STATS,12, 10, 0, 4, 0, 9, 2.41016, 0.96875, 1.18555, 0, 3.23438
~&SPILL_STATS,38, 62, 0, 50, 0, 1, 937, 1488, 1011, 0, 32
~&SPILL_STATS,0, 0, 0, 0, 0, 0, 0, 0, 0, 0, 0
~&SPILL_STATS,0, 0, 0, 0, 0, 0, 0, 0, 0, 0, 0
~&SPILL_STATS,0, 0, 0, 0, 0, 0, 0, 0, 0, 0, 0
~&SPILL_STATS,0, 0, 0, 0, 0, 0, 0, 0, 0, 0, 0
~&SPILL_STATS,0, 0, 0, 0, 0, 2, 0, 0, 0, 0, 2
~&SPILL_STATS,0, 0, 0, 0, 0, 2, 0, 0, 0, 0, 1.61765
~&SPILL_STATS,0, 0, 0, 0, 0, 0, 0, 0, 0, 0, 0
~&SPILL_STATS,42, 23, 0, 21, 0, 0, 4.45092, 2.84875, 3.76813, 0, 0
~&SPILL_STATS,20, 11, 0, 7, 0, 1, 15.3047, 10.6211, 8.15234, 0, 0.882812
~&SPILL_STATS,25, 19, 0, 17, 0, 3, 29.5433, 16.2362, 23.8032, 0, 1.12598
~&SPILL_STATS,125, 23, 0, 46, 36, 16, 361.565, 9.21521, 44.2142, 334.579, 233.362
~&SPILL_STATS,2, 2, 0, 2, 1, 5, 0.999998, 0.999998, 0.999999, 0.499999, 3.5
~&SPILL_STATS,1, 3, 0, 1, 0, 3, 1, 2, 1, 0, 3
~&SPILL_STATS,0, 0, 0, 0, 0, 0, 0, 0, 0, 0, 0
~&SPILL_STATS,2, 5, 0, 1, 0, 4, 2, 4, 1, 0, 4
~&SPILL_STATS,19, 4, 0, 2, 1, 2, 9.51559, 21.6244, 1.625, 0.624999, 20.9993
~&SPILL_STATS,25, 1, 0, 1, 2, 1, 472.333, 1, 1, 20.625, 400
~&SPILL_STATS,0, 0, 0, 0, 0, 1, 0, 0, 0, 0, 0.5
~&SPILL_STATS,207, 82, 0, 71, 67, 12, 2.37566e+06, 1.47607e+06, 254511, 225211, 293970
~&SPILL_STATS,0, 2, 0, 1, 1, 9, 0, 13.36, 0.6, 0.6, 84.48
~&SPILL_STATS,0, 2, 0, 1, 1, 5, 0, 13.36, 0.6, 0.6, 43.68
~&SPILL_STATS,0, 0, 0, 0, 0, 2, 0, 0, 0, 0, 10.52
~&SPILL_STATS,83, 54, 0, 28, 37, 55, 3859.12, 852.758, 664.334, 747.946, 3385.27
~&SPILL_STATS,40, 4, 0, 5, 2, 7, 2224.55, 41.9987, 281.157, 20.6243, 568.274
~&SPILL_STATS,0, 0, 0, 0, 0, 3, 0, 0, 0, 0, 15.625
~&SPILL_STATS,59, 33, 0, 30, 8, 14, 981.923, 564.308, 184.212, 39.0769, 924.654
~&SPILL_STATS,0, 0, 0, 0, 0, 2, 0, 0, 0, 0, 25.3333
~&SPILL_STATS,0, 0, 0, 0, 0, 1, 0, 0, 0, 0, 1
~&SPILL_STATS,23, 10, 0, 20, 0, 5, 225.375, 78.0625, 131.688, 0, 79.6875
