Comando: /home/mpvreal/Code/Faculdade/tcc/llvm/build/bin/llc --march=x86 --regalloc=greedy -o -
Heurística: div(cost,mul(area,pow(degree,2)))
function@_Z8clear_ttv,0,0,0,0,0,0,0,0,0,0,0
function@_Z11clear_dp_ttv,0,0,0,0,0,0,0,0,0,0,0
function@_Z18initialize_zobristP7state_t,0,0,0,0,0,28,0,0,0,0,892.5
function@_Z15initialize_hashP7state_t,3,0,0,3,2,1,23.625,0,23.625,2,31.875
function@_Z7StoreTTP7state_tiiijiiii,11,6,0,6,0,14,4.1875,2.125,3.5,0,4.75
function@_Z7ProbeTTP7state_tPiiiPjS1_S1_S1_S1_i,0,0,0,0,0,3,0,0,0,0,1.88235
function@_Z10alloc_hashv,0,0,0,0,0,3,0,0,0,0,3
function@_Z9free_hashv,0,0,0,0,0,0,0,0,0,0,0
function@_Z4makeP7state_ti,85,2,0,38,0,19,20.4788,1.5,21.7622,0,8.78176
function@_Z6unmakeP7state_ti,9,3,0,8,0,8,5.61765,2.25,8,0,4.31373
function@_Z14setup_epd_lineP11gamestate_tP7state_tPKc,27,0,0,15,10,25,120.203,0,17.3281,6,190.195
function@_Z14check_solutionP7state_tPci,0,0,0,0,0,3,0,0,0,0,1.85938
function@_Z17run_epd_testsuiteP11gamestate_tP7state_tPKc,0,0,0,0,0,2,0,0,0,0,13.5
function@_Z15position_to_fenP7state_tPc,4,1,0,3,0,6,63.2235,32.1176,96.353,0,119.059
function@_Z5scaleiii,0,0,0,0,0,0,0,0,0,0,0
function@_Z16static_pawn_evalP7state_t,188,58,0,111,6,82,196.048,123.522,267.129,3.46484,161.897
function@_Z7qsearchP7state_tiiii,26,25,0,28,9,58,4.60379,4.59071,3.07248,0.396182,15.1276
function@_ZL17search_time_checkP7state_t,0,0,0,0,0,2,0,0,0,0,2
function@_ZL16fast_order_movesP7state_tPiS1_ij,14,0,0,5,0,7,40,0,7.60294,0,58.3088
function@_ZL15remove_one_fastPiS_S_i,7,0,0,3,0,8,8.61176,0,0.988235,0,11
function@_Z6searchP7state_tiiiii,140,102,0,81,35,116,0.394525,0.341749,0.345876,0.0994339,1.20833
function@_ZL11order_movesP7state_tPiS1_ij,44,7,0,19,0,9,73.3333,5.22917,42.7083,0,76.2917
function@_ZL12history_goodP7state_tii,4,0,0,3,0,28,1,0,0.875,0,194.438
function@_Z14rootmovesearchP7state_tiiiii,0,0,0,0,0,0,0,0,0,0,0
function@_Z11search_rootP7state_tiii,47,30,0,19,11,31,90.097,64.9217,79.6942,19.11,138.112
function@_Z21reset_search_countersP7state_t,0,0,0,0,0,0,0,0,0,0,0
function@_Z17reset_search_dataP7state_t,0,0,0,0,0,0,0,0,0,0,0
function@_Z5thinkP11gamestate_tP7state_t,16,2,0,10,1,22,25.373,0.343768,11.4104,0.429688,37.3026
function@_Z8PopCounty,0,0,0,0,0,0,0,0,0,0,0
function@_Z9FindFirsty,0,0,0,0,0,0,0,0,0,0,0
function@_Z15FindFirstRemovePy,0,0,0,0,0,2,0,0,0,0,2
function@_Z8FindLasty,0,0,0,0,0,4,0,0,0,0,3
function@_Z13ThickPopCounty,0,0,0,0,0,0,0,0,0,0,0
function@_Z5fevalP7state_tiP12t_eval_comps,149,83,0,118,24,104,393.862,487.5,660.562,27.875,795.68
function@_Z4evalP7state_tiii,6,1,0,5,0,14,3.61618,0.890137,4.45068,0,10.2324
function@_Z13retrieve_evalP7state_t,0,0,0,0,0,1,0,0,0,0,1
function@_Z4ranki,0,0,0,0,0,0,0,0,0,0,0
function@_Z4filei,0,0,0,0,0,0,0,0,0,0,0
function@_Z8sum_distii,0,0,0,0,0,4,0,0,0,0,4
function@_Z12taxicab_distii,0,0,0,0,0,4,0,0,0,0,4
function@_Z16taxicab_dist_bitii,0,0,0,0,0,4,0,0,0,0,4
function@_Z11check_phaseP11gamestate_tP7state_t,5,0,0,0,4,5,1.25,0,0,4.58333,7.29167
function@_Z11check_legalP7state_ti,0,0,0,0,0,1,0,0,0,0,10.5
function@_Z20check_castle_blockerP7state_ti,12,4,0,4,0,65,3.51496,6.45039,0.8,0,54.5559
function@_Z3seeP7state_tiiii,25,4,0,19,17,26,257.588,31.1027,138.876,77.6021,108.132
function@_Z9gen_quietP7state_tPi,11,10,0,2,0,19,3,122,2,0,75.5
function@_Z11add_capturePiiiiii,0,0,0,0,0,0,0,0,0,0,0
function@_Z8add_movePiiii,0,0,0,0,0,0,0,0,0,0,0
function@_Z15add_king_castlePiiii,0,0,0,0,0,0,0,0,0,0,0
function@_Z3genP7state_tPi,7,9,0,7,2,26,4.375,121.375,5.75,2,122.277
function@_Z12gen_capturesP7state_tPi,15,11,0,5,0,15,29.626,122.25,3,0,110.301
function@_Z15gen_good_checksP7state_tPi,3,14,0,10,0,5,21.375,1800,10,0,860
function@_Z16gen_check_blocksP7state_tPii,5,11,0,11,1,14,3,65,7.75,0.5,66.625
function@_Z12gen_evasionsP7state_tPii,0,0,0,0,0,0,0,0,0,0,0
function@_Z8psq_evalP7state_tP12t_eval_comps,0,0,0,0,0,0,0,0,0,0,0
function@_Z14init_psq_scoreP7state_t,0,0,0,0,0,0,0,0,0,0,0
function@_Z18preprocess_preparev,0,0,0,0,0,3,0,0,0,0,2079.62
function@_Z13PrintBitboardy,0,0,0,0,0,4,0,0,0,0,127.5
function@_Z17PrintRotBitboardsP7state_t,0,0,0,0,0,4,0,0,0,0,127.5
function@_Z17PrintAllBitboardsP7state_t,0,0,0,0,0,52,0,0,0,0,1657.5
function@_Z22SetupPrecalculatedDatav,268,126,0,204,16,301,4615.08,2918,2772.83,202.5,10961.3
function@_Z16SetupCastleMasksP7state_t,0,0,0,0,0,0,0,0,0,0,0
function@_Z11RankAttacksyj,0,0,0,0,0,6,0,0,0,0,6
function@_Z11FileAttacksyj,0,0,0,0,0,8,0,0,0,0,8
function@_Z15DiagonalAttacksyj,0,0,0,0,0,3,0,0,0,0,3
function@_Z15AntiDiagAttacksyj,0,0,0,0,0,3,0,0,0,0,3
function@_Z13BishopAttacksP7state_ti,1,2,0,3,0,9,1,2,3,0,9
function@_Z11RookAttacksP7state_ti,4,0,0,2,0,6,4,0,2,0,6
function@_Z12elo_to_depthi,0,0,0,0,0,0,0,0,0,0,0
function@_Z14elo_to_blunderi,0,0,0,0,0,0,0,0,0,0,0
function@_Z12compact_movei,0,0,0,0,0,3,0,0,0,0,3
function@_Z4logLi,0,0,0,0,0,2,0,0,0,0,16.4375
function@_Z13allocate_timeP11gamestate_ti,0,0,0,0,0,5,0,0,0,0,0.897059
function@_Z11comp_to_sanP7state_tiPc,9,15,0,8,0,16,0.54717,8.60368,3.78135,0,18.3471
function@_Z13comp_to_coordP7state_tiPc,0,11,0,2,0,12,0,0.93865,1.25153,0,4.81595
function@_Z13display_boardP7state_ti,0,0,0,0,0,3,0,0,0,0,47.8125
function@_Z8myprintfPKcz,0,0,0,0,0,1,0,0,0,0,0.625
function@_Z9init_gameP11gamestate_tP7state_t,0,0,0,0,0,0,0,0,0,0,0
function@_Z18reset_piece_squareP7state_t,0,0,0,0,0,2,0,0,0,0,63.75
function@_Z7is_movePc,0,0,0,0,0,0,0,0,0,0,0
function@_Z20extract_current_pathP7state_t,0,0,0,0,0,4,0,0,0,0,58
function@_Z19extract_ponder_moveP7state_t,1,1,0,2,0,6,10,10,0.625,0,41.1953
function@_Z24extract_current_bestlineP7state_t,0,0,0,0,0,0,0,0,0,0,0
function@_ZL15hash_extract_pvP7state_tiPc,5,2,0,4,1,8,3.41394,3.49206,2.19841,0.507936,30.9834
function@_Z12stringize_pvP7state_tPc,0,0,0,0,0,0,0,0,0,0,0
function@_Z13post_thinkingP7state_tiiPci,0,2,0,2,0,4,0,0.3125,0.3125,0,1.125
function@_Z16post_fh_thinkingP7state_tiiPci,0,3,0,2,0,7,0,0.46875,0.46875,0,1.40625
function@_Z16post_fl_thinkingP7state_tiiPci,0,4,0,3,0,6,0,0.625,0.625,0,1.25
function@_Z21post_multipv_thinkingP7state_tiii,4,4,0,8,0,15,392,128.75,280.75,0,558
function@_Z6rinputPciP8_IO_FILE,0,0,0,0,0,7,0,0,0,0,29.875
function@_Z12verify_coordP7state_tPcPi,0,0,0,0,0,3,0,0,0,0,22
function@_Z17input_causes_stopv,0,0,0,0,0,8,0,0,0,0,2.27344
function@_Z11reset_boardP7state_t,0,0,0,0,0,0,0,0,0,0,0
function@_Z15make_text_movesP11gamestate_tP7state_tPc,1,0,0,1,0,4,6.45616,0,0.625,0,20.2018
function@_Z8myrandomv,0,0,0,0,0,1,0,0,0,0,1
function@_Z7mysrandj,0,0,0,0,0,0,0,0,0,0,0
function@main,0,0,0,0,0,0,0,0,0,0,0
function@_Z7is_drawP11gamestate_tP7state_t,2,3,0,4,0,3,0.625,7.03409,0.886364,0,2.29545
function@_Z21insufficient_materialP7state_t,0,0,0,0,0,0,0,0,0,0,0
function@_Z11is_attackedP7state_tii,8,18,0,8,0,7,0.116434,0.198601,0.176923,0,1.10385
function@_Z8in_checkP7state_t,0,0,0,0,0,0,0,0,0,0,0
function@_Z10attacks_toP7state_ti,12,5,0,12,5,8,9,3.09524,10,4.2381,5.33333
function@_Z14drawn_endgamesP7state_tiii,95,3,0,49,15,120,3.18079,0.0538702,5.03595,0.199348,5.09841
function@_Z15init_parametersP11gamestate_t,0,0,0,0,0,0,0,0,0,0,0
