Comando: /home/mpvreal/Code/Faculdade/tcc/llvm/build/bin/llc --march=x86 --regalloc=greedy -o -
Heurística: original
function@main,76,42,0,74,54,69,0.172536,0.131679,1.64217,5.00971,37.4781
function@Help,4,0,0,2,0,2,2,0,2,0,2
function@x264_adaptive_quant_frame,46,13,0,23,9,43,697.824,261.687,298.107,143.37,635.42
function@x264_macroblock_tree_read,6,0,0,5,0,10,8.8731,0,1.42883,0,15.3636
function@x264_reference_build_list_optimal,3,3,0,6,2,8,80,208,90,6,260
function@x264_ratecontrol_init_reconfigurable,7,3,0,7,0,1,1.26974,0.677632,1.35197,0,0.148026
function@x264_ratecontrol_new,96,29,0,53,1,72,21.711,79.5291,7.19798,0.000710106,135.259
function@x264_strcat_filename,0,0,0,0,0,5,0,0,0,0,5
function@init_pass2,232,49,0,137,13,127,17000.9,6807.86,9868.69,51.1846,13134.4
function@x264_ratecontrol_summary,0,1,0,2,0,0,0,0.154412,0.147059,0,0
function@x264_ratecontrol_delete,0,0,0,0,0,2,0,0,0,0,20.45
function@x264_ratecontrol_start,26,1,0,12,2,14,6.13406,0.0527343,6.34541,0.210526,30.023
function@rate_estimate_qscale,78,23,0,65,0,36,116.913,15.5876,42.3592,0,22.229
function@x264_ratecontrol_mb,21,9,0,21,0,18,4.11699,4.05609,1.7516,0,6.4391
function@predict_row_size_sum,13,2,0,9,0,18,70.0714,4.26191,39.1667,0,108.333
function@x264_ratecontrol_qp,0,0,0,0,0,0,0,0,0,0,0
function@x264_ratecontrol_mb_qp,0,0,0,0,0,0,0,0,0,0,0
function@x264_ratecontrol_slice_type,0,0,0,0,0,2,0,0,0,0,7.26471
function@x264_ratecontrol_set_weights,0,0,0,0,0,0,0,0,0,0,0
function@x264_ratecontrol_end,16,1,0,17,1,27,6.44545,0.287739,6.41604,0.208333,16.5228
function@x264_hrd_fullness,2,0,0,2,0,0,1.5,0,1.5,0,0
function@x264_threads_normalize_predictors,1,0,0,1,0,9,0.625,0,0.625,0,71.175
function@x264_threads_distribute_ratecontrol,18,7,0,15,0,56,106.321,199.366,76.4664,0,857.72
function@x264_threads_merge_ratecontrol,21,9,0,18,2,31,152.125,235.096,88.2868,0.441176,918.235
function@x264_thread_sync_ratecontrol,0,0,0,0,0,0,0,0,0,0,0
function@clip_qscale,43,11,0,28,0,17,59.7609,24.6673,13.1103,0,40.1527
function@x264_mb_encode_i4x4,0,0,0,0,0,3,0,0,0,0,1.48438
function@x264_mb_encode_i8x8,0,0,0,0,0,6,0,0,0,0,4.10938
function@x264_mb_encode_8x8_chroma,35,21,0,16,4,29,260.514,165.5,150.661,20.9795,248.111
function@x264_mb_optimize_chroma_dc,10,2,0,8,6,7,406.333,2.60784,19.2353,4.23529,103.588
function@x264_predict_lossless_8x8_chroma,0,0,0,0,0,0,0,0,0,0,0
function@x264_predict_lossless_4x4,0,0,0,0,0,0,0,0,0,0,0
function@x264_predict_lossless_8x8,0,0,0,0,0,1,0,0,0,0,1
function@x264_predict_lossless_16x16,0,0,0,0,0,0,0,0,0,0,0
function@x264_macroblock_encode,40,54,0,24,16,43,12.9713,16.6995,11.8877,2.8965,26.6299
function@x264_macroblock_probe_skip,11,8,0,16,0,16,54.6388,15.4322,23.2809,0,57.0742
function@x264_noise_reduction_update,28,8,0,14,2,39,58.9375,38.9375,11,1,193.688
function@x264_macroblock_encode_p8x8,26,24,0,18,9,23,4.98674,4.69572,8.21704,0.689117,8.79102
function@x264_macroblock_encode_p4x4,0,1,0,1,0,1,0,0.234375,0.375,0,0.625
function@x264_lookahead_init,1,3,0,2,1,12,0.390465,14.4526,1.01509,0.194931,54.0392
function@x264_lookahead_delete,0,0,0,0,0,0,0,0,0,0,0
function@x264_lookahead_put_frame,0,0,0,0,0,0,0,0,0,0,0
function@x264_lookahead_is_empty,0,0,0,0,0,0,0,0,0,0,0
function@x264_lookahead_get_frames,0,0,0,0,0,0,0,0,0,0,0
function@x264_me_search_ref,757,243,0,400,17,330,1729.86,781.92,597.98,3.50332,888.698
function@refine_subpel,203,75,0,84,8,76,172.109,54.7821,93.8555,10.2004,68.5801
function@x264_me_refine_qpel,0,0,0,0,0,0,0,0,0,0,0
function@x264_me_refine_qpel_refdupe,0,0,0,0,0,2,0,0,0,0,2
function@x264_me_refine_bidir_satd,0,0,0,0,0,0,0,0,0,0,0
function@x264_me_refine_bidir,89,62,0,56,13,35,719.521,397.037,514.206,7.30883,172.998
function@x264_me_refine_bidir_rd,0,0,0,0,0,1,0,0,0,0,1
function@x264_me_refine_qpel_rd,183,79,0,102,5,85,43.3474,25.5291,40.6026,0.706135,32.4639
function@x264_sps_init,0,0,0,0,0,2,0,0,0,0,2
function@x264_sps_write,285,25,0,104,0,385,137.856,13.2893,63.3037,0,196.189
function@x264_pps_init,18,0,0,3,15,9,4.44706,0,0.741176,1.41176,64.4353
function@x264_pps_write,18,5,0,24,0,94,8.85714,5,14.4286,0,64.4643
function@scaling_list_write,29,2,0,11,0,28,46.9265,0.676471,11.9118,0,49.1765
function@x264_sei_recovery_point_write,1,1,0,2,0,18,1,1,2,0,14
function@x264_sei_write_header,1,0,0,1,0,6,0.32,0,0.64,0,3.92
function@x264_sei_write,0,0,0,0,0,12,0,0,0,0,8.25
function@x264_sei_version_write,18,1,0,13,0,32,28.6173,0.395062,16.2099,0,83.7037
function@x264_sei_buffering_period_write,3,1,0,3,0,21,1.96,1,3,0,14.8
function@x264_sei_pic_timing_write,2,0,0,3,0,11,1.88,0,1.88,0,8.4
function@x264_filler_write,0,0,0,0,0,8,0,0,0,0,42.9062
function@x264_validate_levels,6,3,0,3,4,9,3.46875,2.21875,3,1.48438,5.96875
function@x264_encoder_open_96,10,5,0,11,1,25,0.279596,0.0375341,0.658148,1.01328e-05,4.1612
function@x264_validate_parameters,4,1,0,4,0,16,0.0523553,0.016917,0.116961,0,2.27928
function@x264_set_aspect_ratio,0,1,0,1,0,3,0,0.146484,0.390625,0,13.5
function@mbcmp_init,0,0,0,0,0,0,0,0,0,0,0
function@x264_encoder_reconfig,0,0,0,0,0,9,0,0,0,0,5.74118
function@x264_encoder_parameters,0,0,0,0,0,0,0,0,0,0,0
function@x264_encoder_headers,0,0,0,0,0,10,0,0,0,0,6.27184
function@x264_nal_start,0,0,0,0,0,0,0,0,0,0,0
function@x264_nal_end,0,0,0,0,0,4,0,0,0,0,3.5
function@x264_encoder_encapsulate_nals,23,6,0,16,1,53,94.2381,53.5714,59.3333,0.309524,410.452
function@x264_weighted_reference_duplicate,0,0,0,0,0,1,0,0,0,0,0.5
function@x264_encoder_intra_refresh,0,0,0,0,0,0,0,0,0,0,0
function@x264_encoder_encode,171,25,0,34,25,97,155.297,89.2322,16.8944,1.37268,82.0662
function@x264_encoder_frame_end,43,8,0,27,0,68,244.636,1.43615,10.5309,0,376.286
function@x264_reference_check_reorder,0,0,0,0,0,4,0,0,0,0,16.1905
function@x264_threaded_slices_write,40,6,0,18,2,40,1085.73,43.975,125.25,10.525,2967.9
function@x264_slices_write,146,40,0,113,8,355,778.515,408.748,635.495,12.5835,2158
function@x264_encoder_close,139,93,0,219,4,62,51898.6,13508.8,41496.9,21.7656,28967.1
function@x264_encoder_delayed_frames,0,2,0,1,0,5,0,10.7742,0.483871,0,35.4516
function@x264_slice_header_init,0,2,0,2,0,8,0,25.0941,1.01176,0,77.2824
function@x264_fdec_filter_row,20,16,0,20,3,18,36.6569,12.8824,30.951,2.37255,28.1471
function@x264_macroblock_write_cavlc,97,2,0,51,1,251,29.0285,8.50142,24.6223,0.26048,107.783
function@bs_write_ue,0,0,0,0,0,4,0,0,0,0,3
function@bs_write_te,0,0,0,0,0,4,0,0,0,0,2
function@cavlc_mb_mvd,1,0,0,1,0,9,1,0,1,0,7
function@block_residual_write_cavlc,42,5,0,22,3,30,166,2.75,87.75,3,92.25
function@block_residual_write_cavlc_escape,5,2,0,5,0,22,2.48031,1.49606,3.48819,0,13.378
function@x264_cabac_mb_skip,0,1,0,0,1,0,0,0.5,0,0.5,0
function@x264_macroblock_write_cabac,32,21,0,34,16,194,15.2051,13.5915,19.7188,1.1493,122.29
function@x264_cabac_mb_ref,0,1,0,1,0,3,0,1,1,0,41.5714
function@x264_cabac_mb_mvd,1,0,0,1,0,5,1,0,1,0,5
function@block_residual_write_cabac,23,12,0,13,0,11,201.889,132.584,166.5,0,78.5681
function@x264_cabac_mb_type_intra,0,0,0,0,0,3,0,0,0,0,2.24706
function@x264_cabac_mb_mvd_cpn,1,0,0,1,0,12,5,0,0.156863,0,28.4706
function@x264_rd_cost_part,17,30,0,37,0,55,7.45605,1.78602,9.53613,0,47.5921
function@x264_rd_cost_mb,106,6,0,18,1,61,10.9188,4.01367,8.06771,0.375,17.9128
function@ssd_plane,22,1,0,11,0,14,1.96703,0.043956,1.14286,0,3.02747
function@x264_rdo_init,23,1,0,22,1,36,2685.12,8191.88,1103.25,15.875,24507.5
function@x264_quant_dc_trellis,0,0,0,0,0,2,0,0,0,0,1.5
function@quant_trellis_cabac,75,23,0,59,15,69,7961.73,2732.38,1665.42,66.7302,11837.8
function@x264_quant_4x4_trellis,0,1,0,1,0,2,0,1,1,0,2
function@x264_quant_8x8_trellis,0,0,0,0,0,2,0,0,0,0,2
function@x264_analyse_init_costs,8,5,0,3,8,31,7.82272,8.49246,0.495809,0.991199,41.2791
function@x264_analyse_free_costs,0,0,0,0,0,2,0,0,0,0,63.75
function@x264_analyse_weight_frame,5,4,0,7,2,2,7,9.7,1.92,0.32,10.24
function@x264_macroblock_analyse,208,53,0,165,16,239,182.805,170.511,80.1186,8.60404,343.834
function@x264_mb_analyse_intra,66,21,0,31,7,39,2086.12,753.94,450.325,12.5469,779.198
function@x264_intra_rd,0,0,0,0,0,12,0,0,0,0,6.78125
function@x264_intra_rd_refine,97,36,0,91,23,71,4671.36,2575.16,4862.61,173.057,3842.51
function@x264_mb_analyse_init_qp,0,0,0,0,0,0,0,0,0,0,0
function@x264_mb_analyse_inter_p8x8_mixed_ref,34,8,0,18,1,15,15503.6,11104,357.763,32,9831.49
function@x264_mb_analyse_inter_p8x8,19,4,0,13,4,6,510.429,129.905,232.952,34.8571,163.381
function@x264_mb_cache_mv_p8x8,0,0,0,0,0,3,0,0,0,0,2.4
function@x264_mb_analyse_inter_p16x8,20,5,0,11,0,6,328.421,72.7579,175.463,0,88.2316
function@x264_mb_analyse_inter_p8x16,20,4,0,11,0,8,301.474,61.9789,185.242,0,120.232
function@x264_mb_analyse_intra_chroma,7,0,0,1,0,4,16.6562,0,1,0,9
function@x264_mb_analyse_transform_rd,0,0,0,0,0,7,0,0,0,0,3.03846
function@x264_analyse_update_cache,0,0,0,0,0,38,0,0,0,0,4.82102
function@x264_mb_analyse_b_rd,0,0,0,0,0,23,0,0,0,0,7.4375
function@x264_mb_analyse_inter_b8x8_mixed_ref,49,17,0,21,0,18,12628.8,8416,1676.15,0,6656
function@x264_mb_analyse_inter_b8x8,34,10,0,26,0,12,1088,320,677,0,353
function@x264_mb_analyse_inter_b16x8,56,16,0,23,1,10,746.944,178.794,221.302,15.254,131.032
function@x264_mb_analyse_inter_b8x16,34,6,0,15,1,21,430.73,56.8889,213.302,15.254,203.944
function@x264_refine_bidir,0,0,0,0,0,2,0,0,0,0,2
function@x264_weight_plane_analyse,10,4,0,10,6,6,1333.71,346.357,368.571,2,4.61905
function@x264_weights_analyse,55,22,0,50,1,22,27124.3,10127.7,16472.6,0.183105,3820.09
function@x264_slicetype_frame_cost,30,2,0,12,0,24,464.06,0.173828,8.37305,0,1434.69
function@x264_slicetype_analyse,110,42,0,77,9,162,11497.9,2156.84,1271.27,21.3457,5764.39
function@scenecut,11,2,0,5,1,10,31.925,6.775,2.8,6.375,133.075
function@x264_slicetype_decide,32,13,0,20,1,27,89.1409,47.9834,47.5753,0.3125,168.572
function@x264_rc_analyse_slice,22,2,0,18,2,14,224.455,32.3655,72.3517,31.4414,73.7034
function@x264_slicetype_frame_cost_recalculate,6,0,0,4,3,2,906.286,0,15.2857,315.667,127.952
function@x264_macroblock_size_cabac,300,30,0,41,29,237,116.891,23.6545,25.074,5.04948,118.039
function@x264_cabac_mb_ref,0,0,0,0,0,5,0,0,0,0,11.48
function@x264_cabac_mb8x8_mvd,14,9,0,13,0,36,2.8,1.8,3.2,0,8
function@x264_cabac_mb_mvd_cpn,7,3,0,8,2,9,12.8137,5.15686,5.70588,2.57843,7.86275
function@block_residual_write_cabac_internal,35,8,0,13,3,21,118.746,48.6349,76.619,0.968254,129.127
function@cavlc_mb_mvd,0,0,0,0,0,2,0,0,0,0,2
function@cavlc_mb8x8_mvd,0,0,0,0,0,4,0,0,0,0,2.4
function@block_residual_write_cavlc,31,2,0,10,0,19,35.1875,16.75,19.625,0,75.25
function@x264_macroblock_luma_write_cavlc,5,2,0,4,1,13,36.25,31.9375,21.5,0.5,74.125
function@x264_rd_cost_i8x8_chroma,7,1,0,8,0,34,2.45483,1,4.125,0,23.6333
function@x264_mb_analyse_inter_p4x4_chroma,28,39,0,18,1,14,10.6667,13.3333,10.2917,0.375,8
function@x264_mb_cache_mv_b8x8,3,0,0,2,0,9,0.926471,0,1.30882,0,5.61765
function@x264_slicetype_mb_cost,64,30,0,35,7,45,73.6484,79,49.3125,2.5,48.7969
function@scenecut_internal,7,2,0,7,0,6,3.96471,2,5.48235,0,4.68235
function@x264_macroblock_tree_propagate,115,17,0,47,1,31,4745.75,791.047,2718.69,1,1666.44
function@mk_create_writer,0,0,0,0,0,6,0,0,0,0,8.49425
function@mk_create_context,0,0,0,0,0,2,0,0,0,0,2
function@mk_writeHeader,12,0,0,1,0,56,0.492652,0,0.322266,0,27.508
function@mk_write_uint,1,0,0,1,0,14,0.12207,0,0.195312,0,14.3781
function@mk_write_string,0,1,0,1,0,9,0,0.307692,0.384615,0,13.5231
function@mk_close_context,2,0,0,2,0,4,0.147727,0,0.238636,0,6.875
function@mk_flush_context_id,1,0,0,1,0,3,0.123077,0,0.184615,0,8.29231
function@mk_write_float,0,0,0,0,0,5,0,0,0,0,41.4375
function@mk_write_bin,1,0,0,1,0,10,0.16,0,0.24,0,30.2
function@mk_flush_context_data,2,0,0,2,0,3,0.238532,0,0.385321,0,7.48624
function@mk_start_frame,0,0,0,0,0,1,0,0,0,0,1
function@mk_flush_frame,6,0,0,5,0,13,0.37732,0,0.8,0,18.3773
function@mk_set_frame_flags,0,0,0,0,0,0,0,0,0,0,0
function@mk_add_frame_data,0,0,0,0,0,3,0,0,0,0,10.5868
function@mk_close,6,1,0,6,0,9,1.72093,0.15814,2.32558,0,56.4419
function@mk_close_cluster,2,1,0,3,0,3,0.215569,0.11976,0.461078,0,4.4491
function@mk_write_id,3,0,0,3,0,13,0.775031,0,1.05192,0,19.5352
function@mk_write_size,5,0,0,4,0,9,0.175953,0,0.247801,0,18.3856
function@open_file,0,0,0,0,0,2,0,0,0,0,2
function@set_param,0,3,0,3,0,23,0,1.5,1.5,0,89.3823
function@write_headers,6,7,0,11,1,4,0.498952,0.5587,1.5021,0.0953878,0.430818
function@write_frame,0,0,0,0,0,0,0,0,0,0,0
function@close_file,0,0,0,0,0,2,0,0,0,0,2
function@open_file,0,0,0,0,0,0,0,0,0,0,0
function@write_headers,0,0,0,0,0,1,0,0,0,0,1
function@write_frame,0,0,0,0,0,1,0,0,0,0,1
function@close_file,0,0,0,0,0,0,0,0,0,0,0
function@dbl2int,0,0,0,0,0,0,0,0,0,0,0
function@x264_put_byte,0,0,0,0,0,1,0,0,0,0,16.36
function@flv_append_data,0,0,0,0,0,1,0,0,0,0,16.2381
function@x264_put_be32,0,0,0,0,0,9,0,0,0,0,67.1429
function@x264_put_be64,0,0,0,0,0,0,0,0,0,0,0
function@x264_put_be16,0,0,0,0,0,3,0,0,0,0,32.6667
function@x264_put_be24,0,0,0,0,0,7,0,0,0,0,50.7143
function@x264_put_tag,0,0,0,0,0,1,0,0,0,0,341.25
function@x264_put_amf_string,3,0,0,1,0,6,0.809524,0,1,0,50.0952
function@x264_put_amf_double,0,0,0,0,0,1,0,0,0,0,16.36
function@flv_create_writer,0,0,0,0,0,3,0,0,0,0,2.38235
function@rewrite_amf_be24,0,0,0,0,0,1,0,0,0,0,1
function@flv_flush_data,0,0,0,0,0,1,0,0,0,0,0.64
function@open_file,0,0,0,0,0,3,0,0,0,0,2.61765
function@set_param,1,0,0,1,0,0,1,0,1,0,0
function@write_headers,2,1,0,2,0,2,1.2381,0.619048,1.61905,0,2
function@write_frame,8,3,0,11,0,3,3.40092,0.700461,7.58064,0,2.03687
function@close_file,8,1,0,7,0,2,4.76562,0.390625,4.14062,0,1.25
function@open_file,0,0,0,0,0,1,0,0,0,0,1
function@get_frame_total,0,0,0,0,0,0,0,0,0,0,0
function@read_frame,0,0,0,0,0,2,0,0,0,0,1.5
function@release_frame,0,0,0,0,0,0,0,0,0,0,0
function@close_file,0,0,0,0,0,0,0,0,0,0,0
function@open_file,0,0,0,0,0,2,0,0,0,0,2
function@get_frame_total,0,0,0,0,0,4,0,0,0,0,4
function@read_frame,0,0,0,0,0,7,0,0,0,0,4.5
function@close_file,0,0,0,0,0,0,0,0,0,0,0
function@open_file,123,37,0,60,7,85,65.788,106.511,12.8154,1.94954,209.492
function@get_frame_total,0,0,0,0,0,0,0,0,0,0,0
function@read_frame,0,0,0,0,0,3,0,0,0,0,3
function@release_frame,0,0,0,0,0,0,0,0,0,0,0
function@close_file,0,0,0,0,0,0,0,0,0,0,0
function@correct_fps,5,3,0,8,0,16,29.5286,28.1857,4.71429,0,141.9
function@try_mkv_timebase_den,6,1,0,6,0,12,87.1517,18.8436,59.1564,0,1287.74
function@open_file,2,0,0,2,2,19,0.0744047,0,0.102306,0.0744047,15.2363
function@get_frame_total,0,1,0,1,0,6,0,1,1,0,6
function@read_frame,0,0,0,0,0,5,0,0,0,0,1.89284
function@close_file,0,0,0,0,0,0,0,0,0,0,0
function@x264_pixel_ssd_wxh,42,14,0,41,11,44,3040.82,904.941,1192.63,611.392,2104.73
function@x264_pixel_ssim_wxh,23,7,0,24,0,23,9317.22,4494.11,934.905,0,13663.6
function@x264_pixel_init,0,0,0,0,0,0,0,0,0,0,0
function@x264_pixel_sad_16x16,0,0,0,0,0,0,0,0,0,0,0
function@x264_pixel_sad_16x8,0,0,0,0,0,0,0,0,0,0,0
function@x264_pixel_sad_8x16,0,0,0,0,0,0,0,0,0,0,0
function@x264_pixel_sad_8x8,0,0,0,0,0,0,0,0,0,0,0
function@x264_pixel_sad_8x4,0,0,0,0,0,0,0,0,0,0,0
function@x264_pixel_sad_4x8,0,0,0,0,0,0,0,0,0,0,0
function@x264_pixel_sad_4x4,0,0,0,0,0,0,0,0,0,0,0
function@x264_pixel_sad_x3_16x16,0,0,0,0,0,0,0,0,0,0,0
function@x264_pixel_sad_x3_16x8,0,0,0,0,0,0,0,0,0,0,0
function@x264_pixel_sad_x3_8x16,0,0,0,0,0,4,0,0,0,0,96.625
function@x264_pixel_sad_x3_8x8,0,0,0,0,0,0,0,0,0,0,0
function@x264_pixel_sad_x3_8x4,0,0,0,0,0,0,0,0,0,0,0
function@x264_pixel_sad_x3_4x8,0,0,0,0,0,0,0,0,0,0,0
function@x264_pixel_sad_x3_4x4,0,0,0,0,0,59,0,0,0,0,59
function@x264_pixel_sad_x4_16x16,0,0,0,0,0,0,0,0,0,0,0
function@x264_pixel_sad_x4_16x8,0,0,0,0,0,0,0,0,0,0,0
function@x264_pixel_sad_x4_8x16,0,0,0,0,0,5,0,0,0,0,128.5
function@x264_pixel_sad_x4_8x8,0,0,0,0,0,0,0,0,0,0,0
function@x264_pixel_sad_x4_8x4,0,0,0,0,0,0,0,0,0,0,0
function@x264_pixel_sad_x4_4x8,0,0,0,0,0,0,0,0,0,0,0
function@x264_pixel_sad_x4_4x4,0,0,0,0,0,80,0,0,0,0,80
function@x264_pixel_ssd_16x16,0,0,0,0,0,0,0,0,0,0,0
function@x264_pixel_ssd_16x8,0,0,0,0,0,1,0,0,0,0,1
function@x264_pixel_ssd_8x16,0,0,0,0,0,0,0,0,0,0,0
function@x264_pixel_ssd_8x8,0,0,0,0,0,0,0,0,0,0,0
function@x264_pixel_ssd_8x4,0,0,0,0,0,0,0,0,0,0,0
function@x264_pixel_ssd_4x8,2,0,0,2,0,0,2,0,2,0,0
function@x264_pixel_ssd_4x4,0,0,0,0,0,0,0,0,0,0,0
function@x264_pixel_satd_16x16,4,3,0,7,0,4,4,3,7,0,4
function@x264_pixel_satd_16x8,0,1,0,1,0,2,0,1,1,0,2
function@x264_pixel_satd_8x16,0,1,0,1,0,2,0,1,1,0,2
function@x264_pixel_satd_8x8,0,0,0,0,0,1,0,0,0,0,1
function@x264_pixel_satd_8x4,17,1,0,18,0,35,17,1,18,0,35
function@x264_pixel_satd_4x8,0,0,0,0,0,1,0,0,0,0,1
function@x264_pixel_satd_4x4,0,0,0,0,0,0,0,0,0,0,0
function@x264_pixel_satd_x3_16x16,0,0,0,0,0,0,0,0,0,0,0
function@x264_pixel_satd_x3_16x8,1,7,0,6,0,12,1,7,6,0,12
function@x264_pixel_satd_x3_8x16,1,12,0,9,0,5,1,12,9,0,5
function@x264_pixel_satd_x3_8x8,0,0,0,0,0,3,0,0,0,0,3
function@x264_pixel_satd_x3_8x4,0,0,0,0,0,0,0,0,0,0,0
function@x264_pixel_satd_x3_4x8,0,0,0,0,0,3,0,0,0,0,3
function@x264_pixel_satd_x3_4x4,0,0,0,0,0,0,0,0,0,0,0
function@x264_pixel_satd_x4_16x16,0,0,0,0,0,0,0,0,0,0,0
function@x264_pixel_satd_x4_16x8,2,9,0,7,0,14,2,9,7,0,14
function@x264_pixel_satd_x4_8x16,2,16,0,11,0,6,2,16,11,0,6
function@x264_pixel_satd_x4_8x8,0,0,0,0,0,4,0,0,0,0,4
function@x264_pixel_satd_x4_8x4,0,0,0,0,0,0,0,0,0,0,0
function@x264_pixel_satd_x4_4x8,0,0,0,0,0,4,0,0,0,0,4
function@x264_pixel_satd_x4_4x4,0,0,0,0,0,0,0,0,0,0,0
function@x264_pixel_hadamard_ac_16x16,0,0,0,0,0,9,0,0,0,0,9
function@x264_pixel_hadamard_ac_16x8,0,0,0,0,0,6,0,0,0,0,6
function@x264_pixel_hadamard_ac_8x16,0,0,0,0,0,5,0,0,0,0,5
function@x264_pixel_hadamard_ac_8x8,0,0,0,0,0,0,0,0,0,0,0
function@x264_pixel_ads4,0,0,0,0,0,1,0,0,0,0,20.2857
function@x264_pixel_ads2,2,0,0,2,0,3,40.5714,0,1.2381,0,60.8571
function@x264_pixel_ads1,0,0,0,0,0,3,0,0,0,0,60.8571
function@x264_pixel_sa8d_16x16,0,1,0,1,0,7,0,1,1,0,7
function@x264_pixel_sa8d_8x8,0,0,0,0,0,0,0,0,0,0,0
function@x264_pixel_var_16x16,1,0,0,1,0,4,31.875,0,31.875,0,127.5
function@x264_pixel_var_8x8,0,0,0,0,0,38,0,0,0,0,38
function@ssim_4x4x2_core,28,21,0,31,0,32,892.5,669.375,988.125,0,1020
function@ssim_end4,5,0,0,5,0,5,101.429,0,101.429,0,101.429
function@pixel_var2_8x8,9,2,0,3,8,0,9,2,3,8,0
function@pixel_hadamard_ac,40,18,0,53,0,7,40,18,53,0,7
function@sa8d_8x8,7,1,0,8,0,2,6.99999,0.999999,8,0,64
function@x264_frame_new,60,7,0,14,2,39,16.7554,0.864313,7.10426,0.00865827,27.3883
function@x264_frame_delete,0,0,0,0,0,2,0,0,0,0,24.2857
function@x264_frame_copy_picture,0,0,0,0,0,18,0,0,0,0,2.94241
function@x264_frame_expand_border,121,41,0,44,0,57,4338.09,2304.21,523.412,0,1752.24
function@x264_frame_expand_border_filtered,252,21,0,138,3,68,8560.33,2675.57,657.143,163.667,4990.76
function@x264_frame_expand_border_lowres,75,16,0,16,0,31,8680.62,1534,440,0,3140.12
function@x264_frame_expand_border_mod16,11,6,0,7,0,10,431.75,887.833,109.083,0,969.833
function@x264_frame_cond_broadcast,0,0,0,0,0,0,0,0,0,0,0
function@x264_frame_cond_wait,0,0,0,0,0,0,0,0,0,0,0
function@x264_frame_push,0,0,0,0,0,1,0,0,0,0,31.875
function@x264_frame_pop,0,0,0,0,0,1,0,0,0,0,31.875
function@x264_frame_unshift,0,2,0,3,1,12,0,13.1471,1.61765,0.617647,112.118
function@x264_frame_shift,0,0,0,0,0,1,0,0,0,0,0.666667
function@x264_frame_push_unused,0,0,0,0,0,1,0,0,0,0,12.1429
function@x264_frame_pop_unused,0,0,0,0,0,3,0,0,0,0,21.6667
function@x264_frame_push_blank_unused,0,0,0,0,0,1,0,0,0,0,12.1429
function@x264_frame_pop_blank_unused,0,0,0,0,0,1,0,0,0,0,20.2857
function@x264_frame_sort,4,1,0,4,4,3,422.5,10.8333,477.333,238.25,266.75
function@x264_weight_scale_plane,4,3,0,6,0,2,844.6,435.05,51.8,0,819.1
function@x264_frame_delete_list,0,0,0,0,0,0,0,0,0,0,0
function@x264_synch_frame_list_init,0,0,0,0,0,1,0,0,0,0,1
function@x264_synch_frame_list_delete,0,0,0,0,0,0,0,0,0,0,0
function@x264_synch_frame_list_push,0,0,0,0,0,0,0,0,0,0,0
function@x264_macroblock_cache_mv_4_4,0,0,0,0,0,0,0,0,0,0,0
function@x264_macroblock_cache_mv_2_4,0,0,0,0,0,0,0,0,0,0,0
function@x264_macroblock_cache_mv_4_2,0,0,0,0,0,0,0,0,0,0,0
function@x264_macroblock_cache_mv_2_2,0,0,0,0,0,0,0,0,0,0,0
function@x264_macroblock_cache_mv_2_1,0,0,0,0,0,0,0,0,0,0,0
function@x264_macroblock_cache_mv_1_2,0,0,0,0,0,0,0,0,0,0,0
function@x264_macroblock_cache_mv_1_1,0,0,0,0,0,0,0,0,0,0,0
function@x264_macroblock_cache_mvd_4_4,0,0,0,0,0,1,0,0,0,0,1
function@x264_macroblock_cache_mvd_2_4,0,0,0,0,0,1,0,0,0,0,1
function@x264_macroblock_cache_mvd_4_2,0,0,0,0,0,1,0,0,0,0,1
function@x264_macroblock_cache_mvd_2_2,0,0,0,0,0,1,0,0,0,0,1
function@x264_macroblock_cache_mvd_2_1,0,0,0,0,0,1,0,0,0,0,1
function@x264_macroblock_cache_mvd_1_2,0,0,0,0,0,0,0,0,0,0,0
function@x264_macroblock_cache_mvd_1_1,0,0,0,0,0,0,0,0,0,0,0
function@x264_macroblock_cache_ref_4_4,0,0,0,0,0,0,0,0,0,0,0
function@x264_macroblock_cache_ref_2_4,0,0,0,0,0,1,0,0,0,0,1
function@x264_macroblock_cache_ref_4_2,0,0,0,0,0,0,0,0,0,0,0
function@x264_macroblock_cache_ref_2_2,0,0,0,0,0,1,0,0,0,0,1
function@x264_macroblock_cache_ref_2_1,0,0,0,0,0,1,0,0,0,0,1
function@x264_mb_mc_8x8,1,0,0,1,0,24,0.0754717,0,0.0754717,0,3.5283
function@x264_mb_mc_0xywh,6,9,0,9,0,6,5.61905,7.85714,9,0,5.61905
function@x264_mb_mc_01xywh,15,17,0,20,0,8,14,17,20,0,7.625
function@x264_mb_mc_1xywh,3,3,0,5,0,7,3,3,5,0,7
function@x264_mb_mc,0,0,0,0,0,15,0,0,0,0,0.600733
function@x264_macroblock_cache_allocate,4,2,0,3,3,15,0.313617,0.167977,0.029664,0.00625447,0.999107
function@x264_macroblock_cache_free,0,0,0,0,0,0,0,0,0,0,0
function@x264_macroblock_thread_allocate,0,0,0,0,0,9,0,0,0,0,11.0233
function@x264_macroblock_thread_free,3,1,0,2,0,3,22.5,7.5,15,0,22.5
function@x264_macroblock_slice_init,8,6,0,8,0,27,25.6324,49.5441,4.80882,0,336.177
function@x264_macroblock_thread_init,0,0,0,0,0,0,0,0,0,0,0
function@x264_prefetch_fenc,0,0,0,0,0,2,0,0,0,0,2
function@x264_macroblock_cache_load,71,21,0,42,11,43,176.951,148.426,74.0735,4.18627,99.2157
function@x264_macroblock_load_pic_pointers,62,16,0,31,0,33,311.352,83.3516,101.855,0,178.395
function@x264_macroblock_cache_load_neighbours_deblock,0,0,0,0,0,0,0,0,0,0,0
function@x264_macroblock_cache_load_deblock,22,4,0,16,0,14,13.6239,2.3945,2.51682,0,5.53517
function@x264_macroblock_cache_save,26,1,0,15,0,7,11.8578,1,12.8725,0,4.88726
function@x264_macroblock_bipred_init,14,12,0,14,2,11,41872.9,55943.6,25490.2,0.4375,49087.7
function@x264_frame_deblock_row,173,52,0,84,4,116,727.91,299.609,603.171,62.5,597.89
function@x264_deblock_init,0,0,0,0,0,0,0,0,0,0,0
function@deblock_v_luma_c,0,0,0,0,0,0,0,0,0,0,0
function@deblock_h_luma_c,0,0,0,0,0,0,0,0,0,0,0
function@deblock_v_chroma_c,0,0,0,0,0,0,0,0,0,0,0
function@deblock_h_chroma_c,0,0,0,0,0,0,0,0,0,0,0
function@deblock_v_luma_intra_c,0,0,0,0,0,0,0,0,0,0,0
function@deblock_h_luma_intra_c,0,0,0,0,0,0,0,0,0,0,0
function@deblock_v_chroma_intra_c,0,0,0,0,0,0,0,0,0,0,0
function@deblock_h_chroma_intra_c,0,0,0,0,0,0,0,0,0,0,0
function@deblock_strength_c,18,14,0,18,3,64,3320.86,2219,1351.35,22.5405,2100.95
function@deblock_luma_c,26,9,0,13,0,19,1550.75,750.875,1853,0,2000.75
function@deblock_chroma_c,15,3,0,9,0,18,108.125,21.625,103.375,0,205.875
function@deblock_luma_intra_c,26,4,0,14,0,15,85.875,13.75,62.375,0,93.75
function@deblock_chroma_intra_c,24,1,0,11,0,47,6.625,0.25,5,0,30.75
function@x264_cqm_init,173,47,0,110,5,109,307.448,93.0932,127.978,0.246796,172.082
function@x264_cqm_delete,0,0,0,0,0,0,0,0,0,0,0
function@x264_cqm_parse_file,0,2,0,2,0,21,0,1.2381,1.2381,0,25.8095
function@x264_cqm_parse_jmlist,10,1,0,2,0,7,0.321678,0.0535465,0.485992,0,4.24455
function@spec_strdup,0,0,0,0,0,4,0,0,0,0,4
function@x264_param_default,0,0,0,0,0,0,0,0,0,0,0
function@x264_log_default,0,0,0,0,0,0,0,0,0,0,0
function@x264_param_default_preset,0,0,0,0,0,6,0,0,0,0,10.2341
function@x264_param_apply_fastfirstpass,0,0,0,0,0,0,0,0,0,0,0
function@x264_param_apply_profile,0,0,0,0,0,1,0,0,0,0,1
function@x264_log,0,0,0,0,0,0,0,0,0,0,0
function@x264_param_parse,93,23,0,10,2,168,2.60288,0.146485,1.63486,0.625,5.52013
function@x264_atobool,0,0,0,0,0,3,0,0,0,0,3
function@parse_enum,0,0,0,0,0,2,0,0,0,0,2
function@parse_cqm,2,1,0,3,0,4,5.67551,5.50353,2,0,17.3386
function@x264_picture_alloc,0,0,0,0,0,4,0,0,0,0,3.2381
function@x264_malloc,0,0,0,0,0,4,0,0,0,0,3.61905
function@x264_picture_clean,0,0,0,0,0,0,0,0,0,0,0
function@x264_free,0,0,0,0,0,0,0,0,0,0,0
function@x264_nal_encode,0,0,0,0,0,3,0,0,0,0,25.9524
function@x264_reduce_fraction,0,0,0,0,0,6,0,0,0,0,31.5952
function@x264_slurp_file,0,1,0,1,0,11,0,0.137615,0.137615,0,3.55963
function@x264_param2string,2,0,0,1,0,42,0.613861,0,0.623762,0,24.4554
function@x264_plane_copy_c,0,0,0,0,0,3,0,0,0,0,1.23529
function@x264_frame_init_lowres,20,17,0,11,0,39,37.5784,418.794,22.7402,0,2199.53
function@x264_mc_init,0,0,0,0,0,0,0,0,0,0,0
function@mc_luma,53,25,0,53,9,97,453.536,83.5107,70.2489,8.62232,1417.15
function@get_ref,48,35,0,51,9,72,434.054,106.755,55.2783,24.6778,871.817
function@mc_chroma,15,8,0,13,2,16,1965.9,1549.05,66.95,6.75,971.9
function@pixel_avg_16x16,0,0,0,0,0,2,0,0,0,0,31.875
function@pixel_avg_16x8,0,0,0,0,0,2,0,0,0,0,31.875
function@pixel_avg_8x16,0,0,0,0,0,2,0,0,0,0,31.875
function@pixel_avg_8x8,0,0,0,0,0,2,0,0,0,0,31.875
function@pixel_avg_8x4,0,0,0,0,0,6,0,0,0,0,3
function@pixel_avg_4x8,6,0,0,3,0,18,95.625,0,32.375,0,117.062
function@pixel_avg_4x4,2,0,0,2,0,32,1,0,1,0,16
function@pixel_avg_4x2,0,0,0,0,0,14,0,0,0,0,7
function@pixel_avg_2x4,1,0,0,1,0,15,0.5,0,0.5,0,7.5
function@pixel_avg_2x2,0,0,0,0,0,5,0,0,0,0,2.5
function@x264_weight_cache,0,0,0,0,0,0,0,0,0,0,0
function@mc_copy_w16,0,0,0,0,0,1,0,0,0,0,0.64
function@mc_copy_w8,0,1,0,1,0,1,0,10.2,0.32,0,0.64
function@mc_copy_w4,0,2,0,2,0,1,0,20.4,0.64,0,0.64
function@hpel_filter,115,46,0,75,30,75,2630.92,808.508,1086.26,159.925,2473.7
function@frame_init_lowres_core,67,24,0,23,52,18,2867.19,250,490.235,323.829,1435.55
function@integral_init4h,0,2,0,2,0,6,0,8.46875,0.75,0,40.0938
function@integral_init8h,0,2,0,2,0,6,0,8.46875,0.75,0,40.0938
function@integral_init4v,26,4,0,10,2,30,6.70508,3.91992,2.46484,0.232422,21.0078
function@integral_init8v,7,0,0,3,0,11,2.03922,0,1.35294,0,13.1569
function@mbtree_propagate_cost,0,0,0,0,0,2,0,0,0,0,42.5
function@x264_frame_filter,15,8,0,15,2,8,13.4853,30.5,19.0294,3.73529,7.83824
function@pixel_avg_weight_wxh,40,7,0,12,5,23,224.04,56.04,76.84,11.48,145
function@mc_weight_w2,1,0,0,1,0,6,12.5294,0,12.5294,0,75.1765
function@mc_weight_w4,1,0,0,1,0,10,12.5294,0,12.5294,0,125.294
function@mc_weight_w8,1,0,0,1,0,16,12.5294,0,12.5294,0,200.471
function@mc_weight_w12,1,0,0,1,0,24,12.5294,0,12.5294,0,300.706
function@mc_weight_w16,1,0,0,1,0,32,12.5294,0,12.5294,0,400.941
function@mc_weight_w20,3,2,0,4,3,15,225.824,25.0588,13.6765,25.4412,1105.06
function@x264_dct_init,0,0,0,0,0,0,0,0,0,0,0
function@sub4x4_dct,27,0,0,27,0,7,27,0,27,0,7
function@add4x4_idct,0,3,0,3,0,7,0,3,3,0,7
function@sub8x8_dct,0,0,0,0,0,0,0,0,0,0,0
function@sub8x8_dct_dc,0,3,0,3,0,8,0,3,3,0,8
function@add8x8_idct,0,0,0,0,0,0,0,0,0,0,0
function@add8x8_idct_dc,0,0,0,0,0,2,0,0,0,0,2
function@sub16x16_dct,0,0,0,0,0,0,0,0,0,0,0
function@add16x16_idct,0,0,0,0,0,0,0,0,0,0,0
function@add16x16_idct_dc,0,0,0,0,0,2,0,0,0,0,2
function@sub8x8_dct8,58,48,0,95,0,2,58,48,95,0,2
function@add8x8_idct8,31,6,0,18,0,10,772,67.75,265,0,318.75
function@sub16x16_dct8,0,0,0,0,0,0,0,0,0,0,0
function@add16x16_idct8,0,0,0,0,0,0,0,0,0,0,0
function@dct4x4dc,0,14,0,14,0,4,0,14,14,0,4
function@idct4x4dc,0,14,0,14,0,8,0,14,14,0,8
function@x264_dct_init_weights,0,0,0,0,0,4,0,0,0,0,127.5
function@x264_zigzag_init,0,0,0,0,0,0,0,0,0,0,0
function@zigzag_scan_8x8_field,0,0,0,0,0,0,0,0,0,0,0
function@zigzag_scan_4x4_field,0,0,0,0,0,0,0,0,0,0,0
function@zigzag_sub_8x8_field,0,0,0,0,0,0,0,0,0,0,0
function@zigzag_sub_4x4_field,0,0,0,0,0,0,0,0,0,0,0
function@zigzag_sub_4x4ac_field,0,0,0,0,0,0,0,0,0,0,0
function@zigzag_scan_8x8_frame,0,0,0,0,0,0,0,0,0,0,0
function@zigzag_scan_4x4_frame,0,0,0,0,0,0,0,0,0,0,0
function@zigzag_sub_8x8_frame,0,0,0,0,0,0,0,0,0,0,0
function@zigzag_sub_4x4_frame,0,0,0,0,0,0,0,0,0,0,0
function@zigzag_sub_4x4ac_frame,0,0,0,0,0,0,0,0,0,0,0
function@zigzag_interleave_8x8_cavlc,0,0,0,0,0,0,0,0,0,0,0
function@add4x4_idct_dc,0,0,0,0,0,0,0,0,0,0,0
function@x264_cabac_context_init,0,0,0,0,0,5,0,0,0,0,79.875
function@x264_cabac_encode_init_core,0,0,0,0,0,0,0,0,0,0,0
function@x264_cabac_encode_init,0,0,0,0,0,0,0,0,0,0,0
function@x264_cabac_encode_decision_c,1,0,0,1,0,13,0.123457,0,0.123457,0,8.60494
function@x264_cabac_encode_bypass_c,1,0,0,1,0,8,0.0980392,0,0.0980392,0,2.56863
function@x264_cabac_encode_ue_bypass,3,0,0,3,0,15,67.75,0,36.8125,0,166.062
function@x264_cabac_encode_terminal_c,1,0,0,1,0,10,0.123457,0,0.123457,0,5.60494
function@x264_cabac_encode_flush,5,0,0,3,0,27,0.705521,0,0.656442,0,8.23313
function@x264_init_vlc_tables,18,9,0,13,1,14,5182.38,3711.12,2878.38,1,5919.62
function@x264_predict_16x16_init,0,0,0,0,0,0,0,0,0,0,0
function@predict_16x16_v,0,0,0,0,0,0,0,0,0,0,0
function@predict_16x16_h,0,0,0,0,0,0,0,0,0,0,0
function@predict_16x16_dc,0,0,0,0,0,0,0,0,0,0,0
function@predict_16x16_p,18,4,0,20,0,8,419.375,65.75,390.5,0,224.125
function@predict_16x16_dc_left,0,0,0,0,0,0,0,0,0,0,0
function@predict_16x16_dc_top,0,0,0,0,0,0,0,0,0,0,0
function@predict_16x16_dc_128,0,0,0,0,0,0,0,0,0,0,0
function@x264_predict_8x8c_init,0,0,0,0,0,0,0,0,0,0,0
function@predict_8x8c_v,0,0,0,0,0,0,0,0,0,0,0
function@predict_8x8c_h,0,0,0,0,0,0,0,0,0,0,0
function@predict_8x8c_dc,0,2,0,2,0,0,0,2,2,0,0
function@predict_8x8c_p,11,0,0,15,4,6,350.625,0,200.25,96.625,6
function@predict_8x8c_dc_left,0,0,0,0,0,0,0,0,0,0,0
function@predict_8x8c_dc_top,0,0,0,0,0,0,0,0,0,0,0
function@predict_8x8c_dc_128,0,0,0,0,0,0,0,0,0,0,0
function@x264_predict_8x8_init,0,0,0,0,0,0,0,0,0,0,0
function@predict_8x8_v,0,0,0,0,0,0,0,0,0,0,0
function@predict_8x8_h,0,3,0,3,0,0,0,3,3,0,0
function@predict_8x8_dc,0,0,0,0,0,0,0,0,0,0,0
function@predict_8x8_ddl,2,0,0,2,0,0,2,0,2,0,0
function@predict_8x8_ddr,1,0,0,1,0,0,1,0,1,0,0
function@predict_8x8_vr,9,1,0,9,0,1,9,1,9,0,1
function@predict_8x8_hd,6,3,0,9,0,5,6,3,9,0,5
function@predict_8x8_vl,4,1,0,5,0,0,4,1,5,0,0
function@predict_8x8_hu,1,2,0,3,0,1,1,2,3,0,1
function@predict_8x8_dc_left,0,0,0,0,0,0,0,0,0,0,0
function@predict_8x8_dc_top,0,0,0,0,0,0,0,0,0,0,0
function@predict_8x8_dc_128,0,0,0,0,0,0,0,0,0,0,0
function@predict_8x8_filter,0,0,0,0,0,6,0,0,0,0,2.5
function@x264_predict_4x4_init,0,0,0,0,0,0,0,0,0,0,0
function@predict_4x4_v,0,0,0,0,0,0,0,0,0,0,0
function@predict_4x4_h,0,0,0,0,0,0,0,0,0,0,0
function@predict_4x4_dc,0,0,0,0,0,0,0,0,0,0,0
function@predict_4x4_ddl,0,0,0,0,0,0,0,0,0,0,0
function@predict_4x4_ddr,3,0,0,3,0,0,3,0,3,0,0
function@predict_4x4_vr,3,0,0,3,0,0,3,0,3,0,0
function@predict_4x4_hd,4,0,0,4,0,1,4,0,4,0,1
function@predict_4x4_vl,1,0,0,1,0,1,1,0,1,0,1
function@predict_4x4_hu,0,0,0,0,0,0,0,0,0,0,0
function@predict_4x4_dc_left,0,0,0,0,0,0,0,0,0,0,0
function@predict_4x4_dc_top,0,0,0,0,0,0,0,0,0,0,0
function@predict_4x4_dc_128,0,0,0,0,0,0,0,0,0,0,0
function@x264_quant_init,0,0,0,0,0,0,0,0,0,0,0
function@quant_8x8,0,0,0,0,0,4,0,0,0,0,63.9375
function@quant_4x4,0,0,0,0,0,1,0,0,0,0,16
function@quant_4x4_dc,7,5,0,12,0,24,7,5,12,0,12.2381
function@quant_2x2_dc,0,0,0,0,0,7,0,0,0,0,2.66667
function@dequant_4x4,0,0,0,0,0,7,0,0,0,0,5
function@dequant_4x4_dc,0,0,0,0,0,4,0,0,0,0,3
function@dequant_8x8,0,0,0,0,0,3,0,0,0,0,3
function@x264_denoise_dct,2,3,0,3,0,14,0.253968,8.22222,0.492064,0,112.556
function@x264_decimate_score15,0,0,0,0,0,1,0,0,0,0,1.08941
function@x264_decimate_score16,0,0,0,0,0,1,0,0,0,0,1.74306
function@x264_decimate_score64,0,0,0,0,0,1,0,0,0,0,1.7437
function@x264_coeff_last4,0,0,0,0,0,0,0,0,0,0,0
function@x264_coeff_last15,0,0,0,0,0,1,0,0,0,0,15.8146
function@x264_coeff_last16,0,0,0,0,0,1,0,0,0,0,15.453
function@x264_coeff_last64,0,0,0,0,0,1,0,0,0,0,15.746
function@x264_coeff_level_run4,2,0,0,1,3,7,1.14318,0,0.579545,1.74318,22.9182
function@x264_coeff_level_run15,2,0,0,1,3,8,0.624069,0,0.316377,0.951613,27.4901
function@x264_coeff_level_run16,2,0,0,1,3,8,0.611922,0,0.310219,0.93309,26.955
function@x264_mb_predict_mv,1,3,0,3,0,11,1,1.01042,2.25,0,5.99479
function@x264_mb_predict_mv_16x16,2,3,0,3,0,9,0.692913,1.3622,1.99213,0,5.9685
function@x264_mb_predict_mv_pskip,2,3,0,5,0,9,0.13467,0.449857,0.702006,0,1.49284
function@x264_mb_predict_mv_direct16x16,53,34,0,48,5,53,12.3224,6.77011,10.7693,0.336914,13.4948
function@x264_mb_predict_mv_ref16x16,17,2,0,13,0,20,5.89011,0.692308,7.06593,0,7.58242
function@RBSPtoSODB,0,0,0,0,0,1,0,0,0,0,1
function@EBSPtoRBSP,1,0,0,1,0,6,1.06122,0,0.24898,0,1.40816
function@intrapred8x8_mbaff,436,40,0,217,19,99,33.6429,2.69062,18.2242,0.738281,10.0867
function@LowPassForIntra8x8Pred,22,2,0,21,0,13,6.18132,0.71978,10.1978,0,4.5
function@init_motion_vector_prediction,0,0,0,0,0,0,0,0,0,0,0
function@GetMotionVectorPredictorMBAFF,18,18,0,16,9,16,4.97255,10.2353,6.85098,3.55686,2.02353
function@GetMotionVectorPredictorNormal,2,6,0,3,0,15,0.307692,1.08791,3,0,1.51648
function@set_ec_flag,0,0,0,0,0,0,0,0,0,0,0
function@reset_ec_flags,0,0,0,0,0,0,0,0,0,0,0
function@get_concealed_element,0,0,0,0,0,0,0,0,0,0,0
function@mb_pred_intra4x4,11,1,0,4,2,4,63.8346,0.0629921,15.7165,7.04724,26.1811
function@mb_pred_intra16x16,0,0,0,0,0,0,0,0,0,0,0
function@mb_pred_intra8x8,1,0,0,1,0,0,0.333333,0,1,0,0
function@mb_pred_skip,1,0,0,1,0,2,0.333333,0,1,0,2
function@set_chroma_vector,87,22,0,22,0,118,52.3044,11.2746,3.99962,0,77.9422
function@mb_pred_sp_skip,0,0,0,0,0,1,0,0,0,0,1
function@mb_pred_p_inter8x8,2,13,0,15,0,14,1.625,384.25,15,0,137.75
function@mb_pred_p_inter16x16,0,0,0,0,0,1,0,0,0,0,1
function@mb_pred_p_inter16x8,1,0,0,1,0,1,0.666667,0,1,0,1
function@mb_pred_p_inter8x16,1,0,0,1,0,1,0.666667,0,1,0,1
function@mb_pred_b_d8x8temporal,55,13,0,23,4,35,10600,4804.56,8051.14,66,15527.1
function@mb_pred_b_d4x4temporal,28,6,0,19,4,18,7365.03,3236.97,5621,66,12321.3
function@mb_pred_b_d8x8spatial,47,7,0,30,7,55,3013.38,550.25,1924.5,22.25,1713.38
function@mb_pred_b_d4x4spatial,34,4,0,10,5,14,3745.12,2398,1524,266,3561
function@mb_pred_b_inter8x8,25,8,0,14,6,20,220.125,1170.5,165.688,80.8125,897.5
function@mb_pred_ipcm,23,3,0,17,0,12,178.172,52.931,14.8736,0,246.782
function@constructTiff,0,0,0,0,0,0,0,0,0,0,0
function@destructTiff,0,0,0,0,0,0,0,0,0,0,0
function@horizontal_half_1chan_cosite,52,11,0,37,0,26,6461.17,3433.75,1108.17,0,3141.33
function@vertical_half_1chan,70,18,0,50,3,25,7735.86,853.952,161.381,1.2381,1052.21
function@ReadTIFFImage,117,74,0,90,1,111,4.83586,6.12865,4.10912,0.018488,20.3043
function@getU16,0,0,0,0,0,0,0,0,0,0,0
function@getU32,0,0,0,0,0,0,0,0,0,0,0
function@getSwappedU16,0,0,0,0,0,0,0,0,0,0,0
function@getSwappedU32,0,0,0,0,0,0,0,0,0,0,0
function@getIntArray,1,1,0,2,0,7,1,2.5,1.07843,0,15.3333
function@DeblockPicture,0,0,0,0,0,2,0,0,0,0,42.5
function@DeblockMb,88,37,0,17,2,8,151.27,94.2607,22.0547,0.573242,57.6448
function@DeblockPicturePartially,0,0,0,0,0,2,0,0,0,0,31.875
function@init_Deblock,36,41,0,58,8,84,1724.56,552.382,77.2353,430.618,1886.21
function@forward4x4,26,4,0,19,0,18,26,4,19,0,18
function@inverse4x4,29,3,0,21,0,23,29,3,21,0,23
function@hadamard4x4,28,1,0,20,0,3,28,1,20,0,3
function@ihadamard4x4,28,0,0,17,0,8,28,0,17,0,8
function@hadamard4x2,3,6,0,7,0,0,3,6,7,0,0
function@ihadamard4x2,12,0,0,8,0,2,12,0,8,0,2
function@hadamard2x2,0,0,0,0,0,0,0,0,0,0,0
function@ihadamard2x2,0,0,0,0,0,0,0,0,0,0,0
function@forward8x8,36,14,0,33,1,18,1121,448,746,32,421
function@inverse8x8,38,5,0,27,1,30,1185,160,554,32,805
function@set_chroma_qp,0,0,0,0,0,0,0,0,0,0,0
function@update_qp,1,0,0,1,0,0,1,0,1,0,0
function@invScaleCoeff,1,0,0,1,0,2,0.64,0,0.64,0,1.28
function@start_macroblock,2,0,0,2,0,3,1.375,0,2,0,3
function@exit_macroblock,0,0,0,0,0,1,0,0,0,0,1
function@setup_slice_methods,0,0,0,0,0,0,0,0,0,0,0
function@interpret_mb_mode_P,0,0,0,0,0,2,0,0,0,0,0.583333
function@read_motion_info_from_NAL_p_slice,6,2,0,4,0,0,4,2,3.5,0,0
function@read_one_macroblock_p_slice,29,4,0,8,4,9,12.4465,1.8125,7,1.5,4.51024
function@decode_one_component_p_slice,0,0,0,0,0,0,0,0,0,0,0
function@decode_one_component_sp_slice,0,0,0,0,0,0,0,0,0,0,0
function@interpret_mb_mode_B,0,0,0,0,0,0,0,0,0,0,0
function@read_motion_info_from_NAL_b_slice,68,2,0,8,0,5,56,2,8,0,5
function@read_one_macroblock_b_slice,19,5,0,9,4,9,8.9152,1.83634,7.06104,1.5,4.37482
function@decode_one_component_b_slice,0,0,0,0,0,0,0,0,0,0,0
function@interpret_mb_mode_I,0,0,0,0,0,1,0,0,0,0,0.333333
function@read_one_macroblock_i_slice,7,5,0,7,0,6,6.30469,1.89062,5,0,4.80469
function@decode_one_component_i_slice,0,0,0,0,0,0,0,0,0,0,0
function@interpret_mb_mode_SI,0,0,0,0,0,1,0,0,0,0,0.25
function@read_CBP_and_coeffs_from_NAL_CABAC_444,34,21,0,20,7,7,99.515,36.2438,35.1614,2.9711,3.04957
function@read_CBP_and_coeffs_from_NAL_CABAC_422,122,54,0,69,13,34,3866.31,920.174,312.945,75.6387,4024.17
function@read_CBP_and_coeffs_from_NAL_CABAC_400,13,4,0,9,4,9,6.89013,2.79189,5.36727,0.637764,2.58906
function@read_CBP_and_coeffs_from_NAL_CABAC_420,102,58,0,58,16,36,1601.44,1447.47,192.491,120.973,381.141
function@read_CBP_and_coeffs_from_NAL_CAVLC_444,39,19,0,19,4,19,85.6195,37.829,45.1667,1.51276,39.1069
function@read_CBP_and_coeffs_from_NAL_CAVLC_422,143,53,0,89,28,44,3624.28,1034.95,644.53,76.1783,2521.31
function@read_CBP_and_coeffs_from_NAL_CAVLC_400,21,6,0,9,3,12,8.88118,5.4164,6.92457,0.512764,8.46478
function@read_CBP_and_coeffs_from_NAL_CAVLC_420,121,58,0,82,28,41,1898.56,1287.22,760.909,121.002,541.888
function@SetB8Mode,0,0,0,0,0,0,0,0,0,0,0
function@reset_coeffs,0,0,0,0,0,0,0,0,0,0,0
function@field_flag_inference,0,0,0,0,0,0,0,0,0,0,0
function@skip_macroblock,34,2,0,13,3,52,325.828,1.08789,8,1.125,397.75
function@get_neighbors,2,2,0,3,0,1,0.980392,1.13725,3,0,0.568627
function@predict_nnz,7,1,0,3,0,0,1.84668,1,3,0,0
function@predict_nnz_chroma,7,1,0,3,0,3,1.64453,0.5,1.5,0,1.87695
function@decode_one_macroblock,0,0,0,0,0,6,0,0,0,0,1.41176
function@init_cur_imgy,12,24,0,3,0,24,28.022,56.044,1.12088,0,89.8022
function@change_plane_JV,0,0,0,0,0,0,0,0,0,0,0
function@make_frame_picture_JV,0,0,0,0,0,4,0,0,0,0,80.8421
function@init_macroblock,0,0,0,0,0,0,0,0,0,0,0
function@read_ipred_modes,37,6,0,26,2,11,25761.7,9991.76,3812.03,92.1212,6988.67
function@concealIPCMcoeffs,6,0,0,6,0,9,7.64126,0,6.18386,0,203.722
function@read_IPCM_coeffs_from_NAL,20,1,0,11,4,17,146.389,0.0457764,24.4064,0.161648,221.041
function@readMBRefPictureIdx,14,10,0,15,3,14,241272,11679.5,14179.2,660.75,220231
function@readMBMotionVectors,75,40,0,69,9,59,1.86609e+07,1.64366e+07,4.3824e+06,95961,2.12418e+07
function@readRefPictureIdx_FLC,0,0,0,0,0,0,0,0,0,0,0
function@readRefPictureIdx_VLC,0,0,0,0,0,0,0,0,0,0,0
function@read_delta_quant,2,0,0,2,0,4,2,0,2,0,4
function@readCompCoeff8x8MB_CABAC,0,0,0,0,0,18,0,0,0,0,10
function@readCompCoeff4x4MB_CABAC,28,20,0,20,0,13,11076.7,1022.87,872.338,0,16001.4
function@readCompCoeff8x8_CABAC,28,7,0,23,0,5,35.4118,26.549,13.3922,0,9.17647
function@readCompCoeff8x8_CABAC_lossless,24,2,0,16,0,6,61.8532,6.54128,25.8624,0,15.6972
function@readCompCoeff4x4SMB_CABAC,33,13,0,18,2,10,63276.9,45087.5,3209.67,893.905,1789.57
function@readCoeff4x4_CAVLC,33,18,0,31,7,44,12.9686,29.9548,8.46484,1.41667,41.7161
function@readCompCoeff4x4MB_CAVLC,129,39,0,85,3,33,331660,103596,148289,397,84465
function@readCompCoeff8x8MB_CAVLC,99,40,0,51,1,25,264771,120096,80277.4,1,66945
function@ercConcealInterFrame,33,24,0,30,2,27,5644.17,3228.14,3406.16,108.135,2916.35
function@concealByTrial,63,12,0,30,20,18,3840,645.601,1624.16,1272.87,1960.31
function@concealByCopy,93,25,0,60,2,51,1498.84,482.125,242.5,7.875,1183.38
function@conceal_lost_frames,6,1,0,6,0,9,65.75,15.9375,19.4375,0,1029
function@update_ref_list_for_concealment,2,1,0,2,0,1,0.925,0.625,1.25,0,10.225
function@init_lists_for_non_reference_loss,22,5,0,13,0,33,29.5938,25.1875,8.95312,0,92.9844
function@compare_pic_by_pic_num_desc,0,0,0,0,0,0,0,0,0,0,0
function@compare_pic_by_poc_desc,0,0,0,0,0,0,0,0,0,0,0
function@compare_pic_by_poc_asc,0,0,0,0,0,0,0,0,0,0,0
function@compare_pic_by_lt_pic_num_asc,0,0,0,0,0,0,0,0,0,0,0
function@get_pic_from_dpb,0,0,0,0,0,2,0,0,0,0,0.695652
function@comp,0,0,0,0,0,0,0,0,0,0,0
function@init_node,0,0,0,0,0,0,0,0,0,0,0
function@print_node,0,0,0,0,0,0,0,0,0,0,0
function@print_list,0,0,0,0,0,0,0,0,0,0,0
function@delete_list,0,0,0,0,0,2,0,0,0,0,25.0588
function@conceal_non_ref_pics,14,2,0,10,0,8,61.48,26.4,23.08,0,70.28
function@copy_to_conceal,168,65,0,115,5,73,11561,4173.02,6011.76,6.75521,2496.6
function@sliding_window_poc_management,0,0,0,0,0,2,0,0,0,0,15.9375
function@write_lost_non_ref_pic,0,0,0,0,0,0,0,0,0,0,0
function@write_lost_ref_after_idr,0,0,0,0,0,1,0,0,0,0,0.380952
function@buildPredRegionYUV,108,30,0,84,1,30,1.66057e+07,7.85091e+06,3.96962e+06,12.5,1.35144e+06
function@edgeDistortion,324,4,0,360,0,45,1559.43,19.8571,1063.71,0,361.143
function@copyPredMB,87,24,0,59,6,36,1127.02,286.608,161.157,8.11765,576.235
function@intra4x4_pred_mbaff,108,18,0,86,4,24,7.41796,1.34141,7.02675,0.138086,2.00683
function@arideco_create_decoding_environment,0,0,0,0,0,2,0,0,0,0,2
function@arideco_delete_decoding_environment,0,0,0,0,0,0,0,0,0,0,0
function@arideco_done_decoding,0,0,0,0,0,0,0,0,0,0,0
function@getbyte,0,0,0,0,0,0,0,0,0,0,0
function@getword,0,0,0,0,0,0,0,0,0,0,0
function@arideco_start_decoding,0,0,0,0,0,0,0,0,0,0,0
function@arideco_bits_read,0,0,0,0,0,0,0,0,0,0,0
function@biari_decode_symbol,5,1,0,3,0,7,1.71429,0.5,3,0,4.2619
function@biari_decode_symbol_eq_prob,0,0,0,0,0,1,0,0,0,0,0.380952
function@biari_decode_final,0,0,0,0,0,1,0,0,0,0,1
function@biari_init_context,0,0,0,0,0,0,0,0,0,0,0
function@InterpretSEIMessage,3,1,0,3,0,15,62.3571,1.5,33.4286,0,1580.64
function@interpret_buffering_period_info,0,0,0,0,0,1,0,0,0,0,1
function@interpret_picture_timing_info,2,0,0,2,0,2,3.41912,0,0.235294,0,3.42647
function@interpret_pan_scan_rect_info,0,0,0,0,0,2,0,0,0,0,1.35294
function@interpret_recovery_point_info,0,0,0,0,0,2,0,0,0,0,2
function@interpret_dec_ref_pic_marking_repetition_info,3,0,0,3,0,1,3,0,3,0,1
function@interpret_spare_pic,24,2,0,29,2,19,7703.26,659.993,1478.28,43.3329,12798.5
function@interpret_scene_information,0,0,0,0,0,1,0,0,0,0,1
function@interpret_subsequence_info,0,0,0,0,0,1,0,0,0,0,1
function@interpret_subsequence_layer_characteristics_info,0,0,0,0,0,2,0,0,0,0,2
function@interpret_subsequence_characteristics_info,0,0,0,0,0,2,0,0,0,0,2
function@interpret_full_frame_freeze_info,0,0,0,0,0,1,0,0,0,0,1
function@interpret_full_frame_snapshot_info,0,0,0,0,0,1,0,0,0,0,1
function@interpret_progressive_refinement_start_info,0,0,0,0,0,1,0,0,0,0,1
function@interpret_progressive_refinement_end_info,0,0,0,0,0,1,0,0,0,0,1
function@interpret_motion_constrained_slice_group_set_info,0,0,0,0,0,3,0,0,0,0,3
function@interpret_film_grain_characteristics_info,3,2,0,5,0,26,8.81379,0.744828,1.01379,0,40.4759
function@interpret_deblocking_filter_display_preference_info,0,0,0,0,0,1,0,0,0,0,1
function@interpret_stereo_video_info_info,0,0,0,0,0,1,0,0,0,0,1
function@interpret_tone_mapping,83,33,0,48,4,67,26.771,28.3784,9.21242,0.183984,47.3517
function@interpret_post_filter_hints_info,4,6,0,5,0,14,49,1584,50,0,3636
function@interpret_frame_packing_arrangement_info,0,0,0,0,0,3,0,0,0,0,1.7619
function@tone_map,5,0,0,5,0,8,623.688,0,42.8125,0,1744.06
function@init_tone_mapping_sei,0,0,0,0,0,0,0,0,0,0,0
function@update_tone_mapping_sei,0,0,0,0,0,0,0,0,0,0,0
function@error,0,0,0,0,0,0,0,0,0,0,0
function@FreeDecPicList,0,0,0,0,0,1,0,0,0,0,21.25
function@init_frext,3,0,0,2,0,4,2.2381,0,2,0,2.85714
function@AllocPartition,2,0,0,1,0,3,20.9988,0,1,0,40.9976
function@FreePartition,2,0,0,2,0,1,42.5,0,1.33333,0,21.25
function@malloc_slice,0,0,0,0,0,4,0,0,0,0,35
function@init_global_buffers,2,2,0,4,0,8,1,13.3214,2.01786,0,54.0893
function@free_global_buffers,0,0,0,0,0,0,0,0,0,0,0
function@ClearDecPicList,0,0,0,0,0,5,0,0,0,0,15.1176
function@GetOneAvailDecPicFromList,0,0,0,0,0,4,0,0,0,0,17.7143
function@OpenDecoder,0,0,0,0,0,2,0,0,0,0,1.94118
function@DecodeOneFrame,0,0,0,0,0,4,0,0,0,0,6.46364
function@FinitDecoder,0,0,0,0,0,4,0,0,0,0,4.01695
function@CloseDecoder,4,0,0,4,0,10,2.5,0,2.5,0,40.0781
function@free_slice,0,0,0,0,0,1,0,0,0,0,1
function@init_all_macroblocks,0,0,0,0,0,0,0,0,0,0,0
function@init_slice,0,0,0,0,0,0,0,0,0,0,0
function@reorder_lists,0,0,0,0,0,0,0,0,0,0,0
function@decode_slice,72,6,0,39,1,18,82076.8,355.064,8509.82,0.193548,12385.2
function@decode_one_slice,1,29,0,4,0,15,4,355.914,4.79167,0,290
function@decode_one_frame,38,18,0,28,2,43,443.85,249.5,101.703,5,1116.17
function@init_picture,10,0,0,3,0,17,4.04396,0,2.625,0,59.3407
function@read_new_slice,15,2,0,4,6,6,12.0501,7.02369,9.13591,7.79352,23.618
function@CopySliceInfo,0,0,0,0,0,0,0,0,0,0,0
function@exit_picture,54,23,0,41,0,15,355.672,157.437,204.337,0,82.4182
function@buffer2img,37,17,0,44,2,76,166.541,156.385,46.2294,4.76147,630.211
function@compute_SSE,9,3,0,12,0,13,652.412,326.206,650.794,0,1249.21
function@calculate_frame_no,0,0,0,0,0,1,0,0,0,0,1
function@find_snr,34,12,0,26,0,34,13238.7,6085.65,12267.8,0,35011.5
function@is_new_picture,0,2,0,1,0,0,0,0.454902,1,0,0
function@pad_buf,24,6,0,18,0,56,121.745,49.5686,37.1863,0,1683.19
function@pad_dec_picture,0,2,0,2,0,0,0,1.2381,1.2381,0,0
function@field_postprocessing,0,0,0,0,0,1,0,0,0,0,1
function@ercWriteMBMODEandMV,55,5,0,26,3,23,7.41667,0.416667,5.79167,0.75,4.58333
function@init_old_slice,0,0,0,0,0,0,0,0,0,0,0
function@copy_dec_picture_JV,0,0,0,0,0,1,0,0,0,0,0.617647
function@GetVOIdx,0,0,0,0,0,3,0,0,0,0,6.63415
function@get_maxViewIdx,0,0,0,0,0,1,0,0,0,0,6.21951
function@intrapred16x16,0,0,0,0,0,0,0,0,0,0,0
function@ParseSizeFromString,0,0,0,0,0,6,0,0,0,0,14.9889
function@ParseFrameNoFormatFromString,0,2,0,2,0,5,0,8.71601,1.25,0,26.5852
function@OpenFrameFile,0,0,0,0,0,3,0,0,0,0,3
function@OpenFiles,0,0,0,0,0,0,0,0,0,0,0
function@CloseFiles,0,0,0,0,0,0,0,0,0,0,0
function@ParseVideoType,0,0,0,0,0,0,0,0,0,0,0
function@compute_residue,8,3,0,11,0,10,70,38.25,46.95,0,268.75
function@sample_reconstruct,19,4,0,19,0,19,720.65,203,73.5,0,705.05
function@JMDecHelpExit,0,0,0,0,0,0,0,0,0,0,0
function@ParseCommand,5,5,0,8,0,13,0.76275,2.20565,2.3433,0,12.2404
function@get_colocated_info_4x4,0,0,0,0,0,4,0,0,0,0,0.252199
function@get_colocated_info_8x8,5,0,0,1,0,21,0.622936,0,0.375229,0,2.00183
function@update_direct_types,0,0,0,0,0,0,0,0,0,0,0
function@update_direct_mv_info_spatial_8x8,40,0,0,8,0,5,78.4991,0,39.375,0,28.736
function@update_direct_mv_info_temporal,121,35,0,54,3,72,1.20014e+07,2.04692e+06,4.00549e+06,512.5,3.30587e+06
function@update_direct_mv_info_spatial_4x4,41,5,0,19,1,11,25543.8,2392.5,5636.88,750,8667.5
function@intrapred,0,0,0,0,0,0,0,0,0,0,0
function@itrans8x8,7,0,0,7,0,20,111.562,0,18.9375,0,129
function@fmo_init,122,48,0,82,10,107,4233.17,912.899,905.654,723.873,3101.97
function@FmoFinit,0,0,0,0,0,0,0,0,0,0,0
function@FmoGetNumberOfSliceGroup,0,0,0,0,0,0,0,0,0,0,0
function@FmoGetLastMBOfPicture,0,0,0,0,0,0,0,0,0,0,0
function@FmoGetLastMBInSliceGroup,0,0,0,0,0,0,0,0,0,0,0
function@FmoGetSliceGroupId,0,0,0,0,0,0,0,0,0,0,0
function@FmoGetNextMBNr,0,0,0,0,0,3,0,0,0,0,18.5
function@intrapred8x8_normal,309,51,0,198,27,68,25.8905,3.80859,16.168,1.12578,5.74296
function@LowPassForIntra8x8Pred,22,2,0,21,0,13,6.18132,0.71978,10.1978,0,4.5
function@itrans4x4,0,0,0,0,0,0,0,0,0,0,0
function@itrans4x4_ls,9,0,0,3,0,0,9,0,3,0,0
function@Inv_Residual_trans_4x4,59,1,0,44,1,0,28.3333,0.333333,16.6667,0.333333,0
function@Inv_Residual_trans_8x8,136,2,0,30,0,17,286.333,64,76.6667,0,154.333
function@Inv_Residual_trans_16x16,40,3,0,28,13,6,302.458,1,9.45833,2.70833,81.3333
function@Inv_Residual_trans_Chroma,32,19,0,27,0,38,1011.95,563.242,201.109,0,1354.77
function@itrans_2,4,0,0,2,0,16,4,0,2,0,16
function@itrans_sp,90,6,0,27,0,45,1064.81,71,145,0,574
function@itrans_sp_cr,109,12,0,46,2,63,296082,38511.6,52815.9,7.80769,135612
function@iMBtrans4x4,3,0,0,1,0,0,0.573529,0,0.191176,0,0
function@copy_image_data_16x16,0,0,0,0,0,0,0,0,0,0,0
function@iMBtrans8x8,0,0,0,0,0,0,0,0,0,0,0
function@iTransform,75,13,0,37,2,18,475.762,107.41,127.639,1.2459,108.238
function@copy_image_data,3,3,0,4,0,1,20.72,30.6,1.28,0,0.32
function@copy_image_data_8x8,0,0,0,0,0,0,0,0,0,0,0
function@copy_image_data_4x4,0,0,0,0,0,0,0,0,0,0,0
function@CheckVertMV,0,0,0,0,0,0,0,0,0,0,0
function@initBitsFile,0,0,0,0,0,0,0,0,0,0,0
function@read_next_nalu,0,0,0,0,0,0,0,0,0,0,0
function@CheckZeroByteNonVCL,0,0,0,0,0,0,0,0,0,0,0
function@CheckZeroByteVCL,0,0,0,0,0,0,0,0,0,0,0
function@nal_unit_header_mvc_extension,0,0,0,0,0,0,0,0,0,0,0
function@main,0,0,0,0,0,1,0,0,0,0,14.8423
function@set_loop_filter_functions_normal,0,0,0,0,0,0,0,0,0,0,0
function@GetStrengthVer,59,41,0,64,3,50,1.20744,1.67277,1.89431,0.401917,1.0155
function@GetStrengthHor,68,29,0,51,0,45,1.47258,0.824255,1.53883,0,1.02135
function@EdgeLoopLumaVer,87,59,0,51,7,73,1476.76,735.033,769.238,17.1656,1180.58
function@EdgeLoopLumaHor,138,39,0,61,1,80,1323.97,584.265,466.735,0.284768,962.55
function@EdgeLoopChromaVer,20,7,0,14,0,11,22.7975,11.2911,14.6456,0,29.2911
function@EdgeLoopChromaHor,15,5,0,14,0,11,16.5393,8.59551,18.2921,0,27.0337
function@AllocNALU,0,0,0,0,0,3,0,0,0,0,3
function@FreeNALU,0,0,0,0,0,0,0,0,0,0,0
function@intrapred_16x16_mbaff,27,19,0,29,4,10,3.25312,33.5812,4.75937,0.575,20.6
function@init_contexts,273,117,0,40,0,36,1823.5,1610.96,381.708,0,337.375
function@malloc_annex_b,0,0,0,0,0,1,0,0,0,0,1
function@init_annex_b,0,0,0,0,0,0,0,0,0,0,0
function@free_annex_b,0,0,0,0,0,0,0,0,0,0,0
function@GetAnnexbNALU,3,0,0,3,0,8,4.75143,0,0.624097,0,11.9666
function@OpenAnnexBFile,0,0,0,0,0,1,0,0,0,0,0.380952
function@CloseAnnexBFile,0,0,0,0,0,0,0,0,0,0,0
function@ResetAnnexB,0,0,0,0,0,0,0,0,0,0,0
function@GetConfigFileContent,0,0,0,0,0,8,0,0,0,0,2.82887
function@ParseContent,2,2,0,2,2,7,2.14286,10.625,2.14286,0.9375,101.002
function@InitParams,0,0,0,0,0,0,0,0,0,0,0
function@TestParams,0,0,0,0,0,0,0,0,0,0,0
function@DisplayParams,0,0,0,0,0,1,0,0,0,0,1
function@intra4x4_pred_normal,79,15,0,67,1,23,5.44042,1.01016,4.97461,0.0625,1.61133
function@timediff,0,0,0,0,0,0,0,0,0,0,0
function@timenorm,0,0,0,0,0,0,0,0,0,0,0
function@ercInit,0,0,0,0,0,2,0,0,0,0,2
function@ercClose,0,0,0,0,0,0,0,0,0,0,0
function@ercOpen,0,0,0,0,0,2,0,0,0,0,2
function@ercSetErrorConcealment,0,0,0,0,0,0,0,0,0,0,0
function@ercReset,1,0,0,1,0,5,0.144828,0,0.144828,0,0.868966
function@ercStartSegment,0,0,0,0,0,0,0,0,0,0,0
function@ercStopSegment,0,0,0,0,0,0,0,0,0,0,0
function@ercMarkCurrSegmentLost,8,2,0,10,0,9,61.4118,20.0588,52.2647,0,61.0588
function@ercMarkCurrSegmentOK,8,2,0,10,0,9,62.48,20.4,53.24,0,62.16
function@ercMarkCurrMBConcealed,0,0,0,0,0,2,0,0,0,0,0.192661
function@reorder_short_term,1,0,0,1,0,26,0.494118,0,0.494118,0,83.6353
function@reorder_long_term,1,0,0,1,0,23,0.494118,0,0.494118,0,81.1412
function@init_lists_i_slice_mvc,0,0,0,0,0,0,0,0,0,0,0
function@init_lists_p_slice_mvc,40,17,0,23,2,33,71.8899,7.02752,11.2355,0.373089,46.3119
function@compare_pic_by_pic_num_desc,0,0,0,0,0,0,0,0,0,0,0
function@compare_pic_by_lt_pic_num_asc,0,0,0,0,0,0,0,0,0,0,0
function@compare_fs_by_frame_num_desc,0,0,0,0,0,0,0,0,0,0,0
function@compare_fs_by_lt_pic_idx_asc,0,0,0,0,0,0,0,0,0,0,0
function@init_lists_b_slice_mvc,88,32,0,45,6,65,173.456,22.4251,18.7095,1.55046,127.771
function@compare_pic_by_poc_desc,0,0,0,0,0,0,0,0,0,0,0
function@compare_pic_by_poc_asc,0,0,0,0,0,0,0,0,0,0,0
function@compare_fs_by_poc_desc,0,0,0,0,0,0,0,0,0,0,0
function@compare_fs_by_poc_asc,0,0,0,0,0,0,0,0,0,0,0
function@init_lists_mvc,107,57,0,62,7,92,70.326,8.96826,9.1569,0.459096,58.7033
function@reorder_ref_pic_list_mvc,61,6,0,42,7,56,412.988,29.6275,108.769,4.54179,582.858
function@reorder_lists_mvc,0,0,0,0,0,0,0,0,0,0,0
function@ReadFrameConcatenated,1,3,0,3,0,5,0.494533,15.825,1.89162,0,12.7329
function@ReadFrameSeparate,6,3,0,3,0,4,1.49453,15.825,1.89162,0,2.89162
function@Scaling_List,0,0,0,0,0,10,0,0,0,0,78.64
function@InterpretSPS,10,4,0,9,1,14,767.278,222.889,244.569,0.486111,1249.61
function@InitVUI,0,0,0,0,0,0,0,0,0,0,0
function@ReadVUI,0,0,0,0,0,0,0,0,0,0,0
function@ReadHRDParameters,0,0,0,0,0,0,0,0,0,0,0
function@InterpretPPS,10,4,0,8,1,15,381.345,110.773,119.248,0.243697,620.517
function@MakePPSavailable,0,0,0,0,0,0,0,0,0,0,0
function@CleanUpPPS,0,0,0,0,0,1,0,0,0,0,31.875
function@MakeSPSavailable,0,0,0,0,0,0,0,0,0,0,0
function@ProcessSPS,0,0,0,0,0,2,0,0,0,0,2
function@get_max_dec_frame_buf_size,0,0,0,0,0,0,0,0,0,0,0
function@ProcessSubsetSPS,2,2,0,2,0,6,0.973684,1.65789,2,0,4.97368
function@ProcessPPS,0,1,0,1,0,2,0,1,1,0,2
function@reset_format_info,4,1,0,4,1,2,3.11765,0.764706,3.61765,1,1.23529
function@activate_sps,4,0,0,2,0,2,0.935878,0,1.25038,0,1.25038
function@activate_pps,0,0,0,0,0,0,0,0,0,0,0
function@UseParameterSet,0,0,0,0,0,0,0,0,0,0,0
function@seq_parameter_set_mvc_extension,16,6,0,12,0,69,10758.8,2138.97,4294.59,0,9942.71
function@MemAlloc1D,0,0,0,0,0,4,0,0,0,0,2.85714
function@hrd_parameters,0,0,0,0,0,3,0,0,0,0,63.75
function@mvc_vui_parameters_extension,5,0,0,3,0,7,323.677,0,40.7353,0,814.088
function@init_subset_sps_list,0,0,0,0,0,3,0,0,0,0,20.72
function@reset_subset_sps,2,0,0,3,0,28,126.615,0,87.4038,0,981.039
function@GetBaseViewId,0,0,0,0,0,0,0,0,0,0,0
function@initInput,0,0,0,0,0,0,0,0,0,0,0
function@buf2img_endian,31,13,0,33,1,51,123.094,97.3594,44.1719,3.42188,537.812
function@buf2img_basic,30,17,0,23,1,46,764.305,240.902,185.781,3.75,696.969
function@buf2img_bitshift,39,11,0,27,0,37,1225.46,249.922,47.3809,0,527.013
function@fillPlane,5,0,0,4,0,10,34.35,0,26.3,0,554.4
function@AllocateFrameMemory,0,0,0,0,0,2,0,0,0,0,1.61765
function@DeleteFrameMemory,0,0,0,0,0,0,0,0,0,0,0
function@read_one_frame,40,14,0,37,3,22,71.3578,30.1009,55.1651,4.52294,9.58716
function@pad_borders,52,19,0,41,1,89,227.637,1075.43,68.1275,0.196078,1658.38
function@init_top_bot_planes,4,3,0,6,0,9,24.1562,9.46875,25.6562,0,50.8125
function@free_top_bot_planes,0,0,0,0,0,0,0,0,0,0,0
function@get_mem2Ddist,2,3,0,4,0,12,8.21875,16.4375,1.5,0,38.125
function@get_mem2Dlm,2,3,0,4,0,9,8.21875,16.4375,1.5,0,21.4375
function@free_mem2Ddist,0,0,0,0,0,0,0,0,0,0,0
function@free_mem2Dlm,0,0,0,0,0,0,0,0,0,0,0
function@get_mem2Dmp,2,3,0,4,0,9,8.21875,16.4375,1.5,0,21.9375
function@get_mem3Dmp,3,6,0,8,2,13,16.9375,37.375,11.9688,0.5625,65.2812
function@free_mem2Dmp,0,0,0,0,0,0,0,0,0,0,0
function@free_mem3Dmp,0,0,0,0,0,0,0,0,0,0,0
function@get_mem2Dquant,3,3,0,5,0,11,16.1875,16.4375,9.46875,0,37.375
function@get_mem3Dquant,3,6,0,8,2,13,16.9375,37.375,11.9688,0.5625,65.2812
function@get_mem4Dquant,8,12,0,16,4,16,33.75,74.75,23.9375,1.125,92.6875
function@get_mem5Dquant,3,6,0,8,2,12,16.9375,37.375,11.9688,0.5625,64.7812
function@free_mem2Dquant,0,0,0,0,0,0,0,0,0,0,0
function@free_mem3Dquant,0,0,0,0,0,0,0,0,0,0,0
function@free_mem4Dquant,0,0,0,0,0,0,0,0,0,0,0
function@free_mem5Dquant,0,0,0,0,0,0,0,0,0,0,0
function@get_mem2D_spp,1,4,0,4,1,10,7.96875,26.4062,1.5,0.25,38.875
function@get_mem3D_spp,3,6,0,8,2,13,16.9375,37.375,11.9688,0.5625,65.2812
function@get_mem2Dmv,1,4,0,4,1,10,7.96875,26.4062,1.5,0.25,38.875
function@get_mem3Dmv,3,6,0,8,2,13,16.9375,37.375,11.9688,0.5625,65.2812
function@get_mem4Dmv,8,12,0,16,4,16,33.75,74.75,23.9375,1.125,92.6875
function@get_mem5Dmv,3,6,0,8,2,12,16.9375,37.375,11.9688,0.5625,64.7812
function@get_mem6Dmv,8,12,0,16,4,13,41.7188,74.75,23.9375,1.125,57.3125
function@get_mem7Dmv,2,5,0,6,1,6,8.96875,27.4062,3.5,0.25,35.375
function@free_mem2D_spp,0,0,0,0,0,0,0,0,0,0,0
function@free_mem3D_spp,0,0,0,0,0,0,0,0,0,0,0
function@free_mem2Dmv,0,0,0,0,0,0,0,0,0,0,0
function@free_mem3Dmv,0,0,0,0,0,0,0,0,0,0,0
function@free_mem4Dmv,0,0,0,0,0,0,0,0,0,0,0
function@free_mem5Dmv,0,0,0,0,0,0,0,0,0,0,0
function@free_mem6Dmv,0,0,0,0,0,0,0,0,0,0,0
function@free_mem7Dmv,0,0,0,0,0,0,0,0,0,0,0
function@get_mem1Dpel,0,0,0,0,0,1,0,0,0,0,1
function@get_mem2Dpel,1,4,0,4,1,10,7.96875,26.4062,1.5,0.25,38.875
function@get_mem2DpelWithPad,6,6,0,10,1,12,33.375,35.375,12.2188,0.25,32.2188
function@get_mem3Dpel,3,6,0,8,2,13,16.9375,37.375,11.9688,0.5625,65.2812
function@get_mem3DpelWithPad,3,5,0,6,1,6,9.46875,27.4062,3.75,0.25,28.4062
function@get_mem3DpelWithPadSeparately,0,0,0,0,0,3,0,0,0,0,22.2857
function@get_mem4Dpel,8,12,0,16,4,16,33.75,74.75,23.9375,1.125,92.6875
function@get_mem4DpelWithPad,7,12,0,15,4,14,41.3438,74.75,23.1875,1.125,58.3125
function@get_mem4DpelWithPadSeparately,3,7,0,9,2,10,16.9375,57.3438,12.5938,0.5625,50.25
function@get_mem5Dpel,3,6,0,8,2,12,16.9375,37.375,11.9688,0.5625,64.7812
function@get_mem5DpelWithPad,2,5,0,6,1,6,8.96875,27.4062,3.5,0.25,35.375
function@get_mem5DpelWithPadSeparately,2,5,0,6,1,6,8.96875,27.4062,3.5,0.25,35.375
function@free_mem2Dpel,0,0,0,0,0,0,0,0,0,0,0
function@free_mem2DpelWithPad,0,0,0,0,0,3,0,0,0,0,1
function@free_mem3Dpel,0,0,0,0,0,0,0,0,0,0,0
function@free_mem3DpelWithPad,0,0,0,0,0,3,0,0,0,0,0.62963
function@free_mem3DpelWithPadSeparately,1,2,0,3,0,1,7.90476,17.619,1.38095,0,12.6667
function@free_mem4Dpel,0,0,0,0,0,0,0,0,0,0,0
function@free_mem4DpelWithPad,0,0,0,0,0,0,0,0,0,0,0
function@free_mem4DpelWithPadSeparately,1,2,0,3,0,1,4.88235,10.8824,0.852941,0,7.82353
function@free_mem5Dpel,0,0,0,0,0,0,0,0,0,0,0
function@free_mem5DpelWithPad,0,0,0,0,0,0,0,0,0,0,0
function@free_mem5DpelWithPadSeparately,0,0,0,0,0,0,0,0,0,0,0
function@new_mem2D,6,3,0,5,1,13,26.9062,25.9062,9.71875,0.25,26.9375
function@get_mem2D,0,4,0,3,1,9,0,26.4062,1.25,0.25,30.9062
function@new_mem2Dint,5,4,0,7,2,13,26.4062,26.1562,17.9375,0.5,25.9375
function@get_mem2Dint,1,4,0,4,1,10,7.96875,26.4062,1.5,0.25,38.875
function@get_mem2DintWithPad,6,6,0,10,1,14,33.375,35.375,12.2188,0.25,32.7188
function@get_mem2Dint64,1,4,0,4,1,10,7.96875,26.4062,1.5,0.25,38.875
function@get_mem2Ddistblk,1,4,0,4,1,10,7.96875,26.4062,1.5,0.25,38.875
function@get_mem3D,3,6,0,8,2,13,16.9375,37.375,11.9688,0.5625,65.2812
function@get_mem4D,8,12,0,16,4,16,33.75,74.75,23.9375,1.125,92.6875
function@get_mem3Dint,3,6,0,8,2,13,16.9375,37.375,11.9688,0.5625,65.2812
function@get_mem3Dint64,3,6,0,8,2,13,16.9375,37.375,11.9688,0.5625,65.2812
function@get_mem3Ddistblk,3,6,0,8,2,13,16.9375,37.375,11.9688,0.5625,65.2812
function@get_mem4Dint,8,12,0,16,4,16,33.75,74.75,23.9375,1.125,92.6875
function@get_mem4Dint64,8,12,0,16,4,16,33.75,74.75,23.9375,1.125,92.6875
function@get_mem4Ddistblk,8,12,0,16,4,16,33.75,74.75,23.9375,1.125,92.6875
function@get_mem5Dint,3,6,0,8,2,12,16.9375,37.375,11.9688,0.5625,64.7812
function@free_mem2D,0,0,0,0,0,0,0,0,0,0,0
function@free_mem2Dint,0,0,0,0,0,0,0,0,0,0,0
function@free_mem2DintWithPad,0,0,0,0,0,3,0,0,0,0,1
function@free_mem2Dint64,0,0,0,0,0,0,0,0,0,0,0
function@free_mem3D,0,0,0,0,0,0,0,0,0,0,0
function@free_mem4D,0,0,0,0,0,0,0,0,0,0,0
function@free_mem3Dint,0,0,0,0,0,0,0,0,0,0,0
function@free_mem3Dint64,0,0,0,0,0,0,0,0,0,0,0
function@free_mem3Ddistblk,0,0,0,0,0,0,0,0,0,0,0
function@free_mem2Ddistblk,0,0,0,0,0,0,0,0,0,0,0
function@free_mem4Dint,0,0,0,0,0,0,0,0,0,0,0
function@free_mem4Dint64,0,0,0,0,0,0,0,0,0,0,0
function@free_mem4Ddistblk,0,0,0,0,0,0,0,0,0,0,0
function@free_mem5Dint,0,0,0,0,0,0,0,0,0,0,0
function@new_mem2Duint16,5,4,0,7,2,13,26.4062,26.1562,17.9375,0.5,25.9375
function@get_mem2Duint16,1,4,0,4,1,10,7.96875,26.4062,1.5,0.25,38.875
function@get_mem3Duint16,3,6,0,8,2,13,16.9375,37.375,11.9688,0.5625,65.2812
function@get_mem4Duint16,8,12,0,16,4,16,33.75,74.75,23.9375,1.125,92.6875
function@get_mem2Dshort,1,4,0,4,1,10,7.96875,26.4062,1.5,0.25,38.875
function@get_mem3Dshort,3,6,0,8,2,13,16.9375,37.375,11.9688,0.5625,65.2812
function@get_mem4Dshort,8,12,0,16,4,16,33.75,74.75,23.9375,1.125,92.6875
function@get_mem5Dshort,3,6,0,8,2,12,16.9375,37.375,11.9688,0.5625,64.7812
function@get_mem6Dshort,8,12,0,16,4,13,41.7188,74.75,23.9375,1.125,57.3125
function@get_mem7Dshort,2,5,0,6,1,6,8.96875,27.4062,3.5,0.25,35.375
function@free_mem2Duint16,0,0,0,0,0,0,0,0,0,0,0
function@free_mem3Duint16,0,0,0,0,0,0,0,0,0,0,0
function@free_mem4Duint16,0,0,0,0,0,0,0,0,0,0,0
function@free_mem2Dshort,0,0,0,0,0,0,0,0,0,0,0
function@free_mem3Dshort,0,0,0,0,0,0,0,0,0,0,0
function@free_mem4Dshort,0,0,0,0,0,0,0,0,0,0,0
function@free_mem5Dshort,0,0,0,0,0,0,0,0,0,0,0
function@free_mem6Dshort,0,0,0,0,0,0,0,0,0,0,0
function@free_mem7Dshort,0,0,0,0,0,0,0,0,0,0,0
function@get_mem2Ddouble,1,4,0,4,1,10,7.96875,26.4062,1.5,0.25,38.875
function@get_mem1Dodouble,0,0,0,0,0,2,0,0,0,0,2
function@get_mem2Dodouble,1,4,0,4,1,10,7.96875,26.4062,1.5,0.25,38.875
function@get_mem3Dodouble,5,7,0,11,1,12,53.3438,836.312,23.75,0.25,462.781
function@get_offset_mem2Dshort,2,6,0,7,1,20,15.9375,56.3438,10.4062,0.25,129.312
function@get_mem3Doint,5,7,0,11,1,12,53.3438,836.312,23.75,0.25,462.781
function@get_mem2Doint,1,4,0,4,1,10,7.96875,26.4062,1.5,0.25,38.875
function@get_mem3Ddouble,4,3,0,5,0,15,33.5,14.125,3.5625,0,132.625
function@free_mem2Ddouble,0,0,0,0,0,0,0,0,0,0,0
function@free_mem1Dodouble,0,0,0,0,0,0,0,0,0,0,0
function@free_mem2Dodouble,0,0,0,0,0,1,0,0,0,0,0.617647
function@free_mem3Dodouble,7,2,0,7,0,4,352.853,331.265,13.1471,0,332.324
function@free_mem3Doint,7,2,0,7,0,4,352.853,331.265,13.1471,0,332.324
function@free_mem2Doint,0,0,0,0,0,1,0,0,0,0,0.617647
function@free_offset_mem2Dshort,0,0,0,0,0,1,0,0,0,0,0.617647
function@free_mem3Ddouble,0,0,0,0,0,0,0,0,0,0,0
function@get_mem2Dolm,2,3,0,4,0,9,8.21875,16.4375,1.5,0,21.4375
function@free_mem2Dolm,0,0,0,0,0,0,0,0,0,0,0
function@CheckAvailabilityOfNeighborsCABAC,0,0,0,0,0,0,0,0,0,0,0
function@cabac_new_slice,0,0,0,0,0,0,0,0,0,0,0
function@create_contexts_MotionInfo,0,0,0,0,0,2,0,0,0,0,2
function@create_contexts_TextureInfo,0,0,0,0,0,2,0,0,0,0,2
function@readFieldModeInfo_CABAC,0,0,0,0,0,0,0,0,0,0,0
function@check_next_mb_and_get_field_mode_CABAC_p_slice,36,1,0,19,1,11,33,1,18.5,1,10
function@read_skip_flag_CABAC_p_slice,0,0,0,0,0,0,0,0,0,0,0
function@check_next_mb_and_get_field_mode_CABAC_b_slice,34,0,0,18,2,11,32,0,18,1,9.5
function@read_skip_flag_CABAC_b_slice,0,0,0,0,0,0,0,0,0,0,0
function@read_MVD_CABAC,18,3,0,10,0,13,5.85417,2.24414,7.43164,0,71.9082
function@readB8_typeInfo_CABAC_p_slice,0,0,0,0,0,0,0,0,0,0,0
function@readB8_typeInfo_CABAC_b_slice,0,0,0,0,0,4,0,0,0,0,1.01149
function@readMB_transform_size_flag_CABAC,0,0,0,0,0,0,0,0,0,0,0
function@readMB_typeInfo_CABAC_i_slice,2,0,0,1,0,10,0.541284,0,0.333333,0,2.04893
function@readMB_typeInfo_CABAC_p_slice,0,0,0,0,0,3,0,0,0,0,0.807339
function@readMB_typeInfo_CABAC_b_slice,0,3,0,2,0,5,0,0.780534,0.780534,0,0.510496
function@readIntraPredMode_CABAC,0,0,0,0,0,0,0,0,0,0,0
function@readRefFrame_CABAC,18,0,0,7,0,2,4.67814,0,5.5,0,0.507812
function@read_dQuant_CABAC,0,0,0,0,0,1,0,0,0,0,0.4
function@read_CBP_CABAC,11,3,0,6,0,5,6.16667,3,6,0,3.625
function@readCIPredMode_CABAC,0,0,0,0,0,0,0,0,0,0,0
function@set_read_and_store_CBP,0,0,0,0,0,0,0,0,0,0,0
function@read_and_store_CBP_block_bit_444,46,12,0,13,11,19,12.5879,5.99609,10.4,5.225,3.8999
function@read_and_store_CBP_block_bit_normal,35,4,0,15,0,28,3.05,0.25625,3.5,0,2.5
function@readRunLevel_CABAC,25,2,0,13,5,21,57.8306,1.14876,21.7975,9.85537,202.483
function@readSyntaxElement_CABAC,0,0,0,0,0,1,0,0,0,0,1
function@cabac_startcode_follows,0,0,0,0,0,1,0,0,0,0,0.619048
function@readIPCM_CABAC,47,48,0,44,5,33,1232.3,1605.93,572.883,34.1273,876.327
function@ue_v,0,0,0,0,0,0,0,0,0,0,0
function@linfo_ue,0,0,0,0,0,0,0,0,0,0,0
function@readSyntaxElement_VLC,7,1,0,6,1,10,27.8142,0.0884956,28.0088,0.0884956,27.0088
function@se_v,0,0,0,0,0,0,0,0,0,0,0
function@linfo_se,0,0,0,0,0,2,0,0,0,0,2
function@u_v,1,0,0,1,0,5,0.156863,0,0.156863,0,10.6275
function@readSyntaxElement_FLC,1,1,0,1,0,5,0.313726,0.313726,0.313726,0,10.6471
function@i_v,1,0,0,1,0,5,0.156863,0,0.156863,0,11.4706
function@u_1,0,0,0,0,0,1,0,0,0,0,0.5
function@linfo_cbp_intra_normal,0,0,0,0,0,0,0,0,0,0,0
function@linfo_cbp_intra_other,0,0,0,0,0,0,0,0,0,0,0
function@linfo_cbp_inter_normal,0,0,0,0,0,0,0,0,0,0,0
function@linfo_cbp_inter_other,0,0,0,0,0,0,0,0,0,0,0
function@linfo_levrun_inter,0,0,0,0,0,4,0,0,0,0,2
function@linfo_levrun_c2x2,0,0,0,0,0,4,0,0,0,0,2
function@GetVLCSymbol,3,0,0,2,0,7,12.3059,0,12.4,0,2.85882
function@readSyntaxElement_UVLC,0,0,0,0,0,0,0,0,0,0,0
function@readSyntaxElement_Intra4x4PredictionMode,0,0,0,0,0,2,0,0,0,0,1.19048
function@GetVLCSymbol_IntraMode,0,0,0,0,0,1,0,0,0,0,1
function@more_rbsp_data,0,0,0,0,0,2,0,0,0,0,1.5
function@uvlc_startcode_follows,0,0,0,0,0,2,0,0,0,0,1.4902
function@GetBits,0,0,0,0,0,7,0,0,0,0,11.2745
function@readSyntaxElement_NumCoeffTrailingOnes,13,1,0,13,0,25,3.25,0.25,3.25,0,18.5
function@ShowBits,0,0,0,0,0,4,0,0,0,0,10.4706
function@readSyntaxElement_NumCoeffTrailingOnesChromaDC,0,0,0,0,0,19,0,0,0,0,33.9999
function@readSyntaxElement_Level_VLC0,15,2,0,16,3,26,3.0549,2,5.02745,0.211765,38.2196
function@readSyntaxElement_Level_VLCN,19,10,0,14,0,28,13.378,10.7323,6.22835,0,35.7953
function@readSyntaxElement_TotalZeros,0,0,0,0,0,17,0,0,0,0,3.99275
function@readSyntaxElement_TotalZerosChromaDC,0,0,0,0,0,17,0,0,0,0,3.99275
function@readSyntaxElement_Run,0,0,0,0,0,17,0,0,0,0,3.99275
function@process_image,0,0,0,0,0,33,0,0,0,0,45.5686
function@MuxImages,109,40,0,84,1,58,5774.66,2014.09,1099.25,0.21875,1067.28
function@FilterImageSep,126,23,0,83,4,60,6150.16,2730.1,2473.88,6.51149,3408.06
function@intrapred_16x16_normal,18,13,0,25,3,11,9.28599,27.2143,4.61429,0.307147,20.6
function@AllocPPS,0,0,0,0,0,2,0,0,0,0,2
function@AllocSPS,0,0,0,0,0,2,0,0,0,0,2
function@FreePPS,0,0,0,0,0,0,0,0,0,0,0
function@sps_is_equal,0,4,0,3,0,8,0,0.644492,0.375537,0,1.02074
function@pps_is_equal,5,10,0,11,0,31,0.349864,1.19183,0.793461,0,3.87193
function@CeilLog2,0,0,0,0,0,2,0,0,0,0,20.9048
function@CeilLog2_sf,0,0,0,0,0,2,0,0,0,0,20.9048
function@FirstPartOfSliceHeader,0,0,0,0,0,0,0,0,0,0,0
function@RestOfSliceHeader,43,24,0,19,0,27,68.2907,52.5418,8.75771,0,72.5286
function@dec_ref_pic_marking,0,0,0,0,0,4,0,0,0,0,173.059
function@decode_poc,16,6,0,11,2,34,5.80179,3.06607,1.0375,0.135714,7.80357
function@dumppoc,0,0,0,0,0,0,0,0,0,0,0
function@picture_order,0,0,0,0,0,0,0,0,0,0,0
function@ercConcealIntraFrame,0,0,0,0,0,7,0,0,0,0,2.44444
function@concealBlocks,98,47,0,48,5,42,66753,38930.1,30299.9,838.48,36874.6
function@ercPixConcealIMB,153,60,0,81,17,114,4564.91,989.841,437.054,53.8408,1348.6
function@ercCollect8PredBlocks,22,9,0,10,6,13,7.62757,4.61877,10,4.56012,6.98534
function@ercCollectColumnBlocks,0,0,0,0,0,0,0,0,0,0,0
function@write_picture,63,44,0,52,6,50,13.5992,8.26318,12.1167,0.527344,65.4842
function@init_out_buffer,0,0,0,0,0,0,0,0,0,0,0
function@uninit_out_buffer,0,0,0,0,0,0,0,0,0,0,0
function@clear_picture,18,4,0,17,0,30,131.231,35.8846,76.2308,0,1540.77
function@write_unpaired_field,47,6,0,38,0,62,144.7,38.25,83.5,0,1664.2
function@flush_direct_output,0,0,0,0,0,0,0,0,0,0,0
function@write_stored_frame,0,0,0,0,0,0,0,0,0,0,0
function@direct_output,0,0,0,0,0,0,0,0,0,0,0
function@img2buf_endian,21,0,0,18,0,31,413.945,0,19.0781,0,856.305
function@img2buf_normal,19,9,0,21,2,45,247.235,617.282,34.6824,0.647059,543.659
function@allocate_pred_mem,0,0,0,0,0,4,0,0,0,0,4
function@free_pred_mem,0,0,0,0,0,0,0,0,0,0,0
function@get_block_luma,54,20,0,55,12,41,160.484,6.96336,9.21603,1.09618,37.6794
function@get_luma_01,74,12,0,81,13,22,3008.2,169.472,204.049,80.2945,567.202
function@get_luma_02,66,5,0,70,2,21,2648.05,30.1235,186.457,12.5432,173.864
function@get_luma_03,80,9,0,82,19,18,3045.74,150.773,216.613,118.233,569.166
function@get_luma_21,58,2,0,53,3,29,3500.72,250,271.906,15,1617.84
function@get_luma_22,46,2,0,44,2,20,2757.53,250,216.406,10,1480.97
function@get_luma_23,58,2,0,53,3,29,3500.72,250,271.906,15,1617.84
function@get_luma_12,44,3,0,41,3,30,2613.69,135.51,172.784,7.47059,2334.27
function@get_luma_32,44,3,0,41,3,30,2613.69,135.51,172.784,7.47059,2334.27
function@get_luma_11,73,16,0,76,10,36,2531.06,46.2584,154.646,27.2344,469.914
function@get_luma_13,91,14,0,80,12,22,2566.97,41.512,185.852,31.9809,463.957
function@get_luma_31,71,14,0,77,10,26,2545.37,41.3588,157.096,27.2344,462.651
function@get_luma_33,73,14,0,79,10,25,2561.05,41.3588,182.177,27.2344,462.263
function@intra_cr_decoding,48,9,0,15,2,17,8263.38,1016.88,1168.5,7.75,6210.88
function@prepare_direct_params,21,0,0,4,0,6,4.6875,0,2.01562,0,0.549316
function@perform_mc,476,334,0,341,17,205,1529.19,1451.26,141.912,2.64828,870.261
function@get_block_chroma,177,69,0,113,7,127,500.094,407.976,41.9785,2.33871,553.419
function@intrapred8x8,0,0,0,0,0,2,0,0,0,0,2
function@intrapred_chroma_ver_mbaff,9,6,0,6,0,1,20.6659,24.2249,2.19629,0,4.78516
function@intrapred_chroma,366,189,0,218,11,147,607.577,157.886,126.716,2.64161,601.502
function@intrapred_chroma_mbaff,257,93,0,184,17,147,2674.93,331.217,695.823,5.44648,822.556
function@intra_chroma_DC_all_mbaff,0,1,0,1,0,1,0,0.617647,0.617647,0,0.235294
function@set_loop_filter_functions_mbaff,0,0,0,0,0,0,0,0,0,0,0
function@GetStrengthVerMBAff,93,19,0,45,0,79,59.2444,32.9725,38.8251,0,46.7018
function@GetStrengthHorMBAff,27,3,0,13,1,25,7.54809,8.02225,4.14673,0.125,13.53
function@EdgeLoopLumaVerMBAff,81,25,0,34,4,24,73.7305,77.3145,86.0234,1.54687,43.0254
function@EdgeLoopLumaHorMBAff,52,18,0,30,4,27,35.9066,25.2118,56.9597,1.49652,33.8124
function@EdgeLoopChromaVerMBAff,23,6,0,16,2,10,95.3583,45.1221,75.3418,20.625,55.2457
function@EdgeLoopChromaHorMBAff,17,10,0,16,1,13,15.5503,36.3851,38.1372,0.299072,28.1954
function@get_non_aff_neighbor_luma,0,0,0,0,0,0,0,0,0,0,0
function@get_non_aff_neighbor_chroma,0,0,0,0,0,0,0,0,0,0,0
function@init_qp_process,4,4,0,5,0,15,24.6984,7.09524,25.3175,0,30.5397
function@free_qp_matrices,0,0,0,0,0,0,0,0,0,0,0
function@assign_quant_params,0,3,0,3,0,7,0,41.2321,1.48214,0,42.4821
function@CalculateQuant4x4Param,28,47,0,22,0,3,892.5,1498.12,516,0,95.625
function@CalculateQuant8x8Param,11,0,0,11,0,23,6,0,6,0,16.5
function@set_dequant8x8,0,0,0,0,0,0,0,0,0,0,0
function@OpenRTPFile,0,0,0,0,0,0,0,0,0,0,0
function@CloseRTPFile,0,0,0,0,0,0,0,0,0,0,0
function@GetRTPNALU,0,0,0,0,0,4,0,0,0,0,3.32
function@RTPReadPacket,0,1,0,1,0,2,0,4.76837e-07,1,0,2
function@DumpRTPHeader,0,0,0,0,0,0,0,0,0,0,0
function@getDpbSize,0,0,0,0,0,1,0,0,0,0,1
function@check_num_ref,0,0,0,0,0,0,0,0,0,0,0
function@init_dpb,0,0,0,0,0,5,0,0,0,0,41.7059
function@free_dpb,1,0,0,1,0,1,0.375,0,0.375,0,12.7812
function@GetMaxDecFrameBuffering,1,0,0,1,0,5,1.875,0,1.875,0,20.375
function@alloc_frame_store,0,0,0,0,0,2,0,0,0,0,2
function@alloc_storable_picture,4,4,0,5,0,13,4,2.85714,5,0,11.0952
function@re_init_dpb,3,0,0,1,0,3,8.85714,0,0.5,0,8.85714
function@free_frame_store,0,0,0,0,0,0,0,0,0,0,0
function@free_storable_picture,0,0,0,0,0,0,0,0,0,0,0
function@alloc_pic_motion,0,0,0,0,0,1,0,0,0,0,1
function@free_pic_motion,0,0,0,0,0,0,0,0,0,0,0
function@is_short_ref,0,0,0,0,0,0,0,0,0,0,0
function@is_long_ref,0,0,0,0,0,0,0,0,0,0,0
function@gen_pic_list_from_frame_list,0,4,0,1,0,12,0,179.538,1,0,33.1795
function@update_pic_num,12,3,0,8,3,7,43.2327,24.2327,4.81633,0.991837,50.2449
function@init_lists_i_slice,0,0,0,0,0,0,0,0,0,0,0
function@init_lists_p_slice,33,20,0,22,2,39,318.379,26.2018,11.7034,0.373089,79.581
function@compare_pic_by_pic_num_desc,0,0,0,0,0,0,0,0,0,0,0
function@compare_pic_by_lt_pic_num_asc,0,0,0,0,0,0,0,0,0,0,0
function@compare_fs_by_frame_num_desc,0,0,0,0,0,0,0,0,0,0,0
function@compare_fs_by_lt_pic_idx_asc,0,0,0,0,0,0,0,0,0,0,0
function@append_interview_list,4,2,0,3,0,13,24.7679,22.125,2.33929,0,48.375
function@init_lists_b_slice,141,42,0,65,6,133,925.416,28.2079,42.526,1.70642,207.232
function@compare_pic_by_poc_desc,0,0,0,0,0,0,0,0,0,0,0
function@compare_pic_by_poc_asc,0,0,0,0,0,0,0,0,0,0,0
function@compare_fs_by_poc_desc,0,0,0,0,0,0,0,0,0,0,0
function@compare_fs_by_poc_asc,0,0,0,0,0,0,0,0,0,0,0
function@init_lists,207,66,0,95,10,173,364.4,15.87,15.359,0.576923,99.6209
function@init_mbaff_lists,0,0,0,0,0,5,0,0,0,0,119.083
function@get_short_term_pic,3,0,0,2,0,2,3.17647,0,1.38235,0,15.4118
function@get_long_term_pic,1,0,0,1,0,4,2.47727,0,0.386364,0,18.5455
function@reorder_ref_pic_list,10,3,0,8,0,3,43.5,24,6.5,0,16
function@update_ref_list,1,2,0,4,1,16,0.5,20.8095,2.5,0.5,98.9762
function@update_ltref_list,1,2,0,4,1,16,0.5,20.8095,2.5,0.5,98.9048
function@mm_update_max_long_term_frame_idx,2,1,0,3,0,1,42.5,21.25,2.66667,0,21.25
function@store_picture_in_dpb,124,41,0,105,30,197,151.024,160.853,72.9078,13.62,553.814
function@insert_picture_in_dpb,1,0,0,1,0,10,0.312883,0,1,0,14.5399
function@remove_unused_frame_from_dpb,2,0,0,2,0,2,1.20896,0,1.01493,0,16.9527
function@output_one_frame_from_dpb,5,2,0,6,2,11,9.96466,1.35336,7.40283,0.946996,49.7809
function@flush_dpb,0,0,0,0,0,6,0,0,0,0,115.853
function@unmark_for_reference,0,0,0,0,0,1,0,0,0,0,1
function@dpb_split_field,88,5,0,28,6,33,2024.76,205.103,531.338,3.45588,680.647
function@dpb_combine_field_yuv,0,0,0,0,0,6,0,0,0,0,106.607
function@dpb_combine_field,12,0,0,5,0,4,2063.25,0,543.688,0,543.75
function@alloc_ref_pic_list_reordering_buffer,0,0,0,0,0,2,0,0,0,0,0.828125
function@free_ref_pic_list_reordering_buffer,0,0,0,0,0,0,0,0,0,0,0
function@fill_frame_num_gap,3,1,0,3,0,4,17.9375,15.9375,3,0,48.8125
function@compute_colocated,7,0,0,5,0,7,466.647,0,17.3235,0,654.853
function@unmark_long_term_field_for_reference_by_frame_idx,6,0,0,3,1,2,1.52653,0,2,0.62449,13.3714
function@remove_frame_from_dpb,5,1,0,6,1,11,21.7857,0.5,2.80952,0.5,41.0714
function@mb_is_available,0,0,0,0,0,0,0,0,0,0,0
function@CheckAvailabilityOfNeighbors,13,5,0,8,2,3,3.66426,1.81227,3.66787,0.783394,1.62455
function@get_mb_block_pos_normal,0,0,0,0,0,0,0,0,0,0,0
function@get_mb_block_pos_mbaff,0,0,0,0,0,1,0,0,0,0,1
function@get_mb_pos,0,0,0,0,0,0,0,0,0,0,0
function@getNonAffNeighbour,0,0,0,0,0,5,0,0,0,0,0.975309
function@getAffNeighbour,24,6,0,8,0,12,0.344823,0.101931,1.19367,0,0.260193
function@get4x4Neighbour,0,0,0,0,0,0,0,0,0,0,0
function@get4x4NeighbourBase,0,0,0,0,0,0,0,0,0,0,0
function@main,110,5,0,51,22,31,268.211,2.41375,293.989,7.81891,247.203
function@get_version,1,2,0,2,0,7,0.499999,0.499999,0.999999,0,4.5
function@spec_strdup,0,0,0,0,0,4,0,0,0,0,4
function@printUsage,0,0,0,0,0,0,0,0,0,0,0
function@load_image_file,0,0,0,0,0,6,0,0,0,0,5.99999
function@init_targa,2,2,0,2,0,3,1.62498,19.9994,1.625,0,21.9993
function@dump_tga,15,0,0,3,1,6,841.999,0,41,0.624999,527.666
function@dump_header,0,0,0,0,0,1,0,0,0,0,0.5
function@computeSSIM,147,32,0,72,12,53,2.51566e+06,643791,278474,11607.8,687192
function@mean,0,0,0,0,0,9,0,0,0,0,84.76
function@variance,0,0,0,0,0,5,0,0,0,0,43.96
function@covariance,0,0,0,0,0,2,0,0,0,0,10.52
function@read_yuv_file,45,23,0,30,7,85,681.723,315.936,120.728,131.692,4607.03
function@read_tga_file,10,0,0,9,0,17,994.301,0,528.649,0,1032.97
