Comando: /home/mpvreal/Code/Faculdade/tcc/llvm/build/bin/llc --march=x86 --regalloc=basic -o -
Heurística: original
function@writeout_,275,153,0,184,144,99,41083.1,50432.4,10814.1,1112.77,1934.95
function@_QMplane_source_modPplane_source_init,0,0,0,0,0,26,0,0,0,0,708.723
function@_QMplane_source_modPplane_source_read,279,157,0,177,162,54,162503,8014.23,3328.36,43629.8,3272.99
function@_QMplane_source_modPplane_source_apply,80,44,0,23,42,9,4223.12,1911.75,229.312,1200.06,940.688
function@_QMplane_source_modPplane_source_end,0,0,0,0,0,0,0,0,0,0,0
function@_QMcommunicate_modPcom_init_mpi,0,0,0,0,0,0,0,0,0,0,0
function@_QMcommunicate_modPcommunicate_end,0,0,0,0,0,5,0,0,0,0,2.8
function@init_,45,12,0,26,9,91,40.3066,11.0896,23.2361,10.0058,33.0977
function@_QMmur_modPmur_init,203,127,0,76,84,112,307.526,413.526,42.2441,121.099,132.133
function@_QMmur_modPmur_updatee,1503,848,0,1055,760,122,23059.6,8054.9,7698.14,4233.66,1031.98
function@_QMmur_modPmur_storee,997,441,0,480,495,81,39901.3,7165.43,8422.93,9116.93,3360.57
function@_QMmur_modPmur_end,0,0,0,0,0,15,0,0,0,0,2.57812
function@_QMmur_modPmur_set_mf_arrays,65,99,0,89,8,36,5415.15,13055.2,1293.5,31.6,7571
function@_QMupdate_modPupdate_init,0,0,0,0,0,0,0,0,0,0,0
function@_QMupdate_modPupdateh,747,442,0,421,340,58,131236,61426.8,46889.8,13076.9,12679.2
function@_QMupdate_modPupdatee,695,351,0,396,261,37,293598,95683.9,75625.3,21475,19708.1
function@_QMupdate_modPupdate_inith,346,268,0,215,236,52,40507.8,21843.2,12716.7,4743.15,10199.5
function@_QMupdate_modPupdate_inite,418,386,0,276,345,68,61401.2,17648.5,12604.4,10137.2,18467.8
function@_QMupml_modPupml_allocate,21,23,0,22,14,282,21,23,22,14,242.294
function@_QMupml_modPcheck_allocate,0,0,0,0,0,2,0,0,0,0,9.31323e-10
function@_QMupml_modPupml_set_eps_arrays,506,350,0,230,122,170,20078.1,30549,1942,3897.24,20373.9
function@_QMupml_modPupml_init,4475,2326,0,1094,1822,479,8498.79,6237.37,1055.73,2103.71,3103.81
function@_QMupml_modPupml_initb,1066,454,0,455,297,110,981647,309290,93397.9,62143.6,160668
function@_QMupml_modPupml_inith,720,454,0,425,361,72,264680,71485.4,64380,22318.8,64027.2
function@_QMupml_modPupml_updateh,1230,702,0,824,395,157,2.53071e+06,756167,334477,77584.3,120713
function@_QMupml_modPupml_updatee,0,0,0,0,0,0,0,0,0,0,0
function@_QMupml_modPupml_updatee_homo,4418,1960,0,2183,1620,253,3.42112e+06,930207,568347,81201.6,171687
function@_QMupml_modPupml_updatee_simple,4638,2095,0,2392,1635,284,3.77365e+06,1.11441e+06,627064,82522,177108
function@_QMupml_modPupml_initd,1396,591,0,644,437,164,1.17503e+06,366089,111741,74400.1,191366
function@_QMupml_modPupml_inite,997,566,0,548,471,120,320497,87551.2,79655.9,27121,75908.9
function@_QMupml_modPupml_end,0,0,0,0,0,90,0,0,0,0,48.3333
function@_QMupml_modPcheck_deallocate,0,0,0,0,0,1,0,0,0,0,0.619048
function@_QMreadline_modPreadline,64,87,0,62,30,48,493.843,753.516,602.745,67.8261,347.419
function@_QMreadline_modPcheckifkeyword,1,2,0,1,4,1,1,10.8077,1,1.88462,9.80769
function@mpi_barrier_,0,0,0,0,0,1,0,0,0,0,1
function@mpi_bcast_,0,0,0,0,0,1,0,0,0,0,1
function@mpi_bcast_integers_,0,0,0,0,0,1,0,0,0,0,1
function@mpi_bcast_reals_,0,0,0,0,0,1,0,0,0,0,1
function@mpi_bcast_logical_,0,0,0,0,0,1,0,0,0,0,1
function@mpi_cart_rank_,0,0,0,0,0,1,0,0,0,0,1
function@mpi_cart_create_,0,0,0,0,0,1,0,0,0,0,1
function@mpi_cart_coords_,0,0,0,0,0,1,0,0,0,0,1
function@mpi_cart_shift_,0,0,0,0,0,1,0,0,0,0,1
function@mpi_comm_rank_,0,0,0,0,0,1,0,0,0,0,1
function@mpi_comm_size_,0,0,0,0,0,1,0,0,0,0,1
function@mpi_finalize_,0,0,0,0,0,0,0,0,0,0,0
function@mpi_init_,0,0,0,0,0,0,0,0,0,0,0
function@mpi_recv_,0,0,0,0,0,1,0,0,0,0,1
function@mpi_ssend_,0,0,0,0,0,1,0,0,0,0,1
function@mpi_bsend_,0,0,0,0,0,1,0,0,0,0,1
function@mpi_sendrecv_,0,0,0,0,0,2,0,0,0,0,2
function@mpi_wait_,0,0,0,0,0,1,0,0,0,0,1
function@mpi_isend_,0,0,0,0,0,1,0,0,0,0,1
function@mpi_wtick_,0,0,0,0,0,0,0,0,0,0,0
function@mpi_wtime_,0,0,0,0,0,0,0,0,0,0,0
function@mpi_buffer_attach_,0,0,0,0,0,1,0,0,0,0,1
function@mpi_buffer_detach_,0,0,0,0,0,1,0,0,0,0,1
function@mpi_pack_size_,0,0,0,0,0,1,0,0,0,0,1
function@mpi_gather_,0,0,0,0,0,1,0,0,0,0,1
function@mpi_type_struct_,0,0,0,0,0,2,0,0,0,0,2
function@mpi_type_commit_,0,0,0,0,0,1,0,0,0,0,1
function@mpi_type_extent_,0,0,0,0,0,1,0,0,0,0,1
function@mpi_type_free_,0,0,0,0,0,1,0,0,0,0,1
function@mpi_type_vector_,0,0,0,0,0,1,0,0,0,0,1
function@mpi_type_hvector_,0,0,0,0,0,1,0,0,0,0,1
function@mpi_irecv_,0,0,0,0,0,1,0,0,0,0,1
function@mpi_waitall_,0,0,0,0,0,1,0,0,0,0,1
function@mpi_sendrecv_replace_,0,0,0,0,0,2,0,0,0,0,2
function@mpi_bsend_init_,0,0,0,0,0,1,0,0,0,0,1
function@mpi_recv_init_,0,0,0,0,0,1,0,0,0,0,1
function@mpi_dims_create_,0,0,0,0,0,1,0,0,0,0,1
function@mpi_start_,0,0,0,0,0,1,0,0,0,0,1
function@mpi_allreduce_,0,0,0,0,0,0,0,0,0,0,0
function@mpi_abort_,0,0,0,0,0,0,0,0,0,0,0
function@mpi_reduce_,0,0,0,0,0,0,0,0,0,0,0
function@_QMhuygens_modPhuygens_init,0,0,0,0,0,0,0,0,0,0,0
function@_QMhuygens_modPhuygensh,3270,919,0,1191,908,210,136311,21863.6,16025.7,20780.9,9084.57
function@_QMhuygens_modPhuygense,4014,1173,0,1501,1072,255,171263,28018.4,21579.3,24710,11317.4
function@_QMhuygens_modPuin,1605,500,0,282,594,99,31596.1,9230.42,5190.62,10206.9,2421.08
function@_QMmaterial_modPmat_init,4585,1293,0,1958,971,168,1.12457e+09,7.56867e+07,2.92891e+08,3.74341e+07,8.432e+06
function@_QMmaterial_modPmat_updatee,222,180,0,218,80,27,333423,185889,131904,12844.6,35804.1
function@calcflops_,0,0,0,0,0,0,0,0,0,0,0
function@_QMpower_modPpower_init,132,77,0,74,49,46,109044,56863.8,25703.1,9179,15855.4
function@_QMpower_modPpower_stop,0,0,0,0,0,0,0,0,0,0,0
function@_QMpower_modPpower_dft,115,37,0,43,21,18,88092.5,25649.1,21873.7,4312.78,13774.1
function@_QMpower_modPpower_print,49,31,0,32,13,28,2835.7,3042.64,47.6641,6.2793,1545.31
function@_QMpower_modPpower_intere,44,40,0,35,23,12,22.6667,16,21.3333,12.3333,5.33333
function@_QMpower_modPpower_interh,68,58,0,47,18,10,33.3333,23.3333,30,10.1667,3.33333
function@_QMpower_modPread_power,42,39,0,22,8,65,261.098,602.171,375.321,90.1174,2267.99
function@_QMpower_modPpower_updateh,128,79,0,101,81,18,5920.74,2932.01,3018.07,1283.73,554.766
function@timer_,0,0,0,0,0,5,0,0,0,0,3.85714
function@leapfrog_,74,112,0,75,51,43,3884.76,6124.44,1595.07,170.711,2562.34
function@_QMpec_modPpec_read,0,8,0,0,4,21,0,16.3594,0,12.7383,56.5156
function@_QMpec_modPpec_init,1038,535,0,480,308,162,654298,126769,221853,108411,81889.9
function@_QMpec_modPpec_apply,78,38,0,71,38,10,1136.25,529.25,728.188,237.438,83.875
function@_QMpec_modPpec_end,0,0,0,0,0,3,0,0,0,0,1.2
function@_QQmain,34,34,0,57,19,64,21.25,33.125,35.625,11.875,46.25
