Comando: /home/mpvreal/Code/Faculdade/tcc/llvm/build/bin/llc --march=aarch64 --regalloc=basic -o -
Heurística: original
function@writeout_,167,0,0,60,0,585,40155.8,0,897.896,0,31858.3
function@_QMplane_source_modPplane_source_init,54,0,0,13,0,111,4888.44,0,12.375,0,2250.75
function@_QMplane_source_modPplane_source_read,36,0,0,15,0,152,688.555,0,115.555,0,1251.97
function@_QMplane_source_modPplane_source_apply,0,0,0,0,0,10,0,0,0,0,28.9375
function@_QMplane_source_modPplane_source_end,0,0,0,0,0,0,0,0,0,0,0
function@_QMcommunicate_modPcom_init_mpi,0,0,0,0,0,0,0,0,0,0,0
function@_QMcommunicate_modPcommunicate_end,0,0,0,0,0,16,0,0,0,0,8.89412
function@init_,17,0,0,2,0,359,7.55273,0,1.08789,0,68.1968
function@_QMmur_modPmur_init,23,0,0,5,0,190,46.7031,0,3.625,0,133.094
function@_QMmur_modPmur_updatee,933,0,0,376,0,145,863.364,0,172.252,0,157.45
function@_QMmur_modPmur_storee,96,0,0,49,0,55,235.185,0,87.0185,0,148.889
function@_QMmur_modPmur_end,0,0,0,0,0,72,0,0,0,0,10.3125
function@_QMmur_modPmur_set_mf_arrays,17,0,0,12,0,8,1129.2,0,129.5,0,89.1
function@_QMupdate_modPupdate_init,0,0,0,0,0,0,0,0,0,0,0
function@_QMupdate_modPupdateh,113,0,0,29,0,1,113,0,29,0,1
function@_QMupdate_modPupdateh..omp_par.4,282,2,0,142,0,6,12666.7,1.25,1653.25,0,362.625
function@_QMupdate_modPupdateh..omp_par.3,60,0,0,42,0,5,5351.33,0,116.75,0,34.5
function@_QMupdate_modPupdateh..omp_par.2,16,0,0,12,0,5,73,0,12,0,34.5
function@_QMupdate_modPupdateh..omp_par.1,22,1,0,15,0,5,1449.25,0.666667,23.9167,0,34.5
function@_QMupdate_modPupdateh..omp_par,64,0,0,49,0,3,3404.42,0,88.75,0,35.1667
function@_QMupdate_modPupdatee,82,0,0,29,0,0,59,0,29,0,0
function@_QMupdate_modPupdatee..omp_par.7,428,0,0,175,0,0,135291,0,8497.5,0,0
function@_QMupdate_modPupdatee..omp_par.6,79,0,0,42,0,14,1169.6,0,127.264,0,33.6932
function@_QMupdate_modPupdatee..omp_par.5,114,0,0,51,0,2,1299.01,0,191.589,0,20.7239
function@_QMupdate_modPupdatee..omp_par,16,0,0,12,0,2,1356.08,0,11.6667,0,21.9167
function@_QMupdate_modPupdate_inith,102,0,0,32,0,23,161.88,0,39.84,0,2036
function@_QMupdate_modPupdate_inith..omp_par.11,59,1,0,37,0,7,3708.58,0.666667,1383.25,0,501.5
function@_QMupdate_modPupdate_inith..omp_par.10,7,0,0,5,0,6,366.833,0,5,0,45.0833
function@_QMupdate_modPupdate_inith..omp_par.9,0,0,0,0,0,9,0,0,0,0,38.5
function@_QMupdate_modPupdate_inith..omp_par.8,0,0,0,0,0,9,0,0,0,0,38.5
function@_QMupdate_modPupdate_inith..omp_par,7,0,0,5,0,4,26.25,0,5,0,23.9167
function@_QMupdate_modPupdate_inite,204,0,0,37,0,55,168.083,0,40.2686,0,1304.89
function@_QMupdate_modPupdate_inite..omp_par.14,41,0,0,18,0,2,2899.83,0,761,0,79.8333
function@_QMupdate_modPupdate_inite..omp_par.13,0,0,0,0,0,11,0,0,0,0,41
function@_QMupdate_modPupdate_inite..omp_par.12,0,0,0,0,0,11,0,0,0,0,41
function@_QMupdate_modPupdate_inite..omp_par,0,0,0,0,0,11,0,0,0,0,41
function@_QMupml_modPupml_allocate,44,0,0,1,0,368,35.1765,0,1,0,315.059
function@_QMupml_modPcheck_allocate,0,0,0,0,0,22,0,0,0,0,2
function@_QMupml_modPupml_set_eps_arrays,54,0,0,30,0,115,5111.03,0,720.531,0,374.875
function@_QMupml_modPupml_init,1809,0,0,701,0,237,1637.67,0,265.681,0,829.125
function@_QMupml_modPupml_initb,0,0,0,0,0,5,0,0,0,0,5
function@_QMupml_modPupml_initb..omp_par,331,0,0,47,0,38,1.69879e+06,0,7139.83,0,1072.25
function@_QMupml_modPupml_inith,14,0,0,11,0,0,14,0,11,0,0
function@_QMupml_modPupml_inith..omp_par,318,4,0,118,0,41,23758.8,2.66667,5866.08,0,1884.75
function@_QMupml_modPupml_updateh,37,0,0,28,0,2,37,0,28,0,2
function@_QMupml_modPupml_updateh..omp_par,3047,0,0,398,0,32,1.76188e+07,0,154174,0,71.8333
function@_QMupml_modPupml_updatee,0,0,0,0,0,0,0,0,0,0,0
function@_QMupml_modPupml_updatee_homo,38,0,0,28,0,4,38,0,28,0,4
function@_QMupml_modPupml_updatee_homo..omp_par,4894,1,0,833,0,60,1.69106e+07,0.666667,149569,0,2251.58
function@_QMupml_modPupml_updatee_simple,38,0,0,28,0,4,38,0,28,0,4
function@_QMupml_modPupml_updatee_simple..omp_par,5381,1,0,857,0,62,1.9283e+07,0.666667,191147,0,2273.5
function@_QMupml_modPupml_initd,0,0,0,0,0,5,0,0,0,0,5
function@_QMupml_modPupml_initd..omp_par,571,0,0,54,0,82,1.93395e+06,0,1434.58,0,1345.25
function@_QMupml_modPupml_inite,12,0,0,10,0,0,12,0,10,0,0
function@_QMupml_modPupml_inite..omp_par,450,4,0,125,0,61,29418.3,2.66667,6815.08,0,2067
function@_QMupml_modPupml_end,0,0,0,0,0,450,0,0,0,0,241.667
function@_QMupml_modPcheck_deallocate,0,0,0,0,0,9,0,0,0,0,6.33333
function@_QMreadline_modPreadline,19,0,0,11,0,62,51.788,0,12.7391,0,176.962
function@_QMreadline_modPcheckifkeyword,0,0,0,0,0,8,0,0,0,0,33.7308
function@mpi_barrier_,0,0,0,0,0,6,0,0,0,0,6
function@mpi_bcast_,0,0,0,0,0,13,0,0,0,0,13
function@mpi_bcast_integers_,0,0,0,0,0,13,0,0,0,0,13
function@mpi_bcast_reals_,0,0,0,0,0,13,0,0,0,0,13
function@mpi_bcast_logical_,0,0,0,0,0,13,0,0,0,0,13
function@mpi_cart_rank_,0,0,0,0,0,9,0,0,0,0,9
function@mpi_cart_create_,0,0,0,0,0,15,0,0,0,0,15
function@mpi_cart_coords_,0,0,0,0,0,11,0,0,0,0,11
function@mpi_cart_shift_,0,0,0,0,0,14,0,0,0,0,14
function@mpi_comm_rank_,0,0,0,0,0,7,0,0,0,0,7
function@mpi_comm_size_,0,0,0,0,0,7,0,0,0,0,7
function@mpi_finalize_,0,0,0,0,0,0,0,0,0,0,0
function@mpi_init_,0,0,0,0,0,0,0,0,0,0,0
function@mpi_recv_,0,0,0,0,0,14,0,0,0,0,14
function@mpi_ssend_,0,0,0,0,0,15,0,0,0,0,15
function@mpi_bsend_,0,0,0,0,0,15,0,0,0,0,15
function@mpi_sendrecv_,4,0,0,4,0,24,4,0,4,0,24
function@mpi_wait_,0,0,0,0,0,7,0,0,0,0,7
function@mpi_isend_,0,0,0,0,0,16,0,0,0,0,16
function@mpi_wtick_,0,0,0,0,0,0,0,0,0,0,0
function@mpi_wtime_,0,0,0,0,0,0,0,0,0,0,0
function@mpi_buffer_attach_,0,0,0,0,0,7,0,0,0,0,7
function@mpi_buffer_detach_,0,0,0,0,0,7,0,0,0,0,7
function@mpi_pack_size_,0,0,0,0,0,10,0,0,0,0,10
function@mpi_gather_,0,0,0,0,0,16,0,0,0,0,16
function@mpi_type_struct_,0,0,0,0,0,16,0,0,0,0,16
function@mpi_type_commit_,0,0,0,0,0,5,0,0,0,0,5
function@mpi_type_extent_,0,0,0,0,0,6,0,0,0,0,6
function@mpi_type_free_,0,0,0,0,0,5,0,0,0,0,5
function@mpi_type_vector_,0,0,0,0,0,14,0,0,0,0,14
function@mpi_type_hvector_,0,0,0,0,0,14,0,0,0,0,14
function@mpi_irecv_,0,0,0,0,0,14,0,0,0,0,14
function@mpi_waitall_,0,0,0,0,0,9,0,0,0,0,9
function@mpi_sendrecv_replace_,4,0,0,4,0,24,4,0,4,0,24
function@mpi_bsend_init_,0,0,0,0,0,15,0,0,0,0,15
function@mpi_recv_init_,0,0,0,0,0,15,0,0,0,0,15
function@mpi_dims_create_,0,0,0,0,0,9,0,0,0,0,9
function@mpi_start_,0,0,0,0,0,6,0,0,0,0,6
function@mpi_allreduce_,0,0,0,0,0,0,0,0,0,0,0
function@mpi_abort_,0,0,0,0,0,0,0,0,0,0,0
function@mpi_reduce_,0,0,0,0,0,0,0,0,0,0,0
function@_QMhuygens_modPhuygens_init,0,0,0,0,0,0,0,0,0,0,0
function@_QMhuygens_modPhuygensh,606,0,0,141,0,460,741.179,0,84.125,0,1075.39
function@_QMhuygens_modPhuygense,736,0,0,131,0,626,1228.11,0,90.5179,0,1442.61
function@_QMhuygens_modPuin,267,0,0,54,0,142,1153.76,0,70.5903,0,332.436
function@_QMmaterial_modPmat_init,468,0,0,139,0,445,763184,0,80449.5,0,2.89292e+06
function@_QMmaterial_modPmat_updatee,82,0,0,29,0,0,59,0,29,0,0
function@_QMmaterial_modPmat_updatee..omp_par.3,189,0,0,84,0,2,898778,0,12553.4,0,2
function@_QMmaterial_modPmat_updatee..omp_par.2,37,0,0,29,0,4,5291.75,0,2617.58,0,23.9167
function@_QMmaterial_modPmat_updatee..omp_par.1,37,0,0,30,0,2,5717.33,0,3056.42,0,21.9167
function@_QMmaterial_modPmat_updatee..omp_par,36,0,0,25,0,2,4902.92,0,510.5,0,21.9167
function@calcflops_,0,0,0,0,0,0,0,0,0,0,0
function@_QMpower_modPpower_init,16,0,0,6,0,159,54,0,24,0,126.25
function@_QMpower_modPpower_init..omp_par,0,0,0,0,0,8,0,0,0,0,27.9167
function@_QMpower_modPpower_stop,0,0,0,0,0,10,0,0,0,0,455.833
function@_QMpower_modPpower_dft,2,0,0,2,0,14,12.6296,0,2,0,35.7963
function@_QMpower_modPpower_dft..omp_par.1,148,1,0,20,0,8,45177.8,0.666667,19.6667,0,92.9167
function@_QMpower_modPpower_dft..omp_par,28,0,0,7,0,6,534.25,0,67.75,0,87
function@_QMpower_modPpower_print,4,0,0,1,0,63,16.875,0,0.375,0,35.2617
function@_QMpower_modPpower_intere,0,0,0,0,0,22,0,0,0,0,3.41485e-09
function@_QMpower_modPpower_interh,0,0,0,0,0,22,0,0,0,0,3.41485e-09
function@_QMpower_modPread_power,134,0,0,21,0,243,14432.7,0,232.501,0,6618.59
function@_QMpower_modPpower_updateh,35,0,0,22,0,16,22.85,0,13.5,0,35.925
function@timer_,0,0,0,0,0,11,0,0,0,0,7.57143
function@leapfrog_,160,0,0,39,0,87,3185.17,0,36.2891,0,1654.84
function@_QMpec_modPpec_read,2,0,0,2,0,117,0.738281,0,0.738281,0,281.703
function@_QMpec_modPpec_init,268,0,0,96,0,345,24315.5,0,5480.73,0,91455
function@_QMpec_modPpec_apply,0,0,0,0,0,0,0,0,0,0,0
function@_QMpec_modPpec_end,0,0,0,0,0,9,0,0,0,0,3.6
function@_QQmain,25,0,0,23,0,209,56.875,0,26.0156,0,182.969
