Comando: /home/mpvreal/Code/Faculdade/tcc/llvm/build/bin/llc --march=aarch64 --regalloc=greedy -o -
Heurística: original
function@writeout_,113,0,0,63,0,590,44500.7,0,1261.06,0,31860.8
function@_QMplane_source_modPplane_source_init,52,0,0,12,0,112,4887.69,0,12,0,2144.98
function@_QMplane_source_modPplane_source_read,9,0,0,3,0,180,60.7969,0,0.867188,0,1723.73
function@_QMplane_source_modPplane_source_apply,0,0,0,0,0,9,0,0,0,0,13
function@_QMplane_source_modPplane_source_end,0,0,0,0,0,0,0,0,0,0,0
function@_QMcommunicate_modPcom_init_mpi,0,0,0,0,0,0,0,0,0,0,0
function@_QMcommunicate_modPcommunicate_end,0,0,0,0,0,16,0,0,0,0,8.89412
function@init_,0,0,0,0,0,369,0,0,0,0,71.6206
function@_QMmur_modPmur_init,3,0,0,3,0,198,1.875,0,3,0,158.719
function@_QMmur_modPmur_updatee,270,0,0,62,0,174,142.622,0,29.5695,0,171.192
function@_QMmur_modPmur_storee,30,0,0,10,0,68,6.75926,0,10,0,177.111
function@_QMmur_modPmur_end,0,0,0,0,0,78,0,0,0,0,10.3125
function@_QMmur_modPmur_set_mf_arrays,3,0,0,3,0,11,53.65,0,2.6,0,146.05
function@_QMupdate_modPupdate_init,0,0,0,0,0,0,0,0,0,0,0
function@_QMupdate_modPupdateh,99,0,0,39,0,3,99,0,39,0,3
function@_QMupdate_modPupdateh..omp_par.4,265,0,0,143,0,49,7491.47,0,1854.5,0,648.5
function@_QMupdate_modPupdateh..omp_par.3,51,0,0,46,0,20,1399.92,0,101.417,0,4793.08
function@_QMupdate_modPupdateh..omp_par.2,12,0,0,12,0,8,28.1667,0,11.6667,0,37.5
function@_QMupdate_modPupdateh..omp_par.1,21,0,0,19,0,10,123.417,0,16.3333,0,38.8333
function@_QMupdate_modPupdateh..omp_par,55,0,0,51,0,6,509.917,0,105.417,0,869.417
function@_QMupdate_modPupdatee,69,0,0,28,0,0,48.5,0,28,0,0
function@_QMupdate_modPupdatee..omp_par.7,597,0,0,164,0,277,56081.6,0,6900.5,0,32365.4
function@_QMupdate_modPupdatee..omp_par.6,50,0,0,28,0,23,110.62,0,21.2638,0,51.9693
function@_QMupdate_modPupdatee..omp_par.5,47,0,0,29,0,16,156.779,0,21.8896,0,36.2638
function@_QMupdate_modPupdatee..omp_par,11,0,0,11,0,5,58,0,10.6667,0,24.9167
function@_QMupdate_modPupdate_inith,49,0,0,33,0,34,58.96,0,33,0,2074.6
function@_QMupdate_modPupdate_inith..omp_par.11,36,0,0,30,0,10,343.917,0,44.5833,0,185.917
function@_QMupdate_modPupdate_inith..omp_par.10,5,0,0,5,0,10,3.33333,0,5,0,49.0833
function@_QMupdate_modPupdate_inith..omp_par.9,0,0,0,0,0,9,0,0,0,0,38.5
function@_QMupdate_modPupdate_inith..omp_par.8,0,0,0,0,0,9,0,0,0,0,38.5
function@_QMupdate_modPupdate_inith..omp_par,5,0,0,5,0,8,3.33333,0,5,0,27.9167
function@_QMupdate_modPupdate_inite,126,0,0,31,0,75,46.0041,0,29.7521,0,1335.96
function@_QMupdate_modPupdate_inite..omp_par.14,18,0,0,18,0,20,364.833,0,74.3333,0,601.833
function@_QMupdate_modPupdate_inite..omp_par.13,0,0,0,0,0,11,0,0,0,0,41
function@_QMupdate_modPupdate_inite..omp_par.12,0,0,0,0,0,11,0,0,0,0,41
function@_QMupdate_modPupdate_inite..omp_par,0,0,0,0,0,11,0,0,0,0,41
function@_QMupml_modPupml_allocate,0,0,0,0,0,370,0,0,0,0,317.059
function@_QMupml_modPcheck_allocate,0,0,0,0,0,22,0,0,0,0,1.02445e-08
function@_QMupml_modPupml_set_eps_arrays,14,0,0,11,0,156,883.094,0,100.781,0,1322.28
function@_QMupml_modPupml_init,4146,0,0,437,0,947,1062.77,0,185.293,0,2819.59
function@_QMupml_modPupml_initb,0,0,0,0,0,5,0,0,0,0,5
function@_QMupml_modPupml_initb..omp_par,61,0,0,35,0,54,110068,0,1522.08,0,1081.33
function@_QMupml_modPupml_inith,11,0,0,11,0,0,11,0,11,0,0
function@_QMupml_modPupml_inith..omp_par,226,0,0,91,0,97,4688.5,0,170.833,0,2629.42
function@_QMupml_modPupml_updateh,28,0,0,28,0,0,28,0,28,0,0
function@_QMupml_modPupml_updateh..omp_par,816,0,0,420,0,169,3.52303e+06,0,124805,0,660505
function@_QMupml_modPupml_updatee,0,0,0,0,0,0,0,0,0,0,0
function@_QMupml_modPupml_updatee_homo,28,0,0,28,0,0,28,0,28,0,0
function@_QMupml_modPupml_updatee_homo..omp_par,1599,0,0,892,0,286,2.86579e+06,0,207815,0,635488
function@_QMupml_modPupml_updatee_simple,28,0,0,28,0,0,28,0,28,0,0
function@_QMupml_modPupml_updatee_simple..omp_par,1731,0,0,931,0,331,3.30318e+06,0,243590,0,711019
function@_QMupml_modPupml_initd,0,0,0,0,0,5,0,0,0,0,5
function@_QMupml_modPupml_initd..omp_par,79,0,0,44,0,128,3731.92,0,954.583,0,1411.17
function@_QMupml_modPupml_inite,10,0,0,10,0,0,10,0,10,0,0
function@_QMupml_modPupml_inite..omp_par,310,0,0,100,0,133,7989,0,170.833,0,2141.67
function@_QMupml_modPupml_end,0,0,0,0,0,450,0,0,0,0,241.667
function@_QMupml_modPcheck_deallocate,0,0,0,0,0,9,0,0,0,0,6.33333
function@_QMreadline_modPreadline,8,0,0,7,0,69,9.46739,0,6,0,190.12
function@_QMreadline_modPcheckifkeyword,0,0,0,0,0,8,0,0,0,0,33.7308
function@mpi_barrier_,0,0,0,0,0,6,0,0,0,0,6
function@mpi_bcast_,0,0,0,0,0,13,0,0,0,0,13
function@mpi_bcast_integers_,0,0,0,0,0,13,0,0,0,0,13
function@mpi_bcast_reals_,0,0,0,0,0,13,0,0,0,0,13
function@mpi_bcast_logical_,0,0,0,0,0,13,0,0,0,0,13
function@mpi_cart_rank_,0,0,0,0,0,9,0,0,0,0,9
function@mpi_cart_create_,0,0,0,0,0,15,0,0,0,0,15
function@mpi_cart_coords_,0,0,0,0,0,11,0,0,0,0,11
function@mpi_cart_shift_,0,0,0,0,0,14,0,0,0,0,14
function@mpi_comm_rank_,0,0,0,0,0,7,0,0,0,0,7
function@mpi_comm_size_,0,0,0,0,0,7,0,0,0,0,7
function@mpi_finalize_,0,0,0,0,0,0,0,0,0,0,0
function@mpi_init_,0,0,0,0,0,0,0,0,0,0,0
function@mpi_recv_,0,0,0,0,0,14,0,0,0,0,14
function@mpi_ssend_,0,0,0,0,0,15,0,0,0,0,15
function@mpi_bsend_,0,0,0,0,0,15,0,0,0,0,15
function@mpi_sendrecv_,4,0,0,4,0,26,4,0,4,0,26
function@mpi_wait_,0,0,0,0,0,7,0,0,0,0,7
function@mpi_isend_,0,0,0,0,0,16,0,0,0,0,16
function@mpi_wtick_,0,0,0,0,0,0,0,0,0,0,0
function@mpi_wtime_,0,0,0,0,0,0,0,0,0,0,0
function@mpi_buffer_attach_,0,0,0,0,0,7,0,0,0,0,7
function@mpi_buffer_detach_,0,0,0,0,0,7,0,0,0,0,7
function@mpi_pack_size_,0,0,0,0,0,10,0,0,0,0,10
function@mpi_gather_,0,0,0,0,0,16,0,0,0,0,16
function@mpi_type_struct_,0,0,0,0,0,16,0,0,0,0,16
function@mpi_type_commit_,0,0,0,0,0,5,0,0,0,0,5
function@mpi_type_extent_,0,0,0,0,0,6,0,0,0,0,6
function@mpi_type_free_,0,0,0,0,0,5,0,0,0,0,5
function@mpi_type_vector_,0,0,0,0,0,14,0,0,0,0,14
function@mpi_type_hvector_,0,0,0,0,0,14,0,0,0,0,14
function@mpi_irecv_,0,0,0,0,0,14,0,0,0,0,14
function@mpi_waitall_,0,0,0,0,0,9,0,0,0,0,9
function@mpi_sendrecv_replace_,4,0,0,4,0,26,4,0,4,0,26
function@mpi_bsend_init_,0,0,0,0,0,15,0,0,0,0,15
function@mpi_recv_init_,0,0,0,0,0,15,0,0,0,0,15
function@mpi_dims_create_,0,0,0,0,0,9,0,0,0,0,9
function@mpi_start_,0,0,0,0,0,6,0,0,0,0,6
function@mpi_allreduce_,0,0,0,0,0,0,0,0,0,0,0
function@mpi_reduce_,0,0,0,0,0,0,0,0,0,0,0
function@_QMhuygens_modPhuygens_init,0,0,0,0,0,0,0,0,0,0,0
function@_QMhuygens_modPhuygensh,337,0,0,149,0,486,127.339,0,96.1429,0,1086.59
function@_QMhuygens_modPhuygense,429,0,0,162,0,619,147.464,0,92.625,0,1438.27
function@_QMhuygens_modPuin,108,0,0,48,0,179,287.476,0,7.27257,0,346.198
function@_QMmaterial_modPmat_init,254,0,0,151,0,513,520269,0,44177.6,0,2.95261e+06
function@_QMmaterial_modPmat_updatee,69,0,0,28,0,0,48.5,0,28,0,0
function@_QMmaterial_modPmat_updatee..omp_par.3,111,0,0,95,0,9,367529,0,38146.6,0,25605.8
function@_QMmaterial_modPmat_updatee..omp_par.2,27,0,0,25,0,9,1934.75,0,92.5833,0,1711.33
function@_QMmaterial_modPmat_updatee..omp_par.1,25,0,0,25,0,8,1520.08,0,80,0,858.833
function@_QMmaterial_modPmat_updatee..omp_par,26,0,0,26,0,9,3600,0,80.3333,0,1711.33
function@calcflops_,0,0,0,0,0,0,0,0,0,0,0
function@_QMpower_modPpower_init,7,0,0,3,0,168,4,0,3,0,134.641
function@_QMpower_modPpower_init..omp_par,0,0,0,0,0,8,0,0,0,0,27.9167
function@_QMpower_modPpower_stop,0,0,0,0,0,10,0,0,0,0,455.833
function@_QMpower_modPpower_dft,7,0,0,7,0,9,44.2037,0,7,0,30.7963
function@_QMpower_modPpower_dft..omp_par.1,22,0,0,21,0,11,852.583,0,93.6667,0,95.9167
function@_QMpower_modPpower_dft..omp_par,10,0,0,7,0,9,192.25,0,46.8333,0,90
function@_QMpower_modPpower_print,1,0,0,1,0,64,0.375,0,0.375,0,35.2617
function@_QMpower_modPpower_intere,0,0,0,0,0,23,0,0,0,0,3.57007e-09
function@_QMpower_modPpower_interh,0,0,0,0,0,23,0,0,0,0,3.57007e-09
function@_QMpower_modPread_power,117,0,0,14,0,258,14029.3,0,17.6932,0,6995.26
function@_QMpower_modPpower_updateh,20,0,0,15,0,30,4.8,0,11.8,0,46.5
function@timer_,0,0,0,0,0,11,0,0,0,0,7.57143
function@leapfrog_,101,0,0,39,0,176,741.587,0,45.5781,0,2535.85
function@_QMpec_modPpec_read,2,0,0,2,0,119,0.738281,0,0.738281,0,289.195
function@_QMpec_modPpec_init,127,0,0,102,0,376,16723.6,0,6608.02,0,95884.1
function@_QMpec_modPpec_apply,0,0,0,0,0,0,0,0,0,0,0
function@_QMpec_modPpec_end,0,0,0,0,0,9,0,0,0,0,3.6
function@_QQmain,21,0,0,21,0,226,13.125,0,13.125,0,276.797
