Comando: /home/mpvreal/Code/Faculdade/tcc/llvm/build/bin/llc -march=x86 --regalloc=basic -o -
Heurística: div(cost,mul(area,degree))
~&SPILL_STATS,0, 0, 0, 0, 0, 0, 0, 0, 0, 0, 0
~&SPILL_STATS,0, 0, 0, 0, 0, 0, 0, 0, 0, 0, 0
~&SPILL_STATS,0, 0, 0, 0, 0, 0, 0, 0, 0, 0, 0
~&SPILL_STATS,0, 0, 0, 0, 0, 0, 0, 0, 0, 0, 0
~&SPILL_STATS,0, 0, 0, 0, 0, 0, 0, 0, 0, 0, 0
~&SPILL_STATS,0, 0, 0, 0, 0, 16, 0, 0, 0, 0, 16
~&SPILL_STATS,0, 0, 0, 0, 0, 5, 0, 0, 0, 0, 1.90741
~&SPILL_STATS,0, 0, 0, 0, 0, 0, 0, 0, 0, 0, 0
~&SPILL_STATS,0, 0, 0, 0, 0, 1, 0, 0, 0, 0, 1
~&SPILL_STATS,0, 0, 0, 0, 0, 0, 0, 0, 0, 0, 0
~&SPILL_STATS,3, 5, 0, 2, 5, 8, 24.2491, 32.8198, 16.4994, 3.93742, 47.4982
~&SPILL_STATS,6, 2, 0, 4, 1, 5, 77.7602, 15.2536, 47.2529, 15.2536, 46.7609
~&SPILL_STATS,5, 1, 0, 4, 1, 5, 36, 8, 24.25, 8, 33.754
~&SPILL_STATS,3, 1, 0, 3, 2, 25, 64.4901, 0.00400355, 0.503113, 0.378878, 479.02
~&SPILL_STATS,0, 4, 0, 2, 0, 10, 0, 3.62469, 2, 0, 43.4868
~&SPILL_STATS,0, 0, 0, 0, 0, 0, 0, 0, 0, 0, 0
~&SPILL_STATS,0, 0, 0, 0, 0, 0, 0, 0, 0, 0, 0
~&SPILL_STATS,0, 0, 0, 0, 0, 7, 0, 0, 0, 0, 32.9697
~&SPILL_STATS,7, 3, 0, 4, 5, 11, 5.99656, 0.00149831, 3.62273, 4.62367, 4.87466
~&SPILL_STATS,0, 0, 0, 0, 0, 0, 0, 0, 0, 0, 0
~&SPILL_STATS,0, 0, 0, 0, 0, 0, 0, 0, 0, 0, 0
~&SPILL_STATS,0, 0, 0, 0, 0, 0, 0, 0, 0, 0, 0
~&SPILL_STATS,10, 10, 0, 7, 2, 15, 170.807, 155.95, 119.832, 39.6064, 843.507
~&SPILL_STATS,0, 0, 0, 0, 0, 0, 0, 0, 0, 0, 0
~&SPILL_STATS,10, 0, 0, 1, 0, 8, 6.87498, 0, 1, 0, 59.9953
~&SPILL_STATS,0, 0, 0, 0, 0, 1, 0, 0, 0, 0, 21.25
~&SPILL_STATS,4, 3, 0, 3, 0, 9, 2.83333, 0.833334, 2.5, 0, 6.33333
~&SPILL_STATS,0, 0, 0, 0, 0, 0, 0, 0, 0, 0, 0
~&SPILL_STATS,0, 0, 0, 0, 0, 0, 0, 0, 0, 0, 0
~&SPILL_STATS,0, 0, 0, 0, 0, 0, 0, 0, 0, 0, 0
~&SPILL_STATS,0, 0, 0, 0, 0, 1, 0, 0, 0, 0, 20
~&SPILL_STATS,0, 0, 0, 0, 0, 0, 0, 0, 0, 0, 0
~&SPILL_STATS,0, 0, 0, 0, 0, 0, 0, 0, 0, 0, 0
~&SPILL_STATS,0, 0, 0, 0, 0, 0, 0, 0, 0, 0, 0
~&SPILL_STATS,0, 0, 0, 0, 0, 0, 0, 0, 0, 0, 0
~&SPILL_STATS,44, 17, 0, 16, 21, 13, 6.50118, 6.39783, 2.26313, 3.23286, 16.1844
~&SPILL_STATS,0, 0, 0, 0, 0, 0, 0, 0, 0, 0, 0
~&SPILL_STATS,0, 0, 0, 0, 0, 0, 0, 0, 0, 0, 0
~&SPILL_STATS,1, 0, 0, 1, 0, 8, 6.2497, 0, 0.625, 0, 109.737
~&SPILL_STATS,0, 0, 0, 0, 0, 0, 0, 0, 0, 0, 0
~&SPILL_STATS,7, 3, 0, 4, 5, 11, 5.99656, 0.00149831, 3.62273, 4.62367, 4.87466
~&SPILL_STATS,0, 0, 0, 0, 0, 2, 0, 0, 0, 0, 10.1587
~&SPILL_STATS,0, 0, 0, 0, 0, 0, 0, 0, 0, 0, 0
~&SPILL_STATS,0, 0, 0, 0, 0, 0, 0, 0, 0, 0, 0
~&SPILL_STATS,0, 0, 0, 0, 0, 1, 0, 0, 0, 0, 9.53616e-07
~&SPILL_STATS,0, 0, 0, 0, 0, 0, 0, 0, 0, 0, 0
~&SPILL_STATS,0, 0, 0, 0, 0, 0, 0, 0, 0, 0, 0
~&SPILL_STATS,0, 0, 0, 0, 0, 0, 0, 0, 0, 0, 0
~&SPILL_STATS,0, 0, 0, 0, 0, 0, 0, 0, 0, 0, 0
~&SPILL_STATS,0, 0, 0, 0, 0, 0, 0, 0, 0, 0, 0
~&SPILL_STATS,0, 0, 0, 0, 0, 0, 0, 0, 0, 0, 0
~&SPILL_STATS,0, 0, 0, 0, 0, 0, 0, 0, 0, 0, 0
~&SPILL_STATS,0, 0, 0, 0, 0, 0, 0, 0, 0, 0, 0
~&SPILL_STATS,3, 1, 0, 2, 3, 5, 2.25926, 0.62963, 1.25926, 1.62963, 1.94444
~&SPILL_STATS,0, 0, 0, 0, 0, 0, 0, 0, 0, 0, 0
~&SPILL_STATS,47, 20, 0, 16, 11, 18, 205.934, 120.31, 109.06, 24.4996, 60.3115
~&SPILL_STATS,0, 0, 0, 0, 0, 0, 0, 0, 0, 0, 0
~&SPILL_STATS,0, 0, 0, 0, 0, 0, 0, 0, 0, 0, 0
~&SPILL_STATS,0, 0, 0, 0, 0, 2, 0, 0, 0, 0, 1.30769
~&SPILL_STATS,0, 0, 0, 0, 0, 2, 0, 0, 0, 0, 1.30769
~&SPILL_STATS,0, 0, 0, 0, 0, 0, 0, 0, 0, 0, 0
~&SPILL_STATS,0, 0, 0, 0, 0, 0, 0, 0, 0, 0, 0
~&SPILL_STATS,4, 6, 0, 3, 5, 18, 2.26531, 3.74843, 1.87469, 3.125, 37.1581
~&SPILL_STATS,2, 7, 0, 3, 1, 7, 1, 4, 2, 1, 4
~&SPILL_STATS,0, 2, 0, 1, 0, 4, 0, 1, 1, 0, 4
~&SPILL_STATS,71, 41, 0, 26, 16, 35, 44478.8, 24494.9, 10465.8, 8504.16, 17919.9
~&SPILL_STATS,22, 5, 0, 5, 8, 24, 38.5504, 6.95349, 3.55039, 9.42636, 46.5581
~&SPILL_STATS,14, 1, 0, 4, 1, 10, 61.1951, 12.4634, 31.439, 12.7805, 355.61
~&SPILL_STATS,13, 11, 0, 9, 14, 9, 15.875, 47.2188, 55.1875, 10.25, 44.6875
~&SPILL_STATS,26, 10, 0, 7, 11, 13, 152.156, 23.25, 7, 48.5938, 85.875
~&SPILL_STATS,26, 5, 0, 17, 6, 9, 78.5786, 1.10094, 19.7336, 8.21479, 9.06573
~&SPILL_STATS,61, 37, 0, 38, 18, 15, 569.918, 514.891, 354.648, 138.775, 350.408
~&SPILL_STATS,81, 25, 0, 31, 7, 7, 1057.43, 184.42, 238.21, 47.3333, 133.062
~&SPILL_STATS,47, 45, 0, 40, 17, 15, 1098.12, 1097.81, 710, 274.469, 712
~&SPILL_STATS,44, 16, 0, 17, 17, 44, 89.3971, 12, 14.8309, 17.7721, 48.1397
~&SPILL_STATS,0, 0, 0, 0, 0, 0, 0, 0, 0, 0, 0
~&SPILL_STATS,0, 0, 0, 0, 0, 0, 0, 0, 0, 0, 0
~&SPILL_STATS,0, 0, 0, 0, 0, 0, 0, 0, 0, 0, 0
~&SPILL_STATS,0, 0, 0, 0, 0, 0, 0, 0, 0, 0, 0
~&SPILL_STATS,0, 0, 0, 0, 0, 5, 0, 0, 0, 0, 2.125
~&SPILL_STATS,0, 0, 0, 0, 0, 2, 0, 0, 0, 0, 1
~&SPILL_STATS,8, 2, 0, 4, 4, 3, 214.75, 62, 95, 125, 96
~&SPILL_STATS,0, 0, 0, 0, 0, 0, 0, 0, 0, 0, 0
~&SPILL_STATS,0, 0, 0, 0, 0, 0, 0, 0, 0, 0, 0
~&SPILL_STATS,0, 0, 0, 0, 0, 0, 0, 0, 0, 0, 0
~&SPILL_STATS,6, 6, 0, 3, 2, 4, 2.1875, 1.40625, 1.44531, 0.742187, 1.25
~&SPILL_STATS,0, 0, 0, 0, 0, 6, 0, 0, 0, 0, 5.16666
~&SPILL_STATS,0, 0, 0, 0, 0, 0, 0, 0, 0, 0, 0
~&SPILL_STATS,30, 23, 0, 13, 9, 34, 4420.78, 5410.48, 2493.24, 1384.22, 3156.94
~&SPILL_STATS,0, 0, 0, 0, 0, 0, 0, 0, 0, 0, 0
~&SPILL_STATS,15, 2, 0, 91, 5, 29, 47.7992, 1.93087, 31.5799, 8.94291, 25.3359
~&SPILL_STATS,0, 0, 0, 0, 0, 1, 0, 0, 0, 0, 0.5
~&SPILL_STATS,0, 0, 0, 0, 0, 0, 0, 0, 0, 0, 0
~&SPILL_STATS,2, 2, 0, 1, 0, 1, 1.33333, 2, 1, 0, 1
~&SPILL_STATS,0, 0, 0, 0, 0, 0, 0, 0, 0, 0, 0
~&SPILL_STATS,0, 0, 0, 0, 0, 0, 0, 0, 0, 0, 0
~&SPILL_STATS,0, 0, 0, 0, 0, 1, 0, 0, 0, 0, 1
~&SPILL_STATS,0, 0, 0, 0, 0, 0, 0, 0, 0, 0, 0
~&SPILL_STATS,15, 19, 0, 9, 5, 10, 55473.5, 66811.2, 774.055, 8086.6, 60213.8
~&SPILL_STATS,10, 3, 0, 7, 4, 1, 63.4982, 32.9991, 49.9986, 3, 1.52583e-05
~&SPILL_STATS,3, 1, 0, 3, 0, 2, 1.62469, 0.124938, 1.37481, 0, 0.00018836
~&SPILL_STATS,83, 27, 0, 45, 19, 10, 448.765, 139.002, 221.413, 76.7812, 89.6304
~&SPILL_STATS,40, 19, 0, 17, 8, 11, 136.823, 95.542, 77.788, 54.4126, 39.8868
~&SPILL_STATS,27, 35, 0, 12, 0, 15, 11.2143, 12.25, 7.57143, 0, 7.41071
~&SPILL_STATS,16, 11, 0, 11, 3, 15, 241.833, 218.848, 209.338, 108.008, 500.166
~&SPILL_STATS,19, 15, 0, 10, 1, 10, 106.041, 228.75, 138.932, 19.5, 222.234
~&SPILL_STATS,8, 3, 0, 5, 1, 6, 6.25966, 4.79128, 8.82431, 0.513209, 15.1174
~&SPILL_STATS,15, 5, 0, 5, 5, 9, 57.0946, 16.6407, 15.1612, 9.07211, 21.6786
~&SPILL_STATS,0, 0, 0, 0, 0, 1, 0, 0, 0, 0, 21.25
~&SPILL_STATS,0, 0, 0, 0, 0, 0, 0, 0, 0, 0, 0
~&SPILL_STATS,0, 0, 0, 0, 0, 9, 0, 0, 0, 0, 7.99999
~&SPILL_STATS,0, 0, 0, 0, 0, 3, 0, 0, 0, 0, 1.375
~&SPILL_STATS,0, 0, 0, 0, 0, 0, 0, 0, 0, 0, 0
~&SPILL_STATS,19, 16, 0, 12, 4, 17, 504.708, 377.283, 135.922, 65.9626, 3934.72
~&SPILL_STATS,1, 1, 0, 1, 0, 10, 0.251465, 0.804687, 0.804687, 0, 6.35644
~&SPILL_STATS,0, 0, 0, 0, 0, 0, 0, 0, 0, 0, 0
~&SPILL_STATS,0, 0, 0, 0, 0, 0, 0, 0, 0, 0, 0
~&SPILL_STATS,0, 0, 0, 0, 0, 0, 0, 0, 0, 0, 0
~&SPILL_STATS,0, 0, 0, 0, 0, 0, 0, 0, 0, 0, 0
~&SPILL_STATS,0, 0, 0, 0, 0, 0, 0, 0, 0, 0, 0
~&SPILL_STATS,0, 0, 0, 0, 0, 1, 0, 0, 0, 0, 21.25
~&SPILL_STATS,8, 8, 0, 3, 2, 4, 2.69531, 2.77344, 1.44531, 0.3125, 1.25
~&SPILL_STATS,7, 2, 0, 13, 4, 15, 1.56063, 0.146457, 1.23622, 0.47874, 9.88819
~&SPILL_STATS,0, 0, 0, 0, 0, 0, 0, 0, 0, 0, 0
~&SPILL_STATS,0, 0, 0, 0, 0, 0, 0, 0, 0, 0, 0
~&SPILL_STATS,0, 0, 0, 0, 0, 0, 0, 0, 0, 0, 0
~&SPILL_STATS,7, 17, 0, 9, 6, 14, 665, 712.742, 13.8153, 34.6629, 1700.24
~&SPILL_STATS,0, 0, 0, 0, 0, 1, 0, 0, 0, 0, 0.619048
~&SPILL_STATS,5, 0, 0, 5, 0, 5, 67, 0, 67, 0, 664.111
~&SPILL_STATS,7, 3, 0, 5, 3, 6, 80.6915, 40.234, 22.5483, 40.2278, 84.1638
~&SPILL_STATS,8, 0, 0, 17, 2, 14, 4.02024e-05, 0, 5.96045e-06, 3.41302e-05, 1.00221
~&SPILL_STATS,0, 0, 0, 0, 0, 1, 0, 0, 0, 0, 9.53674e-07
~&SPILL_STATS,2, 2, 0, 1, 0, 1, 1.33333, 2, 1, 0, 1
~&SPILL_STATS,0, 0, 0, 0, 0, 0, 0, 0, 0, 0, 0
~&SPILL_STATS,0, 0, 0, 0, 0, 0, 0, 0, 0, 0, 0
~&SPILL_STATS,0, 0, 0, 0, 0, 0, 0, 0, 0, 0, 0
~&SPILL_STATS,0, 0, 0, 0, 0, 0, 0, 0, 0, 0, 0
~&SPILL_STATS,0, 0, 0, 0, 0, 0, 0, 0, 0, 0, 0
~&SPILL_STATS,0, 0, 0, 0, 0, 0, 0, 0, 0, 0, 0
~&SPILL_STATS,0, 0, 0, 0, 0, 0, 0, 0, 0, 0, 0
~&SPILL_STATS,0, 0, 0, 0, 0, 1, 0, 0, 0, 0, 1
~&SPILL_STATS,0, 0, 0, 0, 0, 1, 0, 0, 0, 0, 21.25
~&SPILL_STATS,0, 0, 0, 0, 0, 0, 0, 0, 0, 0, 0
~&SPILL_STATS,0, 0, 0, 0, 0, 0, 0, 0, 0, 0, 0
~&SPILL_STATS,0, 0, 0, 0, 0, 0, 0, 0, 0, 0, 0
~&SPILL_STATS,0, 2, 0, 1, 0, 4, 0, 2, 1, 0, 2.875
~&SPILL_STATS,29, 6, 0, 13, 4, 23, 58.1465, 14.727, 18.1641, 4.57117, 15.1007
~&SPILL_STATS,3, 5, 0, 3, 0, 10, 0.583333, 1.08333, 1, 0, 2.04167
~&SPILL_STATS,0, 0, 0, 0, 0, 0, 0, 0, 0, 0, 0
~&SPILL_STATS,2, 3, 0, 5, 0, 8, 0.714602, 0.464602, 1.51549, 0, 2.75664
~&SPILL_STATS,0, 4, 0, 2, 0, 8, 0, 3.62469, 2, 0, 3.62437
~&SPILL_STATS,0, 0, 0, 0, 0, 0, 0, 0, 0, 0, 0
~&SPILL_STATS,0, 0, 0, 0, 0, 1, 0, 0, 0, 0, 3.05166e-05
~&SPILL_STATS,7, 3, 0, 4, 5, 11, 5.99656, 0.00149831, 3.62273, 4.62367, 4.87466
~&SPILL_STATS,0, 0, 0, 0, 0, 0, 0, 0, 0, 0, 0
~&SPILL_STATS,0, 0, 0, 0, 0, 0, 0, 0, 0, 0, 0
~&SPILL_STATS,8, 1, 0, 2, 1, 5, 42.9686, 28.061, 1.75391, 0.876953, 29.4995
~&SPILL_STATS,0, 0, 0, 0, 0, 1, 0, 0, 0, 0, 1.90082e-05
~&SPILL_STATS,0, 0, 0, 0, 0, 0, 0, 0, 0, 0, 0
~&SPILL_STATS,0, 0, 0, 0, 0, 0, 0, 0, 0, 0, 0
~&SPILL_STATS,0, 0, 0, 0, 0, 0, 0, 0, 0, 0, 0
~&SPILL_STATS,0, 0, 0, 0, 0, 0, 0, 0, 0, 0, 0
~&SPILL_STATS,0, 0, 0, 0, 0, 2, 0, 0, 0, 0, 1
~&SPILL_STATS,34, 4, 0, 12, 8, 4, 12.9062, 1.5, 6.71875, 3, 1.5
~&SPILL_STATS,14, 13, 0, 7, 3, 14, 1.54202, 7.33832, 1.59622, 0.0698252, 5.58484
~&SPILL_STATS,7, 3, 0, 4, 5, 11, 5.99656, 0.00149831, 3.62273, 4.62367, 4.87466
~&SPILL_STATS,0, 0, 0, 0, 0, 0, 0, 0, 0, 0, 0
~&SPILL_STATS,13, 12, 0, 6, 3, 12, 5.50467, 28.4953, 5.75701, 0.280374, 18.4112
~&SPILL_STATS,0, 0, 0, 0, 0, 0, 0, 0, 0, 0, 0
~&SPILL_STATS,8, 5, 0, 12, 0, 8, 10.4019, 2.61682, 7.48598, 0, 14.215
~&SPILL_STATS,34, 4, 0, 12, 8, 4, 12.9062, 1.5, 6.71875, 3, 1.5
~&SPILL_STATS,22, 4, 0, 6, 6, 4, 7.40624, 1.5, 1.96875, 2.25, 1.5
~&SPILL_STATS,32, 4, 0, 8, 8, 2, 5.29687, 0.749999, 1.35937, 1.5, 0.375
~&SPILL_STATS,0, 0, 0, 0, 0, 0, 0, 0, 0, 0, 0
~&SPILL_STATS,0, 0, 0, 0, 0, 0, 0, 0, 0, 0, 0
~&SPILL_STATS,0, 0, 0, 0, 0, 0, 0, 0, 0, 0, 0
~&SPILL_STATS,0, 0, 0, 0, 0, 0, 0, 0, 0, 0, 0
~&SPILL_STATS,0, 0, 0, 0, 0, 0, 0, 0, 0, 0, 0
~&SPILL_STATS,0, 0, 0, 0, 0, 0, 0, 0, 0, 0, 0
~&SPILL_STATS,0, 0, 0, 0, 0, 0, 0, 0, 0, 0, 0
~&SPILL_STATS,0, 0, 0, 0, 0, 0, 0, 0, 0, 0, 0
~&SPILL_STATS,0, 0, 0, 0, 0, 3, 0, 0, 0, 0, 3
~&SPILL_STATS,0, 0, 0, 0, 0, 2, 0, 0, 0, 0, 2
~&SPILL_STATS,0, 0, 0, 0, 0, 0, 0, 0, 0, 0, 0
~&SPILL_STATS,0, 0, 0, 0, 0, 0, 0, 0, 0, 0, 0
~&SPILL_STATS,0, 0, 0, 0, 0, 0, 0, 0, 0, 0, 0
~&SPILL_STATS,0, 0, 0, 0, 0, 0, 0, 0, 0, 0, 0
~&SPILL_STATS,0, 0, 0, 0, 0, 0, 0, 0, 0, 0, 0
~&SPILL_STATS,0, 0, 0, 0, 0, 0, 0, 0, 0, 0, 0
~&SPILL_STATS,20, 9, 0, 12, 13, 11, 2511.4, 1252, 1665.16, 1280.52, 1267.6
~&SPILL_STATS,4, 17, 0, 11, 2, 3, 0.0703812, 0.294721, 0.22434, 0.0439883, 1.02639
~&SPILL_STATS,0, 0, 0, 0, 0, 0, 0, 0, 0, 0, 0
~&SPILL_STATS,1, 2, 0, 1, 0, 0, 1, 1.5, 1, 0, 0
~&SPILL_STATS,1, 2, 0, 1, 0, 0, 1, 1.5, 1, 0, 0
~&SPILL_STATS,0, 0, 0, 0, 0, 0, 0, 0, 0, 0, 0
~&SPILL_STATS,0, 0, 0, 0, 0, 1, 0, 0, 0, 0, 1
~&SPILL_STATS,0, 0, 0, 0, 0, 1, 0, 0, 0, 0, 1
~&SPILL_STATS,57, 41, 0, 20, 14, 44, 29942.8, 17456.1, 5512.81, 5275.54, 19109.5
~&SPILL_STATS,36, 13, 0, 19, 11, 10, 254.52, 78.0087, 116.349, 15.9084, 14.7563
~&SPILL_STATS,0, 0, 0, 0, 0, 0, 0, 0, 0, 0, 0
~&SPILL_STATS,13, 9, 0, 12, 7, 8, 3612.25, 2342.23, 1234.87, 1960.62, 2561.48
~&SPILL_STATS,0, 0, 0, 0, 0, 0, 0, 0, 0, 0, 0
~&SPILL_STATS,1, 4, 0, 2, 1, 4, 0.294118, 12.2353, 1.29412, 0.294118, 30.3529
~&SPILL_STATS,5, 6, 0, 2, 1, 4, 2.99956, 3.9995, 1.62468, 1, 2.62543
~&SPILL_STATS,0, 0, 0, 0, 0, 3, 0, 0, 0, 0, 1
~&SPILL_STATS,26, 10, 0, 15, 11, 12, 957.22, 95.6248, 88.7491, 59.0607, 1639.31
~&SPILL_STATS,0, 0, 0, 0, 0, 3, 0, 0, 0, 0, 1
~&SPILL_STATS,0, 0, 0, 0, 0, 3, 0, 0, 0, 0, 1
~&SPILL_STATS,18, 17, 0, 10, 7, 9, 3.59332, 4.7253, 4.21821, 2.3436, 3.43735
~&SPILL_STATS,0, 0, 0, 0, 0, 1, 0, 0, 0, 0, 0.666667
~&SPILL_STATS,9, 9, 0, 8, 8, 4, 1931.25, 722.234, 1282.62, 1321.25, 342
~&SPILL_STATS,23, 23, 0, 14, 8, 7, 537.55, 995.75, 28.475, 7.95, 574.7
~&SPILL_STATS,0, 3, 0, 1, 0, 3, 0, 1.45161, 0.483871, 0, 1.96774
~&SPILL_STATS,33, 40, 0, 21, 18, 9, 1069.29, 2484.68, 57.4412, 31.1765, 1110.85
~&SPILL_STATS,10, 0, 0, 2, 0, 0, 160, 0, 2, 0, 0
~&SPILL_STATS,12, 5, 0, 2, 12, 1, 865, 657, 44, 1587, 1
~&SPILL_STATS,23, 23, 0, 6, 5, 1, 3.43842, 16.3578, 2.8695, 1.8695, 0.139296
~&SPILL_STATS,0, 0, 0, 0, 0, 3, 0, 0, 0, 0, 2.25
~&SPILL_STATS,12, 8, 0, 8, 1, 6, 0.164062, 0.113281, 0.125, 0.0117188, 2.03125
~&SPILL_STATS,0, 0, 0, 0, 0, 3, 0, 0, 0, 0, 2.25
~&SPILL_STATS,0, 0, 0, 0, 0, 5, 0, 0, 0, 0, 3
~&SPILL_STATS,0, 1, 0, 1, 0, 4, 0, 0.5, 1, 0, 2
~&SPILL_STATS,0, 3, 0, 1, 0, 3, 0, 1.45161, 0.483871, 0, 1.96774
~&SPILL_STATS,0, 0, 0, 0, 0, 0, 0, 0, 0, 0, 0
~&SPILL_STATS,0, 0, 0, 0, 0, 0, 0, 0, 0, 0, 0
~&SPILL_STATS,0, 0, 0, 0, 0, 0, 0, 0, 0, 0, 0
~&SPILL_STATS,0, 0, 0, 0, 0, 0, 0, 0, 0, 0, 0
~&SPILL_STATS,16, 4, 0, 5, 2, 9, 122.873, 55.999, 51.6241, 12.9998, 73.4986
~&SPILL_STATS,1, 1, 0, 1, 0, 9, 1, 0.000153519, 1, 0, 64.9905
~&SPILL_STATS,0, 0, 0, 0, 0, 0, 0, 0, 0, 0, 0
~&SPILL_STATS,1, 0, 0, 1, 0, 1, 3.01754, 0, 0.491228, 0, 0.491228
~&SPILL_STATS,45, 20, 0, 17, 14, 0, 593.153, 260.887, 228.25, 61.5, 0
~&SPILL_STATS,8, 1, 0, 5, 2, 3, 6.28824, 1.50588, 2.06471, 1.34118, 0.652941
~&SPILL_STATS,10, 11, 0, 8, 4, 6, 0.740765, 0.7267, 1.03308, 0.329956, 1.17037
~&SPILL_STATS,0, 0, 0, 0, 0, 0, 0, 0, 0, 0, 0
~&SPILL_STATS,29, 12, 0, 15, 8, 2, 506.32, 116.874, 124.499, 41.0624, 33.5
~&SPILL_STATS,0, 0, 0, 0, 0, 0, 0, 0, 0, 0, 0
~&SPILL_STATS,0, 0, 0, 0, 0, 0, 0, 0, 0, 0, 0
~&SPILL_STATS,0, 0, 0, 0, 0, 1, 0, 0, 0, 0, 1
~&SPILL_STATS,0, 0, 0, 0, 0, 4, 0, 0, 0, 0, 213.375
~&SPILL_STATS,0, 0, 0, 0, 0, 0, 0, 0, 0, 0, 0
~&SPILL_STATS,7, 6, 0, 8, 9, 2, 7, 6, 8, 9, 2
~&SPILL_STATS,3, 7, 0, 9, 0, 8, 1.5, 6.5, 7, 0, 8
~&SPILL_STATS,33, 22, 0, 30, 8, 5, 24.5175, 26.9825, 20.4825, 6, 5
~&SPILL_STATS,82, 54, 0, 64, 61, 4, 78, 54, 60, 61, 4
~&SPILL_STATS,15, 19, 0, 20, 5, 2, 11, 19, 14, 5, 1.5
~&SPILL_STATS,397, 163, 0, 196, 194, 4, 385, 162.5, 178.5, 185.5, 3
~&SPILL_STATS,0, 0, 0, 0, 0, 0, 0, 0, 0, 0, 0
~&SPILL_STATS,12, 5, 0, 4, 4, 0, 62.4, 33.25, 3.2, 22.65, 0
~&SPILL_STATS,0, 0, 0, 0, 0, 1, 0, 0, 0, 0, 0.305785
~&SPILL_STATS,0, 0, 0, 0, 0, 2, 0, 0, 0, 0, 1.61667
~&SPILL_STATS,1, 1, 0, 1, 0, 8, 1, 0.000953156, 1, 0, 399.38
~&SPILL_STATS,0, 0, 0, 0, 0, 2, 0, 0, 0, 0, 2
~&SPILL_STATS,0, 0, 0, 0, 0, 1, 0, 0, 0, 0, 0.5
~&SPILL_STATS,0, 0, 0, 0, 0, 1, 0, 0, 0, 0, 1
~&SPILL_STATS,0, 0, 0, 0, 0, 0, 0, 0, 0, 0, 0
~&SPILL_STATS,10, 10, 0, 10, 7, 13, 5.47182, 0.163552, 2.61843, 0.852825, 4.04134
~&SPILL_STATS,0, 0, 0, 0, 0, 4, 0, 0, 0, 0, 213.375
~&SPILL_STATS,0, 0, 0, 0, 0, 1, 0, 0, 0, 0, 1
~&SPILL_STATS,68, 11, 0, 26, 21, 7, 28.4242, 3.249, 8.34907, 7.10094, 1.31052
~&SPILL_STATS,41, 13, 0, 26, 16, 23, 472.667, 55.5, 191.333, 90.6667, 210.25
~&SPILL_STATS,0, 0, 0, 0, 0, 0, 0, 0, 0, 0, 0
~&SPILL_STATS,78, 38, 0, 21, 21, 36, 3964.86, 1996.73, 1503.4, 1337.82, 1110.28
~&SPILL_STATS,3, 4, 0, 2, 0, 4, 20.8582, 2.375, 1, 0, 1.00004
~&SPILL_STATS,41, 26, 0, 17, 10, 27, 258.49, 129.995, 47.8732, 50.6231, 76.8721
~&SPILL_STATS,72, 32, 0, 20, 32, 22, 4076.31, 1633.96, 1412.87, 477.956, 1369.56
~&SPILL_STATS,0, 0, 0, 0, 0, 0, 0, 0, 0, 0, 0
~&SPILL_STATS,14, 8, 0, 7, 6, 6, 98.8739, 78.4991, 60.7493, 18.2498, 38.4371
~&SPILL_STATS,20, 11, 0, 13, 14, 11, 440.064, 269.227, 326.825, 211.302, 684.154
~&SPILL_STATS,7, 3, 0, 6, 4, 17, 40.5, 15.994, 37.5, 20.0037, 77.2569
~&SPILL_STATS,34, 16, 0, 10, 16, 22, 231.781, 763.562, 19.9375, 38.125, 1466.03
~&SPILL_STATS,0, 0, 0, 0, 0, 1, 0, 0, 0, 0, 0.625
~&SPILL_STATS,0, 0, 0, 0, 0, 1, 0, 0, 0, 0, 0.625
~&SPILL_STATS,3, 3, 0, 2, 3, 1, 2.5, 2.5, 2, 3, 1
~&SPILL_STATS,0, 0, 0, 0, 0, 0, 0, 0, 0, 0, 0
~&SPILL_STATS,0, 0, 0, 0, 0, 0, 0, 0, 0, 0, 0
~&SPILL_STATS,0, 0, 0, 0, 0, 0, 0, 0, 0, 0, 0
~&SPILL_STATS,0, 2, 0, 1, 0, 7, 0, 0.858824, 1, 0, 4.49412
~&SPILL_STATS,0, 0, 0, 0, 0, 0, 0, 0, 0, 0, 0
~&SPILL_STATS,4, 5, 0, 2, 5, 11, 0.486328, 0.486328, 0.432292, 0.900879, 4.20028
~&SPILL_STATS,0, 0, 0, 0, 0, 0, 0, 0, 0, 0, 0
~&SPILL_STATS,0, 0, 0, 0, 0, 0, 0, 0, 0, 0, 0
~&SPILL_STATS,0, 0, 0, 0, 0, 0, 0, 0, 0, 0, 0
~&SPILL_STATS,0, 0, 0, 0, 0, 0, 0, 0, 0, 0, 0
~&SPILL_STATS,0, 0, 0, 0, 0, 0, 0, 0, 0, 0, 0
~&SPILL_STATS,0, 0, 0, 0, 0, 0, 0, 0, 0, 0, 0
~&SPILL_STATS,0, 0, 0, 0, 0, 0, 0, 0, 0, 0, 0
~&SPILL_STATS,0, 0, 0, 0, 0, 1, 0, 0, 0, 0, 0.619048
~&SPILL_STATS,0, 6, 0, 1, 3, 3, 0, 0.152344, 0.0625, 0.1875, 1.5
~&SPILL_STATS,0, 0, 0, 0, 0, 2, 0, 0, 0, 0, 2
~&SPILL_STATS,0, 0, 0, 0, 0, 7, 0, 0, 0, 0, 42.9965
~&SPILL_STATS,0, 0, 0, 0, 0, 0, 0, 0, 0, 0, 0
~&SPILL_STATS,0, 0, 0, 0, 0, 1, 0, 0, 0, 0, 1
~&SPILL_STATS,18, 17, 0, 10, 7, 9, 3.59332, 4.7253, 4.21821, 2.3436, 3.43735
~&SPILL_STATS,18, 17, 0, 10, 7, 9, 3.59332, 4.7253, 4.21821, 2.3436, 3.43735
~&SPILL_STATS,0, 0, 0, 0, 0, 0, 0, 0, 0, 0, 0
~&SPILL_STATS,9, 10, 0, 5, 3, 9, 7.87499, 8.62499, 4.625, 3, 7.625
~&SPILL_STATS,7, 3, 0, 4, 5, 11, 5.99656, 0.00149831, 3.62273, 4.62367, 4.87466
~&SPILL_STATS,17, 15, 0, 10, 2, 2, 52.6953, 5.3125, 3.63281, 0.429687, 0.820312
~&SPILL_STATS,0, 0, 0, 0, 0, 0, 0, 0, 0, 0, 0
~&SPILL_STATS,0, 0, 0, 0, 0, 0, 0, 0, 0, 0, 0
~&SPILL_STATS,0, 0, 0, 0, 0, 0, 0, 0, 0, 0, 0
~&SPILL_STATS,0, 0, 0, 0, 0, 0, 0, 0, 0, 0, 0
~&SPILL_STATS,0, 0, 0, 0, 0, 0, 0, 0, 0, 0, 0
~&SPILL_STATS,20, 15, 0, 11, 8, 27, 11.1926, 6.74084, 5.3067, 1.17158, 19.2828
~&SPILL_STATS,47, 14, 0, 15, 15, 11, 62.5788, 21.1871, 19.8746, 18.5466, 47.2393
~&SPILL_STATS,0, 0, 0, 0, 0, 1, 0, 0, 0, 0, 1
~&SPILL_STATS,5, 11, 0, 6, 3, 14, 22.7278, 17.8226, 21.7676, 0.879205, 66.8868
~&SPILL_STATS,0, 0, 0, 0, 0, 1, 0, 0, 0, 0, 1
~&SPILL_STATS,0, 0, 0, 0, 0, 0, 0, 0, 0, 0, 0
~&SPILL_STATS,0, 0, 0, 0, 0, 0, 0, 0, 0, 0, 0
~&SPILL_STATS,0, 0, 0, 0, 0, 0, 0, 0, 0, 0, 0
~&SPILL_STATS,0, 0, 0, 0, 0, 0, 0, 0, 0, 0, 0
~&SPILL_STATS,0, 0, 0, 0, 0, 0, 0, 0, 0, 0, 0
~&SPILL_STATS,0, 0, 0, 0, 0, 0, 0, 0, 0, 0, 0
~&SPILL_STATS,0, 0, 0, 0, 0, 0, 0, 0, 0, 0, 0
~&SPILL_STATS,0, 0, 0, 0, 0, 0, 0, 0, 0, 0, 0
~&SPILL_STATS,0, 0, 0, 0, 0, 0, 0, 0, 0, 0, 0
~&SPILL_STATS,0, 0, 0, 0, 0, 0, 0, 0, 0, 0, 0
~&SPILL_STATS,0, 0, 0, 0, 0, 0, 0, 0, 0, 0, 0
~&SPILL_STATS,0, 0, 0, 0, 0, 0, 0, 0, 0, 0, 0
~&SPILL_STATS,0, 0, 0, 0, 0, 0, 0, 0, 0, 0, 0
~&SPILL_STATS,0, 0, 0, 0, 0, 0, 0, 0, 0, 0, 0
~&SPILL_STATS,0, 0, 0, 0, 0, 0, 0, 0, 0, 0, 0
~&SPILL_STATS,0, 0, 0, 0, 0, 1, 0, 0, 0, 0, 1
~&SPILL_STATS,16, 2, 0, 4, 4, 24, 15801.6, 56.617, 4, 57.617, 57518.9
~&SPILL_STATS,13, 13, 0, 7, 15, 31, 7151.54, 3980.73, 961.02, 2044.37, 7686.07
~&SPILL_STATS,4, 6, 0, 2, 4, 16, 2875.78, 1022.71, 1.99691, 1021.08, 4795.18
~&SPILL_STATS,0, 0, 0, 0, 0, 0, 0, 0, 0, 0, 0
~&SPILL_STATS,0, 0, 0, 0, 0, 0, 0, 0, 0, 0, 0
~&SPILL_STATS,0, 0, 0, 0, 0, 0, 0, 0, 0, 0, 0
~&SPILL_STATS,0, 0, 0, 0, 0, 0, 0, 0, 0, 0, 0
~&SPILL_STATS,6, 6, 0, 3, 2, 4, 2.1875, 1.40625, 1.44531, 0.742187, 1.25
~&SPILL_STATS,2, 1, 0, 1, 2, 0, 32.875, 31.875, 1, 32.875, 0
~&SPILL_STATS,1, 3, 0, 1, 0, 4, 0.294118, 2.21569, 1, 0, 22.0392
~&SPILL_STATS,1, 3, 0, 1, 0, 4, 0.294118, 2.21569, 1, 0, 22.0392
~&SPILL_STATS,0, 0, 0, 0, 0, 1, 0, 0, 0, 0, 1
~&SPILL_STATS,0, 0, 0, 0, 0, 1, 0, 0, 0, 0, 1
~&SPILL_STATS,18, 8, 0, 13, 8, 1, 1696.86, 458.952, 1218.57, 296.429, 6.04762
~&SPILL_STATS,0, 0, 0, 0, 0, 0, 0, 0, 0, 0, 0
~&SPILL_STATS,10, 6, 0, 7, 2, 6, 22.9412, 4.5098, 21.3137, 2, 42.0784
~&SPILL_STATS,125, 33, 0, 41, 48, 35, 75.0882, 27.5074, 40.5294, 40.3529, 46.7794
~&SPILL_STATS,0, 0, 0, 0, 0, 5, 0, 0, 0, 0, 2.125
~&SPILL_STATS,0, 0, 0, 0, 0, 5, 0, 0, 0, 0, 4
~&SPILL_STATS,0, 0, 0, 0, 0, 3, 0, 0, 0, 0, 2
~&SPILL_STATS,0, 0, 0, 0, 0, 2, 0, 0, 0, 0, 1
~&SPILL_STATS,0, 0, 0, 0, 0, 0, 0, 0, 0, 0, 0
~&SPILL_STATS,4, 9, 0, 3, 4, 5, 1.01562, 3.00781, 1.82031, 1.05469, 1.75781
~&SPILL_STATS,0, 0, 0, 0, 0, 17, 0, 0, 0, 0, 387.5
~&SPILL_STATS,0, 0, 0, 0, 0, 0, 0, 0, 0, 0, 0
~&SPILL_STATS,0, 0, 0, 0, 0, 0, 0, 0, 0, 0, 0
~&SPILL_STATS,0, 0, 0, 0, 0, 1, 0, 0, 0, 0, 1
~&SPILL_STATS,0, 0, 0, 0, 0, 8, 0, 0, 0, 0, 73.9978
~&SPILL_STATS,10, 19, 0, 9, 3, 19, 62.8151, 81.3634, 3.69629, 1.47607, 35.5403
~&SPILL_STATS,0, 0, 0, 0, 0, 0, 0, 0, 0, 0, 0
~&SPILL_STATS,0, 0, 0, 0, 0, 2, 0, 0, 0, 0, 16.9677
~&SPILL_STATS,0, 0, 0, 0, 0, 1, 0, 0, 0, 0, 32
~&SPILL_STATS,0, 0, 0, 0, 0, 1, 0, 0, 0, 0, 2.86096e-06
~&SPILL_STATS,10, 20, 0, 8, 0, 62, 76.2498, 110.662, 25.8201, 0, 419.334
~&SPILL_STATS,0, 0, 0, 0, 0, 14, 0, 0, 0, 0, 7.66667
~&SPILL_STATS,0, 0, 0, 0, 0, 2, 0, 0, 0, 0, 0.566407
~&SPILL_STATS,0, 0, 0, 0, 0, 1, 0, 0, 0, 0, 5.96047e-07
~&SPILL_STATS,0, 0, 0, 0, 0, 0, 0, 0, 0, 0, 0
~&SPILL_STATS,0, 0, 0, 0, 0, 2, 0, 0, 0, 0, 1
~&SPILL_STATS,0, 0, 0, 0, 0, 1, 0, 0, 0, 0, 9.53616e-07
~&SPILL_STATS,0, 0, 0, 0, 0, 0, 0, 0, 0, 0, 0
~&SPILL_STATS,0, 1, 0, 1, 0, 2, 0, 0.46875, 1, 0, 1.46875
~&SPILL_STATS,0, 0, 0, 0, 0, 0, 0, 0, 0, 0, 0
~&SPILL_STATS,0, 0, 0, 0, 0, 0, 0, 0, 0, 0, 0
~&SPILL_STATS,0, 0, 0, 0, 0, 0, 0, 0, 0, 0, 0
~&SPILL_STATS,0, 0, 0, 0, 0, 1, 0, 0, 0, 0, 1
~&SPILL_STATS,18, 17, 0, 10, 7, 9, 3.59332, 4.7253, 4.21821, 2.3436, 3.43735
~&SPILL_STATS,18, 17, 0, 10, 7, 9, 3.59332, 4.7253, 4.21821, 2.3436, 3.43735
~&SPILL_STATS,4, 3, 0, 3, 0, 9, 2.83333, 0.833334, 2.5, 0, 6.33333
~&SPILL_STATS,26, 24, 0, 12, 3, 12, 155.347, 126.228, 50.3168, 10.9208, 57.3267
~&SPILL_STATS,36, 25, 0, 21, 3, 6, 169.182, 147.515, 63.2727, 13, 75.2121
~&SPILL_STATS,4, 0, 0, 3, 0, 0, 2.625, 0, 2.25, 0, 0
~&SPILL_STATS,0, 0, 0, 0, 0, 0, 0, 0, 0, 0, 0
~&SPILL_STATS,0, 0, 0, 0, 0, 1, 0, 0, 0, 0, 21.25
~&SPILL_STATS,0, 0, 0, 0, 0, 0, 0, 0, 0, 0, 0
~&SPILL_STATS,9, 10, 0, 5, 3, 9, 7.87499, 8.62499, 4.625, 3, 7.625
~&SPILL_STATS,0, 4, 0, 2, 0, 10, 0, 3.62469, 2, 0, 43.4868
~&SPILL_STATS,7, 3, 0, 4, 5, 11, 5.99656, 0.00149831, 3.62273, 4.62367, 4.87466
~&SPILL_STATS,10, 10, 0, 7, 2, 15, 170.807, 155.95, 119.832, 39.6064, 843.507
~&SPILL_STATS,10, 0, 0, 1, 0, 8, 6.87498, 0, 1, 0, 59.9953
~&SPILL_STATS,4, 3, 0, 3, 0, 9, 2.83333, 0.833334, 2.5, 0, 6.33333
