Comando: /home/mpvreal/Code/Faculdade/tcc/llvm/build/bin/llc --march=x86 --regalloc=greedy -o -
Heurística: div(cost,mul(area,degree))
function@_ZN11TimeControlC2Eiiii,0,0,0,0,0,0,0,0,0,0,0
function@_ZN11TimeControl13set_boardsizeEi,0,0,0,0,0,0,0,0,0,0,0
function@_ZN11TimeControl5startEi,0,0,0,0,0,0,0,0,0,0,0
function@_ZN11TimeControl4stopEi,0,0,0,0,0,0,0,0,0,0,0
function@_ZN11TimeControl12time_forfeitEi,0,0,0,0,0,0,0,0,0,0,0
function@_ZN11TimeControl13display_timesEv,0,0,0,0,0,16,0,0,0,0,16
function@_ZN11TimeControl17max_time_for_moveEi,0,0,0,0,0,1,0,0,0,0,0.37037
function@_ZN11TimeControl11adjust_timeEiii,0,0,0,0,0,0,0,0,0,0,0
function@_ZN11TimeControl12get_maintimeEv,0,0,0,0,0,1,0,0,0,0,1
function@_ZN11TimeControl18get_remaining_timeEi,0,0,0,0,0,0,0,0,0,0,0
function@_ZN9SGFParser14chop_from_fileENSt7__cxx1112basic_stringIcSt11char_traitsIcESaIcEEEi,2,5,0,3,5,7,23.2491,32.8198,31.9988,3.93742,15.5141
function@_ZN9SGFParser19parse_property_nameERNSt7__cxx1119basic_istringstreamIcSt11char_traitsIcESaIcEEE,5,1,0,5,0,4,61.0145,2.32283e-05,54.3877,0,16.2536
function@_ZN9SGFParser20parse_property_valueERNSt7__cxx1119basic_istringstreamIcSt11char_traitsIcESaIcEEERNS0_12basic_stringIcS3_S4_EE,4,1,0,5,0,3,28,1,25.25,0,24
function@_ZN9SGFParser5parseERNSt7__cxx1119basic_istringstreamIcSt11char_traitsIcESaIcEEEP7SGFTree,3,1,0,3,2,22,64.4901,0.00400355,0.503113,0.378878,478.008
function@_ZN7SGFTreeC2ERKS_,0,0,0,0,0,11,0,0,0,0,44.8617
function@_ZN7SGFTreeD2Ev,0,0,0,0,0,0,0,0,0,0,0
function@_ZNSt8auto_ptrI7SGFTreeED2Ev,0,0,0,0,0,0,0,0,0,0,0
function@_ZN9SGFParser19count_games_in_fileENSt7__cxx1112basic_stringIcSt11char_traitsIcESaIcEEE,0,0,0,0,0,5,0,0,0,0,0.999999
function@_ZN7KoStateC2ERKS_,1,0,0,1,2,14,0.000312744,0,0.624609,1.62461,7.87279
function@_ZNSt6vectorI7SGFTreeSaIS0_EED2Ev,0,0,0,0,0,0,0,0,0,0,0
function@_ZN7KoStateD2Ev,0,0,0,0,0,0,0,0,0,0,0
function@__clang_call_terminate,0,0,0,0,0,0,0,0,0,0,0
function@_ZSt16__do_uninit_copyIN9__gnu_cxx17__normal_iteratorIPK7SGFTreeSt6vectorIS2_SaIS2_EEEEPS2_ET0_T_SB_SA_,4,4,0,7,0,14,51.9792,44.5541,123.779,0,831.132
function@_ZSt8_DestroyI7SGFTreeEvPT_,0,0,0,0,0,0,0,0,0,0,0
function@_ZNSt8_Rb_treeINSt7__cxx1112basic_stringIcSt11char_traitsIcESaIcEEESt4pairIKS5_S5_ESt10_Select1stIS8_ESt4lessIS5_ESaIS8_EE7_M_copyILb0ENSE_11_Alloc_nodeEEEPSt13_Rb_tree_nodeIS8_ESJ_PSt18_Rb_tree_node_baseRT0_,3,0,0,1,0,10,1.62499,0,0.999999,0,61.9953
function@_ZNSt8_Rb_treeINSt7__cxx1112basic_stringIcSt11char_traitsIcESaIcEEESt4pairIKS5_S5_ESt10_Select1stIS8_ESt4lessIS5_ESaIS8_EE8_M_eraseEPSt13_Rb_tree_nodeIS8_E,0,0,0,0,0,1,0,0,0,0,21.25
function@_ZNSt4pairIKNSt7__cxx1112basic_stringIcSt11char_traitsIcESaIcEEES5_EC2ERKS7_,1,2,0,2,0,13,0.333333,0.333334,2,0,8.5
function@_ZN4TimeC2Ev,0,0,0,0,0,0,0,0,0,0,0
function@_ZN7UCTNodeC2Eii,0,0,0,0,0,0,0,0,0,0,0
function@_ZN7UCTNodeD2Ev,0,0,0,0,0,1,0,0,0,0,20
function@_ZN7UCTNode9get_mutexEv,0,0,0,0,0,0,0,0,0,0,0
function@__clang_call_terminate,0,0,0,0,0,0,0,0,0,0,0
function@_ZNK7UCTNode11first_visitEv,0,0,0,0,0,0,0,0,0,0,0
function@_ZN7UCTNode10link_childEPS_,0,0,0,0,0,0,0,0,0,0,0
function@_ZN7UCTNode15create_childrenER9FastStateb,18,7,0,17,6,35,2.6425,4.92131,2.78606,0.817371,20.5363
function@_ZNK7UCTNode12has_childrenEv,0,0,0,0,0,0,0,0,0,0,0
function@_ZN7UCTNode10set_extendEi,0,0,0,0,0,0,0,0,0,0,0
function@_ZN7UCTNode13kill_superkosER7KoState,1,0,0,1,0,8,6.2497,0,0.625,0,109.737
function@_ZNK7UCTNode8get_moveEv,0,0,0,0,0,0,0,0,0,0,0
function@_ZN7KoStateC2ERKS_,1,0,0,1,2,14,0.000312744,0,0.624609,1.62461,7.87279
function@_ZN7UCTNode12delete_childEPS_,0,0,0,0,0,2,0,0,0,0,10.1587
function@_ZN7KoStateD2Ev,0,0,0,0,0,0,0,0,0,0,0
function@_ZN7UCTNode8set_moveEi,0,0,0,0,0,0,0,0,0,0,0
function@_ZN7UCTNode6updateER7Playouti,0,0,0,0,0,1,0,0,0,0,9.53673e-07
function@_ZNK7UCTNode13get_blackwinsEv,0,0,0,0,0,0,0,0,0,0,0
function@_ZN7UCTNode10set_visitsEi,0,0,0,0,0,0,0,0,0,0,0
function@_ZN7UCTNode13set_blackwinsEi,0,0,0,0,0,0,0,0,0,0,0
function@_ZNK7UCTNode11get_winrateEi,0,0,0,0,0,0,0,0,0,0,0
function@_ZNK7UCTNode10get_visitsEv,0,0,0,0,0,0,0,0,0,0,0
function@_ZNK7UCTNode12get_raverateEv,0,0,0,0,0,0,0,0,0,0,0
function@_ZNK7UCTNode14get_ravevisitsEv,0,0,0,0,0,0,0,0,0,0,0
function@_ZNK7UCTNode9do_extendEv,0,0,0,0,0,0,0,0,0,0,0
function@_ZN7UCTNode16uct_select_childEi,1,1,0,2,0,5,0.388889,0.388889,0.777778,0,2.55556
function@_ZN7UCTNode5validEv,0,0,0,0,0,0,0,0,0,0,0
function@_ZN7UCTNode13sort_childrenEi,19,5,0,10,1,39,56.8114,9.24986,48.1866,0.625,140.06
function@_ZN7UCTNode15get_first_childEv,0,0,0,0,0,0,0,0,0,0,0
function@_ZN7UCTNode11get_siblingEv,0,0,0,0,0,0,0,0,0,0,0
function@_ZN7UCTNode14get_pass_childEv,0,0,0,0,0,1,0,0,0,0,0.307692
function@_ZN7UCTNode16get_nopass_childEv,0,0,0,0,0,1,0,0,0,0,0.307692
function@_ZN7UCTNode10invalidateEv,0,0,0,0,0,0,0,0,0,0,0
function@_ZN7UCTNode10updateRAVEER7Playouti,0,0,0,0,0,0,0,0,0,0,0
function@_ZSt13__stable_sortIN9__gnu_cxx17__normal_iteratorIPN5boost6tuples5tupleIiiP7UCTNodeNS3_9null_typeES7_S7_S7_S7_S7_S7_EESt6vectorIS8_SaIS8_EEEENS0_5__ops15_Iter_comp_iterI8NodeCompEEEvT_SI_T0_,2,1,0,2,0,19,1.25,0.624686,1.25,0,33.2491
function@_ZSt21__inplace_stable_sortIN9__gnu_cxx17__normal_iteratorIPN5boost6tuples5tupleIiiP7UCTNodeNS3_9null_typeES7_S7_S7_S7_S7_S7_EESt6vectorIS8_SaIS8_EEEENS0_5__ops15_Iter_comp_iterI8NodeCompEEEvT_SI_T0_,1,2,0,2,0,7,0.5,1,1,0,4
function@_ZSt29__stable_sort_adaptive_resizeIN9__gnu_cxx17__normal_iteratorIPN5boost6tuples5tupleIiiP7UCTNodeNS3_9null_typeES7_S7_S7_S7_S7_S7_EESt6vectorIS8_SaIS8_EEEES9_lNS0_5__ops15_Iter_comp_iterI8NodeCompEEEvT_SI_T0_T1_T2_,0,3,0,2,0,6,0,1.5,1.5,0,6
function@_ZSt24__merge_sort_with_bufferIN9__gnu_cxx17__normal_iteratorIPN5boost6tuples5tupleIiiP7UCTNodeNS3_9null_typeES7_S7_S7_S7_S7_S7_EESt6vectorIS8_SaIS8_EEEES9_NS0_5__ops15_Iter_comp_iterI8NodeCompEEEvT_SI_T0_T1_,43,8,0,25,1,76,14496,8880.34,10586.5,0.5,47108.1
function@_ZSt16__merge_adaptiveIN9__gnu_cxx17__normal_iteratorIPN5boost6tuples5tupleIiiP7UCTNodeNS3_9null_typeES7_S7_S7_S7_S7_S7_EESt6vectorIS8_SaIS8_EEEElS9_NS0_5__ops15_Iter_comp_iterI8NodeCompEEEvT_SI_SI_T0_SJ_T1_T2_,7,3,0,6,1,33,13.1628,12.0698,19.1085,0.193798,72.1473
function@_ZSt16__insertion_sortIN9__gnu_cxx17__normal_iteratorIPN5boost6tuples5tupleIiiP7UCTNodeNS3_9null_typeES7_S7_S7_S7_S7_S7_EESt6vectorIS8_SaIS8_EEEENS0_5__ops15_Iter_comp_iterI8NodeCompEEEvT_SI_T0_,24,1,0,6,0,18,40.3902,12.4634,34.1951,0,395.561
function@_ZSt12__move_mergeIN9__gnu_cxx17__normal_iteratorIPN5boost6tuples5tupleIiiP7UCTNodeNS3_9null_typeES7_S7_S7_S7_S7_S7_EESt6vectorIS8_SaIS8_EEEES9_NS0_5__ops15_Iter_comp_iterI8NodeCompEEET0_T_SJ_SJ_SJ_SI_T1_,5,1,0,4,0,26,22.7188,1,20.75,0,155
function@_ZSt12__move_mergeIPN5boost6tuples5tupleIiiP7UCTNodeNS1_9null_typeES5_S5_S5_S5_S5_S5_EEN9__gnu_cxx17__normal_iteratorIS7_St6vectorIS6_SaIS6_EEEENS8_5__ops15_Iter_comp_iterI8NodeCompEEET0_T_SJ_SJ_SJ_SI_T1_,5,0,0,4,0,29,7.71875,0,5.375,0,158.25
function@_ZSt30__move_merge_adaptive_backwardIN9__gnu_cxx17__normal_iteratorIPN5boost6tuples5tupleIiiP7UCTNodeNS3_9null_typeES7_S7_S7_S7_S7_S7_EESt6vectorIS8_SaIS8_EEEES9_SD_NS0_5__ops15_Iter_comp_iterI8NodeCompEEEvT_SI_T0_SJ_T1_T2_,10,3,0,8,0,23,33.9167,8.09977,11.5305,0,34.7852
function@_ZSt22__merge_without_bufferIN9__gnu_cxx17__normal_iteratorIPN5boost6tuples5tupleIiiP7UCTNodeNS3_9null_typeES7_S7_S7_S7_S7_S7_EESt6vectorIS8_SaIS8_EEEElNS0_5__ops15_Iter_comp_iterI8NodeCompEEEvT_SI_SI_T0_SJ_T1_,47,16,0,38,0,40,245.775,309.594,198.586,0,759.539
function@_ZNSt3_V28__rotateIN9__gnu_cxx17__normal_iteratorIPN5boost6tuples5tupleIiiP7UCTNodeNS4_9null_typeES8_S8_S8_S8_S8_S8_EESt6vectorIS9_SaIS9_EEEEEET_SF_SF_SF_St26random_access_iterator_tag,37,4,0,26,0,45,221.802,96.7407,192.111,0,335.099
function@_ZSt23__merge_adaptive_resizeIN9__gnu_cxx17__normal_iteratorIPN5boost6tuples5tupleIiiP7UCTNodeNS3_9null_typeES7_S7_S7_S7_S7_S7_EESt6vectorIS8_SaIS8_EEEElS9_NS0_5__ops15_Iter_comp_iterI8NodeCompEEEvT_SI_SI_T0_SJ_T1_SJ_T2_,41,18,0,37,1,41,492.531,668.938,405.781,0.46875,1545.75
function@_ZSt17__rotate_adaptiveIN9__gnu_cxx17__normal_iteratorIPN5boost6tuples5tupleIiiP7UCTNodeNS3_9null_typeES7_S7_S7_S7_S7_S7_EESt6vectorIS8_SaIS8_EEEES9_lET_SE_SE_SE_T1_SF_T0_SF_,27,5,0,10,0,61,22.9559,10.0221,20.3309,0,78.6323
function@_ZN3SMP5MutexC2Ev,0,0,0,0,0,0,0,0,0,0,0
function@_ZN3SMP4LockC2ERNS_5MutexE,0,0,0,0,0,0,0,0,0,0,0
function@_ZN3SMP4LockD2Ev,0,0,0,0,0,0,0,0,0,0,0
function@_ZN12MCOwnerTable7get_MCOEv,0,0,0,0,0,5,0,0,0,0,2.125
function@_ZN12MCOwnerTableC2Ev,0,0,0,0,0,2,0,0,0,0,1
function@_ZN12MCOwnerTable6updateERSt6bitsetILm441EE,3,0,0,2,0,7,70.375,0,32,0,222
function@_ZN12MCOwnerTable9get_scoreEii,0,0,0,0,0,0,0,0,0,0,0
function@_ZN12MCOwnerTable5clearEv,0,0,0,0,0,0,0,0,0,0,0
function@_ZN12MCOwnerTable9is_primedEv,0,0,0,0,0,0,0,0,0,0,0
function@_ZNSt6vectorIiSaIiEE17_M_default_appendEm,1,2,0,3,0,10,0.3125,0.507812,0.9375,0,3.00781
function@_ZNSt7__cxx1112basic_stringIcSt11char_traitsIcESaIcEEC2IS3_EEPKcRKS3_,0,0,0,0,0,6,0,0,0,0,5.16666
function@__cxx_global_array_dtor,0,0,0,0,0,0,0,0,0,0,0
function@_ZN3GTP13get_life_listB5cxx11ER9GameStateb,10,8,0,9,3,46,1255.29,3005.2,1144.04,121.697,4380.77
function@_ZNSt6vectorINSt7__cxx1112basic_stringIcSt11char_traitsIcESaIcEEESaIS5_EED2Ev,0,0,0,0,0,0,0,0,0,0,0
function@_ZN3GTP7executeER9GameStateNSt7__cxx1112basic_stringIcSt11char_traitsIcESaIcEEE,12,0,0,8,2,115,31.4742,0,27.2753,1.4247,89.4721
function@_ZSteqIcSt11char_traitsIcESaIcEEbRKNSt7__cxx1112basic_stringIT_T0_T1_EEPKS5_,0,0,0,0,0,1,0,0,0,0,0.5
function@_ZNSt8auto_ptrI9UCTSearchED2Ev,0,0,0,0,0,0,0,0,0,0,0
function@_ZN9GameStateaSEOS_,2,0,0,1,0,1,1.66667,0,1,0,1
function@_ZN9GameStateD2Ev,0,0,0,0,0,0,0,0,0,0,0
function@_ZNSt8auto_ptrI7SGFTreeED2Ev,0,0,0,0,0,0,0,0,0,0,0
function@_ZN9FastStateaSEOS_,0,0,0,0,0,1,0,0,0,0,1
function@__clang_call_terminate,0,0,0,0,0,0,0,0,0,0,0
function@_ZSt16__introsort_loopIN9__gnu_cxx17__normal_iteratorIPNSt7__cxx1112basic_stringIcSt11char_traitsIcESaIcEEESt6vectorIS7_SaIS7_EEEElNS0_5__ops15_Iter_less_iterEEvT_SF_T0_T1_,10,5,0,7,0,17,34287,25957.3,779.929,0,61388.4
function@_ZSt11__make_heapIN9__gnu_cxx17__normal_iteratorIPNSt7__cxx1112basic_stringIcSt11char_traitsIcESaIcEEESt6vectorIS7_SaIS7_EEEENS0_5__ops15_Iter_less_iterEEvT_SF_RT0_,6,2,0,7,0,13,53.9984,31.9991,54.9984,0,90.9974
function@_ZSt10__pop_heapIN9__gnu_cxx17__normal_iteratorIPNSt7__cxx1112basic_stringIcSt11char_traitsIcESaIcEEESt6vectorIS7_SaIS7_EEEENS0_5__ops15_Iter_less_iterEEvT_SF_SF_RT0_,0,0,0,0,0,8,0,0,0,0,2.1245
function@_ZSt13__adjust_heapIN9__gnu_cxx17__normal_iteratorIPNSt7__cxx1112basic_stringIcSt11char_traitsIcESaIcEEESt6vectorIS7_SaIS7_EEEElS7_NS0_5__ops15_Iter_less_iterEEvT_T0_SG_T1_T2_,58,12,0,32,0,42,167.799,82.623,249.004,0,225.576
function@_ZSt11__push_heapIN9__gnu_cxx17__normal_iteratorIPNSt7__cxx1112basic_stringIcSt11char_traitsIcESaIcEEESt6vectorIS7_SaIS7_EEEElS7_NS0_5__ops14_Iter_less_valEEvT_T0_SG_T1_RT2_,40,3,0,13,1,20,104.332,4.91963,79.2992,7.87301,56.511
function@_ZSt22__move_median_to_firstIN9__gnu_cxx17__normal_iteratorIPNSt7__cxx1112basic_stringIcSt11char_traitsIcESaIcEEESt6vectorIS7_SaIS7_EEEENS0_5__ops15_Iter_less_iterEEvT_SF_SF_SF_T0_,9,8,0,4,0,21,2.625,2.30357,3.375,0,11.2679
function@_ZSt16__insertion_sortIN9__gnu_cxx17__normal_iteratorIPNSt7__cxx1112basic_stringIcSt11char_traitsIcESaIcEEESt6vectorIS7_SaIS7_EEEENS0_5__ops15_Iter_less_iterEEvT_SF_T0_,16,1,0,7,1,14,233.398,4.6875,225.781,12.5,323.79
function@_ZSt25__unguarded_linear_insertIN9__gnu_cxx17__normal_iteratorIPNSt7__cxx1112basic_stringIcSt11char_traitsIcESaIcEEESt6vectorIS7_SaIS7_EEEENS0_5__ops14_Val_less_iterEEvT_T0_,5,0,0,2,0,15,28.0682,0,44.1094,0,185.041
function@_ZSt8__uniqueIN9__gnu_cxx17__normal_iteratorIPNSt7__cxx1112basic_stringIcSt11char_traitsIcESaIcEEESt6vectorIS7_SaIS7_EEEENS0_5__ops19_Iter_equal_to_iterEET_SF_SF_T0_,8,0,0,4,0,16,5.42714,0,10.3028,0,21.3178
function@_ZNSt6vectorINSt7__cxx1112basic_stringIcSt11char_traitsIcESaIcEEESaIS5_EE8_M_eraseEN9__gnu_cxx17__normal_iteratorIPS5_S7_EESB_,2,0,0,2,0,18,15.6252,0,15.6252,0,29.1254
function@_ZNSt8_Rb_treeINSt7__cxx1112basic_stringIcSt11char_traitsIcESaIcEEESt4pairIKS5_S5_ESt10_Select1stIS8_ESt4lessIS5_ESaIS8_EE8_M_eraseEPSt13_Rb_tree_nodeIS8_E,0,0,0,0,0,1,0,0,0,0,21.25
function@_ZSt8_DestroyI7SGFTreeEvPT_,0,0,0,0,0,0,0,0,0,0,0
function@_GLOBAL__sub_I_GTP.cpp,0,0,0,0,0,4,0,0,0,0,3.81469e-06
function@_ZN7Matcher11get_MatcherEv,0,0,0,0,0,3,0,0,0,0,1.375
function@_ZN7Matcher11set_MatcherEPS_,0,0,0,0,0,0,0,0,0,0,0
function@_ZN7MatcherC2Ev,7,0,0,8,0,26,159.907,0,136.672,0,4222.56
function@_ZNSt3mapIifSt4lessIiESaISt4pairIKifEEE6insertIRS2_IifEEENSt9enable_ifIXsr16is_constructibleIS4_T_EE5valueES2_ISt17_Rb_tree_iteratorIS4_EbEE4typeEOSB_,1,0,0,1,0,10,0.251465,0,0.804687,0,6.35644
function@_ZN7Matcher4clipEi,0,0,0,0,0,0,0,0,0,0,0
function@_ZNSt3mapIifSt4lessIiESaISt4pairIKifEEED2Ev,0,0,0,0,0,0,0,0,0,0,0
function@_ZN5boost5arrayISt6vectorIhSaIhEELm2EED2Ev,0,0,0,0,0,0,0,0,0,0,0
function@_ZN7Matcher7matchesEii,0,0,0,0,0,0,0,0,0,0,0
function@__clang_call_terminate,0,0,0,0,0,0,0,0,0,0,0
function@_ZNSt8_Rb_treeIiSt4pairIKifESt10_Select1stIS2_ESt4lessIiESaIS2_EE8_M_eraseEPSt13_Rb_tree_nodeIS2_E,0,0,0,0,0,1,0,0,0,0,21.25
function@_ZNSt6vectorIhSaIhEE17_M_default_appendEm,2,1,0,2,0,12,0.507812,0.3125,0.9375,0,3.82812
function@_ZNSt8_Rb_treeIiSt4pairIKifESt10_Select1stIS2_ESt4lessIiESaIS2_EE29_M_get_insert_hint_unique_posESt23_Rb_tree_const_iteratorIS2_ERS1_,0,0,0,0,0,24,0,0,0,0,11.9339
function@_ZN7PlayoutC2Ev,0,0,0,0,0,0,0,0,0,0,0
function@_ZN7Playout9get_scoreEv,0,0,0,0,0,0,0,0,0,0,0
function@_ZN7Playout15set_final_scoreEf,0,0,0,0,0,0,0,0,0,0,0
function@_ZN7Playout3runER9FastStateb,2,13,0,9,0,17,6.50353,692.296,18.3188,0,2049.37
function@_ZN7Playout11passthroughEii,0,0,0,0,0,1,0,0,0,0,0.619048
function@_ZN7Playout20do_playout_benchmarkER9GameState,5,0,0,5,0,4,67,0,67,0,333.556
function@_ZN7Playout8mc_ownerER9FastStatei,7,0,0,6,0,10,92.5754,0,54.2349,0,113.134
function@main,8,0,0,17,2,14,4.02024e-05,0,5.96045e-06,3.41302e-05,1.00221
function@_ZN9GameStateC2Ev,0,0,0,0,0,1,0,0,0,0,9.53674e-07
function@_ZN9GameStateaSEOS_,2,0,0,1,0,1,1.66667,0,1,0,1
function@_ZN9GameStateD2Ev,0,0,0,0,0,0,0,0,0,0,0
function@_ZNSt8auto_ptrI9UCTSearchED2Ev,0,0,0,0,0,0,0,0,0,0,0
function@_ZNSt8auto_ptrI7SGFTreeED2Ev,0,0,0,0,0,0,0,0,0,0,0
function@_ZNSt8auto_ptrI9GameStateED2Ev,0,0,0,0,0,0,0,0,0,0,0
function@_ZNSt6vectorI7KoStateSaIS0_EED2Ev,0,0,0,0,0,0,0,0,0,0,0
function@__clang_call_terminate,0,0,0,0,0,0,0,0,0,0,0
function@_ZN7KoStateD2Ev,0,0,0,0,0,0,0,0,0,0,0
function@_ZN9FastStateaSEOS_,0,0,0,0,0,1,0,0,0,0,1
function@_ZNSt8_Rb_treeINSt7__cxx1112basic_stringIcSt11char_traitsIcESaIcEEESt4pairIKS5_S5_ESt10_Select1stIS8_ESt4lessIS5_ESaIS8_EE8_M_eraseEPSt13_Rb_tree_nodeIS8_E,0,0,0,0,0,1,0,0,0,0,21.25
function@_ZSt8_DestroyI7SGFTreeEvPT_,0,0,0,0,0,0,0,0,0,0,0
function@_ZN9UCTSearchC2ER9GameState,0,0,0,0,0,0,0,0,0,0,0
function@_ZN9UCTSearch11set_runflagEPb,0,0,0,0,0,0,0,0,0,0,0
function@_ZN9UCTSearch15play_simulationER7KoStateP7UCTNode,4,3,0,3,0,8,1,2.375,3,0,5.5
function@_ZN9UCTSearch10dump_statsER9GameStateR7UCTNode,12,1,0,14,2,30,25.6264,2.44811,23.1872,0.40545,29.5771
function@_ZN9UCTSearch6get_pvB5cxx11ER9GameStateR7UCTNode,1,3,0,3,0,10,0.0833333,0.333334,0.75,0,2.41667
function@_ZN9GameStateD2Ev,0,0,0,0,0,0,0,0,0,0,0
function@_ZN9UCTSearch13get_best_moveEi,5,5,0,6,0,8,1.51327,0.674779,2.51549,0,2.75664
function@_ZN9UCTSearch13dump_analysisEv,0,3,0,2,0,7,0,2.62469,2,0,2.62469
function@_ZN9UCTSearch10is_runningEv,0,0,0,0,0,0,0,0,0,0,0
function@_ZN9UCTWorkerclEv,0,0,0,0,0,1,0,0,0,0,3.03984e-05
function@_ZN7KoStateC2ERKS_,1,0,0,1,2,14,0.000312744,0,0.624609,1.62461,7.87279
function@_ZN7KoStateD2Ev,0,0,0,0,0,0,0,0,0,0,0
function@_ZN9UCTSearch9get_scoreEv,0,0,0,0,0,0,0,0,0,0,0
function@_ZN9UCTSearch5thinkEii,0,2,0,2,0,7,0,56.122,1.75391,0,29.6753
function@_ZN9UCTSearch6ponderEv,0,0,0,0,0,1,0,0,0,0,1.89543e-05
function@_ZN9UCTSearch15set_visit_limitEi,0,0,0,0,0,0,0,0,0,0,0
function@_ZN9UCTSearch13set_analyzingEb,0,0,0,0,0,0,0,0,0,0,0
function@_ZN9UCTSearch9set_quietEb,0,0,0,0,0,0,0,0,0,0,0
function@__clang_call_terminate,0,0,0,0,0,0,0,0,0,0,0
function@_ZNSt20__uninitialized_copyILb0EE13__uninit_copyIN9__gnu_cxx17__normal_iteratorIPK7KoStateSt6vectorIS4_SaIS4_EEEEPS4_EET0_T_SD_SC_,0,0,0,0,0,2,0,0,0,0,1
function@_ZN7KoState9init_gameEif,8,0,0,8,0,23,3,0,3,0,7.21874
function@_ZN7KoState10legal_moveEi,5,1,0,4,0,26,2.72663,0.0649417,1.35159,0,7.15957
function@_ZN7KoStateC2ERKS_,1,0,0,1,2,14,0.000312744,0,0.624609,1.62461,7.87279
function@_ZN7KoState9play_moveEi,0,0,0,0,0,0,0,0,0,0,0
function@_ZN7KoState7superkoEv,4,3,0,4,0,24,10.1682,1.34579,5.42056,0,21.3738
function@_ZN7KoStateD2Ev,0,0,0,0,0,0,0,0,0,0,0
function@_ZN7KoState7superkoEy,3,1,0,2,0,27,3.2243,1,4.42991,0,22.6355
function@_ZN7KoState10reset_gameEv,8,0,0,8,0,23,3,0,3,0,7.21874
function@_ZN7KoState9play_passEv,6,0,0,6,2,15,2.25,0,1.96875,0.75,5.62499
function@_ZN7KoState9play_moveEii,6,0,0,8,4,18,1.125,0,1.35937,0.749999,2.8125
function@_ZN5Utils8myprintfEPKcz,0,0,0,0,0,0,0,0,0,0,0
function@_ZN5Utils10gtp_printfEiPKcz,0,0,0,0,0,0,0,0,0,0,0
function@_ZN5Utils15gtp_fail_printfEiPKcz,0,0,0,0,0,0,0,0,0,0,0
function@_ZN6Random7get_RngEv,0,0,0,0,0,0,0,0,0,0,0
function@_ZN6RandomC2Ei,0,0,0,0,0,0,0,0,0,0,0
function@_ZN6Random10seedrandomEj,0,0,0,0,0,0,0,0,0,0,0
function@_ZN6Random7randintEt,0,0,0,0,0,3,0,0,0,0,3
function@_ZN6Random6randomEv,0,0,0,0,0,1,0,0,0,0,1
function@_ZN9FastBoard13get_boardsizeEv,0,0,0,0,0,0,0,0,0,0,0
function@_ZN9FastBoard10get_vertexEii,0,0,0,0,0,0,0,0,0,0,0
function@_ZN9FastBoard10get_squareEi,0,0,0,0,0,0,0,0,0,0,0
function@_ZN9FastBoard10set_squareEiNS_8square_tE,0,0,0,0,0,0,0,0,0,0,0
function@_ZN9FastBoard10get_squareEii,0,0,0,0,0,0,0,0,0,0,0
function@_ZN9FastBoard10set_squareEiiNS_8square_tE,0,0,0,0,0,0,0,0,0,0,0
function@_ZN9FastBoard11reset_boardEi,17,8,0,16,1,27,895.56,819.04,768.68,102.4,944.24
function@_ZN9FastBoard10is_suicideEii,0,8,0,8,0,3,0,0.105572,0.175953,0,0.0483871
function@_ZN9FastBoard16count_plibertiesEi,0,0,0,0,0,0,0,0,0,0,0
function@_ZN9FastBoard13add_neighbourEii,3,0,0,0,2,0,1,0,0,1.5,0
function@_ZN9FastBoard16remove_neighbourEii,3,0,0,0,2,0,1,0,0,1.5,0
function@_ZN9FastBoard16count_neighboursEii,0,0,0,0,0,0,0,0,0,0,0
function@_ZN9FastBoard15fast_ss_suicideEii,0,0,0,0,0,0,0,0,0,0,0
function@_ZN9FastBoard18remove_string_fastEi,0,0,0,0,0,1,0,0,0,0,1
function@_ZN9FastBoard16calc_reach_colorEi,40,15,0,23,1,55,17292.2,9374.46,5645.75,30.9999,24250.5
function@_ZNSt6vectorIbSaIbEEaSERKS1_,19,0,0,20,3,24,139.884,0,128.366,0.854485,92.681
function@_ZN9FastBoard21percentual_area_scoreEf,0,0,0,0,0,0,0,0,0,0,0
function@_ZN9FastBoard10area_scoreEf,13,2,0,10,0,13,2621.48,640.859,1324.36,0,4461.48
function@_ZN9FastBoard17estimate_mc_scoreEf,0,0,0,0,0,0,0,0,0,0,0
function@_ZN9FastBoard14final_mc_scoreEf,0,1,0,1,0,4,0,0.607843,0.607843,0,30.3529
function@_ZN9FastBoard11remove_deadEv,3,1,0,2,0,5,0.00124899,0.999188,1.99969,0,3.25011
function@_ZN9FastBoard9influenceEv,0,0,0,0,0,3,0,0,0,0,0.999999
function@_ZN9FastBoard9run_bouzyEii,19,8,0,15,1,21,919.409,84.9998,117.811,0.312499,1658.74
function@_ZN9FastBoard4moyoEv,0,0,0,0,0,3,0,0,0,0,0.999999
function@_ZN9FastBoard4areaEv,0,0,0,0,0,3,0,0,0,0,0.999999
function@_ZNSt6vectorIiSaIiEEaSERKS1_,11,6,0,5,0,14,0.781242,1.24938,2.1875,0,5.68704
function@_ZN9FastBoard11display_mapESt6vectorIiSaIiEE,0,0,0,0,0,1,0,0,0,0,0.666667
function@_ZN9FastBoard4evalEf,9,3,0,6,0,6,1050.62,660,42.5,0,1000.62
function@_ZN9FastBoard13display_boardEi,14,6,0,13,1,10,591.025,546.025,33.825,6.375,302.675
function@_ZN9FastBoard9starpointEiii,1,0,0,1,0,4,0.483871,0,0.483871,0,2.19355
function@_ZN9FastBoard17display_libertiesEi,19,16,0,21,2,11,1000.59,1652.03,75.5,25.0588,176.618
function@_ZN9FastBoard13merge_stringsEii,6,4,0,2,0,0,80,8,2,0,0
function@_ZN9FastBoard16update_board_eyeEii,11,2,0,6,2,5,2329,240,444,385,260
function@_ZN9FastBoard17update_board_fastEii,9,15,0,6,0,10,0.690616,10.8636,0.882698,0,1.12317
function@_ZN9FastBoard6is_eyeEii,0,0,0,0,0,2,0,0,0,0,1.25
function@_ZN9FastBoard17predict_solid_eyeEiii,14,4,0,8,0,0,0.121092,0.054687,0.124999,0,0
function@_ZN9FastBoard11no_eye_fillEi,0,0,0,0,0,2,0,0,0,0,1.25
function@_ZN9FastBoard12move_to_textB5cxx11Ei,0,0,0,0,0,5,0,0,0,0,3
function@_ZN9FastBoard16move_to_text_sgfB5cxx11Ei,0,0,0,0,0,5,0,0,0,0,3
function@_ZN9FastBoard9starpointEii,1,0,0,1,0,4,0.483871,0,0.483871,0,2.19355
function@_ZN9FastBoard13get_prisonersEi,0,0,0,0,0,0,0,0,0,0,0
function@_ZN9FastBoard13black_to_moveEv,0,0,0,0,0,0,0,0,0,0,0
function@_ZN9FastBoard11get_to_moveEv,0,0,0,0,0,0,0,0,0,0,0
function@_ZN9FastBoard11get_groupidEi,0,0,0,0,0,0,0,0,0,0,0
function@_ZN9FastBoard17get_string_stonesEi,6,0,0,4,0,15,71.9986,0,36.9993,0,106.123
function@_ZN9FastBoard10get_stringB5cxx11Ei,1,2,0,3,0,11,31.9951,31.9953,33.9952,0,128.981
function@_ZN9FastBoard13fast_in_atariEi,0,0,0,0,0,0,0,0,0,0,0
function@_ZN9FastBoard8in_atariEi,0,0,0,0,0,0,0,0,0,0,0
function@_ZN9FastBoard15kill_neighboursEiRN5boost5arrayIiLm24EEERi,31,0,0,14,0,11,242.961,0,118.625,0,47.625
function@_ZN9FastBoard11saving_sizeEii,5,0,0,5,0,11,5.57059,0,0.982353,0,3.12353
function@_ZN9FastBoard10self_atariEii,3,1,0,4,0,13,0.03479,0.00366211,0.751831,0,0.434038
function@_ZN9FastBoard11string_sizeEi,0,0,0,0,0,0,0,0,0,0,0
function@_ZN9FastBoard24save_critical_neighboursEiiRN5boost5arrayIiLm24EEERi,9,4,0,11,2,20,136.792,5.99999,66.4999,2.99999,89.0624
function@_ZN9FastBoard7get_dirEi,0,0,0,0,0,0,0,0,0,0,0
function@_ZN9FastBoard13get_extra_dirEi,0,0,0,0,0,0,0,0,0,0,0
function@_ZN9FastBoard15kill_or_connectEii,0,0,0,0,0,0,0,0,0,0,0
function@_ZN9FastBoard20add_string_libertiesILi3EEEviRN5boost5arrayIiXT_EEERi,0,0,0,0,0,4,0,0,0,0,213.375
function@_ZN9FastBoard16get_pattern_fastEi,0,0,0,0,0,2,0,0,0,0,2
function@_ZN9FastBoard24get_pattern_fast_augmentEi,5,4,0,8,0,3,5,4,8,0,3
function@_ZN9FastBoard12get_pattern3Eib,32,24,0,40,6,24,30.5,24,36.5,6,24
function@_ZN9FastBoard20get_pattern3_augmentEib,22,9,0,22,3,16,16.4298,9,15.7281,3,10.4825
function@_ZN9FastBoard25get_pattern3_augment_specEiib,46,26,0,58,6,37,44,26,55,6,37
function@_ZN9FastBoard12get_pattern4Eib,14,11,0,20,2,7,7,11,15,2,6.5
function@_ZN9FastBoard12get_pattern5Eibb,195,118,0,184,19,121,185.5,118,166.5,10.5,119.5
function@_ZN9FastBoard17add_pattern_movesEiiRN5boost5arrayIiLm24EEERi,0,0,0,0,0,0,0,0,0,0,0
function@_ZN9FastBoard19add_global_capturesEiRN5boost5arrayIiLm24EEERi,4,3,0,4,0,6,17.3,31.25,2.4,0,87.15
function@_ZN9FastBoard11try_captureEiiRN5boost5arrayIiLm24EEERi,0,0,0,0,0,1,0,0,0,0,0.305785
function@_ZN9FastBoard12capture_sizeEii,0,0,0,0,0,1,0,0,0,0,0.616667
function@_ZN9FastBoard14get_stone_listB5cxx11Ev,1,1,0,2,0,11,199.689,0.000953155,13.4816,0,998.448
function@_ZN9FastBoard6get_xyEi,0,0,0,0,0,1,0,0,0,0,1
function@_ZN9FastBoard18minimum_elib_countEii,0,0,0,0,0,1,0,0,0,0,0.5
function@_ZN9FastBoard15nbr_criticalityEii,0,0,0,0,0,0,0,0,0,0,0
function@_ZN9FastBoard16count_rlibertiesEi,0,0,0,0,0,0,0,0,0,0,0
function@_ZN9FastBoard19check_losing_ladderEiii,5,1,0,4,0,16,0.76444,0.0198129,0.294527,0,4.77076
function@_ZN9FastBoard20add_string_libertiesILi2EEEviRN5boost5arrayIiXT_EEERi,0,0,0,0,0,4,0,0,0,0,213.375
function@_ZN9FastBoard18merged_string_sizeEii,0,0,0,0,0,0,0,0,0,0,0
function@_ZN9FastBoard17get_neighbour_idsEi,26,5,0,18,4,55,14.9689,1.68254,6.77442,1.96924,42.7646
function@_ZN9FastBoard16predict_is_aliveEii,39,6,0,25,2,29,297.667,20.0833,190.917,2,252.083
function@_ZN9FastBoard9get_emptyEv,0,0,0,0,0,0,0,0,0,0,0
function@_ZN9FastBoard13augment_chainERSt6vectorIiSaIiEEi,56,8,0,26,2,55,2231.37,658.527,1811.07,0.935548,1596.19
function@_ZN9FastBoard20get_augmented_stringEi,2,0,0,2,0,6,19.9988,0,0.625,0,40.9976
function@_ZN9FastBoard16dilate_libertiesERSt6vectorIiSaIiEE,27,0,0,23,0,51,101.246,0,86.2467,0,224.366
function@_ZN9FastBoard18get_nearby_enemiesERSt6vectorIiSaIiEE,40,7,0,24,5,54,1618.14,330.386,1288.11,2.49991,3521.64
function@_ZN9FastBoard12predict_killEii,0,0,0,0,0,0,0,0,0,0,0
function@_ZNSt11__copy_moveILb0ELb0ESt26random_access_iterator_tagE8__copy_mIPiSt20back_insert_iteratorISt6vectorIiSaIiEEEEET0_T_SA_S9_,10,0,0,7,0,17,66.8742,0,58.4993,0,160.686
function@_ZSt16__introsort_loopIN9__gnu_cxx17__normal_iteratorIPiSt6vectorIiSaIiEEEElNS0_5__ops15_Iter_less_iterEEvT_S9_T0_T1_,13,7,0,12,1,23,55.873,300.19,85.0714,4.06349,1073.22
function@_ZSt22__final_insertion_sortIN9__gnu_cxx17__normal_iteratorIPiSt6vectorIiSaIiEEEENS0_5__ops15_Iter_less_iterEEvT_S9_T0_,4,1,0,4,0,19,20.0019,7.996,28.5,0,79.2529
function@_ZSt11__make_heapIN9__gnu_cxx17__normal_iteratorIPiSt6vectorIiSaIiEEEENS0_5__ops15_Iter_less_iterEEvT_S9_RT0_,14,13,0,11,1,36,67.5625,658.094,34.3438,7.96875,1603.53
function@_ZN9GameState9init_gameEif,0,0,0,0,0,2,0,0,0,0,1.25
function@_ZN9GameState10reset_gameEv,0,0,0,0,0,1,0,0,0,0,0.625
function@_ZN9GameState12forward_moveEv,2,0,0,2,0,0,1,0,1,0,0
function@_ZN9GameState9undo_moveEv,0,0,0,0,0,0,0,0,0,0,0
function@_ZN9GameState6rewindEv,0,0,0,0,0,0,0,0,0,0,0
function@_ZN9GameState9play_moveEi,0,0,0,0,0,0,0,0,0,0,0
function@_ZN9GameState9play_moveEii,4,0,0,1,0,8,0.988235,0,1,0,4.48235
function@_ZN9GameState9play_passEv,0,0,0,0,0,0,0,0,0,0,0
function@_ZN9GameState13play_textmoveENSt7__cxx1112basic_stringIcSt11char_traitsIcESaIcEEES5_,3,2,0,3,5,10,0.202636,0.101318,0.801758,0.900879,3.30159
function@_ZN9GameState10stop_clockEi,0,0,0,0,0,0,0,0,0,0,0
function@_ZN9GameState11start_clockEi,0,0,0,0,0,0,0,0,0,0,0
function@_ZN9GameState13display_stateEv,0,0,0,0,0,0,0,0,0,0,0
function@_ZN9GameState15get_timecontrolEv,0,0,0,0,0,0,0,0,0,0,0
function@_ZN9GameState15set_timecontrolEiii,0,0,0,0,0,0,0,0,0,0,0
function@_ZN9GameState15set_timecontrolE11TimeControl,0,0,0,0,0,0,0,0,0,0,0
function@_ZN9GameState11adjust_timeEiii,0,0,0,0,0,0,0,0,0,0,0
function@_ZN9GameState19anchor_game_historyEv,0,0,0,0,0,1,0,0,0,0,0.619048
function@_ZN9GameState18set_fixed_handicapEi,3,0,0,1,0,5,0.0761719,0,0.0625,0,1.60938
function@_ZN9GameState14valid_handicapEi,0,0,0,0,0,1,0,0,0,0,1
function@_ZN9GameState19place_free_handicapEi,0,0,0,0,0,7,0,0,0,0,42.9965
function@_ZNSt8auto_ptrI9UCTSearchED2Ev,0,0,0,0,0,0,0,0,0,0,0
function@_ZN9FastStateaSERKS_,0,0,0,0,0,1,0,0,0,0,1
function@_ZNSt6vectorIySaIyEEaSERKS1_,11,6,0,5,0,14,0.781242,1.24938,2.1875,0,5.68704
function@_ZNSt6vectorIiSaIiEEaSERKS1_,11,6,0,5,0,14,0.781242,1.24938,2.1875,0,5.68704
function@__clang_call_terminate,0,0,0,0,0,0,0,0,0,0,0
function@_ZNSt6vectorI7KoStateSaIS0_EE17_M_realloc_insertIJRKS0_EEEvN9__gnu_cxx17__normal_iteratorIPS0_S2_EEDpOT_,8,1,0,4,1,11,6.49999,0.999999,3.25,1,9.24999
function@_ZN7KoStateC2ERKS_,1,0,0,1,2,14,0.000312744,0,0.624609,1.62461,7.87279
function@_ZNSt6vectorI7KoStateSaIS0_EE17_M_default_appendEm,3,4,0,4,0,5,1.25,7.49999,2.1875,0,1.64062
function@_ZN9FastState9init_gameEif,0,0,0,0,0,0,0,0,0,0,0
function@_ZN9FastState8set_komiEf,0,0,0,0,0,0,0,0,0,0,0
function@_ZN9FastState10reset_gameEv,0,0,0,0,0,0,0,0,0,0,0
function@_ZN9FastState11reset_boardEv,0,0,0,0,0,0,0,0,0,0,0
function@_ZN9FastState16play_random_moveEv,0,0,0,0,0,0,0,0,0,0,0
function@_ZN9FastState16play_random_moveEi,19,7,0,9,7,30,4.62189,2.59064,4.15567,1.09766,20.8997
function@_ZN9FastState14generate_movesEi,16,2,0,14,0,29,22.4526,6.87485,29.3275,0,101.238
function@_ZN9FastState8try_moveEiib,0,0,0,0,0,1,0,0,0,0,1
function@_ZN9FastState15walk_empty_listEiib,0,0,0,0,0,19,0,0,0,0,69.6511
function@_ZN9FastState14play_move_fastEi,0,0,0,0,0,1,0,0,0,0,1
function@_ZN9FastState16increment_passesEv,0,0,0,0,0,0,0,0,0,0,0
function@_ZN9FastState10set_passesEi,0,0,0,0,0,0,0,0,0,0,0
function@_ZN9FastState9play_passEv,0,0,0,0,0,0,0,0,0,0,0
function@_ZN9FastState10get_passesEv,0,0,0,0,0,0,0,0,0,0,0
function@_ZN9FastState9play_moveEi,0,0,0,0,0,0,0,0,0,0,0
function@_ZN9FastState9play_moveEii,0,0,0,0,0,0,0,0,0,0,0
function@_ZN9FastState11get_movenumEv,0,0,0,0,0,0,0,0,0,0,0
function@_ZN9FastState17estimate_mc_scoreEv,0,0,0,0,0,0,0,0,0,0,0
function@_ZN9FastState18calculate_mc_scoreEv,0,0,0,0,0,0,0,0,0,0,0
function@_ZN9FastState21percentual_area_scoreEv,0,0,0,0,0,0,0,0,0,0,0
function@_ZN9FastState13get_last_moveEv,0,0,0,0,0,0,0,0,0,0,0
function@_ZN9FastState17get_prevlast_moveEv,0,0,0,0,0,0,0,0,0,0,0
function@_ZN9FastState11get_to_moveEv,0,0,0,0,0,0,0,0,0,0,0
function@_ZN9FastState11set_to_moveEi,0,0,0,0,0,0,0,0,0,0,0
function@_ZN9FastState13display_stateEv,0,0,0,0,0,0,0,0,0,0,0
function@_ZN9FastState12move_to_textB5cxx11Ei,0,0,0,0,0,1,0,0,0,0,1
function@_ZN9FastState9mark_deadEv,12,0,0,7,0,24,15426.8,0,88.2886,0,83059.9
function@_ZN9FastState15final_score_mapEv,16,4,0,9,5,33,6195.32,74.0461,1916.73,64.3855,8641.05
function@_ZN9FastState11final_scoreEv,4,1,0,3,2,14,1918.14,31.9113,959.882,31.9113,3836.29
function@_ZN9FastState8get_komiEv,0,0,0,0,0,0,0,0,0,0,0
function@_ZN9FastState12get_handicapEv,0,0,0,0,0,0,0,0,0,0,0
function@_ZN9FastState12set_handicapEi,0,0,0,0,0,0,0,0,0,0,0
function@_ZN9FastState10get_komoveEv,0,0,0,0,0,0,0,0,0,0,0
function@_ZNSt6vectorIiSaIiEE17_M_default_appendEm,1,2,0,3,0,10,0.3125,0.507812,0.9375,0,3.00781
function@_ZN9FullBoard13remove_stringEi,2,0,0,2,0,0,63.75,0,32.875,0,0
function@_ZN9FullBoard12calc_ko_hashEv,0,2,0,2,0,5,0,10.6275,0.901961,0,40.0588
function@_ZN9FullBoard9calc_hashEv,0,1,0,1,0,4,0,0.607843,0.607843,0,22.0392
function@_ZN9FullBoard8get_hashEv,0,0,0,0,0,0,0,0,0,0,0
function@_ZN9FullBoard11get_ko_hashEv,0,0,0,0,0,0,0,0,0,0,0
function@_ZN9FullBoard12update_boardEii,10,4,0,9,0,9,423.238,392,417.19,0,62.7619
function@_ZN9FullBoard13display_boardEi,0,0,0,0,0,0,0,0,0,0,0
function@_ZN9FullBoard11reset_boardEi,4,1,0,3,1,6,11.2549,0.627451,11,1,42.0784
function@_ZN9FullBoard15predict_ko_hashEii,94,8,0,52,10,65,38.8677,5.58824,44.3235,6.83824,66.4044
function@_ZN6TTable6get_TTEv,0,0,0,0,0,5,0,0,0,0,2.125
function@_ZN6TTableC2Ei,0,0,0,0,0,5,0,0,0,0,4
function@_ZN6TTable6updateEyPK7UCTNode,0,0,0,0,0,2,0,0,0,0,1
function@_ZN6TTable4syncEyP7UCTNode,0,0,0,0,0,2,0,0,0,0,1
function@_ZN7TTEntryC2Ev,0,0,0,0,0,0,0,0,0,0,0
function@_ZNSt6vectorI7TTEntrySaIS0_EE17_M_default_appendEm,1,1,0,2,0,10,0.3125,0.3125,0.9375,0,3.65625
function@_ZN7Zobrist12init_zobristER6Random,0,0,0,0,0,17,0,0,0,0,387.5
function@_ZN7SGFTreeC2Ev,0,0,0,0,0,0,0,0,0,0,0
function@_ZN7SGFTree9get_stateEv,0,0,0,0,0,0,0,0,0,0,0
function@_ZN7SGFTree9get_childEj,0,0,0,0,0,1,0,0,0,0,1
function@_ZN7SGFTree12get_mainlineEj,0,0,0,0,0,8,0,0,0,0,73.9978
function@_ZN7SGFTree8get_moveEi,9,3,0,5,0,26,22.605,25.3125,12.5,0,97.2629
function@_ZN9GameStateD2Ev,0,0,0,0,0,0,0,0,0,0,0
function@_ZN7SGFTree23get_state_from_mainlineEj,0,0,0,0,0,1,0,0,0,0,15.9677
function@_ZN7SGFTree20count_mainline_movesEv,0,0,0,0,0,1,0,0,0,0,32
function@_ZN7SGFTree16load_from_stringENSt7__cxx1112basic_stringIcSt11char_traitsIcESaIcEEE,0,0,0,0,0,1,0,0,0,0,2.74181e-06
function@_ZN7SGFTree15populate_statesEv,14,9,0,9,0,64,25.2733,64.2013,25.8748,0,561.359
function@_ZN7SGFTree14load_from_fileENSt7__cxx1112basic_stringIcSt11char_traitsIcESaIcEEEi,0,0,0,0,0,13,0,0,0,0,7.33333
function@_ZN7SGFTree16string_to_vertexENSt7__cxx1112basic_stringIcSt11char_traitsIcESaIcEEE,0,0,0,0,0,0,0,0,0,0,0
function@_ZN7SGFTree10apply_moveEii,0,0,0,0,0,0,0,0,0,0,0
function@_ZN7SGFTree9set_stateER7KoState,0,0,0,0,0,0,0,0,0,0,0
function@_ZN7SGFTree10apply_moveEi,0,0,0,0,0,1,0,0,0,0,1
function@_ZN7SGFTree12add_propertyENSt7__cxx1112basic_stringIcSt11char_traitsIcESaIcEEES5_,0,0,0,0,0,1,0,0,0,0,9.53673e-07
function@_ZNSt4pairINSt7__cxx1112basic_stringIcSt11char_traitsIcESaIcEEES5_ED2Ev,0,0,0,0,0,0,0,0,0,0,0
function@_ZN7SGFTree9add_childES_,0,0,0,0,0,3,0,0,0,0,1.9375
function@__clang_call_terminate,0,0,0,0,0,0,0,0,0,0,0
function@_ZNSt6vectorI7KoStateSaIS0_EED2Ev,0,0,0,0,0,0,0,0,0,0,0
function@_ZN7KoStateD2Ev,0,0,0,0,0,0,0,0,0,0,0
function@_ZN9FastStateaSERKS_,0,0,0,0,0,1,0,0,0,0,1
function@_ZNSt6vectorIySaIyEEaSERKS1_,11,6,0,5,0,14,0.781242,1.24938,2.1875,0,5.68704
function@_ZNSt6vectorIiSaIiEEaSERKS1_,11,6,0,5,0,14,0.781242,1.24938,2.1875,0,5.68704
function@_ZNSt4pairINSt7__cxx1112basic_stringIcSt11char_traitsIcESaIcEEES5_EC2IRS5_S8_Lb1EEEOT_OT0_,1,2,0,2,0,12,0.333333,0.333334,2,0,8
function@_ZNSt8_Rb_treeINSt7__cxx1112basic_stringIcSt11char_traitsIcESaIcEEESt4pairIKS5_S5_ESt10_Select1stIS8_ESt4lessIS5_ESaIS8_EE11equal_rangeERS7_,22,12,0,10,0,25,86.2574,46.0693,68.802,0,128.238
function@_ZNSt8_Rb_treeINSt7__cxx1112basic_stringIcSt11char_traitsIcESaIcEEESt4pairIKS5_S5_ESt10_Select1stIS8_ESt4lessIS5_ESaIS8_EE16_M_emplace_equalIJS6_IS5_S5_EEEESt17_Rb_tree_iteratorIS8_EDpOT_,15,5,0,13,0,16,56.1818,26.5758,27.4848,0,131.576
function@_ZSt19__relocate_object_aI7SGFTreeS0_SaIS0_EEvPT_PT0_RT1_,0,0,0,0,0,2,0,0,0,0,1
function@_ZNSt6vectorI7SGFTreeSaIS0_EED2Ev,0,0,0,0,0,0,0,0,0,0,0
function@_ZNSt8_Rb_treeINSt7__cxx1112basic_stringIcSt11char_traitsIcESaIcEEESt4pairIKS5_S5_ESt10_Select1stIS8_ESt4lessIS5_ESaIS8_EE8_M_eraseEPSt13_Rb_tree_nodeIS8_E,0,0,0,0,0,1,0,0,0,0,21.25
function@_ZSt8_DestroyI7SGFTreeEvPT_,0,0,0,0,0,0,0,0,0,0,0
function@_ZNSt6vectorI7SGFTreeSaIS0_EE17_M_realloc_insertIJRKS0_EEEvN9__gnu_cxx17__normal_iteratorIPS0_S2_EEDpOT_,6,3,0,4,1,9,5.24999,3,3.625,1,7.625
function@_ZN7SGFTreeC2ERKS_,0,0,0,0,0,11,0,0,0,0,44.8617
function@_ZN7KoStateC2ERKS_,1,0,0,1,2,14,0.000312744,0,0.624609,1.62461,7.87279
function@_ZSt16__do_uninit_copyIN9__gnu_cxx17__normal_iteratorIPK7SGFTreeSt6vectorIS2_SaIS2_EEEEPS2_ET0_T_SB_SA_,4,4,0,7,0,14,51.9792,44.5541,123.779,0,831.132
function@_ZNSt8_Rb_treeINSt7__cxx1112basic_stringIcSt11char_traitsIcESaIcEEESt4pairIKS5_S5_ESt10_Select1stIS8_ESt4lessIS5_ESaIS8_EE7_M_copyILb0ENSE_11_Alloc_nodeEEEPSt13_Rb_tree_nodeIS8_ESJ_PSt18_Rb_tree_node_baseRT0_,3,0,0,1,0,10,1.62499,0,0.999999,0,61.9953
function@_ZNSt4pairIKNSt7__cxx1112basic_stringIcSt11char_traitsIcESaIcEEES5_EC2ERKS7_,1,2,0,2,0,13,0.333333,0.333334,2,0,8.5
