Comando: /home/mpvreal/Code/Faculdade/tcc/llvm/build/bin/llc --march=x86-64 --regalloc=basic -o -
Heurística: div(cost,pow(degree,2))
function@set_data_,0,0,0,0,0,8,0,0,0,0,8
function@set_data_tile_,0,0,0,0,0,34,0,0,0,0,34
function@get_3dfld_,180,21,0,48,10,149,50.2616,3.59431,14.2333,4.28324,126.943
function@set_ngfldr_,0,0,0,0,0,0,0,0,0,0,0
function@close_io_,0,0,0,0,0,39,0,0,0,0,14.3929
function@_QMdiag_modPdiag,18,0,0,13,0,6,18,0,13,0,6
function@_QMdiag_modPdiag_tile,311,176,0,147,47,81,49509.2,22764.5,7908.23,3061.98,16120
function@_QMmod_mixingPallocate_mixing,94,11,0,34,4,15,93.5,11,34,4,14
function@_QMmod_mixingPinitialize_mixing,129,42,0,18,4,56,466784,23682.6,135.68,11.32,632205
function@_QMset_zeta_modPset_zeta,2,0,0,1,0,8,2,0,1,0,8
function@_QMset_zeta_modPset_zeta_tile,53,14,0,23,11,15,111.529,49.9706,14.9265,8.41177,665.471
function@def_impulse_,0,0,0,0,0,0,0,0,0,0,0
function@get_3dfldr_,0,0,0,0,0,0,0,0,0,0,0
function@_QMdef_var_modPdef_var,96,1,0,5,1,536,6.62448,0.624896,4.6249,0.624896,194.774
function@_QMnf_fread3d_bry_modPnf_fread3d_bry,60,43,0,51,18,23,5476.28,14333.5,213.413,669.459,22458.2
function@_QMnrutilParray_copy_r,0,0,0,0,0,6,0,0,0,0,3.68
function@_QMnrutilParray_copy_d,0,0,0,0,0,6,0,0,0,0,3.68
function@_QMnrutilParray_copy_i,0,0,0,0,0,5,0,0,0,0,2.68
function@_QMnrutilParth_r,8,1,0,5,0,14,18.6569,75.2843,6.45098,0,53.8039
function@_QMnrutilParth_d,8,1,0,5,0,14,18.6569,75.2843,6.45098,0,53.8039
function@_QMnrutilParth_i,8,0,0,4,1,12,22.1078,0,1.44118,0.147059,43.7843
function@_QMnrutilPnrerror,0,0,0,0,0,8,0,0,0,0,8
function@_QMnrutilPreallocate_rv,11,3,0,3,1,16,6.78125,1.78125,2.625,0.390625,7.00781
function@_QMnrutilPreallocate_iv,11,3,0,3,1,16,6.78125,1.78125,2.625,0.390625,7.00781
function@_QMnrutilPreallocate_hv,13,5,0,3,0,31,7.00708,1.78125,2.625,0,9.17624
function@_QMnrutilPreallocate_rm,32,12,0,13,2,22,42.2832,6.49805,9.25,0.488281,64.6875
function@_QMnrutilPreallocate_im,32,12,0,13,2,22,42.2832,6.49805,9.25,0.488281,64.6875
function@_QMlmd_vmix_modPlmd_vmix,24,1,0,16,0,7,24,1,16,0,7
function@_QMlmd_vmix_modPlmd_vmix_tile,650,297,0,242,78,65,256835,140369,9627.48,3786.62,130905
function@_QMlmd_vmix_modPlmd_finish,12,0,0,10,0,4,12,0,10,0,4
function@_QMlmd_vmix_modPlmd_finish_tile,48,28,0,41,7,17,1489.31,5830.42,334.508,253.677,48649.4
function@wrt_floats_,0,0,0,0,0,0,0,0,0,0,0
function@_QMnf_fwrite3d_bry_modPnf_fwrite3d_bry,93,56,0,45,22,31,19768.1,31217.3,1950.62,3034.48,75526.8
function@my_flush_,0,0,0,0,0,0,0,0,0,0,0
function@my_getpid_,0,0,0,0,0,0,0,0,0,0,0
function@my_numthreads_,0,0,0,0,0,0,0,0,0,0,0
function@my_threadnum_,0,0,0,0,0,0,0,0,0,0,0
function@my_wtime_,0,0,0,0,0,0,0,0,0,0,0
function@wrt_station_,0,0,0,0,0,0,0,0,0,0,0
function@lmd_swfrac_tile_,72,32,0,57,11,21,5974.3,3621.25,4517.85,18.75,2514.75
function@_QMstate_initialize_modPstate_initialize,56,42,0,36,5,39,8394.9,17981.3,521.625,2.45,244422
function@get_cycle_,28,4,0,10,4,49,20.3777,7.22518,9.31235,3.65617,53.8475
function@wrt_info_,370,79,0,5,0,562,9.96533,3,5,0,10.9653
function@_QMt3dmix_modPt3dmix2,21,1,0,16,0,7,21,1,16,0,7
function@_QMt3dmix_modPt3dmix2_tile,546,331,0,219,81,139,1.01778e+07,3.89805e+06,860646,561478,3.35114e+06
function@_QMini_fields_modPini_fields,36,5,0,28,0,3,36,5,28,0,3
function@_QMini_fields_modPini_fields_tile,490,166,0,152,64,64,59907.5,18411.1,4833.84,2064.7,101577
function@_QMini_fields_modPini_zeta,4,0,0,2,0,9,4,0,2,0,9
function@_QMini_fields_modPini_zeta_tile,48,15,0,18,5,21,84.5229,49,25.789,2.63303,784.046
function@set_scoord_,136,33,0,103,1,56,510.765,101.812,361.882,0.152941,273.471
function@_QMset_3dfld_modPset_3dfld_tile,173,79,0,90,39,72,1398.69,2409.46,125.375,5.18557,8081.12
function@obs_read_,0,0,0,0,0,0,0,0,0,0,0
function@wrt_error_,0,0,0,0,0,0,0,0,0,0,0
function@initial_,0,0,0,0,0,13,0,0,0,0,9.75676
function@initial_..omp_par.9,0,0,0,0,0,7,0,0,0,0,67.75
function@initial_..omp_par.8,8,4,0,5,1,7,47.8333,36.5,4.66667,21.25,1336.17
function@initial_..omp_par.7,8,3,0,4,0,8,47.8333,23.25,4,0,1762.75
function@initial_..omp_par.6,8,3,0,4,0,6,47.8333,23.25,4,0,909.583
function@initial_..omp_par.5,8,3,0,4,0,6,47.8333,23.25,4,0,909.583
function@initial_..omp_par.4,8,4,0,5,1,7,47.8333,36.5,4.66667,21.25,1336.17
function@initial_..omp_par.3,8,3,0,4,0,6,47.8333,23.25,4,0,909.583
function@initial_..omp_par.2,8,4,0,5,1,7,47.8333,36.5,4.66667,21.25,1336.17
function@initial_..omp_par.1,8,4,0,5,1,7,47.8333,36.5,4.66667,21.25,1336.17
function@initial_..omp_par,0,0,0,0,0,7,0,0,0,0,67.75
function@lubksb_,0,0,0,0,0,13,0,0,0,0,68.5
function@_QMran_statePran_init,0,0,0,0,0,3,0,0,0,0,3
function@_QMran_statePran_seed,0,0,0,0,0,3,0,0,0,0,3
function@_QMmod_gridPallocate_grid,229,23,0,49,3,94,228.5,23,49,3,93
function@_QMmod_gridPinitialize_grid,9,57,0,12,5,117,663.04,9331.88,162.96,15.28,79856.9
function@_QMpre_step3d_modPpre_step3d,80,3,0,76,0,10,80,3,76,0,10
function@_QMpre_step3d_modPpre_step3d_tile,1874,1113,0,705,253,465,1.0882e+07,4.71968e+06,1.33247e+06,1.01749e+06,3.18082e+06
function@checkdefs_,101,96,0,51,95,320,80.5,96,49.75,94.625,190.656
function@_QQmain,0,0,0,0,0,4,0,0,0,0,4
function@set_diags_,0,0,0,0,0,0,0,0,0,0,0
function@checkvars_,52,2,0,7,0,257,138.639,5.25,13.4062,0,696.752
function@main2d_,0,0,0,0,0,0,0,0,0,0,0
function@get_2dfld_,188,28,0,56,18,191,52.7813,3.40855,20.0214,7.54079,148.51
function@_QMnf_fread3d_modPnf_fread3d,42,31,0,35,6,26,128.23,87.0174,17.7122,0.331395,869.445
function@def_tides_,0,0,0,0,0,0,0,0,0,0,0
function@gasdev_s_,16,2,0,11,0,3,178.5,8.75,145,0,33
function@gasdev_v_,145,40,0,32,5,37,913.853,75.5803,130.557,4.07798,126.837
function@def_dim_,1,0,0,1,0,26,0.21875,0,1,0,14.5312
function@inp_par_,24,9,0,25,2,143,98.3607,41.041,130.328,8.30328,611.631
function@read_phypar_,209,10,0,14,3,2135,6.16624,3.88289,6.31155,0.194734,672.804
function@decode_line_,63,16,0,16,8,52,75.2866,15.4331,7.80892,3.94268,46.2229
function@load_i1_,0,0,0,0,0,3,0,0,0,0,3
function@load_l1_,0,0,0,0,0,4,0,0,0,0,4
function@load_r1_,0,0,0,0,0,2,0,0,0,0,2
function@load_i_,0,0,0,0,0,19,0,0,0,0,7.12745
function@load_l_,13,8,0,10,0,11,36.1667,43.0714,16.1429,0,73.619
function@load_r_,0,0,0,0,0,21,0,0,0,0,7.73529
function@get_varcoords_,76,16,0,24,7,47,18.7529,5.5332,11.8887,2.2168,25.1343
function@_QMexchange_2d_modPexchange_p2d_tile,1,4,0,2,0,16,1,0.941177,2,0,30.2549
function@_QMexchange_2d_modPexchange_r2d_tile,1,4,0,2,0,16,1,0.941177,2,0,30.2549
function@_QMexchange_2d_modPexchange_u2d_tile,1,4,0,2,0,16,1,0.941177,2,0,30.2549
function@_QMexchange_2d_modPexchange_v2d_tile,1,4,0,2,0,16,1,0.941177,2,0,30.2549
function@_QMshapiro_modPshapiro2d_tile,82,73,0,41,25,50,139.143,423.956,52.6044,6.42857,1471.94
function@_QMshapiro_modPshapiro3d_tile,81,82,0,44,25,52,2957.33,14505.3,400.5,50.8333,30573.6
function@congrad_,0,0,0,0,0,0,0,0,0,0,0
function@obs_depth_,0,0,0,0,0,0,0,0,0,0,0
function@set_ngfld_,49,21,0,26,12,47,41.5882,174.835,27.4706,9.74118,398.294
function@get_2dfldr_,0,0,0,0,0,0,0,0,0,0,0
function@_QMuv3dmix_modPuv3dmix2,28,2,0,24,0,8,28,2,24,0,8
function@_QMuv3dmix_modPuv3dmix2_tile,477,266,0,320,97,64,684272,410477,80592.3,23659.9,178338
function@_QMocean_control_modProms_initialize,0,0,0,0,0,11,0,0,0,0,6.43548
function@_QMocean_control_modProms_initialize..omp_par,0,0,0,0,0,7,0,0,0,0,67.75
function@_QMocean_control_modProms_run,0,0,0,0,0,7,0,0,0,0,14.125
function@_QMocean_control_modProms_finalize,0,0,0,0,0,6,0,0,0,0,4.9375
function@_QMocean_control_modProms_finalize..omp_par,0,0,0,0,0,7,0,0,0,0,67.75
function@def_hessian_,0,0,0,0,0,0,0,0,0,0,0
function@_QMstep2d_modPstep2d,74,4,0,69,0,10,74,4,69,0,10
function@_QMstep2d_modPstep2d_tile,2949,1630,0,1139,470,614,73745.3,26306.4,10657.3,4829.57,16396.6
function@_QMmod_forcesPallocate_forces,83,10,0,23,0,37,82.5,10,23,0,36
function@_QMmod_forcesPinitialize_forces,4,7,0,9,5,52,223.9,220.325,221.325,7.525,55303.5
function@def_lanczos_,0,0,0,0,0,0,0,0,0,0,0
function@_QMnf_fwrite2d_modPnf_fwrite2d,23,12,0,21,5,29,13.8056,24.8056,10.2222,0.555556,98.4028
function@_QMu3dbc_modPu3dbc,7,0,0,5,0,2,7,0,5,0,2
function@_QMu3dbc_modPu3dbc_tile,20,19,0,14,6,16,46.6173,29,13.4074,1.01235,429.383
function@def_his_,239,75,0,106,55,461,39.2022,0.492223,1.97565,1.53673e-05,129.696
function@_QMmetrics_modPmetrics,5,2,0,4,0,8,5,2,4,0,8
function@_QMmetrics_modPmetrics_tile,1388,468,0,490,378,158,51629.8,14142.8,27961.3,2950.37,13119
function@_QMt3dbc_modPt3dbc,11,0,0,9,0,2,11,0,9,0,2
function@_QMt3dbc_modPt3dbc_tile,22,23,0,17,6,17,48.6173,231.864,15.0247,1.01235,430.383
function@set_weights_,39,7,0,40,1,64,6022.26,1965.62,4033.57,0.619048,881.024
function@_QMnf_fwrite4d_modPnf_fwrite4d,67,33,0,49,16,26,8551.46,12930.1,309.056,24.0694,32845.5
function@def_station_,0,0,0,0,0,0,0,0,0,0,0
function@_QMwvelocity_modPwvelocity,28,1,0,20,0,3,28,1,20,0,3
function@_QMwvelocity_modPwvelocity_tile,572,349,0,232,119,136,283801,161932,12471.9,14268.8,103503
function@_QMbulk_flux_modPbulk_flux,29,1,0,25,0,9,29,1,25,0,9
function@_QMbulk_flux_modPbulk_flux_tile,1185,494,0,819,85,100,898322,357206,682002,1887.58,33184.5
function@_QMbulk_flux_modPbulk_psiu,33,14,0,35,0,2,17,7.5,18,0,1.5
function@_QMbulk_flux_modPbulk_psit,26,9,0,26,0,1,13.5,5,13.5,0,1
function@_QMnf_fwrite3d_modPnf_fwrite3d,38,22,0,33,14,28,234.75,571.846,24.9327,10.4712,1782.57
function@get_state_,93,0,0,8,0,298,10.691,0,7.08703,0,12.8314
function@_QMutility_modPnrng,45,12,0,26,0,2,20.1484,6.30128,17.1639,0,2.10897
function@_QMutility_modPurng,0,0,0,0,0,8,0,0,0,0,20.8889
function@obs_initial_,0,0,0,0,0,0,0,0,0,0,0
function@checkadj_,0,0,0,0,0,82,0,0,0,0,66
function@def_diags_,0,0,0,0,0,0,0,0,0,0,0
function@_QManalytical_modPana_btflux,3,0,0,2,0,4,3,0,2,0,4
function@_QManalytical_modPana_btflux_tile,0,11,0,2,0,29,0,13.2454,2,0,443.761
function@_QManalytical_modPana_cloud,0,0,0,0,0,8,0,0,0,0,8
function@_QManalytical_modPana_cloud_tile,16,2,0,9,1,14,21.775,0.825,6.225,0.2,249.625
function@_QManalytical_modPana_grid,5,0,0,2,0,8,4.75,0,2,0,8
function@_QManalytical_modPana_grid_tile,695,294,0,240,138,143,20855.1,7715.87,2346.5,1317.97,7466.4
function@_QManalytical_modPana_humid,0,0,0,0,0,8,0,0,0,0,8
function@_QManalytical_modPana_humid_tile,16,2,0,9,1,14,21.775,0.825,6.225,0.2,249.625
function@_QManalytical_modPana_initial,24,0,0,21,0,5,14,0,12.5,0,4.5
function@_QManalytical_modPana_nlminitial_tile,121,80,0,65,20,58,48135.4,48263.1,33651.4,649.1,22068.4
function@_QManalytical_modPana_pair,0,0,0,0,0,8,0,0,0,0,8
function@_QManalytical_modPana_pair_tile,16,2,0,9,1,14,21.775,0.825,6.225,0.2,249.625
function@_QManalytical_modPana_rain,0,0,0,0,0,8,0,0,0,0,8
function@_QManalytical_modPana_rain_tile,15,2,0,8,0,15,18.6,0.825,6.025,0,252.8
function@_QManalytical_modPana_srflux,0,0,0,0,0,9,0,0,0,0,9
function@_QManalytical_modPana_srflux_tile,224,85,0,165,16,19,8579.97,5907.85,6377.95,53.475,1553.35
function@_QManalytical_modPana_stflux,3,0,0,2,0,6,3,0,2,0,6
function@_QManalytical_modPana_stflux_tile,7,6,0,5,0,29,7,12.5276,5,0,443.761
function@_QManalytical_modPana_tair,0,0,0,0,0,8,0,0,0,0,8
function@_QManalytical_modPana_tair_tile,16,2,0,9,1,14,21.775,0.825,6.225,0.2,249.625
function@_QManalytical_modPana_winds,0,0,0,0,0,9,0,0,0,0,9
function@_QManalytical_modPana_winds_tile,79,26,0,50,7,22,2412.97,1119.28,759.05,2.25,1643.68
function@_QMbc_bry3d_modPbc_r3d_bry_tile,12,4,0,2,0,26,2.20588,2,2,0,46.2941
function@_QMbc_bry3d_modPbc_u3d_bry_tile,20,8,0,4,0,31,4.92157,3.7451,4,0,47.5882
function@_QMbc_bry3d_modPbc_v3d_bry_tile,20,8,0,4,0,31,4.92157,3.7451,4,0,47.5882
function@get_data_,0,0,0,0,0,5,0,0,0,0,5
function@_QMstep3d_t_modPstep3d_t,23,1,0,18,0,9,23,1,18,0,9
function@_QMstep3d_t_modPstep3d_t_tile,1078,583,0,377,138,187,1.58889e+07,5.81988e+06,1.47701e+06,1.09267e+06,4.45149e+06
function@_QMmod_netcdfPnetcdf_get_dim,0,0,0,0,0,4,0,0,0,0,4
function@_QMmod_netcdfPnetcdf_check_dim,0,0,0,0,0,4,0,0,0,0,4
function@_QMmod_netcdfPnetcdf_check_var,0,0,0,0,0,4,0,0,0,0,4
function@_QMmod_netcdfPnetcdf_inq_var,0,0,0,0,0,4,0,0,0,0,4
function@_QMmod_netcdfPnetcdf_inq_varid,0,0,0,0,0,4,0,0,0,0,4
function@_QMmod_netcdfPnetcdf_get_fatt,0,0,0,0,0,4,0,0,0,0,4
function@_QMmod_netcdfPnetcdf_get_fvar_0d,0,0,0,0,0,4,0,0,0,0,4
function@_QMmod_netcdfPnetcdf_get_fvar_1d,0,0,0,0,0,4,0,0,0,0,4
function@_QMmod_netcdfPnetcdf_get_fvar_2d,0,0,0,0,0,4,0,0,0,0,4
function@_QMmod_netcdfPnetcdf_get_fvar_3d,0,0,0,0,0,4,0,0,0,0,4
function@_QMmod_netcdfPnetcdf_get_fvar_4d,0,0,0,0,0,4,0,0,0,0,4
function@_QMmod_netcdfPnetcdf_get_ivar_0d,0,0,0,0,0,4,0,0,0,0,4
function@_QMmod_netcdfPnetcdf_get_ivar_1d,0,0,0,0,0,4,0,0,0,0,4
function@_QMmod_netcdfPnetcdf_get_ivar_2d,0,0,0,0,0,4,0,0,0,0,4
function@_QMmod_netcdfPnetcdf_get_svar_0d,0,0,0,0,0,4,0,0,0,0,4
function@_QMmod_netcdfPnetcdf_get_svar_1d,0,0,0,0,0,4,0,0,0,0,4
function@_QMmod_netcdfPnetcdf_put_fvar_0d,0,0,0,0,0,4,0,0,0,0,4
function@_QMmod_netcdfPnetcdf_put_fvar_1d,0,0,0,0,0,4,0,0,0,0,4
function@_QMmod_netcdfPnetcdf_put_fvar_2d,0,0,0,0,0,4,0,0,0,0,4
function@_QMmod_netcdfPnetcdf_put_fvar_3d,0,0,0,0,0,4,0,0,0,0,4
function@_QMmod_netcdfPnetcdf_put_fvar_4d,0,0,0,0,0,4,0,0,0,0,4
function@_QMmod_netcdfPnetcdf_put_ivar_0d,0,0,0,0,0,4,0,0,0,0,4
function@_QMmod_netcdfPnetcdf_put_ivar_1d,0,0,0,0,0,4,0,0,0,0,4
function@_QMmod_netcdfPnetcdf_put_ivar_2d,0,0,0,0,0,4,0,0,0,0,4
function@_QMmod_netcdfPnetcdf_put_lvar_0d,0,0,0,0,0,4,0,0,0,0,4
function@_QMmod_netcdfPnetcdf_put_lvar_1d,0,0,0,0,0,4,0,0,0,0,4
function@_QMmod_netcdfPnetcdf_put_lvar_2d,0,0,0,0,0,4,0,0,0,0,4
function@_QMmod_netcdfPnetcdf_put_svar_0d,0,0,0,0,0,4,0,0,0,0,4
function@_QMmod_netcdfPnetcdf_put_svar_1d,0,0,0,0,0,4,0,0,0,0,4
function@_QMmod_netcdfPnetcdf_close,0,0,0,0,0,4,0,0,0,0,4
function@_QMmod_netcdfPnetcdf_create,0,0,0,0,0,4,0,0,0,0,4
function@_QMmod_netcdfPnetcdf_enddef,0,0,0,0,0,4,0,0,0,0,4
function@_QMmod_netcdfPnetcdf_open,0,0,0,0,0,4,0,0,0,0,4
function@_QMmod_netcdfPnetcdf_openid,0,0,0,0,0,0,0,0,0,0,0
function@_QMmod_netcdfPnetcdf_redef,0,0,0,0,0,4,0,0,0,0,4
function@_QMmod_netcdfPnetcdf_sync,0,0,0,0,0,4,0,0,0,0,4
function@nf90_get_var_,0,0,0,0,0,0,0,0,0,0,0
function@nf90_put_var_,0,0,0,0,0,0,0,0,0,0,0
function@nf90_def_var_,0,0,0,0,0,0,0,0,0,0,0
function@nf90_put_att_,0,0,0,0,0,0,0,0,0,0,0
function@nf90_get_dim_,0,0,0,0,0,0,0,0,0,0,0
function@nf90_def_dim_,0,0,0,0,0,0,0,0,0,0,0
function@nf90_strerror_,0,0,0,0,0,0,0,0,0,0,0
function@_QMlmd_skpp_modPlmd_skpp,61,0,0,52,0,4,61,0,52,0,4
function@_QMlmd_skpp_modPlmd_skpp_tile,1876,962,0,839,220,294,803136,484710,193527,13527.7,172918
function@get_grid_,0,0,0,0,0,0,0,0,0,0,0
function@wrt_gst_,0,0,0,0,0,0,0,0,0,0,0
function@_QMnf_fread4d_modPnf_fread4d,71,47,0,59,14,20,3015.99,2240.46,106.049,6.46341,17310
function@grid_coords_,0,0,0,0,0,0,0,0,0,0,0
function@wclock_on_,0,3,0,1,0,10,0,1.7619,1,0,9.38095
function@wclock_off_,2,2,0,3,0,10,1.09524,1.09524,2.09524,0,9.71429
function@rep_matrix_,0,0,0,0,0,0,0,0,0,0,0
function@mod_arrays_,0,0,0,0,0,30,0,0,0,0,21.6667
function@mod_arrays_..omp_par,12,5,0,8,2,15,132.833,49.75,27.25,42.5,5580.08
function@def_error_,0,0,0,0,0,0,0,0,0,0,0
function@def_norm_,0,0,0,0,0,0,0,0,0,0,0
function@def_gst_,0,0,0,0,0,0,0,0,0,0,0
function@_QMinterpolate_modPlinterp2d,9,5,0,11,3,4,1006.42,62,51.5,2.33333,641
function@_QMinterpolate_modPcinterp2d,58,74,0,46,5,54,10423.5,15196.3,5419.33,16.25,11520
function@_QMinterpolate_modPhindices,114,53,0,81,12,27,11353,11201.7,2940.82,799.088,8223.18
function@_QMinterpolate_modPtry_range,130,91,0,38,20,35,101.342,269.925,22.5171,16.4988,143.246
function@_QMinterpolate_modPinside,4,0,0,2,0,17,28.0465,0,2,0,241.372
function@_QMbc_3d_modPbc_r3d_tile,47,24,0,26,6,33,26.9012,36.9877,15.8148,0.592593,482.099
function@_QMbc_3d_modPbc_u3d_tile,30,18,0,16,3,21,32.2346,29.5185,14.6173,0.506173,442.284
function@_QMbc_3d_modPbc_v3d_tile,33,7,0,18,3,30,17.8395,14.2099,14.3333,0.716049,256.963
function@_QMbc_3d_modPbc_w3d_tile,47,24,0,26,6,33,26.9012,36.9877,15.8148,0.592593,482.099
function@stats_modobs_,0,0,0,0,0,0,0,0,0,0,0
function@wrt_hessian_,0,0,0,0,0,0,0,0,0,0,0
function@wrt_his_,161,52,0,59,19,282,16.4262,6.65757,3.21105,0.474826,36.7272
function@_QMmod_couplingPallocate_coupling,38,4,0,11,0,19,37.5,4,11,0,18
function@_QMmod_couplingPinitialize_coupling,0,0,0,0,0,31,0,0,0,0,3713.58
function@_QMnf_fwrite2d_bry_modPnf_fwrite2d_bry,59,29,0,23,19,24,1518.95,2390.29,420,114.524,3521.95
function@_QMwhite_noise_modPwhite_noise1d,4,2,0,3,2,58,1.33225,0.666124,3,0.666124,72.1262
function@_QMwhite_noise_modPwhite_noise2d,16,11,0,10,3,44,33.4754,44.2459,9.32787,1.65574,476.664
function@_QMwhite_noise_modPwhite_noise2d_bry,2,0,0,1,0,57,0.666124,0,1,0,85.6409
function@_QMwhite_noise_modPwhite_noise3d,23,30,0,25,7,41,750.336,909.754,220.459,35.082,8193.93
function@_QMwhite_noise_modPwhite_noise3d_bry,12,23,0,13,2,57,24.3421,52.0921,11.5658,0.394737,460.974
function@get_ngfld_,176,27,0,56,12,163,81.2702,6.12767,36.1177,5.92043,94.4622
function@regrid_,55,38,0,27,25,49,53.2109,29.2891,15.4375,10.5,94.5391
function@_QMv3dbc_modPv3dbc,7,0,0,5,0,2,7,0,5,0,2
function@_QMv3dbc_modPv3dbc_tile,7,8,0,6,4,18,9.91358,7.82716,5.30864,0.814815,439.975
function@_QMstate_dotprod_modPstate_dotprod,158,76,0,86,15,43,18617.8,115510,1268.3,5125.38,278875
function@my_abort_,0,0,0,0,0,0,0,0,0,0,0
function@get_bounds_,0,0,0,0,0,7,0,0,0,0,7
function@get_domain_,13,0,0,4,0,17,6.88235,0,4,0,17
function@get_iobounds_,0,0,0,0,0,0,0,0,0,0,0
function@get_tile_,1,1,0,1,0,14,0.619048,0.619048,0.619048,0,10.9524
function@tile_bounds_1d_,0,0,0,0,0,7,0,0,0,0,5.5
function@tile_bounds_2d_,0,0,0,0,0,13,0,0,0,0,13
function@var_bounds_,0,0,0,0,0,2,0,0,0,0,2
function@_QMset_massflux_modPset_massflux,19,0,0,14,0,4,19,0,14,0,4
function@_QMset_massflux_modPset_massflux_tile,73,61,0,64,7,19,51999.2,40597.1,13240.8,8382.71,37335.5
function@_QMzetabc_modPzetabc,3,0,0,2,0,4,3,0,2,0,4
function@_QMzetabc_modPzetabc_tile,2,12,0,3,0,14,2,2.19608,3,0,25.098
function@_QMbc_2d_modPbc_r2d_tile,12,11,0,9,1,31,10.0342,2.28606,8.01711,0.0171149,26.5966
function@_QMbc_2d_modPbc_u2d_tile,8,12,0,7,0,16,8,2.19608,7,0,27.098
function@_QMbc_2d_modPbc_v2d_tile,10,6,0,7,1,25,8.07335,0.689487,6.03667,0.0366748,17.6724
function@_QMnf_fread2d_modPnf_fread2d,269,92,0,153,6,37,20.7916,18.1545,16.7079,3.08889,48.9291
function@def_mod_,0,0,0,0,0,0,0,0,0,0,0
function@def_ini_,0,0,0,0,0,0,0,0,0,0,0
function@_QMv2dbc_modPv2dbc,3,0,0,2,0,4,3,0,2,0,4
function@_QMv2dbc_modPv2dbc_tile,0,4,0,1,0,13,0,0.627451,1,0,25.7843
function@_QMrhs3d_modPrhs3d,60,0,0,47,0,8,60,0,47,0,8
function@_QMrhs3d_modPrhs3d_tile,1827,1164,0,641,275,375,732139,726561,77934.8,70431.7,339768
function@def_rst_,0,0,0,0,0,3,0,0,0,0,3
function@_QMmod_paramPinitialize_param,0,0,0,0,0,0,0,0,0,0,0
function@get_ngfldr_,0,0,0,0,0,0,0,0,0,0,0
function@_QMset_2dfld_modPset_2dfld_tile,127,54,0,44,20,69,70.8385,139.553,22.0412,3.97423,412.067
function@_QMrho_eos_modPrho_eos,36,0,0,31,0,8,36,0,31,0,8
function@_QMrho_eos_modPrho_eos_tile,915,453,0,515,68,261,1.15606e+06,497660,808761,23901.4,393897
function@_QMstiffness_modPstiffness,2,0,0,1,0,4,2,0,1,0,4
function@_QMstiffness_modPstiffness_tile,126,61,0,95,17,77,41706.1,725.404,40967.7,24.9174,43622.4
function@get_idata_,0,0,0,0,0,0,0,0,0,0,0
function@_QMprsgrd_modPprsgrd,18,1,0,14,0,6,18,1,14,0,6
function@_QMprsgrd_modPprsgrd_tile,560,419,0,285,81,212,506085,360678,34954.6,8114.42,437516
function@def_avg_,0,0,0,0,0,0,0,0,0,0,0
function@_QMu2dbc_modPu2dbc,3,0,0,2,0,4,3,0,2,0,4
function@_QMu2dbc_modPu2dbc_tile,5,12,0,3,0,13,1.62745,2.19608,3,0,25.7843
function@def_info_,412,135,0,31,0,322,44.7066,11.375,24.2888,0,54.4539
function@_QMstate_scale_modPstate_scale,62,44,0,40,5,38,15460.4,17994,523.675,2.45,240897
function@wrt_diags_,0,0,0,0,0,0,0,0,0,0,0
function@_QMmod_ncparamPinitialize_ncparam,170,5,0,8,170,598,128.171,24.7108,31.683,38.0703,3248.88
function@_QMmod_scalarsPinitialize_scalars,28,1,0,11,0,25,23.902,1,10.2549,0,20.3529
function@obs_cost_,0,0,0,0,0,0,0,0,0,0,0
function@_QMnf_fread2d_bry_modPnf_fread2d_bry,39,22,0,31,8,20,290.193,637.018,18.422,25.0367,1057.08
function@_QMstate_addition_modPstate_addition,88,68,0,71,11,40,26588.7,39105.6,4831.73,3281.07,350500
function@wrt_tides_,0,0,0,0,0,0,0,0,0,0,0
function@wrt_rst_,49,3,0,5,1,148,5.82451,0.520099,2.02069,0.00115832,10.1465
function@_QMomega_modPomega,7,0,0,2,0,6,7,0,2,0,6
function@_QMomega_modPomega_tile,153,119,0,63,20,59,21530.1,60272.9,835.75,261.5,43651.6
function@_QMomega_modPscale_omega,48,33,0,37,15,23,2159.77,14181.3,182.662,145.138,21397.7
function@wrt_impulse_,0,0,0,0,0,0,0,0,0,0,0
function@_QMextract_sta_modPextract_sta2d,23,50,0,19,0,42,27.7157,72.5784,15.8922,0,50.4118
function@_QMextract_sta_modPextract_sta3d,234,249,0,173,13,195,321.915,226.122,78.1408,8.49296,171.343
function@get_gst_,0,0,0,0,0,0,0,0,0,0,0
function@checkerror_,4,0,0,4,0,27,1.80952,0,4,0,19.0476
function@output_,3,0,0,1,0,20,0.368098,0,0.122699,0,8.59509
function@_QMexchange_3d_modPexchange_p3d_tile,20,20,0,18,9,17,46.9877,46.1605,26.7901,2.12346,524.617
function@_QMexchange_3d_modPexchange_r3d_tile,20,20,0,18,9,17,46.9877,46.1605,26.7901,2.12346,524.617
function@_QMexchange_3d_modPexchange_u3d_tile,20,20,0,18,9,17,46.9877,46.1605,26.7901,2.12346,524.617
function@_QMexchange_3d_modPexchange_v3d_tile,20,20,0,18,9,17,46.9877,46.1605,26.7901,2.12346,524.617
function@_QMexchange_3d_modPexchange_w3d_tile,20,20,0,18,9,17,46.9877,46.1605,26.7901,2.12346,524.617
function@def_floats_,0,0,0,0,0,0,0,0,0,0,0
function@get_date_,0,0,0,0,0,6,0,0,0,0,5.2381
function@day_code_,0,0,0,0,0,10,0,0,0,0,8.96
function@caldate_,48,2,0,36,0,12,11.9294,0.247059,8.94706,0,6.23529
function@ref_att_,14,9,0,13,0,18,14,9,13,0,18
function@time_string_,0,0,0,0,0,15,0,0,0,0,15
function@_QMset_vbc_modPset_vbc,25,0,0,20,0,4,25,0,20,0,4
function@_QMset_vbc_modPset_vbc_tile,78,77,0,73,17,41,2765.6,5340.97,189.45,26.125,4974.7
function@_QMset_depth_modPset_depth,2,0,0,1,0,7,2,0,1,0,7
function@_QMset_depth_modPset_depth_tile,265,150,0,113,69,68,16738.8,33287.2,809.711,696.895,33730.4
function@_QMstate_product_modPstate_product,181,116,0,106,27,84,46005,294891,1270.73,12.225,488206
function@wrt_avg_,0,0,0,0,0,0,0,0,0,0,0
function@_QMstrings_modPfind_string,6,3,0,5,3,7,32.7692,20.6154,5,1.92308,61.9231
function@_QMstrings_modPlowercase,0,0,0,0,0,13,0,0,0,0,50
function@_QMstrings_modPuppercase,0,0,0,0,0,13,0,0,0,0,50
function@_QMstep3d_uv_modPstep3d_uv,75,2,0,70,0,10,75,2,70,0,10
function@_QMstep3d_uv_modPstep3d_uv_tile,2042,1027,0,427,293,438,1.12807e+06,408912,96642.3,52953.3,282498
function@ludcmp_,32,13,0,15,3,32,691.765,179.015,261.794,1.86765,669.765
function@obs_write_,0,0,0,0,0,0,0,0,0,0,0
function@_QMstate_copy_modPstate_copy,86,69,0,70,10,40,26291.8,42382.4,4644.22,4.275,350703
function@ran1_s_,0,0,0,0,0,3,0,0,0,0,3
function@ran1_v_,0,0,0,0,0,3,0,0,0,0,3
function@_QMmod_parallelPinitialize_parallel,0,0,0,0,0,10,0,0,0,0,10
function@main3d_,0,0,0,0,0,8,0,0,0,0,7.125
function@main3d_..omp_par.13,8,3,0,4,0,6,47.8333,23.25,4,0,909.583
function@main3d_..omp_par.12,8,3,0,4,0,8,47.8333,23.25,4,0,584.833
function@main3d_..omp_par.11,8,3,0,4,0,8,47.8333,23.25,4,0,584.833
function@main3d_..omp_par.10,8,3,0,4,0,6,47.8333,23.25,4,0,909.583
function@main3d_..omp_par.9,8,3,0,4,0,8,47.8333,23.25,4,0,584.833
function@main3d_..omp_par.8,8,3,0,4,0,8,47.8333,23.25,4,0,584.833
function@main3d_..omp_par.7,8,3,0,4,0,8,47.8333,23.25,4,0,584.833
function@main3d_..omp_par.6,8,3,0,4,0,6,47.8333,23.25,4,0,909.583
function@main3d_..omp_par.5,8,3,0,4,0,12,47.8333,23.25,4,0,1608.5
function@main3d_..omp_par.4,8,3,0,4,0,8,47.8333,23.25,4,0,1762.75
function@main3d_..omp_par.3,8,3,0,4,0,10,47.8333,23.25,4,0,2615.92
function@main3d_..omp_par.2,12,3,0,6,0,8,132.833,23.25,25.9167,0,819.5
function@main3d_..omp_par.1,8,4,0,5,1,7,47.8333,36.5,4.66667,21.25,1336.17
function@main3d_..omp_par,8,3,0,4,0,6,47.8333,23.25,4,0,909.583
function@_QMbc_bry2d_modPbc_r2d_bry_tile,0,0,0,0,0,12,0,0,0,0,8.9375
function@_QMbc_bry2d_modPbc_u2d_bry_tile,0,0,0,0,0,14,0,0,0,0,9.40625
function@_QMbc_bry2d_modPbc_v2d_bry_tile,0,0,0,0,0,14,0,0,0,0,9.40625
function@wrt_ini_,0,0,0,0,0,0,0,0,0,0,0
function@_QMmod_oceanPallocate_ocean,120,18,0,45,2,18,119.5,18,45,2,17
function@_QMmod_oceanPinitialize_ocean,11,48,0,15,5,95,5782.96,9572.88,378.24,15.28,1.14236e+06
